<?xml version="1.0" encoding="UTF-8"?>
<testsuite xmlns:xsi="http://www.w3.org/2001/XMLSchema-instance" xsi:noNamespaceSchemaLocation="https://maven.apache.org/surefire/maven-surefire-plugin/xsd/surefire-test-report.xsd" name="com.affani.datatranx.DatatranxApplicationTests" time="0.371" tests="1" errors="1" skipped="0" failures="0">
  <properties>
    <property name="java.specification.version" value="17"/>
    <property name="sun.cpu.isalist" value="amd64"/>
    <property name="sun.jnu.encoding" value="Cp1252"/>
    <property name="java.class.path" value="E:\spring-transaction-management-master\target\test-classes;E:\spring-transaction-management-master\target\classes;C:\Users\ustjavafsdb403\.m2\repository\org\springframework\boot\spring-boot-starter-data-jpa\2.0.4.RELEASE\spring-boot-starter-data-jpa-2.0.4.RELEASE.jar;C:\Users\ustjavafsdb403\.m2\repository\org\springframework\boot\spring-boot-starter\2.0.4.RELEASE\spring-boot-starter-2.0.4.RELEASE.jar;C:\Users\ustjavafsdb403\.m2\repository\org\springframework\boot\spring-boot\2.0.4.RELEASE\spring-boot-2.0.4.RELEASE.jar;C:\Users\ustjavafsdb403\.m2\repository\org\springframework\boot\spring-boot-autoconfigure\2.0.4.RELEASE\spring-boot-autoconfigure-2.0.4.RELEASE.jar;C:\Users\ustjavafsdb403\.m2\repository\org\springframework\boot\spring-boot-starter-logging\2.0.4.RELEASE\spring-boot-starter-logging-2.0.4.RELEASE.jar;C:\Users\ustjavafsdb403\.m2\repository\ch\qos\logback\logback-classic\1.2.3\logback-classic-1.2.3.jar;C:\Users\ustjavafsdb403\.m2\repository\ch\qos\logback\logback-core\1.2.3\logback-core-1.2.3.jar;C:\Users\ustjavafsdb403\.m2\repository\org\apache\logging\log4j\log4j-to-slf4j\2.10.0\log4j-to-slf4j-2.10.0.jar;C:\Users\ustjavafsdb403\.m2\repository\org\apache\logging\log4j\log4j-api\2.10.0\log4j-api-2.10.0.jar;C:\Users\ustjavafsdb403\.m2\repository\org\slf4j\jul-to-slf4j\1.7.25\jul-to-slf4j-1.7.25.jar;C:\Users\ustjavafsdb403\.m2\repository\javax\annotation\javax.annotation-api\1.3.2\javax.annotation-api-1.3.2.jar;C:\Users\ustjavafsdb403\.m2\repository\org\yaml\snakeyaml\1.19\snakeyaml-1.19.jar;C:\Users\ustjavafsdb403\.m2\repository\org\springframework\boot\spring-boot-starter-aop\2.0.4.RELEASE\spring-boot-starter-aop-2.0.4.RELEASE.jar;C:\Users\ustjavafsdb403\.m2\repository\org\springframework\spring-aop\5.0.8.RELEASE\spring-aop-5.0.8.RELEASE.jar;C:\Users\ustjavafsdb403\.m2\repository\org\aspectj\aspectjweaver\1.8.13\aspectjweaver-1.8.13.jar;C:\Users\ustjavafsdb403\.m2\repository\org\springframework\boot\spring-boot-starter-jdbc\2.0.4.RELEASE\spring-boot-starter-jdbc-2.0.4.RELEASE.jar;C:\Users\ustjavafsdb403\.m2\repository\com\zaxxer\HikariCP\2.7.9\HikariCP-2.7.9.jar;C:\Users\ustjavafsdb403\.m2\repository\org\springframework\spring-jdbc\5.0.8.RELEASE\spring-jdbc-5.0.8.RELEASE.jar;C:\Users\ustjavafsdb403\.m2\repository\org\hibernate\hibernate-core\5.2.17.Final\hibernate-core-5.2.17.Final.jar;C:\Users\ustjavafsdb403\.m2\repository\org\jboss\logging\jboss-logging\3.3.2.Final\jboss-logging-3.3.2.Final.jar;C:\Users\ustjavafsdb403\.m2\repository\org\hibernate\javax\persistence\hibernate-jpa-2.1-api\1.0.2.Final\hibernate-jpa-2.1-api-1.0.2.Final.jar;C:\Users\ustjavafsdb403\.m2\repository\org\javassist\javassist\3.22.0-GA\javassist-3.22.0-GA.jar;C:\Users\ustjavafsdb403\.m2\repository\antlr\antlr\2.7.7\antlr-2.7.7.jar;C:\Users\ustjavafsdb403\.m2\repository\org\jboss\jandex\2.0.3.Final\jandex-2.0.3.Final.jar;C:\Users\ustjavafsdb403\.m2\repository\com\fasterxml\classmate\1.3.4\classmate-1.3.4.jar;C:\Users\ustjavafsdb403\.m2\repository\dom4j\dom4j\1.6.1\dom4j-1.6.1.jar;C:\Users\ustjavafsdb403\.m2\repository\org\hibernate\common\hibernate-commons-annotations\5.0.1.Final\hibernate-commons-annotations-5.0.1.Final.jar;C:\Users\ustjavafsdb403\.m2\repository\javax\transaction\javax.transaction-api\1.2\javax.transaction-api-1.2.jar;C:\Users\ustjavafsdb403\.m2\repository\org\springframework\data\spring-data-jpa\2.0.9.RELEASE\spring-data-jpa-2.0.9.RELEASE.jar;C:\Users\ustjavafsdb403\.m2\repository\org\springframework\data\spring-data-commons\2.0.9.RELEASE\spring-data-commons-2.0.9.RELEASE.jar;C:\Users\ustjavafsdb403\.m2\repository\org\springframework\spring-orm\5.0.8.RELEASE\spring-orm-5.0.8.RELEASE.jar;C:\Users\ustjavafsdb403\.m2\repository\org\springframework\spring-context\5.0.8.RELEASE\spring-context-5.0.8.RELEASE.jar;C:\Users\ustjavafsdb403\.m2\repository\org\springframework\spring-tx\5.0.8.RELEASE\spring-tx-5.0.8.RELEASE.jar;C:\Users\ustjavafsdb403\.m2\repository\org\springframework\spring-beans\5.0.8.RELEASE\spring-beans-5.0.8.RELEASE.jar;C:\Users\ustjavafsdb403\.m2\repository\org\slf4j\slf4j-api\1.7.25\slf4j-api-1.7.25.jar;C:\Users\ustjavafsdb403\.m2\repository\org\springframework\spring-aspects\5.0.8.RELEASE\spring-aspects-5.0.8.RELEASE.jar;C:\Users\ustjavafsdb403\.m2\repository\org\springframework\boot\spring-boot-starter-web\2.0.4.RELEASE\spring-boot-starter-web-2.0.4.RELEASE.jar;C:\Users\ustjavafsdb403\.m2\repository\org\springframework\boot\spring-boot-starter-json\2.0.4.RELEASE\spring-boot-starter-json-2.0.4.RELEASE.jar;C:\Users\ustjavafsdb403\.m2\repository\org\springframework\boot\spring-boot-starter-tomcat\2.0.4.RELEASE\spring-boot-starter-tomcat-2.0.4.RELEASE.jar;C:\Users\ustjavafsdb403\.m2\repository\org\apache\tomcat\embed\tomcat-embed-core\8.5.32\tomcat-embed-core-8.5.32.jar;C:\Users\ustjavafsdb403\.m2\repository\org\apache\tomcat\embed\tomcat-embed-el\8.5.32\tomcat-embed-el-8.5.32.jar;C:\Users\ustjavafsdb403\.m2\repository\org\apache\tomcat\embed\tomcat-embed-websocket\8.5.32\tomcat-embed-websocket-8.5.32.jar;C:\Users\ustjavafsdb403\.m2\repository\org\hibernate\validator\hibernate-validator\6.0.11.Final\hibernate-validator-6.0.11.Final.jar;C:\Users\ustjavafsdb403\.m2\repository\javax\validation\validation-api\2.0.1.Final\validation-api-2.0.1.Final.jar;C:\Users\ustjavafsdb403\.m2\repository\org\openjfx\javafx.base\11.0.0-SNAPSHOT\javafx.base-11.0.0-SNAPSHOT.jar;C:\Users\ustjavafsdb403\.m2\repository\org\openjfx\javafx.base\11.0.0-SNAPSHOT\javafx.base-11.0.0-SNAPSHOT-linux.jar;C:\Users\ustjavafsdb403\.m2\repository\org\openjfx\javafx.base\11.0.0-SNAPSHOT\javafx.base-11.0.0-SNAPSHOT-mac.jar;C:\Users\ustjavafsdb403\.m2\repository\org\openjfx\javafx.base\11.0.0-SNAPSHOT\javafx.base-11.0.0-SNAPSHOT-win.jar;C:\Users\ustjavafsdb403\.m2\repository\org\springframework\spring-web\5.0.8.RELEASE\spring-web-5.0.8.RELEASE.jar;C:\Users\ustjavafsdb403\.m2\repository\org\springframework\spring-webmvc\5.0.8.RELEASE\spring-webmvc-5.0.8.RELEASE.jar;C:\Users\ustjavafsdb403\.m2\repository\org\springframework\spring-expression\5.0.8.RELEASE\spring-expression-5.0.8.RELEASE.jar;C:\Users\ustjavafsdb403\.m2\repository\com\h2database\h2\1.4.197\h2-1.4.197.jar;C:\Users\ustjavafsdb403\.m2\repository\javax\xml\bind\jaxb-api\2.3.0\jaxb-api-2.3.0.jar;C:\Users\ustjavafsdb403\.m2\repository\org\springframework\boot\spring-boot-starter-test\2.0.4.RELEASE\spring-boot-starter-test-2.0.4.RELEASE.jar;C:\Users\ustjavafsdb403\.m2\repository\org\springframework\boot\spring-boot-test\2.0.4.RELEASE\spring-boot-test-2.0.4.RELEASE.jar;C:\Users\ustjavafsdb403\.m2\repository\org\springframework\boot\spring-boot-test-autoconfigure\2.0.4.RELEASE\spring-boot-test-autoconfigure-2.0.4.RELEASE.jar;C:\Users\ustjavafsdb403\.m2\repository\com\jayway\jsonpath\json-path\2.4.0\json-path-2.4.0.jar;C:\Users\ustjavafsdb403\.m2\repository\net\minidev\json-smart\2.3\json-smart-2.3.jar;C:\Users\ustjavafsdb403\.m2\repository\net\minidev\accessors-smart\1.2\accessors-smart-1.2.jar;C:\Users\ustjavafsdb403\.m2\repository\org\ow2\asm\asm\5.0.4\asm-5.0.4.jar;C:\Users\ustjavafsdb403\.m2\repository\junit\junit\4.12\junit-4.12.jar;C:\Users\ustjavafsdb403\.m2\repository\org\assertj\assertj-core\3.9.1\assertj-core-3.9.1.jar;C:\Users\ustjavafsdb403\.m2\repository\org\mockito\mockito-core\2.15.0\mockito-core-2.15.0.jar;C:\Users\ustjavafsdb403\.m2\repository\net\bytebuddy\byte-buddy\1.7.11\byte-buddy-1.7.11.jar;C:\Users\ustjavafsdb403\.m2\repository\net\bytebuddy\byte-buddy-agent\1.7.11\byte-buddy-agent-1.7.11.jar;C:\Users\ustjavafsdb403\.m2\repository\org\objenesis\objenesis\2.6\objenesis-2.6.jar;C:\Users\ustjavafsdb403\.m2\repository\org\hamcrest\hamcrest-core\1.3\hamcrest-core-1.3.jar;C:\Users\ustjavafsdb403\.m2\repository\org\hamcrest\hamcrest-library\1.3\hamcrest-library-1.3.jar;C:\Users\ustjavafsdb403\.m2\repository\org\skyscreamer\jsonassert\1.5.0\jsonassert-1.5.0.jar;C:\Users\ustjavafsdb403\.m2\repository\com\vaadin\external\google\android-json\0.0.20131108.vaadin1\android-json-0.0.20131108.vaadin1.jar;C:\Users\ustjavafsdb403\.m2\repository\org\springframework\spring-core\5.0.8.RELEASE\spring-core-5.0.8.RELEASE.jar;C:\Users\ustjavafsdb403\.m2\repository\org\springframework\spring-jcl\5.0.8.RELEASE\spring-jcl-5.0.8.RELEASE.jar;C:\Users\ustjavafsdb403\.m2\repository\org\springframework\spring-test\5.0.8.RELEASE\spring-test-5.0.8.RELEASE.jar;C:\Users\ustjavafsdb403\.m2\repository\org\xmlunit\xmlunit-core\2.5.1\xmlunit-core-2.5.1.jar;C:\Users\ustjavafsdb403\.m2\repository\com\fasterxml\jackson\module\jackson-module-parameter-names\2.9.6\jackson-module-parameter-names-2.9.6.jar;C:\Users\ustjavafsdb403\.m2\repository\com\fasterxml\jackson\core\jackson-core\2.9.6\jackson-core-2.9.6.jar;C:\Users\ustjavafsdb403\.m2\repository\com\fasterxml\jackson\core\jackson-databind\2.9.6\jackson-databind-2.9.6.jar;C:\Users\ustjavafsdb403\.m2\repository\com\fasterxml\jackson\datatype\jackson-datatype-jdk8\2.9.6\jackson-datatype-jdk8-2.9.6.jar;C:\Users\ustjavafsdb403\.m2\repository\com\fasterxml\jackson\datatype\jackson-datatype-jsr310\2.9.6\jackson-datatype-jsr310-2.9.6.jar;C:\Users\ustjavafsdb403\.m2\repository\com\fasterxml\jackson\core\jackson-annotations\2.9.0\jackson-annotations-2.9.0.jar;"/>
    <property name="java.vm.vendor" value="Eclipse Adoptium"/>
    <property name="sun.arch.data.model" value="64"/>
    <property name="user.variant" value=""/>
    <property name="java.vendor.url" value="https://adoptium.net/"/>
    <property name="os.name" value="Windows 10"/>
    <property name="java.vm.specification.version" value="17"/>
    <property name="sun.java.launcher" value="SUN_STANDARD"/>
    <property name="user.country" value="IN"/>
    <property name="sun.boot.library.path" value="C:\Users\ustjavafsdb403\.p2\pool\plugins\org.eclipse.justj.openjdk.hotspot.jre.full.win32.x86_64_17.0.5.v20221102-0933\jre\bin"/>
    <property name="sun.java.command" value="C:\Users\USTJAV~1\AppData\Local\Temp\surefire2126999072731693157\surefirebooter11800425145749619277.jar C:\Users\ustjavafsdb403\AppData\Local\Temp\surefire2126999072731693157 2023-01-04T17-44-36_170-jvmRun1 surefire11905101423022534022tmp surefire_07651124966663579816tmp"/>
    <property name="jdk.debug" value="release"/>
    <property name="surefire.test.class.path" value="E:\spring-transaction-management-master\target\test-classes;E:\spring-transaction-management-master\target\classes;C:\Users\ustjavafsdb403\.m2\repository\org\springframework\boot\spring-boot-starter-data-jpa\2.0.4.RELEASE\spring-boot-starter-data-jpa-2.0.4.RELEASE.jar;C:\Users\ustjavafsdb403\.m2\repository\org\springframework\boot\spring-boot-starter\2.0.4.RELEASE\spring-boot-starter-2.0.4.RELEASE.jar;C:\Users\ustjavafsdb403\.m2\repository\org\springframework\boot\spring-boot\2.0.4.RELEASE\spring-boot-2.0.4.RELEASE.jar;C:\Users\ustjavafsdb403\.m2\repository\org\springframework\boot\spring-boot-autoconfigure\2.0.4.RELEASE\spring-boot-autoconfigure-2.0.4.RELEASE.jar;C:\Users\ustjavafsdb403\.m2\repository\org\springframework\boot\spring-boot-starter-logging\2.0.4.RELEASE\spring-boot-starter-logging-2.0.4.RELEASE.jar;C:\Users\ustjavafsdb403\.m2\repository\ch\qos\logback\logback-classic\1.2.3\logback-classic-1.2.3.jar;C:\Users\ustjavafsdb403\.m2\repository\ch\qos\logback\logback-core\1.2.3\logback-core-1.2.3.jar;C:\Users\ustjavafsdb403\.m2\repository\org\apache\logging\log4j\log4j-to-slf4j\2.10.0\log4j-to-slf4j-2.10.0.jar;C:\Users\ustjavafsdb403\.m2\repository\org\apache\logging\log4j\log4j-api\2.10.0\log4j-api-2.10.0.jar;C:\Users\ustjavafsdb403\.m2\repository\org\slf4j\jul-to-slf4j\1.7.25\jul-to-slf4j-1.7.25.jar;C:\Users\ustjavafsdb403\.m2\repository\javax\annotation\javax.annotation-api\1.3.2\javax.annotation-api-1.3.2.jar;C:\Users\ustjavafsdb403\.m2\repository\org\yaml\snakeyaml\1.19\snakeyaml-1.19.jar;C:\Users\ustjavafsdb403\.m2\repository\org\springframework\boot\spring-boot-starter-aop\2.0.4.RELEASE\spring-boot-starter-aop-2.0.4.RELEASE.jar;C:\Users\ustjavafsdb403\.m2\repository\org\springframework\spring-aop\5.0.8.RELEASE\spring-aop-5.0.8.RELEASE.jar;C:\Users\ustjavafsdb403\.m2\repository\org\aspectj\aspectjweaver\1.8.13\aspectjweaver-1.8.13.jar;C:\Users\ustjavafsdb403\.m2\repository\org\springframework\boot\spring-boot-starter-jdbc\2.0.4.RELEASE\spring-boot-starter-jdbc-2.0.4.RELEASE.jar;C:\Users\ustjavafsdb403\.m2\repository\com\zaxxer\HikariCP\2.7.9\HikariCP-2.7.9.jar;C:\Users\ustjavafsdb403\.m2\repository\org\springframework\spring-jdbc\5.0.8.RELEASE\spring-jdbc-5.0.8.RELEASE.jar;C:\Users\ustjavafsdb403\.m2\repository\org\hibernate\hibernate-core\5.2.17.Final\hibernate-core-5.2.17.Final.jar;C:\Users\ustjavafsdb403\.m2\repository\org\jboss\logging\jboss-logging\3.3.2.Final\jboss-logging-3.3.2.Final.jar;C:\Users\ustjavafsdb403\.m2\repository\org\hibernate\javax\persistence\hibernate-jpa-2.1-api\1.0.2.Final\hibernate-jpa-2.1-api-1.0.2.Final.jar;C:\Users\ustjavafsdb403\.m2\repository\org\javassist\javassist\3.22.0-GA\javassist-3.22.0-GA.jar;C:\Users\ustjavafsdb403\.m2\repository\antlr\antlr\2.7.7\antlr-2.7.7.jar;C:\Users\ustjavafsdb403\.m2\repository\org\jboss\jandex\2.0.3.Final\jandex-2.0.3.Final.jar;C:\Users\ustjavafsdb403\.m2\repository\com\fasterxml\classmate\1.3.4\classmate-1.3.4.jar;C:\Users\ustjavafsdb403\.m2\repository\dom4j\dom4j\1.6.1\dom4j-1.6.1.jar;C:\Users\ustjavafsdb403\.m2\repository\org\hibernate\common\hibernate-commons-annotations\5.0.1.Final\hibernate-commons-annotations-5.0.1.Final.jar;C:\Users\ustjavafsdb403\.m2\repository\javax\transaction\javax.transaction-api\1.2\javax.transaction-api-1.2.jar;C:\Users\ustjavafsdb403\.m2\repository\org\springframework\data\spring-data-jpa\2.0.9.RELEASE\spring-data-jpa-2.0.9.RELEASE.jar;C:\Users\ustjavafsdb403\.m2\repository\org\springframework\data\spring-data-commons\2.0.9.RELEASE\spring-data-commons-2.0.9.RELEASE.jar;C:\Users\ustjavafsdb403\.m2\repository\org\springframework\spring-orm\5.0.8.RELEASE\spring-orm-5.0.8.RELEASE.jar;C:\Users\ustjavafsdb403\.m2\repository\org\springframework\spring-context\5.0.8.RELEASE\spring-context-5.0.8.RELEASE.jar;C:\Users\ustjavafsdb403\.m2\repository\org\springframework\spring-tx\5.0.8.RELEASE\spring-tx-5.0.8.RELEASE.jar;C:\Users\ustjavafsdb403\.m2\repository\org\springframework\spring-beans\5.0.8.RELEASE\spring-beans-5.0.8.RELEASE.jar;C:\Users\ustjavafsdb403\.m2\repository\org\slf4j\slf4j-api\1.7.25\slf4j-api-1.7.25.jar;C:\Users\ustjavafsdb403\.m2\repository\org\springframework\spring-aspects\5.0.8.RELEASE\spring-aspects-5.0.8.RELEASE.jar;C:\Users\ustjavafsdb403\.m2\repository\org\springframework\boot\spring-boot-starter-web\2.0.4.RELEASE\spring-boot-starter-web-2.0.4.RELEASE.jar;C:\Users\ustjavafsdb403\.m2\repository\org\springframework\boot\spring-boot-starter-json\2.0.4.RELEASE\spring-boot-starter-json-2.0.4.RELEASE.jar;C:\Users\ustjavafsdb403\.m2\repository\org\springframework\boot\spring-boot-starter-tomcat\2.0.4.RELEASE\spring-boot-starter-tomcat-2.0.4.RELEASE.jar;C:\Users\ustjavafsdb403\.m2\repository\org\apache\tomcat\embed\tomcat-embed-core\8.5.32\tomcat-embed-core-8.5.32.jar;C:\Users\ustjavafsdb403\.m2\repository\org\apache\tomcat\embed\tomcat-embed-el\8.5.32\tomcat-embed-el-8.5.32.jar;C:\Users\ustjavafsdb403\.m2\repository\org\apache\tomcat\embed\tomcat-embed-websocket\8.5.32\tomcat-embed-websocket-8.5.32.jar;C:\Users\ustjavafsdb403\.m2\repository\org\hibernate\validator\hibernate-validator\6.0.11.Final\hibernate-validator-6.0.11.Final.jar;C:\Users\ustjavafsdb403\.m2\repository\javax\validation\validation-api\2.0.1.Final\validation-api-2.0.1.Final.jar;C:\Users\ustjavafsdb403\.m2\repository\org\openjfx\javafx.base\11.0.0-SNAPSHOT\javafx.base-11.0.0-SNAPSHOT.jar;C:\Users\ustjavafsdb403\.m2\repository\org\openjfx\javafx.base\11.0.0-SNAPSHOT\javafx.base-11.0.0-SNAPSHOT-linux.jar;C:\Users\ustjavafsdb403\.m2\repository\org\openjfx\javafx.base\11.0.0-SNAPSHOT\javafx.base-11.0.0-SNAPSHOT-mac.jar;C:\Users\ustjavafsdb403\.m2\repository\org\openjfx\javafx.base\11.0.0-SNAPSHOT\javafx.base-11.0.0-SNAPSHOT-win.jar;C:\Users\ustjavafsdb403\.m2\repository\org\springframework\spring-web\5.0.8.RELEASE\spring-web-5.0.8.RELEASE.jar;C:\Users\ustjavafsdb403\.m2\repository\org\springframework\spring-webmvc\5.0.8.RELEASE\spring-webmvc-5.0.8.RELEASE.jar;C:\Users\ustjavafsdb403\.m2\repository\org\springframework\spring-expression\5.0.8.RELEASE\spring-expression-5.0.8.RELEASE.jar;C:\Users\ustjavafsdb403\.m2\repository\com\h2database\h2\1.4.197\h2-1.4.197.jar;C:\Users\ustjavafsdb403\.m2\repository\javax\xml\bind\jaxb-api\2.3.0\jaxb-api-2.3.0.jar;C:\Users\ustjavafsdb403\.m2\repository\org\springframework\boot\spring-boot-starter-test\2.0.4.RELEASE\spring-boot-starter-test-2.0.4.RELEASE.jar;C:\Users\ustjavafsdb403\.m2\repository\org\springframework\boot\spring-boot-test\2.0.4.RELEASE\spring-boot-test-2.0.4.RELEASE.jar;C:\Users\ustjavafsdb403\.m2\repository\org\springframework\boot\spring-boot-test-autoconfigure\2.0.4.RELEASE\spring-boot-test-autoconfigure-2.0.4.RELEASE.jar;C:\Users\ustjavafsdb403\.m2\repository\com\jayway\jsonpath\json-path\2.4.0\json-path-2.4.0.jar;C:\Users\ustjavafsdb403\.m2\repository\net\minidev\json-smart\2.3\json-smart-2.3.jar;C:\Users\ustjavafsdb403\.m2\repository\net\minidev\accessors-smart\1.2\accessors-smart-1.2.jar;C:\Users\ustjavafsdb403\.m2\repository\org\ow2\asm\asm\5.0.4\asm-5.0.4.jar;C:\Users\ustjavafsdb403\.m2\repository\junit\junit\4.12\junit-4.12.jar;C:\Users\ustjavafsdb403\.m2\repository\org\assertj\assertj-core\3.9.1\assertj-core-3.9.1.jar;C:\Users\ustjavafsdb403\.m2\repository\org\mockito\mockito-core\2.15.0\mockito-core-2.15.0.jar;C:\Users\ustjavafsdb403\.m2\repository\net\bytebuddy\byte-buddy\1.7.11\byte-buddy-1.7.11.jar;C:\Users\ustjavafsdb403\.m2\repository\net\bytebuddy\byte-buddy-agent\1.7.11\byte-buddy-agent-1.7.11.jar;C:\Users\ustjavafsdb403\.m2\repository\org\objenesis\objenesis\2.6\objenesis-2.6.jar;C:\Users\ustjavafsdb403\.m2\repository\org\hamcrest\hamcrest-core\1.3\hamcrest-core-1.3.jar;C:\Users\ustjavafsdb403\.m2\repository\org\hamcrest\hamcrest-library\1.3\hamcrest-library-1.3.jar;C:\Users\ustjavafsdb403\.m2\repository\org\skyscreamer\jsonassert\1.5.0\jsonassert-1.5.0.jar;C:\Users\ustjavafsdb403\.m2\repository\com\vaadin\external\google\android-json\0.0.20131108.vaadin1\android-json-0.0.20131108.vaadin1.jar;C:\Users\ustjavafsdb403\.m2\repository\org\springframework\spring-core\5.0.8.RELEASE\spring-core-5.0.8.RELEASE.jar;C:\Users\ustjavafsdb403\.m2\repository\org\springframework\spring-jcl\5.0.8.RELEASE\spring-jcl-5.0.8.RELEASE.jar;C:\Users\ustjavafsdb403\.m2\repository\org\springframework\spring-test\5.0.8.RELEASE\spring-test-5.0.8.RELEASE.jar;C:\Users\ustjavafsdb403\.m2\repository\org\xmlunit\xmlunit-core\2.5.1\xmlunit-core-2.5.1.jar;C:\Users\ustjavafsdb403\.m2\repository\com\fasterxml\jackson\module\jackson-module-parameter-names\2.9.6\jackson-module-parameter-names-2.9.6.jar;C:\Users\ustjavafsdb403\.m2\repository\com\fasterxml\jackson\core\jackson-core\2.9.6\jackson-core-2.9.6.jar;C:\Users\ustjavafsdb403\.m2\repository\com\fasterxml\jackson\core\jackson-databind\2.9.6\jackson-databind-2.9.6.jar;C:\Users\ustjavafsdb403\.m2\repository\com\fasterxml\jackson\datatype\jackson-datatype-jdk8\2.9.6\jackson-datatype-jdk8-2.9.6.jar;C:\Users\ustjavafsdb403\.m2\repository\com\fasterxml\jackson\datatype\jackson-datatype-jsr310\2.9.6\jackson-datatype-jsr310-2.9.6.jar;C:\Users\ustjavafsdb403\.m2\repository\com\fasterxml\jackson\core\jackson-annotations\2.9.0\jackson-annotations-2.9.0.jar;"/>
    <property name="sun.cpu.endian" value="little"/>
    <property name="user.home" value="C:\Users\ustjavafsdb403"/>
    <property name="user.language" value="en"/>
    <property name="java.specification.vendor" value="Oracle Corporation"/>
    <property name="java.version.date" value="2022-10-18"/>
    <property name="java.home" value="C:\Users\ustjavafsdb403\.p2\pool\plugins\org.eclipse.justj.openjdk.hotspot.jre.full.win32.x86_64_17.0.5.v20221102-0933\jre"/>
    <property name="file.separator" value="\"/>
    <property name="style.color" value="always"/>
    <property name="basedir" value="E:\spring-transaction-management-master"/>
    <property name="java.vm.compressedOopsMode" value="32-bit"/>
    <property name="line.separator" value="&#10;"/>
    <property name="java.vm.specification.vendor" value="Oracle Corporation"/>
    <property name="java.specification.name" value="Java Platform API Specification"/>
    <property name="surefire.real.class.path" value="C:\Users\USTJAV~1\AppData\Local\Temp\surefire2126999072731693157\surefirebooter11800425145749619277.jar"/>
    <property name="user.script" value=""/>
    <property name="sun.management.compiler" value="HotSpot 64-Bit Tiered Compilers"/>
    <property name="java.runtime.version" value="17.0.5+8"/>
    <property name="user.name" value="ustjavafsdb403"/>
    <property name="path.separator" value=";"/>
    <property name="os.version" value="10.0"/>
    <property name="java.runtime.name" value="OpenJDK Runtime Environment"/>
    <property name="file.encoding" value="Cp1252"/>
    <property name="java.vm.name" value="OpenJDK 64-Bit Server VM"/>
    <property name="java.vendor.version" value="Temurin-17.0.5+8"/>
    <property name="localRepository" value="C:\Users\ustjavafsdb403\.m2\repository"/>
    <property name="java.vendor.url.bug" value="https://github.com/adoptium/adoptium-support/issues"/>
    <property name="java.io.tmpdir" value="C:\Users\USTJAV~1\AppData\Local\Temp\"/>
    <property name="java.version" value="17.0.5"/>
    <property name="user.dir" value="E:\spring-transaction-management-master"/>
    <property name="os.arch" value="amd64"/>
    <property name="java.vm.specification.name" value="Java Virtual Machine Specification"/>
    <property name="sun.os.patch.level" value=""/>
    <property name="native.encoding" value="Cp1252"/>
    <property name="java.library.path" value="C:\Users\ustjavafsdb403\.p2\pool\plugins\org.eclipse.justj.openjdk.hotspot.jre.full.win32.x86_64_17.0.5.v20221102-0933\jre\bin;C:\Windows\Sun\Java\bin;C:\Windows\system32;C:\Windows;C:/Users/ustjavafsdb403/.p2/pool/plugins/org.eclipse.justj.openjdk.hotspot.jre.full.win32.x86_64_17.0.5.v20221102-0933/jre/bin/server;C:/Users/ustjavafsdb403/.p2/pool/plugins/org.eclipse.justj.openjdk.hotspot.jre.full.win32.x86_64_17.0.5.v20221102-0933/jre/bin;C:\Program Files\Common Files\Oracle\Java\javapath;C:\Windows\system32;C:\Windows;C:\Windows\System32\Wbem;C:\Windows\System32\WindowsPowerShell\v1.0\;C:\Windows\System32\OpenSSH\;C:\Program Files\Java\jdk-11.0.15\bin;C:\Program Files (x86)\Citrix\HDX\bin\;C:\Program Files\Citrix\HDX\bin\;C:\Program Files\Git\cmd;C:\Program Files\Docker\Docker\resources\bin;C:\Program Files\MySQL\MySQL Shell 8.0\bin\;C:\Users\ustjavafsdb403\AppData\Local\Microsoft\WindowsApps;C:\ProgramData\ustjavafsdb403\GitHubDesktop\bin;C:\Windows\system32;;."/>
    <property name="java.vm.info" value="mixed mode"/>
    <property name="java.vendor" value="Eclipse Adoptium"/>
    <property name="java.vm.version" value="17.0.5+8"/>
    <property name="sun.io.unicode.encoding" value="UnicodeLittle"/>
    <property name="java.class.version" value="61.0"/>
  </properties>
  <testcase name="contextLoads" classname="com.affani.datatranx.DatatranxApplicationTests" time="0">
    <error message="Failed to load ApplicationContext" type="java.lang.IllegalStateException">java.lang.IllegalStateException: Failed to load ApplicationContext
Caused by: java.lang.IllegalStateException: Cannot load configuration class: com.affani.datatranx.DatatranxApplication
Caused by: java.lang.NoClassDefFoundError: Could not initialize class org.springframework.cglib.proxy.Enhancer
</error>
    <system-out><![CDATA[2023-01-04 17:44:53.191 DEBUG 3888 --- [kground-preinit] o.apache.tomcat.util.digester.Digester   :   Fire body() for SetPropertiesRule[]
2023-01-04 17:44:53.191 DEBUG 3888 --- [kground-preinit] o.apache.tomcat.util.digester.Digester   :   Fire body() for SetNextRule[methodName=addAttribute, paramType=org.apache.tomcat.util.modeler.AttributeInfo]
2023-01-04 17:44:53.191 DEBUG 3888 --- [kground-preinit] o.apache.tomcat.util.digester.Digester   :   Fire end() for SetNextRule[methodName=addAttribute, paramType=org.apache.tomcat.util.modeler.AttributeInfo]
2023-01-04 17:44:53.191 DEBUG 3888 --- [kground-preinit] o.apache.tomcat.util.digester.Digester   : [SetNextRule]{mbeans-descriptors/mbean/attribute} Call org.apache.tomcat.util.modeler.ManagedBean.addAttribute(org.apache.tomcat.util.modeler.AttributeInfo@637be64d)
2023-01-04 17:44:53.191 DEBUG 3888 --- [kground-preinit] o.apache.tomcat.util.IntrospectionUtils  : IntrospectionUtils: callMethod1 org.apache.tomcat.util.modeler.ManagedBean org.apache.tomcat.util.modeler.AttributeInfo org.apache.tomcat.util.modeler.AttributeInfo
2023-01-04 17:44:53.192 DEBUG 3888 --- [kground-preinit] o.apache.tomcat.util.digester.Digester   :   Fire end() for SetPropertiesRule[]
2023-01-04 17:44:53.192 DEBUG 3888 --- [kground-preinit] o.apache.tomcat.util.digester.Digester   :   Fire end() for ObjectCreateRule[className=org.apache.tomcat.util.modeler.AttributeInfo, attributeName=null]
2023-01-04 17:44:53.192 DEBUG 3888 --- [kground-preinit] o.apache.tomcat.util.digester.Digester   : [ObjectCreateRule]{mbeans-descriptors/mbean/attribute} Pop org.apache.tomcat.util.modeler.AttributeInfo
2023-01-04 17:44:53.192 DEBUG 3888 --- [kground-preinit] o.a.tomcat.util.digester.Digester.sax    : characters(
  )
2023-01-04 17:44:53.192 DEBUG 3888 --- [kground-preinit] o.a.tomcat.util.digester.Digester.sax    : endElement(,,mbean)
2023-01-04 17:44:53.192 DEBUG 3888 --- [kground-preinit] o.apache.tomcat.util.digester.Digester   :   match='mbeans-descriptors/mbean'
2023-01-04 17:44:53.192 DEBUG 3888 --- [kground-preinit] o.apache.tomcat.util.digester.Digester   :   bodyText='

    

    

    

    

    

    

    

    

    

    
  '
2023-01-04 17:44:53.192 DEBUG 3888 --- [           main] o.s.t.c.junit4.SpringJUnit4ClassRunner   : SpringJUnit4ClassRunner constructor called with [class com.affani.datatranx.DatatranxApplicationTests]
2023-01-04 17:44:53.192 DEBUG 3888 --- [kground-preinit] o.apache.tomcat.util.digester.Digester   :   Fire body() for ObjectCreateRule[className=org.apache.tomcat.util.modeler.ManagedBean, attributeName=null]
2023-01-04 17:44:53.192 DEBUG 3888 --- [           main] o.s.test.context.BootstrapUtils          : Instantiating CacheAwareContextLoaderDelegate from class [org.springframework.test.context.cache.DefaultCacheAwareContextLoaderDelegate]
2023-01-04 17:44:53.192 DEBUG 3888 --- [kground-preinit] o.apache.tomcat.util.digester.Digester   :   Fire body() for SetPropertiesRule[]
2023-01-04 17:44:53.192 DEBUG 3888 --- [kground-preinit] o.apache.tomcat.util.digester.Digester   :   Fire body() for SetNextRule[methodName=add, paramType=java.lang.Object]
2023-01-04 17:44:53.193 DEBUG 3888 --- [kground-preinit] o.apache.tomcat.util.digester.Digester   :   Fire end() for SetNextRule[methodName=add, paramType=java.lang.Object]
2023-01-04 17:44:53.193 DEBUG 3888 --- [           main] o.s.test.context.BootstrapUtils          : Instantiating BootstrapContext using constructor [public org.springframework.test.context.support.DefaultBootstrapContext(java.lang.Class,org.springframework.test.context.CacheAwareContextLoaderDelegate)]
2023-01-04 17:44:53.193 DEBUG 3888 --- [kground-preinit] o.apache.tomcat.util.digester.Digester   : [SetNextRule]{mbeans-descriptors/mbean} Call java.util.ArrayList.add(ManagedBean[name=FormAuthenticator, className=org.apache.tomcat.util.modeler.BaseModelMBean, description=An Authenticator and Valve implementation of FORM BASED Authentication, group=Valve, type=org.apache.catalina.authenticator.FormAuthenticator])
2023-01-04 17:44:53.193 DEBUG 3888 --- [kground-preinit] o.apache.tomcat.util.IntrospectionUtils  : IntrospectionUtils: callMethod1 java.util.ArrayList org.apache.tomcat.util.modeler.ManagedBean java.lang.Object
2023-01-04 17:44:53.193 DEBUG 3888 --- [kground-preinit] o.apache.tomcat.util.digester.Digester   :   Fire end() for SetPropertiesRule[]
2023-01-04 17:44:53.193 DEBUG 3888 --- [kground-preinit] o.apache.tomcat.util.digester.Digester   :   Fire end() for ObjectCreateRule[className=org.apache.tomcat.util.modeler.ManagedBean, attributeName=null]
2023-01-04 17:44:53.193 DEBUG 3888 --- [kground-preinit] o.apache.tomcat.util.digester.Digester   : [ObjectCreateRule]{mbeans-descriptors/mbean} Pop org.apache.tomcat.util.modeler.ManagedBean
2023-01-04 17:44:53.194 DEBUG 3888 --- [kground-preinit] o.a.tomcat.util.digester.Digester.sax    : characters(

  )
2023-01-04 17:44:53.194 DEBUG 3888 --- [           main] o.s.test.context.BootstrapUtils          : Instantiating TestContextBootstrapper for test class [com.affani.datatranx.DatatranxApplicationTests] from class [org.springframework.boot.test.context.SpringBootTestContextBootstrapper]
2023-01-04 17:44:53.194  INFO 3888 --- [           main] .b.t.c.SpringBootTestContextBootstrapper : Neither @ContextConfiguration nor @ContextHierarchy found for test class [com.affani.datatranx.DatatranxApplicationTests], using SpringBootContextLoader
2023-01-04 17:44:53.195 DEBUG 3888 --- [kground-preinit] o.a.tomcat.util.digester.Digester.sax    : startElement(,,mbean)
2023-01-04 17:44:53.195 DEBUG 3888 --- [           main] o.s.t.c.support.AbstractContextLoader    : Did not detect default resource location for test class [com.affani.datatranx.DatatranxApplicationTests]: class path resource [com/affani/datatranx/DatatranxApplicationTests-context.xml] does not exist
2023-01-04 17:44:53.195 DEBUG 3888 --- [kground-preinit] o.apache.tomcat.util.digester.Digester   :   New match='mbeans-descriptors/mbean'
2023-01-04 17:44:53.195 DEBUG 3888 --- [           main] o.s.t.c.support.AbstractContextLoader    : Did not detect default resource location for test class [com.affani.datatranx.DatatranxApplicationTests]: class path resource [com/affani/datatranx/DatatranxApplicationTestsContext.groovy] does not exist
2023-01-04 17:44:53.195  INFO 3888 --- [           main] o.s.t.c.support.AbstractContextLoader    : Could not detect default resource locations for test class [com.affani.datatranx.DatatranxApplicationTests]: no resource found for suffixes {-context.xml, Context.groovy}.
2023-01-04 17:44:53.195  INFO 3888 --- [           main] t.c.s.AnnotationConfigContextLoaderUtils : Could not detect default configuration classes for test class [com.affani.datatranx.DatatranxApplicationTests]: DatatranxApplicationTests does not declare any static, non-private, non-final, nested classes annotated with @Configuration.
2023-01-04 17:44:53.195 DEBUG 3888 --- [kground-preinit] o.apache.tomcat.util.digester.Digester   :   Fire begin() for ObjectCreateRule[className=org.apache.tomcat.util.modeler.ManagedBean, attributeName=null]
2023-01-04 17:44:53.195 DEBUG 3888 --- [kground-preinit] o.apache.tomcat.util.digester.Digester   : [ObjectCreateRule]{mbeans-descriptors/mbean}New org.apache.tomcat.util.modeler.ManagedBean
2023-01-04 17:44:53.196 DEBUG 3888 --- [kground-preinit] o.apache.tomcat.util.digester.Digester   :   Fire begin() for SetPropertiesRule[]
2023-01-04 17:44:53.196 DEBUG 3888 --- [kground-preinit] o.apache.tomcat.util.digester.Digester   : [SetPropertiesRule]{mbeans-descriptors/mbean} Set org.apache.tomcat.util.modeler.ManagedBean properties
2023-01-04 17:44:53.196 DEBUG 3888 --- [kground-preinit] o.apache.tomcat.util.digester.Digester   : [SetPropertiesRule]{mbeans-descriptors/mbean} Setting property 'name' to 'NonLoginAuthenticator'
2023-01-04 17:44:53.196 DEBUG 3888 --- [kground-preinit] o.apache.tomcat.util.IntrospectionUtils  : IntrospectionUtils: setProperty(class org.apache.tomcat.util.modeler.ManagedBean name=NonLoginAuthenticator)
2023-01-04 17:44:53.196 DEBUG 3888 --- [kground-preinit] o.apache.tomcat.util.digester.Digester   : [SetPropertiesRule]{mbeans-descriptors/mbean} Setting property 'description' to 'An Authenticator and Valve implementation that checks only security constraints not involving user authentication'
2023-01-04 17:44:53.196 DEBUG 3888 --- [kground-preinit] o.apache.tomcat.util.IntrospectionUtils  : IntrospectionUtils: setProperty(class org.apache.tomcat.util.modeler.ManagedBean description=An Authenticator and Valve implementation that checks only security constraints not involving user authentication)
2023-01-04 17:44:53.196 DEBUG 3888 --- [kground-preinit] o.apache.tomcat.util.digester.Digester   : [SetPropertiesRule]{mbeans-descriptors/mbean} Setting property 'domain' to 'Catalina'
2023-01-04 17:44:53.197 DEBUG 3888 --- [kground-preinit] o.apache.tomcat.util.IntrospectionUtils  : IntrospectionUtils: setProperty(class org.apache.tomcat.util.modeler.ManagedBean domain=Catalina)
2023-01-04 17:44:53.198 DEBUG 3888 --- [kground-preinit] o.apache.tomcat.util.digester.Digester   : [SetPropertiesRule]{mbeans-descriptors/mbean} Setting property 'group' to 'Valve'
2023-01-04 17:44:53.198 DEBUG 3888 --- [kground-preinit] o.apache.tomcat.util.IntrospectionUtils  : IntrospectionUtils: setProperty(class org.apache.tomcat.util.modeler.ManagedBean group=Valve)
2023-01-04 17:44:53.198 DEBUG 3888 --- [kground-preinit] o.apache.tomcat.util.digester.Digester   : [SetPropertiesRule]{mbeans-descriptors/mbean} Setting property 'type' to 'org.apache.catalina.authenticator.NonLoginAuthenticator'
2023-01-04 17:44:53.199 DEBUG 3888 --- [kground-preinit] o.apache.tomcat.util.IntrospectionUtils  : IntrospectionUtils: setProperty(class org.apache.tomcat.util.modeler.ManagedBean type=org.apache.catalina.authenticator.NonLoginAuthenticator)
2023-01-04 17:44:53.200 DEBUG 3888 --- [kground-preinit] o.apache.tomcat.util.digester.Digester   :   Fire begin() for SetNextRule[methodName=add, paramType=java.lang.Object]
2023-01-04 17:44:53.200 DEBUG 3888 --- [           main] o.s.t.c.support.ActiveProfilesUtils      : Could not find an 'annotation declaring class' for annotation type [org.springframework.test.context.ActiveProfiles] and class [com.affani.datatranx.DatatranxApplicationTests]
2023-01-04 17:44:53.200 DEBUG 3888 --- [           main] o.s.core.env.StandardEnvironment         : Adding PropertySource 'systemProperties' with lowest search precedence
2023-01-04 17:44:53.200 DEBUG 3888 --- [kground-preinit] o.a.tomcat.util.digester.Digester.sax    : characters(

    )
2023-01-04 17:44:53.200 DEBUG 3888 --- [           main] o.s.core.env.StandardEnvironment         : Adding PropertySource 'systemEnvironment' with lowest search precedence
2023-01-04 17:44:53.201 DEBUG 3888 --- [           main] o.s.core.env.StandardEnvironment         : Initialized StandardEnvironment with PropertySources [MapPropertySource@397857830 {name='systemProperties', properties={java.specification.version=17, sun.cpu.isalist=amd64, sun.jnu.encoding=Cp1252, java.class.path=E:\spring-transaction-management-master\target\test-classes;E:\spring-transaction-management-master\target\classes;C:\Users\ustjavafsdb403\.m2\repository\org\springframework\boot\spring-boot-starter-data-jpa\2.0.4.RELEASE\spring-boot-starter-data-jpa-2.0.4.RELEASE.jar;C:\Users\ustjavafsdb403\.m2\repository\org\springframework\boot\spring-boot-starter\2.0.4.RELEASE\spring-boot-starter-2.0.4.RELEASE.jar;C:\Users\ustjavafsdb403\.m2\repository\org\springframework\boot\spring-boot\2.0.4.RELEASE\spring-boot-2.0.4.RELEASE.jar;C:\Users\ustjavafsdb403\.m2\repository\org\springframework\boot\spring-boot-autoconfigure\2.0.4.RELEASE\spring-boot-autoconfigure-2.0.4.RELEASE.jar;C:\Users\ustjavafsdb403\.m2\repository\org\springframework\boot\spring-boot-starter-logging\2.0.4.RELEASE\spring-boot-starter-logging-2.0.4.RELEASE.jar;C:\Users\ustjavafsdb403\.m2\repository\ch\qos\logback\logback-classic\1.2.3\logback-classic-1.2.3.jar;C:\Users\ustjavafsdb403\.m2\repository\ch\qos\logback\logback-core\1.2.3\logback-core-1.2.3.jar;C:\Users\ustjavafsdb403\.m2\repository\org\apache\logging\log4j\log4j-to-slf4j\2.10.0\log4j-to-slf4j-2.10.0.jar;C:\Users\ustjavafsdb403\.m2\repository\org\apache\logging\log4j\log4j-api\2.10.0\log4j-api-2.10.0.jar;C:\Users\ustjavafsdb403\.m2\repository\org\slf4j\jul-to-slf4j\1.7.25\jul-to-slf4j-1.7.25.jar;C:\Users\ustjavafsdb403\.m2\repository\javax\annotation\javax.annotation-api\1.3.2\javax.annotation-api-1.3.2.jar;C:\Users\ustjavafsdb403\.m2\repository\org\yaml\snakeyaml\1.19\snakeyaml-1.19.jar;C:\Users\ustjavafsdb403\.m2\repository\org\springframework\boot\spring-boot-starter-aop\2.0.4.RELEASE\spring-boot-starter-aop-2.0.4.RELEASE.jar;C:\Users\ustjavafsdb403\.m2\repository\org\springframework\spring-aop\5.0.8.RELEASE\spring-aop-5.0.8.RELEASE.jar;C:\Users\ustjavafsdb403\.m2\repository\org\aspectj\aspectjweaver\1.8.13\aspectjweaver-1.8.13.jar;C:\Users\ustjavafsdb403\.m2\repository\org\springframework\boot\spring-boot-starter-jdbc\2.0.4.RELEASE\spring-boot-starter-jdbc-2.0.4.RELEASE.jar;C:\Users\ustjavafsdb403\.m2\repository\com\zaxxer\HikariCP\2.7.9\HikariCP-2.7.9.jar;C:\Users\ustjavafsdb403\.m2\repository\org\springframework\spring-jdbc\5.0.8.RELEASE\spring-jdbc-5.0.8.RELEASE.jar;C:\Users\ustjavafsdb403\.m2\repository\org\hibernate\hibernate-core\5.2.17.Final\hibernate-core-5.2.17.Final.jar;C:\Users\ustjavafsdb403\.m2\repository\org\jboss\logging\jboss-logging\3.3.2.Final\jboss-logging-3.3.2.Final.jar;C:\Users\ustjavafsdb403\.m2\repository\org\hibernate\javax\persistence\hibernate-jpa-2.1-api\1.0.2.Final\hibernate-jpa-2.1-api-1.0.2.Final.jar;C:\Users\ustjavafsdb403\.m2\repository\org\javassist\javassist\3.22.0-GA\javassist-3.22.0-GA.jar;C:\Users\ustjavafsdb403\.m2\repository\antlr\antlr\2.7.7\antlr-2.7.7.jar;C:\Users\ustjavafsdb403\.m2\repository\org\jboss\jandex\2.0.3.Final\jandex-2.0.3.Final.jar;C:\Users\ustjavafsdb403\.m2\repository\com\fasterxml\classmate\1.3.4\classmate-1.3.4.jar;C:\Users\ustjavafsdb403\.m2\repository\dom4j\dom4j\1.6.1\dom4j-1.6.1.jar;C:\Users\ustjavafsdb403\.m2\repository\org\hibernate\common\hibernate-commons-annotations\5.0.1.Final\hibernate-commons-annotations-5.0.1.Final.jar;C:\Users\ustjavafsdb403\.m2\repository\javax\transaction\javax.transaction-api\1.2\javax.transaction-api-1.2.jar;C:\Users\ustjavafsdb403\.m2\repository\org\springframework\data\spring-data-jpa\2.0.9.RELEASE\spring-data-jpa-2.0.9.RELEASE.jar;C:\Users\ustjavafsdb403\.m2\repository\org\springframework\data\spring-data-commons\2.0.9.RELEASE\spring-data-commons-2.0.9.RELEASE.jar;C:\Users\ustjavafsdb403\.m2\repository\org\springframework\spring-orm\5.0.8.RELEASE\spring-orm-5.0.8.RELEASE.jar;C:\Users\ustjavafsdb403\.m2\repository\org\springframework\spring-context\5.0.8.RELEASE\spring-context-5.0.8.RELEASE.jar;C:\Users\ustjavafsdb403\.m2\repository\org\springframework\spring-tx\5.0.8.RELEASE\spring-tx-5.0.8.RELEASE.jar;C:\Users\ustjavafsdb403\.m2\repository\org\springframework\spring-beans\5.0.8.RELEASE\spring-beans-5.0.8.RELEASE.jar;C:\Users\ustjavafsdb403\.m2\repository\org\slf4j\slf4j-api\1.7.25\slf4j-api-1.7.25.jar;C:\Users\ustjavafsdb403\.m2\repository\org\springframework\spring-aspects\5.0.8.RELEASE\spring-aspects-5.0.8.RELEASE.jar;C:\Users\ustjavafsdb403\.m2\repository\org\springframework\boot\spring-boot-starter-web\2.0.4.RELEASE\spring-boot-starter-web-2.0.4.RELEASE.jar;C:\Users\ustjavafsdb403\.m2\repository\org\springframework\boot\spring-boot-starter-json\2.0.4.RELEASE\spring-boot-starter-json-2.0.4.RELEASE.jar;C:\Users\ustjavafsdb403\.m2\repository\org\springframework\boot\spring-boot-starter-tomcat\2.0.4.RELEASE\spring-boot-starter-tomcat-2.0.4.RELEASE.jar;C:\Users\ustjavafsdb403\.m2\repository\org\apache\tomcat\embed\tomcat-embed-core\8.5.32\tomcat-embed-core-8.5.32.jar;C:\Users\ustjavafsdb403\.m2\repository\org\apache\tomcat\embed\tomcat-embed-el\8.5.32\tomcat-embed-el-8.5.32.jar;C:\Users\ustjavafsdb403\.m2\repository\org\apache\tomcat\embed\tomcat-embed-websocket\8.5.32\tomcat-embed-websocket-8.5.32.jar;C:\Users\ustjavafsdb403\.m2\repository\org\hibernate\validator\hibernate-validator\6.0.11.Final\hibernate-validator-6.0.11.Final.jar;C:\Users\ustjavafsdb403\.m2\repository\javax\validation\validation-api\2.0.1.Final\validation-api-2.0.1.Final.jar;C:\Users\ustjavafsdb403\.m2\repository\org\openjfx\javafx.base\11.0.0-SNAPSHOT\javafx.base-11.0.0-SNAPSHOT.jar;C:\Users\ustjavafsdb403\.m2\repository\org\openjfx\javafx.base\11.0.0-SNAPSHOT\javafx.base-11.0.0-SNAPSHOT-linux.jar;C:\Users\ustjavafsdb403\.m2\repository\org\openjfx\javafx.base\11.0.0-SNAPSHOT\javafx.base-11.0.0-SNAPSHOT-mac.jar;C:\Users\ustjavafsdb403\.m2\repository\org\openjfx\javafx.base\11.0.0-SNAPSHOT\javafx.base-11.0.0-SNAPSHOT-win.jar;C:\Users\ustjavafsdb403\.m2\repository\org\springframework\spring-web\5.0.8.RELEASE\spring-web-5.0.8.RELEASE.jar;C:\Users\ustjavafsdb403\.m2\repository\org\springframework\spring-webmvc\5.0.8.RELEASE\spring-webmvc-5.0.8.RELEASE.jar;C:\Users\ustjavafsdb403\.m2\repository\org\springframework\spring-expression\5.0.8.RELEASE\spring-expression-5.0.8.RELEASE.jar;C:\Users\ustjavafsdb403\.m2\repository\com\h2database\h2\1.4.197\h2-1.4.197.jar;C:\Users\ustjavafsdb403\.m2\repository\javax\xml\bind\jaxb-api\2.3.0\jaxb-api-2.3.0.jar;C:\Users\ustjavafsdb403\.m2\repository\org\springframework\boot\spring-boot-starter-test\2.0.4.RELEASE\spring-boot-starter-test-2.0.4.RELEASE.jar;C:\Users\ustjavafsdb403\.m2\repository\org\springframework\boot\spring-boot-test\2.0.4.RELEASE\spring-boot-test-2.0.4.RELEASE.jar;C:\Users\ustjavafsdb403\.m2\repository\org\springframework\boot\spring-boot-test-autoconfigure\2.0.4.RELEASE\spring-boot-test-autoconfigure-2.0.4.RELEASE.jar;C:\Users\ustjavafsdb403\.m2\repository\com\jayway\jsonpath\json-path\2.4.0\json-path-2.4.0.jar;C:\Users\ustjavafsdb403\.m2\repository\net\minidev\json-smart\2.3\json-smart-2.3.jar;C:\Users\ustjavafsdb403\.m2\repository\net\minidev\accessors-smart\1.2\accessors-smart-1.2.jar;C:\Users\ustjavafsdb403\.m2\repository\org\ow2\asm\asm\5.0.4\asm-5.0.4.jar;C:\Users\ustjavafsdb403\.m2\repository\junit\junit\4.12\junit-4.12.jar;C:\Users\ustjavafsdb403\.m2\repository\org\assertj\assertj-core\3.9.1\assertj-core-3.9.1.jar;C:\Users\ustjavafsdb403\.m2\repository\org\mockito\mockito-core\2.15.0\mockito-core-2.15.0.jar;C:\Users\ustjavafsdb403\.m2\repository\net\bytebuddy\byte-buddy\1.7.11\byte-buddy-1.7.11.jar;C:\Users\ustjavafsdb403\.m2\repository\net\bytebuddy\byte-buddy-agent\1.7.11\byte-buddy-agent-1.7.11.jar;C:\Users\ustjavafsdb403\.m2\repository\org\objenesis\objenesis\2.6\objenesis-2.6.jar;C:\Users\ustjavafsdb403\.m2\repository\org\hamcrest\hamcrest-core\1.3\hamcrest-core-1.3.jar;C:\Users\ustjavafsdb403\.m2\repository\org\hamcrest\hamcrest-library\1.3\hamcrest-library-1.3.jar;C:\Users\ustjavafsdb403\.m2\repository\org\skyscreamer\jsonassert\1.5.0\jsonassert-1.5.0.jar;C:\Users\ustjavafsdb403\.m2\repository\com\vaadin\external\google\android-json\0.0.20131108.vaadin1\android-json-0.0.20131108.vaadin1.jar;C:\Users\ustjavafsdb403\.m2\repository\org\springframework\spring-core\5.0.8.RELEASE\spring-core-5.0.8.RELEASE.jar;C:\Users\ustjavafsdb403\.m2\repository\org\springframework\spring-jcl\5.0.8.RELEASE\spring-jcl-5.0.8.RELEASE.jar;C:\Users\ustjavafsdb403\.m2\repository\org\springframework\spring-test\5.0.8.RELEASE\spring-test-5.0.8.RELEASE.jar;C:\Users\ustjavafsdb403\.m2\repository\org\xmlunit\xmlunit-core\2.5.1\xmlunit-core-2.5.1.jar;C:\Users\ustjavafsdb403\.m2\repository\com\fasterxml\jackson\module\jackson-module-parameter-names\2.9.6\jackson-module-parameter-names-2.9.6.jar;C:\Users\ustjavafsdb403\.m2\repository\com\fasterxml\jackson\core\jackson-core\2.9.6\jackson-core-2.9.6.jar;C:\Users\ustjavafsdb403\.m2\repository\com\fasterxml\jackson\core\jackson-databind\2.9.6\jackson-databind-2.9.6.jar;C:\Users\ustjavafsdb403\.m2\repository\com\fasterxml\jackson\datatype\jackson-datatype-jdk8\2.9.6\jackson-datatype-jdk8-2.9.6.jar;C:\Users\ustjavafsdb403\.m2\repository\com\fasterxml\jackson\datatype\jackson-datatype-jsr310\2.9.6\jackson-datatype-jsr310-2.9.6.jar;C:\Users\ustjavafsdb403\.m2\repository\com\fasterxml\jackson\core\jackson-annotations\2.9.0\jackson-annotations-2.9.0.jar;, java.vm.vendor=Eclipse Adoptium, sun.arch.data.model=64, user.variant=, java.vendor.url=https://adoptium.net/, user.timezone=GMT+05:30, java.vm.specification.version=17, os.name=Windows 10, sun.java.launcher=SUN_STANDARD, user.country=IN, sun.boot.library.path=C:\Users\ustjavafsdb403\.p2\pool\plugins\org.eclipse.justj.openjdk.hotspot.jre.full.win32.x86_64_17.0.5.v20221102-0933\jre\bin, sun.java.command=C:\Users\USTJAV~1\AppData\Local\Temp\surefire2126999072731693157\surefirebooter11800425145749619277.jar C:\Users\ustjavafsdb403\AppData\Local\Temp\surefire2126999072731693157 2023-01-04T17-44-36_170-jvmRun1 surefire11905101423022534022tmp surefire_07651124966663579816tmp, jdk.debug=release, surefire.test.class.path=E:\spring-transaction-management-master\target\test-classes;E:\spring-transaction-management-master\target\classes;C:\Users\ustjavafsdb403\.m2\repository\org\springframework\boot\spring-boot-starter-data-jpa\2.0.4.RELEASE\spring-boot-starter-data-jpa-2.0.4.RELEASE.jar;C:\Users\ustjavafsdb403\.m2\repository\org\springframework\boot\spring-boot-starter\2.0.4.RELEASE\spring-boot-starter-2.0.4.RELEASE.jar;C:\Users\ustjavafsdb403\.m2\repository\org\springframework\boot\spring-boot\2.0.4.RELEASE\spring-boot-2.0.4.RELEASE.jar;C:\Users\ustjavafsdb403\.m2\repository\org\springframework\boot\spring-boot-autoconfigure\2.0.4.RELEASE\spring-boot-autoconfigure-2.0.4.RELEASE.jar;C:\Users\ustjavafsdb403\.m2\repository\org\springframework\boot\spring-boot-starter-logging\2.0.4.RELEASE\spring-boot-starter-logging-2.0.4.RELEASE.jar;C:\Users\ustjavafsdb403\.m2\repository\ch\qos\logback\logback-classic\1.2.3\logback-classic-1.2.3.jar;C:\Users\ustjavafsdb403\.m2\repository\ch\qos\logback\logback-core\1.2.3\logback-core-1.2.3.jar;C:\Users\ustjavafsdb403\.m2\repository\org\apache\logging\log4j\log4j-to-slf4j\2.10.0\log4j-to-slf4j-2.10.0.jar;C:\Users\ustjavafsdb403\.m2\repository\org\apache\logging\log4j\log4j-api\2.10.0\log4j-api-2.10.0.jar;C:\Users\ustjavafsdb403\.m2\repository\org\slf4j\jul-to-slf4j\1.7.25\jul-to-slf4j-1.7.25.jar;C:\Users\ustjavafsdb403\.m2\repository\javax\annotation\javax.annotation-api\1.3.2\javax.annotation-api-1.3.2.jar;C:\Users\ustjavafsdb403\.m2\repository\org\yaml\snakeyaml\1.19\snakeyaml-1.19.jar;C:\Users\ustjavafsdb403\.m2\repository\org\springframework\boot\spring-boot-starter-aop\2.0.4.RELEASE\spring-boot-starter-aop-2.0.4.RELEASE.jar;C:\Users\ustjavafsdb403\.m2\repository\org\springframework\spring-aop\5.0.8.RELEASE\spring-aop-5.0.8.RELEASE.jar;C:\Users\ustjavafsdb403\.m2\repository\org\aspectj\aspectjweaver\1.8.13\aspectjweaver-1.8.13.jar;C:\Users\ustjavafsdb403\.m2\repository\org\springframework\boot\spring-boot-starter-jdbc\2.0.4.RELEASE\spring-boot-starter-jdbc-2.0.4.RELEASE.jar;C:\Users\ustjavafsdb403\.m2\repository\com\zaxxer\HikariCP\2.7.9\HikariCP-2.7.9.jar;C:\Users\ustjavafsdb403\.m2\repository\org\springframework\spring-jdbc\5.0.8.RELEASE\spring-jdbc-5.0.8.RELEASE.jar;C:\Users\ustjavafsdb403\.m2\repository\org\hibernate\hibernate-core\5.2.17.Final\hibernate-core-5.2.17.Final.jar;C:\Users\ustjavafsdb403\.m2\repository\org\jboss\logging\jboss-logging\3.3.2.Final\jboss-logging-3.3.2.Final.jar;C:\Users\ustjavafsdb403\.m2\repository\org\hibernate\javax\persistence\hibernate-jpa-2.1-api\1.0.2.Final\hibernate-jpa-2.1-api-1.0.2.Final.jar;C:\Users\ustjavafsdb403\.m2\repository\org\javassist\javassist\3.22.0-GA\javassist-3.22.0-GA.jar;C:\Users\ustjavafsdb403\.m2\repository\antlr\antlr\2.7.7\antlr-2.7.7.jar;C:\Users\ustjavafsdb403\.m2\repository\org\jboss\jandex\2.0.3.Final\jandex-2.0.3.Final.jar;C:\Users\ustjavafsdb403\.m2\repository\com\fasterxml\classmate\1.3.4\classmate-1.3.4.jar;C:\Users\ustjavafsdb403\.m2\repository\dom4j\dom4j\1.6.1\dom4j-1.6.1.jar;C:\Users\ustjavafsdb403\.m2\repository\org\hibernate\common\hibernate-commons-annotations\5.0.1.Final\hibernate-commons-annotations-5.0.1.Final.jar;C:\Users\ustjavafsdb403\.m2\repository\javax\transaction\javax.transaction-api\1.2\javax.transaction-api-1.2.jar;C:\Users\ustjavafsdb403\.m2\repository\org\springframework\data\spring-data-jpa\2.0.9.RELEASE\spring-data-jpa-2.0.9.RELEASE.jar;C:\Users\ustjavafsdb403\.m2\repository\org\springframework\data\spring-data-commons\2.0.9.RELEASE\spring-data-commons-2.0.9.RELEASE.jar;C:\Users\ustjavafsdb403\.m2\repository\org\springframework\spring-orm\5.0.8.RELEASE\spring-orm-5.0.8.RELEASE.jar;C:\Users\ustjavafsdb403\.m2\repository\org\springframework\spring-context\5.0.8.RELEASE\spring-context-5.0.8.RELEASE.jar;C:\Users\ustjavafsdb403\.m2\repository\org\springframework\spring-tx\5.0.8.RELEASE\spring-tx-5.0.8.RELEASE.jar;C:\Users\ustjavafsdb403\.m2\repository\org\springframework\spring-beans\5.0.8.RELEASE\spring-beans-5.0.8.RELEASE.jar;C:\Users\ustjavafsdb403\.m2\repository\org\slf4j\slf4j-api\1.7.25\slf4j-api-1.7.25.jar;C:\Users\ustjavafsdb403\.m2\repository\org\springframework\spring-aspects\5.0.8.RELEASE\spring-aspects-5.0.8.RELEASE.jar;C:\Users\ustjavafsdb403\.m2\repository\org\springframework\boot\spring-boot-starter-web\2.0.4.RELEASE\spring-boot-starter-web-2.0.4.RELEASE.jar;C:\Users\ustjavafsdb403\.m2\repository\org\springframework\boot\spring-boot-starter-json\2.0.4.RELEASE\spring-boot-starter-json-2.0.4.RELEASE.jar;C:\Users\ustjavafsdb403\.m2\repository\org\springframework\boot\spring-boot-starter-tomcat\2.0.4.RELEASE\spring-boot-starter-tomcat-2.0.4.RELEASE.jar;C:\Users\ustjavafsdb403\.m2\repository\org\apache\tomcat\embed\tomcat-embed-core\8.5.32\tomcat-embed-core-8.5.32.jar;C:\Users\ustjavafsdb403\.m2\repository\org\apache\tomcat\embed\tomcat-embed-el\8.5.32\tomcat-embed-el-8.5.32.jar;C:\Users\ustjavafsdb403\.m2\repository\org\apache\tomcat\embed\tomcat-embed-websocket\8.5.32\tomcat-embed-websocket-8.5.32.jar;C:\Users\ustjavafsdb403\.m2\repository\org\hibernate\validator\hibernate-validator\6.0.11.Final\hibernate-validator-6.0.11.Final.jar;C:\Users\ustjavafsdb403\.m2\repository\javax\validation\validation-api\2.0.1.Final\validation-api-2.0.1.Final.jar;C:\Users\ustjavafsdb403\.m2\repository\org\openjfx\javafx.base\11.0.0-SNAPSHOT\javafx.base-11.0.0-SNAPSHOT.jar;C:\Users\ustjavafsdb403\.m2\repository\org\openjfx\javafx.base\11.0.0-SNAPSHOT\javafx.base-11.0.0-SNAPSHOT-linux.jar;C:\Users\ustjavafsdb403\.m2\repository\org\openjfx\javafx.base\11.0.0-SNAPSHOT\javafx.base-11.0.0-SNAPSHOT-mac.jar;C:\Users\ustjavafsdb403\.m2\repository\org\openjfx\javafx.base\11.0.0-SNAPSHOT\javafx.base-11.0.0-SNAPSHOT-win.jar;C:\Users\ustjavafsdb403\.m2\repository\org\springframework\spring-web\5.0.8.RELEASE\spring-web-5.0.8.RELEASE.jar;C:\Users\ustjavafsdb403\.m2\repository\org\springframework\spring-webmvc\5.0.8.RELEASE\spring-webmvc-5.0.8.RELEASE.jar;C:\Users\ustjavafsdb403\.m2\repository\org\springframework\spring-expression\5.0.8.RELEASE\spring-expression-5.0.8.RELEASE.jar;C:\Users\ustjavafsdb403\.m2\repository\com\h2database\h2\1.4.197\h2-1.4.197.jar;C:\Users\ustjavafsdb403\.m2\repository\javax\xml\bind\jaxb-api\2.3.0\jaxb-api-2.3.0.jar;C:\Users\ustjavafsdb403\.m2\repository\org\springframework\boot\spring-boot-starter-test\2.0.4.RELEASE\spring-boot-starter-test-2.0.4.RELEASE.jar;C:\Users\ustjavafsdb403\.m2\repository\org\springframework\boot\spring-boot-test\2.0.4.RELEASE\spring-boot-test-2.0.4.RELEASE.jar;C:\Users\ustjavafsdb403\.m2\repository\org\springframework\boot\spring-boot-test-autoconfigure\2.0.4.RELEASE\spring-boot-test-autoconfigure-2.0.4.RELEASE.jar;C:\Users\ustjavafsdb403\.m2\repository\com\jayway\jsonpath\json-path\2.4.0\json-path-2.4.0.jar;C:\Users\ustjavafsdb403\.m2\repository\net\minidev\json-smart\2.3\json-smart-2.3.jar;C:\Users\ustjavafsdb403\.m2\repository\net\minidev\accessors-smart\1.2\accessors-smart-1.2.jar;C:\Users\ustjavafsdb403\.m2\repository\org\ow2\asm\asm\5.0.4\asm-5.0.4.jar;C:\Users\ustjavafsdb403\.m2\repository\junit\junit\4.12\junit-4.12.jar;C:\Users\ustjavafsdb403\.m2\repository\org\assertj\assertj-core\3.9.1\assertj-core-3.9.1.jar;C:\Users\ustjavafsdb403\.m2\repository\org\mockito\mockito-core\2.15.0\mockito-core-2.15.0.jar;C:\Users\ustjavafsdb403\.m2\repository\net\bytebuddy\byte-buddy\1.7.11\byte-buddy-1.7.11.jar;C:\Users\ustjavafsdb403\.m2\repository\net\bytebuddy\byte-buddy-agent\1.7.11\byte-buddy-agent-1.7.11.jar;C:\Users\ustjavafsdb403\.m2\repository\org\objenesis\objenesis\2.6\objenesis-2.6.jar;C:\Users\ustjavafsdb403\.m2\repository\org\hamcrest\hamcrest-core\1.3\hamcrest-core-1.3.jar;C:\Users\ustjavafsdb403\.m2\repository\org\hamcrest\hamcrest-library\1.3\hamcrest-library-1.3.jar;C:\Users\ustjavafsdb403\.m2\repository\org\skyscreamer\jsonassert\1.5.0\jsonassert-1.5.0.jar;C:\Users\ustjavafsdb403\.m2\repository\com\vaadin\external\google\android-json\0.0.20131108.vaadin1\android-json-0.0.20131108.vaadin1.jar;C:\Users\ustjavafsdb403\.m2\repository\org\springframework\spring-core\5.0.8.RELEASE\spring-core-5.0.8.RELEASE.jar;C:\Users\ustjavafsdb403\.m2\repository\org\springframework\spring-jcl\5.0.8.RELEASE\spring-jcl-5.0.8.RELEASE.jar;C:\Users\ustjavafsdb403\.m2\repository\org\springframework\spring-test\5.0.8.RELEASE\spring-test-5.0.8.RELEASE.jar;C:\Users\ustjavafsdb403\.m2\repository\org\xmlunit\xmlunit-core\2.5.1\xmlunit-core-2.5.1.jar;C:\Users\ustjavafsdb403\.m2\repository\com\fasterxml\jackson\module\jackson-module-parameter-names\2.9.6\jackson-module-parameter-names-2.9.6.jar;C:\Users\ustjavafsdb403\.m2\repository\com\fasterxml\jackson\core\jackson-core\2.9.6\jackson-core-2.9.6.jar;C:\Users\ustjavafsdb403\.m2\repository\com\fasterxml\jackson\core\jackson-databind\2.9.6\jackson-databind-2.9.6.jar;C:\Users\ustjavafsdb403\.m2\repository\com\fasterxml\jackson\datatype\jackson-datatype-jdk8\2.9.6\jackson-datatype-jdk8-2.9.6.jar;C:\Users\ustjavafsdb403\.m2\repository\com\fasterxml\jackson\datatype\jackson-datatype-jsr310\2.9.6\jackson-datatype-jsr310-2.9.6.jar;C:\Users\ustjavafsdb403\.m2\repository\com\fasterxml\jackson\core\jackson-annotations\2.9.0\jackson-annotations-2.9.0.jar;, sun.cpu.endian=little, user.home=C:\Users\ustjavafsdb403, user.language=en, java.specification.vendor=Oracle Corporation, java.version.date=2022-10-18, java.home=C:\Users\ustjavafsdb403\.p2\pool\plugins\org.eclipse.justj.openjdk.hotspot.jre.full.win32.x86_64_17.0.5.v20221102-0933\jre, file.separator=\, style.color=always, basedir=E:\spring-transaction-management-master, java.vm.compressedOopsMode=32-bit, line.separator=
, java.vm.specification.vendor=Oracle Corporation, java.specification.name=Java Platform API Specification, java.awt.headless=true, surefire.real.class.path=C:\Users\USTJAV~1\AppData\Local\Temp\surefire2126999072731693157\surefirebooter11800425145749619277.jar, user.script=, sun.management.compiler=HotSpot 64-Bit Tiered Compilers, java.runtime.version=17.0.5+8, user.name=ustjavafsdb403, path.separator=;, os.version=10.0, java.runtime.name=OpenJDK Runtime Environment, file.encoding=Cp1252, spring.beaninfo.ignore=true, java.vm.name=OpenJDK 64-Bit Server VM, java.vendor.version=Temurin-17.0.5+8, localRepository=C:\Users\ustjavafsdb403\.m2\repository, java.vendor.url.bug=https://github.com/adoptium/adoptium-support/issues, java.io.tmpdir=C:\Users\USTJAV~1\AppData\Local\Temp\, java.version=17.0.5, user.dir=E:\spring-transaction-management-master, os.arch=amd64, java.vm.specification.name=Java Virtual Machine Specification, PID=3888, sun.os.patch.level=, native.encoding=Cp1252, java.library.path=C:\Users\ustjavafsdb403\.p2\pool\plugins\org.eclipse.justj.openjdk.hotspot.jre.full.win32.x86_64_17.0.5.v20221102-0933\jre\bin;C:\Windows\Sun\Java\bin;C:\Windows\system32;C:\Windows;C:/Users/ustjavafsdb403/.p2/pool/plugins/org.eclipse.justj.openjdk.hotspot.jre.full.win32.x86_64_17.0.5.v20221102-0933/jre/bin/server;C:/Users/ustjavafsdb403/.p2/pool/plugins/org.eclipse.justj.openjdk.hotspot.jre.full.win32.x86_64_17.0.5.v20221102-0933/jre/bin;C:\Program Files\Common Files\Oracle\Java\javapath;C:\Windows\system32;C:\Windows;C:\Windows\System32\Wbem;C:\Windows\System32\WindowsPowerShell\v1.0\;C:\Windows\System32\OpenSSH\;C:\Program Files\Java\jdk-11.0.15\bin;C:\Program Files (x86)\Citrix\HDX\bin\;C:\Program Files\Citrix\HDX\bin\;C:\Program Files\Git\cmd;C:\Program Files\Docker\Docker\resources\bin;C:\Program Files\MySQL\MySQL Shell 8.0\bin\;C:\Users\ustjavafsdb403\AppData\Local\Microsoft\WindowsApps;C:\ProgramData\ustjavafsdb403\GitHubDesktop\bin;C:\Windows\system32;;., java.vm.info=mixed mode, java.vendor=Eclipse Adoptium, java.vm.version=17.0.5+8, sun.io.unicode.encoding=UnicodeLittle, java.class.version=61.0}}, SystemEnvironmentPropertySource@1434506799 {name='systemEnvironment', properties={PATH=C:/Users/ustjavafsdb403/.p2/pool/plugins/org.eclipse.justj.openjdk.hotspot.jre.full.win32.x86_64_17.0.5.v20221102-0933/jre/bin/server;C:/Users/ustjavafsdb403/.p2/pool/plugins/org.eclipse.justj.openjdk.hotspot.jre.full.win32.x86_64_17.0.5.v20221102-0933/jre/bin;C:\Program Files\Common Files\Oracle\Java\javapath;C:\Windows\system32;C:\Windows;C:\Windows\System32\Wbem;C:\Windows\System32\WindowsPowerShell\v1.0\;C:\Windows\System32\OpenSSH\;C:\Program Files\Java\jdk-11.0.15\bin;C:\Program Files (x86)\Citrix\HDX\bin\;C:\Program Files\Citrix\HDX\bin\;C:\Program Files\Git\cmd;C:\Program Files\Docker\Docker\resources\bin;C:\Program Files\MySQL\MySQL Shell 8.0\bin\;C:\Users\ustjavafsdb403\AppData\Local\Microsoft\WindowsApps;C:\ProgramData\ustjavafsdb403\GitHubDesktop\bin;C:\Windows\system32;, USERDOMAIN_ROAMINGPROFILE=IIHT, LOCALAPPDATA=C:\Users\ustjavafsdb403\AppData\Local, PROCESSOR_LEVEL=6, SYSTEMDRIVE=C:, COMMONPROGRAMFILES(X86)=C:\Program Files (x86)\Common Files, USERDOMAIN=IIHT, FPS_BROWSER_APP_PROFILE_STRING=Internet Explorer, LOGONSERVER=\\SDC, PROMPT=$P$G, SESSIONNAME=Console, ALLUSERSPROFILE=C:\ProgramData, PROGRAMFILES(X86)=C:\Program Files (x86), PROCESSOR_ARCHITECTURE=AMD64, DRIVERDATA=C:\Windows\System32\Drivers\DriverData, =E:=E:\spring-transaction-management-master, PROGRAMFILES=C:\Program Files, APPDATA=C:\Users\ustjavafsdb403\AppData\Roaming, PSMODULEPATH=C:\Program Files\WindowsPowerShell\Modules;C:\Windows\system32\WindowsPowerShell\v1.0\Modules;C:\Program Files\Citrix\Telemetry Service\, PROGRAMW6432=C:\Program Files, PROGRAMDATA=C:\ProgramData, SYSTEMROOT=C:\Windows, USERNAME=ustjavafsdb403, USERDNSDOMAIN=IIHT.TECH, FPS_BROWSER_USER_PROFILE_STRING=Default, ONEDRIVE=C:\Users\ustjavafsdb403\OneDrive, PATHEXT=.COM;.EXE;.BAT;.CMD;.VBS;.VBE;.JS;.JSE;.WSF;.WSH;.MSC, OS=Windows_NT, COMMONPROGRAMW6432=C:\Program Files\Common Files, COMPUTERNAME=USTFSD08, COMMONPROGRAMFILES=C:\Program Files\Common Files, COMSPEC=C:\Windows\system32\cmd.exe, PROCESSOR_REVISION=4f01, WINDIR=C:\Windows, HOMEPATH=\Users\ustjavafsdb403, TEMP=C:\Users\USTJAV~1\AppData\Local\Temp, HOMEDRIVE=C:, PROCESSOR_IDENTIFIER=Intel64 Family 6 Model 79 Stepping 1, GenuineIntel, USERPROFILE=C:\Users\ustjavafsdb403, TMP=C:\Users\USTJAV~1\AppData\Local\Temp, PUBLIC=C:\Users\Public, NUMBER_OF_PROCESSORS=4, =::=::\}}]
2023-01-04 17:44:53.202 DEBUG 3888 --- [           main] .i.s.PathMatchingResourcePatternResolver : Resolved classpath location [com/affani/datatranx/] to resources [URL [file:/E:/spring-transaction-management-master/target/test-classes/com/affani/datatranx/], URL [file:/E:/spring-transaction-management-master/target/classes/com/affani/datatranx/]]
2023-01-04 17:44:53.202 DEBUG 3888 --- [           main] .i.s.PathMatchingResourcePatternResolver : Looking for matching resources in directory tree [E:\spring-transaction-management-master\target\test-classes\com\affani\datatranx]
2023-01-04 17:44:53.202 DEBUG 3888 --- [           main] .i.s.PathMatchingResourcePatternResolver : Searching directory [E:\spring-transaction-management-master\target\test-classes\com\affani\datatranx] for files matching pattern [E:/spring-transaction-management-master/target/test-classes/com/affani/datatranx/*.class]
2023-01-04 17:44:53.203 DEBUG 3888 --- [           main] .i.s.PathMatchingResourcePatternResolver : Looking for matching resources in directory tree [E:\spring-transaction-management-master\target\classes\com\affani\datatranx]
2023-01-04 17:44:53.203 DEBUG 3888 --- [           main] .i.s.PathMatchingResourcePatternResolver : Searching directory [E:\spring-transaction-management-master\target\classes\com\affani\datatranx] for files matching pattern [E:/spring-transaction-management-master/target/classes/com/affani/datatranx/*.class]
2023-01-04 17:44:53.202 DEBUG 3888 --- [kground-preinit] o.a.tomcat.util.digester.Digester.sax    : startElement(,,attribute)
2023-01-04 17:44:53.203 DEBUG 3888 --- [           main] .i.s.PathMatchingResourcePatternResolver : Resolved location pattern [classpath*:com/affani/datatranx/*.class] to resources [file [E:\spring-transaction-management-master\target\test-classes\com\affani\datatranx\DatatranxApplicationTests.class], file [E:\spring-transaction-management-master\target\classes\com\affani\datatranx\DatatranxApplication.class]]
2023-01-04 17:44:53.204 DEBUG 3888 --- [kground-preinit] o.apache.tomcat.util.digester.Digester   :   New match='mbeans-descriptors/mbean/attribute'
2023-01-04 17:44:53.204 DEBUG 3888 --- [kground-preinit] o.apache.tomcat.util.digester.Digester   :   Fire begin() for ObjectCreateRule[className=org.apache.tomcat.util.modeler.AttributeInfo, attributeName=null]
2023-01-04 17:44:53.204 DEBUG 3888 --- [kground-preinit] o.apache.tomcat.util.digester.Digester   : [ObjectCreateRule]{mbeans-descriptors/mbean/attribute}New org.apache.tomcat.util.modeler.AttributeInfo
2023-01-04 17:44:53.204 DEBUG 3888 --- [kground-preinit] o.apache.tomcat.util.digester.Digester   :   Fire begin() for SetPropertiesRule[]
2023-01-04 17:44:53.204 DEBUG 3888 --- [kground-preinit] o.apache.tomcat.util.digester.Digester   : [SetPropertiesRule]{mbeans-descriptors/mbean/attribute} Set org.apache.tomcat.util.modeler.AttributeInfo properties
2023-01-04 17:44:53.204 DEBUG 3888 --- [kground-preinit] o.apache.tomcat.util.digester.Digester   : [SetPropertiesRule]{mbeans-descriptors/mbean/attribute} Setting property 'name' to 'cache'
2023-01-04 17:44:53.205 DEBUG 3888 --- [kground-preinit] o.apache.tomcat.util.IntrospectionUtils  : IntrospectionUtils: setProperty(class org.apache.tomcat.util.modeler.AttributeInfo name=cache)
2023-01-04 17:44:53.205 DEBUG 3888 --- [kground-preinit] o.apache.tomcat.util.digester.Digester   : [SetPropertiesRule]{mbeans-descriptors/mbean/attribute} Setting property 'description' to 'Should we cache authenticated Principals if the request is part of an HTTP session?'
2023-01-04 17:44:53.206 DEBUG 3888 --- [kground-preinit] o.apache.tomcat.util.IntrospectionUtils  : IntrospectionUtils: setProperty(class org.apache.tomcat.util.modeler.AttributeInfo description=Should we cache authenticated Principals if the request is part of an HTTP session?)
2023-01-04 17:44:53.206 DEBUG 3888 --- [kground-preinit] o.apache.tomcat.util.digester.Digester   : [SetPropertiesRule]{mbeans-descriptors/mbean/attribute} Setting property 'type' to 'boolean'
2023-01-04 17:44:53.207 DEBUG 3888 --- [kground-preinit] o.apache.tomcat.util.IntrospectionUtils  : IntrospectionUtils: setProperty(class org.apache.tomcat.util.modeler.AttributeInfo type=boolean)
2023-01-04 17:44:53.207 DEBUG 3888 --- [kground-preinit] o.apache.tomcat.util.digester.Digester   :   Fire begin() for SetNextRule[methodName=addAttribute, paramType=org.apache.tomcat.util.modeler.AttributeInfo]
2023-01-04 17:44:53.208 DEBUG 3888 --- [kground-preinit] o.a.tomcat.util.digester.Digester.sax    : endElement(,,attribute)
2023-01-04 17:44:53.208 DEBUG 3888 --- [kground-preinit] o.apache.tomcat.util.digester.Digester   :   match='mbeans-descriptors/mbean/attribute'
2023-01-04 17:44:53.209 DEBUG 3888 --- [           main] ssPathScanningCandidateComponentProvider : Identified candidate component class: file [E:\spring-transaction-management-master\target\classes\com\affani\datatranx\DatatranxApplication.class]
2023-01-04 17:44:53.209  INFO 3888 --- [           main] .b.t.c.SpringBootTestContextBootstrapper : Found @SpringBootConfiguration com.affani.datatranx.DatatranxApplication for test class com.affani.datatranx.DatatranxApplicationTests
2023-01-04 17:44:53.209 DEBUG 3888 --- [kground-preinit] o.apache.tomcat.util.digester.Digester   :   bodyText=''
2023-01-04 17:44:53.209 DEBUG 3888 --- [kground-preinit] o.apache.tomcat.util.digester.Digester   :   Fire body() for ObjectCreateRule[className=org.apache.tomcat.util.modeler.AttributeInfo, attributeName=null]
2023-01-04 17:44:53.209 DEBUG 3888 --- [kground-preinit] o.apache.tomcat.util.digester.Digester   :   Fire body() for SetPropertiesRule[]
2023-01-04 17:44:53.210 DEBUG 3888 --- [kground-preinit] o.apache.tomcat.util.digester.Digester   :   Fire body() for SetNextRule[methodName=addAttribute, paramType=org.apache.tomcat.util.modeler.AttributeInfo]
2023-01-04 17:44:53.210 DEBUG 3888 --- [kground-preinit] o.apache.tomcat.util.digester.Digester   :   Fire end() for SetNextRule[methodName=addAttribute, paramType=org.apache.tomcat.util.modeler.AttributeInfo]
2023-01-04 17:44:53.210 DEBUG 3888 --- [kground-preinit] o.apache.tomcat.util.digester.Digester   : [SetNextRule]{mbeans-descriptors/mbean/attribute} Call org.apache.tomcat.util.modeler.ManagedBean.addAttribute(org.apache.tomcat.util.modeler.AttributeInfo@292a314e)
2023-01-04 17:44:53.210 DEBUG 3888 --- [kground-preinit] o.apache.tomcat.util.IntrospectionUtils  : IntrospectionUtils: callMethod1 org.apache.tomcat.util.modeler.ManagedBean org.apache.tomcat.util.modeler.AttributeInfo org.apache.tomcat.util.modeler.AttributeInfo
2023-01-04 17:44:53.210 DEBUG 3888 --- [kground-preinit] o.apache.tomcat.util.digester.Digester   :   Fire end() for SetPropertiesRule[]
2023-01-04 17:44:53.210 DEBUG 3888 --- [kground-preinit] o.apache.tomcat.util.digester.Digester   :   Fire end() for ObjectCreateRule[className=org.apache.tomcat.util.modeler.AttributeInfo, attributeName=null]
2023-01-04 17:44:53.210 DEBUG 3888 --- [kground-preinit] o.apache.tomcat.util.digester.Digester   : [ObjectCreateRule]{mbeans-descriptors/mbean/attribute} Pop org.apache.tomcat.util.modeler.AttributeInfo
2023-01-04 17:44:53.210 DEBUG 3888 --- [kground-preinit] o.a.tomcat.util.digester.Digester.sax    : characters(

    )
2023-01-04 17:44:53.211 DEBUG 3888 --- [kground-preinit] o.a.tomcat.util.digester.Digester.sax    : startElement(,,attribute)
2023-01-04 17:44:53.211 DEBUG 3888 --- [           main] .b.t.c.SpringBootTestContextBootstrapper : @TestExecutionListeners is not present for class [com.affani.datatranx.DatatranxApplicationTests]: using defaults.
2023-01-04 17:44:53.211  INFO 3888 --- [           main] .b.t.c.SpringBootTestContextBootstrapper : Loaded default TestExecutionListener class names from location [META-INF/spring.factories]: [org.springframework.boot.test.mock.mockito.MockitoTestExecutionListener, org.springframework.boot.test.mock.mockito.ResetMocksTestExecutionListener, org.springframework.boot.test.autoconfigure.restdocs.RestDocsTestExecutionListener, org.springframework.boot.test.autoconfigure.web.client.MockRestServiceServerResetTestExecutionListener, org.springframework.boot.test.autoconfigure.web.servlet.MockMvcPrintOnlyOnFailureTestExecutionListener, org.springframework.boot.test.autoconfigure.web.servlet.WebDriverTestExecutionListener, org.springframework.test.context.web.ServletTestExecutionListener, org.springframework.test.context.support.DirtiesContextBeforeModesTestExecutionListener, org.springframework.test.context.support.DependencyInjectionTestExecutionListener, org.springframework.test.context.support.DirtiesContextTestExecutionListener, org.springframework.test.context.transaction.TransactionalTestExecutionListener, org.springframework.test.context.jdbc.SqlScriptsTestExecutionListener]
2023-01-04 17:44:53.211 DEBUG 3888 --- [kground-preinit] o.apache.tomcat.util.digester.Digester   :   New match='mbeans-descriptors/mbean/attribute'
2023-01-04 17:44:53.211 DEBUG 3888 --- [kground-preinit] o.apache.tomcat.util.digester.Digester   :   Fire begin() for ObjectCreateRule[className=org.apache.tomcat.util.modeler.AttributeInfo, attributeName=null]
2023-01-04 17:44:53.211  INFO 3888 --- [           main] .b.t.c.SpringBootTestContextBootstrapper : Using TestExecutionListeners: [org.springframework.test.context.web.ServletTestExecutionListener@680a66dd, org.springframework.test.context.support.DirtiesContextBeforeModesTestExecutionListener@2dd8239, org.springframework.boot.test.mock.mockito.MockitoTestExecutionListener@472698d, org.springframework.boot.test.autoconfigure.SpringBootDependencyInjectionTestExecutionListener@7b7683d4, org.springframework.test.context.support.DirtiesContextTestExecutionListener@40712ee9, org.springframework.test.context.transaction.TransactionalTestExecutionListener@2e53b094, org.springframework.test.context.jdbc.SqlScriptsTestExecutionListener@39fa8ad2, org.springframework.boot.test.mock.mockito.ResetMocksTestExecutionListener@76ddd61a, org.springframework.boot.test.autoconfigure.restdocs.RestDocsTestExecutionListener@3f92a84e, org.springframework.boot.test.autoconfigure.web.client.MockRestServiceServerResetTestExecutionListener@cf67838, org.springframework.boot.test.autoconfigure.web.servlet.MockMvcPrintOnlyOnFailureTestExecutionListener@6137cf6e, org.springframework.boot.test.autoconfigure.web.servlet.WebDriverTestExecutionListener@7942a854]
2023-01-04 17:44:53.212 DEBUG 3888 --- [kground-preinit] o.apache.tomcat.util.digester.Digester   : [ObjectCreateRule]{mbeans-descriptors/mbean/attribute}New org.apache.tomcat.util.modeler.AttributeInfo
2023-01-04 17:44:53.222 DEBUG 3888 --- [kground-preinit] o.apache.tomcat.util.digester.Digester   :   Fire begin() for SetPropertiesRule[]
2023-01-04 17:44:53.222 DEBUG 3888 --- [kground-preinit] o.apache.tomcat.util.digester.Digester   : [SetPropertiesRule]{mbeans-descriptors/mbean/attribute} Set org.apache.tomcat.util.modeler.AttributeInfo properties
2023-01-04 17:44:53.223 DEBUG 3888 --- [kground-preinit] o.apache.tomcat.util.digester.Digester   : [SetPropertiesRule]{mbeans-descriptors/mbean/attribute} Setting property 'name' to 'changeSessionIdOnAuthentication'
2023-01-04 17:44:53.223 DEBUG 3888 --- [kground-preinit] o.apache.tomcat.util.IntrospectionUtils  : IntrospectionUtils: setProperty(class org.apache.tomcat.util.modeler.AttributeInfo name=changeSessionIdOnAuthentication)
2023-01-04 17:44:53.223 DEBUG 3888 --- [kground-preinit] o.apache.tomcat.util.digester.Digester   : [SetPropertiesRule]{mbeans-descriptors/mbean/attribute} Setting property 'description' to 'Controls if the session ID is changed if a session exists at the point where users are authenticated'
2023-01-04 17:44:53.223 DEBUG 3888 --- [kground-preinit] o.apache.tomcat.util.IntrospectionUtils  : IntrospectionUtils: setProperty(class org.apache.tomcat.util.modeler.AttributeInfo description=Controls if the session ID is changed if a session exists at the point where users are authenticated)
2023-01-04 17:44:53.223 DEBUG 3888 --- [kground-preinit] o.apache.tomcat.util.digester.Digester   : [SetPropertiesRule]{mbeans-descriptors/mbean/attribute} Setting property 'type' to 'boolean'
2023-01-04 17:44:53.223 DEBUG 3888 --- [kground-preinit] o.apache.tomcat.util.IntrospectionUtils  : IntrospectionUtils: setProperty(class org.apache.tomcat.util.modeler.AttributeInfo type=boolean)
2023-01-04 17:44:53.224 DEBUG 3888 --- [kground-preinit] o.apache.tomcat.util.digester.Digester   :   Fire begin() for SetNextRule[methodName=addAttribute, paramType=org.apache.tomcat.util.modeler.AttributeInfo]
2023-01-04 17:44:53.224 DEBUG 3888 --- [kground-preinit] o.a.tomcat.util.digester.Digester.sax    : endElement(,,attribute)
2023-01-04 17:44:53.224 DEBUG 3888 --- [kground-preinit] o.apache.tomcat.util.digester.Digester   :   match='mbeans-descriptors/mbean/attribute'
2023-01-04 17:44:53.224 DEBUG 3888 --- [kground-preinit] o.apache.tomcat.util.digester.Digester   :   bodyText=''
2023-01-04 17:44:53.224 DEBUG 3888 --- [kground-preinit] o.apache.tomcat.util.digester.Digester   :   Fire body() for ObjectCreateRule[className=org.apache.tomcat.util.modeler.AttributeInfo, attributeName=null]
2023-01-04 17:44:53.224 DEBUG 3888 --- [kground-preinit] o.apache.tomcat.util.digester.Digester   :   Fire body() for SetPropertiesRule[]
2023-01-04 17:44:53.224 DEBUG 3888 --- [kground-preinit] o.apache.tomcat.util.digester.Digester   :   Fire body() for SetNextRule[methodName=addAttribute, paramType=org.apache.tomcat.util.modeler.AttributeInfo]
2023-01-04 17:44:53.224 DEBUG 3888 --- [kground-preinit] o.apache.tomcat.util.digester.Digester   :   Fire end() for SetNextRule[methodName=addAttribute, paramType=org.apache.tomcat.util.modeler.AttributeInfo]
2023-01-04 17:44:53.224 DEBUG 3888 --- [kground-preinit] o.apache.tomcat.util.digester.Digester   : [SetNextRule]{mbeans-descriptors/mbean/attribute} Call org.apache.tomcat.util.modeler.ManagedBean.addAttribute(org.apache.tomcat.util.modeler.AttributeInfo@8d3a0b8)
2023-01-04 17:44:53.224 DEBUG 3888 --- [kground-preinit] o.apache.tomcat.util.IntrospectionUtils  : IntrospectionUtils: callMethod1 org.apache.tomcat.util.modeler.ManagedBean org.apache.tomcat.util.modeler.AttributeInfo org.apache.tomcat.util.modeler.AttributeInfo
2023-01-04 17:44:53.224 DEBUG 3888 --- [kground-preinit] o.apache.tomcat.util.digester.Digester   :   Fire end() for SetPropertiesRule[]
2023-01-04 17:44:53.225 DEBUG 3888 --- [kground-preinit] o.apache.tomcat.util.digester.Digester   :   Fire end() for ObjectCreateRule[className=org.apache.tomcat.util.modeler.AttributeInfo, attributeName=null]
2023-01-04 17:44:53.225 DEBUG 3888 --- [kground-preinit] o.apache.tomcat.util.digester.Digester   : [ObjectCreateRule]{mbeans-descriptors/mbean/attribute} Pop org.apache.tomcat.util.modeler.AttributeInfo
2023-01-04 17:44:53.225 DEBUG 3888 --- [kground-preinit] o.a.tomcat.util.digester.Digester.sax    : characters(

    )
2023-01-04 17:44:53.225 DEBUG 3888 --- [kground-preinit] o.a.tomcat.util.digester.Digester.sax    : startElement(,,attribute)
2023-01-04 17:44:53.225 DEBUG 3888 --- [kground-preinit] o.apache.tomcat.util.digester.Digester   :   New match='mbeans-descriptors/mbean/attribute'
2023-01-04 17:44:53.226 DEBUG 3888 --- [kground-preinit] o.apache.tomcat.util.digester.Digester   :   Fire begin() for ObjectCreateRule[className=org.apache.tomcat.util.modeler.AttributeInfo, attributeName=null]
2023-01-04 17:44:53.226 DEBUG 3888 --- [kground-preinit] o.apache.tomcat.util.digester.Digester   : [ObjectCreateRule]{mbeans-descriptors/mbean/attribute}New org.apache.tomcat.util.modeler.AttributeInfo
2023-01-04 17:44:53.226 DEBUG 3888 --- [kground-preinit] o.apache.tomcat.util.digester.Digester   :   Fire begin() for SetPropertiesRule[]
2023-01-04 17:44:53.226 DEBUG 3888 --- [kground-preinit] o.apache.tomcat.util.digester.Digester   : [SetPropertiesRule]{mbeans-descriptors/mbean/attribute} Set org.apache.tomcat.util.modeler.AttributeInfo properties
2023-01-04 17:44:53.226 DEBUG 3888 --- [kground-preinit] o.apache.tomcat.util.digester.Digester   : [SetPropertiesRule]{mbeans-descriptors/mbean/attribute} Setting property 'name' to 'className'
2023-01-04 17:44:53.225 DEBUG 3888 --- [           main] o.s.test.annotation.ProfileValueUtils    : Retrieved @ProfileValueSourceConfiguration [null] for test class [com.affani.datatranx.DatatranxApplicationTests]
2023-01-04 17:44:53.226 DEBUG 3888 --- [kground-preinit] o.apache.tomcat.util.IntrospectionUtils  : IntrospectionUtils: setProperty(class org.apache.tomcat.util.modeler.AttributeInfo name=className)
2023-01-04 17:44:53.227 DEBUG 3888 --- [kground-preinit] o.apache.tomcat.util.digester.Digester   : [SetPropertiesRule]{mbeans-descriptors/mbean/attribute} Setting property 'description' to 'Fully qualified class name of the managed object'
2023-01-04 17:44:53.227 DEBUG 3888 --- [kground-preinit] o.apache.tomcat.util.IntrospectionUtils  : IntrospectionUtils: setProperty(class org.apache.tomcat.util.modeler.AttributeInfo description=Fully qualified class name of the managed object)
2023-01-04 17:44:53.227 DEBUG 3888 --- [kground-preinit] o.apache.tomcat.util.digester.Digester   : [SetPropertiesRule]{mbeans-descriptors/mbean/attribute} Setting property 'type' to 'java.lang.String'
2023-01-04 17:44:53.227 DEBUG 3888 --- [kground-preinit] o.apache.tomcat.util.IntrospectionUtils  : IntrospectionUtils: setProperty(class org.apache.tomcat.util.modeler.AttributeInfo type=java.lang.String)
2023-01-04 17:44:53.227 DEBUG 3888 --- [kground-preinit] o.apache.tomcat.util.digester.Digester   : [SetPropertiesRule]{mbeans-descriptors/mbean/attribute} Setting property 'writeable' to 'false'
2023-01-04 17:44:53.227 DEBUG 3888 --- [kground-preinit] o.apache.tomcat.util.IntrospectionUtils  : IntrospectionUtils: setProperty(class org.apache.tomcat.util.modeler.AttributeInfo writeable=false)
2023-01-04 17:44:53.227 DEBUG 3888 --- [kground-preinit] o.apache.tomcat.util.digester.Digester   :   Fire begin() for SetNextRule[methodName=addAttribute, paramType=org.apache.tomcat.util.modeler.AttributeInfo]
2023-01-04 17:44:53.228 DEBUG 3888 --- [kground-preinit] o.a.tomcat.util.digester.Digester.sax    : endElement(,,attribute)
2023-01-04 17:44:53.228 DEBUG 3888 --- [kground-preinit] o.apache.tomcat.util.digester.Digester   :   match='mbeans-descriptors/mbean/attribute'
2023-01-04 17:44:53.228 DEBUG 3888 --- [kground-preinit] o.apache.tomcat.util.digester.Digester   :   bodyText=''
2023-01-04 17:44:53.228 DEBUG 3888 --- [kground-preinit] o.apache.tomcat.util.digester.Digester   :   Fire body() for ObjectCreateRule[className=org.apache.tomcat.util.modeler.AttributeInfo, attributeName=null]
2023-01-04 17:44:53.228 DEBUG 3888 --- [kground-preinit] o.apache.tomcat.util.digester.Digester   :   Fire body() for SetPropertiesRule[]
2023-01-04 17:44:53.228 DEBUG 3888 --- [kground-preinit] o.apache.tomcat.util.digester.Digester   :   Fire body() for SetNextRule[methodName=addAttribute, paramType=org.apache.tomcat.util.modeler.AttributeInfo]
2023-01-04 17:44:53.228 DEBUG 3888 --- [kground-preinit] o.apache.tomcat.util.digester.Digester   :   Fire end() for SetNextRule[methodName=addAttribute, paramType=org.apache.tomcat.util.modeler.AttributeInfo]
2023-01-04 17:44:53.228 DEBUG 3888 --- [kground-preinit] o.apache.tomcat.util.digester.Digester   : [SetNextRule]{mbeans-descriptors/mbean/attribute} Call org.apache.tomcat.util.modeler.ManagedBean.addAttribute(org.apache.tomcat.util.modeler.AttributeInfo@4348cb48)
2023-01-04 17:44:53.229 DEBUG 3888 --- [kground-preinit] o.apache.tomcat.util.IntrospectionUtils  : IntrospectionUtils: callMethod1 org.apache.tomcat.util.modeler.ManagedBean org.apache.tomcat.util.modeler.AttributeInfo org.apache.tomcat.util.modeler.AttributeInfo
2023-01-04 17:44:53.229 DEBUG 3888 --- [kground-preinit] o.apache.tomcat.util.digester.Digester   :   Fire end() for SetPropertiesRule[]
2023-01-04 17:44:53.229 DEBUG 3888 --- [kground-preinit] o.apache.tomcat.util.digester.Digester   :   Fire end() for ObjectCreateRule[className=org.apache.tomcat.util.modeler.AttributeInfo, attributeName=null]
2023-01-04 17:44:53.229 DEBUG 3888 --- [kground-preinit] o.apache.tomcat.util.digester.Digester   : [ObjectCreateRule]{mbeans-descriptors/mbean/attribute} Pop org.apache.tomcat.util.modeler.AttributeInfo
2023-01-04 17:44:53.229 DEBUG 3888 --- [kground-preinit] o.a.tomcat.util.digester.Digester.sax    : characters(

    )
2023-01-04 17:44:53.233 DEBUG 3888 --- [kground-preinit] o.a.tomcat.util.digester.Digester.sax    : startElement(,,attribute)
2023-01-04 17:44:53.234 DEBUG 3888 --- [kground-preinit] o.apache.tomcat.util.digester.Digester   :   New match='mbeans-descriptors/mbean/attribute'
2023-01-04 17:44:53.234 DEBUG 3888 --- [kground-preinit] o.apache.tomcat.util.digester.Digester   :   Fire begin() for ObjectCreateRule[className=org.apache.tomcat.util.modeler.AttributeInfo, attributeName=null]
2023-01-04 17:44:53.235 DEBUG 3888 --- [kground-preinit] o.apache.tomcat.util.digester.Digester   : [ObjectCreateRule]{mbeans-descriptors/mbean/attribute}New org.apache.tomcat.util.modeler.AttributeInfo
2023-01-04 17:44:53.235 DEBUG 3888 --- [kground-preinit] o.apache.tomcat.util.digester.Digester   :   Fire begin() for SetPropertiesRule[]
2023-01-04 17:44:53.235 DEBUG 3888 --- [kground-preinit] o.apache.tomcat.util.digester.Digester   : [SetPropertiesRule]{mbeans-descriptors/mbean/attribute} Set org.apache.tomcat.util.modeler.AttributeInfo properties
2023-01-04 17:44:53.235 DEBUG 3888 --- [kground-preinit] o.apache.tomcat.util.digester.Digester   : [SetPropertiesRule]{mbeans-descriptors/mbean/attribute} Setting property 'name' to 'disableProxyCaching'
2023-01-04 17:44:53.235 DEBUG 3888 --- [kground-preinit] o.apache.tomcat.util.IntrospectionUtils  : IntrospectionUtils: setProperty(class org.apache.tomcat.util.modeler.AttributeInfo name=disableProxyCaching)
2023-01-04 17:44:53.235 DEBUG 3888 --- [kground-preinit] o.apache.tomcat.util.digester.Digester   : [SetPropertiesRule]{mbeans-descriptors/mbean/attribute} Setting property 'description' to 'Controls the caching of pages that are protected by security constraints'
2023-01-04 17:44:53.235 DEBUG 3888 --- [kground-preinit] o.apache.tomcat.util.IntrospectionUtils  : IntrospectionUtils: setProperty(class org.apache.tomcat.util.modeler.AttributeInfo description=Controls the caching of pages that are protected by security constraints)
2023-01-04 17:44:53.235 DEBUG 3888 --- [kground-preinit] o.apache.tomcat.util.digester.Digester   : [SetPropertiesRule]{mbeans-descriptors/mbean/attribute} Setting property 'type' to 'boolean'
2023-01-04 17:44:53.235 DEBUG 3888 --- [           main] o.s.test.annotation.ProfileValueUtils    : Retrieved ProfileValueSource type [class org.springframework.test.annotation.SystemProfileValueSource] for class [com.affani.datatranx.DatatranxApplicationTests]
2023-01-04 17:44:53.235 DEBUG 3888 --- [kground-preinit] o.apache.tomcat.util.IntrospectionUtils  : IntrospectionUtils: setProperty(class org.apache.tomcat.util.modeler.AttributeInfo type=boolean)
2023-01-04 17:44:53.236 DEBUG 3888 --- [kground-preinit] o.apache.tomcat.util.digester.Digester   :   Fire begin() for SetNextRule[methodName=addAttribute, paramType=org.apache.tomcat.util.modeler.AttributeInfo]
2023-01-04 17:44:53.236 DEBUG 3888 --- [kground-preinit] o.a.tomcat.util.digester.Digester.sax    : endElement(,,attribute)
2023-01-04 17:44:53.236 DEBUG 3888 --- [kground-preinit] o.apache.tomcat.util.digester.Digester   :   match='mbeans-descriptors/mbean/attribute'
2023-01-04 17:44:53.236 DEBUG 3888 --- [kground-preinit] o.apache.tomcat.util.digester.Digester   :   bodyText=''
2023-01-04 17:44:53.236 DEBUG 3888 --- [kground-preinit] o.apache.tomcat.util.digester.Digester   :   Fire body() for ObjectCreateRule[className=org.apache.tomcat.util.modeler.AttributeInfo, attributeName=null]
2023-01-04 17:44:53.236 DEBUG 3888 --- [kground-preinit] o.apache.tomcat.util.digester.Digester   :   Fire body() for SetPropertiesRule[]
2023-01-04 17:44:53.236 DEBUG 3888 --- [kground-preinit] o.apache.tomcat.util.digester.Digester   :   Fire body() for SetNextRule[methodName=addAttribute, paramType=org.apache.tomcat.util.modeler.AttributeInfo]
2023-01-04 17:44:53.236 DEBUG 3888 --- [           main] o.s.test.annotation.ProfileValueUtils    : Retrieved @ProfileValueSourceConfiguration [null] for test class [com.affani.datatranx.DatatranxApplicationTests]
2023-01-04 17:44:53.236 DEBUG 3888 --- [kground-preinit] o.apache.tomcat.util.digester.Digester   :   Fire end() for SetNextRule[methodName=addAttribute, paramType=org.apache.tomcat.util.modeler.AttributeInfo]
2023-01-04 17:44:53.236 DEBUG 3888 --- [kground-preinit] o.apache.tomcat.util.digester.Digester   : [SetNextRule]{mbeans-descriptors/mbean/attribute} Call org.apache.tomcat.util.modeler.ManagedBean.addAttribute(org.apache.tomcat.util.modeler.AttributeInfo@7fbd04e2)
2023-01-04 17:44:53.236 DEBUG 3888 --- [           main] o.s.test.annotation.ProfileValueUtils    : Retrieved ProfileValueSource type [class org.springframework.test.annotation.SystemProfileValueSource] for class [com.affani.datatranx.DatatranxApplicationTests]
2023-01-04 17:44:53.237 DEBUG 3888 --- [kground-preinit] o.apache.tomcat.util.IntrospectionUtils  : IntrospectionUtils: callMethod1 org.apache.tomcat.util.modeler.ManagedBean org.apache.tomcat.util.modeler.AttributeInfo org.apache.tomcat.util.modeler.AttributeInfo
2023-01-04 17:44:53.237 DEBUG 3888 --- [kground-preinit] o.apache.tomcat.util.digester.Digester   :   Fire end() for SetPropertiesRule[]
2023-01-04 17:44:53.237 DEBUG 3888 --- [kground-preinit] o.apache.tomcat.util.digester.Digester   :   Fire end() for ObjectCreateRule[className=org.apache.tomcat.util.modeler.AttributeInfo, attributeName=null]
2023-01-04 17:44:53.237 DEBUG 3888 --- [           main] o.s.test.annotation.ProfileValueUtils    : Retrieved @ProfileValueSourceConfiguration [null] for test class [com.affani.datatranx.DatatranxApplicationTests]
2023-01-04 17:44:53.237 DEBUG 3888 --- [kground-preinit] o.apache.tomcat.util.digester.Digester   : [ObjectCreateRule]{mbeans-descriptors/mbean/attribute} Pop org.apache.tomcat.util.modeler.AttributeInfo
2023-01-04 17:44:53.237 DEBUG 3888 --- [kground-preinit] o.a.tomcat.util.digester.Digester.sax    : characters(

    )
2023-01-04 17:44:53.237 DEBUG 3888 --- [kground-preinit] o.a.tomcat.util.digester.Digester.sax    : startElement(,,attribute)
2023-01-04 17:44:53.237 DEBUG 3888 --- [           main] o.s.test.annotation.ProfileValueUtils    : Retrieved ProfileValueSource type [class org.springframework.test.annotation.SystemProfileValueSource] for class [com.affani.datatranx.DatatranxApplicationTests]
2023-01-04 17:44:53.237 DEBUG 3888 --- [kground-preinit] o.apache.tomcat.util.digester.Digester   :   New match='mbeans-descriptors/mbean/attribute'
2023-01-04 17:44:53.237 DEBUG 3888 --- [kground-preinit] o.apache.tomcat.util.digester.Digester   :   Fire begin() for ObjectCreateRule[className=org.apache.tomcat.util.modeler.AttributeInfo, attributeName=null]
2023-01-04 17:44:53.237 DEBUG 3888 --- [kground-preinit] o.apache.tomcat.util.digester.Digester   : [ObjectCreateRule]{mbeans-descriptors/mbean/attribute}New org.apache.tomcat.util.modeler.AttributeInfo
2023-01-04 17:44:53.238 DEBUG 3888 --- [kground-preinit] o.apache.tomcat.util.digester.Digester   :   Fire begin() for SetPropertiesRule[]
2023-01-04 17:44:53.238 DEBUG 3888 --- [kground-preinit] o.apache.tomcat.util.digester.Digester   : [SetPropertiesRule]{mbeans-descriptors/mbean/attribute} Set org.apache.tomcat.util.modeler.AttributeInfo properties
2023-01-04 17:44:53.238 DEBUG 3888 --- [kground-preinit] o.apache.tomcat.util.digester.Digester   : [SetPropertiesRule]{mbeans-descriptors/mbean/attribute} Setting property 'name' to 'securePagesWithPragma'
2023-01-04 17:44:53.238 DEBUG 3888 --- [kground-preinit] o.apache.tomcat.util.IntrospectionUtils  : IntrospectionUtils: setProperty(class org.apache.tomcat.util.modeler.AttributeInfo name=securePagesWithPragma)
2023-01-04 17:44:53.238 DEBUG 3888 --- [kground-preinit] o.apache.tomcat.util.digester.Digester   : [SetPropertiesRule]{mbeans-descriptors/mbean/attribute} Setting property 'description' to 'Controls the caching of pages that are protected by security constraints'
2023-01-04 17:44:53.238 DEBUG 3888 --- [kground-preinit] o.apache.tomcat.util.IntrospectionUtils  : IntrospectionUtils: setProperty(class org.apache.tomcat.util.modeler.AttributeInfo description=Controls the caching of pages that are protected by security constraints)
2023-01-04 17:44:53.238 DEBUG 3888 --- [kground-preinit] o.apache.tomcat.util.digester.Digester   : [SetPropertiesRule]{mbeans-descriptors/mbean/attribute} Setting property 'type' to 'boolean'
2023-01-04 17:44:53.238 DEBUG 3888 --- [kground-preinit] o.apache.tomcat.util.IntrospectionUtils  : IntrospectionUtils: setProperty(class org.apache.tomcat.util.modeler.AttributeInfo type=boolean)
2023-01-04 17:44:53.238 DEBUG 3888 --- [kground-preinit] o.apache.tomcat.util.digester.Digester   :   Fire begin() for SetNextRule[methodName=addAttribute, paramType=org.apache.tomcat.util.modeler.AttributeInfo]
2023-01-04 17:44:53.238 DEBUG 3888 --- [kground-preinit] o.a.tomcat.util.digester.Digester.sax    : endElement(,,attribute)
2023-01-04 17:44:53.238 DEBUG 3888 --- [kground-preinit] o.apache.tomcat.util.digester.Digester   :   match='mbeans-descriptors/mbean/attribute'
2023-01-04 17:44:53.238 DEBUG 3888 --- [kground-preinit] o.apache.tomcat.util.digester.Digester   :   bodyText=''
2023-01-04 17:44:53.239 DEBUG 3888 --- [kground-preinit] o.apache.tomcat.util.digester.Digester   :   Fire body() for ObjectCreateRule[className=org.apache.tomcat.util.modeler.AttributeInfo, attributeName=null]
2023-01-04 17:44:53.239 DEBUG 3888 --- [kground-preinit] o.apache.tomcat.util.digester.Digester   :   Fire body() for SetPropertiesRule[]
2023-01-04 17:44:53.239 DEBUG 3888 --- [kground-preinit] o.apache.tomcat.util.digester.Digester   :   Fire body() for SetNextRule[methodName=addAttribute, paramType=org.apache.tomcat.util.modeler.AttributeInfo]
2023-01-04 17:44:53.239 DEBUG 3888 --- [kground-preinit] o.apache.tomcat.util.digester.Digester   :   Fire end() for SetNextRule[methodName=addAttribute, paramType=org.apache.tomcat.util.modeler.AttributeInfo]
2023-01-04 17:44:53.239 DEBUG 3888 --- [kground-preinit] o.apache.tomcat.util.digester.Digester   : [SetNextRule]{mbeans-descriptors/mbean/attribute} Call org.apache.tomcat.util.modeler.ManagedBean.addAttribute(org.apache.tomcat.util.modeler.AttributeInfo@765fa1a)
2023-01-04 17:44:53.239 DEBUG 3888 --- [kground-preinit] o.apache.tomcat.util.IntrospectionUtils  : IntrospectionUtils: callMethod1 org.apache.tomcat.util.modeler.ManagedBean org.apache.tomcat.util.modeler.AttributeInfo org.apache.tomcat.util.modeler.AttributeInfo
2023-01-04 17:44:53.239 DEBUG 3888 --- [kground-preinit] o.apache.tomcat.util.digester.Digester   :   Fire end() for SetPropertiesRule[]
2023-01-04 17:44:53.239 DEBUG 3888 --- [kground-preinit] o.apache.tomcat.util.digester.Digester   :   Fire end() for ObjectCreateRule[className=org.apache.tomcat.util.modeler.AttributeInfo, attributeName=null]
2023-01-04 17:44:53.239 DEBUG 3888 --- [kground-preinit] o.apache.tomcat.util.digester.Digester   : [ObjectCreateRule]{mbeans-descriptors/mbean/attribute} Pop org.apache.tomcat.util.modeler.AttributeInfo
2023-01-04 17:44:53.239 DEBUG 3888 --- [kground-preinit] o.a.tomcat.util.digester.Digester.sax    : characters(

    )
2023-01-04 17:44:53.239 DEBUG 3888 --- [kground-preinit] o.a.tomcat.util.digester.Digester.sax    : startElement(,,attribute)
2023-01-04 17:44:53.239 DEBUG 3888 --- [kground-preinit] o.apache.tomcat.util.digester.Digester   :   New match='mbeans-descriptors/mbean/attribute'
2023-01-04 17:44:53.239 DEBUG 3888 --- [kground-preinit] o.apache.tomcat.util.digester.Digester   :   Fire begin() for ObjectCreateRule[className=org.apache.tomcat.util.modeler.AttributeInfo, attributeName=null]
2023-01-04 17:44:53.239 DEBUG 3888 --- [kground-preinit] o.apache.tomcat.util.digester.Digester   : [ObjectCreateRule]{mbeans-descriptors/mbean/attribute}New org.apache.tomcat.util.modeler.AttributeInfo
2023-01-04 17:44:53.240 DEBUG 3888 --- [kground-preinit] o.apache.tomcat.util.digester.Digester   :   Fire begin() for SetPropertiesRule[]
2023-01-04 17:44:53.240 DEBUG 3888 --- [kground-preinit] o.apache.tomcat.util.digester.Digester   : [SetPropertiesRule]{mbeans-descriptors/mbean/attribute} Set org.apache.tomcat.util.modeler.AttributeInfo properties
2023-01-04 17:44:53.240 DEBUG 3888 --- [           main] tractDirtiesContextTestExecutionListener : Before test class: context [DefaultTestContext@53b8afea testClass = DatatranxApplicationTests, testInstance = [null], testMethod = [null], testException = [null], mergedContextConfiguration = [WebMergedContextConfiguration@6c302a1d testClass = DatatranxApplicationTests, locations = '{}', classes = '{class com.affani.datatranx.DatatranxApplication}', contextInitializerClasses = '[]', activeProfiles = '{}', propertySourceLocations = '{}', propertySourceProperties = '{org.springframework.boot.test.context.SpringBootTestContextBootstrapper=true}', contextCustomizers = set[org.springframework.boot.test.context.filter.ExcludeFilterContextCustomizer@32502377, org.springframework.boot.test.json.DuplicateJsonObjectContextCustomizerFactory$DuplicateJsonObjectContextCustomizer@66f57048, org.springframework.boot.test.mock.mockito.MockitoContextCustomizer@0, org.springframework.boot.test.web.client.TestRestTemplateContextCustomizer@242b836, org.springframework.boot.test.autoconfigure.properties.PropertyMappingContextCustomizer@0, org.springframework.boot.test.autoconfigure.web.servlet.WebDriverContextCustomizerFactory$Customizer@229c6181], resourceBasePath = 'src/main/webapp', contextLoader = 'org.springframework.boot.test.context.SpringBootContextLoader', parent = [null]], attributes = map['org.springframework.test.context.web.ServletTestExecutionListener.activateListener' -> true]], class annotated with @DirtiesContext [false] with mode [null].
2023-01-04 17:44:53.240 DEBUG 3888 --- [kground-preinit] o.apache.tomcat.util.digester.Digester   : [SetPropertiesRule]{mbeans-descriptors/mbean/attribute} Setting property 'name' to 'stateName'
2023-01-04 17:44:53.240 DEBUG 3888 --- [kground-preinit] o.apache.tomcat.util.IntrospectionUtils  : IntrospectionUtils: setProperty(class org.apache.tomcat.util.modeler.AttributeInfo name=stateName)
2023-01-04 17:44:53.241 DEBUG 3888 --- [kground-preinit] o.apache.tomcat.util.digester.Digester   : [SetPropertiesRule]{mbeans-descriptors/mbean/attribute} Setting property 'description' to 'The name of the LifecycleState that this component is currently in'
2023-01-04 17:44:53.241 DEBUG 3888 --- [kground-preinit] o.apache.tomcat.util.IntrospectionUtils  : IntrospectionUtils: setProperty(class org.apache.tomcat.util.modeler.AttributeInfo description=The name of the LifecycleState that this component is currently in)
2023-01-04 17:44:53.241 DEBUG 3888 --- [kground-preinit] o.apache.tomcat.util.digester.Digester   : [SetPropertiesRule]{mbeans-descriptors/mbean/attribute} Setting property 'type' to 'java.lang.String'
2023-01-04 17:44:53.241 DEBUG 3888 --- [kground-preinit] o.apache.tomcat.util.IntrospectionUtils  : IntrospectionUtils: setProperty(class org.apache.tomcat.util.modeler.AttributeInfo type=java.lang.String)
2023-01-04 17:44:53.241 DEBUG 3888 --- [kground-preinit] o.apache.tomcat.util.digester.Digester   : [SetPropertiesRule]{mbeans-descriptors/mbean/attribute} Setting property 'writeable' to 'false'
2023-01-04 17:44:53.241 DEBUG 3888 --- [kground-preinit] o.apache.tomcat.util.IntrospectionUtils  : IntrospectionUtils: setProperty(class org.apache.tomcat.util.modeler.AttributeInfo writeable=false)
2023-01-04 17:44:53.241 DEBUG 3888 --- [kground-preinit] o.apache.tomcat.util.digester.Digester   :   Fire begin() for SetNextRule[methodName=addAttribute, paramType=org.apache.tomcat.util.modeler.AttributeInfo]
2023-01-04 17:44:53.241 DEBUG 3888 --- [kground-preinit] o.a.tomcat.util.digester.Digester.sax    : endElement(,,attribute)
2023-01-04 17:44:53.241 DEBUG 3888 --- [kground-preinit] o.apache.tomcat.util.digester.Digester   :   match='mbeans-descriptors/mbean/attribute'
2023-01-04 17:44:53.242 DEBUG 3888 --- [kground-preinit] o.apache.tomcat.util.digester.Digester   :   bodyText=''
2023-01-04 17:44:53.242 DEBUG 3888 --- [kground-preinit] o.apache.tomcat.util.digester.Digester   :   Fire body() for ObjectCreateRule[className=org.apache.tomcat.util.modeler.AttributeInfo, attributeName=null]
2023-01-04 17:44:53.242 DEBUG 3888 --- [kground-preinit] o.apache.tomcat.util.digester.Digester   :   Fire body() for SetPropertiesRule[]
2023-01-04 17:44:53.242 DEBUG 3888 --- [kground-preinit] o.apache.tomcat.util.digester.Digester   :   Fire body() for SetNextRule[methodName=addAttribute, paramType=org.apache.tomcat.util.modeler.AttributeInfo]
2023-01-04 17:44:53.241 DEBUG 3888 --- [           main] o.s.test.annotation.ProfileValueUtils    : Retrieved @ProfileValueSourceConfiguration [null] for test class [com.affani.datatranx.DatatranxApplicationTests]
2023-01-04 17:44:53.242 DEBUG 3888 --- [           main] o.s.test.annotation.ProfileValueUtils    : Retrieved ProfileValueSource type [class org.springframework.test.annotation.SystemProfileValueSource] for class [com.affani.datatranx.DatatranxApplicationTests]
2023-01-04 17:44:53.242 DEBUG 3888 --- [kground-preinit] o.apache.tomcat.util.digester.Digester   :   Fire end() for SetNextRule[methodName=addAttribute, paramType=org.apache.tomcat.util.modeler.AttributeInfo]
2023-01-04 17:44:53.242 DEBUG 3888 --- [kground-preinit] o.apache.tomcat.util.digester.Digester   : [SetNextRule]{mbeans-descriptors/mbean/attribute} Call org.apache.tomcat.util.modeler.ManagedBean.addAttribute(org.apache.tomcat.util.modeler.AttributeInfo@12265c2e)
2023-01-04 17:44:53.242 DEBUG 3888 --- [kground-preinit] o.apache.tomcat.util.IntrospectionUtils  : IntrospectionUtils: callMethod1 org.apache.tomcat.util.modeler.ManagedBean org.apache.tomcat.util.modeler.AttributeInfo org.apache.tomcat.util.modeler.AttributeInfo
2023-01-04 17:44:53.242 DEBUG 3888 --- [kground-preinit] o.apache.tomcat.util.digester.Digester   :   Fire end() for SetPropertiesRule[]
2023-01-04 17:44:53.242 DEBUG 3888 --- [kground-preinit] o.apache.tomcat.util.digester.Digester   :   Fire end() for ObjectCreateRule[className=org.apache.tomcat.util.modeler.AttributeInfo, attributeName=null]
2023-01-04 17:44:53.242 DEBUG 3888 --- [kground-preinit] o.apache.tomcat.util.digester.Digester   : [ObjectCreateRule]{mbeans-descriptors/mbean/attribute} Pop org.apache.tomcat.util.modeler.AttributeInfo
2023-01-04 17:44:53.242 DEBUG 3888 --- [kground-preinit] o.a.tomcat.util.digester.Digester.sax    : characters(
  )
2023-01-04 17:44:53.243 DEBUG 3888 --- [kground-preinit] o.a.tomcat.util.digester.Digester.sax    : endElement(,,mbean)
2023-01-04 17:44:53.243 DEBUG 3888 --- [kground-preinit] o.apache.tomcat.util.digester.Digester   :   match='mbeans-descriptors/mbean'
2023-01-04 17:44:53.243 DEBUG 3888 --- [kground-preinit] o.apache.tomcat.util.digester.Digester   :   bodyText='

    

    

    

    

    

    
  '
2023-01-04 17:44:53.243 DEBUG 3888 --- [kground-preinit] o.apache.tomcat.util.digester.Digester   :   Fire body() for ObjectCreateRule[className=org.apache.tomcat.util.modeler.ManagedBean, attributeName=null]
2023-01-04 17:44:53.243 DEBUG 3888 --- [kground-preinit] o.apache.tomcat.util.digester.Digester   :   Fire body() for SetPropertiesRule[]
2023-01-04 17:44:53.243 DEBUG 3888 --- [kground-preinit] o.apache.tomcat.util.digester.Digester   :   Fire body() for SetNextRule[methodName=add, paramType=java.lang.Object]
2023-01-04 17:44:53.243 DEBUG 3888 --- [kground-preinit] o.apache.tomcat.util.digester.Digester   :   Fire end() for SetNextRule[methodName=add, paramType=java.lang.Object]
2023-01-04 17:44:53.243 DEBUG 3888 --- [kground-preinit] o.apache.tomcat.util.digester.Digester   : [SetNextRule]{mbeans-descriptors/mbean} Call java.util.ArrayList.add(ManagedBean[name=NonLoginAuthenticator, className=org.apache.tomcat.util.modeler.BaseModelMBean, description=An Authenticator and Valve implementation that checks only security constraints not involving user authentication, group=Valve, type=org.apache.catalina.authenticator.NonLoginAuthenticator])
2023-01-04 17:44:53.243 DEBUG 3888 --- [kground-preinit] o.apache.tomcat.util.IntrospectionUtils  : IntrospectionUtils: callMethod1 java.util.ArrayList org.apache.tomcat.util.modeler.ManagedBean java.lang.Object
2023-01-04 17:44:53.243 DEBUG 3888 --- [kground-preinit] o.apache.tomcat.util.digester.Digester   :   Fire end() for SetPropertiesRule[]
2023-01-04 17:44:53.243 DEBUG 3888 --- [kground-preinit] o.apache.tomcat.util.digester.Digester   :   Fire end() for ObjectCreateRule[className=org.apache.tomcat.util.modeler.ManagedBean, attributeName=null]
2023-01-04 17:44:53.244 DEBUG 3888 --- [kground-preinit] o.apache.tomcat.util.digester.Digester   : [ObjectCreateRule]{mbeans-descriptors/mbean} Pop org.apache.tomcat.util.modeler.ManagedBean
2023-01-04 17:44:53.244 DEBUG 3888 --- [kground-preinit] o.a.tomcat.util.digester.Digester.sax    : characters(


  )
2023-01-04 17:44:53.244 DEBUG 3888 --- [kground-preinit] o.a.tomcat.util.digester.Digester.sax    : startElement(,,mbean)
2023-01-04 17:44:53.244 DEBUG 3888 --- [kground-preinit] o.apache.tomcat.util.digester.Digester   :   New match='mbeans-descriptors/mbean'
2023-01-04 17:44:53.244 DEBUG 3888 --- [kground-preinit] o.apache.tomcat.util.digester.Digester   :   Fire begin() for ObjectCreateRule[className=org.apache.tomcat.util.modeler.ManagedBean, attributeName=null]
2023-01-04 17:44:53.245 DEBUG 3888 --- [kground-preinit] o.apache.tomcat.util.digester.Digester   : [ObjectCreateRule]{mbeans-descriptors/mbean}New org.apache.tomcat.util.modeler.ManagedBean
2023-01-04 17:44:53.245 DEBUG 3888 --- [kground-preinit] o.apache.tomcat.util.digester.Digester   :   Fire begin() for SetPropertiesRule[]
2023-01-04 17:44:53.245 DEBUG 3888 --- [           main] o.s.core.env.StandardEnvironment         : Adding PropertySource 'systemProperties' with lowest search precedence
2023-01-04 17:44:53.245 DEBUG 3888 --- [           main] o.s.core.env.StandardEnvironment         : Adding PropertySource 'systemEnvironment' with lowest search precedence
2023-01-04 17:44:53.246 DEBUG 3888 --- [           main] o.s.core.env.StandardEnvironment         : Initialized StandardEnvironment with PropertySources [MapPropertySource@866370634 {name='systemProperties', properties={java.specification.version=17, sun.cpu.isalist=amd64, sun.jnu.encoding=Cp1252, java.class.path=E:\spring-transaction-management-master\target\test-classes;E:\spring-transaction-management-master\target\classes;C:\Users\ustjavafsdb403\.m2\repository\org\springframework\boot\spring-boot-starter-data-jpa\2.0.4.RELEASE\spring-boot-starter-data-jpa-2.0.4.RELEASE.jar;C:\Users\ustjavafsdb403\.m2\repository\org\springframework\boot\spring-boot-starter\2.0.4.RELEASE\spring-boot-starter-2.0.4.RELEASE.jar;C:\Users\ustjavafsdb403\.m2\repository\org\springframework\boot\spring-boot\2.0.4.RELEASE\spring-boot-2.0.4.RELEASE.jar;C:\Users\ustjavafsdb403\.m2\repository\org\springframework\boot\spring-boot-autoconfigure\2.0.4.RELEASE\spring-boot-autoconfigure-2.0.4.RELEASE.jar;C:\Users\ustjavafsdb403\.m2\repository\org\springframework\boot\spring-boot-starter-logging\2.0.4.RELEASE\spring-boot-starter-logging-2.0.4.RELEASE.jar;C:\Users\ustjavafsdb403\.m2\repository\ch\qos\logback\logback-classic\1.2.3\logback-classic-1.2.3.jar;C:\Users\ustjavafsdb403\.m2\repository\ch\qos\logback\logback-core\1.2.3\logback-core-1.2.3.jar;C:\Users\ustjavafsdb403\.m2\repository\org\apache\logging\log4j\log4j-to-slf4j\2.10.0\log4j-to-slf4j-2.10.0.jar;C:\Users\ustjavafsdb403\.m2\repository\org\apache\logging\log4j\log4j-api\2.10.0\log4j-api-2.10.0.jar;C:\Users\ustjavafsdb403\.m2\repository\org\slf4j\jul-to-slf4j\1.7.25\jul-to-slf4j-1.7.25.jar;C:\Users\ustjavafsdb403\.m2\repository\javax\annotation\javax.annotation-api\1.3.2\javax.annotation-api-1.3.2.jar;C:\Users\ustjavafsdb403\.m2\repository\org\yaml\snakeyaml\1.19\snakeyaml-1.19.jar;C:\Users\ustjavafsdb403\.m2\repository\org\springframework\boot\spring-boot-starter-aop\2.0.4.RELEASE\spring-boot-starter-aop-2.0.4.RELEASE.jar;C:\Users\ustjavafsdb403\.m2\repository\org\springframework\spring-aop\5.0.8.RELEASE\spring-aop-5.0.8.RELEASE.jar;C:\Users\ustjavafsdb403\.m2\repository\org\aspectj\aspectjweaver\1.8.13\aspectjweaver-1.8.13.jar;C:\Users\ustjavafsdb403\.m2\repository\org\springframework\boot\spring-boot-starter-jdbc\2.0.4.RELEASE\spring-boot-starter-jdbc-2.0.4.RELEASE.jar;C:\Users\ustjavafsdb403\.m2\repository\com\zaxxer\HikariCP\2.7.9\HikariCP-2.7.9.jar;C:\Users\ustjavafsdb403\.m2\repository\org\springframework\spring-jdbc\5.0.8.RELEASE\spring-jdbc-5.0.8.RELEASE.jar;C:\Users\ustjavafsdb403\.m2\repository\org\hibernate\hibernate-core\5.2.17.Final\hibernate-core-5.2.17.Final.jar;C:\Users\ustjavafsdb403\.m2\repository\org\jboss\logging\jboss-logging\3.3.2.Final\jboss-logging-3.3.2.Final.jar;C:\Users\ustjavafsdb403\.m2\repository\org\hibernate\javax\persistence\hibernate-jpa-2.1-api\1.0.2.Final\hibernate-jpa-2.1-api-1.0.2.Final.jar;C:\Users\ustjavafsdb403\.m2\repository\org\javassist\javassist\3.22.0-GA\javassist-3.22.0-GA.jar;C:\Users\ustjavafsdb403\.m2\repository\antlr\antlr\2.7.7\antlr-2.7.7.jar;C:\Users\ustjavafsdb403\.m2\repository\org\jboss\jandex\2.0.3.Final\jandex-2.0.3.Final.jar;C:\Users\ustjavafsdb403\.m2\repository\com\fasterxml\classmate\1.3.4\classmate-1.3.4.jar;C:\Users\ustjavafsdb403\.m2\repository\dom4j\dom4j\1.6.1\dom4j-1.6.1.jar;C:\Users\ustjavafsdb403\.m2\repository\org\hibernate\common\hibernate-commons-annotations\5.0.1.Final\hibernate-commons-annotations-5.0.1.Final.jar;C:\Users\ustjavafsdb403\.m2\repository\javax\transaction\javax.transaction-api\1.2\javax.transaction-api-1.2.jar;C:\Users\ustjavafsdb403\.m2\repository\org\springframework\data\spring-data-jpa\2.0.9.RELEASE\spring-data-jpa-2.0.9.RELEASE.jar;C:\Users\ustjavafsdb403\.m2\repository\org\springframework\data\spring-data-commons\2.0.9.RELEASE\spring-data-commons-2.0.9.RELEASE.jar;C:\Users\ustjavafsdb403\.m2\repository\org\springframework\spring-orm\5.0.8.RELEASE\spring-orm-5.0.8.RELEASE.jar;C:\Users\ustjavafsdb403\.m2\repository\org\springframework\spring-context\5.0.8.RELEASE\spring-context-5.0.8.RELEASE.jar;C:\Users\ustjavafsdb403\.m2\repository\org\springframework\spring-tx\5.0.8.RELEASE\spring-tx-5.0.8.RELEASE.jar;C:\Users\ustjavafsdb403\.m2\repository\org\springframework\spring-beans\5.0.8.RELEASE\spring-beans-5.0.8.RELEASE.jar;C:\Users\ustjavafsdb403\.m2\repository\org\slf4j\slf4j-api\1.7.25\slf4j-api-1.7.25.jar;C:\Users\ustjavafsdb403\.m2\repository\org\springframework\spring-aspects\5.0.8.RELEASE\spring-aspects-5.0.8.RELEASE.jar;C:\Users\ustjavafsdb403\.m2\repository\org\springframework\boot\spring-boot-starter-web\2.0.4.RELEASE\spring-boot-starter-web-2.0.4.RELEASE.jar;C:\Users\ustjavafsdb403\.m2\repository\org\springframework\boot\spring-boot-starter-json\2.0.4.RELEASE\spring-boot-starter-json-2.0.4.RELEASE.jar;C:\Users\ustjavafsdb403\.m2\repository\org\springframework\boot\spring-boot-starter-tomcat\2.0.4.RELEASE\spring-boot-starter-tomcat-2.0.4.RELEASE.jar;C:\Users\ustjavafsdb403\.m2\repository\org\apache\tomcat\embed\tomcat-embed-core\8.5.32\tomcat-embed-core-8.5.32.jar;C:\Users\ustjavafsdb403\.m2\repository\org\apache\tomcat\embed\tomcat-embed-el\8.5.32\tomcat-embed-el-8.5.32.jar;C:\Users\ustjavafsdb403\.m2\repository\org\apache\tomcat\embed\tomcat-embed-websocket\8.5.32\tomcat-embed-websocket-8.5.32.jar;C:\Users\ustjavafsdb403\.m2\repository\org\hibernate\validator\hibernate-validator\6.0.11.Final\hibernate-validator-6.0.11.Final.jar;C:\Users\ustjavafsdb403\.m2\repository\javax\validation\validation-api\2.0.1.Final\validation-api-2.0.1.Final.jar;C:\Users\ustjavafsdb403\.m2\repository\org\openjfx\javafx.base\11.0.0-SNAPSHOT\javafx.base-11.0.0-SNAPSHOT.jar;C:\Users\ustjavafsdb403\.m2\repository\org\openjfx\javafx.base\11.0.0-SNAPSHOT\javafx.base-11.0.0-SNAPSHOT-linux.jar;C:\Users\ustjavafsdb403\.m2\repository\org\openjfx\javafx.base\11.0.0-SNAPSHOT\javafx.base-11.0.0-SNAPSHOT-mac.jar;C:\Users\ustjavafsdb403\.m2\repository\org\openjfx\javafx.base\11.0.0-SNAPSHOT\javafx.base-11.0.0-SNAPSHOT-win.jar;C:\Users\ustjavafsdb403\.m2\repository\org\springframework\spring-web\5.0.8.RELEASE\spring-web-5.0.8.RELEASE.jar;C:\Users\ustjavafsdb403\.m2\repository\org\springframework\spring-webmvc\5.0.8.RELEASE\spring-webmvc-5.0.8.RELEASE.jar;C:\Users\ustjavafsdb403\.m2\repository\org\springframework\spring-expression\5.0.8.RELEASE\spring-expression-5.0.8.RELEASE.jar;C:\Users\ustjavafsdb403\.m2\repository\com\h2database\h2\1.4.197\h2-1.4.197.jar;C:\Users\ustjavafsdb403\.m2\repository\javax\xml\bind\jaxb-api\2.3.0\jaxb-api-2.3.0.jar;C:\Users\ustjavafsdb403\.m2\repository\org\springframework\boot\spring-boot-starter-test\2.0.4.RELEASE\spring-boot-starter-test-2.0.4.RELEASE.jar;C:\Users\ustjavafsdb403\.m2\repository\org\springframework\boot\spring-boot-test\2.0.4.RELEASE\spring-boot-test-2.0.4.RELEASE.jar;C:\Users\ustjavafsdb403\.m2\repository\org\springframework\boot\spring-boot-test-autoconfigure\2.0.4.RELEASE\spring-boot-test-autoconfigure-2.0.4.RELEASE.jar;C:\Users\ustjavafsdb403\.m2\repository\com\jayway\jsonpath\json-path\2.4.0\json-path-2.4.0.jar;C:\Users\ustjavafsdb403\.m2\repository\net\minidev\json-smart\2.3\json-smart-2.3.jar;C:\Users\ustjavafsdb403\.m2\repository\net\minidev\accessors-smart\1.2\accessors-smart-1.2.jar;C:\Users\ustjavafsdb403\.m2\repository\org\ow2\asm\asm\5.0.4\asm-5.0.4.jar;C:\Users\ustjavafsdb403\.m2\repository\junit\junit\4.12\junit-4.12.jar;C:\Users\ustjavafsdb403\.m2\repository\org\assertj\assertj-core\3.9.1\assertj-core-3.9.1.jar;C:\Users\ustjavafsdb403\.m2\repository\org\mockito\mockito-core\2.15.0\mockito-core-2.15.0.jar;C:\Users\ustjavafsdb403\.m2\repository\net\bytebuddy\byte-buddy\1.7.11\byte-buddy-1.7.11.jar;C:\Users\ustjavafsdb403\.m2\repository\net\bytebuddy\byte-buddy-agent\1.7.11\byte-buddy-agent-1.7.11.jar;C:\Users\ustjavafsdb403\.m2\repository\org\objenesis\objenesis\2.6\objenesis-2.6.jar;C:\Users\ustjavafsdb403\.m2\repository\org\hamcrest\hamcrest-core\1.3\hamcrest-core-1.3.jar;C:\Users\ustjavafsdb403\.m2\repository\org\hamcrest\hamcrest-library\1.3\hamcrest-library-1.3.jar;C:\Users\ustjavafsdb403\.m2\repository\org\skyscreamer\jsonassert\1.5.0\jsonassert-1.5.0.jar;C:\Users\ustjavafsdb403\.m2\repository\com\vaadin\external\google\android-json\0.0.20131108.vaadin1\android-json-0.0.20131108.vaadin1.jar;C:\Users\ustjavafsdb403\.m2\repository\org\springframework\spring-core\5.0.8.RELEASE\spring-core-5.0.8.RELEASE.jar;C:\Users\ustjavafsdb403\.m2\repository\org\springframework\spring-jcl\5.0.8.RELEASE\spring-jcl-5.0.8.RELEASE.jar;C:\Users\ustjavafsdb403\.m2\repository\org\springframework\spring-test\5.0.8.RELEASE\spring-test-5.0.8.RELEASE.jar;C:\Users\ustjavafsdb403\.m2\repository\org\xmlunit\xmlunit-core\2.5.1\xmlunit-core-2.5.1.jar;C:\Users\ustjavafsdb403\.m2\repository\com\fasterxml\jackson\module\jackson-module-parameter-names\2.9.6\jackson-module-parameter-names-2.9.6.jar;C:\Users\ustjavafsdb403\.m2\repository\com\fasterxml\jackson\core\jackson-core\2.9.6\jackson-core-2.9.6.jar;C:\Users\ustjavafsdb403\.m2\repository\com\fasterxml\jackson\core\jackson-databind\2.9.6\jackson-databind-2.9.6.jar;C:\Users\ustjavafsdb403\.m2\repository\com\fasterxml\jackson\datatype\jackson-datatype-jdk8\2.9.6\jackson-datatype-jdk8-2.9.6.jar;C:\Users\ustjavafsdb403\.m2\repository\com\fasterxml\jackson\datatype\jackson-datatype-jsr310\2.9.6\jackson-datatype-jsr310-2.9.6.jar;C:\Users\ustjavafsdb403\.m2\repository\com\fasterxml\jackson\core\jackson-annotations\2.9.0\jackson-annotations-2.9.0.jar;, java.vm.vendor=Eclipse Adoptium, sun.arch.data.model=64, user.variant=, java.vendor.url=https://adoptium.net/, user.timezone=GMT+05:30, java.vm.specification.version=17, os.name=Windows 10, sun.java.launcher=SUN_STANDARD, user.country=IN, sun.boot.library.path=C:\Users\ustjavafsdb403\.p2\pool\plugins\org.eclipse.justj.openjdk.hotspot.jre.full.win32.x86_64_17.0.5.v20221102-0933\jre\bin, sun.java.command=C:\Users\USTJAV~1\AppData\Local\Temp\surefire2126999072731693157\surefirebooter11800425145749619277.jar C:\Users\ustjavafsdb403\AppData\Local\Temp\surefire2126999072731693157 2023-01-04T17-44-36_170-jvmRun1 surefire11905101423022534022tmp surefire_07651124966663579816tmp, jdk.debug=release, surefire.test.class.path=E:\spring-transaction-management-master\target\test-classes;E:\spring-transaction-management-master\target\classes;C:\Users\ustjavafsdb403\.m2\repository\org\springframework\boot\spring-boot-starter-data-jpa\2.0.4.RELEASE\spring-boot-starter-data-jpa-2.0.4.RELEASE.jar;C:\Users\ustjavafsdb403\.m2\repository\org\springframework\boot\spring-boot-starter\2.0.4.RELEASE\spring-boot-starter-2.0.4.RELEASE.jar;C:\Users\ustjavafsdb403\.m2\repository\org\springframework\boot\spring-boot\2.0.4.RELEASE\spring-boot-2.0.4.RELEASE.jar;C:\Users\ustjavafsdb403\.m2\repository\org\springframework\boot\spring-boot-autoconfigure\2.0.4.RELEASE\spring-boot-autoconfigure-2.0.4.RELEASE.jar;C:\Users\ustjavafsdb403\.m2\repository\org\springframework\boot\spring-boot-starter-logging\2.0.4.RELEASE\spring-boot-starter-logging-2.0.4.RELEASE.jar;C:\Users\ustjavafsdb403\.m2\repository\ch\qos\logback\logback-classic\1.2.3\logback-classic-1.2.3.jar;C:\Users\ustjavafsdb403\.m2\repository\ch\qos\logback\logback-core\1.2.3\logback-core-1.2.3.jar;C:\Users\ustjavafsdb403\.m2\repository\org\apache\logging\log4j\log4j-to-slf4j\2.10.0\log4j-to-slf4j-2.10.0.jar;C:\Users\ustjavafsdb403\.m2\repository\org\apache\logging\log4j\log4j-api\2.10.0\log4j-api-2.10.0.jar;C:\Users\ustjavafsdb403\.m2\repository\org\slf4j\jul-to-slf4j\1.7.25\jul-to-slf4j-1.7.25.jar;C:\Users\ustjavafsdb403\.m2\repository\javax\annotation\javax.annotation-api\1.3.2\javax.annotation-api-1.3.2.jar;C:\Users\ustjavafsdb403\.m2\repository\org\yaml\snakeyaml\1.19\snakeyaml-1.19.jar;C:\Users\ustjavafsdb403\.m2\repository\org\springframework\boot\spring-boot-starter-aop\2.0.4.RELEASE\spring-boot-starter-aop-2.0.4.RELEASE.jar;C:\Users\ustjavafsdb403\.m2\repository\org\springframework\spring-aop\5.0.8.RELEASE\spring-aop-5.0.8.RELEASE.jar;C:\Users\ustjavafsdb403\.m2\repository\org\aspectj\aspectjweaver\1.8.13\aspectjweaver-1.8.13.jar;C:\Users\ustjavafsdb403\.m2\repository\org\springframework\boot\spring-boot-starter-jdbc\2.0.4.RELEASE\spring-boot-starter-jdbc-2.0.4.RELEASE.jar;C:\Users\ustjavafsdb403\.m2\repository\com\zaxxer\HikariCP\2.7.9\HikariCP-2.7.9.jar;C:\Users\ustjavafsdb403\.m2\repository\org\springframework\spring-jdbc\5.0.8.RELEASE\spring-jdbc-5.0.8.RELEASE.jar;C:\Users\ustjavafsdb403\.m2\repository\org\hibernate\hibernate-core\5.2.17.Final\hibernate-core-5.2.17.Final.jar;C:\Users\ustjavafsdb403\.m2\repository\org\jboss\logging\jboss-logging\3.3.2.Final\jboss-logging-3.3.2.Final.jar;C:\Users\ustjavafsdb403\.m2\repository\org\hibernate\javax\persistence\hibernate-jpa-2.1-api\1.0.2.Final\hibernate-jpa-2.1-api-1.0.2.Final.jar;C:\Users\ustjavafsdb403\.m2\repository\org\javassist\javassist\3.22.0-GA\javassist-3.22.0-GA.jar;C:\Users\ustjavafsdb403\.m2\repository\antlr\antlr\2.7.7\antlr-2.7.7.jar;C:\Users\ustjavafsdb403\.m2\repository\org\jboss\jandex\2.0.3.Final\jandex-2.0.3.Final.jar;C:\Users\ustjavafsdb403\.m2\repository\com\fasterxml\classmate\1.3.4\classmate-1.3.4.jar;C:\Users\ustjavafsdb403\.m2\repository\dom4j\dom4j\1.6.1\dom4j-1.6.1.jar;C:\Users\ustjavafsdb403\.m2\repository\org\hibernate\common\hibernate-commons-annotations\5.0.1.Final\hibernate-commons-annotations-5.0.1.Final.jar;C:\Users\ustjavafsdb403\.m2\repository\javax\transaction\javax.transaction-api\1.2\javax.transaction-api-1.2.jar;C:\Users\ustjavafsdb403\.m2\repository\org\springframework\data\spring-data-jpa\2.0.9.RELEASE\spring-data-jpa-2.0.9.RELEASE.jar;C:\Users\ustjavafsdb403\.m2\repository\org\springframework\data\spring-data-commons\2.0.9.RELEASE\spring-data-commons-2.0.9.RELEASE.jar;C:\Users\ustjavafsdb403\.m2\repository\org\springframework\spring-orm\5.0.8.RELEASE\spring-orm-5.0.8.RELEASE.jar;C:\Users\ustjavafsdb403\.m2\repository\org\springframework\spring-context\5.0.8.RELEASE\spring-context-5.0.8.RELEASE.jar;C:\Users\ustjavafsdb403\.m2\repository\org\springframework\spring-tx\5.0.8.RELEASE\spring-tx-5.0.8.RELEASE.jar;C:\Users\ustjavafsdb403\.m2\repository\org\springframework\spring-beans\5.0.8.RELEASE\spring-beans-5.0.8.RELEASE.jar;C:\Users\ustjavafsdb403\.m2\repository\org\slf4j\slf4j-api\1.7.25\slf4j-api-1.7.25.jar;C:\Users\ustjavafsdb403\.m2\repository\org\springframework\spring-aspects\5.0.8.RELEASE\spring-aspects-5.0.8.RELEASE.jar;C:\Users\ustjavafsdb403\.m2\repository\org\springframework\boot\spring-boot-starter-web\2.0.4.RELEASE\spring-boot-starter-web-2.0.4.RELEASE.jar;C:\Users\ustjavafsdb403\.m2\repository\org\springframework\boot\spring-boot-starter-json\2.0.4.RELEASE\spring-boot-starter-json-2.0.4.RELEASE.jar;C:\Users\ustjavafsdb403\.m2\repository\org\springframework\boot\spring-boot-starter-tomcat\2.0.4.RELEASE\spring-boot-starter-tomcat-2.0.4.RELEASE.jar;C:\Users\ustjavafsdb403\.m2\repository\org\apache\tomcat\embed\tomcat-embed-core\8.5.32\tomcat-embed-core-8.5.32.jar;C:\Users\ustjavafsdb403\.m2\repository\org\apache\tomcat\embed\tomcat-embed-el\8.5.32\tomcat-embed-el-8.5.32.jar;C:\Users\ustjavafsdb403\.m2\repository\org\apache\tomcat\embed\tomcat-embed-websocket\8.5.32\tomcat-embed-websocket-8.5.32.jar;C:\Users\ustjavafsdb403\.m2\repository\org\hibernate\validator\hibernate-validator\6.0.11.Final\hibernate-validator-6.0.11.Final.jar;C:\Users\ustjavafsdb403\.m2\repository\javax\validation\validation-api\2.0.1.Final\validation-api-2.0.1.Final.jar;C:\Users\ustjavafsdb403\.m2\repository\org\openjfx\javafx.base\11.0.0-SNAPSHOT\javafx.base-11.0.0-SNAPSHOT.jar;C:\Users\ustjavafsdb403\.m2\repository\org\openjfx\javafx.base\11.0.0-SNAPSHOT\javafx.base-11.0.0-SNAPSHOT-linux.jar;C:\Users\ustjavafsdb403\.m2\repository\org\openjfx\javafx.base\11.0.0-SNAPSHOT\javafx.base-11.0.0-SNAPSHOT-mac.jar;C:\Users\ustjavafsdb403\.m2\repository\org\openjfx\javafx.base\11.0.0-SNAPSHOT\javafx.base-11.0.0-SNAPSHOT-win.jar;C:\Users\ustjavafsdb403\.m2\repository\org\springframework\spring-web\5.0.8.RELEASE\spring-web-5.0.8.RELEASE.jar;C:\Users\ustjavafsdb403\.m2\repository\org\springframework\spring-webmvc\5.0.8.RELEASE\spring-webmvc-5.0.8.RELEASE.jar;C:\Users\ustjavafsdb403\.m2\repository\org\springframework\spring-expression\5.0.8.RELEASE\spring-expression-5.0.8.RELEASE.jar;C:\Users\ustjavafsdb403\.m2\repository\com\h2database\h2\1.4.197\h2-1.4.197.jar;C:\Users\ustjavafsdb403\.m2\repository\javax\xml\bind\jaxb-api\2.3.0\jaxb-api-2.3.0.jar;C:\Users\ustjavafsdb403\.m2\repository\org\springframework\boot\spring-boot-starter-test\2.0.4.RELEASE\spring-boot-starter-test-2.0.4.RELEASE.jar;C:\Users\ustjavafsdb403\.m2\repository\org\springframework\boot\spring-boot-test\2.0.4.RELEASE\spring-boot-test-2.0.4.RELEASE.jar;C:\Users\ustjavafsdb403\.m2\repository\org\springframework\boot\spring-boot-test-autoconfigure\2.0.4.RELEASE\spring-boot-test-autoconfigure-2.0.4.RELEASE.jar;C:\Users\ustjavafsdb403\.m2\repository\com\jayway\jsonpath\json-path\2.4.0\json-path-2.4.0.jar;C:\Users\ustjavafsdb403\.m2\repository\net\minidev\json-smart\2.3\json-smart-2.3.jar;C:\Users\ustjavafsdb403\.m2\repository\net\minidev\accessors-smart\1.2\accessors-smart-1.2.jar;C:\Users\ustjavafsdb403\.m2\repository\org\ow2\asm\asm\5.0.4\asm-5.0.4.jar;C:\Users\ustjavafsdb403\.m2\repository\junit\junit\4.12\junit-4.12.jar;C:\Users\ustjavafsdb403\.m2\repository\org\assertj\assertj-core\3.9.1\assertj-core-3.9.1.jar;C:\Users\ustjavafsdb403\.m2\repository\org\mockito\mockito-core\2.15.0\mockito-core-2.15.0.jar;C:\Users\ustjavafsdb403\.m2\repository\net\bytebuddy\byte-buddy\1.7.11\byte-buddy-1.7.11.jar;C:\Users\ustjavafsdb403\.m2\repository\net\bytebuddy\byte-buddy-agent\1.7.11\byte-buddy-agent-1.7.11.jar;C:\Users\ustjavafsdb403\.m2\repository\org\objenesis\objenesis\2.6\objenesis-2.6.jar;C:\Users\ustjavafsdb403\.m2\repository\org\hamcrest\hamcrest-core\1.3\hamcrest-core-1.3.jar;C:\Users\ustjavafsdb403\.m2\repository\org\hamcrest\hamcrest-library\1.3\hamcrest-library-1.3.jar;C:\Users\ustjavafsdb403\.m2\repository\org\skyscreamer\jsonassert\1.5.0\jsonassert-1.5.0.jar;C:\Users\ustjavafsdb403\.m2\repository\com\vaadin\external\google\android-json\0.0.20131108.vaadin1\android-json-0.0.20131108.vaadin1.jar;C:\Users\ustjavafsdb403\.m2\repository\org\springframework\spring-core\5.0.8.RELEASE\spring-core-5.0.8.RELEASE.jar;C:\Users\ustjavafsdb403\.m2\repository\org\springframework\spring-jcl\5.0.8.RELEASE\spring-jcl-5.0.8.RELEASE.jar;C:\Users\ustjavafsdb403\.m2\repository\org\springframework\spring-test\5.0.8.RELEASE\spring-test-5.0.8.RELEASE.jar;C:\Users\ustjavafsdb403\.m2\repository\org\xmlunit\xmlunit-core\2.5.1\xmlunit-core-2.5.1.jar;C:\Users\ustjavafsdb403\.m2\repository\com\fasterxml\jackson\module\jackson-module-parameter-names\2.9.6\jackson-module-parameter-names-2.9.6.jar;C:\Users\ustjavafsdb403\.m2\repository\com\fasterxml\jackson\core\jackson-core\2.9.6\jackson-core-2.9.6.jar;C:\Users\ustjavafsdb403\.m2\repository\com\fasterxml\jackson\core\jackson-databind\2.9.6\jackson-databind-2.9.6.jar;C:\Users\ustjavafsdb403\.m2\repository\com\fasterxml\jackson\datatype\jackson-datatype-jdk8\2.9.6\jackson-datatype-jdk8-2.9.6.jar;C:\Users\ustjavafsdb403\.m2\repository\com\fasterxml\jackson\datatype\jackson-datatype-jsr310\2.9.6\jackson-datatype-jsr310-2.9.6.jar;C:\Users\ustjavafsdb403\.m2\repository\com\fasterxml\jackson\core\jackson-annotations\2.9.0\jackson-annotations-2.9.0.jar;, sun.cpu.endian=little, user.home=C:\Users\ustjavafsdb403, user.language=en, java.specification.vendor=Oracle Corporation, java.version.date=2022-10-18, java.home=C:\Users\ustjavafsdb403\.p2\pool\plugins\org.eclipse.justj.openjdk.hotspot.jre.full.win32.x86_64_17.0.5.v20221102-0933\jre, file.separator=\, style.color=always, basedir=E:\spring-transaction-management-master, java.vm.compressedOopsMode=32-bit, line.separator=
, java.vm.specification.vendor=Oracle Corporation, java.specification.name=Java Platform API Specification, java.awt.headless=true, surefire.real.class.path=C:\Users\USTJAV~1\AppData\Local\Temp\surefire2126999072731693157\surefirebooter11800425145749619277.jar, user.script=, sun.management.compiler=HotSpot 64-Bit Tiered Compilers, java.runtime.version=17.0.5+8, user.name=ustjavafsdb403, path.separator=;, os.version=10.0, java.runtime.name=OpenJDK Runtime Environment, file.encoding=Cp1252, spring.beaninfo.ignore=true, java.vm.name=OpenJDK 64-Bit Server VM, java.vendor.version=Temurin-17.0.5+8, localRepository=C:\Users\ustjavafsdb403\.m2\repository, java.vendor.url.bug=https://github.com/adoptium/adoptium-support/issues, java.io.tmpdir=C:\Users\USTJAV~1\AppData\Local\Temp\, java.version=17.0.5, user.dir=E:\spring-transaction-management-master, os.arch=amd64, java.vm.specification.name=Java Virtual Machine Specification, PID=3888, sun.os.patch.level=, native.encoding=Cp1252, java.library.path=C:\Users\ustjavafsdb403\.p2\pool\plugins\org.eclipse.justj.openjdk.hotspot.jre.full.win32.x86_64_17.0.5.v20221102-0933\jre\bin;C:\Windows\Sun\Java\bin;C:\Windows\system32;C:\Windows;C:/Users/ustjavafsdb403/.p2/pool/plugins/org.eclipse.justj.openjdk.hotspot.jre.full.win32.x86_64_17.0.5.v20221102-0933/jre/bin/server;C:/Users/ustjavafsdb403/.p2/pool/plugins/org.eclipse.justj.openjdk.hotspot.jre.full.win32.x86_64_17.0.5.v20221102-0933/jre/bin;C:\Program Files\Common Files\Oracle\Java\javapath;C:\Windows\system32;C:\Windows;C:\Windows\System32\Wbem;C:\Windows\System32\WindowsPowerShell\v1.0\;C:\Windows\System32\OpenSSH\;C:\Program Files\Java\jdk-11.0.15\bin;C:\Program Files (x86)\Citrix\HDX\bin\;C:\Program Files\Citrix\HDX\bin\;C:\Program Files\Git\cmd;C:\Program Files\Docker\Docker\resources\bin;C:\Program Files\MySQL\MySQL Shell 8.0\bin\;C:\Users\ustjavafsdb403\AppData\Local\Microsoft\WindowsApps;C:\ProgramData\ustjavafsdb403\GitHubDesktop\bin;C:\Windows\system32;;., java.vm.info=mixed mode, java.vendor=Eclipse Adoptium, java.vm.version=17.0.5+8, sun.io.unicode.encoding=UnicodeLittle, java.class.version=61.0}}, SystemEnvironmentPropertySource@1607453282 {name='systemEnvironment', properties={PATH=C:/Users/ustjavafsdb403/.p2/pool/plugins/org.eclipse.justj.openjdk.hotspot.jre.full.win32.x86_64_17.0.5.v20221102-0933/jre/bin/server;C:/Users/ustjavafsdb403/.p2/pool/plugins/org.eclipse.justj.openjdk.hotspot.jre.full.win32.x86_64_17.0.5.v20221102-0933/jre/bin;C:\Program Files\Common Files\Oracle\Java\javapath;C:\Windows\system32;C:\Windows;C:\Windows\System32\Wbem;C:\Windows\System32\WindowsPowerShell\v1.0\;C:\Windows\System32\OpenSSH\;C:\Program Files\Java\jdk-11.0.15\bin;C:\Program Files (x86)\Citrix\HDX\bin\;C:\Program Files\Citrix\HDX\bin\;C:\Program Files\Git\cmd;C:\Program Files\Docker\Docker\resources\bin;C:\Program Files\MySQL\MySQL Shell 8.0\bin\;C:\Users\ustjavafsdb403\AppData\Local\Microsoft\WindowsApps;C:\ProgramData\ustjavafsdb403\GitHubDesktop\bin;C:\Windows\system32;, USERDOMAIN_ROAMINGPROFILE=IIHT, LOCALAPPDATA=C:\Users\ustjavafsdb403\AppData\Local, PROCESSOR_LEVEL=6, SYSTEMDRIVE=C:, COMMONPROGRAMFILES(X86)=C:\Program Files (x86)\Common Files, USERDOMAIN=IIHT, FPS_BROWSER_APP_PROFILE_STRING=Internet Explorer, LOGONSERVER=\\SDC, PROMPT=$P$G, SESSIONNAME=Console, ALLUSERSPROFILE=C:\ProgramData, PROGRAMFILES(X86)=C:\Program Files (x86), PROCESSOR_ARCHITECTURE=AMD64, DRIVERDATA=C:\Windows\System32\Drivers\DriverData, =E:=E:\spring-transaction-management-master, PROGRAMFILES=C:\Program Files, APPDATA=C:\Users\ustjavafsdb403\AppData\Roaming, PSMODULEPATH=C:\Program Files\WindowsPowerShell\Modules;C:\Windows\system32\WindowsPowerShell\v1.0\Modules;C:\Program Files\Citrix\Telemetry Service\, PROGRAMW6432=C:\Program Files, PROGRAMDATA=C:\ProgramData, SYSTEMROOT=C:\Windows, USERNAME=ustjavafsdb403, USERDNSDOMAIN=IIHT.TECH, FPS_BROWSER_USER_PROFILE_STRING=Default, ONEDRIVE=C:\Users\ustjavafsdb403\OneDrive, PATHEXT=.COM;.EXE;.BAT;.CMD;.VBS;.VBE;.JS;.JSE;.WSF;.WSH;.MSC, OS=Windows_NT, COMMONPROGRAMW6432=C:\Program Files\Common Files, COMPUTERNAME=USTFSD08, COMMONPROGRAMFILES=C:\Program Files\Common Files, COMSPEC=C:\Windows\system32\cmd.exe, PROCESSOR_REVISION=4f01, WINDIR=C:\Windows, HOMEPATH=\Users\ustjavafsdb403, TEMP=C:\Users\USTJAV~1\AppData\Local\Temp, HOMEDRIVE=C:, PROCESSOR_IDENTIFIER=Intel64 Family 6 Model 79 Stepping 1, GenuineIntel, USERPROFILE=C:\Users\ustjavafsdb403, TMP=C:\Users\USTJAV~1\AppData\Local\Temp, PUBLIC=C:\Users\Public, NUMBER_OF_PROCESSORS=4, =::=::\}}]
2023-01-04 17:44:53.245 DEBUG 3888 --- [kground-preinit] o.apache.tomcat.util.digester.Digester   : [SetPropertiesRule]{mbeans-descriptors/mbean} Set org.apache.tomcat.util.modeler.ManagedBean properties
2023-01-04 17:44:53.247 DEBUG 3888 --- [           main] o.s.t.c.support.TestPropertySourceUtils  : Adding inlined properties to environment: {spring.jmx.enabled=false, org.springframework.boot.test.context.SpringBootTestContextBootstrapper=true, server.port=-1}
2023-01-04 17:44:53.247 DEBUG 3888 --- [           main] o.s.core.env.StandardEnvironment         : Adding PropertySource 'Inlined Test Properties' with highest search precedence
2023-01-04 17:44:53.247 DEBUG 3888 --- [kground-preinit] o.apache.tomcat.util.digester.Digester   : [SetPropertiesRule]{mbeans-descriptors/mbean} Setting property 'name' to 'SingleSignOn'
2023-01-04 17:44:53.247 DEBUG 3888 --- [kground-preinit] o.apache.tomcat.util.IntrospectionUtils  : IntrospectionUtils: setProperty(class org.apache.tomcat.util.modeler.ManagedBean name=SingleSignOn)
2023-01-04 17:44:53.248 DEBUG 3888 --- [kground-preinit] o.apache.tomcat.util.digester.Digester   : [SetPropertiesRule]{mbeans-descriptors/mbean} Setting property 'description' to 'A Valve that supports a 'single signon' user experience'
2023-01-04 17:44:53.248 DEBUG 3888 --- [kground-preinit] o.apache.tomcat.util.IntrospectionUtils  : IntrospectionUtils: setProperty(class org.apache.tomcat.util.modeler.ManagedBean description=A Valve that supports a 'single signon' user experience)
2023-01-04 17:44:53.249 DEBUG 3888 --- [           main] o.s.c.e.PropertySourcesPropertyResolver  : Could not find key 'spring.profiles.active' in any property source
2023-01-04 17:44:53.249 DEBUG 3888 --- [           main] o.s.c.e.PropertySourcesPropertyResolver  : Could not find key 'spring.profiles.active' in any property source
2023-01-04 17:44:53.249 DEBUG 3888 --- [           main] o.s.core.env.StandardEnvironment         : Activating profiles []
2023-01-04 17:44:53.249 DEBUG 3888 --- [kground-preinit] o.apache.tomcat.util.digester.Digester   : [SetPropertiesRule]{mbeans-descriptors/mbean} Setting property 'domain' to 'Catalina'
2023-01-04 17:44:53.249 DEBUG 3888 --- [           main] o.s.core.env.StandardEnvironment         : Replacing PropertySource 'systemEnvironment' with 'systemEnvironment'
2023-01-04 17:44:53.250 DEBUG 3888 --- [kground-preinit] o.apache.tomcat.util.IntrospectionUtils  : IntrospectionUtils: setProperty(class org.apache.tomcat.util.modeler.ManagedBean domain=Catalina)
2023-01-04 17:44:53.250 DEBUG 3888 --- [           main] o.s.core.env.StandardEnvironment         : Adding PropertySource 'random' with search precedence immediately lower than 'systemEnvironment'
2023-01-04 17:44:53.251 DEBUG 3888 --- [           main] o.s.c.e.PropertySourcesPropertyResolver  : Could not find key 'spring.profiles.active' in any property source
2023-01-04 17:44:53.251 DEBUG 3888 --- [kground-preinit] o.apache.tomcat.util.digester.Digester   : [SetPropertiesRule]{mbeans-descriptors/mbean} Setting property 'group' to 'Valve'
2023-01-04 17:44:53.251 DEBUG 3888 --- [           main] o.s.c.e.PropertySourcesPropertyResolver  : Could not find key 'spring.profiles.default' in any property source
2023-01-04 17:44:53.251 DEBUG 3888 --- [kground-preinit] o.apache.tomcat.util.IntrospectionUtils  : IntrospectionUtils: setProperty(class org.apache.tomcat.util.modeler.ManagedBean group=Valve)
2023-01-04 17:44:53.252 DEBUG 3888 --- [kground-preinit] o.apache.tomcat.util.digester.Digester   : [SetPropertiesRule]{mbeans-descriptors/mbean} Setting property 'type' to 'org.apache.catalina.authenticator.SingleSignOn'
2023-01-04 17:44:53.253 DEBUG 3888 --- [kground-preinit] o.apache.tomcat.util.IntrospectionUtils  : IntrospectionUtils: setProperty(class org.apache.tomcat.util.modeler.ManagedBean type=org.apache.catalina.authenticator.SingleSignOn)
2023-01-04 17:44:53.254 DEBUG 3888 --- [kground-preinit] o.apache.tomcat.util.digester.Digester   :   Fire begin() for SetNextRule[methodName=add, paramType=java.lang.Object]
2023-01-04 17:44:53.255 DEBUG 3888 --- [           main] o.s.core.env.MutablePropertySources      : Adding PropertySource 'applicationConfig: [classpath:/application.properties]' with lowest search precedence
2023-01-04 17:44:53.255 DEBUG 3888 --- [kground-preinit] o.a.tomcat.util.digester.Digester.sax    : characters(

    )
2023-01-04 17:44:53.255 DEBUG 3888 --- [kground-preinit] o.a.tomcat.util.digester.Digester.sax    : startElement(,,attribute)
2023-01-04 17:44:53.255 DEBUG 3888 --- [kground-preinit] o.apache.tomcat.util.digester.Digester   :   New match='mbeans-descriptors/mbean/attribute'
2023-01-04 17:44:53.255 DEBUG 3888 --- [kground-preinit] o.apache.tomcat.util.digester.Digester   :   Fire begin() for ObjectCreateRule[className=org.apache.tomcat.util.modeler.AttributeInfo, attributeName=null]
2023-01-04 17:44:53.255 DEBUG 3888 --- [kground-preinit] o.apache.tomcat.util.digester.Digester   : [ObjectCreateRule]{mbeans-descriptors/mbean/attribute}New org.apache.tomcat.util.modeler.AttributeInfo
2023-01-04 17:44:53.255 DEBUG 3888 --- [kground-preinit] o.apache.tomcat.util.digester.Digester   :   Fire begin() for SetPropertiesRule[]
2023-01-04 17:44:53.257 DEBUG 3888 --- [kground-preinit] o.apache.tomcat.util.digester.Digester   : [SetPropertiesRule]{mbeans-descriptors/mbean/attribute} Set org.apache.tomcat.util.modeler.AttributeInfo properties
2023-01-04 17:44:53.261 DEBUG 3888 --- [kground-preinit] o.apache.tomcat.util.digester.Digester   : [SetPropertiesRule]{mbeans-descriptors/mbean/attribute} Setting property 'name' to 'className'
2023-01-04 17:44:53.261 DEBUG 3888 --- [kground-preinit] o.apache.tomcat.util.IntrospectionUtils  : IntrospectionUtils: setProperty(class org.apache.tomcat.util.modeler.AttributeInfo name=className)
2023-01-04 17:44:53.261 DEBUG 3888 --- [kground-preinit] o.apache.tomcat.util.digester.Digester   : [SetPropertiesRule]{mbeans-descriptors/mbean/attribute} Setting property 'description' to 'Fully qualified class name of the managed object'
2023-01-04 17:44:53.261 DEBUG 3888 --- [kground-preinit] o.apache.tomcat.util.IntrospectionUtils  : IntrospectionUtils: setProperty(class org.apache.tomcat.util.modeler.AttributeInfo description=Fully qualified class name of the managed object)
2023-01-04 17:44:53.261 DEBUG 3888 --- [kground-preinit] o.apache.tomcat.util.digester.Digester   : [SetPropertiesRule]{mbeans-descriptors/mbean/attribute} Setting property 'type' to 'java.lang.String'
2023-01-04 17:44:53.262 DEBUG 3888 --- [kground-preinit] o.apache.tomcat.util.IntrospectionUtils  : IntrospectionUtils: setProperty(class org.apache.tomcat.util.modeler.AttributeInfo type=java.lang.String)
2023-01-04 17:44:53.262 DEBUG 3888 --- [kground-preinit] o.apache.tomcat.util.digester.Digester   : [SetPropertiesRule]{mbeans-descriptors/mbean/attribute} Setting property 'writeable' to 'false'
2023-01-04 17:44:53.262 DEBUG 3888 --- [kground-preinit] o.apache.tomcat.util.IntrospectionUtils  : IntrospectionUtils: setProperty(class org.apache.tomcat.util.modeler.AttributeInfo writeable=false)
2023-01-04 17:44:53.262 DEBUG 3888 --- [kground-preinit] o.apache.tomcat.util.digester.Digester   :   Fire begin() for SetNextRule[methodName=addAttribute, paramType=org.apache.tomcat.util.modeler.AttributeInfo]
2023-01-04 17:44:53.262 DEBUG 3888 --- [kground-preinit] o.a.tomcat.util.digester.Digester.sax    : endElement(,,attribute)
2023-01-04 17:44:53.262 DEBUG 3888 --- [kground-preinit] o.apache.tomcat.util.digester.Digester   :   match='mbeans-descriptors/mbean/attribute'
2023-01-04 17:44:53.263 DEBUG 3888 --- [kground-preinit] o.apache.tomcat.util.digester.Digester   :   bodyText=''
2023-01-04 17:44:53.263 DEBUG 3888 --- [kground-preinit] o.apache.tomcat.util.digester.Digester   :   Fire body() for ObjectCreateRule[className=org.apache.tomcat.util.modeler.AttributeInfo, attributeName=null]
2023-01-04 17:44:53.263 DEBUG 3888 --- [kground-preinit] o.apache.tomcat.util.digester.Digester   :   Fire body() for SetPropertiesRule[]
2023-01-04 17:44:53.263 DEBUG 3888 --- [kground-preinit] o.apache.tomcat.util.digester.Digester   :   Fire body() for SetNextRule[methodName=addAttribute, paramType=org.apache.tomcat.util.modeler.AttributeInfo]
2023-01-04 17:44:53.263 DEBUG 3888 --- [kground-preinit] o.apache.tomcat.util.digester.Digester   :   Fire end() for SetNextRule[methodName=addAttribute, paramType=org.apache.tomcat.util.modeler.AttributeInfo]
2023-01-04 17:44:53.263 DEBUG 3888 --- [kground-preinit] o.apache.tomcat.util.digester.Digester   : [SetNextRule]{mbeans-descriptors/mbean/attribute} Call org.apache.tomcat.util.modeler.ManagedBean.addAttribute(org.apache.tomcat.util.modeler.AttributeInfo@1731c7a9)
2023-01-04 17:44:53.264 DEBUG 3888 --- [kground-preinit] o.apache.tomcat.util.IntrospectionUtils  : IntrospectionUtils: callMethod1 org.apache.tomcat.util.modeler.ManagedBean org.apache.tomcat.util.modeler.AttributeInfo org.apache.tomcat.util.modeler.AttributeInfo
2023-01-04 17:44:53.264 DEBUG 3888 --- [kground-preinit] o.apache.tomcat.util.digester.Digester   :   Fire end() for SetPropertiesRule[]
2023-01-04 17:44:53.264 DEBUG 3888 --- [kground-preinit] o.apache.tomcat.util.digester.Digester   :   Fire end() for ObjectCreateRule[className=org.apache.tomcat.util.modeler.AttributeInfo, attributeName=null]
2023-01-04 17:44:53.264 DEBUG 3888 --- [kground-preinit] o.apache.tomcat.util.digester.Digester   : [ObjectCreateRule]{mbeans-descriptors/mbean/attribute} Pop org.apache.tomcat.util.modeler.AttributeInfo
2023-01-04 17:44:53.264 DEBUG 3888 --- [kground-preinit] o.a.tomcat.util.digester.Digester.sax    : characters(

    )
2023-01-04 17:44:53.264 DEBUG 3888 --- [kground-preinit] o.a.tomcat.util.digester.Digester.sax    : startElement(,,attribute)
2023-01-04 17:44:53.264 DEBUG 3888 --- [kground-preinit] o.apache.tomcat.util.digester.Digester   :   New match='mbeans-descriptors/mbean/attribute'
2023-01-04 17:44:53.264 DEBUG 3888 --- [kground-preinit] o.apache.tomcat.util.digester.Digester   :   Fire begin() for ObjectCreateRule[className=org.apache.tomcat.util.modeler.AttributeInfo, attributeName=null]
2023-01-04 17:44:53.265 DEBUG 3888 --- [kground-preinit] o.apache.tomcat.util.digester.Digester   : [ObjectCreateRule]{mbeans-descriptors/mbean/attribute}New org.apache.tomcat.util.modeler.AttributeInfo
2023-01-04 17:44:53.265 DEBUG 3888 --- [kground-preinit] o.apache.tomcat.util.digester.Digester   :   Fire begin() for SetPropertiesRule[]
2023-01-04 17:44:53.265 DEBUG 3888 --- [kground-preinit] o.apache.tomcat.util.digester.Digester   : [SetPropertiesRule]{mbeans-descriptors/mbean/attribute} Set org.apache.tomcat.util.modeler.AttributeInfo properties
2023-01-04 17:44:53.265 DEBUG 3888 --- [kground-preinit] o.apache.tomcat.util.digester.Digester   : [SetPropertiesRule]{mbeans-descriptors/mbean/attribute} Setting property 'name' to 'requireReauthentication'
2023-01-04 17:44:53.265 DEBUG 3888 --- [kground-preinit] o.apache.tomcat.util.IntrospectionUtils  : IntrospectionUtils: setProperty(class org.apache.tomcat.util.modeler.AttributeInfo name=requireReauthentication)
2023-01-04 17:44:53.265 DEBUG 3888 --- [kground-preinit] o.apache.tomcat.util.digester.Digester   : [SetPropertiesRule]{mbeans-descriptors/mbean/attribute} Setting property 'description' to 'Should we attempt to reauthenticate each request against the security Realm?'
2023-01-04 17:44:53.265 DEBUG 3888 --- [kground-preinit] o.apache.tomcat.util.IntrospectionUtils  : IntrospectionUtils: setProperty(class org.apache.tomcat.util.modeler.AttributeInfo description=Should we attempt to reauthenticate each request against the security Realm?)
2023-01-04 17:44:53.265 DEBUG 3888 --- [           main] o.s.core.env.StandardEnvironment         : Adding PropertySource 'applicationConfig: [classpath:/application.properties]' with lowest search precedence
2023-01-04 17:44:53.265 DEBUG 3888 --- [kground-preinit] o.apache.tomcat.util.digester.Digester   : [SetPropertiesRule]{mbeans-descriptors/mbean/attribute} Setting property 'type' to 'boolean'
2023-01-04 17:44:53.266 DEBUG 3888 --- [kground-preinit] o.apache.tomcat.util.IntrospectionUtils  : IntrospectionUtils: setProperty(class org.apache.tomcat.util.modeler.AttributeInfo type=boolean)
2023-01-04 17:44:53.266 DEBUG 3888 --- [kground-preinit] o.apache.tomcat.util.digester.Digester   :   Fire begin() for SetNextRule[methodName=addAttribute, paramType=org.apache.tomcat.util.modeler.AttributeInfo]
2023-01-04 17:44:53.266 DEBUG 3888 --- [kground-preinit] o.a.tomcat.util.digester.Digester.sax    : endElement(,,attribute)
2023-01-04 17:44:53.266 DEBUG 3888 --- [kground-preinit] o.apache.tomcat.util.digester.Digester   :   match='mbeans-descriptors/mbean/attribute'
2023-01-04 17:44:53.266 DEBUG 3888 --- [kground-preinit] o.apache.tomcat.util.digester.Digester   :   bodyText=''
2023-01-04 17:44:53.266 DEBUG 3888 --- [kground-preinit] o.apache.tomcat.util.digester.Digester   :   Fire body() for ObjectCreateRule[className=org.apache.tomcat.util.modeler.AttributeInfo, attributeName=null]
2023-01-04 17:44:53.266 DEBUG 3888 --- [kground-preinit] o.apache.tomcat.util.digester.Digester   :   Fire body() for SetPropertiesRule[]
2023-01-04 17:44:53.267 DEBUG 3888 --- [kground-preinit] o.apache.tomcat.util.digester.Digester   :   Fire body() for SetNextRule[methodName=addAttribute, paramType=org.apache.tomcat.util.modeler.AttributeInfo]
2023-01-04 17:44:53.267 DEBUG 3888 --- [kground-preinit] o.apache.tomcat.util.digester.Digester   :   Fire end() for SetNextRule[methodName=addAttribute, paramType=org.apache.tomcat.util.modeler.AttributeInfo]
2023-01-04 17:44:53.267 DEBUG 3888 --- [kground-preinit] o.apache.tomcat.util.digester.Digester   : [SetNextRule]{mbeans-descriptors/mbean/attribute} Call org.apache.tomcat.util.modeler.ManagedBean.addAttribute(org.apache.tomcat.util.modeler.AttributeInfo@bc4bb9)
2023-01-04 17:44:53.267 DEBUG 3888 --- [kground-preinit] o.apache.tomcat.util.IntrospectionUtils  : IntrospectionUtils: callMethod1 org.apache.tomcat.util.modeler.ManagedBean org.apache.tomcat.util.modeler.AttributeInfo org.apache.tomcat.util.modeler.AttributeInfo
2023-01-04 17:44:53.268 DEBUG 3888 --- [           main] o.s.c.e.PropertySourcesPropertyResolver  : Could not find key 'spring.output.ansi.console-available' in any property source
2023-01-04 17:44:53.268 DEBUG 3888 --- [kground-preinit] o.apache.tomcat.util.digester.Digester   :   Fire end() for SetPropertiesRule[]
2023-01-04 17:44:53.268 DEBUG 3888 --- [           main] o.s.c.e.PropertySourcesPropertyResolver  : Could not find key 'logging.exception-conversion-word' in any property source
2023-01-04 17:44:53.269 DEBUG 3888 --- [kground-preinit] o.apache.tomcat.util.digester.Digester   :   Fire end() for ObjectCreateRule[className=org.apache.tomcat.util.modeler.AttributeInfo, attributeName=null]
2023-01-04 17:44:53.270 DEBUG 3888 --- [kground-preinit] o.apache.tomcat.util.digester.Digester   : [ObjectCreateRule]{mbeans-descriptors/mbean/attribute} Pop org.apache.tomcat.util.modeler.AttributeInfo
2023-01-04 17:44:53.270 DEBUG 3888 --- [           main] o.s.c.e.PropertySourcesPropertyResolver  : Could not find key 'logging.pattern.console' in any property source
2023-01-04 17:44:53.270 DEBUG 3888 --- [           main] o.s.c.e.PropertySourcesPropertyResolver  : Could not find key 'logging.pattern.file' in any property source
2023-01-04 17:44:53.270 DEBUG 3888 --- [           main] o.s.c.e.PropertySourcesPropertyResolver  : Could not find key 'logging.file.max-history' in any property source
2023-01-04 17:44:53.270 DEBUG 3888 --- [           main] o.s.c.e.PropertySourcesPropertyResolver  : Could not find key 'logging.file.max-size' in any property source
2023-01-04 17:44:53.270 DEBUG 3888 --- [           main] o.s.c.e.PropertySourcesPropertyResolver  : Could not find key 'logging.pattern.level' in any property source
2023-01-04 17:44:53.270 DEBUG 3888 --- [           main] o.s.c.e.PropertySourcesPropertyResolver  : Could not find key 'logging.pattern.dateformat' in any property source
2023-01-04 17:44:53.270 DEBUG 3888 --- [           main] o.s.c.e.PropertySourcesPropertyResolver  : Could not find key 'logging.file' in any property source
2023-01-04 17:44:53.270 DEBUG 3888 --- [           main] o.s.c.e.PropertySourcesPropertyResolver  : Could not find key 'logging.path' in any property source
2023-01-04 17:44:53.270 DEBUG 3888 --- [           main] o.s.c.e.PropertySourcesPropertyResolver  : Could not find key 'debug' in any property source
2023-01-04 17:44:53.270 DEBUG 3888 --- [           main] o.s.c.e.PropertySourcesPropertyResolver  : Could not find key 'trace' in any property source
2023-01-04 17:44:53.270 DEBUG 3888 --- [           main] o.s.c.e.PropertySourcesPropertyResolver  : Could not find key 'logging.config' in any property source
2023-01-04 17:44:53.270 DEBUG 3888 --- [kground-preinit] o.a.tomcat.util.digester.Digester.sax    : characters(

    )
2023-01-04 17:44:53.270 DEBUG 3888 --- [kground-preinit] o.a.tomcat.util.digester.Digester.sax    : startElement(,,attribute)
2023-01-04 17:44:53.270 DEBUG 3888 --- [kground-preinit] o.apache.tomcat.util.digester.Digester   :   New match='mbeans-descriptors/mbean/attribute'
2023-01-04 17:44:53.271 DEBUG 3888 --- [kground-preinit] o.apache.tomcat.util.digester.Digester   :   Fire begin() for ObjectCreateRule[className=org.apache.tomcat.util.modeler.AttributeInfo, attributeName=null]
2023-01-04 17:44:53.271 DEBUG 3888 --- [kground-preinit] o.apache.tomcat.util.digester.Digester   : [ObjectCreateRule]{mbeans-descriptors/mbean/attribute}New org.apache.tomcat.util.modeler.AttributeInfo
2023-01-04 17:44:53.272 DEBUG 3888 --- [kground-preinit] o.apache.tomcat.util.digester.Digester   :   Fire begin() for SetPropertiesRule[]
2023-01-04 17:44:53.272 DEBUG 3888 --- [kground-preinit] o.apache.tomcat.util.digester.Digester   : [SetPropertiesRule]{mbeans-descriptors/mbean/attribute} Set org.apache.tomcat.util.modeler.AttributeInfo properties
2023-01-04 17:44:53.273 DEBUG 3888 --- [kground-preinit] o.apache.tomcat.util.digester.Digester   : [SetPropertiesRule]{mbeans-descriptors/mbean/attribute} Setting property 'name' to 'cookieDomain'
2023-01-04 17:44:53.273 DEBUG 3888 --- [kground-preinit] o.apache.tomcat.util.IntrospectionUtils  : IntrospectionUtils: setProperty(class org.apache.tomcat.util.modeler.AttributeInfo name=cookieDomain)
2023-01-04 17:44:53.273 DEBUG 3888 --- [kground-preinit] o.apache.tomcat.util.digester.Digester   : [SetPropertiesRule]{mbeans-descriptors/mbean/attribute} Setting property 'description' to '(Optional) Domain to be used by sso cookies'
2023-01-04 17:44:53.274 DEBUG 3888 --- [kground-preinit] o.apache.tomcat.util.IntrospectionUtils  : IntrospectionUtils: setProperty(class org.apache.tomcat.util.modeler.AttributeInfo description=(Optional) Domain to be used by sso cookies)
2023-01-04 17:44:53.274 DEBUG 3888 --- [kground-preinit] o.apache.tomcat.util.digester.Digester   : [SetPropertiesRule]{mbeans-descriptors/mbean/attribute} Setting property 'type' to 'java.lang.String'
2023-01-04 17:44:53.274 DEBUG 3888 --- [kground-preinit] o.apache.tomcat.util.IntrospectionUtils  : IntrospectionUtils: setProperty(class org.apache.tomcat.util.modeler.AttributeInfo type=java.lang.String)
2023-01-04 17:44:53.275 DEBUG 3888 --- [kground-preinit] o.apache.tomcat.util.digester.Digester   :   Fire begin() for SetNextRule[methodName=addAttribute, paramType=org.apache.tomcat.util.modeler.AttributeInfo]
2023-01-04 17:44:53.277 DEBUG 3888 --- [kground-preinit] o.a.tomcat.util.digester.Digester.sax    : endElement(,,attribute)
2023-01-04 17:44:53.278 DEBUG 3888 --- [kground-preinit] o.apache.tomcat.util.digester.Digester   :   match='mbeans-descriptors/mbean/attribute'
2023-01-04 17:44:53.278 DEBUG 3888 --- [kground-preinit] o.apache.tomcat.util.digester.Digester   :   bodyText=''
2023-01-04 17:44:53.278 DEBUG 3888 --- [kground-preinit] o.apache.tomcat.util.digester.Digester   :   Fire body() for ObjectCreateRule[className=org.apache.tomcat.util.modeler.AttributeInfo, attributeName=null]
2023-01-04 17:44:53.278 DEBUG 3888 --- [kground-preinit] o.apache.tomcat.util.digester.Digester   :   Fire body() for SetPropertiesRule[]
2023-01-04 17:44:53.278 DEBUG 3888 --- [kground-preinit] o.apache.tomcat.util.digester.Digester   :   Fire body() for SetNextRule[methodName=addAttribute, paramType=org.apache.tomcat.util.modeler.AttributeInfo]
2023-01-04 17:44:53.278 DEBUG 3888 --- [kground-preinit] o.apache.tomcat.util.digester.Digester   :   Fire end() for SetNextRule[methodName=addAttribute, paramType=org.apache.tomcat.util.modeler.AttributeInfo]
2023-01-04 17:44:53.278 DEBUG 3888 --- [kground-preinit] o.apache.tomcat.util.digester.Digester   : [SetNextRule]{mbeans-descriptors/mbean/attribute} Call org.apache.tomcat.util.modeler.ManagedBean.addAttribute(org.apache.tomcat.util.modeler.AttributeInfo@28a1d49e)
2023-01-04 17:44:53.278 DEBUG 3888 --- [kground-preinit] o.apache.tomcat.util.IntrospectionUtils  : IntrospectionUtils: callMethod1 org.apache.tomcat.util.modeler.ManagedBean org.apache.tomcat.util.modeler.AttributeInfo org.apache.tomcat.util.modeler.AttributeInfo
2023-01-04 17:44:53.278 DEBUG 3888 --- [kground-preinit] o.apache.tomcat.util.digester.Digester   :   Fire end() for SetPropertiesRule[]
2023-01-04 17:44:53.278 DEBUG 3888 --- [kground-preinit] o.apache.tomcat.util.digester.Digester   :   Fire end() for ObjectCreateRule[className=org.apache.tomcat.util.modeler.AttributeInfo, attributeName=null]
2023-01-04 17:44:53.278 DEBUG 3888 --- [kground-preinit] o.apache.tomcat.util.digester.Digester   : [ObjectCreateRule]{mbeans-descriptors/mbean/attribute} Pop org.apache.tomcat.util.modeler.AttributeInfo
2023-01-04 17:44:53.278 DEBUG 3888 --- [kground-preinit] o.a.tomcat.util.digester.Digester.sax    : characters(

    )
2023-01-04 17:44:53.279 DEBUG 3888 --- [kground-preinit] o.a.tomcat.util.digester.Digester.sax    : startElement(,,attribute)
2023-01-04 17:44:53.279 DEBUG 3888 --- [kground-preinit] o.apache.tomcat.util.digester.Digester   :   New match='mbeans-descriptors/mbean/attribute'
2023-01-04 17:44:53.279 DEBUG 3888 --- [kground-preinit] o.apache.tomcat.util.digester.Digester   :   Fire begin() for ObjectCreateRule[className=org.apache.tomcat.util.modeler.AttributeInfo, attributeName=null]
2023-01-04 17:44:53.279 DEBUG 3888 --- [kground-preinit] o.apache.tomcat.util.digester.Digester   : [ObjectCreateRule]{mbeans-descriptors/mbean/attribute}New org.apache.tomcat.util.modeler.AttributeInfo
2023-01-04 17:44:53.279 DEBUG 3888 --- [kground-preinit] o.apache.tomcat.util.digester.Digester   :   Fire begin() for SetPropertiesRule[]
2023-01-04 17:44:53.279 DEBUG 3888 --- [kground-preinit] o.apache.tomcat.util.digester.Digester   : [SetPropertiesRule]{mbeans-descriptors/mbean/attribute} Set org.apache.tomcat.util.modeler.AttributeInfo properties
2023-01-04 17:44:53.279 DEBUG 3888 --- [kground-preinit] o.apache.tomcat.util.digester.Digester   : [SetPropertiesRule]{mbeans-descriptors/mbean/attribute} Setting property 'name' to 'stateName'
2023-01-04 17:44:53.279 DEBUG 3888 --- [kground-preinit] o.apache.tomcat.util.IntrospectionUtils  : IntrospectionUtils: setProperty(class org.apache.tomcat.util.modeler.AttributeInfo name=stateName)
2023-01-04 17:44:53.279 DEBUG 3888 --- [           main] o.s.c.e.PropertySourcesPropertyResolver  : Could not find key 'logging.register-shutdown-hook' in any property source
2023-01-04 17:44:53.279 DEBUG 3888 --- [           main] .c.l.ClasspathLoggingApplicationListener : Application started with classpath: unknown
2023-01-04 17:44:53.279 DEBUG 3888 --- [           main] o.s.c.e.PropertySourcesPropertyResolver  : Could not find key 'context.listener.classes' in any property source
2023-01-04 17:44:53.280 DEBUG 3888 --- [kground-preinit] o.apache.tomcat.util.digester.Digester   : [SetPropertiesRule]{mbeans-descriptors/mbean/attribute} Setting property 'description' to 'The name of the LifecycleState that this component is currently in'
2023-01-04 17:44:53.280 DEBUG 3888 --- [kground-preinit] o.apache.tomcat.util.IntrospectionUtils  : IntrospectionUtils: setProperty(class org.apache.tomcat.util.modeler.AttributeInfo description=The name of the LifecycleState that this component is currently in)
2023-01-04 17:44:53.280 DEBUG 3888 --- [kground-preinit] o.apache.tomcat.util.digester.Digester   : [SetPropertiesRule]{mbeans-descriptors/mbean/attribute} Setting property 'type' to 'java.lang.String'
2023-01-04 17:44:53.280 DEBUG 3888 --- [kground-preinit] o.apache.tomcat.util.IntrospectionUtils  : IntrospectionUtils: setProperty(class org.apache.tomcat.util.modeler.AttributeInfo type=java.lang.String)
2023-01-04 17:44:53.280 DEBUG 3888 --- [kground-preinit] o.apache.tomcat.util.digester.Digester   : [SetPropertiesRule]{mbeans-descriptors/mbean/attribute} Setting property 'writeable' to 'false'
2023-01-04 17:44:53.280 DEBUG 3888 --- [kground-preinit] o.apache.tomcat.util.IntrospectionUtils  : IntrospectionUtils: setProperty(class org.apache.tomcat.util.modeler.AttributeInfo writeable=false)
2023-01-04 17:44:53.281 DEBUG 3888 --- [kground-preinit] o.apache.tomcat.util.digester.Digester   :   Fire begin() for SetNextRule[methodName=addAttribute, paramType=org.apache.tomcat.util.modeler.AttributeInfo]
2023-01-04 17:44:53.281 DEBUG 3888 --- [kground-preinit] o.a.tomcat.util.digester.Digester.sax    : endElement(,,attribute)
2023-01-04 17:44:53.281 DEBUG 3888 --- [kground-preinit] o.apache.tomcat.util.digester.Digester   :   match='mbeans-descriptors/mbean/attribute'
2023-01-04 17:44:53.281 DEBUG 3888 --- [kground-preinit] o.apache.tomcat.util.digester.Digester   :   bodyText=''
2023-01-04 17:44:53.281 DEBUG 3888 --- [kground-preinit] o.apache.tomcat.util.digester.Digester   :   Fire body() for ObjectCreateRule[className=org.apache.tomcat.util.modeler.AttributeInfo, attributeName=null]
2023-01-04 17:44:53.281 DEBUG 3888 --- [kground-preinit] o.apache.tomcat.util.digester.Digester   :   Fire body() for SetPropertiesRule[]
2023-01-04 17:44:53.281 DEBUG 3888 --- [kground-preinit] o.apache.tomcat.util.digester.Digester   :   Fire body() for SetNextRule[methodName=addAttribute, paramType=org.apache.tomcat.util.modeler.AttributeInfo]
2023-01-04 17:44:53.281 DEBUG 3888 --- [kground-preinit] o.apache.tomcat.util.digester.Digester   :   Fire end() for SetNextRule[methodName=addAttribute, paramType=org.apache.tomcat.util.modeler.AttributeInfo]
2023-01-04 17:44:53.283 DEBUG 3888 --- [           main] o.s.core.env.StandardEnvironment         : Adding PropertySource 'configurationProperties' with highest search precedence
2023-01-04 17:44:53.283 DEBUG 3888 --- [kground-preinit] o.apache.tomcat.util.digester.Digester   : [SetNextRule]{mbeans-descriptors/mbean/attribute} Call org.apache.tomcat.util.modeler.ManagedBean.addAttribute(org.apache.tomcat.util.modeler.AttributeInfo@8462a88)
2023-01-04 17:44:53.284 DEBUG 3888 --- [           main] o.s.c.e.PropertySourcesPropertyResolver  : Could not find key 'spring.banner.image.location' in any property source
2023-01-04 17:44:53.284 DEBUG 3888 --- [kground-preinit] o.apache.tomcat.util.IntrospectionUtils  : IntrospectionUtils: callMethod1 org.apache.tomcat.util.modeler.ManagedBean org.apache.tomcat.util.modeler.AttributeInfo org.apache.tomcat.util.modeler.AttributeInfo
2023-01-04 17:44:53.285 DEBUG 3888 --- [kground-preinit] o.apache.tomcat.util.digester.Digester   :   Fire end() for SetPropertiesRule[]
2023-01-04 17:44:53.285 DEBUG 3888 --- [           main] o.s.c.e.PropertySourcesPropertyResolver  : Could not find key 'spring.banner.location' in any property source

  .   ____          _            __ _ _
 /\\ / ___'_ __ _ _(_)_ __  __ _ \ \ \ \
( ( )\___ | '_ | '_| | '_ \/ _` | \ \ \ \
 \\/  ___)| |_)| | | | | || (_| |  ) ) ) )
  '  |____| .__|_| |_|_| |_\__, | / / / /
 =========|_|==============|___/=/_/_/_/
 :: Spring Boot ::        (v2.0.4.RELEASE)

2023-01-04 17:44:53.285 DEBUG 3888 --- [kground-preinit] o.apache.tomcat.util.digester.Digester   :   Fire end() for ObjectCreateRule[className=org.apache.tomcat.util.modeler.AttributeInfo, attributeName=null]
2023-01-04 17:44:53.285 DEBUG 3888 --- [kground-preinit] o.apache.tomcat.util.digester.Digester   : [ObjectCreateRule]{mbeans-descriptors/mbean/attribute} Pop org.apache.tomcat.util.modeler.AttributeInfo
2023-01-04 17:44:53.286 DEBUG 3888 --- [           main] o.s.w.c.s.StandardServletEnvironment     : Adding PropertySource 'servletConfigInitParams' with lowest search precedence
2023-01-04 17:44:53.286 DEBUG 3888 --- [           main] o.s.w.c.s.StandardServletEnvironment     : Adding PropertySource 'servletContextInitParams' with lowest search precedence
2023-01-04 17:44:53.286 DEBUG 3888 --- [           main] o.s.w.c.s.StandardServletEnvironment     : Adding PropertySource 'systemProperties' with lowest search precedence
2023-01-04 17:44:53.286 DEBUG 3888 --- [           main] o.s.w.c.s.StandardServletEnvironment     : Adding PropertySource 'systemEnvironment' with lowest search precedence
2023-01-04 17:44:53.286 DEBUG 3888 --- [           main] o.s.w.c.s.StandardServletEnvironment     : Initialized StandardServletEnvironment with PropertySources [StubPropertySource@669365112 {name='servletConfigInitParams', properties=java.lang.Object@4422dd48}, StubPropertySource@7752890 {name='servletContextInitParams', properties=java.lang.Object@523d6bdb}, MapPropertySource@1481206935 {name='systemProperties', properties={java.specification.version=17, sun.cpu.isalist=amd64, sun.jnu.encoding=Cp1252, java.class.path=E:\spring-transaction-management-master\target\test-classes;E:\spring-transaction-management-master\target\classes;C:\Users\ustjavafsdb403\.m2\repository\org\springframework\boot\spring-boot-starter-data-jpa\2.0.4.RELEASE\spring-boot-starter-data-jpa-2.0.4.RELEASE.jar;C:\Users\ustjavafsdb403\.m2\repository\org\springframework\boot\spring-boot-starter\2.0.4.RELEASE\spring-boot-starter-2.0.4.RELEASE.jar;C:\Users\ustjavafsdb403\.m2\repository\org\springframework\boot\spring-boot\2.0.4.RELEASE\spring-boot-2.0.4.RELEASE.jar;C:\Users\ustjavafsdb403\.m2\repository\org\springframework\boot\spring-boot-autoconfigure\2.0.4.RELEASE\spring-boot-autoconfigure-2.0.4.RELEASE.jar;C:\Users\ustjavafsdb403\.m2\repository\org\springframework\boot\spring-boot-starter-logging\2.0.4.RELEASE\spring-boot-starter-logging-2.0.4.RELEASE.jar;C:\Users\ustjavafsdb403\.m2\repository\ch\qos\logback\logback-classic\1.2.3\logback-classic-1.2.3.jar;C:\Users\ustjavafsdb403\.m2\repository\ch\qos\logback\logback-core\1.2.3\logback-core-1.2.3.jar;C:\Users\ustjavafsdb403\.m2\repository\org\apache\logging\log4j\log4j-to-slf4j\2.10.0\log4j-to-slf4j-2.10.0.jar;C:\Users\ustjavafsdb403\.m2\repository\org\apache\logging\log4j\log4j-api\2.10.0\log4j-api-2.10.0.jar;C:\Users\ustjavafsdb403\.m2\repository\org\slf4j\jul-to-slf4j\1.7.25\jul-to-slf4j-1.7.25.jar;C:\Users\ustjavafsdb403\.m2\repository\javax\annotation\javax.annotation-api\1.3.2\javax.annotation-api-1.3.2.jar;C:\Users\ustjavafsdb403\.m2\repository\org\yaml\snakeyaml\1.19\snakeyaml-1.19.jar;C:\Users\ustjavafsdb403\.m2\repository\org\springframework\boot\spring-boot-starter-aop\2.0.4.RELEASE\spring-boot-starter-aop-2.0.4.RELEASE.jar;C:\Users\ustjavafsdb403\.m2\repository\org\springframework\spring-aop\5.0.8.RELEASE\spring-aop-5.0.8.RELEASE.jar;C:\Users\ustjavafsdb403\.m2\repository\org\aspectj\aspectjweaver\1.8.13\aspectjweaver-1.8.13.jar;C:\Users\ustjavafsdb403\.m2\repository\org\springframework\boot\spring-boot-starter-jdbc\2.0.4.RELEASE\spring-boot-starter-jdbc-2.0.4.RELEASE.jar;C:\Users\ustjavafsdb403\.m2\repository\com\zaxxer\HikariCP\2.7.9\HikariCP-2.7.9.jar;C:\Users\ustjavafsdb403\.m2\repository\org\springframework\spring-jdbc\5.0.8.RELEASE\spring-jdbc-5.0.8.RELEASE.jar;C:\Users\ustjavafsdb403\.m2\repository\org\hibernate\hibernate-core\5.2.17.Final\hibernate-core-5.2.17.Final.jar;C:\Users\ustjavafsdb403\.m2\repository\org\jboss\logging\jboss-logging\3.3.2.Final\jboss-logging-3.3.2.Final.jar;C:\Users\ustjavafsdb403\.m2\repository\org\hibernate\javax\persistence\hibernate-jpa-2.1-api\1.0.2.Final\hibernate-jpa-2.1-api-1.0.2.Final.jar;C:\Users\ustjavafsdb403\.m2\repository\org\javassist\javassist\3.22.0-GA\javassist-3.22.0-GA.jar;C:\Users\ustjavafsdb403\.m2\repository\antlr\antlr\2.7.7\antlr-2.7.7.jar;C:\Users\ustjavafsdb403\.m2\repository\org\jboss\jandex\2.0.3.Final\jandex-2.0.3.Final.jar;C:\Users\ustjavafsdb403\.m2\repository\com\fasterxml\classmate\1.3.4\classmate-1.3.4.jar;C:\Users\ustjavafsdb403\.m2\repository\dom4j\dom4j\1.6.1\dom4j-1.6.1.jar;C:\Users\ustjavafsdb403\.m2\repository\org\hibernate\common\hibernate-commons-annotations\5.0.1.Final\hibernate-commons-annotations-5.0.1.Final.jar;C:\Users\ustjavafsdb403\.m2\repository\javax\transaction\javax.transaction-api\1.2\javax.transaction-api-1.2.jar;C:\Users\ustjavafsdb403\.m2\repository\org\springframework\data\spring-data-jpa\2.0.9.RELEASE\spring-data-jpa-2.0.9.RELEASE.jar;C:\Users\ustjavafsdb403\.m2\repository\org\springframework\data\spring-data-commons\2.0.9.RELEASE\spring-data-commons-2.0.9.RELEASE.jar;C:\Users\ustjavafsdb403\.m2\repository\org\springframework\spring-orm\5.0.8.RELEASE\spring-orm-5.0.8.RELEASE.jar;C:\Users\ustjavafsdb403\.m2\repository\org\springframework\spring-context\5.0.8.RELEASE\spring-context-5.0.8.RELEASE.jar;C:\Users\ustjavafsdb403\.m2\repository\org\springframework\spring-tx\5.0.8.RELEASE\spring-tx-5.0.8.RELEASE.jar;C:\Users\ustjavafsdb403\.m2\repository\org\springframework\spring-beans\5.0.8.RELEASE\spring-beans-5.0.8.RELEASE.jar;C:\Users\ustjavafsdb403\.m2\repository\org\slf4j\slf4j-api\1.7.25\slf4j-api-1.7.25.jar;C:\Users\ustjavafsdb403\.m2\repository\org\springframework\spring-aspects\5.0.8.RELEASE\spring-aspects-5.0.8.RELEASE.jar;C:\Users\ustjavafsdb403\.m2\repository\org\springframework\boot\spring-boot-starter-web\2.0.4.RELEASE\spring-boot-starter-web-2.0.4.RELEASE.jar;C:\Users\ustjavafsdb403\.m2\repository\org\springframework\boot\spring-boot-starter-json\2.0.4.RELEASE\spring-boot-starter-json-2.0.4.RELEASE.jar;C:\Users\ustjavafsdb403\.m2\repository\org\springframework\boot\spring-boot-starter-tomcat\2.0.4.RELEASE\spring-boot-starter-tomcat-2.0.4.RELEASE.jar;C:\Users\ustjavafsdb403\.m2\repository\org\apache\tomcat\embed\tomcat-embed-core\8.5.32\tomcat-embed-core-8.5.32.jar;C:\Users\ustjavafsdb403\.m2\repository\org\apache\tomcat\embed\tomcat-embed-el\8.5.32\tomcat-embed-el-8.5.32.jar;C:\Users\ustjavafsdb403\.m2\repository\org\apache\tomcat\embed\tomcat-embed-websocket\8.5.32\tomcat-embed-websocket-8.5.32.jar;C:\Users\ustjavafsdb403\.m2\repository\org\hibernate\validator\hibernate-validator\6.0.11.Final\hibernate-validator-6.0.11.Final.jar;C:\Users\ustjavafsdb403\.m2\repository\javax\validation\validation-api\2.0.1.Final\validation-api-2.0.1.Final.jar;C:\Users\ustjavafsdb403\.m2\repository\org\openjfx\javafx.base\11.0.0-SNAPSHOT\javafx.base-11.0.0-SNAPSHOT.jar;C:\Users\ustjavafsdb403\.m2\repository\org\openjfx\javafx.base\11.0.0-SNAPSHOT\javafx.base-11.0.0-SNAPSHOT-linux.jar;C:\Users\ustjavafsdb403\.m2\repository\org\openjfx\javafx.base\11.0.0-SNAPSHOT\javafx.base-11.0.0-SNAPSHOT-mac.jar;C:\Users\ustjavafsdb403\.m2\repository\org\openjfx\javafx.base\11.0.0-SNAPSHOT\javafx.base-11.0.0-SNAPSHOT-win.jar;C:\Users\ustjavafsdb403\.m2\repository\org\springframework\spring-web\5.0.8.RELEASE\spring-web-5.0.8.RELEASE.jar;C:\Users\ustjavafsdb403\.m2\repository\org\springframework\spring-webmvc\5.0.8.RELEASE\spring-webmvc-5.0.8.RELEASE.jar;C:\Users\ustjavafsdb403\.m2\repository\org\springframework\spring-expression\5.0.8.RELEASE\spring-expression-5.0.8.RELEASE.jar;C:\Users\ustjavafsdb403\.m2\repository\com\h2database\h2\1.4.197\h2-1.4.197.jar;C:\Users\ustjavafsdb403\.m2\repository\javax\xml\bind\jaxb-api\2.3.0\jaxb-api-2.3.0.jar;C:\Users\ustjavafsdb403\.m2\repository\org\springframework\boot\spring-boot-starter-test\2.0.4.RELEASE\spring-boot-starter-test-2.0.4.RELEASE.jar;C:\Users\ustjavafsdb403\.m2\repository\org\springframework\boot\spring-boot-test\2.0.4.RELEASE\spring-boot-test-2.0.4.RELEASE.jar;C:\Users\ustjavafsdb403\.m2\repository\org\springframework\boot\spring-boot-test-autoconfigure\2.0.4.RELEASE\spring-boot-test-autoconfigure-2.0.4.RELEASE.jar;C:\Users\ustjavafsdb403\.m2\repository\com\jayway\jsonpath\json-path\2.4.0\json-path-2.4.0.jar;C:\Users\ustjavafsdb403\.m2\repository\net\minidev\json-smart\2.3\json-smart-2.3.jar;C:\Users\ustjavafsdb403\.m2\repository\net\minidev\accessors-smart\1.2\accessors-smart-1.2.jar;C:\Users\ustjavafsdb403\.m2\repository\org\ow2\asm\asm\5.0.4\asm-5.0.4.jar;C:\Users\ustjavafsdb403\.m2\repository\junit\junit\4.12\junit-4.12.jar;C:\Users\ustjavafsdb403\.m2\repository\org\assertj\assertj-core\3.9.1\assertj-core-3.9.1.jar;C:\Users\ustjavafsdb403\.m2\repository\org\mockito\mockito-core\2.15.0\mockito-core-2.15.0.jar;C:\Users\ustjavafsdb403\.m2\repository\net\bytebuddy\byte-buddy\1.7.11\byte-buddy-1.7.11.jar;C:\Users\ustjavafsdb403\.m2\repository\net\bytebuddy\byte-buddy-agent\1.7.11\byte-buddy-agent-1.7.11.jar;C:\Users\ustjavafsdb403\.m2\repository\org\objenesis\objenesis\2.6\objenesis-2.6.jar;C:\Users\ustjavafsdb403\.m2\repository\org\hamcrest\hamcrest-core\1.3\hamcrest-core-1.3.jar;C:\Users\ustjavafsdb403\.m2\repository\org\hamcrest\hamcrest-library\1.3\hamcrest-library-1.3.jar;C:\Users\ustjavafsdb403\.m2\repository\org\skyscreamer\jsonassert\1.5.0\jsonassert-1.5.0.jar;C:\Users\ustjavafsdb403\.m2\repository\com\vaadin\external\google\android-json\0.0.20131108.vaadin1\android-json-0.0.20131108.vaadin1.jar;C:\Users\ustjavafsdb403\.m2\repository\org\springframework\spring-core\5.0.8.RELEASE\spring-core-5.0.8.RELEASE.jar;C:\Users\ustjavafsdb403\.m2\repository\org\springframework\spring-jcl\5.0.8.RELEASE\spring-jcl-5.0.8.RELEASE.jar;C:\Users\ustjavafsdb403\.m2\repository\org\springframework\spring-test\5.0.8.RELEASE\spring-test-5.0.8.RELEASE.jar;C:\Users\ustjavafsdb403\.m2\repository\org\xmlunit\xmlunit-core\2.5.1\xmlunit-core-2.5.1.jar;C:\Users\ustjavafsdb403\.m2\repository\com\fasterxml\jackson\module\jackson-module-parameter-names\2.9.6\jackson-module-parameter-names-2.9.6.jar;C:\Users\ustjavafsdb403\.m2\repository\com\fasterxml\jackson\core\jackson-core\2.9.6\jackson-core-2.9.6.jar;C:\Users\ustjavafsdb403\.m2\repository\com\fasterxml\jackson\core\jackson-databind\2.9.6\jackson-databind-2.9.6.jar;C:\Users\ustjavafsdb403\.m2\repository\com\fasterxml\jackson\datatype\jackson-datatype-jdk8\2.9.6\jackson-datatype-jdk8-2.9.6.jar;C:\Users\ustjavafsdb403\.m2\repository\com\fasterxml\jackson\datatype\jackson-datatype-jsr310\2.9.6\jackson-datatype-jsr310-2.9.6.jar;C:\Users\ustjavafsdb403\.m2\repository\com\fasterxml\jackson\core\jackson-annotations\2.9.0\jackson-annotations-2.9.0.jar;, java.vm.vendor=Eclipse Adoptium, sun.arch.data.model=64, user.variant=, java.vendor.url=https://adoptium.net/, user.timezone=GMT+05:30, java.vm.specification.version=17, os.name=Windows 10, sun.java.launcher=SUN_STANDARD, user.country=IN, sun.boot.library.path=C:\Users\ustjavafsdb403\.p2\pool\plugins\org.eclipse.justj.openjdk.hotspot.jre.full.win32.x86_64_17.0.5.v20221102-0933\jre\bin, sun.java.command=C:\Users\USTJAV~1\AppData\Local\Temp\surefire2126999072731693157\surefirebooter11800425145749619277.jar C:\Users\ustjavafsdb403\AppData\Local\Temp\surefire2126999072731693157 2023-01-04T17-44-36_170-jvmRun1 surefire11905101423022534022tmp surefire_07651124966663579816tmp, jdk.debug=release, surefire.test.class.path=E:\spring-transaction-management-master\target\test-classes;E:\spring-transaction-management-master\target\classes;C:\Users\ustjavafsdb403\.m2\repository\org\springframework\boot\spring-boot-starter-data-jpa\2.0.4.RELEASE\spring-boot-starter-data-jpa-2.0.4.RELEASE.jar;C:\Users\ustjavafsdb403\.m2\repository\org\springframework\boot\spring-boot-starter\2.0.4.RELEASE\spring-boot-starter-2.0.4.RELEASE.jar;C:\Users\ustjavafsdb403\.m2\repository\org\springframework\boot\spring-boot\2.0.4.RELEASE\spring-boot-2.0.4.RELEASE.jar;C:\Users\ustjavafsdb403\.m2\repository\org\springframework\boot\spring-boot-autoconfigure\2.0.4.RELEASE\spring-boot-autoconfigure-2.0.4.RELEASE.jar;C:\Users\ustjavafsdb403\.m2\repository\org\springframework\boot\spring-boot-starter-logging\2.0.4.RELEASE\spring-boot-starter-logging-2.0.4.RELEASE.jar;C:\Users\ustjavafsdb403\.m2\repository\ch\qos\logback\logback-classic\1.2.3\logback-classic-1.2.3.jar;C:\Users\ustjavafsdb403\.m2\repository\ch\qos\logback\logback-core\1.2.3\logback-core-1.2.3.jar;C:\Users\ustjavafsdb403\.m2\repository\org\apache\logging\log4j\log4j-to-slf4j\2.10.0\log4j-to-slf4j-2.10.0.jar;C:\Users\ustjavafsdb403\.m2\repository\org\apache\logging\log4j\log4j-api\2.10.0\log4j-api-2.10.0.jar;C:\Users\ustjavafsdb403\.m2\repository\org\slf4j\jul-to-slf4j\1.7.25\jul-to-slf4j-1.7.25.jar;C:\Users\ustjavafsdb403\.m2\repository\javax\annotation\javax.annotation-api\1.3.2\javax.annotation-api-1.3.2.jar;C:\Users\ustjavafsdb403\.m2\repository\org\yaml\snakeyaml\1.19\snakeyaml-1.19.jar;C:\Users\ustjavafsdb403\.m2\repository\org\springframework\boot\spring-boot-starter-aop\2.0.4.RELEASE\spring-boot-starter-aop-2.0.4.RELEASE.jar;C:\Users\ustjavafsdb403\.m2\repository\org\springframework\spring-aop\5.0.8.RELEASE\spring-aop-5.0.8.RELEASE.jar;C:\Users\ustjavafsdb403\.m2\repository\org\aspectj\aspectjweaver\1.8.13\aspectjweaver-1.8.13.jar;C:\Users\ustjavafsdb403\.m2\repository\org\springframework\boot\spring-boot-starter-jdbc\2.0.4.RELEASE\spring-boot-starter-jdbc-2.0.4.RELEASE.jar;C:\Users\ustjavafsdb403\.m2\repository\com\zaxxer\HikariCP\2.7.9\HikariCP-2.7.9.jar;C:\Users\ustjavafsdb403\.m2\repository\org\springframework\spring-jdbc\5.0.8.RELEASE\spring-jdbc-5.0.8.RELEASE.jar;C:\Users\ustjavafsdb403\.m2\repository\org\hibernate\hibernate-core\5.2.17.Final\hibernate-core-5.2.17.Final.jar;C:\Users\ustjavafsdb403\.m2\repository\org\jboss\logging\jboss-logging\3.3.2.Final\jboss-logging-3.3.2.Final.jar;C:\Users\ustjavafsdb403\.m2\repository\org\hibernate\javax\persistence\hibernate-jpa-2.1-api\1.0.2.Final\hibernate-jpa-2.1-api-1.0.2.Final.jar;C:\Users\ustjavafsdb403\.m2\repository\org\javassist\javassist\3.22.0-GA\javassist-3.22.0-GA.jar;C:\Users\ustjavafsdb403\.m2\repository\antlr\antlr\2.7.7\antlr-2.7.7.jar;C:\Users\ustjavafsdb403\.m2\repository\org\jboss\jandex\2.0.3.Final\jandex-2.0.3.Final.jar;C:\Users\ustjavafsdb403\.m2\repository\com\fasterxml\classmate\1.3.4\classmate-1.3.4.jar;C:\Users\ustjavafsdb403\.m2\repository\dom4j\dom4j\1.6.1\dom4j-1.6.1.jar;C:\Users\ustjavafsdb403\.m2\repository\org\hibernate\common\hibernate-commons-annotations\5.0.1.Final\hibernate-commons-annotations-5.0.1.Final.jar;C:\Users\ustjavafsdb403\.m2\repository\javax\transaction\javax.transaction-api\1.2\javax.transaction-api-1.2.jar;C:\Users\ustjavafsdb403\.m2\repository\org\springframework\data\spring-data-jpa\2.0.9.RELEASE\spring-data-jpa-2.0.9.RELEASE.jar;C:\Users\ustjavafsdb403\.m2\repository\org\springframework\data\spring-data-commons\2.0.9.RELEASE\spring-data-commons-2.0.9.RELEASE.jar;C:\Users\ustjavafsdb403\.m2\repository\org\springframework\spring-orm\5.0.8.RELEASE\spring-orm-5.0.8.RELEASE.jar;C:\Users\ustjavafsdb403\.m2\repository\org\springframework\spring-context\5.0.8.RELEASE\spring-context-5.0.8.RELEASE.jar;C:\Users\ustjavafsdb403\.m2\repository\org\springframework\spring-tx\5.0.8.RELEASE\spring-tx-5.0.8.RELEASE.jar;C:\Users\ustjavafsdb403\.m2\repository\org\springframework\spring-beans\5.0.8.RELEASE\spring-beans-5.0.8.RELEASE.jar;C:\Users\ustjavafsdb403\.m2\repository\org\slf4j\slf4j-api\1.7.25\slf4j-api-1.7.25.jar;C:\Users\ustjavafsdb403\.m2\repository\org\springframework\spring-aspects\5.0.8.RELEASE\spring-aspects-5.0.8.RELEASE.jar;C:\Users\ustjavafsdb403\.m2\repository\org\springframework\boot\spring-boot-starter-web\2.0.4.RELEASE\spring-boot-starter-web-2.0.4.RELEASE.jar;C:\Users\ustjavafsdb403\.m2\repository\org\springframework\boot\spring-boot-starter-json\2.0.4.RELEASE\spring-boot-starter-json-2.0.4.RELEASE.jar;C:\Users\ustjavafsdb403\.m2\repository\org\springframework\boot\spring-boot-starter-tomcat\2.0.4.RELEASE\spring-boot-starter-tomcat-2.0.4.RELEASE.jar;C:\Users\ustjavafsdb403\.m2\repository\org\apache\tomcat\embed\tomcat-embed-core\8.5.32\tomcat-embed-core-8.5.32.jar;C:\Users\ustjavafsdb403\.m2\repository\org\apache\tomcat\embed\tomcat-embed-el\8.5.32\tomcat-embed-el-8.5.32.jar;C:\Users\ustjavafsdb403\.m2\repository\org\apache\tomcat\embed\tomcat-embed-websocket\8.5.32\tomcat-embed-websocket-8.5.32.jar;C:\Users\ustjavafsdb403\.m2\repository\org\hibernate\validator\hibernate-validator\6.0.11.Final\hibernate-validator-6.0.11.Final.jar;C:\Users\ustjavafsdb403\.m2\repository\javax\validation\validation-api\2.0.1.Final\validation-api-2.0.1.Final.jar;C:\Users\ustjavafsdb403\.m2\repository\org\openjfx\javafx.base\11.0.0-SNAPSHOT\javafx.base-11.0.0-SNAPSHOT.jar;C:\Users\ustjavafsdb403\.m2\repository\org\openjfx\javafx.base\11.0.0-SNAPSHOT\javafx.base-11.0.0-SNAPSHOT-linux.jar;C:\Users\ustjavafsdb403\.m2\repository\org\openjfx\javafx.base\11.0.0-SNAPSHOT\javafx.base-11.0.0-SNAPSHOT-mac.jar;C:\Users\ustjavafsdb403\.m2\repository\org\openjfx\javafx.base\11.0.0-SNAPSHOT\javafx.base-11.0.0-SNAPSHOT-win.jar;C:\Users\ustjavafsdb403\.m2\repository\org\springframework\spring-web\5.0.8.RELEASE\spring-web-5.0.8.RELEASE.jar;C:\Users\ustjavafsdb403\.m2\repository\org\springframework\spring-webmvc\5.0.8.RELEASE\spring-webmvc-5.0.8.RELEASE.jar;C:\Users\ustjavafsdb403\.m2\repository\org\springframework\spring-expression\5.0.8.RELEASE\spring-expression-5.0.8.RELEASE.jar;C:\Users\ustjavafsdb403\.m2\repository\com\h2database\h2\1.4.197\h2-1.4.197.jar;C:\Users\ustjavafsdb403\.m2\repository\javax\xml\bind\jaxb-api\2.3.0\jaxb-api-2.3.0.jar;C:\Users\ustjavafsdb403\.m2\repository\org\springframework\boot\spring-boot-starter-test\2.0.4.RELEASE\spring-boot-starter-test-2.0.4.RELEASE.jar;C:\Users\ustjavafsdb403\.m2\repository\org\springframework\boot\spring-boot-test\2.0.4.RELEASE\spring-boot-test-2.0.4.RELEASE.jar;C:\Users\ustjavafsdb403\.m2\repository\org\springframework\boot\spring-boot-test-autoconfigure\2.0.4.RELEASE\spring-boot-test-autoconfigure-2.0.4.RELEASE.jar;C:\Users\ustjavafsdb403\.m2\repository\com\jayway\jsonpath\json-path\2.4.0\json-path-2.4.0.jar;C:\Users\ustjavafsdb403\.m2\repository\net\minidev\json-smart\2.3\json-smart-2.3.jar;C:\Users\ustjavafsdb403\.m2\repository\net\minidev\accessors-smart\1.2\accessors-smart-1.2.jar;C:\Users\ustjavafsdb403\.m2\repository\org\ow2\asm\asm\5.0.4\asm-5.0.4.jar;C:\Users\ustjavafsdb403\.m2\repository\junit\junit\4.12\junit-4.12.jar;C:\Users\ustjavafsdb403\.m2\repository\org\assertj\assertj-core\3.9.1\assertj-core-3.9.1.jar;C:\Users\ustjavafsdb403\.m2\repository\org\mockito\mockito-core\2.15.0\mockito-core-2.15.0.jar;C:\Users\ustjavafsdb403\.m2\repository\net\bytebuddy\byte-buddy\1.7.11\byte-buddy-1.7.11.jar;C:\Users\ustjavafsdb403\.m2\repository\net\bytebuddy\byte-buddy-agent\1.7.11\byte-buddy-agent-1.7.11.jar;C:\Users\ustjavafsdb403\.m2\repository\org\objenesis\objenesis\2.6\objenesis-2.6.jar;C:\Users\ustjavafsdb403\.m2\repository\org\hamcrest\hamcrest-core\1.3\hamcrest-core-1.3.jar;C:\Users\ustjavafsdb403\.m2\repository\org\hamcrest\hamcrest-library\1.3\hamcrest-library-1.3.jar;C:\Users\ustjavafsdb403\.m2\repository\org\skyscreamer\jsonassert\1.5.0\jsonassert-1.5.0.jar;C:\Users\ustjavafsdb403\.m2\repository\com\vaadin\external\google\android-json\0.0.20131108.vaadin1\android-json-0.0.20131108.vaadin1.jar;C:\Users\ustjavafsdb403\.m2\repository\org\springframework\spring-core\5.0.8.RELEASE\spring-core-5.0.8.RELEASE.jar;C:\Users\ustjavafsdb403\.m2\repository\org\springframework\spring-jcl\5.0.8.RELEASE\spring-jcl-5.0.8.RELEASE.jar;C:\Users\ustjavafsdb403\.m2\repository\org\springframework\spring-test\5.0.8.RELEASE\spring-test-5.0.8.RELEASE.jar;C:\Users\ustjavafsdb403\.m2\repository\org\xmlunit\xmlunit-core\2.5.1\xmlunit-core-2.5.1.jar;C:\Users\ustjavafsdb403\.m2\repository\com\fasterxml\jackson\module\jackson-module-parameter-names\2.9.6\jackson-module-parameter-names-2.9.6.jar;C:\Users\ustjavafsdb403\.m2\repository\com\fasterxml\jackson\core\jackson-core\2.9.6\jackson-core-2.9.6.jar;C:\Users\ustjavafsdb403\.m2\repository\com\fasterxml\jackson\core\jackson-databind\2.9.6\jackson-databind-2.9.6.jar;C:\Users\ustjavafsdb403\.m2\repository\com\fasterxml\jackson\datatype\jackson-datatype-jdk8\2.9.6\jackson-datatype-jdk8-2.9.6.jar;C:\Users\ustjavafsdb403\.m2\repository\com\fasterxml\jackson\datatype\jackson-datatype-jsr310\2.9.6\jackson-datatype-jsr310-2.9.6.jar;C:\Users\ustjavafsdb403\.m2\repository\com\fasterxml\jackson\core\jackson-annotations\2.9.0\jackson-annotations-2.9.0.jar;, sun.cpu.endian=little, user.home=C:\Users\ustjavafsdb403, user.language=en, java.specification.vendor=Oracle Corporation, java.version.date=2022-10-18, java.home=C:\Users\ustjavafsdb403\.p2\pool\plugins\org.eclipse.justj.openjdk.hotspot.jre.full.win32.x86_64_17.0.5.v20221102-0933\jre, file.separator=\, style.color=always, basedir=E:\spring-transaction-management-master, java.vm.compressedOopsMode=32-bit, line.separator=
, java.vm.specification.vendor=Oracle Corporation, java.specification.name=Java Platform API Specification, java.awt.headless=true, surefire.real.class.path=C:\Users\USTJAV~1\AppData\Local\Temp\surefire2126999072731693157\surefirebooter11800425145749619277.jar, user.script=, sun.management.compiler=HotSpot 64-Bit Tiered Compilers, java.runtime.version=17.0.5+8, user.name=ustjavafsdb403, path.separator=;, os.version=10.0, java.runtime.name=OpenJDK Runtime Environment, file.encoding=Cp1252, spring.beaninfo.ignore=true, java.vm.name=OpenJDK 64-Bit Server VM, java.vendor.version=Temurin-17.0.5+8, localRepository=C:\Users\ustjavafsdb403\.m2\repository, java.vendor.url.bug=https://github.com/adoptium/adoptium-support/issues, java.io.tmpdir=C:\Users\USTJAV~1\AppData\Local\Temp\, java.version=17.0.5, user.dir=E:\spring-transaction-management-master, os.arch=amd64, java.vm.specification.name=Java Virtual Machine Specification, PID=3888, sun.os.patch.level=, native.encoding=Cp1252, java.library.path=C:\Users\ustjavafsdb403\.p2\pool\plugins\org.eclipse.justj.openjdk.hotspot.jre.full.win32.x86_64_17.0.5.v20221102-0933\jre\bin;C:\Windows\Sun\Java\bin;C:\Windows\system32;C:\Windows;C:/Users/ustjavafsdb403/.p2/pool/plugins/org.eclipse.justj.openjdk.hotspot.jre.full.win32.x86_64_17.0.5.v20221102-0933/jre/bin/server;C:/Users/ustjavafsdb403/.p2/pool/plugins/org.eclipse.justj.openjdk.hotspot.jre.full.win32.x86_64_17.0.5.v20221102-0933/jre/bin;C:\Program Files\Common Files\Oracle\Java\javapath;C:\Windows\system32;C:\Windows;C:\Windows\System32\Wbem;C:\Windows\System32\WindowsPowerShell\v1.0\;C:\Windows\System32\OpenSSH\;C:\Program Files\Java\jdk-11.0.15\bin;C:\Program Files (x86)\Citrix\HDX\bin\;C:\Program Files\Citrix\HDX\bin\;C:\Program Files\Git\cmd;C:\Program Files\Docker\Docker\resources\bin;C:\Program Files\MySQL\MySQL Shell 8.0\bin\;C:\Users\ustjavafsdb403\AppData\Local\Microsoft\WindowsApps;C:\ProgramData\ustjavafsdb403\GitHubDesktop\bin;C:\Windows\system32;;., java.vm.info=mixed mode, java.vendor=Eclipse Adoptium, java.vm.version=17.0.5+8, sun.io.unicode.encoding=UnicodeLittle, java.class.version=61.0}}, SystemEnvironmentPropertySource@181613131 {name='systemEnvironment', properties={PATH=C:/Users/ustjavafsdb403/.p2/pool/plugins/org.eclipse.justj.openjdk.hotspot.jre.full.win32.x86_64_17.0.5.v20221102-0933/jre/bin/server;C:/Users/ustjavafsdb403/.p2/pool/plugins/org.eclipse.justj.openjdk.hotspot.jre.full.win32.x86_64_17.0.5.v20221102-0933/jre/bin;C:\Program Files\Common Files\Oracle\Java\javapath;C:\Windows\system32;C:\Windows;C:\Windows\System32\Wbem;C:\Windows\System32\WindowsPowerShell\v1.0\;C:\Windows\System32\OpenSSH\;C:\Program Files\Java\jdk-11.0.15\bin;C:\Program Files (x86)\Citrix\HDX\bin\;C:\Program Files\Citrix\HDX\bin\;C:\Program Files\Git\cmd;C:\Program Files\Docker\Docker\resources\bin;C:\Program Files\MySQL\MySQL Shell 8.0\bin\;C:\Users\ustjavafsdb403\AppData\Local\Microsoft\WindowsApps;C:\ProgramData\ustjavafsdb403\GitHubDesktop\bin;C:\Windows\system32;, USERDOMAIN_ROAMINGPROFILE=IIHT, LOCALAPPDATA=C:\Users\ustjavafsdb403\AppData\Local, PROCESSOR_LEVEL=6, SYSTEMDRIVE=C:, COMMONPROGRAMFILES(X86)=C:\Program Files (x86)\Common Files, USERDOMAIN=IIHT, FPS_BROWSER_APP_PROFILE_STRING=Internet Explorer, LOGONSERVER=\\SDC, PROMPT=$P$G, SESSIONNAME=Console, ALLUSERSPROFILE=C:\ProgramData, PROGRAMFILES(X86)=C:\Program Files (x86), PROCESSOR_ARCHITECTURE=AMD64, DRIVERDATA=C:\Windows\System32\Drivers\DriverData, =E:=E:\spring-transaction-management-master, PROGRAMFILES=C:\Program Files, APPDATA=C:\Users\ustjavafsdb403\AppData\Roaming, PSMODULEPATH=C:\Program Files\WindowsPowerShell\Modules;C:\Windows\system32\WindowsPowerShell\v1.0\Modules;C:\Program Files\Citrix\Telemetry Service\, PROGRAMW6432=C:\Program Files, PROGRAMDATA=C:\ProgramData, SYSTEMROOT=C:\Windows, USERNAME=ustjavafsdb403, USERDNSDOMAIN=IIHT.TECH, FPS_BROWSER_USER_PROFILE_STRING=Default, ONEDRIVE=C:\Users\ustjavafsdb403\OneDrive, PATHEXT=.COM;.EXE;.BAT;.CMD;.VBS;.VBE;.JS;.JSE;.WSF;.WSH;.MSC, OS=Windows_NT, COMMONPROGRAMW6432=C:\Program Files\Common Files, COMPUTERNAME=USTFSD08, COMMONPROGRAMFILES=C:\Program Files\Common Files, COMSPEC=C:\Windows\system32\cmd.exe, PROCESSOR_REVISION=4f01, WINDIR=C:\Windows, HOMEPATH=\Users\ustjavafsdb403, TEMP=C:\Users\USTJAV~1\AppData\Local\Temp, HOMEDRIVE=C:, PROCESSOR_IDENTIFIER=Intel64 Family 6 Model 79 Stepping 1, GenuineIntel, USERPROFILE=C:\Users\ustjavafsdb403, TMP=C:\Users\USTJAV~1\AppData\Local\Temp, PUBLIC=C:\Users\Public, NUMBER_OF_PROCESSORS=4, =::=::\}}]
2023-01-04 17:44:53.288 DEBUG 3888 --- [           main] o.s.c.e.PropertySourcesPropertyResolver  : Could not find key 'context.initializer.classes' in any property source
2023-01-04 17:44:53.288 DEBUG 3888 --- [           main] o.s.c.e.PropertySourcesPropertyResolver  : Could not find key 'spring.application.name' in any property source
2023-01-04 17:44:53.289 DEBUG 3888 --- [           main] o.s.b.f.s.DefaultListableBeanFactory     : Returning cached instance of singleton bean 'autoConfigurationReport'
2023-01-04 17:44:53.289  INFO 3888 --- [           main] c.a.datatranx.DatatranxApplicationTests  : Starting DatatranxApplicationTests on ustfsd08 with PID 3888 (started by ustjavafsdb403 in E:\spring-transaction-management-master)
2023-01-04 17:44:53.289 DEBUG 3888 --- [           main] c.a.datatranx.DatatranxApplicationTests  : Running with Spring Boot v2.0.4.RELEASE, Spring v5.0.8.RELEASE
2023-01-04 17:44:53.290 DEBUG 3888 --- [           main] o.s.c.e.PropertySourcesPropertyResolver  : Could not find key 'spring.profiles.active' in any property source
2023-01-04 17:44:53.290 DEBUG 3888 --- [           main] o.s.c.e.PropertySourcesPropertyResolver  : Could not find key 'spring.profiles.default' in any property source
2023-01-04 17:44:53.290  INFO 3888 --- [           main] c.a.datatranx.DatatranxApplicationTests  : No active profile set, falling back to default profiles: default
2023-01-04 17:44:53.290 DEBUG 3888 --- [           main] o.s.boot.SpringApplication               : Loading source class com.affani.datatranx.DatatranxApplication
2023-01-04 17:44:53.291 DEBUG 3888 --- [           main] o.s.c.a.ClassPathBeanDefinitionScanner   : JSR-250 'javax.annotation.ManagedBean' found and supported for component scanning
2023-01-04 17:44:53.293 DEBUG 3888 --- [           main] o.s.b.c.c.ConfigFileApplicationListener  : Loaded config file 'file:/E:/spring-transaction-management-master/target/classes/application.properties' (classpath:/application.properties)
2023-01-04 17:44:53.294  INFO 3888 --- [           main] o.s.w.c.s.GenericWebApplicationContext   : Refreshing org.springframework.web.context.support.GenericWebApplicationContext@fabb651: startup date [Wed Jan 04 17:44:53 GMT+05:30 2023]; root of context hierarchy
2023-01-04 17:44:53.294 DEBUG 3888 --- [           main] o.s.w.c.s.GenericWebApplicationContext   : Bean factory for org.springframework.web.context.support.GenericWebApplicationContext@fabb651: org.springframework.beans.factory.support.DefaultListableBeanFactory@11b455e5: defining beans [org.springframework.boot.test.mock.mockito.MockitoPostProcessor$SpyPostProcessor,org.springframework.boot.test.mock.mockito.MockitoPostProcessor,org.springframework.context.annotation.internalConfigurationAnnotationProcessor,org.springframework.context.annotation.internalAutowiredAnnotationProcessor,org.springframework.context.annotation.internalRequiredAnnotationProcessor,org.springframework.context.annotation.internalCommonAnnotationProcessor,org.springframework.context.annotation.internalPersistenceAnnotationProcessor,org.springframework.context.event.internalEventListenerProcessor,org.springframework.context.event.internalEventListenerFactory,datatranxApplication]; root of factory hierarchy
2023-01-04 17:44:53.294 DEBUG 3888 --- [           main] o.s.b.f.s.DefaultListableBeanFactory     : Registering scope 'request' with implementation [org.springframework.web.context.request.RequestScope@3e3861d7]
2023-01-04 17:44:53.294 DEBUG 3888 --- [           main] o.s.b.f.s.DefaultListableBeanFactory     : Registering scope 'session' with implementation [org.springframework.web.context.request.SessionScope@5e2a3040]
2023-01-04 17:44:53.294 DEBUG 3888 --- [           main] o.s.b.f.s.DefaultListableBeanFactory     : Registering scope 'application' with implementation [org.springframework.web.context.support.ServletContextScope@6d025d1d]
2023-01-04 17:44:53.295 DEBUG 3888 --- [           main] o.s.b.f.s.DefaultListableBeanFactory     : Creating shared instance of singleton bean 'org.springframework.context.annotation.internalConfigurationAnnotationProcessor'
2023-01-04 17:44:53.295 DEBUG 3888 --- [           main] o.s.b.f.s.DefaultListableBeanFactory     : Creating instance of bean 'org.springframework.context.annotation.internalConfigurationAnnotationProcessor'
2023-01-04 17:44:53.295 DEBUG 3888 --- [           main] o.s.b.f.s.DefaultListableBeanFactory     : Eagerly caching bean 'org.springframework.context.annotation.internalConfigurationAnnotationProcessor' to allow for resolving potential circular references
2023-01-04 17:44:53.295 DEBUG 3888 --- [           main] o.s.b.f.s.DefaultListableBeanFactory     : Creating shared instance of singleton bean 'org.springframework.boot.autoconfigure.internalCachingMetadataReaderFactory'
2023-01-04 17:44:53.295 DEBUG 3888 --- [           main] o.s.b.f.s.DefaultListableBeanFactory     : Creating instance of bean 'org.springframework.boot.autoconfigure.internalCachingMetadataReaderFactory'
2023-01-04 17:44:53.295 DEBUG 3888 --- [           main] o.s.b.f.s.DefaultListableBeanFactory     : Eagerly caching bean 'org.springframework.boot.autoconfigure.internalCachingMetadataReaderFactory' to allow for resolving potential circular references
2023-01-04 17:44:53.295 DEBUG 3888 --- [           main] o.s.b.f.s.DefaultListableBeanFactory     : Finished creating instance of bean 'org.springframework.boot.autoconfigure.internalCachingMetadataReaderFactory'
2023-01-04 17:44:53.299 DEBUG 3888 --- [           main] o.s.b.f.s.DefaultListableBeanFactory     : Finished creating instance of bean 'org.springframework.context.annotation.internalConfigurationAnnotationProcessor'
2023-01-04 17:44:53.300 DEBUG 3888 --- [           main] o.s.c.a.ClassPathBeanDefinitionScanner   : JSR-250 'javax.annotation.ManagedBean' found and supported for component scanning
2023-01-04 17:44:53.301 DEBUG 3888 --- [           main] .i.s.PathMatchingResourcePatternResolver : Resolved classpath location [com/affani/datatranx/] to resources [URL [file:/E:/spring-transaction-management-master/target/test-classes/com/affani/datatranx/], URL [file:/E:/spring-transaction-management-master/target/classes/com/affani/datatranx/]]
2023-01-04 17:44:53.301 DEBUG 3888 --- [           main] .i.s.PathMatchingResourcePatternResolver : Looking for matching resources in directory tree [E:\spring-transaction-management-master\target\test-classes\com\affani\datatranx]
2023-01-04 17:44:53.301 DEBUG 3888 --- [           main] .i.s.PathMatchingResourcePatternResolver : Searching directory [E:\spring-transaction-management-master\target\test-classes\com\affani\datatranx] for files matching pattern [E:/spring-transaction-management-master/target/test-classes/com/affani/datatranx/**/*.class]
2023-01-04 17:44:53.302 DEBUG 3888 --- [           main] .i.s.PathMatchingResourcePatternResolver : Searching directory [E:\spring-transaction-management-master\target\test-classes\com\affani\datatranx\controller] for files matching pattern [E:/spring-transaction-management-master/target/test-classes/com/affani/datatranx/**/*.class]
2023-01-04 17:44:53.302 DEBUG 3888 --- [           main] .i.s.PathMatchingResourcePatternResolver : Looking for matching resources in directory tree [E:\spring-transaction-management-master\target\classes\com\affani\datatranx]
2023-01-04 17:44:53.302 DEBUG 3888 --- [           main] .i.s.PathMatchingResourcePatternResolver : Searching directory [E:\spring-transaction-management-master\target\classes\com\affani\datatranx] for files matching pattern [E:/spring-transaction-management-master/target/classes/com/affani/datatranx/**/*.class]
2023-01-04 17:44:53.303 DEBUG 3888 --- [           main] .i.s.PathMatchingResourcePatternResolver : Searching directory [E:\spring-transaction-management-master\target\classes\com\affani\datatranx\config] for files matching pattern [E:/spring-transaction-management-master/target/classes/com/affani/datatranx/**/*.class]
2023-01-04 17:44:53.303 DEBUG 3888 --- [           main] .i.s.PathMatchingResourcePatternResolver : Searching directory [E:\spring-transaction-management-master\target\classes\com\affani\datatranx\controller] for files matching pattern [E:/spring-transaction-management-master/target/classes/com/affani/datatranx/**/*.class]
2023-01-04 17:44:53.303 DEBUG 3888 --- [           main] .i.s.PathMatchingResourcePatternResolver : Searching directory [E:\spring-transaction-management-master\target\classes\com\affani\datatranx\dao] for files matching pattern [E:/spring-transaction-management-master/target/classes/com/affani/datatranx/**/*.class]
2023-01-04 17:44:53.303 DEBUG 3888 --- [           main] .i.s.PathMatchingResourcePatternResolver : Searching directory [E:\spring-transaction-management-master\target\classes\com\affani\datatranx\model] for files matching pattern [E:/spring-transaction-management-master/target/classes/com/affani/datatranx/**/*.class]
2023-01-04 17:44:53.304 DEBUG 3888 --- [           main] .i.s.PathMatchingResourcePatternResolver : Searching directory [E:\spring-transaction-management-master\target\classes\com\affani\datatranx\rest] for files matching pattern [E:/spring-transaction-management-master/target/classes/com/affani/datatranx/**/*.class]
2023-01-04 17:44:53.304 DEBUG 3888 --- [           main] .i.s.PathMatchingResourcePatternResolver : Searching directory [E:\spring-transaction-management-master\target\classes\com\affani\datatranx\rest\model] for files matching pattern [E:/spring-transaction-management-master/target/classes/com/affani/datatranx/**/*.class]
2023-01-04 17:44:53.304 DEBUG 3888 --- [           main] .i.s.PathMatchingResourcePatternResolver : Searching directory [E:\spring-transaction-management-master\target\classes\com\affani\datatranx\service] for files matching pattern [E:/spring-transaction-management-master/target/classes/com/affani/datatranx/**/*.class]
2023-01-04 17:44:53.305 DEBUG 3888 --- [           main] .i.s.PathMatchingResourcePatternResolver : Resolved location pattern [classpath*:com/affani/datatranx/**/*.class] to resources [file [E:\spring-transaction-management-master\target\test-classes\com\affani\datatranx\controller\RESTAPIControllerTest.class], file [E:\spring-transaction-management-master\target\test-classes\com\affani\datatranx\DatatranxApplicationTests.class], file [E:\spring-transaction-management-master\target\classes\com\affani\datatranx\config\WebConfiguration.class], file [E:\spring-transaction-management-master\target\classes\com\affani\datatranx\controller\RESTAPIController.class], file [E:\spring-transaction-management-master\target\classes\com\affani\datatranx\dao\IAccountDAO.class], file [E:\spring-transaction-management-master\target\classes\com\affani\datatranx\DatatranxApplication.class], file [E:\spring-transaction-management-master\target\classes\com\affani\datatranx\model\Account.class], file [E:\spring-transaction-management-master\target\classes\com\affani\datatranx\rest\model\AccountTransferRestModel.class], file [E:\spring-transaction-management-master\target\classes\com\affani\datatranx\service\DeclarativeTrxAccountService.class], file [E:\spring-transaction-management-master\target\classes\com\affani\datatranx\service\IAccountService.class], file [E:\spring-transaction-management-master\target\classes\com\affani\datatranx\service\ProgTrxManagerAccountService.class], file [E:\spring-transaction-management-master\target\classes\com\affani\datatranx\service\ProgTrxTemplateAccountService$1.class], file [E:\spring-transaction-management-master\target\classes\com\affani\datatranx\service\ProgTrxTemplateAccountService.class]]
2023-01-04 17:44:53.306 DEBUG 3888 --- [           main] o.s.b.f.s.DefaultListableBeanFactory     : Returning cached instance of singleton bean 'org.springframework.boot.test.context.filter.TestTypeExcludeFilter'
2023-01-04 17:44:53.306 DEBUG 3888 --- [           main] o.s.b.f.s.DefaultListableBeanFactory     : Returning cached instance of singleton bean 'org.springframework.boot.test.context.filter.TestTypeExcludeFilter'
2023-01-04 17:44:53.307 DEBUG 3888 --- [           main] o.s.b.f.s.DefaultListableBeanFactory     : Returning cached instance of singleton bean 'org.springframework.boot.test.context.filter.TestTypeExcludeFilter'
2023-01-04 17:44:53.307 DEBUG 3888 --- [           main] o.s.c.a.ClassPathBeanDefinitionScanner   : Identified candidate component class: file [E:\spring-transaction-management-master\target\classes\com\affani\datatranx\config\WebConfiguration.class]
2023-01-04 17:44:53.308 DEBUG 3888 --- [           main] o.s.b.f.s.DefaultListableBeanFactory     : Returning cached instance of singleton bean 'org.springframework.boot.test.context.filter.TestTypeExcludeFilter'
2023-01-04 17:44:53.308 DEBUG 3888 --- [           main] o.s.c.a.ClassPathBeanDefinitionScanner   : Identified candidate component class: file [E:\spring-transaction-management-master\target\classes\com\affani\datatranx\controller\RESTAPIController.class]
2023-01-04 17:44:53.309 DEBUG 3888 --- [           main] o.s.b.f.s.DefaultListableBeanFactory     : Returning cached instance of singleton bean 'org.springframework.boot.test.context.filter.TestTypeExcludeFilter'
2023-01-04 17:44:53.310 DEBUG 3888 --- [           main] o.s.b.f.s.DefaultListableBeanFactory     : Returning cached instance of singleton bean 'org.springframework.boot.test.context.filter.TestTypeExcludeFilter'
2023-01-04 17:44:53.311 DEBUG 3888 --- [           main] o.s.b.f.s.DefaultListableBeanFactory     : Returning cached instance of singleton bean 'org.springframework.boot.test.context.filter.TestTypeExcludeFilter'
2023-01-04 17:44:53.312 DEBUG 3888 --- [           main] o.s.b.f.s.DefaultListableBeanFactory     : Returning cached instance of singleton bean 'org.springframework.boot.test.context.filter.TestTypeExcludeFilter'
2023-01-04 17:44:53.312 DEBUG 3888 --- [           main] o.s.c.a.ClassPathBeanDefinitionScanner   : Identified candidate component class: file [E:\spring-transaction-management-master\target\classes\com\affani\datatranx\service\DeclarativeTrxAccountService.class]
2023-01-04 17:44:53.312 DEBUG 3888 --- [           main] o.s.b.f.s.DefaultListableBeanFactory     : Returning cached instance of singleton bean 'org.springframework.boot.test.context.filter.TestTypeExcludeFilter'
2023-01-04 17:44:53.313 DEBUG 3888 --- [           main] o.s.b.f.s.DefaultListableBeanFactory     : Returning cached instance of singleton bean 'org.springframework.boot.test.context.filter.TestTypeExcludeFilter'
2023-01-04 17:44:53.313 DEBUG 3888 --- [           main] o.s.c.a.ClassPathBeanDefinitionScanner   : Identified candidate component class: file [E:\spring-transaction-management-master\target\classes\com\affani\datatranx\service\ProgTrxManagerAccountService.class]
2023-01-04 17:44:53.313 DEBUG 3888 --- [           main] o.s.b.f.s.DefaultListableBeanFactory     : Returning cached instance of singleton bean 'org.springframework.boot.test.context.filter.TestTypeExcludeFilter'
2023-01-04 17:44:53.315 DEBUG 3888 --- [           main] o.s.b.f.s.DefaultListableBeanFactory     : Returning cached instance of singleton bean 'org.springframework.boot.test.context.filter.TestTypeExcludeFilter'
2023-01-04 17:44:53.315 DEBUG 3888 --- [           main] o.s.c.a.ClassPathBeanDefinitionScanner   : Identified candidate component class: file [E:\spring-transaction-management-master\target\classes\com\affani\datatranx\service\ProgTrxTemplateAccountService.class]
2023-01-04 17:44:53.321 DEBUG 3888 --- [kground-preinit] o.a.tomcat.util.digester.Digester.sax    : characters(
  )
2023-01-04 17:44:53.328 DEBUG 3888 --- [           main] o.s.c.e.PropertySourcesPropertyResolver  : Could not find key 'spring.boot.enableautoconfiguration' in any property source
2023-01-04 17:44:53.329 DEBUG 3888 --- [kground-preinit] o.a.tomcat.util.digester.Digester.sax    : endElement(,,mbean)
2023-01-04 17:44:53.329 DEBUG 3888 --- [kground-preinit] o.apache.tomcat.util.digester.Digester   :   match='mbeans-descriptors/mbean'
2023-01-04 17:44:53.329 DEBUG 3888 --- [kground-preinit] o.apache.tomcat.util.digester.Digester   :   bodyText='

    

    

    

    
  '
2023-01-04 17:44:53.330 DEBUG 3888 --- [kground-preinit] o.apache.tomcat.util.digester.Digester   :   Fire body() for ObjectCreateRule[className=org.apache.tomcat.util.modeler.ManagedBean, attributeName=null]
2023-01-04 17:44:53.330 DEBUG 3888 --- [kground-preinit] o.apache.tomcat.util.digester.Digester   :   Fire body() for SetPropertiesRule[]
2023-01-04 17:44:53.330 DEBUG 3888 --- [kground-preinit] o.apache.tomcat.util.digester.Digester   :   Fire body() for SetNextRule[methodName=add, paramType=java.lang.Object]
2023-01-04 17:44:53.330 DEBUG 3888 --- [kground-preinit] o.apache.tomcat.util.digester.Digester   :   Fire end() for SetNextRule[methodName=add, paramType=java.lang.Object]
2023-01-04 17:44:53.330 DEBUG 3888 --- [kground-preinit] o.apache.tomcat.util.digester.Digester   : [SetNextRule]{mbeans-descriptors/mbean} Call java.util.ArrayList.add(ManagedBean[name=SingleSignOn, className=org.apache.tomcat.util.modeler.BaseModelMBean, description=A Valve that supports a 'single signon' user experience, group=Valve, type=org.apache.catalina.authenticator.SingleSignOn])
2023-01-04 17:44:53.332 DEBUG 3888 --- [kground-preinit] o.apache.tomcat.util.IntrospectionUtils  : IntrospectionUtils: callMethod1 java.util.ArrayList org.apache.tomcat.util.modeler.ManagedBean java.lang.Object
2023-01-04 17:44:53.333 DEBUG 3888 --- [kground-preinit] o.apache.tomcat.util.digester.Digester   :   Fire end() for SetPropertiesRule[]
2023-01-04 17:44:53.334 DEBUG 3888 --- [           main] o.s.b.f.s.DefaultListableBeanFactory     : Returning cached instance of singleton bean 'autoConfigurationReport'
2023-01-04 17:44:53.336 DEBUG 3888 --- [kground-preinit] o.apache.tomcat.util.digester.Digester   :   Fire end() for ObjectCreateRule[className=org.apache.tomcat.util.modeler.ManagedBean, attributeName=null]
2023-01-04 17:44:53.336 DEBUG 3888 --- [kground-preinit] o.apache.tomcat.util.digester.Digester   : [ObjectCreateRule]{mbeans-descriptors/mbean} Pop org.apache.tomcat.util.modeler.ManagedBean
2023-01-04 17:44:53.336 DEBUG 3888 --- [kground-preinit] o.a.tomcat.util.digester.Digester.sax    : characters(


  )
2023-01-04 17:44:53.336 DEBUG 3888 --- [kground-preinit] o.a.tomcat.util.digester.Digester.sax    : startElement(,,mbean)
2023-01-04 17:44:53.336 DEBUG 3888 --- [kground-preinit] o.apache.tomcat.util.digester.Digester   :   New match='mbeans-descriptors/mbean'
2023-01-04 17:44:53.336 DEBUG 3888 --- [kground-preinit] o.apache.tomcat.util.digester.Digester   :   Fire begin() for ObjectCreateRule[className=org.apache.tomcat.util.modeler.ManagedBean, attributeName=null]
2023-01-04 17:44:53.336 DEBUG 3888 --- [kground-preinit] o.apache.tomcat.util.digester.Digester   : [ObjectCreateRule]{mbeans-descriptors/mbean}New org.apache.tomcat.util.modeler.ManagedBean
2023-01-04 17:44:53.337 DEBUG 3888 --- [kground-preinit] o.apache.tomcat.util.digester.Digester   :   Fire begin() for SetPropertiesRule[]
2023-01-04 17:44:53.337 DEBUG 3888 --- [kground-preinit] o.apache.tomcat.util.digester.Digester   : [SetPropertiesRule]{mbeans-descriptors/mbean} Set org.apache.tomcat.util.modeler.ManagedBean properties
2023-01-04 17:44:53.337 DEBUG 3888 --- [kground-preinit] o.apache.tomcat.util.digester.Digester   : [SetPropertiesRule]{mbeans-descriptors/mbean} Setting property 'name' to 'SSLAuthenticator'
2023-01-04 17:44:53.337 DEBUG 3888 --- [kground-preinit] o.apache.tomcat.util.IntrospectionUtils  : IntrospectionUtils: setProperty(class org.apache.tomcat.util.modeler.ManagedBean name=SSLAuthenticator)
2023-01-04 17:44:53.337 DEBUG 3888 --- [kground-preinit] o.apache.tomcat.util.digester.Digester   : [SetPropertiesRule]{mbeans-descriptors/mbean} Setting property 'description' to 'An Authenticator and Valve implementation of authentication that utilizes SSL certificates to identify client users'
2023-01-04 17:44:53.337 DEBUG 3888 --- [kground-preinit] o.apache.tomcat.util.IntrospectionUtils  : IntrospectionUtils: setProperty(class org.apache.tomcat.util.modeler.ManagedBean description=An Authenticator and Valve implementation of authentication that utilizes SSL certificates to identify client users)
2023-01-04 17:44:53.337 DEBUG 3888 --- [kground-preinit] o.apache.tomcat.util.digester.Digester   : [SetPropertiesRule]{mbeans-descriptors/mbean} Setting property 'domain' to 'Catalina'
2023-01-04 17:44:53.338 DEBUG 3888 --- [kground-preinit] o.apache.tomcat.util.IntrospectionUtils  : IntrospectionUtils: setProperty(class org.apache.tomcat.util.modeler.ManagedBean domain=Catalina)
2023-01-04 17:44:53.338 DEBUG 3888 --- [kground-preinit] o.apache.tomcat.util.digester.Digester   : [SetPropertiesRule]{mbeans-descriptors/mbean} Setting property 'group' to 'Valve'
2023-01-04 17:44:53.338 DEBUG 3888 --- [kground-preinit] o.apache.tomcat.util.IntrospectionUtils  : IntrospectionUtils: setProperty(class org.apache.tomcat.util.modeler.ManagedBean group=Valve)
2023-01-04 17:44:53.338 DEBUG 3888 --- [kground-preinit] o.apache.tomcat.util.digester.Digester   : [SetPropertiesRule]{mbeans-descriptors/mbean} Setting property 'type' to 'org.apache.catalina.authenticator.SSLAuthenticator'
2023-01-04 17:44:53.338 DEBUG 3888 --- [kground-preinit] o.apache.tomcat.util.IntrospectionUtils  : IntrospectionUtils: setProperty(class org.apache.tomcat.util.modeler.ManagedBean type=org.apache.catalina.authenticator.SSLAuthenticator)
2023-01-04 17:44:53.339 DEBUG 3888 --- [kground-preinit] o.apache.tomcat.util.digester.Digester   :   Fire begin() for SetNextRule[methodName=add, paramType=java.lang.Object]
2023-01-04 17:44:53.339 DEBUG 3888 --- [kground-preinit] o.a.tomcat.util.digester.Digester.sax    : characters(

    )
2023-01-04 17:44:53.339 DEBUG 3888 --- [kground-preinit] o.a.tomcat.util.digester.Digester.sax    : startElement(,,attribute)
2023-01-04 17:44:53.340 DEBUG 3888 --- [kground-preinit] o.apache.tomcat.util.digester.Digester   :   New match='mbeans-descriptors/mbean/attribute'
2023-01-04 17:44:53.340 DEBUG 3888 --- [kground-preinit] o.apache.tomcat.util.digester.Digester   :   Fire begin() for ObjectCreateRule[className=org.apache.tomcat.util.modeler.AttributeInfo, attributeName=null]
2023-01-04 17:44:53.340 DEBUG 3888 --- [kground-preinit] o.apache.tomcat.util.digester.Digester   : [ObjectCreateRule]{mbeans-descriptors/mbean/attribute}New org.apache.tomcat.util.modeler.AttributeInfo
2023-01-04 17:44:53.340 DEBUG 3888 --- [kground-preinit] o.apache.tomcat.util.digester.Digester   :   Fire begin() for SetPropertiesRule[]
2023-01-04 17:44:53.340 DEBUG 3888 --- [kground-preinit] o.apache.tomcat.util.digester.Digester   : [SetPropertiesRule]{mbeans-descriptors/mbean/attribute} Set org.apache.tomcat.util.modeler.AttributeInfo properties
2023-01-04 17:44:53.341 DEBUG 3888 --- [kground-preinit] o.apache.tomcat.util.digester.Digester   : [SetPropertiesRule]{mbeans-descriptors/mbean/attribute} Setting property 'name' to 'cache'
2023-01-04 17:44:53.341 DEBUG 3888 --- [kground-preinit] o.apache.tomcat.util.IntrospectionUtils  : IntrospectionUtils: setProperty(class org.apache.tomcat.util.modeler.AttributeInfo name=cache)
2023-01-04 17:44:53.341 DEBUG 3888 --- [kground-preinit] o.apache.tomcat.util.digester.Digester   : [SetPropertiesRule]{mbeans-descriptors/mbean/attribute} Setting property 'description' to 'Should we cache authenticated Principals if the request is part of an HTTP session?'
2023-01-04 17:44:53.341 DEBUG 3888 --- [kground-preinit] o.apache.tomcat.util.IntrospectionUtils  : IntrospectionUtils: setProperty(class org.apache.tomcat.util.modeler.AttributeInfo description=Should we cache authenticated Principals if the request is part of an HTTP session?)
2023-01-04 17:44:53.341 DEBUG 3888 --- [kground-preinit] o.apache.tomcat.util.digester.Digester   : [SetPropertiesRule]{mbeans-descriptors/mbean/attribute} Setting property 'type' to 'boolean'
2023-01-04 17:44:53.341 DEBUG 3888 --- [kground-preinit] o.apache.tomcat.util.IntrospectionUtils  : IntrospectionUtils: setProperty(class org.apache.tomcat.util.modeler.AttributeInfo type=boolean)
2023-01-04 17:44:53.341 DEBUG 3888 --- [kground-preinit] o.apache.tomcat.util.digester.Digester   :   Fire begin() for SetNextRule[methodName=addAttribute, paramType=org.apache.tomcat.util.modeler.AttributeInfo]
2023-01-04 17:44:53.342 DEBUG 3888 --- [kground-preinit] o.a.tomcat.util.digester.Digester.sax    : endElement(,,attribute)
2023-01-04 17:44:53.342 DEBUG 3888 --- [kground-preinit] o.apache.tomcat.util.digester.Digester   :   match='mbeans-descriptors/mbean/attribute'
2023-01-04 17:44:53.342 DEBUG 3888 --- [kground-preinit] o.apache.tomcat.util.digester.Digester   :   bodyText=''
2023-01-04 17:44:53.342 DEBUG 3888 --- [kground-preinit] o.apache.tomcat.util.digester.Digester   :   Fire body() for ObjectCreateRule[className=org.apache.tomcat.util.modeler.AttributeInfo, attributeName=null]
2023-01-04 17:44:53.342 DEBUG 3888 --- [kground-preinit] o.apache.tomcat.util.digester.Digester   :   Fire body() for SetPropertiesRule[]
2023-01-04 17:44:53.342 DEBUG 3888 --- [kground-preinit] o.apache.tomcat.util.digester.Digester   :   Fire body() for SetNextRule[methodName=addAttribute, paramType=org.apache.tomcat.util.modeler.AttributeInfo]
2023-01-04 17:44:53.343 DEBUG 3888 --- [kground-preinit] o.apache.tomcat.util.digester.Digester   :   Fire end() for SetNextRule[methodName=addAttribute, paramType=org.apache.tomcat.util.modeler.AttributeInfo]
2023-01-04 17:44:53.343 DEBUG 3888 --- [kground-preinit] o.apache.tomcat.util.digester.Digester   : [SetNextRule]{mbeans-descriptors/mbean/attribute} Call org.apache.tomcat.util.modeler.ManagedBean.addAttribute(org.apache.tomcat.util.modeler.AttributeInfo@11d3b8a6)
2023-01-04 17:44:53.343 DEBUG 3888 --- [kground-preinit] o.apache.tomcat.util.IntrospectionUtils  : IntrospectionUtils: callMethod1 org.apache.tomcat.util.modeler.ManagedBean org.apache.tomcat.util.modeler.AttributeInfo org.apache.tomcat.util.modeler.AttributeInfo
2023-01-04 17:44:53.343 DEBUG 3888 --- [kground-preinit] o.apache.tomcat.util.digester.Digester   :   Fire end() for SetPropertiesRule[]
2023-01-04 17:44:53.343 DEBUG 3888 --- [kground-preinit] o.apache.tomcat.util.digester.Digester   :   Fire end() for ObjectCreateRule[className=org.apache.tomcat.util.modeler.AttributeInfo, attributeName=null]
2023-01-04 17:44:53.343 DEBUG 3888 --- [kground-preinit] o.apache.tomcat.util.digester.Digester   : [ObjectCreateRule]{mbeans-descriptors/mbean/attribute} Pop org.apache.tomcat.util.modeler.AttributeInfo
2023-01-04 17:44:53.343 DEBUG 3888 --- [kground-preinit] o.a.tomcat.util.digester.Digester.sax    : characters(

    )
2023-01-04 17:44:53.343 DEBUG 3888 --- [kground-preinit] o.a.tomcat.util.digester.Digester.sax    : startElement(,,attribute)
2023-01-04 17:44:53.344 DEBUG 3888 --- [kground-preinit] o.apache.tomcat.util.digester.Digester   :   New match='mbeans-descriptors/mbean/attribute'
2023-01-04 17:44:53.344 DEBUG 3888 --- [kground-preinit] o.apache.tomcat.util.digester.Digester   :   Fire begin() for ObjectCreateRule[className=org.apache.tomcat.util.modeler.AttributeInfo, attributeName=null]
2023-01-04 17:44:53.344 DEBUG 3888 --- [kground-preinit] o.apache.tomcat.util.digester.Digester   : [ObjectCreateRule]{mbeans-descriptors/mbean/attribute}New org.apache.tomcat.util.modeler.AttributeInfo
2023-01-04 17:44:53.344 DEBUG 3888 --- [kground-preinit] o.apache.tomcat.util.digester.Digester   :   Fire begin() for SetPropertiesRule[]
2023-01-04 17:44:53.344 DEBUG 3888 --- [kground-preinit] o.apache.tomcat.util.digester.Digester   : [SetPropertiesRule]{mbeans-descriptors/mbean/attribute} Set org.apache.tomcat.util.modeler.AttributeInfo properties
2023-01-04 17:44:53.344 DEBUG 3888 --- [kground-preinit] o.apache.tomcat.util.digester.Digester   : [SetPropertiesRule]{mbeans-descriptors/mbean/attribute} Setting property 'name' to 'changeSessionIdOnAuthentication'
2023-01-04 17:44:53.344 DEBUG 3888 --- [kground-preinit] o.apache.tomcat.util.IntrospectionUtils  : IntrospectionUtils: setProperty(class org.apache.tomcat.util.modeler.AttributeInfo name=changeSessionIdOnAuthentication)
2023-01-04 17:44:53.345 DEBUG 3888 --- [kground-preinit] o.apache.tomcat.util.digester.Digester   : [SetPropertiesRule]{mbeans-descriptors/mbean/attribute} Setting property 'description' to 'Controls if the session ID is changed if a session exists at the point where users are authenticated'
2023-01-04 17:44:53.346 DEBUG 3888 --- [kground-preinit] o.apache.tomcat.util.IntrospectionUtils  : IntrospectionUtils: setProperty(class org.apache.tomcat.util.modeler.AttributeInfo description=Controls if the session ID is changed if a session exists at the point where users are authenticated)
2023-01-04 17:44:53.347 DEBUG 3888 --- [kground-preinit] o.apache.tomcat.util.digester.Digester   : [SetPropertiesRule]{mbeans-descriptors/mbean/attribute} Setting property 'type' to 'boolean'
2023-01-04 17:44:53.347 DEBUG 3888 --- [kground-preinit] o.apache.tomcat.util.IntrospectionUtils  : IntrospectionUtils: setProperty(class org.apache.tomcat.util.modeler.AttributeInfo type=boolean)
2023-01-04 17:44:53.347 DEBUG 3888 --- [kground-preinit] o.apache.tomcat.util.digester.Digester   :   Fire begin() for SetNextRule[methodName=addAttribute, paramType=org.apache.tomcat.util.modeler.AttributeInfo]
2023-01-04 17:44:53.347 DEBUG 3888 --- [kground-preinit] o.a.tomcat.util.digester.Digester.sax    : endElement(,,attribute)
2023-01-04 17:44:53.347 DEBUG 3888 --- [kground-preinit] o.apache.tomcat.util.digester.Digester   :   match='mbeans-descriptors/mbean/attribute'
2023-01-04 17:44:53.347 DEBUG 3888 --- [kground-preinit] o.apache.tomcat.util.digester.Digester   :   bodyText=''
2023-01-04 17:44:53.347 DEBUG 3888 --- [kground-preinit] o.apache.tomcat.util.digester.Digester   :   Fire body() for ObjectCreateRule[className=org.apache.tomcat.util.modeler.AttributeInfo, attributeName=null]
2023-01-04 17:44:53.348 DEBUG 3888 --- [kground-preinit] o.apache.tomcat.util.digester.Digester   :   Fire body() for SetPropertiesRule[]
2023-01-04 17:44:53.348 DEBUG 3888 --- [kground-preinit] o.apache.tomcat.util.digester.Digester   :   Fire body() for SetNextRule[methodName=addAttribute, paramType=org.apache.tomcat.util.modeler.AttributeInfo]
2023-01-04 17:44:53.348 DEBUG 3888 --- [kground-preinit] o.apache.tomcat.util.digester.Digester   :   Fire end() for SetNextRule[methodName=addAttribute, paramType=org.apache.tomcat.util.modeler.AttributeInfo]
2023-01-04 17:44:53.348 DEBUG 3888 --- [kground-preinit] o.apache.tomcat.util.digester.Digester   : [SetNextRule]{mbeans-descriptors/mbean/attribute} Call org.apache.tomcat.util.modeler.ManagedBean.addAttribute(org.apache.tomcat.util.modeler.AttributeInfo@73d0d8a6)
2023-01-04 17:44:53.349 DEBUG 3888 --- [kground-preinit] o.apache.tomcat.util.IntrospectionUtils  : IntrospectionUtils: callMethod1 org.apache.tomcat.util.modeler.ManagedBean org.apache.tomcat.util.modeler.AttributeInfo org.apache.tomcat.util.modeler.AttributeInfo
2023-01-04 17:44:53.349 DEBUG 3888 --- [kground-preinit] o.apache.tomcat.util.digester.Digester   :   Fire end() for SetPropertiesRule[]
2023-01-04 17:44:53.349 DEBUG 3888 --- [kground-preinit] o.apache.tomcat.util.digester.Digester   :   Fire end() for ObjectCreateRule[className=org.apache.tomcat.util.modeler.AttributeInfo, attributeName=null]
2023-01-04 17:44:53.349 DEBUG 3888 --- [kground-preinit] o.apache.tomcat.util.digester.Digester   : [ObjectCreateRule]{mbeans-descriptors/mbean/attribute} Pop org.apache.tomcat.util.modeler.AttributeInfo
2023-01-04 17:44:53.350 DEBUG 3888 --- [kground-preinit] o.a.tomcat.util.digester.Digester.sax    : characters(

    )
2023-01-04 17:44:53.356 DEBUG 3888 --- [kground-preinit] o.a.tomcat.util.digester.Digester.sax    : startElement(,,attribute)
2023-01-04 17:44:53.357 DEBUG 3888 --- [kground-preinit] o.apache.tomcat.util.digester.Digester   :   New match='mbeans-descriptors/mbean/attribute'
2023-01-04 17:44:53.357 DEBUG 3888 --- [kground-preinit] o.apache.tomcat.util.digester.Digester   :   Fire begin() for ObjectCreateRule[className=org.apache.tomcat.util.modeler.AttributeInfo, attributeName=null]
2023-01-04 17:44:53.357 DEBUG 3888 --- [kground-preinit] o.apache.tomcat.util.digester.Digester   : [ObjectCreateRule]{mbeans-descriptors/mbean/attribute}New org.apache.tomcat.util.modeler.AttributeInfo
2023-01-04 17:44:53.357 DEBUG 3888 --- [kground-preinit] o.apache.tomcat.util.digester.Digester   :   Fire begin() for SetPropertiesRule[]
2023-01-04 17:44:53.358 DEBUG 3888 --- [kground-preinit] o.apache.tomcat.util.digester.Digester   : [SetPropertiesRule]{mbeans-descriptors/mbean/attribute} Set org.apache.tomcat.util.modeler.AttributeInfo properties
2023-01-04 17:44:53.358 DEBUG 3888 --- [kground-preinit] o.apache.tomcat.util.digester.Digester   : [SetPropertiesRule]{mbeans-descriptors/mbean/attribute} Setting property 'name' to 'className'
2023-01-04 17:44:53.358 DEBUG 3888 --- [kground-preinit] o.apache.tomcat.util.IntrospectionUtils  : IntrospectionUtils: setProperty(class org.apache.tomcat.util.modeler.AttributeInfo name=className)
2023-01-04 17:44:53.359 DEBUG 3888 --- [kground-preinit] o.apache.tomcat.util.digester.Digester   : [SetPropertiesRule]{mbeans-descriptors/mbean/attribute} Setting property 'description' to 'Fully qualified class name of the managed object'
2023-01-04 17:44:53.359 DEBUG 3888 --- [kground-preinit] o.apache.tomcat.util.IntrospectionUtils  : IntrospectionUtils: setProperty(class org.apache.tomcat.util.modeler.AttributeInfo description=Fully qualified class name of the managed object)
2023-01-04 17:44:53.359 DEBUG 3888 --- [kground-preinit] o.apache.tomcat.util.digester.Digester   : [SetPropertiesRule]{mbeans-descriptors/mbean/attribute} Setting property 'type' to 'java.lang.String'
2023-01-04 17:44:53.360 DEBUG 3888 --- [kground-preinit] o.apache.tomcat.util.IntrospectionUtils  : IntrospectionUtils: setProperty(class org.apache.tomcat.util.modeler.AttributeInfo type=java.lang.String)
2023-01-04 17:44:53.360 DEBUG 3888 --- [kground-preinit] o.apache.tomcat.util.digester.Digester   : [SetPropertiesRule]{mbeans-descriptors/mbean/attribute} Setting property 'writeable' to 'false'
2023-01-04 17:44:53.360 DEBUG 3888 --- [kground-preinit] o.apache.tomcat.util.IntrospectionUtils  : IntrospectionUtils: setProperty(class org.apache.tomcat.util.modeler.AttributeInfo writeable=false)
2023-01-04 17:44:53.361 DEBUG 3888 --- [kground-preinit] o.apache.tomcat.util.digester.Digester   :   Fire begin() for SetNextRule[methodName=addAttribute, paramType=org.apache.tomcat.util.modeler.AttributeInfo]
2023-01-04 17:44:53.361 DEBUG 3888 --- [kground-preinit] o.a.tomcat.util.digester.Digester.sax    : endElement(,,attribute)
2023-01-04 17:44:53.362 DEBUG 3888 --- [kground-preinit] o.apache.tomcat.util.digester.Digester   :   match='mbeans-descriptors/mbean/attribute'
2023-01-04 17:44:53.362 DEBUG 3888 --- [kground-preinit] o.apache.tomcat.util.digester.Digester   :   bodyText=''
2023-01-04 17:44:53.362 DEBUG 3888 --- [kground-preinit] o.apache.tomcat.util.digester.Digester   :   Fire body() for ObjectCreateRule[className=org.apache.tomcat.util.modeler.AttributeInfo, attributeName=null]
2023-01-04 17:44:53.363 DEBUG 3888 --- [kground-preinit] o.apache.tomcat.util.digester.Digester   :   Fire body() for SetPropertiesRule[]
2023-01-04 17:44:53.363 DEBUG 3888 --- [kground-preinit] o.apache.tomcat.util.digester.Digester   :   Fire body() for SetNextRule[methodName=addAttribute, paramType=org.apache.tomcat.util.modeler.AttributeInfo]
2023-01-04 17:44:53.364 DEBUG 3888 --- [kground-preinit] o.apache.tomcat.util.digester.Digester   :   Fire end() for SetNextRule[methodName=addAttribute, paramType=org.apache.tomcat.util.modeler.AttributeInfo]
2023-01-04 17:44:53.364 DEBUG 3888 --- [kground-preinit] o.apache.tomcat.util.digester.Digester   : [SetNextRule]{mbeans-descriptors/mbean/attribute} Call org.apache.tomcat.util.modeler.ManagedBean.addAttribute(org.apache.tomcat.util.modeler.AttributeInfo@5573e766)
2023-01-04 17:44:53.364 DEBUG 3888 --- [kground-preinit] o.apache.tomcat.util.IntrospectionUtils  : IntrospectionUtils: callMethod1 org.apache.tomcat.util.modeler.ManagedBean org.apache.tomcat.util.modeler.AttributeInfo org.apache.tomcat.util.modeler.AttributeInfo
2023-01-04 17:44:53.365 DEBUG 3888 --- [kground-preinit] o.apache.tomcat.util.digester.Digester   :   Fire end() for SetPropertiesRule[]
2023-01-04 17:44:53.365 DEBUG 3888 --- [kground-preinit] o.apache.tomcat.util.digester.Digester   :   Fire end() for ObjectCreateRule[className=org.apache.tomcat.util.modeler.AttributeInfo, attributeName=null]
2023-01-04 17:44:53.365 DEBUG 3888 --- [kground-preinit] o.apache.tomcat.util.digester.Digester   : [ObjectCreateRule]{mbeans-descriptors/mbean/attribute} Pop org.apache.tomcat.util.modeler.AttributeInfo
2023-01-04 17:44:53.365 DEBUG 3888 --- [kground-preinit] o.a.tomcat.util.digester.Digester.sax    : characters(

    )
2023-01-04 17:44:53.366 DEBUG 3888 --- [kground-preinit] o.a.tomcat.util.digester.Digester.sax    : startElement(,,attribute)
2023-01-04 17:44:53.366 DEBUG 3888 --- [kground-preinit] o.apache.tomcat.util.digester.Digester   :   New match='mbeans-descriptors/mbean/attribute'
2023-01-04 17:44:53.367 DEBUG 3888 --- [kground-preinit] o.apache.tomcat.util.digester.Digester   :   Fire begin() for ObjectCreateRule[className=org.apache.tomcat.util.modeler.AttributeInfo, attributeName=null]
2023-01-04 17:44:53.367 DEBUG 3888 --- [kground-preinit] o.apache.tomcat.util.digester.Digester   : [ObjectCreateRule]{mbeans-descriptors/mbean/attribute}New org.apache.tomcat.util.modeler.AttributeInfo
2023-01-04 17:44:53.367 DEBUG 3888 --- [kground-preinit] o.apache.tomcat.util.digester.Digester   :   Fire begin() for SetPropertiesRule[]
2023-01-04 17:44:53.367 DEBUG 3888 --- [kground-preinit] o.apache.tomcat.util.digester.Digester   : [SetPropertiesRule]{mbeans-descriptors/mbean/attribute} Set org.apache.tomcat.util.modeler.AttributeInfo properties
2023-01-04 17:44:53.368 DEBUG 3888 --- [kground-preinit] o.apache.tomcat.util.digester.Digester   : [SetPropertiesRule]{mbeans-descriptors/mbean/attribute} Setting property 'name' to 'disableProxyCaching'
2023-01-04 17:44:53.368 DEBUG 3888 --- [kground-preinit] o.apache.tomcat.util.IntrospectionUtils  : IntrospectionUtils: setProperty(class org.apache.tomcat.util.modeler.AttributeInfo name=disableProxyCaching)
2023-01-04 17:44:53.368 DEBUG 3888 --- [kground-preinit] o.apache.tomcat.util.digester.Digester   : [SetPropertiesRule]{mbeans-descriptors/mbean/attribute} Setting property 'description' to 'Controls the caching of pages that are protected by security constraints'
2023-01-04 17:44:53.369 DEBUG 3888 --- [kground-preinit] o.apache.tomcat.util.IntrospectionUtils  : IntrospectionUtils: setProperty(class org.apache.tomcat.util.modeler.AttributeInfo description=Controls the caching of pages that are protected by security constraints)
2023-01-04 17:44:53.369 DEBUG 3888 --- [kground-preinit] o.apache.tomcat.util.digester.Digester   : [SetPropertiesRule]{mbeans-descriptors/mbean/attribute} Setting property 'type' to 'boolean'
2023-01-04 17:44:53.370 DEBUG 3888 --- [kground-preinit] o.apache.tomcat.util.IntrospectionUtils  : IntrospectionUtils: setProperty(class org.apache.tomcat.util.modeler.AttributeInfo type=boolean)
2023-01-04 17:44:53.370 DEBUG 3888 --- [kground-preinit] o.apache.tomcat.util.digester.Digester   :   Fire begin() for SetNextRule[methodName=addAttribute, paramType=org.apache.tomcat.util.modeler.AttributeInfo]
2023-01-04 17:44:53.370 DEBUG 3888 --- [kground-preinit] o.a.tomcat.util.digester.Digester.sax    : endElement(,,attribute)
2023-01-04 17:44:53.370 DEBUG 3888 --- [kground-preinit] o.apache.tomcat.util.digester.Digester   :   match='mbeans-descriptors/mbean/attribute'
2023-01-04 17:44:53.370 DEBUG 3888 --- [kground-preinit] o.apache.tomcat.util.digester.Digester   :   bodyText=''
2023-01-04 17:44:53.370 DEBUG 3888 --- [kground-preinit] o.apache.tomcat.util.digester.Digester   :   Fire body() for ObjectCreateRule[className=org.apache.tomcat.util.modeler.AttributeInfo, attributeName=null]
2023-01-04 17:44:53.371 DEBUG 3888 --- [kground-preinit] o.apache.tomcat.util.digester.Digester   :   Fire body() for SetPropertiesRule[]
2023-01-04 17:44:53.371 DEBUG 3888 --- [kground-preinit] o.apache.tomcat.util.digester.Digester   :   Fire body() for SetNextRule[methodName=addAttribute, paramType=org.apache.tomcat.util.modeler.AttributeInfo]
2023-01-04 17:44:53.371 DEBUG 3888 --- [kground-preinit] o.apache.tomcat.util.digester.Digester   :   Fire end() for SetNextRule[methodName=addAttribute, paramType=org.apache.tomcat.util.modeler.AttributeInfo]
2023-01-04 17:44:53.371 DEBUG 3888 --- [kground-preinit] o.apache.tomcat.util.digester.Digester   : [SetNextRule]{mbeans-descriptors/mbean/attribute} Call org.apache.tomcat.util.modeler.ManagedBean.addAttribute(org.apache.tomcat.util.modeler.AttributeInfo@6cd8952a)
2023-01-04 17:44:53.372 DEBUG 3888 --- [kground-preinit] o.apache.tomcat.util.IntrospectionUtils  : IntrospectionUtils: callMethod1 org.apache.tomcat.util.modeler.ManagedBean org.apache.tomcat.util.modeler.AttributeInfo org.apache.tomcat.util.modeler.AttributeInfo
2023-01-04 17:44:53.372 DEBUG 3888 --- [kground-preinit] o.apache.tomcat.util.digester.Digester   :   Fire end() for SetPropertiesRule[]
2023-01-04 17:44:53.372 DEBUG 3888 --- [kground-preinit] o.apache.tomcat.util.digester.Digester   :   Fire end() for ObjectCreateRule[className=org.apache.tomcat.util.modeler.AttributeInfo, attributeName=null]
2023-01-04 17:44:53.372 DEBUG 3888 --- [kground-preinit] o.apache.tomcat.util.digester.Digester   : [ObjectCreateRule]{mbeans-descriptors/mbean/attribute} Pop org.apache.tomcat.util.modeler.AttributeInfo
2023-01-04 17:44:53.373 DEBUG 3888 --- [kground-preinit] o.a.tomcat.util.digester.Digester.sax    : characters(

    )
2023-01-04 17:44:53.373 DEBUG 3888 --- [kground-preinit] o.a.tomcat.util.digester.Digester.sax    : startElement(,,attribute)
2023-01-04 17:44:53.373 DEBUG 3888 --- [kground-preinit] o.apache.tomcat.util.digester.Digester   :   New match='mbeans-descriptors/mbean/attribute'
2023-01-04 17:44:53.374 DEBUG 3888 --- [kground-preinit] o.apache.tomcat.util.digester.Digester   :   Fire begin() for ObjectCreateRule[className=org.apache.tomcat.util.modeler.AttributeInfo, attributeName=null]
2023-01-04 17:44:53.374 DEBUG 3888 --- [kground-preinit] o.apache.tomcat.util.digester.Digester   : [ObjectCreateRule]{mbeans-descriptors/mbean/attribute}New org.apache.tomcat.util.modeler.AttributeInfo
2023-01-04 17:44:53.374 DEBUG 3888 --- [kground-preinit] o.apache.tomcat.util.digester.Digester   :   Fire begin() for SetPropertiesRule[]
2023-01-04 17:44:53.374 DEBUG 3888 --- [kground-preinit] o.apache.tomcat.util.digester.Digester   : [SetPropertiesRule]{mbeans-descriptors/mbean/attribute} Set org.apache.tomcat.util.modeler.AttributeInfo properties
2023-01-04 17:44:53.375 DEBUG 3888 --- [kground-preinit] o.apache.tomcat.util.digester.Digester   : [SetPropertiesRule]{mbeans-descriptors/mbean/attribute} Setting property 'name' to 'securePagesWithPragma'
2023-01-04 17:44:53.375 DEBUG 3888 --- [kground-preinit] o.apache.tomcat.util.IntrospectionUtils  : IntrospectionUtils: setProperty(class org.apache.tomcat.util.modeler.AttributeInfo name=securePagesWithPragma)
2023-01-04 17:44:53.375 DEBUG 3888 --- [kground-preinit] o.apache.tomcat.util.digester.Digester   : [SetPropertiesRule]{mbeans-descriptors/mbean/attribute} Setting property 'description' to 'Controls the caching of pages that are protected by security constraints'
2023-01-04 17:44:53.376 DEBUG 3888 --- [kground-preinit] o.apache.tomcat.util.IntrospectionUtils  : IntrospectionUtils: setProperty(class org.apache.tomcat.util.modeler.AttributeInfo description=Controls the caching of pages that are protected by security constraints)
2023-01-04 17:44:53.376 DEBUG 3888 --- [kground-preinit] o.apache.tomcat.util.digester.Digester   : [SetPropertiesRule]{mbeans-descriptors/mbean/attribute} Setting property 'type' to 'boolean'
2023-01-04 17:44:53.377 DEBUG 3888 --- [kground-preinit] o.apache.tomcat.util.IntrospectionUtils  : IntrospectionUtils: setProperty(class org.apache.tomcat.util.modeler.AttributeInfo type=boolean)
2023-01-04 17:44:53.377 DEBUG 3888 --- [kground-preinit] o.apache.tomcat.util.digester.Digester   :   Fire begin() for SetNextRule[methodName=addAttribute, paramType=org.apache.tomcat.util.modeler.AttributeInfo]
2023-01-04 17:44:53.377 DEBUG 3888 --- [kground-preinit] o.a.tomcat.util.digester.Digester.sax    : endElement(,,attribute)
2023-01-04 17:44:53.378 DEBUG 3888 --- [kground-preinit] o.apache.tomcat.util.digester.Digester   :   match='mbeans-descriptors/mbean/attribute'
2023-01-04 17:44:53.381 DEBUG 3888 --- [kground-preinit] o.apache.tomcat.util.digester.Digester   :   bodyText=''
2023-01-04 17:44:53.382 DEBUG 3888 --- [kground-preinit] o.apache.tomcat.util.digester.Digester   :   Fire body() for ObjectCreateRule[className=org.apache.tomcat.util.modeler.AttributeInfo, attributeName=null]
2023-01-04 17:44:53.382 DEBUG 3888 --- [kground-preinit] o.apache.tomcat.util.digester.Digester   :   Fire body() for SetPropertiesRule[]
2023-01-04 17:44:53.382 DEBUG 3888 --- [kground-preinit] o.apache.tomcat.util.digester.Digester   :   Fire body() for SetNextRule[methodName=addAttribute, paramType=org.apache.tomcat.util.modeler.AttributeInfo]
2023-01-04 17:44:53.383 DEBUG 3888 --- [kground-preinit] o.apache.tomcat.util.digester.Digester   :   Fire end() for SetNextRule[methodName=addAttribute, paramType=org.apache.tomcat.util.modeler.AttributeInfo]
2023-01-04 17:44:53.383 DEBUG 3888 --- [kground-preinit] o.apache.tomcat.util.digester.Digester   : [SetNextRule]{mbeans-descriptors/mbean/attribute} Call org.apache.tomcat.util.modeler.ManagedBean.addAttribute(org.apache.tomcat.util.modeler.AttributeInfo@6042169f)
2023-01-04 17:44:53.384 DEBUG 3888 --- [kground-preinit] o.apache.tomcat.util.IntrospectionUtils  : IntrospectionUtils: callMethod1 org.apache.tomcat.util.modeler.ManagedBean org.apache.tomcat.util.modeler.AttributeInfo org.apache.tomcat.util.modeler.AttributeInfo
2023-01-04 17:44:53.384 DEBUG 3888 --- [kground-preinit] o.apache.tomcat.util.digester.Digester   :   Fire end() for SetPropertiesRule[]
2023-01-04 17:44:53.385 DEBUG 3888 --- [kground-preinit] o.apache.tomcat.util.digester.Digester   :   Fire end() for ObjectCreateRule[className=org.apache.tomcat.util.modeler.AttributeInfo, attributeName=null]
2023-01-04 17:44:53.385 DEBUG 3888 --- [kground-preinit] o.apache.tomcat.util.digester.Digester   : [ObjectCreateRule]{mbeans-descriptors/mbean/attribute} Pop org.apache.tomcat.util.modeler.AttributeInfo
2023-01-04 17:44:53.385 DEBUG 3888 --- [kground-preinit] o.a.tomcat.util.digester.Digester.sax    : characters(

    )
2023-01-04 17:44:53.386 DEBUG 3888 --- [kground-preinit] o.a.tomcat.util.digester.Digester.sax    : startElement(,,attribute)
2023-01-04 17:44:53.386 DEBUG 3888 --- [kground-preinit] o.apache.tomcat.util.digester.Digester   :   New match='mbeans-descriptors/mbean/attribute'
2023-01-04 17:44:53.386 DEBUG 3888 --- [kground-preinit] o.apache.tomcat.util.digester.Digester   :   Fire begin() for ObjectCreateRule[className=org.apache.tomcat.util.modeler.AttributeInfo, attributeName=null]
2023-01-04 17:44:53.386 DEBUG 3888 --- [kground-preinit] o.apache.tomcat.util.digester.Digester   : [ObjectCreateRule]{mbeans-descriptors/mbean/attribute}New org.apache.tomcat.util.modeler.AttributeInfo
2023-01-04 17:44:53.387 DEBUG 3888 --- [kground-preinit] o.apache.tomcat.util.digester.Digester   :   Fire begin() for SetPropertiesRule[]
2023-01-04 17:44:53.387 DEBUG 3888 --- [kground-preinit] o.apache.tomcat.util.digester.Digester   : [SetPropertiesRule]{mbeans-descriptors/mbean/attribute} Set org.apache.tomcat.util.modeler.AttributeInfo properties
2023-01-04 17:44:53.388 DEBUG 3888 --- [kground-preinit] o.apache.tomcat.util.digester.Digester   : [SetPropertiesRule]{mbeans-descriptors/mbean/attribute} Setting property 'name' to 'secureRandomAlgorithm'
2023-01-04 17:44:53.388 DEBUG 3888 --- [kground-preinit] o.apache.tomcat.util.IntrospectionUtils  : IntrospectionUtils: setProperty(class org.apache.tomcat.util.modeler.AttributeInfo name=secureRandomAlgorithm)
2023-01-04 17:44:53.389 DEBUG 3888 --- [kground-preinit] o.apache.tomcat.util.digester.Digester   : [SetPropertiesRule]{mbeans-descriptors/mbean/attribute} Setting property 'description' to 'The name of the algorithm to use for SSO session ID generation'
2023-01-04 17:44:53.389 DEBUG 3888 --- [kground-preinit] o.apache.tomcat.util.IntrospectionUtils  : IntrospectionUtils: setProperty(class org.apache.tomcat.util.modeler.AttributeInfo description=The name of the algorithm to use for SSO session ID generation)
2023-01-04 17:44:53.389 DEBUG 3888 --- [kground-preinit] o.apache.tomcat.util.digester.Digester   : [SetPropertiesRule]{mbeans-descriptors/mbean/attribute} Setting property 'type' to 'java.lang.String'
2023-01-04 17:44:53.390 DEBUG 3888 --- [kground-preinit] o.apache.tomcat.util.IntrospectionUtils  : IntrospectionUtils: setProperty(class org.apache.tomcat.util.modeler.AttributeInfo type=java.lang.String)
2023-01-04 17:44:53.390 DEBUG 3888 --- [kground-preinit] o.apache.tomcat.util.digester.Digester   :   Fire begin() for SetNextRule[methodName=addAttribute, paramType=org.apache.tomcat.util.modeler.AttributeInfo]
2023-01-04 17:44:53.390 DEBUG 3888 --- [kground-preinit] o.a.tomcat.util.digester.Digester.sax    : endElement(,,attribute)
2023-01-04 17:44:53.391 DEBUG 3888 --- [kground-preinit] o.apache.tomcat.util.digester.Digester   :   match='mbeans-descriptors/mbean/attribute'
2023-01-04 17:44:53.391 DEBUG 3888 --- [kground-preinit] o.apache.tomcat.util.digester.Digester   :   bodyText=''
2023-01-04 17:44:53.391 DEBUG 3888 --- [kground-preinit] o.apache.tomcat.util.digester.Digester   :   Fire body() for ObjectCreateRule[className=org.apache.tomcat.util.modeler.AttributeInfo, attributeName=null]
2023-01-04 17:44:53.392 DEBUG 3888 --- [kground-preinit] o.apache.tomcat.util.digester.Digester   :   Fire body() for SetPropertiesRule[]
2023-01-04 17:44:53.392 DEBUG 3888 --- [kground-preinit] o.apache.tomcat.util.digester.Digester   :   Fire body() for SetNextRule[methodName=addAttribute, paramType=org.apache.tomcat.util.modeler.AttributeInfo]
2023-01-04 17:44:53.393 DEBUG 3888 --- [kground-preinit] o.apache.tomcat.util.digester.Digester   :   Fire end() for SetNextRule[methodName=addAttribute, paramType=org.apache.tomcat.util.modeler.AttributeInfo]
2023-01-04 17:44:53.394 DEBUG 3888 --- [kground-preinit] o.apache.tomcat.util.digester.Digester   : [SetNextRule]{mbeans-descriptors/mbean/attribute} Call org.apache.tomcat.util.modeler.ManagedBean.addAttribute(org.apache.tomcat.util.modeler.AttributeInfo@1522e7d9)
2023-01-04 17:44:53.394 DEBUG 3888 --- [kground-preinit] o.apache.tomcat.util.IntrospectionUtils  : IntrospectionUtils: callMethod1 org.apache.tomcat.util.modeler.ManagedBean org.apache.tomcat.util.modeler.AttributeInfo org.apache.tomcat.util.modeler.AttributeInfo
2023-01-04 17:44:53.395 DEBUG 3888 --- [kground-preinit] o.apache.tomcat.util.digester.Digester   :   Fire end() for SetPropertiesRule[]
2023-01-04 17:44:53.395 DEBUG 3888 --- [kground-preinit] o.apache.tomcat.util.digester.Digester   :   Fire end() for ObjectCreateRule[className=org.apache.tomcat.util.modeler.AttributeInfo, attributeName=null]
2023-01-04 17:44:53.395 DEBUG 3888 --- [kground-preinit] o.apache.tomcat.util.digester.Digester   : [ObjectCreateRule]{mbeans-descriptors/mbean/attribute} Pop org.apache.tomcat.util.modeler.AttributeInfo
2023-01-04 17:44:53.396 DEBUG 3888 --- [           main] o.s.b.f.s.DefaultListableBeanFactory     : Returning cached instance of singleton bean 'autoConfigurationReport'
2023-01-04 17:44:53.396 DEBUG 3888 --- [kground-preinit] o.a.tomcat.util.digester.Digester.sax    : characters(

    )
2023-01-04 17:44:53.397 DEBUG 3888 --- [kground-preinit] o.a.tomcat.util.digester.Digester.sax    : startElement(,,attribute)
2023-01-04 17:44:53.398 DEBUG 3888 --- [kground-preinit] o.apache.tomcat.util.digester.Digester   :   New match='mbeans-descriptors/mbean/attribute'
2023-01-04 17:44:53.399 DEBUG 3888 --- [kground-preinit] o.apache.tomcat.util.digester.Digester   :   Fire begin() for ObjectCreateRule[className=org.apache.tomcat.util.modeler.AttributeInfo, attributeName=null]
2023-01-04 17:44:53.399 DEBUG 3888 --- [           main] o.s.b.f.s.DefaultListableBeanFactory     : Returning cached instance of singleton bean 'org.springframework.boot.autoconfigure.internalCachingMetadataReaderFactory'
2023-01-04 17:44:53.399 DEBUG 3888 --- [kground-preinit] o.apache.tomcat.util.digester.Digester   : [ObjectCreateRule]{mbeans-descriptors/mbean/attribute}New org.apache.tomcat.util.modeler.AttributeInfo
2023-01-04 17:44:53.399 DEBUG 3888 --- [kground-preinit] o.apache.tomcat.util.digester.Digester   :   Fire begin() for SetPropertiesRule[]
2023-01-04 17:44:53.400 DEBUG 3888 --- [kground-preinit] o.apache.tomcat.util.digester.Digester   : [SetPropertiesRule]{mbeans-descriptors/mbean/attribute} Set org.apache.tomcat.util.modeler.AttributeInfo properties
2023-01-04 17:44:53.401 DEBUG 3888 --- [kground-preinit] o.apache.tomcat.util.digester.Digester   : [SetPropertiesRule]{mbeans-descriptors/mbean/attribute} Setting property 'name' to 'secureRandomClass'
2023-01-04 17:44:53.401 DEBUG 3888 --- [kground-preinit] o.apache.tomcat.util.IntrospectionUtils  : IntrospectionUtils: setProperty(class org.apache.tomcat.util.modeler.AttributeInfo name=secureRandomClass)
2023-01-04 17:44:53.402 DEBUG 3888 --- [kground-preinit] o.apache.tomcat.util.digester.Digester   : [SetPropertiesRule]{mbeans-descriptors/mbean/attribute} Setting property 'description' to 'The name of the class to use for SSO session ID generation'
2023-01-04 17:44:53.402 DEBUG 3888 --- [kground-preinit] o.apache.tomcat.util.IntrospectionUtils  : IntrospectionUtils: setProperty(class org.apache.tomcat.util.modeler.AttributeInfo description=The name of the class to use for SSO session ID generation)
2023-01-04 17:44:53.403 DEBUG 3888 --- [kground-preinit] o.apache.tomcat.util.digester.Digester   : [SetPropertiesRule]{mbeans-descriptors/mbean/attribute} Setting property 'type' to 'java.lang.String'
2023-01-04 17:44:53.403 DEBUG 3888 --- [kground-preinit] o.apache.tomcat.util.IntrospectionUtils  : IntrospectionUtils: setProperty(class org.apache.tomcat.util.modeler.AttributeInfo type=java.lang.String)
2023-01-04 17:44:53.404 DEBUG 3888 --- [           main] o.s.c.e.PropertySourcesPropertyResolver  : Could not find key 'spring.messages.basename' in any property source
2023-01-04 17:44:53.404 DEBUG 3888 --- [           main] o.s.b.f.s.DefaultListableBeanFactory     : Returning cached instance of singleton bean 'autoConfigurationReport'
2023-01-04 17:44:53.404 DEBUG 3888 --- [kground-preinit] o.apache.tomcat.util.digester.Digester   :   Fire begin() for SetNextRule[methodName=addAttribute, paramType=org.apache.tomcat.util.modeler.AttributeInfo]
2023-01-04 17:44:53.404 DEBUG 3888 --- [kground-preinit] o.a.tomcat.util.digester.Digester.sax    : endElement(,,attribute)
2023-01-04 17:44:53.406 DEBUG 3888 --- [           main] o.s.b.f.s.DefaultListableBeanFactory     : Returning cached instance of singleton bean 'autoConfigurationReport'
2023-01-04 17:44:53.406 DEBUG 3888 --- [kground-preinit] o.apache.tomcat.util.digester.Digester   :   match='mbeans-descriptors/mbean/attribute'
2023-01-04 17:44:53.406 DEBUG 3888 --- [           main] o.s.b.f.s.DefaultListableBeanFactory     : Returning cached instance of singleton bean 'autoConfigurationReport'
2023-01-04 17:44:53.407 DEBUG 3888 --- [kground-preinit] o.apache.tomcat.util.digester.Digester   :   bodyText=''
2023-01-04 17:44:53.407 DEBUG 3888 --- [           main] o.s.b.f.s.DefaultListableBeanFactory     : Returning cached instance of singleton bean 'autoConfigurationReport'
2023-01-04 17:44:53.407 DEBUG 3888 --- [           main] o.s.b.f.s.DefaultListableBeanFactory     : Returning cached instance of singleton bean 'autoConfigurationReport'
2023-01-04 17:44:53.407 DEBUG 3888 --- [kground-preinit] o.apache.tomcat.util.digester.Digester   :   Fire body() for ObjectCreateRule[className=org.apache.tomcat.util.modeler.AttributeInfo, attributeName=null]
2023-01-04 17:44:53.408 DEBUG 3888 --- [           main] o.s.b.f.s.DefaultListableBeanFactory     : Returning cached instance of singleton bean 'autoConfigurationReport'
2023-01-04 17:44:53.408 DEBUG 3888 --- [kground-preinit] o.apache.tomcat.util.digester.Digester   :   Fire body() for SetPropertiesRule[]
2023-01-04 17:44:53.408 DEBUG 3888 --- [           main] o.s.b.f.s.DefaultListableBeanFactory     : Returning cached instance of singleton bean 'autoConfigurationReport'
2023-01-04 17:44:53.409 DEBUG 3888 --- [kground-preinit] o.apache.tomcat.util.digester.Digester   :   Fire body() for SetNextRule[methodName=addAttribute, paramType=org.apache.tomcat.util.modeler.AttributeInfo]
2023-01-04 17:44:53.410 DEBUG 3888 --- [kground-preinit] o.apache.tomcat.util.digester.Digester   :   Fire end() for SetNextRule[methodName=addAttribute, paramType=org.apache.tomcat.util.modeler.AttributeInfo]
2023-01-04 17:44:53.411 DEBUG 3888 --- [           main] o.s.b.f.s.DefaultListableBeanFactory     : Returning cached instance of singleton bean 'autoConfigurationReport'
2023-01-04 17:44:53.411 DEBUG 3888 --- [kground-preinit] o.apache.tomcat.util.digester.Digester   : [SetNextRule]{mbeans-descriptors/mbean/attribute} Call org.apache.tomcat.util.modeler.ManagedBean.addAttribute(org.apache.tomcat.util.modeler.AttributeInfo@5fa07acc)
2023-01-04 17:44:53.411 DEBUG 3888 --- [kground-preinit] o.apache.tomcat.util.IntrospectionUtils  : IntrospectionUtils: callMethod1 org.apache.tomcat.util.modeler.ManagedBean org.apache.tomcat.util.modeler.AttributeInfo org.apache.tomcat.util.modeler.AttributeInfo
2023-01-04 17:44:53.411 DEBUG 3888 --- [           main] o.s.b.f.s.DefaultListableBeanFactory     : Returning cached instance of singleton bean 'autoConfigurationReport'
2023-01-04 17:44:53.411 DEBUG 3888 --- [           main] o.s.b.f.s.DefaultListableBeanFactory     : Returning cached instance of singleton bean 'autoConfigurationReport'
2023-01-04 17:44:53.411 DEBUG 3888 --- [kground-preinit] o.apache.tomcat.util.digester.Digester   :   Fire end() for SetPropertiesRule[]
2023-01-04 17:44:53.412 DEBUG 3888 --- [kground-preinit] o.apache.tomcat.util.digester.Digester   :   Fire end() for ObjectCreateRule[className=org.apache.tomcat.util.modeler.AttributeInfo, attributeName=null]
2023-01-04 17:44:53.414 DEBUG 3888 --- [kground-preinit] o.apache.tomcat.util.digester.Digester   : [ObjectCreateRule]{mbeans-descriptors/mbean/attribute} Pop org.apache.tomcat.util.modeler.AttributeInfo
2023-01-04 17:44:53.414 DEBUG 3888 --- [kground-preinit] o.a.tomcat.util.digester.Digester.sax    : characters(

    )
2023-01-04 17:44:53.414 DEBUG 3888 --- [kground-preinit] o.a.tomcat.util.digester.Digester.sax    : startElement(,,attribute)
2023-01-04 17:44:53.415 DEBUG 3888 --- [kground-preinit] o.apache.tomcat.util.digester.Digester   :   New match='mbeans-descriptors/mbean/attribute'
2023-01-04 17:44:53.415 DEBUG 3888 --- [kground-preinit] o.apache.tomcat.util.digester.Digester   :   Fire begin() for ObjectCreateRule[className=org.apache.tomcat.util.modeler.AttributeInfo, attributeName=null]
2023-01-04 17:44:53.415 DEBUG 3888 --- [           main] o.s.b.f.s.DefaultListableBeanFactory     : Returning cached instance of singleton bean 'autoConfigurationReport'
2023-01-04 17:44:53.415 DEBUG 3888 --- [kground-preinit] o.apache.tomcat.util.digester.Digester   : [ObjectCreateRule]{mbeans-descriptors/mbean/attribute}New org.apache.tomcat.util.modeler.AttributeInfo
2023-01-04 17:44:53.415 DEBUG 3888 --- [           main] o.s.b.f.s.DefaultListableBeanFactory     : Returning cached instance of singleton bean 'autoConfigurationReport'
2023-01-04 17:44:53.416 DEBUG 3888 --- [kground-preinit] o.apache.tomcat.util.digester.Digester   :   Fire begin() for SetPropertiesRule[]
2023-01-04 17:44:53.417 DEBUG 3888 --- [kground-preinit] o.apache.tomcat.util.digester.Digester   : [SetPropertiesRule]{mbeans-descriptors/mbean/attribute} Set org.apache.tomcat.util.modeler.AttributeInfo properties
2023-01-04 17:44:53.417 DEBUG 3888 --- [kground-preinit] o.apache.tomcat.util.digester.Digester   : [SetPropertiesRule]{mbeans-descriptors/mbean/attribute} Setting property 'name' to 'secureRandomProvider'
2023-01-04 17:44:53.418 DEBUG 3888 --- [kground-preinit] o.apache.tomcat.util.IntrospectionUtils  : IntrospectionUtils: setProperty(class org.apache.tomcat.util.modeler.AttributeInfo name=secureRandomProvider)
2023-01-04 17:44:53.419 DEBUG 3888 --- [kground-preinit] o.apache.tomcat.util.digester.Digester   : [SetPropertiesRule]{mbeans-descriptors/mbean/attribute} Setting property 'description' to 'The name of the provider to use for SSO session ID generation'
2023-01-04 17:44:53.420 DEBUG 3888 --- [kground-preinit] o.apache.tomcat.util.IntrospectionUtils  : IntrospectionUtils: setProperty(class org.apache.tomcat.util.modeler.AttributeInfo description=The name of the provider to use for SSO session ID generation)
2023-01-04 17:44:53.420 DEBUG 3888 --- [kground-preinit] o.apache.tomcat.util.digester.Digester   : [SetPropertiesRule]{mbeans-descriptors/mbean/attribute} Setting property 'type' to 'java.lang.String'
2023-01-04 17:44:53.421 DEBUG 3888 --- [kground-preinit] o.apache.tomcat.util.IntrospectionUtils  : IntrospectionUtils: setProperty(class org.apache.tomcat.util.modeler.AttributeInfo type=java.lang.String)
2023-01-04 17:44:53.421 DEBUG 3888 --- [kground-preinit] o.apache.tomcat.util.digester.Digester   :   Fire begin() for SetNextRule[methodName=addAttribute, paramType=org.apache.tomcat.util.modeler.AttributeInfo]
2023-01-04 17:44:53.421 DEBUG 3888 --- [kground-preinit] o.a.tomcat.util.digester.Digester.sax    : endElement(,,attribute)
2023-01-04 17:44:53.421 DEBUG 3888 --- [kground-preinit] o.apache.tomcat.util.digester.Digester   :   match='mbeans-descriptors/mbean/attribute'
2023-01-04 17:44:53.421 DEBUG 3888 --- [kground-preinit] o.apache.tomcat.util.digester.Digester   :   bodyText=''
2023-01-04 17:44:53.422 DEBUG 3888 --- [           main] o.s.b.f.s.DefaultListableBeanFactory     : Returning cached instance of singleton bean 'autoConfigurationReport'
2023-01-04 17:44:53.422 DEBUG 3888 --- [kground-preinit] o.apache.tomcat.util.digester.Digester   :   Fire body() for ObjectCreateRule[className=org.apache.tomcat.util.modeler.AttributeInfo, attributeName=null]
2023-01-04 17:44:53.422 DEBUG 3888 --- [kground-preinit] o.apache.tomcat.util.digester.Digester   :   Fire body() for SetPropertiesRule[]
2023-01-04 17:44:53.422 DEBUG 3888 --- [           main] o.s.b.f.s.DefaultListableBeanFactory     : Returning cached instance of singleton bean 'autoConfigurationReport'
2023-01-04 17:44:53.423 DEBUG 3888 --- [kground-preinit] o.apache.tomcat.util.digester.Digester   :   Fire body() for SetNextRule[methodName=addAttribute, paramType=org.apache.tomcat.util.modeler.AttributeInfo]
2023-01-04 17:44:53.423 DEBUG 3888 --- [kground-preinit] o.apache.tomcat.util.digester.Digester   :   Fire end() for SetNextRule[methodName=addAttribute, paramType=org.apache.tomcat.util.modeler.AttributeInfo]
2023-01-04 17:44:53.423 DEBUG 3888 --- [           main] o.s.b.f.s.DefaultListableBeanFactory     : Returning cached instance of singleton bean 'autoConfigurationReport'
2023-01-04 17:44:53.423 DEBUG 3888 --- [kground-preinit] o.apache.tomcat.util.digester.Digester   : [SetNextRule]{mbeans-descriptors/mbean/attribute} Call org.apache.tomcat.util.modeler.ManagedBean.addAttribute(org.apache.tomcat.util.modeler.AttributeInfo@77f9d5d7)
2023-01-04 17:44:53.423 DEBUG 3888 --- [kground-preinit] o.apache.tomcat.util.IntrospectionUtils  : IntrospectionUtils: callMethod1 org.apache.tomcat.util.modeler.ManagedBean org.apache.tomcat.util.modeler.AttributeInfo org.apache.tomcat.util.modeler.AttributeInfo
2023-01-04 17:44:53.423 DEBUG 3888 --- [kground-preinit] o.apache.tomcat.util.digester.Digester   :   Fire end() for SetPropertiesRule[]
2023-01-04 17:44:53.424 DEBUG 3888 --- [kground-preinit] o.apache.tomcat.util.digester.Digester   :   Fire end() for ObjectCreateRule[className=org.apache.tomcat.util.modeler.AttributeInfo, attributeName=null]
2023-01-04 17:44:53.424 DEBUG 3888 --- [           main] o.s.b.f.s.DefaultListableBeanFactory     : Returning cached instance of singleton bean 'autoConfigurationReport'
2023-01-04 17:44:53.424 DEBUG 3888 --- [           main] o.s.b.f.s.DefaultListableBeanFactory     : Returning cached instance of singleton bean 'autoConfigurationReport'
2023-01-04 17:44:53.425 DEBUG 3888 --- [kground-preinit] o.apache.tomcat.util.digester.Digester   : [ObjectCreateRule]{mbeans-descriptors/mbean/attribute} Pop org.apache.tomcat.util.modeler.AttributeInfo
2023-01-04 17:44:53.425 DEBUG 3888 --- [kground-preinit] o.a.tomcat.util.digester.Digester.sax    : characters(

    )
2023-01-04 17:44:53.426 DEBUG 3888 --- [           main] o.s.b.f.s.DefaultListableBeanFactory     : Returning cached instance of singleton bean 'autoConfigurationReport'
2023-01-04 17:44:53.426 DEBUG 3888 --- [kground-preinit] o.a.tomcat.util.digester.Digester.sax    : startElement(,,attribute)
2023-01-04 17:44:53.428 DEBUG 3888 --- [           main] o.s.b.f.s.DefaultListableBeanFactory     : Returning cached instance of singleton bean 'autoConfigurationReport'
2023-01-04 17:44:53.428 DEBUG 3888 --- [           main] o.s.b.f.s.DefaultListableBeanFactory     : Returning cached instance of singleton bean 'autoConfigurationReport'
2023-01-04 17:44:53.428 DEBUG 3888 --- [kground-preinit] o.apache.tomcat.util.digester.Digester   :   New match='mbeans-descriptors/mbean/attribute'
2023-01-04 17:44:53.429 DEBUG 3888 --- [           main] o.s.b.f.s.DefaultListableBeanFactory     : Returning cached instance of singleton bean 'autoConfigurationReport'
2023-01-04 17:44:53.430 DEBUG 3888 --- [           main] o.s.b.f.s.DefaultListableBeanFactory     : Returning cached instance of singleton bean 'autoConfigurationReport'
2023-01-04 17:44:53.430 DEBUG 3888 --- [kground-preinit] o.apache.tomcat.util.digester.Digester   :   Fire begin() for ObjectCreateRule[className=org.apache.tomcat.util.modeler.AttributeInfo, attributeName=null]
2023-01-04 17:44:53.430 DEBUG 3888 --- [           main] o.s.b.f.s.DefaultListableBeanFactory     : Returning cached instance of singleton bean 'autoConfigurationReport'
2023-01-04 17:44:53.430 DEBUG 3888 --- [kground-preinit] o.apache.tomcat.util.digester.Digester   : [ObjectCreateRule]{mbeans-descriptors/mbean/attribute}New org.apache.tomcat.util.modeler.AttributeInfo
2023-01-04 17:44:53.431 DEBUG 3888 --- [kground-preinit] o.apache.tomcat.util.digester.Digester   :   Fire begin() for SetPropertiesRule[]
2023-01-04 17:44:53.431 DEBUG 3888 --- [kground-preinit] o.apache.tomcat.util.digester.Digester   : [SetPropertiesRule]{mbeans-descriptors/mbean/attribute} Set org.apache.tomcat.util.modeler.AttributeInfo properties
2023-01-04 17:44:53.432 DEBUG 3888 --- [           main] o.s.b.f.s.DefaultListableBeanFactory     : Returning cached instance of singleton bean 'autoConfigurationReport'
2023-01-04 17:44:53.432 DEBUG 3888 --- [kground-preinit] o.apache.tomcat.util.digester.Digester   : [SetPropertiesRule]{mbeans-descriptors/mbean/attribute} Setting property 'name' to 'stateName'
2023-01-04 17:44:53.432 DEBUG 3888 --- [           main] o.s.b.f.s.DefaultListableBeanFactory     : Returning cached instance of singleton bean 'autoConfigurationReport'
2023-01-04 17:44:53.432 DEBUG 3888 --- [kground-preinit] o.apache.tomcat.util.IntrospectionUtils  : IntrospectionUtils: setProperty(class org.apache.tomcat.util.modeler.AttributeInfo name=stateName)
2023-01-04 17:44:53.432 DEBUG 3888 --- [kground-preinit] o.apache.tomcat.util.digester.Digester   : [SetPropertiesRule]{mbeans-descriptors/mbean/attribute} Setting property 'description' to 'The name of the LifecycleState that this component is currently in'
2023-01-04 17:44:53.432 DEBUG 3888 --- [kground-preinit] o.apache.tomcat.util.IntrospectionUtils  : IntrospectionUtils: setProperty(class org.apache.tomcat.util.modeler.AttributeInfo description=The name of the LifecycleState that this component is currently in)
2023-01-04 17:44:53.433 DEBUG 3888 --- [           main] o.s.b.f.s.DefaultListableBeanFactory     : Returning cached instance of singleton bean 'autoConfigurationReport'
2023-01-04 17:44:53.433 DEBUG 3888 --- [kground-preinit] o.apache.tomcat.util.digester.Digester   : [SetPropertiesRule]{mbeans-descriptors/mbean/attribute} Setting property 'type' to 'java.lang.String'
2023-01-04 17:44:53.434 DEBUG 3888 --- [kground-preinit] o.apache.tomcat.util.IntrospectionUtils  : IntrospectionUtils: setProperty(class org.apache.tomcat.util.modeler.AttributeInfo type=java.lang.String)
2023-01-04 17:44:53.434 DEBUG 3888 --- [           main] o.s.b.f.s.DefaultListableBeanFactory     : Returning cached instance of singleton bean 'autoConfigurationReport'
2023-01-04 17:44:53.434 DEBUG 3888 --- [kground-preinit] o.apache.tomcat.util.digester.Digester   : [SetPropertiesRule]{mbeans-descriptors/mbean/attribute} Setting property 'writeable' to 'false'
2023-01-04 17:44:53.435 DEBUG 3888 --- [kground-preinit] o.apache.tomcat.util.IntrospectionUtils  : IntrospectionUtils: setProperty(class org.apache.tomcat.util.modeler.AttributeInfo writeable=false)
2023-01-04 17:44:53.436 DEBUG 3888 --- [kground-preinit] o.apache.tomcat.util.digester.Digester   :   Fire begin() for SetNextRule[methodName=addAttribute, paramType=org.apache.tomcat.util.modeler.AttributeInfo]
2023-01-04 17:44:53.437 DEBUG 3888 --- [kground-preinit] o.a.tomcat.util.digester.Digester.sax    : endElement(,,attribute)
2023-01-04 17:44:53.439 DEBUG 3888 --- [kground-preinit] o.apache.tomcat.util.digester.Digester   :   match='mbeans-descriptors/mbean/attribute'
2023-01-04 17:44:53.440 DEBUG 3888 --- [kground-preinit] o.apache.tomcat.util.digester.Digester   :   bodyText=''
2023-01-04 17:44:53.441 DEBUG 3888 --- [kground-preinit] o.apache.tomcat.util.digester.Digester   :   Fire body() for ObjectCreateRule[className=org.apache.tomcat.util.modeler.AttributeInfo, attributeName=null]
2023-01-04 17:44:53.441 DEBUG 3888 --- [           main] o.s.b.f.s.DefaultListableBeanFactory     : Returning cached instance of singleton bean 'autoConfigurationReport'
2023-01-04 17:44:53.442 DEBUG 3888 --- [           main] o.s.c.e.PropertySourcesPropertyResolver  : Could not find key 'spring.template.provider.cache' in any property source
2023-01-04 17:44:53.443 DEBUG 3888 --- [kground-preinit] o.apache.tomcat.util.digester.Digester   :   Fire body() for SetPropertiesRule[]
2023-01-04 17:44:53.443 DEBUG 3888 --- [kground-preinit] o.apache.tomcat.util.digester.Digester   :   Fire body() for SetNextRule[methodName=addAttribute, paramType=org.apache.tomcat.util.modeler.AttributeInfo]
2023-01-04 17:44:53.443 DEBUG 3888 --- [kground-preinit] o.apache.tomcat.util.digester.Digester   :   Fire end() for SetNextRule[methodName=addAttribute, paramType=org.apache.tomcat.util.modeler.AttributeInfo]
2023-01-04 17:44:53.444 DEBUG 3888 --- [kground-preinit] o.apache.tomcat.util.digester.Digester   : [SetNextRule]{mbeans-descriptors/mbean/attribute} Call org.apache.tomcat.util.modeler.ManagedBean.addAttribute(org.apache.tomcat.util.modeler.AttributeInfo@77fd359)
2023-01-04 17:44:53.444 DEBUG 3888 --- [kground-preinit] o.apache.tomcat.util.IntrospectionUtils  : IntrospectionUtils: callMethod1 org.apache.tomcat.util.modeler.ManagedBean org.apache.tomcat.util.modeler.AttributeInfo org.apache.tomcat.util.modeler.AttributeInfo
2023-01-04 17:44:53.445 DEBUG 3888 --- [kground-preinit] o.apache.tomcat.util.digester.Digester   :   Fire end() for SetPropertiesRule[]
2023-01-04 17:44:53.445 DEBUG 3888 --- [kground-preinit] o.apache.tomcat.util.digester.Digester   :   Fire end() for ObjectCreateRule[className=org.apache.tomcat.util.modeler.AttributeInfo, attributeName=null]
2023-01-04 17:44:53.445 DEBUG 3888 --- [kground-preinit] o.apache.tomcat.util.digester.Digester   : [ObjectCreateRule]{mbeans-descriptors/mbean/attribute} Pop org.apache.tomcat.util.modeler.AttributeInfo
2023-01-04 17:44:53.446 DEBUG 3888 --- [kground-preinit] o.a.tomcat.util.digester.Digester.sax    : characters(
  )
2023-01-04 17:44:53.446 DEBUG 3888 --- [kground-preinit] o.a.tomcat.util.digester.Digester.sax    : endElement(,,mbean)
2023-01-04 17:44:53.447 DEBUG 3888 --- [kground-preinit] o.apache.tomcat.util.digester.Digester   :   match='mbeans-descriptors/mbean'
2023-01-04 17:44:53.447 DEBUG 3888 --- [kground-preinit] o.apache.tomcat.util.digester.Digester   :   bodyText='

    

    

    

    

    

    

    

    

    
  '
2023-01-04 17:44:53.448 DEBUG 3888 --- [kground-preinit] o.apache.tomcat.util.digester.Digester   :   Fire body() for ObjectCreateRule[className=org.apache.tomcat.util.modeler.ManagedBean, attributeName=null]
2023-01-04 17:44:53.448 DEBUG 3888 --- [kground-preinit] o.apache.tomcat.util.digester.Digester   :   Fire body() for SetPropertiesRule[]
2023-01-04 17:44:53.448 DEBUG 3888 --- [kground-preinit] o.apache.tomcat.util.digester.Digester   :   Fire body() for SetNextRule[methodName=add, paramType=java.lang.Object]
2023-01-04 17:44:53.449 DEBUG 3888 --- [kground-preinit] o.apache.tomcat.util.digester.Digester   :   Fire end() for SetNextRule[methodName=add, paramType=java.lang.Object]
2023-01-04 17:44:53.449 DEBUG 3888 --- [kground-preinit] o.apache.tomcat.util.digester.Digester   : [SetNextRule]{mbeans-descriptors/mbean} Call java.util.ArrayList.add(ManagedBean[name=SSLAuthenticator, className=org.apache.tomcat.util.modeler.BaseModelMBean, description=An Authenticator and Valve implementation of authentication that utilizes SSL certificates to identify client users, group=Valve, type=org.apache.catalina.authenticator.SSLAuthenticator])
2023-01-04 17:44:53.449 DEBUG 3888 --- [kground-preinit] o.apache.tomcat.util.IntrospectionUtils  : IntrospectionUtils: callMethod1 java.util.ArrayList org.apache.tomcat.util.modeler.ManagedBean java.lang.Object
2023-01-04 17:44:53.450 DEBUG 3888 --- [kground-preinit] o.apache.tomcat.util.digester.Digester   :   Fire end() for SetPropertiesRule[]
2023-01-04 17:44:53.450 DEBUG 3888 --- [kground-preinit] o.apache.tomcat.util.digester.Digester   :   Fire end() for ObjectCreateRule[className=org.apache.tomcat.util.modeler.ManagedBean, attributeName=null]
2023-01-04 17:44:53.450 DEBUG 3888 --- [kground-preinit] o.apache.tomcat.util.digester.Digester   : [ObjectCreateRule]{mbeans-descriptors/mbean} Pop org.apache.tomcat.util.modeler.ManagedBean
2023-01-04 17:44:53.450 DEBUG 3888 --- [kground-preinit] o.a.tomcat.util.digester.Digester.sax    : characters(

)
2023-01-04 17:44:53.450 DEBUG 3888 --- [kground-preinit] o.a.tomcat.util.digester.Digester.sax    : endElement(,,mbeans-descriptors)
2023-01-04 17:44:53.450 DEBUG 3888 --- [kground-preinit] o.apache.tomcat.util.digester.Digester   :   match='mbeans-descriptors'
2023-01-04 17:44:53.451 DEBUG 3888 --- [kground-preinit] o.apache.tomcat.util.digester.Digester   :   bodyText='

  


  

  

  


  


  

'
2023-01-04 17:44:53.451 DEBUG 3888 --- [kground-preinit] o.apache.tomcat.util.digester.Digester   :   No rules found matching 'mbeans-descriptors'.
2023-01-04 17:44:53.451 DEBUG 3888 --- [kground-preinit] o.a.tomcat.util.digester.Digester.sax    : endDocument()
2023-01-04 17:44:53.451 DEBUG 3888 --- [kground-preinit] org.apache.tomcat.util.modeler.Registry  : Found jar:file:/C:/Users/ustjavafsdb403/.m2/repository/org/apache/tomcat/embed/tomcat-embed-core/8.5.32/tomcat-embed-core-8.5.32.jar!/org/apache/catalina/core/mbeans-descriptors.xml
2023-01-04 17:44:53.456 DEBUG 3888 --- [           main] o.s.b.f.s.DefaultListableBeanFactory     : Returning cached instance of singleton bean 'autoConfigurationReport'
2023-01-04 17:44:53.458 DEBUG 3888 --- [kground-preinit] o.a.tomcat.util.digester.Digester.sax    : setDocumentLocator(com.sun.org.apache.xerces.internal.parsers.AbstractSAXParser$LocatorProxy@59cb8c3a)
2023-01-04 17:44:53.459 DEBUG 3888 --- [kground-preinit] o.a.tomcat.util.digester.Digester.sax    : startDocument()
2023-01-04 17:44:53.460 DEBUG 3888 --- [kground-preinit] o.a.tomcat.util.digester.Digester.sax    : startElement(,,mbeans-descriptors)
2023-01-04 17:44:53.460 DEBUG 3888 --- [kground-preinit] o.apache.tomcat.util.digester.Digester   :   New match='mbeans-descriptors'
2023-01-04 17:44:53.460 DEBUG 3888 --- [kground-preinit] o.apache.tomcat.util.digester.Digester   :   No rules found matching 'mbeans-descriptors'.
2023-01-04 17:44:53.461 DEBUG 3888 --- [kground-preinit] o.a.tomcat.util.digester.Digester.sax    : characters(

  )
2023-01-04 17:44:53.461 DEBUG 3888 --- [kground-preinit] o.a.tomcat.util.digester.Digester.sax    : startElement(,,mbean)
2023-01-04 17:44:53.461 DEBUG 3888 --- [kground-preinit] o.apache.tomcat.util.digester.Digester   :   New match='mbeans-descriptors/mbean'
2023-01-04 17:44:53.462 DEBUG 3888 --- [kground-preinit] o.apache.tomcat.util.digester.Digester   :   Fire begin() for ObjectCreateRule[className=org.apache.tomcat.util.modeler.ManagedBean, attributeName=null]
2023-01-04 17:44:53.462 DEBUG 3888 --- [kground-preinit] o.apache.tomcat.util.digester.Digester   : [ObjectCreateRule]{mbeans-descriptors/mbean}New org.apache.tomcat.util.modeler.ManagedBean
2023-01-04 17:44:53.462 DEBUG 3888 --- [kground-preinit] o.apache.tomcat.util.digester.Digester   :   Fire begin() for SetPropertiesRule[]
2023-01-04 17:44:53.462 DEBUG 3888 --- [kground-preinit] o.apache.tomcat.util.digester.Digester   : [SetPropertiesRule]{mbeans-descriptors/mbean} Set org.apache.tomcat.util.modeler.ManagedBean properties
2023-01-04 17:44:53.462 DEBUG 3888 --- [kground-preinit] o.apache.tomcat.util.digester.Digester   : [SetPropertiesRule]{mbeans-descriptors/mbean} Setting property 'name' to 'ApplicationFilterConfig'
2023-01-04 17:44:53.462 DEBUG 3888 --- [kground-preinit] o.apache.tomcat.util.IntrospectionUtils  : IntrospectionUtils: setProperty(class org.apache.tomcat.util.modeler.ManagedBean name=ApplicationFilterConfig)
2023-01-04 17:44:53.463 DEBUG 3888 --- [kground-preinit] o.apache.tomcat.util.digester.Digester   : [SetPropertiesRule]{mbeans-descriptors/mbean} Setting property 'description' to 'Wrapper that represents an individual servlet-filter definition'
2023-01-04 17:44:53.463 DEBUG 3888 --- [kground-preinit] o.apache.tomcat.util.IntrospectionUtils  : IntrospectionUtils: setProperty(class org.apache.tomcat.util.modeler.ManagedBean description=Wrapper that represents an individual servlet-filter definition)
2023-01-04 17:44:53.463 DEBUG 3888 --- [kground-preinit] o.apache.tomcat.util.digester.Digester   : [SetPropertiesRule]{mbeans-descriptors/mbean} Setting property 'domain' to 'Catalina'
2023-01-04 17:44:53.463 DEBUG 3888 --- [kground-preinit] o.apache.tomcat.util.IntrospectionUtils  : IntrospectionUtils: setProperty(class org.apache.tomcat.util.modeler.ManagedBean domain=Catalina)
2023-01-04 17:44:53.463 DEBUG 3888 --- [kground-preinit] o.apache.tomcat.util.digester.Digester   : [SetPropertiesRule]{mbeans-descriptors/mbean} Setting property 'group' to 'Filter'
2023-01-04 17:44:53.463 DEBUG 3888 --- [kground-preinit] o.apache.tomcat.util.IntrospectionUtils  : IntrospectionUtils: setProperty(class org.apache.tomcat.util.modeler.ManagedBean group=Filter)
2023-01-04 17:44:53.463 DEBUG 3888 --- [kground-preinit] o.apache.tomcat.util.digester.Digester   : [SetPropertiesRule]{mbeans-descriptors/mbean} Setting property 'type' to 'org.apache.catalina.core.ApplicationFilterConfig'
2023-01-04 17:44:53.464 DEBUG 3888 --- [kground-preinit] o.apache.tomcat.util.IntrospectionUtils  : IntrospectionUtils: setProperty(class org.apache.tomcat.util.modeler.ManagedBean type=org.apache.catalina.core.ApplicationFilterConfig)
2023-01-04 17:44:53.464 DEBUG 3888 --- [kground-preinit] o.apache.tomcat.util.digester.Digester   :   Fire begin() for SetNextRule[methodName=add, paramType=java.lang.Object]
2023-01-04 17:44:53.464 DEBUG 3888 --- [kground-preinit] o.a.tomcat.util.digester.Digester.sax    : characters(

     )
2023-01-04 17:44:53.465 DEBUG 3888 --- [kground-preinit] o.a.tomcat.util.digester.Digester.sax    : startElement(,,attribute)
2023-01-04 17:44:53.465 DEBUG 3888 --- [kground-preinit] o.apache.tomcat.util.digester.Digester   :   New match='mbeans-descriptors/mbean/attribute'
2023-01-04 17:44:53.465 DEBUG 3888 --- [kground-preinit] o.apache.tomcat.util.digester.Digester   :   Fire begin() for ObjectCreateRule[className=org.apache.tomcat.util.modeler.AttributeInfo, attributeName=null]
2023-01-04 17:44:53.466 DEBUG 3888 --- [kground-preinit] o.apache.tomcat.util.digester.Digester   : [ObjectCreateRule]{mbeans-descriptors/mbean/attribute}New org.apache.tomcat.util.modeler.AttributeInfo
2023-01-04 17:44:53.466 DEBUG 3888 --- [kground-preinit] o.apache.tomcat.util.digester.Digester   :   Fire begin() for SetPropertiesRule[]
2023-01-04 17:44:53.466 DEBUG 3888 --- [kground-preinit] o.apache.tomcat.util.digester.Digester   : [SetPropertiesRule]{mbeans-descriptors/mbean/attribute} Set org.apache.tomcat.util.modeler.AttributeInfo properties
2023-01-04 17:44:53.466 DEBUG 3888 --- [kground-preinit] o.apache.tomcat.util.digester.Digester   : [SetPropertiesRule]{mbeans-descriptors/mbean/attribute} Setting property 'name' to 'filterName'
2023-01-04 17:44:53.466 DEBUG 3888 --- [kground-preinit] o.apache.tomcat.util.IntrospectionUtils  : IntrospectionUtils: setProperty(class org.apache.tomcat.util.modeler.AttributeInfo name=filterName)
2023-01-04 17:44:53.466 DEBUG 3888 --- [kground-preinit] o.apache.tomcat.util.digester.Digester   : [SetPropertiesRule]{mbeans-descriptors/mbean/attribute} Setting property 'description' to 'The name used to reference the filter in web.xml'
2023-01-04 17:44:53.466 DEBUG 3888 --- [kground-preinit] o.apache.tomcat.util.IntrospectionUtils  : IntrospectionUtils: setProperty(class org.apache.tomcat.util.modeler.AttributeInfo description=The name used to reference the filter in web.xml)
2023-01-04 17:44:53.466 DEBUG 3888 --- [kground-preinit] o.apache.tomcat.util.digester.Digester   : [SetPropertiesRule]{mbeans-descriptors/mbean/attribute} Setting property 'type' to 'java.lang.String'
2023-01-04 17:44:53.466 DEBUG 3888 --- [kground-preinit] o.apache.tomcat.util.IntrospectionUtils  : IntrospectionUtils: setProperty(class org.apache.tomcat.util.modeler.AttributeInfo type=java.lang.String)
2023-01-04 17:44:53.466 DEBUG 3888 --- [kground-preinit] o.apache.tomcat.util.digester.Digester   : [SetPropertiesRule]{mbeans-descriptors/mbean/attribute} Setting property 'writeable' to 'false'
2023-01-04 17:44:53.466 DEBUG 3888 --- [kground-preinit] o.apache.tomcat.util.IntrospectionUtils  : IntrospectionUtils: setProperty(class org.apache.tomcat.util.modeler.AttributeInfo writeable=false)
2023-01-04 17:44:53.466 DEBUG 3888 --- [kground-preinit] o.apache.tomcat.util.digester.Digester   :   Fire begin() for SetNextRule[methodName=addAttribute, paramType=org.apache.tomcat.util.modeler.AttributeInfo]
2023-01-04 17:44:53.466 DEBUG 3888 --- [kground-preinit] o.a.tomcat.util.digester.Digester.sax    : endElement(,,attribute)
2023-01-04 17:44:53.466 DEBUG 3888 --- [kground-preinit] o.apache.tomcat.util.digester.Digester   :   match='mbeans-descriptors/mbean/attribute'
2023-01-04 17:44:53.466 DEBUG 3888 --- [kground-preinit] o.apache.tomcat.util.digester.Digester   :   bodyText=''
2023-01-04 17:44:53.467 DEBUG 3888 --- [kground-preinit] o.apache.tomcat.util.digester.Digester   :   Fire body() for ObjectCreateRule[className=org.apache.tomcat.util.modeler.AttributeInfo, attributeName=null]
2023-01-04 17:44:53.467 DEBUG 3888 --- [kground-preinit] o.apache.tomcat.util.digester.Digester   :   Fire body() for SetPropertiesRule[]
2023-01-04 17:44:53.467 DEBUG 3888 --- [kground-preinit] o.apache.tomcat.util.digester.Digester   :   Fire body() for SetNextRule[methodName=addAttribute, paramType=org.apache.tomcat.util.modeler.AttributeInfo]
2023-01-04 17:44:53.467 DEBUG 3888 --- [           main] o.s.b.f.s.DefaultListableBeanFactory     : Returning cached instance of singleton bean 'autoConfigurationReport'
2023-01-04 17:44:53.467 DEBUG 3888 --- [kground-preinit] o.apache.tomcat.util.digester.Digester   :   Fire end() for SetNextRule[methodName=addAttribute, paramType=org.apache.tomcat.util.modeler.AttributeInfo]
2023-01-04 17:44:53.467 DEBUG 3888 --- [kground-preinit] o.apache.tomcat.util.digester.Digester   : [SetNextRule]{mbeans-descriptors/mbean/attribute} Call org.apache.tomcat.util.modeler.ManagedBean.addAttribute(org.apache.tomcat.util.modeler.AttributeInfo@60a5bdb9)
2023-01-04 17:44:53.467 DEBUG 3888 --- [kground-preinit] o.apache.tomcat.util.IntrospectionUtils  : IntrospectionUtils: callMethod1 org.apache.tomcat.util.modeler.ManagedBean org.apache.tomcat.util.modeler.AttributeInfo org.apache.tomcat.util.modeler.AttributeInfo
2023-01-04 17:44:53.467 DEBUG 3888 --- [kground-preinit] o.apache.tomcat.util.digester.Digester   :   Fire end() for SetPropertiesRule[]
2023-01-04 17:44:53.467 DEBUG 3888 --- [kground-preinit] o.apache.tomcat.util.digester.Digester   :   Fire end() for ObjectCreateRule[className=org.apache.tomcat.util.modeler.AttributeInfo, attributeName=null]
2023-01-04 17:44:53.467 DEBUG 3888 --- [kground-preinit] o.apache.tomcat.util.digester.Digester   : [ObjectCreateRule]{mbeans-descriptors/mbean/attribute} Pop org.apache.tomcat.util.modeler.AttributeInfo
2023-01-04 17:44:53.467 DEBUG 3888 --- [kground-preinit] o.a.tomcat.util.digester.Digester.sax    : characters(

     )
2023-01-04 17:44:53.467 DEBUG 3888 --- [kground-preinit] o.a.tomcat.util.digester.Digester.sax    : startElement(,,attribute)
2023-01-04 17:44:53.467 DEBUG 3888 --- [kground-preinit] o.apache.tomcat.util.digester.Digester   :   New match='mbeans-descriptors/mbean/attribute'
2023-01-04 17:44:53.467 DEBUG 3888 --- [kground-preinit] o.apache.tomcat.util.digester.Digester   :   Fire begin() for ObjectCreateRule[className=org.apache.tomcat.util.modeler.AttributeInfo, attributeName=null]
2023-01-04 17:44:53.468 DEBUG 3888 --- [kground-preinit] o.apache.tomcat.util.digester.Digester   : [ObjectCreateRule]{mbeans-descriptors/mbean/attribute}New org.apache.tomcat.util.modeler.AttributeInfo
2023-01-04 17:44:53.468 DEBUG 3888 --- [           main] o.s.b.f.s.DefaultListableBeanFactory     : Returning cached instance of singleton bean 'autoConfigurationReport'
2023-01-04 17:44:53.468 DEBUG 3888 --- [kground-preinit] o.apache.tomcat.util.digester.Digester   :   Fire begin() for SetPropertiesRule[]
2023-01-04 17:44:53.468 DEBUG 3888 --- [kground-preinit] o.apache.tomcat.util.digester.Digester   : [SetPropertiesRule]{mbeans-descriptors/mbean/attribute} Set org.apache.tomcat.util.modeler.AttributeInfo properties
2023-01-04 17:44:53.468 DEBUG 3888 --- [kground-preinit] o.apache.tomcat.util.digester.Digester   : [SetPropertiesRule]{mbeans-descriptors/mbean/attribute} Setting property 'name' to 'filterClass'
2023-01-04 17:44:53.468 DEBUG 3888 --- [kground-preinit] o.apache.tomcat.util.IntrospectionUtils  : IntrospectionUtils: setProperty(class org.apache.tomcat.util.modeler.AttributeInfo name=filterClass)
2023-01-04 17:44:53.468 DEBUG 3888 --- [kground-preinit] o.apache.tomcat.util.digester.Digester   : [SetPropertiesRule]{mbeans-descriptors/mbean/attribute} Setting property 'description' to 'Fully qualified class name of the filter object'
2023-01-04 17:44:53.468 DEBUG 3888 --- [kground-preinit] o.apache.tomcat.util.IntrospectionUtils  : IntrospectionUtils: setProperty(class org.apache.tomcat.util.modeler.AttributeInfo description=Fully qualified class name of the filter object)
2023-01-04 17:44:53.468 DEBUG 3888 --- [kground-preinit] o.apache.tomcat.util.digester.Digester   : [SetPropertiesRule]{mbeans-descriptors/mbean/attribute} Setting property 'type' to 'java.lang.String'
2023-01-04 17:44:53.468 DEBUG 3888 --- [kground-preinit] o.apache.tomcat.util.IntrospectionUtils  : IntrospectionUtils: setProperty(class org.apache.tomcat.util.modeler.AttributeInfo type=java.lang.String)
2023-01-04 17:44:53.468 DEBUG 3888 --- [kground-preinit] o.apache.tomcat.util.digester.Digester   : [SetPropertiesRule]{mbeans-descriptors/mbean/attribute} Setting property 'writeable' to 'false'
2023-01-04 17:44:53.468 DEBUG 3888 --- [kground-preinit] o.apache.tomcat.util.IntrospectionUtils  : IntrospectionUtils: setProperty(class org.apache.tomcat.util.modeler.AttributeInfo writeable=false)
2023-01-04 17:44:53.468 DEBUG 3888 --- [kground-preinit] o.apache.tomcat.util.digester.Digester   :   Fire begin() for SetNextRule[methodName=addAttribute, paramType=org.apache.tomcat.util.modeler.AttributeInfo]
2023-01-04 17:44:53.468 DEBUG 3888 --- [kground-preinit] o.a.tomcat.util.digester.Digester.sax    : endElement(,,attribute)
2023-01-04 17:44:53.468 DEBUG 3888 --- [kground-preinit] o.apache.tomcat.util.digester.Digester   :   match='mbeans-descriptors/mbean/attribute'
2023-01-04 17:44:53.468 DEBUG 3888 --- [kground-preinit] o.apache.tomcat.util.digester.Digester   :   bodyText=''
2023-01-04 17:44:53.469 DEBUG 3888 --- [kground-preinit] o.apache.tomcat.util.digester.Digester   :   Fire body() for ObjectCreateRule[className=org.apache.tomcat.util.modeler.AttributeInfo, attributeName=null]
2023-01-04 17:44:53.469 DEBUG 3888 --- [kground-preinit] o.apache.tomcat.util.digester.Digester   :   Fire body() for SetPropertiesRule[]
2023-01-04 17:44:53.469 DEBUG 3888 --- [kground-preinit] o.apache.tomcat.util.digester.Digester   :   Fire body() for SetNextRule[methodName=addAttribute, paramType=org.apache.tomcat.util.modeler.AttributeInfo]
2023-01-04 17:44:53.469 DEBUG 3888 --- [kground-preinit] o.apache.tomcat.util.digester.Digester   :   Fire end() for SetNextRule[methodName=addAttribute, paramType=org.apache.tomcat.util.modeler.AttributeInfo]
2023-01-04 17:44:53.469 DEBUG 3888 --- [kground-preinit] o.apache.tomcat.util.digester.Digester   : [SetNextRule]{mbeans-descriptors/mbean/attribute} Call org.apache.tomcat.util.modeler.ManagedBean.addAttribute(org.apache.tomcat.util.modeler.AttributeInfo@19394fef)
2023-01-04 17:44:53.469 DEBUG 3888 --- [kground-preinit] o.apache.tomcat.util.IntrospectionUtils  : IntrospectionUtils: callMethod1 org.apache.tomcat.util.modeler.ManagedBean org.apache.tomcat.util.modeler.AttributeInfo org.apache.tomcat.util.modeler.AttributeInfo
2023-01-04 17:44:53.469 DEBUG 3888 --- [kground-preinit] o.apache.tomcat.util.digester.Digester   :   Fire end() for SetPropertiesRule[]
2023-01-04 17:44:53.470 DEBUG 3888 --- [kground-preinit] o.apache.tomcat.util.digester.Digester   :   Fire end() for ObjectCreateRule[className=org.apache.tomcat.util.modeler.AttributeInfo, attributeName=null]
2023-01-04 17:44:53.470 DEBUG 3888 --- [kground-preinit] o.apache.tomcat.util.digester.Digester   : [ObjectCreateRule]{mbeans-descriptors/mbean/attribute} Pop org.apache.tomcat.util.modeler.AttributeInfo
2023-01-04 17:44:53.470 DEBUG 3888 --- [kground-preinit] o.a.tomcat.util.digester.Digester.sax    : characters(

     )
2023-01-04 17:44:53.471 DEBUG 3888 --- [kground-preinit] o.a.tomcat.util.digester.Digester.sax    : startElement(,,attribute)
2023-01-04 17:44:53.471 DEBUG 3888 --- [kground-preinit] o.apache.tomcat.util.digester.Digester   :   New match='mbeans-descriptors/mbean/attribute'
2023-01-04 17:44:53.471 DEBUG 3888 --- [kground-preinit] o.apache.tomcat.util.digester.Digester   :   Fire begin() for ObjectCreateRule[className=org.apache.tomcat.util.modeler.AttributeInfo, attributeName=null]
2023-01-04 17:44:53.471 DEBUG 3888 --- [kground-preinit] o.apache.tomcat.util.digester.Digester   : [ObjectCreateRule]{mbeans-descriptors/mbean/attribute}New org.apache.tomcat.util.modeler.AttributeInfo
2023-01-04 17:44:53.471 DEBUG 3888 --- [kground-preinit] o.apache.tomcat.util.digester.Digester   :   Fire begin() for SetPropertiesRule[]
2023-01-04 17:44:53.471 DEBUG 3888 --- [kground-preinit] o.apache.tomcat.util.digester.Digester   : [SetPropertiesRule]{mbeans-descriptors/mbean/attribute} Set org.apache.tomcat.util.modeler.AttributeInfo properties
2023-01-04 17:44:53.471 DEBUG 3888 --- [kground-preinit] o.apache.tomcat.util.digester.Digester   : [SetPropertiesRule]{mbeans-descriptors/mbean/attribute} Setting property 'name' to 'filterInitParameterMap'
2023-01-04 17:44:53.471 DEBUG 3888 --- [kground-preinit] o.apache.tomcat.util.IntrospectionUtils  : IntrospectionUtils: setProperty(class org.apache.tomcat.util.modeler.AttributeInfo name=filterInitParameterMap)
2023-01-04 17:44:53.471 DEBUG 3888 --- [kground-preinit] o.apache.tomcat.util.digester.Digester   : [SetPropertiesRule]{mbeans-descriptors/mbean/attribute} Setting property 'description' to 'Return the initialization parameters associated with this filter'
2023-01-04 17:44:53.471 DEBUG 3888 --- [kground-preinit] o.apache.tomcat.util.IntrospectionUtils  : IntrospectionUtils: setProperty(class org.apache.tomcat.util.modeler.AttributeInfo description=Return the initialization parameters associated with this filter)
2023-01-04 17:44:53.472 DEBUG 3888 --- [kground-preinit] o.apache.tomcat.util.digester.Digester   : [SetPropertiesRule]{mbeans-descriptors/mbean/attribute} Setting property 'type' to 'java.util.Map'
2023-01-04 17:44:53.472 DEBUG 3888 --- [kground-preinit] o.apache.tomcat.util.IntrospectionUtils  : IntrospectionUtils: setProperty(class org.apache.tomcat.util.modeler.AttributeInfo type=java.util.Map)
2023-01-04 17:44:53.472 DEBUG 3888 --- [kground-preinit] o.apache.tomcat.util.digester.Digester   : [SetPropertiesRule]{mbeans-descriptors/mbean/attribute} Setting property 'writeable' to 'false'
2023-01-04 17:44:53.472 DEBUG 3888 --- [kground-preinit] o.apache.tomcat.util.IntrospectionUtils  : IntrospectionUtils: setProperty(class org.apache.tomcat.util.modeler.AttributeInfo writeable=false)
2023-01-04 17:44:53.472 DEBUG 3888 --- [kground-preinit] o.apache.tomcat.util.digester.Digester   :   Fire begin() for SetNextRule[methodName=addAttribute, paramType=org.apache.tomcat.util.modeler.AttributeInfo]
2023-01-04 17:44:53.472 DEBUG 3888 --- [kground-preinit] o.a.tomcat.util.digester.Digester.sax    : endElement(,,attribute)
2023-01-04 17:44:53.472 DEBUG 3888 --- [kground-preinit] o.apache.tomcat.util.digester.Digester   :   match='mbeans-descriptors/mbean/attribute'
2023-01-04 17:44:53.472 DEBUG 3888 --- [kground-preinit] o.apache.tomcat.util.digester.Digester   :   bodyText=''
2023-01-04 17:44:53.472 DEBUG 3888 --- [kground-preinit] o.apache.tomcat.util.digester.Digester   :   Fire body() for ObjectCreateRule[className=org.apache.tomcat.util.modeler.AttributeInfo, attributeName=null]
2023-01-04 17:44:53.472 DEBUG 3888 --- [kground-preinit] o.apache.tomcat.util.digester.Digester   :   Fire body() for SetPropertiesRule[]
2023-01-04 17:44:53.472 DEBUG 3888 --- [kground-preinit] o.apache.tomcat.util.digester.Digester   :   Fire body() for SetNextRule[methodName=addAttribute, paramType=org.apache.tomcat.util.modeler.AttributeInfo]
2023-01-04 17:44:53.473 DEBUG 3888 --- [kground-preinit] o.apache.tomcat.util.digester.Digester   :   Fire end() for SetNextRule[methodName=addAttribute, paramType=org.apache.tomcat.util.modeler.AttributeInfo]
2023-01-04 17:44:53.473 DEBUG 3888 --- [kground-preinit] o.apache.tomcat.util.digester.Digester   : [SetNextRule]{mbeans-descriptors/mbean/attribute} Call org.apache.tomcat.util.modeler.ManagedBean.addAttribute(org.apache.tomcat.util.modeler.AttributeInfo@13505f78)
2023-01-04 17:44:53.473 DEBUG 3888 --- [kground-preinit] o.apache.tomcat.util.IntrospectionUtils  : IntrospectionUtils: callMethod1 org.apache.tomcat.util.modeler.ManagedBean org.apache.tomcat.util.modeler.AttributeInfo org.apache.tomcat.util.modeler.AttributeInfo
2023-01-04 17:44:53.473 DEBUG 3888 --- [kground-preinit] o.apache.tomcat.util.digester.Digester   :   Fire end() for SetPropertiesRule[]
2023-01-04 17:44:53.473 DEBUG 3888 --- [kground-preinit] o.apache.tomcat.util.digester.Digester   :   Fire end() for ObjectCreateRule[className=org.apache.tomcat.util.modeler.AttributeInfo, attributeName=null]
2023-01-04 17:44:53.473 DEBUG 3888 --- [kground-preinit] o.apache.tomcat.util.digester.Digester   : [ObjectCreateRule]{mbeans-descriptors/mbean/attribute} Pop org.apache.tomcat.util.modeler.AttributeInfo
2023-01-04 17:44:53.473 DEBUG 3888 --- [kground-preinit] o.a.tomcat.util.digester.Digester.sax    : characters(

  )
2023-01-04 17:44:53.473 DEBUG 3888 --- [kground-preinit] o.a.tomcat.util.digester.Digester.sax    : endElement(,,mbean)
2023-01-04 17:44:53.473 DEBUG 3888 --- [kground-preinit] o.apache.tomcat.util.digester.Digester   :   match='mbeans-descriptors/mbean'
2023-01-04 17:44:53.473 DEBUG 3888 --- [kground-preinit] o.apache.tomcat.util.digester.Digester   :   bodyText='

     

     

     

  '
2023-01-04 17:44:53.473 DEBUG 3888 --- [kground-preinit] o.apache.tomcat.util.digester.Digester   :   Fire body() for ObjectCreateRule[className=org.apache.tomcat.util.modeler.ManagedBean, attributeName=null]
2023-01-04 17:44:53.473 DEBUG 3888 --- [kground-preinit] o.apache.tomcat.util.digester.Digester   :   Fire body() for SetPropertiesRule[]
2023-01-04 17:44:53.473 DEBUG 3888 --- [kground-preinit] o.apache.tomcat.util.digester.Digester   :   Fire body() for SetNextRule[methodName=add, paramType=java.lang.Object]
2023-01-04 17:44:53.473 DEBUG 3888 --- [kground-preinit] o.apache.tomcat.util.digester.Digester   :   Fire end() for SetNextRule[methodName=add, paramType=java.lang.Object]
2023-01-04 17:44:53.474 DEBUG 3888 --- [kground-preinit] o.apache.tomcat.util.digester.Digester   : [SetNextRule]{mbeans-descriptors/mbean} Call java.util.ArrayList.add(ManagedBean[name=ApplicationFilterConfig, className=org.apache.tomcat.util.modeler.BaseModelMBean, description=Wrapper that represents an individual servlet-filter definition, group=Filter, type=org.apache.catalina.core.ApplicationFilterConfig])
2023-01-04 17:44:53.474 DEBUG 3888 --- [kground-preinit] o.apache.tomcat.util.IntrospectionUtils  : IntrospectionUtils: callMethod1 java.util.ArrayList org.apache.tomcat.util.modeler.ManagedBean java.lang.Object
2023-01-04 17:44:53.475 DEBUG 3888 --- [kground-preinit] o.apache.tomcat.util.digester.Digester   :   Fire end() for SetPropertiesRule[]
2023-01-04 17:44:53.475 DEBUG 3888 --- [kground-preinit] o.apache.tomcat.util.digester.Digester   :   Fire end() for ObjectCreateRule[className=org.apache.tomcat.util.modeler.ManagedBean, attributeName=null]
2023-01-04 17:44:53.475 DEBUG 3888 --- [kground-preinit] o.apache.tomcat.util.digester.Digester   : [ObjectCreateRule]{mbeans-descriptors/mbean} Pop org.apache.tomcat.util.modeler.ManagedBean
2023-01-04 17:44:53.475 DEBUG 3888 --- [kground-preinit] o.a.tomcat.util.digester.Digester.sax    : characters(

  )
2023-01-04 17:44:53.475 DEBUG 3888 --- [kground-preinit] o.a.tomcat.util.digester.Digester.sax    : startElement(,,mbean)
2023-01-04 17:44:53.475 DEBUG 3888 --- [kground-preinit] o.apache.tomcat.util.digester.Digester   :   New match='mbeans-descriptors/mbean'
2023-01-04 17:44:53.476 DEBUG 3888 --- [kground-preinit] o.apache.tomcat.util.digester.Digester   :   Fire begin() for ObjectCreateRule[className=org.apache.tomcat.util.modeler.ManagedBean, attributeName=null]
2023-01-04 17:44:53.476 DEBUG 3888 --- [kground-preinit] o.apache.tomcat.util.digester.Digester   : [ObjectCreateRule]{mbeans-descriptors/mbean}New org.apache.tomcat.util.modeler.ManagedBean
2023-01-04 17:44:53.476 DEBUG 3888 --- [kground-preinit] o.apache.tomcat.util.digester.Digester   :   Fire begin() for SetPropertiesRule[]
2023-01-04 17:44:53.477 DEBUG 3888 --- [kground-preinit] o.apache.tomcat.util.digester.Digester   : [SetPropertiesRule]{mbeans-descriptors/mbean} Set org.apache.tomcat.util.modeler.ManagedBean properties
2023-01-04 17:44:53.477 DEBUG 3888 --- [kground-preinit] o.apache.tomcat.util.digester.Digester   : [SetPropertiesRule]{mbeans-descriptors/mbean} Setting property 'name' to 'NamingContextListener'
2023-01-04 17:44:53.477 DEBUG 3888 --- [kground-preinit] o.apache.tomcat.util.IntrospectionUtils  : IntrospectionUtils: setProperty(class org.apache.tomcat.util.modeler.ManagedBean name=NamingContextListener)
2023-01-04 17:44:53.477 DEBUG 3888 --- [kground-preinit] o.apache.tomcat.util.digester.Digester   : [SetPropertiesRule]{mbeans-descriptors/mbean} Setting property 'description' to 'Helper class used to initialize and populate the JNDI context associated with each context and server'
2023-01-04 17:44:53.477 DEBUG 3888 --- [kground-preinit] o.apache.tomcat.util.IntrospectionUtils  : IntrospectionUtils: setProperty(class org.apache.tomcat.util.modeler.ManagedBean description=Helper class used to initialize and populate the JNDI context associated with each context and server)
2023-01-04 17:44:53.477 DEBUG 3888 --- [kground-preinit] o.apache.tomcat.util.digester.Digester   : [SetPropertiesRule]{mbeans-descriptors/mbean} Setting property 'domain' to 'Catalina'
2023-01-04 17:44:53.478 DEBUG 3888 --- [kground-preinit] o.apache.tomcat.util.IntrospectionUtils  : IntrospectionUtils: setProperty(class org.apache.tomcat.util.modeler.ManagedBean domain=Catalina)
2023-01-04 17:44:53.478 DEBUG 3888 --- [kground-preinit] o.apache.tomcat.util.digester.Digester   : [SetPropertiesRule]{mbeans-descriptors/mbean} Setting property 'group' to 'Listener'
2023-01-04 17:44:53.479 DEBUG 3888 --- [kground-preinit] o.apache.tomcat.util.IntrospectionUtils  : IntrospectionUtils: setProperty(class org.apache.tomcat.util.modeler.ManagedBean group=Listener)
2023-01-04 17:44:53.479 DEBUG 3888 --- [kground-preinit] o.apache.tomcat.util.digester.Digester   : [SetPropertiesRule]{mbeans-descriptors/mbean} Setting property 'type' to 'org.apache.catalina.core.NamingContextListener'
2023-01-04 17:44:53.479 DEBUG 3888 --- [kground-preinit] o.apache.tomcat.util.IntrospectionUtils  : IntrospectionUtils: setProperty(class org.apache.tomcat.util.modeler.ManagedBean type=org.apache.catalina.core.NamingContextListener)
2023-01-04 17:44:53.479 DEBUG 3888 --- [kground-preinit] o.apache.tomcat.util.digester.Digester   :   Fire begin() for SetNextRule[methodName=add, paramType=java.lang.Object]
2023-01-04 17:44:53.479 DEBUG 3888 --- [kground-preinit] o.a.tomcat.util.digester.Digester.sax    : characters(

    )
2023-01-04 17:44:53.479 DEBUG 3888 --- [kground-preinit] o.a.tomcat.util.digester.Digester.sax    : startElement(,,attribute)
2023-01-04 17:44:53.479 DEBUG 3888 --- [kground-preinit] o.apache.tomcat.util.digester.Digester   :   New match='mbeans-descriptors/mbean/attribute'
2023-01-04 17:44:53.479 DEBUG 3888 --- [kground-preinit] o.apache.tomcat.util.digester.Digester   :   Fire begin() for ObjectCreateRule[className=org.apache.tomcat.util.modeler.AttributeInfo, attributeName=null]
2023-01-04 17:44:53.479 DEBUG 3888 --- [kground-preinit] o.apache.tomcat.util.digester.Digester   : [ObjectCreateRule]{mbeans-descriptors/mbean/attribute}New org.apache.tomcat.util.modeler.AttributeInfo
2023-01-04 17:44:53.479 DEBUG 3888 --- [kground-preinit] o.apache.tomcat.util.digester.Digester   :   Fire begin() for SetPropertiesRule[]
2023-01-04 17:44:53.479 DEBUG 3888 --- [kground-preinit] o.apache.tomcat.util.digester.Digester   : [SetPropertiesRule]{mbeans-descriptors/mbean/attribute} Set org.apache.tomcat.util.modeler.AttributeInfo properties
2023-01-04 17:44:53.479 DEBUG 3888 --- [kground-preinit] o.apache.tomcat.util.digester.Digester   : [SetPropertiesRule]{mbeans-descriptors/mbean/attribute} Setting property 'name' to 'className'
2023-01-04 17:44:53.479 DEBUG 3888 --- [kground-preinit] o.apache.tomcat.util.IntrospectionUtils  : IntrospectionUtils: setProperty(class org.apache.tomcat.util.modeler.AttributeInfo name=className)
2023-01-04 17:44:53.480 DEBUG 3888 --- [kground-preinit] o.apache.tomcat.util.digester.Digester   : [SetPropertiesRule]{mbeans-descriptors/mbean/attribute} Setting property 'description' to 'Fully qualified class name of the managed object'
2023-01-04 17:44:53.480 DEBUG 3888 --- [kground-preinit] o.apache.tomcat.util.IntrospectionUtils  : IntrospectionUtils: setProperty(class org.apache.tomcat.util.modeler.AttributeInfo description=Fully qualified class name of the managed object)
2023-01-04 17:44:53.480 DEBUG 3888 --- [kground-preinit] o.apache.tomcat.util.digester.Digester   : [SetPropertiesRule]{mbeans-descriptors/mbean/attribute} Setting property 'type' to 'java.lang.String'
2023-01-04 17:44:53.480 DEBUG 3888 --- [kground-preinit] o.apache.tomcat.util.IntrospectionUtils  : IntrospectionUtils: setProperty(class org.apache.tomcat.util.modeler.AttributeInfo type=java.lang.String)
2023-01-04 17:44:53.480 DEBUG 3888 --- [kground-preinit] o.apache.tomcat.util.digester.Digester   : [SetPropertiesRule]{mbeans-descriptors/mbean/attribute} Setting property 'writeable' to 'false'
2023-01-04 17:44:53.480 DEBUG 3888 --- [kground-preinit] o.apache.tomcat.util.IntrospectionUtils  : IntrospectionUtils: setProperty(class org.apache.tomcat.util.modeler.AttributeInfo writeable=false)
2023-01-04 17:44:53.481 DEBUG 3888 --- [kground-preinit] o.apache.tomcat.util.digester.Digester   :   Fire begin() for SetNextRule[methodName=addAttribute, paramType=org.apache.tomcat.util.modeler.AttributeInfo]
2023-01-04 17:44:53.481 DEBUG 3888 --- [kground-preinit] o.a.tomcat.util.digester.Digester.sax    : endElement(,,attribute)
2023-01-04 17:44:53.483 DEBUG 3888 --- [           main] o.s.b.f.s.DefaultListableBeanFactory     : Returning cached instance of singleton bean 'autoConfigurationReport'
2023-01-04 17:44:53.489 DEBUG 3888 --- [kground-preinit] o.apache.tomcat.util.digester.Digester   :   match='mbeans-descriptors/mbean/attribute'
2023-01-04 17:44:53.489 DEBUG 3888 --- [kground-preinit] o.apache.tomcat.util.digester.Digester   :   bodyText=''
2023-01-04 17:44:53.489 DEBUG 3888 --- [kground-preinit] o.apache.tomcat.util.digester.Digester   :   Fire body() for ObjectCreateRule[className=org.apache.tomcat.util.modeler.AttributeInfo, attributeName=null]
2023-01-04 17:44:53.489 DEBUG 3888 --- [kground-preinit] o.apache.tomcat.util.digester.Digester   :   Fire body() for SetPropertiesRule[]
2023-01-04 17:44:53.489 DEBUG 3888 --- [kground-preinit] o.apache.tomcat.util.digester.Digester   :   Fire body() for SetNextRule[methodName=addAttribute, paramType=org.apache.tomcat.util.modeler.AttributeInfo]
2023-01-04 17:44:53.490 DEBUG 3888 --- [kground-preinit] o.apache.tomcat.util.digester.Digester   :   Fire end() for SetNextRule[methodName=addAttribute, paramType=org.apache.tomcat.util.modeler.AttributeInfo]
2023-01-04 17:44:53.490 DEBUG 3888 --- [kground-preinit] o.apache.tomcat.util.digester.Digester   : [SetNextRule]{mbeans-descriptors/mbean/attribute} Call org.apache.tomcat.util.modeler.ManagedBean.addAttribute(org.apache.tomcat.util.modeler.AttributeInfo@86ffec0)
2023-01-04 17:44:53.490 DEBUG 3888 --- [kground-preinit] o.apache.tomcat.util.IntrospectionUtils  : IntrospectionUtils: callMethod1 org.apache.tomcat.util.modeler.ManagedBean org.apache.tomcat.util.modeler.AttributeInfo org.apache.tomcat.util.modeler.AttributeInfo
2023-01-04 17:44:53.490 DEBUG 3888 --- [kground-preinit] o.apache.tomcat.util.digester.Digester   :   Fire end() for SetPropertiesRule[]
2023-01-04 17:44:53.490 DEBUG 3888 --- [kground-preinit] o.apache.tomcat.util.digester.Digester   :   Fire end() for ObjectCreateRule[className=org.apache.tomcat.util.modeler.AttributeInfo, attributeName=null]
2023-01-04 17:44:53.490 DEBUG 3888 --- [kground-preinit] o.apache.tomcat.util.digester.Digester   : [ObjectCreateRule]{mbeans-descriptors/mbean/attribute} Pop org.apache.tomcat.util.modeler.AttributeInfo
2023-01-04 17:44:53.491 DEBUG 3888 --- [kground-preinit] o.a.tomcat.util.digester.Digester.sax    : characters(

    )
2023-01-04 17:44:53.491 DEBUG 3888 --- [kground-preinit] o.a.tomcat.util.digester.Digester.sax    : startElement(,,attribute)
2023-01-04 17:44:53.491 DEBUG 3888 --- [kground-preinit] o.apache.tomcat.util.digester.Digester   :   New match='mbeans-descriptors/mbean/attribute'
2023-01-04 17:44:53.491 DEBUG 3888 --- [kground-preinit] o.apache.tomcat.util.digester.Digester   :   Fire begin() for ObjectCreateRule[className=org.apache.tomcat.util.modeler.AttributeInfo, attributeName=null]
2023-01-04 17:44:53.491 DEBUG 3888 --- [kground-preinit] o.apache.tomcat.util.digester.Digester   : [ObjectCreateRule]{mbeans-descriptors/mbean/attribute}New org.apache.tomcat.util.modeler.AttributeInfo
2023-01-04 17:44:53.491 DEBUG 3888 --- [kground-preinit] o.apache.tomcat.util.digester.Digester   :   Fire begin() for SetPropertiesRule[]
2023-01-04 17:44:53.492 DEBUG 3888 --- [kground-preinit] o.apache.tomcat.util.digester.Digester   : [SetPropertiesRule]{mbeans-descriptors/mbean/attribute} Set org.apache.tomcat.util.modeler.AttributeInfo properties
2023-01-04 17:44:53.492 DEBUG 3888 --- [kground-preinit] o.apache.tomcat.util.digester.Digester   : [SetPropertiesRule]{mbeans-descriptors/mbean/attribute} Setting property 'name' to 'name'
2023-01-04 17:44:53.492 DEBUG 3888 --- [kground-preinit] o.apache.tomcat.util.IntrospectionUtils  : IntrospectionUtils: setProperty(class org.apache.tomcat.util.modeler.AttributeInfo name=name)
2023-01-04 17:44:53.492 DEBUG 3888 --- [kground-preinit] o.apache.tomcat.util.digester.Digester   : [SetPropertiesRule]{mbeans-descriptors/mbean/attribute} Setting property 'description' to 'Name of the associated naming context'
2023-01-04 17:44:53.492 DEBUG 3888 --- [           main] o.s.c.e.PropertySourcesPropertyResolver  : Could not find key 'spring.resources.chain.strategy.fixed.enabled' in any property source
2023-01-04 17:44:53.492 DEBUG 3888 --- [kground-preinit] o.apache.tomcat.util.IntrospectionUtils  : IntrospectionUtils: setProperty(class org.apache.tomcat.util.modeler.AttributeInfo description=Name of the associated naming context)
2023-01-04 17:44:53.492 DEBUG 3888 --- [kground-preinit] o.apache.tomcat.util.digester.Digester   : [SetPropertiesRule]{mbeans-descriptors/mbean/attribute} Setting property 'type' to 'java.lang.String'
2023-01-04 17:44:53.492 DEBUG 3888 --- [kground-preinit] o.apache.tomcat.util.IntrospectionUtils  : IntrospectionUtils: setProperty(class org.apache.tomcat.util.modeler.AttributeInfo type=java.lang.String)
2023-01-04 17:44:53.492 DEBUG 3888 --- [           main] o.s.c.e.PropertySourcesPropertyResolver  : Could not find key 'spring.resources.chain.strategy.content.enabled' in any property source
2023-01-04 17:44:53.492 DEBUG 3888 --- [kground-preinit] o.apache.tomcat.util.digester.Digester   : [SetPropertiesRule]{mbeans-descriptors/mbean/attribute} Setting property 'writeable' to 'false'
2023-01-04 17:44:53.493 DEBUG 3888 --- [kground-preinit] o.apache.tomcat.util.IntrospectionUtils  : IntrospectionUtils: setProperty(class org.apache.tomcat.util.modeler.AttributeInfo writeable=false)
2023-01-04 17:44:53.493 DEBUG 3888 --- [           main] o.s.c.e.PropertySourcesPropertyResolver  : Could not find key 'spring.resources.chain.enabled' in any property source
2023-01-04 17:44:53.493 DEBUG 3888 --- [kground-preinit] o.apache.tomcat.util.digester.Digester   :   Fire begin() for SetNextRule[methodName=addAttribute, paramType=org.apache.tomcat.util.modeler.AttributeInfo]
2023-01-04 17:44:53.494 DEBUG 3888 --- [kground-preinit] o.a.tomcat.util.digester.Digester.sax    : endElement(,,attribute)
2023-01-04 17:44:53.494 DEBUG 3888 --- [kground-preinit] o.apache.tomcat.util.digester.Digester   :   match='mbeans-descriptors/mbean/attribute'
2023-01-04 17:44:53.494 DEBUG 3888 --- [           main] o.s.b.f.s.DefaultListableBeanFactory     : Returning cached instance of singleton bean 'autoConfigurationReport'
2023-01-04 17:44:53.495 DEBUG 3888 --- [kground-preinit] o.apache.tomcat.util.digester.Digester   :   bodyText=''
2023-01-04 17:44:53.495 DEBUG 3888 --- [kground-preinit] o.apache.tomcat.util.digester.Digester   :   Fire body() for ObjectCreateRule[className=org.apache.tomcat.util.modeler.AttributeInfo, attributeName=null]
2023-01-04 17:44:53.495 DEBUG 3888 --- [kground-preinit] o.apache.tomcat.util.digester.Digester   :   Fire body() for SetPropertiesRule[]
2023-01-04 17:44:53.495 DEBUG 3888 --- [kground-preinit] o.apache.tomcat.util.digester.Digester   :   Fire body() for SetNextRule[methodName=addAttribute, paramType=org.apache.tomcat.util.modeler.AttributeInfo]
2023-01-04 17:44:53.495 DEBUG 3888 --- [kground-preinit] o.apache.tomcat.util.digester.Digester   :   Fire end() for SetNextRule[methodName=addAttribute, paramType=org.apache.tomcat.util.modeler.AttributeInfo]
2023-01-04 17:44:53.495 DEBUG 3888 --- [kground-preinit] o.apache.tomcat.util.digester.Digester   : [SetNextRule]{mbeans-descriptors/mbean/attribute} Call org.apache.tomcat.util.modeler.ManagedBean.addAttribute(org.apache.tomcat.util.modeler.AttributeInfo@19d5cb2a)
2023-01-04 17:44:53.495 DEBUG 3888 --- [kground-preinit] o.apache.tomcat.util.IntrospectionUtils  : IntrospectionUtils: callMethod1 org.apache.tomcat.util.modeler.ManagedBean org.apache.tomcat.util.modeler.AttributeInfo org.apache.tomcat.util.modeler.AttributeInfo
2023-01-04 17:44:53.495 DEBUG 3888 --- [kground-preinit] o.apache.tomcat.util.digester.Digester   :   Fire end() for SetPropertiesRule[]
2023-01-04 17:44:53.495 DEBUG 3888 --- [kground-preinit] o.apache.tomcat.util.digester.Digester   :   Fire end() for ObjectCreateRule[className=org.apache.tomcat.util.modeler.AttributeInfo, attributeName=null]
2023-01-04 17:44:53.495 DEBUG 3888 --- [kground-preinit] o.apache.tomcat.util.digester.Digester   : [ObjectCreateRule]{mbeans-descriptors/mbean/attribute} Pop org.apache.tomcat.util.modeler.AttributeInfo
2023-01-04 17:44:53.495 DEBUG 3888 --- [kground-preinit] o.a.tomcat.util.digester.Digester.sax    : characters(

  )
2023-01-04 17:44:53.496 DEBUG 3888 --- [kground-preinit] o.a.tomcat.util.digester.Digester.sax    : endElement(,,mbean)
2023-01-04 17:44:53.496 DEBUG 3888 --- [kground-preinit] o.apache.tomcat.util.digester.Digester   :   match='mbeans-descriptors/mbean'
2023-01-04 17:44:53.496 DEBUG 3888 --- [kground-preinit] o.apache.tomcat.util.digester.Digester   :   bodyText='

    

    

  '
2023-01-04 17:44:53.496 DEBUG 3888 --- [kground-preinit] o.apache.tomcat.util.digester.Digester   :   Fire body() for ObjectCreateRule[className=org.apache.tomcat.util.modeler.ManagedBean, attributeName=null]
2023-01-04 17:44:53.496 DEBUG 3888 --- [kground-preinit] o.apache.tomcat.util.digester.Digester   :   Fire body() for SetPropertiesRule[]
2023-01-04 17:44:53.496 DEBUG 3888 --- [kground-preinit] o.apache.tomcat.util.digester.Digester   :   Fire body() for SetNextRule[methodName=add, paramType=java.lang.Object]
2023-01-04 17:44:53.496 DEBUG 3888 --- [kground-preinit] o.apache.tomcat.util.digester.Digester   :   Fire end() for SetNextRule[methodName=add, paramType=java.lang.Object]
2023-01-04 17:44:53.496 DEBUG 3888 --- [kground-preinit] o.apache.tomcat.util.digester.Digester   : [SetNextRule]{mbeans-descriptors/mbean} Call java.util.ArrayList.add(ManagedBean[name=NamingContextListener, className=org.apache.tomcat.util.modeler.BaseModelMBean, description=Helper class used to initialize and populate the JNDI context associated with each context and server, group=Listener, type=org.apache.catalina.core.NamingContextListener])
2023-01-04 17:44:53.496 DEBUG 3888 --- [kground-preinit] o.apache.tomcat.util.IntrospectionUtils  : IntrospectionUtils: callMethod1 java.util.ArrayList org.apache.tomcat.util.modeler.ManagedBean java.lang.Object
2023-01-04 17:44:53.496 DEBUG 3888 --- [kground-preinit] o.apache.tomcat.util.digester.Digester   :   Fire end() for SetPropertiesRule[]
2023-01-04 17:44:53.497 DEBUG 3888 --- [kground-preinit] o.apache.tomcat.util.digester.Digester   :   Fire end() for ObjectCreateRule[className=org.apache.tomcat.util.modeler.ManagedBean, attributeName=null]
2023-01-04 17:44:53.497 DEBUG 3888 --- [kground-preinit] o.apache.tomcat.util.digester.Digester   : [ObjectCreateRule]{mbeans-descriptors/mbean} Pop org.apache.tomcat.util.modeler.ManagedBean
2023-01-04 17:44:53.497 DEBUG 3888 --- [kground-preinit] o.a.tomcat.util.digester.Digester.sax    : characters(

  )
2023-01-04 17:44:53.497 DEBUG 3888 --- [kground-preinit] o.a.tomcat.util.digester.Digester.sax    : startElement(,,mbean)
2023-01-04 17:44:53.497 DEBUG 3888 --- [kground-preinit] o.apache.tomcat.util.digester.Digester   :   New match='mbeans-descriptors/mbean'
2023-01-04 17:44:53.497 DEBUG 3888 --- [kground-preinit] o.apache.tomcat.util.digester.Digester   :   Fire begin() for ObjectCreateRule[className=org.apache.tomcat.util.modeler.ManagedBean, attributeName=null]
2023-01-04 17:44:53.497 DEBUG 3888 --- [kground-preinit] o.apache.tomcat.util.digester.Digester   : [ObjectCreateRule]{mbeans-descriptors/mbean}New org.apache.tomcat.util.modeler.ManagedBean
2023-01-04 17:44:53.497 DEBUG 3888 --- [kground-preinit] o.apache.tomcat.util.digester.Digester   :   Fire begin() for SetPropertiesRule[]
2023-01-04 17:44:53.497 DEBUG 3888 --- [kground-preinit] o.apache.tomcat.util.digester.Digester   : [SetPropertiesRule]{mbeans-descriptors/mbean} Set org.apache.tomcat.util.modeler.ManagedBean properties
2023-01-04 17:44:53.497 DEBUG 3888 --- [kground-preinit] o.apache.tomcat.util.digester.Digester   : [SetPropertiesRule]{mbeans-descriptors/mbean} Setting property 'name' to 'StandardContext'
2023-01-04 17:44:53.497 DEBUG 3888 --- [kground-preinit] o.apache.tomcat.util.IntrospectionUtils  : IntrospectionUtils: setProperty(class org.apache.tomcat.util.modeler.ManagedBean name=StandardContext)
2023-01-04 17:44:53.497 DEBUG 3888 --- [kground-preinit] o.apache.tomcat.util.digester.Digester   : [SetPropertiesRule]{mbeans-descriptors/mbean} Setting property 'description' to 'Standard Context Component'
2023-01-04 17:44:53.499 DEBUG 3888 --- [           main] o.s.b.f.s.DefaultListableBeanFactory     : Returning cached instance of singleton bean 'autoConfigurationReport'
2023-01-04 17:44:53.499 DEBUG 3888 --- [           main] o.s.c.e.PropertySourcesPropertyResolver  : Found key 'spring.jmx.enabled' in PropertySource 'configurationProperties' with value of type String
2023-01-04 17:44:53.499 DEBUG 3888 --- [           main] o.s.b.f.s.DefaultListableBeanFactory     : Returning cached instance of singleton bean 'autoConfigurationReport'
2023-01-04 17:44:53.500 DEBUG 3888 --- [           main] o.s.b.f.s.DefaultListableBeanFactory     : Returning cached instance of singleton bean 'autoConfigurationReport'
2023-01-04 17:44:53.500 DEBUG 3888 --- [           main] o.s.b.f.s.DefaultListableBeanFactory     : Returning cached instance of singleton bean 'autoConfigurationReport'
2023-01-04 17:44:53.501 DEBUG 3888 --- [           main] o.s.b.f.s.DefaultListableBeanFactory     : Returning cached instance of singleton bean 'autoConfigurationReport'
2023-01-04 17:44:53.501 DEBUG 3888 --- [kground-preinit] o.apache.tomcat.util.IntrospectionUtils  : IntrospectionUtils: setProperty(class org.apache.tomcat.util.modeler.ManagedBean description=Standard Context Component)
2023-01-04 17:44:53.502 DEBUG 3888 --- [           main] o.s.b.f.s.DefaultListableBeanFactory     : Returning cached instance of singleton bean 'autoConfigurationReport'
2023-01-04 17:44:53.502 DEBUG 3888 --- [kground-preinit] o.apache.tomcat.util.digester.Digester   : [SetPropertiesRule]{mbeans-descriptors/mbean} Setting property 'domain' to 'Catalina'
2023-01-04 17:44:53.502 DEBUG 3888 --- [kground-preinit] o.apache.tomcat.util.IntrospectionUtils  : IntrospectionUtils: setProperty(class org.apache.tomcat.util.modeler.ManagedBean domain=Catalina)
2023-01-04 17:44:53.502 DEBUG 3888 --- [kground-preinit] o.apache.tomcat.util.digester.Digester   : [SetPropertiesRule]{mbeans-descriptors/mbean} Setting property 'group' to 'Context'
2023-01-04 17:44:53.502 DEBUG 3888 --- [kground-preinit] o.apache.tomcat.util.IntrospectionUtils  : IntrospectionUtils: setProperty(class org.apache.tomcat.util.modeler.ManagedBean group=Context)
2023-01-04 17:44:53.502 DEBUG 3888 --- [kground-preinit] o.apache.tomcat.util.digester.Digester   : [SetPropertiesRule]{mbeans-descriptors/mbean} Setting property 'type' to 'org.apache.catalina.core.StandardContext'
2023-01-04 17:44:53.503 DEBUG 3888 --- [kground-preinit] o.apache.tomcat.util.IntrospectionUtils  : IntrospectionUtils: setProperty(class org.apache.tomcat.util.modeler.ManagedBean type=org.apache.catalina.core.StandardContext)
2023-01-04 17:44:53.503 DEBUG 3888 --- [kground-preinit] o.apache.tomcat.util.digester.Digester   : [SetPropertiesRule]{mbeans-descriptors/mbean} Setting property 'className' to 'org.apache.catalina.mbeans.ContextMBean'
2023-01-04 17:44:53.503 DEBUG 3888 --- [kground-preinit] o.apache.tomcat.util.IntrospectionUtils  : IntrospectionUtils: setProperty(class org.apache.tomcat.util.modeler.ManagedBean className=org.apache.catalina.mbeans.ContextMBean)
2023-01-04 17:44:53.503 DEBUG 3888 --- [           main] o.s.b.f.s.DefaultListableBeanFactory     : Returning cached instance of singleton bean 'autoConfigurationReport'
2023-01-04 17:44:53.503 DEBUG 3888 --- [kground-preinit] o.apache.tomcat.util.digester.Digester   :   Fire begin() for SetNextRule[methodName=add, paramType=java.lang.Object]
2023-01-04 17:44:53.504 DEBUG 3888 --- [           main] o.s.b.f.s.DefaultListableBeanFactory     : Returning cached instance of singleton bean 'autoConfigurationReport'
2023-01-04 17:44:53.505 DEBUG 3888 --- [kground-preinit] o.a.tomcat.util.digester.Digester.sax    : characters(

    )
2023-01-04 17:44:53.505 DEBUG 3888 --- [kground-preinit] o.a.tomcat.util.digester.Digester.sax    : startElement(,,attribute)
2023-01-04 17:44:53.505 DEBUG 3888 --- [           main] o.s.b.f.s.DefaultListableBeanFactory     : Returning cached instance of singleton bean 'autoConfigurationReport'
2023-01-04 17:44:53.505 DEBUG 3888 --- [kground-preinit] o.apache.tomcat.util.digester.Digester   :   New match='mbeans-descriptors/mbean/attribute'
2023-01-04 17:44:53.505 DEBUG 3888 --- [kground-preinit] o.apache.tomcat.util.digester.Digester   :   Fire begin() for ObjectCreateRule[className=org.apache.tomcat.util.modeler.AttributeInfo, attributeName=null]
2023-01-04 17:44:53.506 DEBUG 3888 --- [kground-preinit] o.apache.tomcat.util.digester.Digester   : [ObjectCreateRule]{mbeans-descriptors/mbean/attribute}New org.apache.tomcat.util.modeler.AttributeInfo
2023-01-04 17:44:53.506 DEBUG 3888 --- [kground-preinit] o.apache.tomcat.util.digester.Digester   :   Fire begin() for SetPropertiesRule[]
2023-01-04 17:44:53.506 DEBUG 3888 --- [kground-preinit] o.apache.tomcat.util.digester.Digester   : [SetPropertiesRule]{mbeans-descriptors/mbean/attribute} Set org.apache.tomcat.util.modeler.AttributeInfo properties
2023-01-04 17:44:53.507 DEBUG 3888 --- [kground-preinit] o.apache.tomcat.util.digester.Digester   : [SetPropertiesRule]{mbeans-descriptors/mbean/attribute} Setting property 'name' to 'altDDName'
2023-01-04 17:44:53.507 DEBUG 3888 --- [kground-preinit] o.apache.tomcat.util.IntrospectionUtils  : IntrospectionUtils: setProperty(class org.apache.tomcat.util.modeler.AttributeInfo name=altDDName)
2023-01-04 17:44:53.508 DEBUG 3888 --- [kground-preinit] o.apache.tomcat.util.digester.Digester   : [SetPropertiesRule]{mbeans-descriptors/mbean/attribute} Setting property 'description' to 'The alternate deployment descriptor name.'
2023-01-04 17:44:53.508 DEBUG 3888 --- [kground-preinit] o.apache.tomcat.util.IntrospectionUtils  : IntrospectionUtils: setProperty(class org.apache.tomcat.util.modeler.AttributeInfo description=The alternate deployment descriptor name.)
2023-01-04 17:44:53.509 DEBUG 3888 --- [kground-preinit] o.apache.tomcat.util.digester.Digester   : [SetPropertiesRule]{mbeans-descriptors/mbean/attribute} Setting property 'type' to 'java.lang.String'
2023-01-04 17:44:53.509 DEBUG 3888 --- [kground-preinit] o.apache.tomcat.util.IntrospectionUtils  : IntrospectionUtils: setProperty(class org.apache.tomcat.util.modeler.AttributeInfo type=java.lang.String)
2023-01-04 17:44:53.509 DEBUG 3888 --- [kground-preinit] o.apache.tomcat.util.digester.Digester   :   Fire begin() for SetNextRule[methodName=addAttribute, paramType=org.apache.tomcat.util.modeler.AttributeInfo]
2023-01-04 17:44:53.510 DEBUG 3888 --- [kground-preinit] o.a.tomcat.util.digester.Digester.sax    : endElement(,,attribute)
2023-01-04 17:44:53.511 DEBUG 3888 --- [kground-preinit] o.apache.tomcat.util.digester.Digester   :   match='mbeans-descriptors/mbean/attribute'
2023-01-04 17:44:53.511 DEBUG 3888 --- [kground-preinit] o.apache.tomcat.util.digester.Digester   :   bodyText=''
2023-01-04 17:44:53.512 DEBUG 3888 --- [kground-preinit] o.apache.tomcat.util.digester.Digester   :   Fire body() for ObjectCreateRule[className=org.apache.tomcat.util.modeler.AttributeInfo, attributeName=null]
2023-01-04 17:44:53.513 DEBUG 3888 --- [kground-preinit] o.apache.tomcat.util.digester.Digester   :   Fire body() for SetPropertiesRule[]
2023-01-04 17:44:53.513 DEBUG 3888 --- [kground-preinit] o.apache.tomcat.util.digester.Digester   :   Fire body() for SetNextRule[methodName=addAttribute, paramType=org.apache.tomcat.util.modeler.AttributeInfo]
2023-01-04 17:44:53.513 DEBUG 3888 --- [kground-preinit] o.apache.tomcat.util.digester.Digester   :   Fire end() for SetNextRule[methodName=addAttribute, paramType=org.apache.tomcat.util.modeler.AttributeInfo]
2023-01-04 17:44:53.513 DEBUG 3888 --- [kground-preinit] o.apache.tomcat.util.digester.Digester   : [SetNextRule]{mbeans-descriptors/mbean/attribute} Call org.apache.tomcat.util.modeler.ManagedBean.addAttribute(org.apache.tomcat.util.modeler.AttributeInfo@729af77f)
2023-01-04 17:44:53.513 DEBUG 3888 --- [kground-preinit] o.apache.tomcat.util.IntrospectionUtils  : IntrospectionUtils: callMethod1 org.apache.tomcat.util.modeler.ManagedBean org.apache.tomcat.util.modeler.AttributeInfo org.apache.tomcat.util.modeler.AttributeInfo
2023-01-04 17:44:53.513 DEBUG 3888 --- [kground-preinit] o.apache.tomcat.util.digester.Digester   :   Fire end() for SetPropertiesRule[]
2023-01-04 17:44:53.513 DEBUG 3888 --- [kground-preinit] o.apache.tomcat.util.digester.Digester   :   Fire end() for ObjectCreateRule[className=org.apache.tomcat.util.modeler.AttributeInfo, attributeName=null]
2023-01-04 17:44:53.513 DEBUG 3888 --- [kground-preinit] o.apache.tomcat.util.digester.Digester   : [ObjectCreateRule]{mbeans-descriptors/mbean/attribute} Pop org.apache.tomcat.util.modeler.AttributeInfo
2023-01-04 17:44:53.513 DEBUG 3888 --- [kground-preinit] o.a.tomcat.util.digester.Digester.sax    : characters(

    )
2023-01-04 17:44:53.513 DEBUG 3888 --- [kground-preinit] o.a.tomcat.util.digester.Digester.sax    : startElement(,,attribute)
2023-01-04 17:44:53.513 DEBUG 3888 --- [kground-preinit] o.apache.tomcat.util.digester.Digester   :   New match='mbeans-descriptors/mbean/attribute'
2023-01-04 17:44:53.513 DEBUG 3888 --- [kground-preinit] o.apache.tomcat.util.digester.Digester   :   Fire begin() for ObjectCreateRule[className=org.apache.tomcat.util.modeler.AttributeInfo, attributeName=null]
2023-01-04 17:44:53.514 DEBUG 3888 --- [kground-preinit] o.apache.tomcat.util.digester.Digester   : [ObjectCreateRule]{mbeans-descriptors/mbean/attribute}New org.apache.tomcat.util.modeler.AttributeInfo
2023-01-04 17:44:53.514 DEBUG 3888 --- [kground-preinit] o.apache.tomcat.util.digester.Digester   :   Fire begin() for SetPropertiesRule[]
2023-01-04 17:44:53.514 DEBUG 3888 --- [kground-preinit] o.apache.tomcat.util.digester.Digester   : [SetPropertiesRule]{mbeans-descriptors/mbean/attribute} Set org.apache.tomcat.util.modeler.AttributeInfo properties
2023-01-04 17:44:53.514 DEBUG 3888 --- [kground-preinit] o.apache.tomcat.util.digester.Digester   : [SetPropertiesRule]{mbeans-descriptors/mbean/attribute} Setting property 'name' to 'antiResourceLocking'
2023-01-04 17:44:53.514 DEBUG 3888 --- [kground-preinit] o.apache.tomcat.util.IntrospectionUtils  : IntrospectionUtils: setProperty(class org.apache.tomcat.util.modeler.AttributeInfo name=antiResourceLocking)
2023-01-04 17:44:53.514 DEBUG 3888 --- [kground-preinit] o.apache.tomcat.util.digester.Digester   : [SetPropertiesRule]{mbeans-descriptors/mbean/attribute} Setting property 'description' to 'Take care to not lock resources'
2023-01-04 17:44:53.514 DEBUG 3888 --- [kground-preinit] o.apache.tomcat.util.IntrospectionUtils  : IntrospectionUtils: setProperty(class org.apache.tomcat.util.modeler.AttributeInfo description=Take care to not lock resources)
2023-01-04 17:44:53.514 DEBUG 3888 --- [kground-preinit] o.apache.tomcat.util.digester.Digester   : [SetPropertiesRule]{mbeans-descriptors/mbean/attribute} Setting property 'type' to 'boolean'
2023-01-04 17:44:53.514 DEBUG 3888 --- [kground-preinit] o.apache.tomcat.util.IntrospectionUtils  : IntrospectionUtils: setProperty(class org.apache.tomcat.util.modeler.AttributeInfo type=boolean)
2023-01-04 17:44:53.514 DEBUG 3888 --- [kground-preinit] o.apache.tomcat.util.digester.Digester   :   Fire begin() for SetNextRule[methodName=addAttribute, paramType=org.apache.tomcat.util.modeler.AttributeInfo]
2023-01-04 17:44:53.514 DEBUG 3888 --- [kground-preinit] o.a.tomcat.util.digester.Digester.sax    : endElement(,,attribute)
2023-01-04 17:44:53.514 DEBUG 3888 --- [kground-preinit] o.apache.tomcat.util.digester.Digester   :   match='mbeans-descriptors/mbean/attribute'
2023-01-04 17:44:53.514 DEBUG 3888 --- [kground-preinit] o.apache.tomcat.util.digester.Digester   :   bodyText=''
2023-01-04 17:44:53.514 DEBUG 3888 --- [kground-preinit] o.apache.tomcat.util.digester.Digester   :   Fire body() for ObjectCreateRule[className=org.apache.tomcat.util.modeler.AttributeInfo, attributeName=null]
2023-01-04 17:44:53.515 DEBUG 3888 --- [kground-preinit] o.apache.tomcat.util.digester.Digester   :   Fire body() for SetPropertiesRule[]
2023-01-04 17:44:53.515 DEBUG 3888 --- [kground-preinit] o.apache.tomcat.util.digester.Digester   :   Fire body() for SetNextRule[methodName=addAttribute, paramType=org.apache.tomcat.util.modeler.AttributeInfo]
2023-01-04 17:44:53.515 DEBUG 3888 --- [kground-preinit] o.apache.tomcat.util.digester.Digester   :   Fire end() for SetNextRule[methodName=addAttribute, paramType=org.apache.tomcat.util.modeler.AttributeInfo]
2023-01-04 17:44:53.515 DEBUG 3888 --- [kground-preinit] o.apache.tomcat.util.digester.Digester   : [SetNextRule]{mbeans-descriptors/mbean/attribute} Call org.apache.tomcat.util.modeler.ManagedBean.addAttribute(org.apache.tomcat.util.modeler.AttributeInfo@7dcc0ce7)
2023-01-04 17:44:53.515 DEBUG 3888 --- [kground-preinit] o.apache.tomcat.util.IntrospectionUtils  : IntrospectionUtils: callMethod1 org.apache.tomcat.util.modeler.ManagedBean org.apache.tomcat.util.modeler.AttributeInfo org.apache.tomcat.util.modeler.AttributeInfo
2023-01-04 17:44:53.515 DEBUG 3888 --- [kground-preinit] o.apache.tomcat.util.digester.Digester   :   Fire end() for SetPropertiesRule[]
2023-01-04 17:44:53.515 DEBUG 3888 --- [kground-preinit] o.apache.tomcat.util.digester.Digester   :   Fire end() for ObjectCreateRule[className=org.apache.tomcat.util.modeler.AttributeInfo, attributeName=null]
2023-01-04 17:44:53.515 DEBUG 3888 --- [kground-preinit] o.apache.tomcat.util.digester.Digester   : [ObjectCreateRule]{mbeans-descriptors/mbean/attribute} Pop org.apache.tomcat.util.modeler.AttributeInfo
2023-01-04 17:44:53.515 DEBUG 3888 --- [kground-preinit] o.a.tomcat.util.digester.Digester.sax    : characters(

    )
2023-01-04 17:44:53.515 DEBUG 3888 --- [kground-preinit] o.a.tomcat.util.digester.Digester.sax    : startElement(,,attribute)
2023-01-04 17:44:53.515 DEBUG 3888 --- [kground-preinit] o.apache.tomcat.util.digester.Digester   :   New match='mbeans-descriptors/mbean/attribute'
2023-01-04 17:44:53.515 DEBUG 3888 --- [kground-preinit] o.apache.tomcat.util.digester.Digester   :   Fire begin() for ObjectCreateRule[className=org.apache.tomcat.util.modeler.AttributeInfo, attributeName=null]
2023-01-04 17:44:53.515 DEBUG 3888 --- [kground-preinit] o.apache.tomcat.util.digester.Digester   : [ObjectCreateRule]{mbeans-descriptors/mbean/attribute}New org.apache.tomcat.util.modeler.AttributeInfo
2023-01-04 17:44:53.515 DEBUG 3888 --- [kground-preinit] o.apache.tomcat.util.digester.Digester   :   Fire begin() for SetPropertiesRule[]
2023-01-04 17:44:53.515 DEBUG 3888 --- [kground-preinit] o.apache.tomcat.util.digester.Digester   : [SetPropertiesRule]{mbeans-descriptors/mbean/attribute} Set org.apache.tomcat.util.modeler.AttributeInfo properties
2023-01-04 17:44:53.515 DEBUG 3888 --- [kground-preinit] o.apache.tomcat.util.digester.Digester   : [SetPropertiesRule]{mbeans-descriptors/mbean/attribute} Setting property 'name' to 'baseName'
2023-01-04 17:44:53.516 DEBUG 3888 --- [kground-preinit] o.apache.tomcat.util.IntrospectionUtils  : IntrospectionUtils: setProperty(class org.apache.tomcat.util.modeler.AttributeInfo name=baseName)
2023-01-04 17:44:53.516 DEBUG 3888 --- [kground-preinit] o.apache.tomcat.util.digester.Digester   : [SetPropertiesRule]{mbeans-descriptors/mbean/attribute} Setting property 'description' to 'The base name used for directories, WAR files (with .war appended) and context.xml files (with .xml appended).'
2023-01-04 17:44:53.516 DEBUG 3888 --- [kground-preinit] o.apache.tomcat.util.IntrospectionUtils  : IntrospectionUtils: setProperty(class org.apache.tomcat.util.modeler.AttributeInfo description=The base name used for directories, WAR files (with .war appended) and context.xml files (with .xml appended).)
2023-01-04 17:44:53.516 DEBUG 3888 --- [kground-preinit] o.apache.tomcat.util.digester.Digester   : [SetPropertiesRule]{mbeans-descriptors/mbean/attribute} Setting property 'type' to 'java.lang.String'
2023-01-04 17:44:53.516 DEBUG 3888 --- [kground-preinit] o.apache.tomcat.util.IntrospectionUtils  : IntrospectionUtils: setProperty(class org.apache.tomcat.util.modeler.AttributeInfo type=java.lang.String)
2023-01-04 17:44:53.516 DEBUG 3888 --- [kground-preinit] o.apache.tomcat.util.digester.Digester   : [SetPropertiesRule]{mbeans-descriptors/mbean/attribute} Setting property 'writeable' to 'false'
2023-01-04 17:44:53.517 DEBUG 3888 --- [kground-preinit] o.apache.tomcat.util.IntrospectionUtils  : IntrospectionUtils: setProperty(class org.apache.tomcat.util.modeler.AttributeInfo writeable=false)
2023-01-04 17:44:53.517 DEBUG 3888 --- [kground-preinit] o.apache.tomcat.util.digester.Digester   :   Fire begin() for SetNextRule[methodName=addAttribute, paramType=org.apache.tomcat.util.modeler.AttributeInfo]
2023-01-04 17:44:53.517 DEBUG 3888 --- [kground-preinit] o.a.tomcat.util.digester.Digester.sax    : endElement(,,attribute)
2023-01-04 17:44:53.517 DEBUG 3888 --- [kground-preinit] o.apache.tomcat.util.digester.Digester   :   match='mbeans-descriptors/mbean/attribute'
2023-01-04 17:44:53.517 DEBUG 3888 --- [kground-preinit] o.apache.tomcat.util.digester.Digester   :   bodyText=''
2023-01-04 17:44:53.517 DEBUG 3888 --- [kground-preinit] o.apache.tomcat.util.digester.Digester   :   Fire body() for ObjectCreateRule[className=org.apache.tomcat.util.modeler.AttributeInfo, attributeName=null]
2023-01-04 17:44:53.517 DEBUG 3888 --- [kground-preinit] o.apache.tomcat.util.digester.Digester   :   Fire body() for SetPropertiesRule[]
2023-01-04 17:44:53.517 DEBUG 3888 --- [kground-preinit] o.apache.tomcat.util.digester.Digester   :   Fire body() for SetNextRule[methodName=addAttribute, paramType=org.apache.tomcat.util.modeler.AttributeInfo]
2023-01-04 17:44:53.517 DEBUG 3888 --- [kground-preinit] o.apache.tomcat.util.digester.Digester   :   Fire end() for SetNextRule[methodName=addAttribute, paramType=org.apache.tomcat.util.modeler.AttributeInfo]
2023-01-04 17:44:53.517 DEBUG 3888 --- [kground-preinit] o.apache.tomcat.util.digester.Digester   : [SetNextRule]{mbeans-descriptors/mbean/attribute} Call org.apache.tomcat.util.modeler.ManagedBean.addAttribute(org.apache.tomcat.util.modeler.AttributeInfo@a226460)
2023-01-04 17:44:53.517 DEBUG 3888 --- [kground-preinit] o.apache.tomcat.util.IntrospectionUtils  : IntrospectionUtils: callMethod1 org.apache.tomcat.util.modeler.ManagedBean org.apache.tomcat.util.modeler.AttributeInfo org.apache.tomcat.util.modeler.AttributeInfo
2023-01-04 17:44:53.518 DEBUG 3888 --- [kground-preinit] o.apache.tomcat.util.digester.Digester   :   Fire end() for SetPropertiesRule[]
2023-01-04 17:44:53.518 DEBUG 3888 --- [kground-preinit] o.apache.tomcat.util.digester.Digester   :   Fire end() for ObjectCreateRule[className=org.apache.tomcat.util.modeler.AttributeInfo, attributeName=null]
2023-01-04 17:44:53.518 DEBUG 3888 --- [kground-preinit] o.apache.tomcat.util.digester.Digester   : [ObjectCreateRule]{mbeans-descriptors/mbean/attribute} Pop org.apache.tomcat.util.modeler.AttributeInfo
2023-01-04 17:44:53.518 DEBUG 3888 --- [kground-preinit] o.a.tomcat.util.digester.Digester.sax    : characters(

    )
2023-01-04 17:44:53.518 DEBUG 3888 --- [kground-preinit] o.a.tomcat.util.digester.Digester.sax    : startElement(,,attribute)
2023-01-04 17:44:53.518 DEBUG 3888 --- [kground-preinit] o.apache.tomcat.util.digester.Digester   :   New match='mbeans-descriptors/mbean/attribute'
2023-01-04 17:44:53.518 DEBUG 3888 --- [kground-preinit] o.apache.tomcat.util.digester.Digester   :   Fire begin() for ObjectCreateRule[className=org.apache.tomcat.util.modeler.AttributeInfo, attributeName=null]
2023-01-04 17:44:53.518 DEBUG 3888 --- [kground-preinit] o.apache.tomcat.util.digester.Digester   : [ObjectCreateRule]{mbeans-descriptors/mbean/attribute}New org.apache.tomcat.util.modeler.AttributeInfo
2023-01-04 17:44:53.518 DEBUG 3888 --- [kground-preinit] o.apache.tomcat.util.digester.Digester   :   Fire begin() for SetPropertiesRule[]
2023-01-04 17:44:53.518 DEBUG 3888 --- [kground-preinit] o.apache.tomcat.util.digester.Digester   : [SetPropertiesRule]{mbeans-descriptors/mbean/attribute} Set org.apache.tomcat.util.modeler.AttributeInfo properties
2023-01-04 17:44:53.518 DEBUG 3888 --- [kground-preinit] o.apache.tomcat.util.digester.Digester   : [SetPropertiesRule]{mbeans-descriptors/mbean/attribute} Setting property 'name' to 'children'
2023-01-04 17:44:53.518 DEBUG 3888 --- [kground-preinit] o.apache.tomcat.util.IntrospectionUtils  : IntrospectionUtils: setProperty(class org.apache.tomcat.util.modeler.AttributeInfo name=children)
2023-01-04 17:44:53.518 DEBUG 3888 --- [kground-preinit] o.apache.tomcat.util.digester.Digester   : [SetPropertiesRule]{mbeans-descriptors/mbean/attribute} Setting property 'description' to 'Object names of all children'
2023-01-04 17:44:53.519 DEBUG 3888 --- [kground-preinit] o.apache.tomcat.util.IntrospectionUtils  : IntrospectionUtils: setProperty(class org.apache.tomcat.util.modeler.AttributeInfo description=Object names of all children)
2023-01-04 17:44:53.519 DEBUG 3888 --- [kground-preinit] o.apache.tomcat.util.digester.Digester   : [SetPropertiesRule]{mbeans-descriptors/mbean/attribute} Setting property 'type' to '[Ljavax.management.ObjectName;'
2023-01-04 17:44:53.519 DEBUG 3888 --- [kground-preinit] o.apache.tomcat.util.IntrospectionUtils  : IntrospectionUtils: setProperty(class org.apache.tomcat.util.modeler.AttributeInfo type=[Ljavax.management.ObjectName;)
2023-01-04 17:44:53.519 DEBUG 3888 --- [kground-preinit] o.apache.tomcat.util.digester.Digester   :   Fire begin() for SetNextRule[methodName=addAttribute, paramType=org.apache.tomcat.util.modeler.AttributeInfo]
2023-01-04 17:44:53.519 DEBUG 3888 --- [kground-preinit] o.a.tomcat.util.digester.Digester.sax    : endElement(,,attribute)
2023-01-04 17:44:53.519 DEBUG 3888 --- [kground-preinit] o.apache.tomcat.util.digester.Digester   :   match='mbeans-descriptors/mbean/attribute'
2023-01-04 17:44:53.519 DEBUG 3888 --- [kground-preinit] o.apache.tomcat.util.digester.Digester   :   bodyText=''
2023-01-04 17:44:53.519 DEBUG 3888 --- [kground-preinit] o.apache.tomcat.util.digester.Digester   :   Fire body() for ObjectCreateRule[className=org.apache.tomcat.util.modeler.AttributeInfo, attributeName=null]
2023-01-04 17:44:53.519 DEBUG 3888 --- [kground-preinit] o.apache.tomcat.util.digester.Digester   :   Fire body() for SetPropertiesRule[]
2023-01-04 17:44:53.519 DEBUG 3888 --- [kground-preinit] o.apache.tomcat.util.digester.Digester   :   Fire body() for SetNextRule[methodName=addAttribute, paramType=org.apache.tomcat.util.modeler.AttributeInfo]
2023-01-04 17:44:53.519 DEBUG 3888 --- [kground-preinit] o.apache.tomcat.util.digester.Digester   :   Fire end() for SetNextRule[methodName=addAttribute, paramType=org.apache.tomcat.util.modeler.AttributeInfo]
2023-01-04 17:44:53.519 DEBUG 3888 --- [kground-preinit] o.apache.tomcat.util.digester.Digester   : [SetNextRule]{mbeans-descriptors/mbean/attribute} Call org.apache.tomcat.util.modeler.ManagedBean.addAttribute(org.apache.tomcat.util.modeler.AttributeInfo@3d197295)
2023-01-04 17:44:53.520 DEBUG 3888 --- [kground-preinit] o.apache.tomcat.util.IntrospectionUtils  : IntrospectionUtils: callMethod1 org.apache.tomcat.util.modeler.ManagedBean org.apache.tomcat.util.modeler.AttributeInfo org.apache.tomcat.util.modeler.AttributeInfo
2023-01-04 17:44:53.520 DEBUG 3888 --- [kground-preinit] o.apache.tomcat.util.digester.Digester   :   Fire end() for SetPropertiesRule[]
2023-01-04 17:44:53.520 DEBUG 3888 --- [kground-preinit] o.apache.tomcat.util.digester.Digester   :   Fire end() for ObjectCreateRule[className=org.apache.tomcat.util.modeler.AttributeInfo, attributeName=null]
2023-01-04 17:44:53.520 DEBUG 3888 --- [kground-preinit] o.apache.tomcat.util.digester.Digester   : [ObjectCreateRule]{mbeans-descriptors/mbean/attribute} Pop org.apache.tomcat.util.modeler.AttributeInfo
2023-01-04 17:44:53.520 DEBUG 3888 --- [kground-preinit] o.a.tomcat.util.digester.Digester.sax    : characters(

    )
2023-01-04 17:44:53.520 DEBUG 3888 --- [kground-preinit] o.a.tomcat.util.digester.Digester.sax    : startElement(,,attribute)
2023-01-04 17:44:53.520 DEBUG 3888 --- [kground-preinit] o.apache.tomcat.util.digester.Digester   :   New match='mbeans-descriptors/mbean/attribute'
2023-01-04 17:44:53.520 DEBUG 3888 --- [kground-preinit] o.apache.tomcat.util.digester.Digester   :   Fire begin() for ObjectCreateRule[className=org.apache.tomcat.util.modeler.AttributeInfo, attributeName=null]
2023-01-04 17:44:53.520 DEBUG 3888 --- [kground-preinit] o.apache.tomcat.util.digester.Digester   : [ObjectCreateRule]{mbeans-descriptors/mbean/attribute}New org.apache.tomcat.util.modeler.AttributeInfo
2023-01-04 17:44:53.520 DEBUG 3888 --- [kground-preinit] o.apache.tomcat.util.digester.Digester   :   Fire begin() for SetPropertiesRule[]
2023-01-04 17:44:53.520 DEBUG 3888 --- [kground-preinit] o.apache.tomcat.util.digester.Digester   : [SetPropertiesRule]{mbeans-descriptors/mbean/attribute} Set org.apache.tomcat.util.modeler.AttributeInfo properties
2023-01-04 17:44:53.520 DEBUG 3888 --- [kground-preinit] o.apache.tomcat.util.digester.Digester   : [SetPropertiesRule]{mbeans-descriptors/mbean/attribute} Setting property 'name' to 'clearReferencesRmiTargets'
2023-01-04 17:44:53.520 DEBUG 3888 --- [kground-preinit] o.apache.tomcat.util.IntrospectionUtils  : IntrospectionUtils: setProperty(class org.apache.tomcat.util.modeler.AttributeInfo name=clearReferencesRmiTargets)
2023-01-04 17:44:53.521 DEBUG 3888 --- [kground-preinit] o.apache.tomcat.util.digester.Digester   : [SetPropertiesRule]{mbeans-descriptors/mbean/attribute} Setting property 'description' to 'Should Tomcat look for memory leaks in RMI Targets and clear them if found as a work around for application coding errors?'
2023-01-04 17:44:53.521 DEBUG 3888 --- [kground-preinit] o.apache.tomcat.util.IntrospectionUtils  : IntrospectionUtils: setProperty(class org.apache.tomcat.util.modeler.AttributeInfo description=Should Tomcat look for memory leaks in RMI Targets and clear them if found as a work around for application coding errors?)
2023-01-04 17:44:53.521 DEBUG 3888 --- [kground-preinit] o.apache.tomcat.util.digester.Digester   : [SetPropertiesRule]{mbeans-descriptors/mbean/attribute} Setting property 'type' to 'boolean'
2023-01-04 17:44:53.521 DEBUG 3888 --- [kground-preinit] o.apache.tomcat.util.IntrospectionUtils  : IntrospectionUtils: setProperty(class org.apache.tomcat.util.modeler.AttributeInfo type=boolean)
2023-01-04 17:44:53.521 DEBUG 3888 --- [kground-preinit] o.apache.tomcat.util.digester.Digester   :   Fire begin() for SetNextRule[methodName=addAttribute, paramType=org.apache.tomcat.util.modeler.AttributeInfo]
2023-01-04 17:44:53.521 DEBUG 3888 --- [kground-preinit] o.a.tomcat.util.digester.Digester.sax    : endElement(,,attribute)
2023-01-04 17:44:53.521 DEBUG 3888 --- [kground-preinit] o.apache.tomcat.util.digester.Digester   :   match='mbeans-descriptors/mbean/attribute'
2023-01-04 17:44:53.521 DEBUG 3888 --- [kground-preinit] o.apache.tomcat.util.digester.Digester   :   bodyText=''
2023-01-04 17:44:53.521 DEBUG 3888 --- [kground-preinit] o.apache.tomcat.util.digester.Digester   :   Fire body() for ObjectCreateRule[className=org.apache.tomcat.util.modeler.AttributeInfo, attributeName=null]
2023-01-04 17:44:53.521 DEBUG 3888 --- [kground-preinit] o.apache.tomcat.util.digester.Digester   :   Fire body() for SetPropertiesRule[]
2023-01-04 17:44:53.521 DEBUG 3888 --- [kground-preinit] o.apache.tomcat.util.digester.Digester   :   Fire body() for SetNextRule[methodName=addAttribute, paramType=org.apache.tomcat.util.modeler.AttributeInfo]
2023-01-04 17:44:53.522 DEBUG 3888 --- [kground-preinit] o.apache.tomcat.util.digester.Digester   :   Fire end() for SetNextRule[methodName=addAttribute, paramType=org.apache.tomcat.util.modeler.AttributeInfo]
2023-01-04 17:44:53.522 DEBUG 3888 --- [kground-preinit] o.apache.tomcat.util.digester.Digester   : [SetNextRule]{mbeans-descriptors/mbean/attribute} Call org.apache.tomcat.util.modeler.ManagedBean.addAttribute(org.apache.tomcat.util.modeler.AttributeInfo@189d4b46)
2023-01-04 17:44:53.522 DEBUG 3888 --- [kground-preinit] o.apache.tomcat.util.IntrospectionUtils  : IntrospectionUtils: callMethod1 org.apache.tomcat.util.modeler.ManagedBean org.apache.tomcat.util.modeler.AttributeInfo org.apache.tomcat.util.modeler.AttributeInfo
2023-01-04 17:44:53.522 DEBUG 3888 --- [kground-preinit] o.apache.tomcat.util.digester.Digester   :   Fire end() for SetPropertiesRule[]
2023-01-04 17:44:53.522 DEBUG 3888 --- [kground-preinit] o.apache.tomcat.util.digester.Digester   :   Fire end() for ObjectCreateRule[className=org.apache.tomcat.util.modeler.AttributeInfo, attributeName=null]
2023-01-04 17:44:53.522 DEBUG 3888 --- [kground-preinit] o.apache.tomcat.util.digester.Digester   : [ObjectCreateRule]{mbeans-descriptors/mbean/attribute} Pop org.apache.tomcat.util.modeler.AttributeInfo
2023-01-04 17:44:53.522 DEBUG 3888 --- [kground-preinit] o.a.tomcat.util.digester.Digester.sax    : characters(

    )
2023-01-04 17:44:53.522 DEBUG 3888 --- [kground-preinit] o.a.tomcat.util.digester.Digester.sax    : startElement(,,attribute)
2023-01-04 17:44:53.522 DEBUG 3888 --- [kground-preinit] o.apache.tomcat.util.digester.Digester   :   New match='mbeans-descriptors/mbean/attribute'
2023-01-04 17:44:53.523 DEBUG 3888 --- [kground-preinit] o.apache.tomcat.util.digester.Digester   :   Fire begin() for ObjectCreateRule[className=org.apache.tomcat.util.modeler.AttributeInfo, attributeName=null]
2023-01-04 17:44:53.523 DEBUG 3888 --- [kground-preinit] o.apache.tomcat.util.digester.Digester   : [ObjectCreateRule]{mbeans-descriptors/mbean/attribute}New org.apache.tomcat.util.modeler.AttributeInfo
2023-01-04 17:44:53.524 DEBUG 3888 --- [kground-preinit] o.apache.tomcat.util.digester.Digester   :   Fire begin() for SetPropertiesRule[]
2023-01-04 17:44:53.523 DEBUG 3888 --- [           main] o.s.b.f.s.DefaultListableBeanFactory     : Returning cached instance of singleton bean 'autoConfigurationReport'
2023-01-04 17:44:53.524 DEBUG 3888 --- [kground-preinit] o.apache.tomcat.util.digester.Digester   : [SetPropertiesRule]{mbeans-descriptors/mbean/attribute} Set org.apache.tomcat.util.modeler.AttributeInfo properties
2023-01-04 17:44:53.524 DEBUG 3888 --- [kground-preinit] o.apache.tomcat.util.digester.Digester   : [SetPropertiesRule]{mbeans-descriptors/mbean/attribute} Setting property 'name' to 'clearReferencesStopThreads'
2023-01-04 17:44:53.524 DEBUG 3888 --- [kground-preinit] o.apache.tomcat.util.IntrospectionUtils  : IntrospectionUtils: setProperty(class org.apache.tomcat.util.modeler.AttributeInfo name=clearReferencesStopThreads)
2023-01-04 17:44:53.524 DEBUG 3888 --- [kground-preinit] o.apache.tomcat.util.digester.Digester   : [SetPropertiesRule]{mbeans-descriptors/mbean/attribute} Setting property 'description' to 'Should Tomcat attempt to terminate threads that have been started by the web application? Advisable to be used only in a development environment.'
2023-01-04 17:44:53.524 DEBUG 3888 --- [kground-preinit] o.apache.tomcat.util.IntrospectionUtils  : IntrospectionUtils: setProperty(class org.apache.tomcat.util.modeler.AttributeInfo description=Should Tomcat attempt to terminate threads that have been started by the web application? Advisable to be used only in a development environment.)
2023-01-04 17:44:53.524 DEBUG 3888 --- [kground-preinit] o.apache.tomcat.util.digester.Digester   : [SetPropertiesRule]{mbeans-descriptors/mbean/attribute} Setting property 'type' to 'boolean'
2023-01-04 17:44:53.524 DEBUG 3888 --- [kground-preinit] o.apache.tomcat.util.IntrospectionUtils  : IntrospectionUtils: setProperty(class org.apache.tomcat.util.modeler.AttributeInfo type=boolean)
2023-01-04 17:44:53.525 DEBUG 3888 --- [kground-preinit] o.apache.tomcat.util.digester.Digester   :   Fire begin() for SetNextRule[methodName=addAttribute, paramType=org.apache.tomcat.util.modeler.AttributeInfo]
2023-01-04 17:44:53.525 DEBUG 3888 --- [kground-preinit] o.a.tomcat.util.digester.Digester.sax    : endElement(,,attribute)
2023-01-04 17:44:53.525 DEBUG 3888 --- [kground-preinit] o.apache.tomcat.util.digester.Digester   :   match='mbeans-descriptors/mbean/attribute'
2023-01-04 17:44:53.525 DEBUG 3888 --- [kground-preinit] o.apache.tomcat.util.digester.Digester   :   bodyText=''
2023-01-04 17:44:53.525 DEBUG 3888 --- [kground-preinit] o.apache.tomcat.util.digester.Digester   :   Fire body() for ObjectCreateRule[className=org.apache.tomcat.util.modeler.AttributeInfo, attributeName=null]
2023-01-04 17:44:53.525 DEBUG 3888 --- [kground-preinit] o.apache.tomcat.util.digester.Digester   :   Fire body() for SetPropertiesRule[]
2023-01-04 17:44:53.525 DEBUG 3888 --- [kground-preinit] o.apache.tomcat.util.digester.Digester   :   Fire body() for SetNextRule[methodName=addAttribute, paramType=org.apache.tomcat.util.modeler.AttributeInfo]
2023-01-04 17:44:53.525 DEBUG 3888 --- [kground-preinit] o.apache.tomcat.util.digester.Digester   :   Fire end() for SetNextRule[methodName=addAttribute, paramType=org.apache.tomcat.util.modeler.AttributeInfo]
2023-01-04 17:44:53.525 DEBUG 3888 --- [kground-preinit] o.apache.tomcat.util.digester.Digester   : [SetNextRule]{mbeans-descriptors/mbean/attribute} Call org.apache.tomcat.util.modeler.ManagedBean.addAttribute(org.apache.tomcat.util.modeler.AttributeInfo@52bd786)
2023-01-04 17:44:53.525 DEBUG 3888 --- [kground-preinit] o.apache.tomcat.util.IntrospectionUtils  : IntrospectionUtils: callMethod1 org.apache.tomcat.util.modeler.ManagedBean org.apache.tomcat.util.modeler.AttributeInfo org.apache.tomcat.util.modeler.AttributeInfo
2023-01-04 17:44:53.525 DEBUG 3888 --- [kground-preinit] o.apache.tomcat.util.digester.Digester   :   Fire end() for SetPropertiesRule[]
2023-01-04 17:44:53.525 DEBUG 3888 --- [kground-preinit] o.apache.tomcat.util.digester.Digester   :   Fire end() for ObjectCreateRule[className=org.apache.tomcat.util.modeler.AttributeInfo, attributeName=null]
2023-01-04 17:44:53.525 DEBUG 3888 --- [           main] o.s.b.f.s.DefaultListableBeanFactory     : Returning cached instance of singleton bean 'autoConfigurationReport'
2023-01-04 17:44:53.525 DEBUG 3888 --- [kground-preinit] o.apache.tomcat.util.digester.Digester   : [ObjectCreateRule]{mbeans-descriptors/mbean/attribute} Pop org.apache.tomcat.util.modeler.AttributeInfo
2023-01-04 17:44:53.525 DEBUG 3888 --- [kground-preinit] o.a.tomcat.util.digester.Digester.sax    : characters(

    )
2023-01-04 17:44:53.525 DEBUG 3888 --- [kground-preinit] o.a.tomcat.util.digester.Digester.sax    : startElement(,,attribute)
2023-01-04 17:44:53.525 DEBUG 3888 --- [kground-preinit] o.apache.tomcat.util.digester.Digester   :   New match='mbeans-descriptors/mbean/attribute'
2023-01-04 17:44:53.525 DEBUG 3888 --- [kground-preinit] o.apache.tomcat.util.digester.Digester   :   Fire begin() for ObjectCreateRule[className=org.apache.tomcat.util.modeler.AttributeInfo, attributeName=null]
2023-01-04 17:44:53.526 DEBUG 3888 --- [           main] o.s.b.f.s.DefaultListableBeanFactory     : Returning cached instance of singleton bean 'autoConfigurationReport'
2023-01-04 17:44:53.526 DEBUG 3888 --- [kground-preinit] o.apache.tomcat.util.digester.Digester   : [ObjectCreateRule]{mbeans-descriptors/mbean/attribute}New org.apache.tomcat.util.modeler.AttributeInfo
2023-01-04 17:44:53.526 DEBUG 3888 --- [kground-preinit] o.apache.tomcat.util.digester.Digester   :   Fire begin() for SetPropertiesRule[]
2023-01-04 17:44:53.526 DEBUG 3888 --- [kground-preinit] o.apache.tomcat.util.digester.Digester   : [SetPropertiesRule]{mbeans-descriptors/mbean/attribute} Set org.apache.tomcat.util.modeler.AttributeInfo properties
2023-01-04 17:44:53.526 DEBUG 3888 --- [kground-preinit] o.apache.tomcat.util.digester.Digester   : [SetPropertiesRule]{mbeans-descriptors/mbean/attribute} Setting property 'name' to 'clearReferencesStopTimerThreads'
2023-01-04 17:44:53.526 DEBUG 3888 --- [kground-preinit] o.apache.tomcat.util.IntrospectionUtils  : IntrospectionUtils: setProperty(class org.apache.tomcat.util.modeler.AttributeInfo name=clearReferencesStopTimerThreads)
2023-01-04 17:44:53.526 DEBUG 3888 --- [kground-preinit] o.apache.tomcat.util.digester.Digester   : [SetPropertiesRule]{mbeans-descriptors/mbean/attribute} Setting property 'description' to 'Should Tomcat attempt to terminate TimerThreads that have been started by the web application? Advisable to be used only in a development environment.'
2023-01-04 17:44:53.526 DEBUG 3888 --- [kground-preinit] o.apache.tomcat.util.IntrospectionUtils  : IntrospectionUtils: setProperty(class org.apache.tomcat.util.modeler.AttributeInfo description=Should Tomcat attempt to terminate TimerThreads that have been started by the web application? Advisable to be used only in a development environment.)
2023-01-04 17:44:53.526 DEBUG 3888 --- [kground-preinit] o.apache.tomcat.util.digester.Digester   : [SetPropertiesRule]{mbeans-descriptors/mbean/attribute} Setting property 'type' to 'boolean'
2023-01-04 17:44:53.526 DEBUG 3888 --- [kground-preinit] o.apache.tomcat.util.IntrospectionUtils  : IntrospectionUtils: setProperty(class org.apache.tomcat.util.modeler.AttributeInfo type=boolean)
2023-01-04 17:44:53.526 DEBUG 3888 --- [kground-preinit] o.apache.tomcat.util.digester.Digester   :   Fire begin() for SetNextRule[methodName=addAttribute, paramType=org.apache.tomcat.util.modeler.AttributeInfo]
2023-01-04 17:44:53.527 DEBUG 3888 --- [kground-preinit] o.a.tomcat.util.digester.Digester.sax    : endElement(,,attribute)
2023-01-04 17:44:53.527 DEBUG 3888 --- [kground-preinit] o.apache.tomcat.util.digester.Digester   :   match='mbeans-descriptors/mbean/attribute'
2023-01-04 17:44:53.527 DEBUG 3888 --- [kground-preinit] o.apache.tomcat.util.digester.Digester   :   bodyText=''
2023-01-04 17:44:53.527 DEBUG 3888 --- [kground-preinit] o.apache.tomcat.util.digester.Digester   :   Fire body() for ObjectCreateRule[className=org.apache.tomcat.util.modeler.AttributeInfo, attributeName=null]
2023-01-04 17:44:53.527 DEBUG 3888 --- [           main] o.s.b.f.s.DefaultListableBeanFactory     : Returning cached instance of singleton bean 'autoConfigurationReport'
2023-01-04 17:44:53.527 DEBUG 3888 --- [kground-preinit] o.apache.tomcat.util.digester.Digester   :   Fire body() for SetPropertiesRule[]
2023-01-04 17:44:53.527 DEBUG 3888 --- [kground-preinit] o.apache.tomcat.util.digester.Digester   :   Fire body() for SetNextRule[methodName=addAttribute, paramType=org.apache.tomcat.util.modeler.AttributeInfo]
2023-01-04 17:44:53.527 DEBUG 3888 --- [kground-preinit] o.apache.tomcat.util.digester.Digester   :   Fire end() for SetNextRule[methodName=addAttribute, paramType=org.apache.tomcat.util.modeler.AttributeInfo]
2023-01-04 17:44:53.527 DEBUG 3888 --- [kground-preinit] o.apache.tomcat.util.digester.Digester   : [SetNextRule]{mbeans-descriptors/mbean/attribute} Call org.apache.tomcat.util.modeler.ManagedBean.addAttribute(org.apache.tomcat.util.modeler.AttributeInfo@1c33b227)
2023-01-04 17:44:53.527 DEBUG 3888 --- [kground-preinit] o.apache.tomcat.util.IntrospectionUtils  : IntrospectionUtils: callMethod1 org.apache.tomcat.util.modeler.ManagedBean org.apache.tomcat.util.modeler.AttributeInfo org.apache.tomcat.util.modeler.AttributeInfo
2023-01-04 17:44:53.527 DEBUG 3888 --- [kground-preinit] o.apache.tomcat.util.digester.Digester   :   Fire end() for SetPropertiesRule[]
2023-01-04 17:44:53.527 DEBUG 3888 --- [kground-preinit] o.apache.tomcat.util.digester.Digester   :   Fire end() for ObjectCreateRule[className=org.apache.tomcat.util.modeler.AttributeInfo, attributeName=null]
2023-01-04 17:44:53.527 DEBUG 3888 --- [kground-preinit] o.apache.tomcat.util.digester.Digester   : [ObjectCreateRule]{mbeans-descriptors/mbean/attribute} Pop org.apache.tomcat.util.modeler.AttributeInfo
2023-01-04 17:44:53.527 DEBUG 3888 --- [kground-preinit] o.a.tomcat.util.digester.Digester.sax    : characters(

    )
2023-01-04 17:44:53.528 DEBUG 3888 --- [kground-preinit] o.a.tomcat.util.digester.Digester.sax    : startElement(,,attribute)
2023-01-04 17:44:53.528 DEBUG 3888 --- [kground-preinit] o.apache.tomcat.util.digester.Digester   :   New match='mbeans-descriptors/mbean/attribute'
2023-01-04 17:44:53.528 DEBUG 3888 --- [kground-preinit] o.apache.tomcat.util.digester.Digester   :   Fire begin() for ObjectCreateRule[className=org.apache.tomcat.util.modeler.AttributeInfo, attributeName=null]
2023-01-04 17:44:53.528 DEBUG 3888 --- [kground-preinit] o.apache.tomcat.util.digester.Digester   : [ObjectCreateRule]{mbeans-descriptors/mbean/attribute}New org.apache.tomcat.util.modeler.AttributeInfo
2023-01-04 17:44:53.528 DEBUG 3888 --- [kground-preinit] o.apache.tomcat.util.digester.Digester   :   Fire begin() for SetPropertiesRule[]
2023-01-04 17:44:53.528 DEBUG 3888 --- [kground-preinit] o.apache.tomcat.util.digester.Digester   : [SetPropertiesRule]{mbeans-descriptors/mbean/attribute} Set org.apache.tomcat.util.modeler.AttributeInfo properties
2023-01-04 17:44:53.528 DEBUG 3888 --- [kground-preinit] o.apache.tomcat.util.digester.Digester   : [SetPropertiesRule]{mbeans-descriptors/mbean/attribute} Setting property 'name' to 'configFile'
2023-01-04 17:44:53.528 DEBUG 3888 --- [kground-preinit] o.apache.tomcat.util.IntrospectionUtils  : IntrospectionUtils: setProperty(class org.apache.tomcat.util.modeler.AttributeInfo name=configFile)
2023-01-04 17:44:53.528 DEBUG 3888 --- [kground-preinit] o.apache.tomcat.util.digester.Digester   : [SetPropertiesRule]{mbeans-descriptors/mbean/attribute} Setting property 'description' to 'Location of the context.xml resource or file'
2023-01-04 17:44:53.528 DEBUG 3888 --- [kground-preinit] o.apache.tomcat.util.IntrospectionUtils  : IntrospectionUtils: setProperty(class org.apache.tomcat.util.modeler.AttributeInfo description=Location of the context.xml resource or file)
2023-01-04 17:44:53.529 DEBUG 3888 --- [kground-preinit] o.apache.tomcat.util.digester.Digester   : [SetPropertiesRule]{mbeans-descriptors/mbean/attribute} Setting property 'type' to 'java.net.URL'
2023-01-04 17:44:53.529 DEBUG 3888 --- [kground-preinit] o.apache.tomcat.util.IntrospectionUtils  : IntrospectionUtils: setProperty(class org.apache.tomcat.util.modeler.AttributeInfo type=java.net.URL)
2023-01-04 17:44:53.529 DEBUG 3888 --- [kground-preinit] o.apache.tomcat.util.digester.Digester   :   Fire begin() for SetNextRule[methodName=addAttribute, paramType=org.apache.tomcat.util.modeler.AttributeInfo]
2023-01-04 17:44:53.529 DEBUG 3888 --- [kground-preinit] o.a.tomcat.util.digester.Digester.sax    : endElement(,,attribute)
2023-01-04 17:44:53.529 DEBUG 3888 --- [kground-preinit] o.apache.tomcat.util.digester.Digester   :   match='mbeans-descriptors/mbean/attribute'
2023-01-04 17:44:53.529 DEBUG 3888 --- [kground-preinit] o.apache.tomcat.util.digester.Digester   :   bodyText=''
2023-01-04 17:44:53.529 DEBUG 3888 --- [kground-preinit] o.apache.tomcat.util.digester.Digester   :   Fire body() for ObjectCreateRule[className=org.apache.tomcat.util.modeler.AttributeInfo, attributeName=null]
2023-01-04 17:44:53.529 DEBUG 3888 --- [kground-preinit] o.apache.tomcat.util.digester.Digester   :   Fire body() for SetPropertiesRule[]
2023-01-04 17:44:53.529 DEBUG 3888 --- [kground-preinit] o.apache.tomcat.util.digester.Digester   :   Fire body() for SetNextRule[methodName=addAttribute, paramType=org.apache.tomcat.util.modeler.AttributeInfo]
2023-01-04 17:44:53.529 DEBUG 3888 --- [kground-preinit] o.apache.tomcat.util.digester.Digester   :   Fire end() for SetNextRule[methodName=addAttribute, paramType=org.apache.tomcat.util.modeler.AttributeInfo]
2023-01-04 17:44:53.529 DEBUG 3888 --- [kground-preinit] o.apache.tomcat.util.digester.Digester   : [SetNextRule]{mbeans-descriptors/mbean/attribute} Call org.apache.tomcat.util.modeler.ManagedBean.addAttribute(org.apache.tomcat.util.modeler.AttributeInfo@6ac8e6ee)
2023-01-04 17:44:53.529 DEBUG 3888 --- [kground-preinit] o.apache.tomcat.util.IntrospectionUtils  : IntrospectionUtils: callMethod1 org.apache.tomcat.util.modeler.ManagedBean org.apache.tomcat.util.modeler.AttributeInfo org.apache.tomcat.util.modeler.AttributeInfo
2023-01-04 17:44:53.529 DEBUG 3888 --- [kground-preinit] o.apache.tomcat.util.digester.Digester   :   Fire end() for SetPropertiesRule[]
2023-01-04 17:44:53.529 DEBUG 3888 --- [kground-preinit] o.apache.tomcat.util.digester.Digester   :   Fire end() for ObjectCreateRule[className=org.apache.tomcat.util.modeler.AttributeInfo, attributeName=null]
2023-01-04 17:44:53.529 DEBUG 3888 --- [kground-preinit] o.apache.tomcat.util.digester.Digester   : [ObjectCreateRule]{mbeans-descriptors/mbean/attribute} Pop org.apache.tomcat.util.modeler.AttributeInfo
2023-01-04 17:44:53.529 DEBUG 3888 --- [kground-preinit] o.a.tomcat.util.digester.Digester.sax    : characters(

    )
2023-01-04 17:44:53.530 DEBUG 3888 --- [kground-preinit] o.a.tomcat.util.digester.Digester.sax    : startElement(,,attribute)
2023-01-04 17:44:53.530 DEBUG 3888 --- [kground-preinit] o.apache.tomcat.util.digester.Digester   :   New match='mbeans-descriptors/mbean/attribute'
2023-01-04 17:44:53.530 DEBUG 3888 --- [kground-preinit] o.apache.tomcat.util.digester.Digester   :   Fire begin() for ObjectCreateRule[className=org.apache.tomcat.util.modeler.AttributeInfo, attributeName=null]
2023-01-04 17:44:53.530 DEBUG 3888 --- [kground-preinit] o.apache.tomcat.util.digester.Digester   : [ObjectCreateRule]{mbeans-descriptors/mbean/attribute}New org.apache.tomcat.util.modeler.AttributeInfo
2023-01-04 17:44:53.530 DEBUG 3888 --- [kground-preinit] o.apache.tomcat.util.digester.Digester   :   Fire begin() for SetPropertiesRule[]
2023-01-04 17:44:53.530 DEBUG 3888 --- [kground-preinit] o.apache.tomcat.util.digester.Digester   : [SetPropertiesRule]{mbeans-descriptors/mbean/attribute} Set org.apache.tomcat.util.modeler.AttributeInfo properties
2023-01-04 17:44:53.530 DEBUG 3888 --- [kground-preinit] o.apache.tomcat.util.digester.Digester   : [SetPropertiesRule]{mbeans-descriptors/mbean/attribute} Setting property 'name' to 'configured'
2023-01-04 17:44:53.530 DEBUG 3888 --- [kground-preinit] o.apache.tomcat.util.IntrospectionUtils  : IntrospectionUtils: setProperty(class org.apache.tomcat.util.modeler.AttributeInfo name=configured)
2023-01-04 17:44:53.530 DEBUG 3888 --- [kground-preinit] o.apache.tomcat.util.digester.Digester   : [SetPropertiesRule]{mbeans-descriptors/mbean/attribute} Setting property 'description' to 'The correctly configured flag for this Context.'
2023-01-04 17:44:53.530 DEBUG 3888 --- [kground-preinit] o.apache.tomcat.util.IntrospectionUtils  : IntrospectionUtils: setProperty(class org.apache.tomcat.util.modeler.AttributeInfo description=The correctly configured flag for this Context.)
2023-01-04 17:44:53.530 DEBUG 3888 --- [kground-preinit] o.apache.tomcat.util.digester.Digester   : [SetPropertiesRule]{mbeans-descriptors/mbean/attribute} Setting property 'type' to 'boolean'
2023-01-04 17:44:53.530 DEBUG 3888 --- [kground-preinit] o.apache.tomcat.util.IntrospectionUtils  : IntrospectionUtils: setProperty(class org.apache.tomcat.util.modeler.AttributeInfo type=boolean)
2023-01-04 17:44:53.531 DEBUG 3888 --- [           main] o.s.b.f.s.DefaultListableBeanFactory     : Returning cached instance of singleton bean 'autoConfigurationReport'
2023-01-04 17:44:53.531 DEBUG 3888 --- [kground-preinit] o.apache.tomcat.util.digester.Digester   : [SetPropertiesRule]{mbeans-descriptors/mbean/attribute} Setting property 'writeable' to 'false'
2023-01-04 17:44:53.531 DEBUG 3888 --- [kground-preinit] o.apache.tomcat.util.IntrospectionUtils  : IntrospectionUtils: setProperty(class org.apache.tomcat.util.modeler.AttributeInfo writeable=false)
2023-01-04 17:44:53.531 DEBUG 3888 --- [kground-preinit] o.apache.tomcat.util.digester.Digester   :   Fire begin() for SetNextRule[methodName=addAttribute, paramType=org.apache.tomcat.util.modeler.AttributeInfo]
2023-01-04 17:44:53.531 DEBUG 3888 --- [kground-preinit] o.a.tomcat.util.digester.Digester.sax    : endElement(,,attribute)
2023-01-04 17:44:53.531 DEBUG 3888 --- [kground-preinit] o.apache.tomcat.util.digester.Digester   :   match='mbeans-descriptors/mbean/attribute'
2023-01-04 17:44:53.531 DEBUG 3888 --- [kground-preinit] o.apache.tomcat.util.digester.Digester   :   bodyText=''
2023-01-04 17:44:53.531 DEBUG 3888 --- [kground-preinit] o.apache.tomcat.util.digester.Digester   :   Fire body() for ObjectCreateRule[className=org.apache.tomcat.util.modeler.AttributeInfo, attributeName=null]
2023-01-04 17:44:53.531 DEBUG 3888 --- [kground-preinit] o.apache.tomcat.util.digester.Digester   :   Fire body() for SetPropertiesRule[]
2023-01-04 17:44:53.531 DEBUG 3888 --- [kground-preinit] o.apache.tomcat.util.digester.Digester   :   Fire body() for SetNextRule[methodName=addAttribute, paramType=org.apache.tomcat.util.modeler.AttributeInfo]
2023-01-04 17:44:53.531 DEBUG 3888 --- [kground-preinit] o.apache.tomcat.util.digester.Digester   :   Fire end() for SetNextRule[methodName=addAttribute, paramType=org.apache.tomcat.util.modeler.AttributeInfo]
2023-01-04 17:44:53.531 DEBUG 3888 --- [kground-preinit] o.apache.tomcat.util.digester.Digester   : [SetNextRule]{mbeans-descriptors/mbean/attribute} Call org.apache.tomcat.util.modeler.ManagedBean.addAttribute(org.apache.tomcat.util.modeler.AttributeInfo@18fd578a)
2023-01-04 17:44:53.532 DEBUG 3888 --- [kground-preinit] o.apache.tomcat.util.IntrospectionUtils  : IntrospectionUtils: callMethod1 org.apache.tomcat.util.modeler.ManagedBean org.apache.tomcat.util.modeler.AttributeInfo org.apache.tomcat.util.modeler.AttributeInfo
2023-01-04 17:44:53.532 DEBUG 3888 --- [kground-preinit] o.apache.tomcat.util.digester.Digester   :   Fire end() for SetPropertiesRule[]
2023-01-04 17:44:53.532 DEBUG 3888 --- [kground-preinit] o.apache.tomcat.util.digester.Digester   :   Fire end() for ObjectCreateRule[className=org.apache.tomcat.util.modeler.AttributeInfo, attributeName=null]
2023-01-04 17:44:53.532 DEBUG 3888 --- [kground-preinit] o.apache.tomcat.util.digester.Digester   : [ObjectCreateRule]{mbeans-descriptors/mbean/attribute} Pop org.apache.tomcat.util.modeler.AttributeInfo
2023-01-04 17:44:53.532 DEBUG 3888 --- [kground-preinit] o.a.tomcat.util.digester.Digester.sax    : characters(

    )
2023-01-04 17:44:53.532 DEBUG 3888 --- [kground-preinit] o.a.tomcat.util.digester.Digester.sax    : startElement(,,attribute)
2023-01-04 17:44:53.533 DEBUG 3888 --- [kground-preinit] o.apache.tomcat.util.digester.Digester   :   New match='mbeans-descriptors/mbean/attribute'
2023-01-04 17:44:53.533 DEBUG 3888 --- [kground-preinit] o.apache.tomcat.util.digester.Digester   :   Fire begin() for ObjectCreateRule[className=org.apache.tomcat.util.modeler.AttributeInfo, attributeName=null]
2023-01-04 17:44:53.533 DEBUG 3888 --- [kground-preinit] o.apache.tomcat.util.digester.Digester   : [ObjectCreateRule]{mbeans-descriptors/mbean/attribute}New org.apache.tomcat.util.modeler.AttributeInfo
2023-01-04 17:44:53.534 DEBUG 3888 --- [kground-preinit] o.apache.tomcat.util.digester.Digester   :   Fire begin() for SetPropertiesRule[]
2023-01-04 17:44:53.534 DEBUG 3888 --- [kground-preinit] o.apache.tomcat.util.digester.Digester   : [SetPropertiesRule]{mbeans-descriptors/mbean/attribute} Set org.apache.tomcat.util.modeler.AttributeInfo properties
2023-01-04 17:44:53.534 DEBUG 3888 --- [kground-preinit] o.apache.tomcat.util.digester.Digester   : [SetPropertiesRule]{mbeans-descriptors/mbean/attribute} Setting property 'name' to 'cookies'
2023-01-04 17:44:53.534 DEBUG 3888 --- [kground-preinit] o.apache.tomcat.util.IntrospectionUtils  : IntrospectionUtils: setProperty(class org.apache.tomcat.util.modeler.AttributeInfo name=cookies)
2023-01-04 17:44:53.534 DEBUG 3888 --- [kground-preinit] o.apache.tomcat.util.digester.Digester   : [SetPropertiesRule]{mbeans-descriptors/mbean/attribute} Setting property 'description' to 'Should we attempt to use cookies for session id communication?'
2023-01-04 17:44:53.534 DEBUG 3888 --- [kground-preinit] o.apache.tomcat.util.IntrospectionUtils  : IntrospectionUtils: setProperty(class org.apache.tomcat.util.modeler.AttributeInfo description=Should we attempt to use cookies for session id communication?)
2023-01-04 17:44:53.534 DEBUG 3888 --- [kground-preinit] o.apache.tomcat.util.digester.Digester   : [SetPropertiesRule]{mbeans-descriptors/mbean/attribute} Setting property 'type' to 'boolean'
2023-01-04 17:44:53.534 DEBUG 3888 --- [kground-preinit] o.apache.tomcat.util.IntrospectionUtils  : IntrospectionUtils: setProperty(class org.apache.tomcat.util.modeler.AttributeInfo type=boolean)
2023-01-04 17:44:53.534 DEBUG 3888 --- [kground-preinit] o.apache.tomcat.util.digester.Digester   :   Fire begin() for SetNextRule[methodName=addAttribute, paramType=org.apache.tomcat.util.modeler.AttributeInfo]
2023-01-04 17:44:53.534 DEBUG 3888 --- [kground-preinit] o.a.tomcat.util.digester.Digester.sax    : endElement(,,attribute)
2023-01-04 17:44:53.534 DEBUG 3888 --- [kground-preinit] o.apache.tomcat.util.digester.Digester   :   match='mbeans-descriptors/mbean/attribute'
2023-01-04 17:44:53.534 DEBUG 3888 --- [kground-preinit] o.apache.tomcat.util.digester.Digester   :   bodyText=''
2023-01-04 17:44:53.535 DEBUG 3888 --- [kground-preinit] o.apache.tomcat.util.digester.Digester   :   Fire body() for ObjectCreateRule[className=org.apache.tomcat.util.modeler.AttributeInfo, attributeName=null]
2023-01-04 17:44:53.535 DEBUG 3888 --- [kground-preinit] o.apache.tomcat.util.digester.Digester   :   Fire body() for SetPropertiesRule[]
2023-01-04 17:44:53.535 DEBUG 3888 --- [kground-preinit] o.apache.tomcat.util.digester.Digester   :   Fire body() for SetNextRule[methodName=addAttribute, paramType=org.apache.tomcat.util.modeler.AttributeInfo]
2023-01-04 17:44:53.535 DEBUG 3888 --- [kground-preinit] o.apache.tomcat.util.digester.Digester   :   Fire end() for SetNextRule[methodName=addAttribute, paramType=org.apache.tomcat.util.modeler.AttributeInfo]
2023-01-04 17:44:53.535 DEBUG 3888 --- [kground-preinit] o.apache.tomcat.util.digester.Digester   : [SetNextRule]{mbeans-descriptors/mbean/attribute} Call org.apache.tomcat.util.modeler.ManagedBean.addAttribute(org.apache.tomcat.util.modeler.AttributeInfo@433134f4)
2023-01-04 17:44:53.535 DEBUG 3888 --- [kground-preinit] o.apache.tomcat.util.IntrospectionUtils  : IntrospectionUtils: callMethod1 org.apache.tomcat.util.modeler.ManagedBean org.apache.tomcat.util.modeler.AttributeInfo org.apache.tomcat.util.modeler.AttributeInfo
2023-01-04 17:44:53.535 DEBUG 3888 --- [kground-preinit] o.apache.tomcat.util.digester.Digester   :   Fire end() for SetPropertiesRule[]
2023-01-04 17:44:53.536 DEBUG 3888 --- [kground-preinit] o.apache.tomcat.util.digester.Digester   :   Fire end() for ObjectCreateRule[className=org.apache.tomcat.util.modeler.AttributeInfo, attributeName=null]
2023-01-04 17:44:53.536 DEBUG 3888 --- [kground-preinit] o.apache.tomcat.util.digester.Digester   : [ObjectCreateRule]{mbeans-descriptors/mbean/attribute} Pop org.apache.tomcat.util.modeler.AttributeInfo
2023-01-04 17:44:53.536 DEBUG 3888 --- [kground-preinit] o.a.tomcat.util.digester.Digester.sax    : characters(

    )
2023-01-04 17:44:53.536 DEBUG 3888 --- [kground-preinit] o.a.tomcat.util.digester.Digester.sax    : startElement(,,attribute)
2023-01-04 17:44:53.536 DEBUG 3888 --- [           main] o.s.b.f.s.DefaultListableBeanFactory     : Returning cached instance of singleton bean 'autoConfigurationReport'
2023-01-04 17:44:53.537 DEBUG 3888 --- [kground-preinit] o.apache.tomcat.util.digester.Digester   :   New match='mbeans-descriptors/mbean/attribute'
2023-01-04 17:44:53.537 DEBUG 3888 --- [kground-preinit] o.apache.tomcat.util.digester.Digester   :   Fire begin() for ObjectCreateRule[className=org.apache.tomcat.util.modeler.AttributeInfo, attributeName=null]
2023-01-04 17:44:53.537 DEBUG 3888 --- [kground-preinit] o.apache.tomcat.util.digester.Digester   : [ObjectCreateRule]{mbeans-descriptors/mbean/attribute}New org.apache.tomcat.util.modeler.AttributeInfo
2023-01-04 17:44:53.537 DEBUG 3888 --- [kground-preinit] o.apache.tomcat.util.digester.Digester   :   Fire begin() for SetPropertiesRule[]
2023-01-04 17:44:53.537 DEBUG 3888 --- [kground-preinit] o.apache.tomcat.util.digester.Digester   : [SetPropertiesRule]{mbeans-descriptors/mbean/attribute} Set org.apache.tomcat.util.modeler.AttributeInfo properties
2023-01-04 17:44:53.537 DEBUG 3888 --- [kground-preinit] o.apache.tomcat.util.digester.Digester   : [SetPropertiesRule]{mbeans-descriptors/mbean/attribute} Setting property 'name' to 'crossContext'
2023-01-04 17:44:53.537 DEBUG 3888 --- [kground-preinit] o.apache.tomcat.util.IntrospectionUtils  : IntrospectionUtils: setProperty(class org.apache.tomcat.util.modeler.AttributeInfo name=crossContext)
2023-01-04 17:44:53.537 DEBUG 3888 --- [kground-preinit] o.apache.tomcat.util.digester.Digester   : [SetPropertiesRule]{mbeans-descriptors/mbean/attribute} Setting property 'description' to 'Should we allow the ServletContext.getContext() method to access the context of other web applications in this server?'
2023-01-04 17:44:53.537 DEBUG 3888 --- [kground-preinit] o.apache.tomcat.util.IntrospectionUtils  : IntrospectionUtils: setProperty(class org.apache.tomcat.util.modeler.AttributeInfo description=Should we allow the ServletContext.getContext() method to access the context of other web applications in this server?)
2023-01-04 17:44:53.537 DEBUG 3888 --- [kground-preinit] o.apache.tomcat.util.digester.Digester   : [SetPropertiesRule]{mbeans-descriptors/mbean/attribute} Setting property 'type' to 'boolean'
2023-01-04 17:44:53.537 DEBUG 3888 --- [kground-preinit] o.apache.tomcat.util.IntrospectionUtils  : IntrospectionUtils: setProperty(class org.apache.tomcat.util.modeler.AttributeInfo type=boolean)
2023-01-04 17:44:53.537 DEBUG 3888 --- [kground-preinit] o.apache.tomcat.util.digester.Digester   :   Fire begin() for SetNextRule[methodName=addAttribute, paramType=org.apache.tomcat.util.modeler.AttributeInfo]
2023-01-04 17:44:53.537 DEBUG 3888 --- [kground-preinit] o.a.tomcat.util.digester.Digester.sax    : endElement(,,attribute)
2023-01-04 17:44:53.537 DEBUG 3888 --- [kground-preinit] o.apache.tomcat.util.digester.Digester   :   match='mbeans-descriptors/mbean/attribute'
2023-01-04 17:44:53.538 DEBUG 3888 --- [kground-preinit] o.apache.tomcat.util.digester.Digester   :   bodyText=''
2023-01-04 17:44:53.538 DEBUG 3888 --- [kground-preinit] o.apache.tomcat.util.digester.Digester   :   Fire body() for ObjectCreateRule[className=org.apache.tomcat.util.modeler.AttributeInfo, attributeName=null]
2023-01-04 17:44:53.538 DEBUG 3888 --- [kground-preinit] o.apache.tomcat.util.digester.Digester   :   Fire body() for SetPropertiesRule[]
2023-01-04 17:44:53.538 DEBUG 3888 --- [kground-preinit] o.apache.tomcat.util.digester.Digester   :   Fire body() for SetNextRule[methodName=addAttribute, paramType=org.apache.tomcat.util.modeler.AttributeInfo]
2023-01-04 17:44:53.538 DEBUG 3888 --- [kground-preinit] o.apache.tomcat.util.digester.Digester   :   Fire end() for SetNextRule[methodName=addAttribute, paramType=org.apache.tomcat.util.modeler.AttributeInfo]
2023-01-04 17:44:53.538 DEBUG 3888 --- [kground-preinit] o.apache.tomcat.util.digester.Digester   : [SetNextRule]{mbeans-descriptors/mbean/attribute} Call org.apache.tomcat.util.modeler.ManagedBean.addAttribute(org.apache.tomcat.util.modeler.AttributeInfo@4212043f)
2023-01-04 17:44:53.538 DEBUG 3888 --- [kground-preinit] o.apache.tomcat.util.IntrospectionUtils  : IntrospectionUtils: callMethod1 org.apache.tomcat.util.modeler.ManagedBean org.apache.tomcat.util.modeler.AttributeInfo org.apache.tomcat.util.modeler.AttributeInfo
2023-01-04 17:44:53.538 DEBUG 3888 --- [           main] o.s.b.f.s.DefaultListableBeanFactory     : Returning cached instance of singleton bean 'autoConfigurationReport'
2023-01-04 17:44:53.538 DEBUG 3888 --- [kground-preinit] o.apache.tomcat.util.digester.Digester   :   Fire end() for SetPropertiesRule[]
2023-01-04 17:44:53.538 DEBUG 3888 --- [kground-preinit] o.apache.tomcat.util.digester.Digester   :   Fire end() for ObjectCreateRule[className=org.apache.tomcat.util.modeler.AttributeInfo, attributeName=null]
2023-01-04 17:44:53.538 DEBUG 3888 --- [kground-preinit] o.apache.tomcat.util.digester.Digester   : [ObjectCreateRule]{mbeans-descriptors/mbean/attribute} Pop org.apache.tomcat.util.modeler.AttributeInfo
2023-01-04 17:44:53.538 DEBUG 3888 --- [kground-preinit] o.a.tomcat.util.digester.Digester.sax    : characters(

    )
2023-01-04 17:44:53.538 DEBUG 3888 --- [kground-preinit] o.a.tomcat.util.digester.Digester.sax    : startElement(,,attribute)
2023-01-04 17:44:53.538 DEBUG 3888 --- [kground-preinit] o.apache.tomcat.util.digester.Digester   :   New match='mbeans-descriptors/mbean/attribute'
2023-01-04 17:44:53.538 DEBUG 3888 --- [kground-preinit] o.apache.tomcat.util.digester.Digester   :   Fire begin() for ObjectCreateRule[className=org.apache.tomcat.util.modeler.AttributeInfo, attributeName=null]
2023-01-04 17:44:53.539 DEBUG 3888 --- [kground-preinit] o.apache.tomcat.util.digester.Digester   : [ObjectCreateRule]{mbeans-descriptors/mbean/attribute}New org.apache.tomcat.util.modeler.AttributeInfo
2023-01-04 17:44:53.539 DEBUG 3888 --- [kground-preinit] o.apache.tomcat.util.digester.Digester   :   Fire begin() for SetPropertiesRule[]
2023-01-04 17:44:53.539 DEBUG 3888 --- [kground-preinit] o.apache.tomcat.util.digester.Digester   : [SetPropertiesRule]{mbeans-descriptors/mbean/attribute} Set org.apache.tomcat.util.modeler.AttributeInfo properties
2023-01-04 17:44:53.539 DEBUG 3888 --- [           main] o.s.b.f.s.DefaultListableBeanFactory     : Returning cached instance of singleton bean 'autoConfigurationReport'
2023-01-04 17:44:53.539 DEBUG 3888 --- [kground-preinit] o.apache.tomcat.util.digester.Digester   : [SetPropertiesRule]{mbeans-descriptors/mbean/attribute} Setting property 'name' to 'defaultContextXml'
2023-01-04 17:44:53.539 DEBUG 3888 --- [kground-preinit] o.apache.tomcat.util.IntrospectionUtils  : IntrospectionUtils: setProperty(class org.apache.tomcat.util.modeler.AttributeInfo name=defaultContextXml)
2023-01-04 17:44:53.539 DEBUG 3888 --- [           main] o.s.b.f.s.DefaultListableBeanFactory     : Returning cached instance of singleton bean 'autoConfigurationReport'
2023-01-04 17:44:53.539 DEBUG 3888 --- [kground-preinit] o.apache.tomcat.util.digester.Digester   : [SetPropertiesRule]{mbeans-descriptors/mbean/attribute} Setting property 'description' to 'Location of the default context.xml resource or file'
2023-01-04 17:44:53.540 DEBUG 3888 --- [kground-preinit] o.apache.tomcat.util.IntrospectionUtils  : IntrospectionUtils: setProperty(class org.apache.tomcat.util.modeler.AttributeInfo description=Location of the default context.xml resource or file)
2023-01-04 17:44:53.540 DEBUG 3888 --- [           main] o.s.b.f.s.DefaultListableBeanFactory     : Returning cached instance of singleton bean 'autoConfigurationReport'
2023-01-04 17:44:53.540 DEBUG 3888 --- [kground-preinit] o.apache.tomcat.util.digester.Digester   : [SetPropertiesRule]{mbeans-descriptors/mbean/attribute} Setting property 'type' to 'java.lang.String'
2023-01-04 17:44:53.540 DEBUG 3888 --- [kground-preinit] o.apache.tomcat.util.IntrospectionUtils  : IntrospectionUtils: setProperty(class org.apache.tomcat.util.modeler.AttributeInfo type=java.lang.String)
2023-01-04 17:44:53.540 DEBUG 3888 --- [kground-preinit] o.apache.tomcat.util.digester.Digester   :   Fire begin() for SetNextRule[methodName=addAttribute, paramType=org.apache.tomcat.util.modeler.AttributeInfo]
2023-01-04 17:44:53.540 DEBUG 3888 --- [kground-preinit] o.a.tomcat.util.digester.Digester.sax    : endElement(,,attribute)
2023-01-04 17:44:53.540 DEBUG 3888 --- [kground-preinit] o.apache.tomcat.util.digester.Digester   :   match='mbeans-descriptors/mbean/attribute'
2023-01-04 17:44:53.541 DEBUG 3888 --- [kground-preinit] o.apache.tomcat.util.digester.Digester   :   bodyText=''
2023-01-04 17:44:53.541 DEBUG 3888 --- [kground-preinit] o.apache.tomcat.util.digester.Digester   :   Fire body() for ObjectCreateRule[className=org.apache.tomcat.util.modeler.AttributeInfo, attributeName=null]
2023-01-04 17:44:53.541 DEBUG 3888 --- [kground-preinit] o.apache.tomcat.util.digester.Digester   :   Fire body() for SetPropertiesRule[]
2023-01-04 17:44:53.541 DEBUG 3888 --- [kground-preinit] o.apache.tomcat.util.digester.Digester   :   Fire body() for SetNextRule[methodName=addAttribute, paramType=org.apache.tomcat.util.modeler.AttributeInfo]
2023-01-04 17:44:53.541 DEBUG 3888 --- [kground-preinit] o.apache.tomcat.util.digester.Digester   :   Fire end() for SetNextRule[methodName=addAttribute, paramType=org.apache.tomcat.util.modeler.AttributeInfo]
2023-01-04 17:44:53.541 DEBUG 3888 --- [kground-preinit] o.apache.tomcat.util.digester.Digester   : [SetNextRule]{mbeans-descriptors/mbean/attribute} Call org.apache.tomcat.util.modeler.ManagedBean.addAttribute(org.apache.tomcat.util.modeler.AttributeInfo@6fc06505)
2023-01-04 17:44:53.541 DEBUG 3888 --- [kground-preinit] o.apache.tomcat.util.IntrospectionUtils  : IntrospectionUtils: callMethod1 org.apache.tomcat.util.modeler.ManagedBean org.apache.tomcat.util.modeler.AttributeInfo org.apache.tomcat.util.modeler.AttributeInfo
2023-01-04 17:44:53.541 DEBUG 3888 --- [           main] o.s.b.f.s.DefaultListableBeanFactory     : Returning cached instance of singleton bean 'autoConfigurationReport'
2023-01-04 17:44:53.541 DEBUG 3888 --- [kground-preinit] o.apache.tomcat.util.digester.Digester   :   Fire end() for SetPropertiesRule[]
2023-01-04 17:44:53.542 DEBUG 3888 --- [kground-preinit] o.apache.tomcat.util.digester.Digester   :   Fire end() for ObjectCreateRule[className=org.apache.tomcat.util.modeler.AttributeInfo, attributeName=null]
2023-01-04 17:44:53.542 DEBUG 3888 --- [kground-preinit] o.apache.tomcat.util.digester.Digester   : [ObjectCreateRule]{mbeans-descriptors/mbean/attribute} Pop org.apache.tomcat.util.modeler.AttributeInfo
2023-01-04 17:44:53.542 DEBUG 3888 --- [kground-preinit] o.a.tomcat.util.digester.Digester.sax    : characters(

    )
2023-01-04 17:44:53.542 DEBUG 3888 --- [kground-preinit] o.a.tomcat.util.digester.Digester.sax    : startElement(,,attribute)
2023-01-04 17:44:53.542 DEBUG 3888 --- [           main] o.s.b.f.s.DefaultListableBeanFactory     : Returning cached instance of singleton bean 'autoConfigurationReport'
2023-01-04 17:44:53.542 DEBUG 3888 --- [kground-preinit] o.apache.tomcat.util.digester.Digester   :   New match='mbeans-descriptors/mbean/attribute'
2023-01-04 17:44:53.542 DEBUG 3888 --- [           main] o.s.b.f.s.DefaultListableBeanFactory     : Returning cached instance of singleton bean 'autoConfigurationReport'
2023-01-04 17:44:53.542 DEBUG 3888 --- [kground-preinit] o.apache.tomcat.util.digester.Digester   :   Fire begin() for ObjectCreateRule[className=org.apache.tomcat.util.modeler.AttributeInfo, attributeName=null]
2023-01-04 17:44:53.543 DEBUG 3888 --- [kground-preinit] o.apache.tomcat.util.digester.Digester   : [ObjectCreateRule]{mbeans-descriptors/mbean/attribute}New org.apache.tomcat.util.modeler.AttributeInfo
2023-01-04 17:44:53.543 DEBUG 3888 --- [kground-preinit] o.apache.tomcat.util.digester.Digester   :   Fire begin() for SetPropertiesRule[]
2023-01-04 17:44:53.543 DEBUG 3888 --- [kground-preinit] o.apache.tomcat.util.digester.Digester   : [SetPropertiesRule]{mbeans-descriptors/mbean/attribute} Set org.apache.tomcat.util.modeler.AttributeInfo properties
2023-01-04 17:44:53.543 DEBUG 3888 --- [kground-preinit] o.apache.tomcat.util.digester.Digester   : [SetPropertiesRule]{mbeans-descriptors/mbean/attribute} Setting property 'name' to 'defaultWebXml'
2023-01-04 17:44:53.543 DEBUG 3888 --- [kground-preinit] o.apache.tomcat.util.IntrospectionUtils  : IntrospectionUtils: setProperty(class org.apache.tomcat.util.modeler.AttributeInfo name=defaultWebXml)
2023-01-04 17:44:53.543 DEBUG 3888 --- [kground-preinit] o.apache.tomcat.util.digester.Digester   : [SetPropertiesRule]{mbeans-descriptors/mbean/attribute} Setting property 'description' to 'Location of the default web.xml resource or file'
2023-01-04 17:44:53.543 DEBUG 3888 --- [kground-preinit] o.apache.tomcat.util.IntrospectionUtils  : IntrospectionUtils: setProperty(class org.apache.tomcat.util.modeler.AttributeInfo description=Location of the default web.xml resource or file)
2023-01-04 17:44:53.543 DEBUG 3888 --- [kground-preinit] o.apache.tomcat.util.digester.Digester   : [SetPropertiesRule]{mbeans-descriptors/mbean/attribute} Setting property 'type' to 'java.lang.String'
2023-01-04 17:44:53.543 DEBUG 3888 --- [kground-preinit] o.apache.tomcat.util.IntrospectionUtils  : IntrospectionUtils: setProperty(class org.apache.tomcat.util.modeler.AttributeInfo type=java.lang.String)
2023-01-04 17:44:53.543 DEBUG 3888 --- [kground-preinit] o.apache.tomcat.util.digester.Digester   :   Fire begin() for SetNextRule[methodName=addAttribute, paramType=org.apache.tomcat.util.modeler.AttributeInfo]
2023-01-04 17:44:53.543 DEBUG 3888 --- [kground-preinit] o.a.tomcat.util.digester.Digester.sax    : endElement(,,attribute)
2023-01-04 17:44:53.544 DEBUG 3888 --- [kground-preinit] o.apache.tomcat.util.digester.Digester   :   match='mbeans-descriptors/mbean/attribute'
2023-01-04 17:44:53.544 DEBUG 3888 --- [kground-preinit] o.apache.tomcat.util.digester.Digester   :   bodyText=''
2023-01-04 17:44:53.544 DEBUG 3888 --- [kground-preinit] o.apache.tomcat.util.digester.Digester   :   Fire body() for ObjectCreateRule[className=org.apache.tomcat.util.modeler.AttributeInfo, attributeName=null]
2023-01-04 17:44:53.544 DEBUG 3888 --- [kground-preinit] o.apache.tomcat.util.digester.Digester   :   Fire body() for SetPropertiesRule[]
2023-01-04 17:44:53.544 DEBUG 3888 --- [kground-preinit] o.apache.tomcat.util.digester.Digester   :   Fire body() for SetNextRule[methodName=addAttribute, paramType=org.apache.tomcat.util.modeler.AttributeInfo]
2023-01-04 17:44:53.544 DEBUG 3888 --- [kground-preinit] o.apache.tomcat.util.digester.Digester   :   Fire end() for SetNextRule[methodName=addAttribute, paramType=org.apache.tomcat.util.modeler.AttributeInfo]
2023-01-04 17:44:53.544 DEBUG 3888 --- [kground-preinit] o.apache.tomcat.util.digester.Digester   : [SetNextRule]{mbeans-descriptors/mbean/attribute} Call org.apache.tomcat.util.modeler.ManagedBean.addAttribute(org.apache.tomcat.util.modeler.AttributeInfo@1df32e70)
2023-01-04 17:44:53.544 DEBUG 3888 --- [kground-preinit] o.apache.tomcat.util.IntrospectionUtils  : IntrospectionUtils: callMethod1 org.apache.tomcat.util.modeler.ManagedBean org.apache.tomcat.util.modeler.AttributeInfo org.apache.tomcat.util.modeler.AttributeInfo
2023-01-04 17:44:53.544 DEBUG 3888 --- [kground-preinit] o.apache.tomcat.util.digester.Digester   :   Fire end() for SetPropertiesRule[]
2023-01-04 17:44:53.544 DEBUG 3888 --- [kground-preinit] o.apache.tomcat.util.digester.Digester   :   Fire end() for ObjectCreateRule[className=org.apache.tomcat.util.modeler.AttributeInfo, attributeName=null]
2023-01-04 17:44:53.544 DEBUG 3888 --- [kground-preinit] o.apache.tomcat.util.digester.Digester   : [ObjectCreateRule]{mbeans-descriptors/mbean/attribute} Pop org.apache.tomcat.util.modeler.AttributeInfo
2023-01-04 17:44:53.544 DEBUG 3888 --- [kground-preinit] o.a.tomcat.util.digester.Digester.sax    : characters(

    )
2023-01-04 17:44:53.544 DEBUG 3888 --- [kground-preinit] o.a.tomcat.util.digester.Digester.sax    : startElement(,,attribute)
2023-01-04 17:44:53.544 DEBUG 3888 --- [           main] o.s.b.f.s.DefaultListableBeanFactory     : Returning cached instance of singleton bean 'autoConfigurationReport'
2023-01-04 17:44:53.545 DEBUG 3888 --- [kground-preinit] o.apache.tomcat.util.digester.Digester   :   New match='mbeans-descriptors/mbean/attribute'
2023-01-04 17:44:53.545 DEBUG 3888 --- [           main] o.s.b.f.s.DefaultListableBeanFactory     : Returning cached instance of singleton bean 'autoConfigurationReport'
2023-01-04 17:44:53.545 DEBUG 3888 --- [kground-preinit] o.apache.tomcat.util.digester.Digester   :   Fire begin() for ObjectCreateRule[className=org.apache.tomcat.util.modeler.AttributeInfo, attributeName=null]
2023-01-04 17:44:53.545 DEBUG 3888 --- [kground-preinit] o.apache.tomcat.util.digester.Digester   : [ObjectCreateRule]{mbeans-descriptors/mbean/attribute}New org.apache.tomcat.util.modeler.AttributeInfo
2023-01-04 17:44:53.546 DEBUG 3888 --- [kground-preinit] o.apache.tomcat.util.digester.Digester   :   Fire begin() for SetPropertiesRule[]
2023-01-04 17:44:53.546 DEBUG 3888 --- [kground-preinit] o.apache.tomcat.util.digester.Digester   : [SetPropertiesRule]{mbeans-descriptors/mbean/attribute} Set org.apache.tomcat.util.modeler.AttributeInfo properties
2023-01-04 17:44:53.546 DEBUG 3888 --- [kground-preinit] o.apache.tomcat.util.digester.Digester   : [SetPropertiesRule]{mbeans-descriptors/mbean/attribute} Setting property 'name' to 'delegate'
2023-01-04 17:44:53.546 DEBUG 3888 --- [kground-preinit] o.apache.tomcat.util.IntrospectionUtils  : IntrospectionUtils: setProperty(class org.apache.tomcat.util.modeler.AttributeInfo name=delegate)
2023-01-04 17:44:53.546 DEBUG 3888 --- [kground-preinit] o.apache.tomcat.util.digester.Digester   : [SetPropertiesRule]{mbeans-descriptors/mbean/attribute} Setting property 'description' to ''
2023-01-04 17:44:53.546 DEBUG 3888 --- [kground-preinit] o.apache.tomcat.util.IntrospectionUtils  : IntrospectionUtils: setProperty(class org.apache.tomcat.util.modeler.AttributeInfo description=)
2023-01-04 17:44:53.549 DEBUG 3888 --- [kground-preinit] o.apache.tomcat.util.digester.Digester   : [SetPropertiesRule]{mbeans-descriptors/mbean/attribute} Setting property 'type' to 'boolean'
2023-01-04 17:44:53.550 DEBUG 3888 --- [kground-preinit] o.apache.tomcat.util.IntrospectionUtils  : IntrospectionUtils: setProperty(class org.apache.tomcat.util.modeler.AttributeInfo type=boolean)
2023-01-04 17:44:53.550 DEBUG 3888 --- [kground-preinit] o.apache.tomcat.util.digester.Digester   :   Fire begin() for SetNextRule[methodName=addAttribute, paramType=org.apache.tomcat.util.modeler.AttributeInfo]
2023-01-04 17:44:53.550 DEBUG 3888 --- [kground-preinit] o.a.tomcat.util.digester.Digester.sax    : endElement(,,attribute)
2023-01-04 17:44:53.550 DEBUG 3888 --- [kground-preinit] o.apache.tomcat.util.digester.Digester   :   match='mbeans-descriptors/mbean/attribute'
2023-01-04 17:44:53.550 DEBUG 3888 --- [kground-preinit] o.apache.tomcat.util.digester.Digester   :   bodyText=''
2023-01-04 17:44:53.550 DEBUG 3888 --- [kground-preinit] o.apache.tomcat.util.digester.Digester   :   Fire body() for ObjectCreateRule[className=org.apache.tomcat.util.modeler.AttributeInfo, attributeName=null]
2023-01-04 17:44:53.550 DEBUG 3888 --- [kground-preinit] o.apache.tomcat.util.digester.Digester   :   Fire body() for SetPropertiesRule[]
2023-01-04 17:44:53.550 DEBUG 3888 --- [kground-preinit] o.apache.tomcat.util.digester.Digester   :   Fire body() for SetNextRule[methodName=addAttribute, paramType=org.apache.tomcat.util.modeler.AttributeInfo]
2023-01-04 17:44:53.552 DEBUG 3888 --- [           main] o.s.b.f.s.DefaultListableBeanFactory     : Returning cached instance of singleton bean 'autoConfigurationReport'
2023-01-04 17:44:53.552 DEBUG 3888 --- [           main] o.s.b.f.s.DefaultListableBeanFactory     : Returning cached instance of singleton bean 'autoConfigurationReport'
2023-01-04 17:44:53.552 DEBUG 3888 --- [           main] o.s.b.f.s.DefaultListableBeanFactory     : Returning cached instance of singleton bean 'autoConfigurationReport'
2023-01-04 17:44:53.552 DEBUG 3888 --- [           main] o.s.b.f.s.DefaultListableBeanFactory     : Returning cached instance of singleton bean 'autoConfigurationReport'
2023-01-04 17:44:53.553 DEBUG 3888 --- [           main] o.s.b.f.s.DefaultListableBeanFactory     : Returning cached instance of singleton bean 'autoConfigurationReport'
2023-01-04 17:44:53.552 DEBUG 3888 --- [kground-preinit] o.apache.tomcat.util.digester.Digester   :   Fire end() for SetNextRule[methodName=addAttribute, paramType=org.apache.tomcat.util.modeler.AttributeInfo]
2023-01-04 17:44:53.553 DEBUG 3888 --- [kground-preinit] o.apache.tomcat.util.digester.Digester   : [SetNextRule]{mbeans-descriptors/mbean/attribute} Call org.apache.tomcat.util.modeler.ManagedBean.addAttribute(org.apache.tomcat.util.modeler.AttributeInfo@572f2fae)
2023-01-04 17:44:53.553 DEBUG 3888 --- [kground-preinit] o.apache.tomcat.util.IntrospectionUtils  : IntrospectionUtils: callMethod1 org.apache.tomcat.util.modeler.ManagedBean org.apache.tomcat.util.modeler.AttributeInfo org.apache.tomcat.util.modeler.AttributeInfo
2023-01-04 17:44:53.554 DEBUG 3888 --- [kground-preinit] o.apache.tomcat.util.digester.Digester   :   Fire end() for SetPropertiesRule[]
2023-01-04 17:44:53.554 DEBUG 3888 --- [           main] o.s.b.f.s.DefaultListableBeanFactory     : Returning cached instance of singleton bean 'autoConfigurationReport'
2023-01-04 17:44:53.554 DEBUG 3888 --- [kground-preinit] o.apache.tomcat.util.digester.Digester   :   Fire end() for ObjectCreateRule[className=org.apache.tomcat.util.modeler.AttributeInfo, attributeName=null]
2023-01-04 17:44:53.555 DEBUG 3888 --- [           main] o.s.b.f.s.DefaultListableBeanFactory     : Returning cached instance of singleton bean 'autoConfigurationReport'
2023-01-04 17:44:53.555 DEBUG 3888 --- [kground-preinit] o.apache.tomcat.util.digester.Digester   : [ObjectCreateRule]{mbeans-descriptors/mbean/attribute} Pop org.apache.tomcat.util.modeler.AttributeInfo
2023-01-04 17:44:53.555 DEBUG 3888 --- [kground-preinit] o.a.tomcat.util.digester.Digester.sax    : characters(

    )
2023-01-04 17:44:53.556 DEBUG 3888 --- [kground-preinit] o.a.tomcat.util.digester.Digester.sax    : startElement(,,attribute)
2023-01-04 17:44:53.556 DEBUG 3888 --- [kground-preinit] o.apache.tomcat.util.digester.Digester   :   New match='mbeans-descriptors/mbean/attribute'
2023-01-04 17:44:53.556 DEBUG 3888 --- [kground-preinit] o.apache.tomcat.util.digester.Digester   :   Fire begin() for ObjectCreateRule[className=org.apache.tomcat.util.modeler.AttributeInfo, attributeName=null]
2023-01-04 17:44:53.556 DEBUG 3888 --- [kground-preinit] o.apache.tomcat.util.digester.Digester   : [ObjectCreateRule]{mbeans-descriptors/mbean/attribute}New org.apache.tomcat.util.modeler.AttributeInfo
2023-01-04 17:44:53.556 DEBUG 3888 --- [kground-preinit] o.apache.tomcat.util.digester.Digester   :   Fire begin() for SetPropertiesRule[]
2023-01-04 17:44:53.556 DEBUG 3888 --- [kground-preinit] o.apache.tomcat.util.digester.Digester   : [SetPropertiesRule]{mbeans-descriptors/mbean/attribute} Set org.apache.tomcat.util.modeler.AttributeInfo properties
2023-01-04 17:44:53.556 DEBUG 3888 --- [kground-preinit] o.apache.tomcat.util.digester.Digester   : [SetPropertiesRule]{mbeans-descriptors/mbean/attribute} Setting property 'name' to 'displayName'
2023-01-04 17:44:53.556 DEBUG 3888 --- [kground-preinit] o.apache.tomcat.util.IntrospectionUtils  : IntrospectionUtils: setProperty(class org.apache.tomcat.util.modeler.AttributeInfo name=displayName)
2023-01-04 17:44:53.557 DEBUG 3888 --- [kground-preinit] o.apache.tomcat.util.digester.Digester   : [SetPropertiesRule]{mbeans-descriptors/mbean/attribute} Setting property 'description' to 'The display name of this web application'
2023-01-04 17:44:53.557 DEBUG 3888 --- [kground-preinit] o.apache.tomcat.util.IntrospectionUtils  : IntrospectionUtils: setProperty(class org.apache.tomcat.util.modeler.AttributeInfo description=The display name of this web application)
2023-01-04 17:44:53.557 DEBUG 3888 --- [kground-preinit] o.apache.tomcat.util.digester.Digester   : [SetPropertiesRule]{mbeans-descriptors/mbean/attribute} Setting property 'type' to 'java.lang.String'
2023-01-04 17:44:53.557 DEBUG 3888 --- [kground-preinit] o.apache.tomcat.util.IntrospectionUtils  : IntrospectionUtils: setProperty(class org.apache.tomcat.util.modeler.AttributeInfo type=java.lang.String)
2023-01-04 17:44:53.557 DEBUG 3888 --- [kground-preinit] o.apache.tomcat.util.digester.Digester   :   Fire begin() for SetNextRule[methodName=addAttribute, paramType=org.apache.tomcat.util.modeler.AttributeInfo]
2023-01-04 17:44:53.557 DEBUG 3888 --- [kground-preinit] o.a.tomcat.util.digester.Digester.sax    : endElement(,,attribute)
2023-01-04 17:44:53.557 DEBUG 3888 --- [kground-preinit] o.apache.tomcat.util.digester.Digester   :   match='mbeans-descriptors/mbean/attribute'
2023-01-04 17:44:53.557 DEBUG 3888 --- [kground-preinit] o.apache.tomcat.util.digester.Digester   :   bodyText=''
2023-01-04 17:44:53.557 DEBUG 3888 --- [kground-preinit] o.apache.tomcat.util.digester.Digester   :   Fire body() for ObjectCreateRule[className=org.apache.tomcat.util.modeler.AttributeInfo, attributeName=null]
2023-01-04 17:44:53.558 DEBUG 3888 --- [kground-preinit] o.apache.tomcat.util.digester.Digester   :   Fire body() for SetPropertiesRule[]
2023-01-04 17:44:53.558 DEBUG 3888 --- [kground-preinit] o.apache.tomcat.util.digester.Digester   :   Fire body() for SetNextRule[methodName=addAttribute, paramType=org.apache.tomcat.util.modeler.AttributeInfo]
2023-01-04 17:44:53.558 DEBUG 3888 --- [kground-preinit] o.apache.tomcat.util.digester.Digester   :   Fire end() for SetNextRule[methodName=addAttribute, paramType=org.apache.tomcat.util.modeler.AttributeInfo]
2023-01-04 17:44:53.558 DEBUG 3888 --- [kground-preinit] o.apache.tomcat.util.digester.Digester   : [SetNextRule]{mbeans-descriptors/mbean/attribute} Call org.apache.tomcat.util.modeler.ManagedBean.addAttribute(org.apache.tomcat.util.modeler.AttributeInfo@5ceea88)
2023-01-04 17:44:53.558 DEBUG 3888 --- [kground-preinit] o.apache.tomcat.util.IntrospectionUtils  : IntrospectionUtils: callMethod1 org.apache.tomcat.util.modeler.ManagedBean org.apache.tomcat.util.modeler.AttributeInfo org.apache.tomcat.util.modeler.AttributeInfo
2023-01-04 17:44:53.559 DEBUG 3888 --- [kground-preinit] o.apache.tomcat.util.digester.Digester   :   Fire end() for SetPropertiesRule[]
2023-01-04 17:44:53.558 DEBUG 3888 --- [           main] o.s.b.f.s.DefaultListableBeanFactory     : Returning cached instance of singleton bean 'autoConfigurationReport'
2023-01-04 17:44:53.559 DEBUG 3888 --- [kground-preinit] o.apache.tomcat.util.digester.Digester   :   Fire end() for ObjectCreateRule[className=org.apache.tomcat.util.modeler.AttributeInfo, attributeName=null]
2023-01-04 17:44:53.559 DEBUG 3888 --- [kground-preinit] o.apache.tomcat.util.digester.Digester   : [ObjectCreateRule]{mbeans-descriptors/mbean/attribute} Pop org.apache.tomcat.util.modeler.AttributeInfo
2023-01-04 17:44:53.559 DEBUG 3888 --- [kground-preinit] o.a.tomcat.util.digester.Digester.sax    : characters(

    )
2023-01-04 17:44:53.559 DEBUG 3888 --- [kground-preinit] o.a.tomcat.util.digester.Digester.sax    : startElement(,,attribute)
2023-01-04 17:44:53.559 DEBUG 3888 --- [kground-preinit] o.apache.tomcat.util.digester.Digester   :   New match='mbeans-descriptors/mbean/attribute'
2023-01-04 17:44:53.559 DEBUG 3888 --- [kground-preinit] o.apache.tomcat.util.digester.Digester   :   Fire begin() for ObjectCreateRule[className=org.apache.tomcat.util.modeler.AttributeInfo, attributeName=null]
2023-01-04 17:44:53.560 DEBUG 3888 --- [kground-preinit] o.apache.tomcat.util.digester.Digester   : [ObjectCreateRule]{mbeans-descriptors/mbean/attribute}New org.apache.tomcat.util.modeler.AttributeInfo
2023-01-04 17:44:53.560 DEBUG 3888 --- [kground-preinit] o.apache.tomcat.util.digester.Digester   :   Fire begin() for SetPropertiesRule[]
2023-01-04 17:44:53.560 DEBUG 3888 --- [kground-preinit] o.apache.tomcat.util.digester.Digester   : [SetPropertiesRule]{mbeans-descriptors/mbean/attribute} Set org.apache.tomcat.util.modeler.AttributeInfo properties
2023-01-04 17:44:53.560 DEBUG 3888 --- [kground-preinit] o.apache.tomcat.util.digester.Digester   : [SetPropertiesRule]{mbeans-descriptors/mbean/attribute} Setting property 'name' to 'distributable'
2023-01-04 17:44:53.560 DEBUG 3888 --- [kground-preinit] o.apache.tomcat.util.IntrospectionUtils  : IntrospectionUtils: setProperty(class org.apache.tomcat.util.modeler.AttributeInfo name=distributable)
2023-01-04 17:44:53.560 DEBUG 3888 --- [kground-preinit] o.apache.tomcat.util.digester.Digester   : [SetPropertiesRule]{mbeans-descriptors/mbean/attribute} Setting property 'description' to 'The distributable flag for this web application.'
2023-01-04 17:44:53.560 DEBUG 3888 --- [kground-preinit] o.apache.tomcat.util.IntrospectionUtils  : IntrospectionUtils: setProperty(class org.apache.tomcat.util.modeler.AttributeInfo description=The distributable flag for this web application.)
2023-01-04 17:44:53.560 DEBUG 3888 --- [kground-preinit] o.apache.tomcat.util.digester.Digester   : [SetPropertiesRule]{mbeans-descriptors/mbean/attribute} Setting property 'type' to 'boolean'
2023-01-04 17:44:53.561 DEBUG 3888 --- [kground-preinit] o.apache.tomcat.util.IntrospectionUtils  : IntrospectionUtils: setProperty(class org.apache.tomcat.util.modeler.AttributeInfo type=boolean)
2023-01-04 17:44:53.561 DEBUG 3888 --- [           main] o.s.b.f.s.DefaultListableBeanFactory     : Returning cached instance of singleton bean 'autoConfigurationReport'
2023-01-04 17:44:53.561 DEBUG 3888 --- [kground-preinit] o.apache.tomcat.util.digester.Digester   :   Fire begin() for SetNextRule[methodName=addAttribute, paramType=org.apache.tomcat.util.modeler.AttributeInfo]
2023-01-04 17:44:53.561 DEBUG 3888 --- [           main] o.s.b.f.s.DefaultListableBeanFactory     : Returning cached instance of singleton bean 'autoConfigurationReport'
2023-01-04 17:44:53.561 DEBUG 3888 --- [kground-preinit] o.a.tomcat.util.digester.Digester.sax    : endElement(,,attribute)
2023-01-04 17:44:53.561 DEBUG 3888 --- [kground-preinit] o.apache.tomcat.util.digester.Digester   :   match='mbeans-descriptors/mbean/attribute'
2023-01-04 17:44:53.561 DEBUG 3888 --- [kground-preinit] o.apache.tomcat.util.digester.Digester   :   bodyText=''
2023-01-04 17:44:53.561 DEBUG 3888 --- [           main] o.s.b.f.s.DefaultListableBeanFactory     : Returning cached instance of singleton bean 'autoConfigurationReport'
2023-01-04 17:44:53.561 DEBUG 3888 --- [kground-preinit] o.apache.tomcat.util.digester.Digester   :   Fire body() for ObjectCreateRule[className=org.apache.tomcat.util.modeler.AttributeInfo, attributeName=null]
2023-01-04 17:44:53.561 DEBUG 3888 --- [kground-preinit] o.apache.tomcat.util.digester.Digester   :   Fire body() for SetPropertiesRule[]
2023-01-04 17:44:53.561 DEBUG 3888 --- [           main] o.s.b.f.s.DefaultListableBeanFactory     : Returning cached instance of singleton bean 'autoConfigurationReport'
2023-01-04 17:44:53.562 DEBUG 3888 --- [kground-preinit] o.apache.tomcat.util.digester.Digester   :   Fire body() for SetNextRule[methodName=addAttribute, paramType=org.apache.tomcat.util.modeler.AttributeInfo]
2023-01-04 17:44:53.562 DEBUG 3888 --- [kground-preinit] o.apache.tomcat.util.digester.Digester   :   Fire end() for SetNextRule[methodName=addAttribute, paramType=org.apache.tomcat.util.modeler.AttributeInfo]
2023-01-04 17:44:53.562 DEBUG 3888 --- [kground-preinit] o.apache.tomcat.util.digester.Digester   : [SetNextRule]{mbeans-descriptors/mbean/attribute} Call org.apache.tomcat.util.modeler.ManagedBean.addAttribute(org.apache.tomcat.util.modeler.AttributeInfo@694a5f79)
2023-01-04 17:44:53.562 DEBUG 3888 --- [kground-preinit] o.apache.tomcat.util.IntrospectionUtils  : IntrospectionUtils: callMethod1 org.apache.tomcat.util.modeler.ManagedBean org.apache.tomcat.util.modeler.AttributeInfo org.apache.tomcat.util.modeler.AttributeInfo
2023-01-04 17:44:53.562 DEBUG 3888 --- [kground-preinit] o.apache.tomcat.util.digester.Digester   :   Fire end() for SetPropertiesRule[]
2023-01-04 17:44:53.562 DEBUG 3888 --- [kground-preinit] o.apache.tomcat.util.digester.Digester   :   Fire end() for ObjectCreateRule[className=org.apache.tomcat.util.modeler.AttributeInfo, attributeName=null]
2023-01-04 17:44:53.562 DEBUG 3888 --- [kground-preinit] o.apache.tomcat.util.digester.Digester   : [ObjectCreateRule]{mbeans-descriptors/mbean/attribute} Pop org.apache.tomcat.util.modeler.AttributeInfo
2023-01-04 17:44:53.562 DEBUG 3888 --- [kground-preinit] o.a.tomcat.util.digester.Digester.sax    : characters(

    )
2023-01-04 17:44:53.562 DEBUG 3888 --- [kground-preinit] o.a.tomcat.util.digester.Digester.sax    : startElement(,,attribute)
2023-01-04 17:44:53.562 DEBUG 3888 --- [kground-preinit] o.apache.tomcat.util.digester.Digester   :   New match='mbeans-descriptors/mbean/attribute'
2023-01-04 17:44:53.562 DEBUG 3888 --- [kground-preinit] o.apache.tomcat.util.digester.Digester   :   Fire begin() for ObjectCreateRule[className=org.apache.tomcat.util.modeler.AttributeInfo, attributeName=null]
2023-01-04 17:44:53.562 DEBUG 3888 --- [kground-preinit] o.apache.tomcat.util.digester.Digester   : [ObjectCreateRule]{mbeans-descriptors/mbean/attribute}New org.apache.tomcat.util.modeler.AttributeInfo
2023-01-04 17:44:53.562 DEBUG 3888 --- [kground-preinit] o.apache.tomcat.util.digester.Digester   :   Fire begin() for SetPropertiesRule[]
2023-01-04 17:44:53.563 DEBUG 3888 --- [kground-preinit] o.apache.tomcat.util.digester.Digester   : [SetPropertiesRule]{mbeans-descriptors/mbean/attribute} Set org.apache.tomcat.util.modeler.AttributeInfo properties
2023-01-04 17:44:53.563 DEBUG 3888 --- [kground-preinit] o.apache.tomcat.util.digester.Digester   : [SetPropertiesRule]{mbeans-descriptors/mbean/attribute} Setting property 'name' to 'docBase'
2023-01-04 17:44:53.563 DEBUG 3888 --- [kground-preinit] o.apache.tomcat.util.IntrospectionUtils  : IntrospectionUtils: setProperty(class org.apache.tomcat.util.modeler.AttributeInfo name=docBase)
2023-01-04 17:44:53.563 DEBUG 3888 --- [           main] o.s.b.f.s.DefaultListableBeanFactory     : Returning cached instance of singleton bean 'autoConfigurationReport'
2023-01-04 17:44:53.563 DEBUG 3888 --- [           main] o.s.c.e.PropertySourcesPropertyResolver  : Found key 'spring.jmx.enabled' in PropertySource 'configurationProperties' with value of type String
2023-01-04 17:44:53.563 DEBUG 3888 --- [           main] o.s.b.f.s.DefaultListableBeanFactory     : Returning cached instance of singleton bean 'autoConfigurationReport'
2023-01-04 17:44:53.564 DEBUG 3888 --- [kground-preinit] o.apache.tomcat.util.digester.Digester   : [SetPropertiesRule]{mbeans-descriptors/mbean/attribute} Setting property 'description' to 'The document root for this web application'
2023-01-04 17:44:53.564 DEBUG 3888 --- [           main] o.s.b.f.s.DefaultListableBeanFactory     : Returning cached instance of singleton bean 'autoConfigurationReport'
2023-01-04 17:44:53.565 DEBUG 3888 --- [kground-preinit] o.apache.tomcat.util.IntrospectionUtils  : IntrospectionUtils: setProperty(class org.apache.tomcat.util.modeler.AttributeInfo description=The document root for this web application)
2023-01-04 17:44:53.566 DEBUG 3888 --- [kground-preinit] o.apache.tomcat.util.digester.Digester   : [SetPropertiesRule]{mbeans-descriptors/mbean/attribute} Setting property 'type' to 'java.lang.String'
2023-01-04 17:44:53.566 DEBUG 3888 --- [kground-preinit] o.apache.tomcat.util.IntrospectionUtils  : IntrospectionUtils: setProperty(class org.apache.tomcat.util.modeler.AttributeInfo type=java.lang.String)
2023-01-04 17:44:53.566 DEBUG 3888 --- [kground-preinit] o.apache.tomcat.util.digester.Digester   :   Fire begin() for SetNextRule[methodName=addAttribute, paramType=org.apache.tomcat.util.modeler.AttributeInfo]
2023-01-04 17:44:53.566 DEBUG 3888 --- [kground-preinit] o.a.tomcat.util.digester.Digester.sax    : endElement(,,attribute)
2023-01-04 17:44:53.566 DEBUG 3888 --- [kground-preinit] o.apache.tomcat.util.digester.Digester   :   match='mbeans-descriptors/mbean/attribute'
2023-01-04 17:44:53.567 DEBUG 3888 --- [kground-preinit] o.apache.tomcat.util.digester.Digester   :   bodyText=''
2023-01-04 17:44:53.567 DEBUG 3888 --- [kground-preinit] o.apache.tomcat.util.digester.Digester   :   Fire body() for ObjectCreateRule[className=org.apache.tomcat.util.modeler.AttributeInfo, attributeName=null]
2023-01-04 17:44:53.567 DEBUG 3888 --- [kground-preinit] o.apache.tomcat.util.digester.Digester   :   Fire body() for SetPropertiesRule[]
2023-01-04 17:44:53.567 DEBUG 3888 --- [kground-preinit] o.apache.tomcat.util.digester.Digester   :   Fire body() for SetNextRule[methodName=addAttribute, paramType=org.apache.tomcat.util.modeler.AttributeInfo]
2023-01-04 17:44:53.567 DEBUG 3888 --- [kground-preinit] o.apache.tomcat.util.digester.Digester   :   Fire end() for SetNextRule[methodName=addAttribute, paramType=org.apache.tomcat.util.modeler.AttributeInfo]
2023-01-04 17:44:53.567 DEBUG 3888 --- [kground-preinit] o.apache.tomcat.util.digester.Digester   : [SetNextRule]{mbeans-descriptors/mbean/attribute} Call org.apache.tomcat.util.modeler.ManagedBean.addAttribute(org.apache.tomcat.util.modeler.AttributeInfo@6d4e6c8e)
2023-01-04 17:44:53.567 DEBUG 3888 --- [           main] o.s.b.f.s.DefaultListableBeanFactory     : Returning cached instance of singleton bean 'autoConfigurationReport'
2023-01-04 17:44:53.568 DEBUG 3888 --- [kground-preinit] o.apache.tomcat.util.IntrospectionUtils  : IntrospectionUtils: callMethod1 org.apache.tomcat.util.modeler.ManagedBean org.apache.tomcat.util.modeler.AttributeInfo org.apache.tomcat.util.modeler.AttributeInfo
2023-01-04 17:44:53.568 DEBUG 3888 --- [kground-preinit] o.apache.tomcat.util.digester.Digester   :   Fire end() for SetPropertiesRule[]
2023-01-04 17:44:53.568 DEBUG 3888 --- [           main] o.s.b.f.s.DefaultListableBeanFactory     : Returning cached instance of singleton bean 'autoConfigurationReport'
2023-01-04 17:44:53.568 DEBUG 3888 --- [kground-preinit] o.apache.tomcat.util.digester.Digester   :   Fire end() for ObjectCreateRule[className=org.apache.tomcat.util.modeler.AttributeInfo, attributeName=null]
2023-01-04 17:44:53.568 DEBUG 3888 --- [kground-preinit] o.apache.tomcat.util.digester.Digester   : [ObjectCreateRule]{mbeans-descriptors/mbean/attribute} Pop org.apache.tomcat.util.modeler.AttributeInfo
2023-01-04 17:44:53.568 DEBUG 3888 --- [kground-preinit] o.a.tomcat.util.digester.Digester.sax    : characters(

    )
2023-01-04 17:44:53.568 DEBUG 3888 --- [           main] o.s.b.f.s.DefaultListableBeanFactory     : Returning cached instance of singleton bean 'autoConfigurationReport'
2023-01-04 17:44:53.568 DEBUG 3888 --- [kground-preinit] o.a.tomcat.util.digester.Digester.sax    : startElement(,,attribute)
2023-01-04 17:44:53.569 DEBUG 3888 --- [kground-preinit] o.apache.tomcat.util.digester.Digester   :   New match='mbeans-descriptors/mbean/attribute'
2023-01-04 17:44:53.569 DEBUG 3888 --- [kground-preinit] o.apache.tomcat.util.digester.Digester   :   Fire begin() for ObjectCreateRule[className=org.apache.tomcat.util.modeler.AttributeInfo, attributeName=null]
2023-01-04 17:44:53.570 DEBUG 3888 --- [kground-preinit] o.apache.tomcat.util.digester.Digester   : [ObjectCreateRule]{mbeans-descriptors/mbean/attribute}New org.apache.tomcat.util.modeler.AttributeInfo
2023-01-04 17:44:53.570 DEBUG 3888 --- [kground-preinit] o.apache.tomcat.util.digester.Digester   :   Fire begin() for SetPropertiesRule[]
2023-01-04 17:44:53.570 DEBUG 3888 --- [kground-preinit] o.apache.tomcat.util.digester.Digester   : [SetPropertiesRule]{mbeans-descriptors/mbean/attribute} Set org.apache.tomcat.util.modeler.AttributeInfo properties
2023-01-04 17:44:53.570 DEBUG 3888 --- [kground-preinit] o.apache.tomcat.util.digester.Digester   : [SetPropertiesRule]{mbeans-descriptors/mbean/attribute} Setting property 'name' to 'encodedPath'
2023-01-04 17:44:53.572 DEBUG 3888 --- [kground-preinit] o.apache.tomcat.util.IntrospectionUtils  : IntrospectionUtils: setProperty(class org.apache.tomcat.util.modeler.AttributeInfo name=encodedPath)
2023-01-04 17:44:53.572 DEBUG 3888 --- [kground-preinit] o.apache.tomcat.util.digester.Digester   : [SetPropertiesRule]{mbeans-descriptors/mbean/attribute} Setting property 'description' to 'The encoded path'
2023-01-04 17:44:53.572 DEBUG 3888 --- [kground-preinit] o.apache.tomcat.util.IntrospectionUtils  : IntrospectionUtils: setProperty(class org.apache.tomcat.util.modeler.AttributeInfo description=The encoded path)
2023-01-04 17:44:53.573 DEBUG 3888 --- [kground-preinit] o.apache.tomcat.util.digester.Digester   : [SetPropertiesRule]{mbeans-descriptors/mbean/attribute} Setting property 'type' to 'java.lang.String'
2023-01-04 17:44:53.573 DEBUG 3888 --- [kground-preinit] o.apache.tomcat.util.IntrospectionUtils  : IntrospectionUtils: setProperty(class org.apache.tomcat.util.modeler.AttributeInfo type=java.lang.String)
2023-01-04 17:44:53.574 DEBUG 3888 --- [kground-preinit] o.apache.tomcat.util.digester.Digester   : [SetPropertiesRule]{mbeans-descriptors/mbean/attribute} Setting property 'writeable' to 'false'
2023-01-04 17:44:53.574 DEBUG 3888 --- [kground-preinit] o.apache.tomcat.util.IntrospectionUtils  : IntrospectionUtils: setProperty(class org.apache.tomcat.util.modeler.AttributeInfo writeable=false)
2023-01-04 17:44:53.574 DEBUG 3888 --- [kground-preinit] o.apache.tomcat.util.digester.Digester   :   Fire begin() for SetNextRule[methodName=addAttribute, paramType=org.apache.tomcat.util.modeler.AttributeInfo]
2023-01-04 17:44:53.574 DEBUG 3888 --- [kground-preinit] o.a.tomcat.util.digester.Digester.sax    : endElement(,,attribute)
2023-01-04 17:44:53.574 DEBUG 3888 --- [kground-preinit] o.apache.tomcat.util.digester.Digester   :   match='mbeans-descriptors/mbean/attribute'
2023-01-04 17:44:53.574 DEBUG 3888 --- [kground-preinit] o.apache.tomcat.util.digester.Digester   :   bodyText=''
2023-01-04 17:44:53.574 DEBUG 3888 --- [kground-preinit] o.apache.tomcat.util.digester.Digester   :   Fire body() for ObjectCreateRule[className=org.apache.tomcat.util.modeler.AttributeInfo, attributeName=null]
2023-01-04 17:44:53.574 DEBUG 3888 --- [kground-preinit] o.apache.tomcat.util.digester.Digester   :   Fire body() for SetPropertiesRule[]
2023-01-04 17:44:53.574 DEBUG 3888 --- [kground-preinit] o.apache.tomcat.util.digester.Digester   :   Fire body() for SetNextRule[methodName=addAttribute, paramType=org.apache.tomcat.util.modeler.AttributeInfo]
2023-01-04 17:44:53.574 DEBUG 3888 --- [kground-preinit] o.apache.tomcat.util.digester.Digester   :   Fire end() for SetNextRule[methodName=addAttribute, paramType=org.apache.tomcat.util.modeler.AttributeInfo]
2023-01-04 17:44:53.574 DEBUG 3888 --- [kground-preinit] o.apache.tomcat.util.digester.Digester   : [SetNextRule]{mbeans-descriptors/mbean/attribute} Call org.apache.tomcat.util.modeler.ManagedBean.addAttribute(org.apache.tomcat.util.modeler.AttributeInfo@43326cd6)
2023-01-04 17:44:53.574 DEBUG 3888 --- [kground-preinit] o.apache.tomcat.util.IntrospectionUtils  : IntrospectionUtils: callMethod1 org.apache.tomcat.util.modeler.ManagedBean org.apache.tomcat.util.modeler.AttributeInfo org.apache.tomcat.util.modeler.AttributeInfo
2023-01-04 17:44:53.574 DEBUG 3888 --- [kground-preinit] o.apache.tomcat.util.digester.Digester   :   Fire end() for SetPropertiesRule[]
2023-01-04 17:44:53.575 DEBUG 3888 --- [kground-preinit] o.apache.tomcat.util.digester.Digester   :   Fire end() for ObjectCreateRule[className=org.apache.tomcat.util.modeler.AttributeInfo, attributeName=null]
2023-01-04 17:44:53.575 DEBUG 3888 --- [kground-preinit] o.apache.tomcat.util.digester.Digester   : [ObjectCreateRule]{mbeans-descriptors/mbean/attribute} Pop org.apache.tomcat.util.modeler.AttributeInfo
2023-01-04 17:44:53.575 DEBUG 3888 --- [kground-preinit] o.a.tomcat.util.digester.Digester.sax    : characters(

    )
2023-01-04 17:44:53.575 DEBUG 3888 --- [kground-preinit] o.a.tomcat.util.digester.Digester.sax    : startElement(,,attribute)
2023-01-04 17:44:53.575 DEBUG 3888 --- [kground-preinit] o.apache.tomcat.util.digester.Digester   :   New match='mbeans-descriptors/mbean/attribute'
2023-01-04 17:44:53.575 DEBUG 3888 --- [kground-preinit] o.apache.tomcat.util.digester.Digester   :   Fire begin() for ObjectCreateRule[className=org.apache.tomcat.util.modeler.AttributeInfo, attributeName=null]
2023-01-04 17:44:53.575 DEBUG 3888 --- [kground-preinit] o.apache.tomcat.util.digester.Digester   : [ObjectCreateRule]{mbeans-descriptors/mbean/attribute}New org.apache.tomcat.util.modeler.AttributeInfo
2023-01-04 17:44:53.575 DEBUG 3888 --- [kground-preinit] o.apache.tomcat.util.digester.Digester   :   Fire begin() for SetPropertiesRule[]
2023-01-04 17:44:53.575 DEBUG 3888 --- [kground-preinit] o.apache.tomcat.util.digester.Digester   : [SetPropertiesRule]{mbeans-descriptors/mbean/attribute} Set org.apache.tomcat.util.modeler.AttributeInfo properties
2023-01-04 17:44:53.576 DEBUG 3888 --- [kground-preinit] o.apache.tomcat.util.digester.Digester   : [SetPropertiesRule]{mbeans-descriptors/mbean/attribute} Setting property 'name' to 'ignoreAnnotations'
2023-01-04 17:44:53.576 DEBUG 3888 --- [kground-preinit] o.apache.tomcat.util.IntrospectionUtils  : IntrospectionUtils: setProperty(class org.apache.tomcat.util.modeler.AttributeInfo name=ignoreAnnotations)
2023-01-04 17:44:53.576 DEBUG 3888 --- [kground-preinit] o.apache.tomcat.util.digester.Digester   : [SetPropertiesRule]{mbeans-descriptors/mbean/attribute} Setting property 'description' to 'Ignore annotations flag.'
2023-01-04 17:44:53.576 DEBUG 3888 --- [kground-preinit] o.apache.tomcat.util.IntrospectionUtils  : IntrospectionUtils: setProperty(class org.apache.tomcat.util.modeler.AttributeInfo description=Ignore annotations flag.)
2023-01-04 17:44:53.576 DEBUG 3888 --- [kground-preinit] o.apache.tomcat.util.digester.Digester   : [SetPropertiesRule]{mbeans-descriptors/mbean/attribute} Setting property 'type' to 'boolean'
2023-01-04 17:44:53.576 DEBUG 3888 --- [kground-preinit] o.apache.tomcat.util.IntrospectionUtils  : IntrospectionUtils: setProperty(class org.apache.tomcat.util.modeler.AttributeInfo type=boolean)
2023-01-04 17:44:53.576 DEBUG 3888 --- [kground-preinit] o.apache.tomcat.util.digester.Digester   :   Fire begin() for SetNextRule[methodName=addAttribute, paramType=org.apache.tomcat.util.modeler.AttributeInfo]
2023-01-04 17:44:53.576 DEBUG 3888 --- [kground-preinit] o.a.tomcat.util.digester.Digester.sax    : endElement(,,attribute)
2023-01-04 17:44:53.576 DEBUG 3888 --- [kground-preinit] o.apache.tomcat.util.digester.Digester   :   match='mbeans-descriptors/mbean/attribute'
2023-01-04 17:44:53.576 DEBUG 3888 --- [kground-preinit] o.apache.tomcat.util.digester.Digester   :   bodyText=''
2023-01-04 17:44:53.576 DEBUG 3888 --- [kground-preinit] o.apache.tomcat.util.digester.Digester   :   Fire body() for ObjectCreateRule[className=org.apache.tomcat.util.modeler.AttributeInfo, attributeName=null]
2023-01-04 17:44:53.576 DEBUG 3888 --- [kground-preinit] o.apache.tomcat.util.digester.Digester   :   Fire body() for SetPropertiesRule[]
2023-01-04 17:44:53.576 DEBUG 3888 --- [kground-preinit] o.apache.tomcat.util.digester.Digester   :   Fire body() for SetNextRule[methodName=addAttribute, paramType=org.apache.tomcat.util.modeler.AttributeInfo]
2023-01-04 17:44:53.576 DEBUG 3888 --- [kground-preinit] o.apache.tomcat.util.digester.Digester   :   Fire end() for SetNextRule[methodName=addAttribute, paramType=org.apache.tomcat.util.modeler.AttributeInfo]
2023-01-04 17:44:53.576 DEBUG 3888 --- [kground-preinit] o.apache.tomcat.util.digester.Digester   : [SetNextRule]{mbeans-descriptors/mbean/attribute} Call org.apache.tomcat.util.modeler.ManagedBean.addAttribute(org.apache.tomcat.util.modeler.AttributeInfo@315a5492)
2023-01-04 17:44:53.577 DEBUG 3888 --- [kground-preinit] o.apache.tomcat.util.IntrospectionUtils  : IntrospectionUtils: callMethod1 org.apache.tomcat.util.modeler.ManagedBean org.apache.tomcat.util.modeler.AttributeInfo org.apache.tomcat.util.modeler.AttributeInfo
2023-01-04 17:44:53.577 DEBUG 3888 --- [kground-preinit] o.apache.tomcat.util.digester.Digester   :   Fire end() for SetPropertiesRule[]
2023-01-04 17:44:53.577 DEBUG 3888 --- [kground-preinit] o.apache.tomcat.util.digester.Digester   :   Fire end() for ObjectCreateRule[className=org.apache.tomcat.util.modeler.AttributeInfo, attributeName=null]
2023-01-04 17:44:53.577 DEBUG 3888 --- [kground-preinit] o.apache.tomcat.util.digester.Digester   : [ObjectCreateRule]{mbeans-descriptors/mbean/attribute} Pop org.apache.tomcat.util.modeler.AttributeInfo
2023-01-04 17:44:53.577 DEBUG 3888 --- [kground-preinit] o.a.tomcat.util.digester.Digester.sax    : characters(

    )
2023-01-04 17:44:53.577 DEBUG 3888 --- [kground-preinit] o.a.tomcat.util.digester.Digester.sax    : startElement(,,attribute)
2023-01-04 17:44:53.577 DEBUG 3888 --- [kground-preinit] o.apache.tomcat.util.digester.Digester   :   New match='mbeans-descriptors/mbean/attribute'
2023-01-04 17:44:53.577 DEBUG 3888 --- [kground-preinit] o.apache.tomcat.util.digester.Digester   :   Fire begin() for ObjectCreateRule[className=org.apache.tomcat.util.modeler.AttributeInfo, attributeName=null]
2023-01-04 17:44:53.577 DEBUG 3888 --- [kground-preinit] o.apache.tomcat.util.digester.Digester   : [ObjectCreateRule]{mbeans-descriptors/mbean/attribute}New org.apache.tomcat.util.modeler.AttributeInfo
2023-01-04 17:44:53.577 DEBUG 3888 --- [kground-preinit] o.apache.tomcat.util.digester.Digester   :   Fire begin() for SetPropertiesRule[]
2023-01-04 17:44:53.578 DEBUG 3888 --- [kground-preinit] o.apache.tomcat.util.digester.Digester   : [SetPropertiesRule]{mbeans-descriptors/mbean/attribute} Set org.apache.tomcat.util.modeler.AttributeInfo properties
2023-01-04 17:44:53.578 DEBUG 3888 --- [kground-preinit] o.apache.tomcat.util.digester.Digester   : [SetPropertiesRule]{mbeans-descriptors/mbean/attribute} Setting property 'name' to 'instanceManager'
2023-01-04 17:44:53.578 DEBUG 3888 --- [kground-preinit] o.apache.tomcat.util.IntrospectionUtils  : IntrospectionUtils: setProperty(class org.apache.tomcat.util.modeler.AttributeInfo name=instanceManager)
2023-01-04 17:44:53.578 DEBUG 3888 --- [kground-preinit] o.apache.tomcat.util.digester.Digester   : [SetPropertiesRule]{mbeans-descriptors/mbean/attribute} Setting property 'description' to 'Object that creates and destroys servlets, filters, and listeners. Include dependency injection and postConstruct/preDestroy handling'
2023-01-04 17:44:53.578 DEBUG 3888 --- [kground-preinit] o.apache.tomcat.util.IntrospectionUtils  : IntrospectionUtils: setProperty(class org.apache.tomcat.util.modeler.AttributeInfo description=Object that creates and destroys servlets, filters, and listeners. Include dependency injection and postConstruct/preDestroy handling)
2023-01-04 17:44:53.578 DEBUG 3888 --- [kground-preinit] o.apache.tomcat.util.digester.Digester   : [SetPropertiesRule]{mbeans-descriptors/mbean/attribute} Setting property 'type' to 'org.apache.tomcat.InstanceManager'
2023-01-04 17:44:53.578 DEBUG 3888 --- [kground-preinit] o.apache.tomcat.util.IntrospectionUtils  : IntrospectionUtils: setProperty(class org.apache.tomcat.util.modeler.AttributeInfo type=org.apache.tomcat.InstanceManager)
2023-01-04 17:44:53.578 DEBUG 3888 --- [kground-preinit] o.apache.tomcat.util.digester.Digester   :   Fire begin() for SetNextRule[methodName=addAttribute, paramType=org.apache.tomcat.util.modeler.AttributeInfo]
2023-01-04 17:44:53.578 DEBUG 3888 --- [kground-preinit] o.a.tomcat.util.digester.Digester.sax    : endElement(,,attribute)
2023-01-04 17:44:53.578 DEBUG 3888 --- [kground-preinit] o.apache.tomcat.util.digester.Digester   :   match='mbeans-descriptors/mbean/attribute'
2023-01-04 17:44:53.579 DEBUG 3888 --- [kground-preinit] o.apache.tomcat.util.digester.Digester   :   bodyText=''
2023-01-04 17:44:53.579 DEBUG 3888 --- [kground-preinit] o.apache.tomcat.util.digester.Digester   :   Fire body() for ObjectCreateRule[className=org.apache.tomcat.util.modeler.AttributeInfo, attributeName=null]
2023-01-04 17:44:53.579 DEBUG 3888 --- [kground-preinit] o.apache.tomcat.util.digester.Digester   :   Fire body() for SetPropertiesRule[]
2023-01-04 17:44:53.579 DEBUG 3888 --- [kground-preinit] o.apache.tomcat.util.digester.Digester   :   Fire body() for SetNextRule[methodName=addAttribute, paramType=org.apache.tomcat.util.modeler.AttributeInfo]
2023-01-04 17:44:53.579 DEBUG 3888 --- [kground-preinit] o.apache.tomcat.util.digester.Digester   :   Fire end() for SetNextRule[methodName=addAttribute, paramType=org.apache.tomcat.util.modeler.AttributeInfo]
2023-01-04 17:44:53.579 DEBUG 3888 --- [kground-preinit] o.apache.tomcat.util.digester.Digester   : [SetNextRule]{mbeans-descriptors/mbean/attribute} Call org.apache.tomcat.util.modeler.ManagedBean.addAttribute(org.apache.tomcat.util.modeler.AttributeInfo@a506457)
2023-01-04 17:44:53.579 DEBUG 3888 --- [kground-preinit] o.apache.tomcat.util.IntrospectionUtils  : IntrospectionUtils: callMethod1 org.apache.tomcat.util.modeler.ManagedBean org.apache.tomcat.util.modeler.AttributeInfo org.apache.tomcat.util.modeler.AttributeInfo
2023-01-04 17:44:53.579 DEBUG 3888 --- [kground-preinit] o.apache.tomcat.util.digester.Digester   :   Fire end() for SetPropertiesRule[]
2023-01-04 17:44:53.579 DEBUG 3888 --- [kground-preinit] o.apache.tomcat.util.digester.Digester   :   Fire end() for ObjectCreateRule[className=org.apache.tomcat.util.modeler.AttributeInfo, attributeName=null]
2023-01-04 17:44:53.579 DEBUG 3888 --- [kground-preinit] o.apache.tomcat.util.digester.Digester   : [ObjectCreateRule]{mbeans-descriptors/mbean/attribute} Pop org.apache.tomcat.util.modeler.AttributeInfo
2023-01-04 17:44:53.579 DEBUG 3888 --- [kground-preinit] o.a.tomcat.util.digester.Digester.sax    : characters(

    )
2023-01-04 17:44:53.579 DEBUG 3888 --- [kground-preinit] o.a.tomcat.util.digester.Digester.sax    : startElement(,,attribute)
2023-01-04 17:44:53.579 DEBUG 3888 --- [kground-preinit] o.apache.tomcat.util.digester.Digester   :   New match='mbeans-descriptors/mbean/attribute'
2023-01-04 17:44:53.579 DEBUG 3888 --- [kground-preinit] o.apache.tomcat.util.digester.Digester   :   Fire begin() for ObjectCreateRule[className=org.apache.tomcat.util.modeler.AttributeInfo, attributeName=null]
2023-01-04 17:44:53.580 DEBUG 3888 --- [kground-preinit] o.apache.tomcat.util.digester.Digester   : [ObjectCreateRule]{mbeans-descriptors/mbean/attribute}New org.apache.tomcat.util.modeler.AttributeInfo
2023-01-04 17:44:53.580 DEBUG 3888 --- [kground-preinit] o.apache.tomcat.util.digester.Digester   :   Fire begin() for SetPropertiesRule[]
2023-01-04 17:44:53.580 DEBUG 3888 --- [kground-preinit] o.apache.tomcat.util.digester.Digester   : [SetPropertiesRule]{mbeans-descriptors/mbean/attribute} Set org.apache.tomcat.util.modeler.AttributeInfo properties
2023-01-04 17:44:53.580 DEBUG 3888 --- [kground-preinit] o.apache.tomcat.util.digester.Digester   : [SetPropertiesRule]{mbeans-descriptors/mbean/attribute} Setting property 'name' to 'javaVMs'
2023-01-04 17:44:53.580 DEBUG 3888 --- [kground-preinit] o.apache.tomcat.util.IntrospectionUtils  : IntrospectionUtils: setProperty(class org.apache.tomcat.util.modeler.AttributeInfo name=javaVMs)
2023-01-04 17:44:53.580 DEBUG 3888 --- [kground-preinit] o.apache.tomcat.util.digester.Digester   : [SetPropertiesRule]{mbeans-descriptors/mbean/attribute} Setting property 'description' to 'The Java virtual machines on which this module is running'
2023-01-04 17:44:53.580 DEBUG 3888 --- [kground-preinit] o.apache.tomcat.util.IntrospectionUtils  : IntrospectionUtils: setProperty(class org.apache.tomcat.util.modeler.AttributeInfo description=The Java virtual machines on which this module is running)
2023-01-04 17:44:53.580 DEBUG 3888 --- [kground-preinit] o.apache.tomcat.util.digester.Digester   : [SetPropertiesRule]{mbeans-descriptors/mbean/attribute} Setting property 'type' to '[Ljava.lang.String;'
2023-01-04 17:44:53.580 DEBUG 3888 --- [kground-preinit] o.apache.tomcat.util.IntrospectionUtils  : IntrospectionUtils: setProperty(class org.apache.tomcat.util.modeler.AttributeInfo type=[Ljava.lang.String;)
2023-01-04 17:44:53.580 DEBUG 3888 --- [kground-preinit] o.apache.tomcat.util.digester.Digester   :   Fire begin() for SetNextRule[methodName=addAttribute, paramType=org.apache.tomcat.util.modeler.AttributeInfo]
2023-01-04 17:44:53.580 DEBUG 3888 --- [kground-preinit] o.a.tomcat.util.digester.Digester.sax    : endElement(,,attribute)
2023-01-04 17:44:53.580 DEBUG 3888 --- [kground-preinit] o.apache.tomcat.util.digester.Digester   :   match='mbeans-descriptors/mbean/attribute'
2023-01-04 17:44:53.580 DEBUG 3888 --- [kground-preinit] o.apache.tomcat.util.digester.Digester   :   bodyText=''
2023-01-04 17:44:53.580 DEBUG 3888 --- [kground-preinit] o.apache.tomcat.util.digester.Digester   :   Fire body() for ObjectCreateRule[className=org.apache.tomcat.util.modeler.AttributeInfo, attributeName=null]
2023-01-04 17:44:53.581 DEBUG 3888 --- [kground-preinit] o.apache.tomcat.util.digester.Digester   :   Fire body() for SetPropertiesRule[]
2023-01-04 17:44:53.581 DEBUG 3888 --- [kground-preinit] o.apache.tomcat.util.digester.Digester   :   Fire body() for SetNextRule[methodName=addAttribute, paramType=org.apache.tomcat.util.modeler.AttributeInfo]
2023-01-04 17:44:53.581 DEBUG 3888 --- [kground-preinit] o.apache.tomcat.util.digester.Digester   :   Fire end() for SetNextRule[methodName=addAttribute, paramType=org.apache.tomcat.util.modeler.AttributeInfo]
2023-01-04 17:44:53.581 DEBUG 3888 --- [kground-preinit] o.apache.tomcat.util.digester.Digester   : [SetNextRule]{mbeans-descriptors/mbean/attribute} Call org.apache.tomcat.util.modeler.ManagedBean.addAttribute(org.apache.tomcat.util.modeler.AttributeInfo@1464538f)
2023-01-04 17:44:53.581 DEBUG 3888 --- [kground-preinit] o.apache.tomcat.util.IntrospectionUtils  : IntrospectionUtils: callMethod1 org.apache.tomcat.util.modeler.ManagedBean org.apache.tomcat.util.modeler.AttributeInfo org.apache.tomcat.util.modeler.AttributeInfo
2023-01-04 17:44:53.581 DEBUG 3888 --- [kground-preinit] o.apache.tomcat.util.digester.Digester   :   Fire end() for SetPropertiesRule[]
2023-01-04 17:44:53.582 DEBUG 3888 --- [kground-preinit] o.apache.tomcat.util.digester.Digester   :   Fire end() for ObjectCreateRule[className=org.apache.tomcat.util.modeler.AttributeInfo, attributeName=null]
2023-01-04 17:44:53.582 DEBUG 3888 --- [kground-preinit] o.apache.tomcat.util.digester.Digester   : [ObjectCreateRule]{mbeans-descriptors/mbean/attribute} Pop org.apache.tomcat.util.modeler.AttributeInfo
2023-01-04 17:44:53.582 DEBUG 3888 --- [kground-preinit] o.a.tomcat.util.digester.Digester.sax    : characters(

    )
2023-01-04 17:44:53.582 DEBUG 3888 --- [kground-preinit] o.a.tomcat.util.digester.Digester.sax    : startElement(,,attribute)
2023-01-04 17:44:53.582 DEBUG 3888 --- [kground-preinit] o.apache.tomcat.util.digester.Digester   :   New match='mbeans-descriptors/mbean/attribute'
2023-01-04 17:44:53.582 DEBUG 3888 --- [kground-preinit] o.apache.tomcat.util.digester.Digester   :   Fire begin() for ObjectCreateRule[className=org.apache.tomcat.util.modeler.AttributeInfo, attributeName=null]
2023-01-04 17:44:53.583 DEBUG 3888 --- [kground-preinit] o.apache.tomcat.util.digester.Digester   : [ObjectCreateRule]{mbeans-descriptors/mbean/attribute}New org.apache.tomcat.util.modeler.AttributeInfo
2023-01-04 17:44:53.583 DEBUG 3888 --- [kground-preinit] o.apache.tomcat.util.digester.Digester   :   Fire begin() for SetPropertiesRule[]
2023-01-04 17:44:53.583 DEBUG 3888 --- [kground-preinit] o.apache.tomcat.util.digester.Digester   : [SetPropertiesRule]{mbeans-descriptors/mbean/attribute} Set org.apache.tomcat.util.modeler.AttributeInfo properties
2023-01-04 17:44:53.583 DEBUG 3888 --- [kground-preinit] o.apache.tomcat.util.digester.Digester   : [SetPropertiesRule]{mbeans-descriptors/mbean/attribute} Setting property 'name' to 'loader'
2023-01-04 17:44:53.583 DEBUG 3888 --- [kground-preinit] o.apache.tomcat.util.IntrospectionUtils  : IntrospectionUtils: setProperty(class org.apache.tomcat.util.modeler.AttributeInfo name=loader)
2023-01-04 17:44:53.583 DEBUG 3888 --- [kground-preinit] o.apache.tomcat.util.digester.Digester   : [SetPropertiesRule]{mbeans-descriptors/mbean/attribute} Setting property 'description' to 'Associated loader.'
2023-01-04 17:44:53.583 DEBUG 3888 --- [kground-preinit] o.apache.tomcat.util.IntrospectionUtils  : IntrospectionUtils: setProperty(class org.apache.tomcat.util.modeler.AttributeInfo description=Associated loader.)
2023-01-04 17:44:53.584 DEBUG 3888 --- [kground-preinit] o.apache.tomcat.util.digester.Digester   : [SetPropertiesRule]{mbeans-descriptors/mbean/attribute} Setting property 'type' to 'org.apache.catalina.Loader'
2023-01-04 17:44:53.584 DEBUG 3888 --- [kground-preinit] o.apache.tomcat.util.IntrospectionUtils  : IntrospectionUtils: setProperty(class org.apache.tomcat.util.modeler.AttributeInfo type=org.apache.catalina.Loader)
2023-01-04 17:44:53.584 DEBUG 3888 --- [kground-preinit] o.apache.tomcat.util.digester.Digester   :   Fire begin() for SetNextRule[methodName=addAttribute, paramType=org.apache.tomcat.util.modeler.AttributeInfo]
2023-01-04 17:44:53.584 DEBUG 3888 --- [kground-preinit] o.a.tomcat.util.digester.Digester.sax    : endElement(,,attribute)
2023-01-04 17:44:53.584 DEBUG 3888 --- [kground-preinit] o.apache.tomcat.util.digester.Digester   :   match='mbeans-descriptors/mbean/attribute'
2023-01-04 17:44:53.584 DEBUG 3888 --- [kground-preinit] o.apache.tomcat.util.digester.Digester   :   bodyText=''
2023-01-04 17:44:53.584 DEBUG 3888 --- [kground-preinit] o.apache.tomcat.util.digester.Digester   :   Fire body() for ObjectCreateRule[className=org.apache.tomcat.util.modeler.AttributeInfo, attributeName=null]
2023-01-04 17:44:53.584 DEBUG 3888 --- [kground-preinit] o.apache.tomcat.util.digester.Digester   :   Fire body() for SetPropertiesRule[]
2023-01-04 17:44:53.584 DEBUG 3888 --- [kground-preinit] o.apache.tomcat.util.digester.Digester   :   Fire body() for SetNextRule[methodName=addAttribute, paramType=org.apache.tomcat.util.modeler.AttributeInfo]
2023-01-04 17:44:53.584 DEBUG 3888 --- [kground-preinit] o.apache.tomcat.util.digester.Digester   :   Fire end() for SetNextRule[methodName=addAttribute, paramType=org.apache.tomcat.util.modeler.AttributeInfo]
2023-01-04 17:44:53.584 DEBUG 3888 --- [kground-preinit] o.apache.tomcat.util.digester.Digester   : [SetNextRule]{mbeans-descriptors/mbean/attribute} Call org.apache.tomcat.util.modeler.ManagedBean.addAttribute(org.apache.tomcat.util.modeler.AttributeInfo@44e0d909)
2023-01-04 17:44:53.584 DEBUG 3888 --- [kground-preinit] o.apache.tomcat.util.IntrospectionUtils  : IntrospectionUtils: callMethod1 org.apache.tomcat.util.modeler.ManagedBean org.apache.tomcat.util.modeler.AttributeInfo org.apache.tomcat.util.modeler.AttributeInfo
2023-01-04 17:44:53.585 DEBUG 3888 --- [kground-preinit] o.apache.tomcat.util.digester.Digester   :   Fire end() for SetPropertiesRule[]
2023-01-04 17:44:53.585 DEBUG 3888 --- [kground-preinit] o.apache.tomcat.util.digester.Digester   :   Fire end() for ObjectCreateRule[className=org.apache.tomcat.util.modeler.AttributeInfo, attributeName=null]
2023-01-04 17:44:53.585 DEBUG 3888 --- [kground-preinit] o.apache.tomcat.util.digester.Digester   : [ObjectCreateRule]{mbeans-descriptors/mbean/attribute} Pop org.apache.tomcat.util.modeler.AttributeInfo
2023-01-04 17:44:53.585 DEBUG 3888 --- [kground-preinit] o.a.tomcat.util.digester.Digester.sax    : characters(

    )
2023-01-04 17:44:53.585 DEBUG 3888 --- [kground-preinit] o.a.tomcat.util.digester.Digester.sax    : startElement(,,attribute)
2023-01-04 17:44:53.585 DEBUG 3888 --- [kground-preinit] o.apache.tomcat.util.digester.Digester   :   New match='mbeans-descriptors/mbean/attribute'
2023-01-04 17:44:53.585 DEBUG 3888 --- [kground-preinit] o.apache.tomcat.util.digester.Digester   :   Fire begin() for ObjectCreateRule[className=org.apache.tomcat.util.modeler.AttributeInfo, attributeName=null]
2023-01-04 17:44:53.585 DEBUG 3888 --- [kground-preinit] o.apache.tomcat.util.digester.Digester   : [ObjectCreateRule]{mbeans-descriptors/mbean/attribute}New org.apache.tomcat.util.modeler.AttributeInfo
2023-01-04 17:44:53.585 DEBUG 3888 --- [kground-preinit] o.apache.tomcat.util.digester.Digester   :   Fire begin() for SetPropertiesRule[]
2023-01-04 17:44:53.585 DEBUG 3888 --- [kground-preinit] o.apache.tomcat.util.digester.Digester   : [SetPropertiesRule]{mbeans-descriptors/mbean/attribute} Set org.apache.tomcat.util.modeler.AttributeInfo properties
2023-01-04 17:44:53.585 DEBUG 3888 --- [kground-preinit] o.apache.tomcat.util.digester.Digester   : [SetPropertiesRule]{mbeans-descriptors/mbean/attribute} Setting property 'name' to 'logEffectiveWebXml'
2023-01-04 17:44:53.586 DEBUG 3888 --- [kground-preinit] o.apache.tomcat.util.IntrospectionUtils  : IntrospectionUtils: setProperty(class org.apache.tomcat.util.modeler.AttributeInfo name=logEffectiveWebXml)
2023-01-04 17:44:53.586 DEBUG 3888 --- [kground-preinit] o.apache.tomcat.util.digester.Digester   : [SetPropertiesRule]{mbeans-descriptors/mbean/attribute} Setting property 'description' to 'Should the effective web.xml be logged when the context starts?'
2023-01-04 17:44:53.586 DEBUG 3888 --- [kground-preinit] o.apache.tomcat.util.IntrospectionUtils  : IntrospectionUtils: setProperty(class org.apache.tomcat.util.modeler.AttributeInfo description=Should the effective web.xml be logged when the context starts?)
2023-01-04 17:44:53.586 DEBUG 3888 --- [kground-preinit] o.apache.tomcat.util.digester.Digester   : [SetPropertiesRule]{mbeans-descriptors/mbean/attribute} Setting property 'type' to 'boolean'
2023-01-04 17:44:53.586 DEBUG 3888 --- [kground-preinit] o.apache.tomcat.util.IntrospectionUtils  : IntrospectionUtils: setProperty(class org.apache.tomcat.util.modeler.AttributeInfo type=boolean)
2023-01-04 17:44:53.586 DEBUG 3888 --- [kground-preinit] o.apache.tomcat.util.digester.Digester   :   Fire begin() for SetNextRule[methodName=addAttribute, paramType=org.apache.tomcat.util.modeler.AttributeInfo]
2023-01-04 17:44:53.586 DEBUG 3888 --- [kground-preinit] o.a.tomcat.util.digester.Digester.sax    : endElement(,,attribute)
2023-01-04 17:44:53.586 DEBUG 3888 --- [kground-preinit] o.apache.tomcat.util.digester.Digester   :   match='mbeans-descriptors/mbean/attribute'
2023-01-04 17:44:53.586 DEBUG 3888 --- [kground-preinit] o.apache.tomcat.util.digester.Digester   :   bodyText=''
2023-01-04 17:44:53.586 DEBUG 3888 --- [kground-preinit] o.apache.tomcat.util.digester.Digester   :   Fire body() for ObjectCreateRule[className=org.apache.tomcat.util.modeler.AttributeInfo, attributeName=null]
2023-01-04 17:44:53.586 DEBUG 3888 --- [kground-preinit] o.apache.tomcat.util.digester.Digester   :   Fire body() for SetPropertiesRule[]
2023-01-04 17:44:53.586 DEBUG 3888 --- [kground-preinit] o.apache.tomcat.util.digester.Digester   :   Fire body() for SetNextRule[methodName=addAttribute, paramType=org.apache.tomcat.util.modeler.AttributeInfo]
2023-01-04 17:44:53.587 DEBUG 3888 --- [kground-preinit] o.apache.tomcat.util.digester.Digester   :   Fire end() for SetNextRule[methodName=addAttribute, paramType=org.apache.tomcat.util.modeler.AttributeInfo]
2023-01-04 17:44:53.587 DEBUG 3888 --- [kground-preinit] o.apache.tomcat.util.digester.Digester   : [SetNextRule]{mbeans-descriptors/mbean/attribute} Call org.apache.tomcat.util.modeler.ManagedBean.addAttribute(org.apache.tomcat.util.modeler.AttributeInfo@277dfbc3)
2023-01-04 17:44:53.587 DEBUG 3888 --- [kground-preinit] o.apache.tomcat.util.IntrospectionUtils  : IntrospectionUtils: callMethod1 org.apache.tomcat.util.modeler.ManagedBean org.apache.tomcat.util.modeler.AttributeInfo org.apache.tomcat.util.modeler.AttributeInfo
2023-01-04 17:44:53.587 DEBUG 3888 --- [kground-preinit] o.apache.tomcat.util.digester.Digester   :   Fire end() for SetPropertiesRule[]
2023-01-04 17:44:53.587 DEBUG 3888 --- [kground-preinit] o.apache.tomcat.util.digester.Digester   :   Fire end() for ObjectCreateRule[className=org.apache.tomcat.util.modeler.AttributeInfo, attributeName=null]
2023-01-04 17:44:53.587 DEBUG 3888 --- [kground-preinit] o.apache.tomcat.util.digester.Digester   : [ObjectCreateRule]{mbeans-descriptors/mbean/attribute} Pop org.apache.tomcat.util.modeler.AttributeInfo
2023-01-04 17:44:53.587 DEBUG 3888 --- [kground-preinit] o.a.tomcat.util.digester.Digester.sax    : characters(

    )
2023-01-04 17:44:53.587 DEBUG 3888 --- [kground-preinit] o.a.tomcat.util.digester.Digester.sax    : startElement(,,attribute)
2023-01-04 17:44:53.587 DEBUG 3888 --- [kground-preinit] o.apache.tomcat.util.digester.Digester   :   New match='mbeans-descriptors/mbean/attribute'
2023-01-04 17:44:53.587 DEBUG 3888 --- [kground-preinit] o.apache.tomcat.util.digester.Digester   :   Fire begin() for ObjectCreateRule[className=org.apache.tomcat.util.modeler.AttributeInfo, attributeName=null]
2023-01-04 17:44:53.587 DEBUG 3888 --- [kground-preinit] o.apache.tomcat.util.digester.Digester   : [ObjectCreateRule]{mbeans-descriptors/mbean/attribute}New org.apache.tomcat.util.modeler.AttributeInfo
2023-01-04 17:44:53.588 DEBUG 3888 --- [kground-preinit] o.apache.tomcat.util.digester.Digester   :   Fire begin() for SetPropertiesRule[]
2023-01-04 17:44:53.588 DEBUG 3888 --- [kground-preinit] o.apache.tomcat.util.digester.Digester   : [SetPropertiesRule]{mbeans-descriptors/mbean/attribute} Set org.apache.tomcat.util.modeler.AttributeInfo properties
2023-01-04 17:44:53.588 DEBUG 3888 --- [kground-preinit] o.apache.tomcat.util.digester.Digester   : [SetPropertiesRule]{mbeans-descriptors/mbean/attribute} Setting property 'name' to 'logger'
2023-01-04 17:44:53.588 DEBUG 3888 --- [kground-preinit] o.apache.tomcat.util.IntrospectionUtils  : IntrospectionUtils: setProperty(class org.apache.tomcat.util.modeler.AttributeInfo name=logger)
2023-01-04 17:44:53.588 DEBUG 3888 --- [kground-preinit] o.apache.tomcat.util.digester.Digester   : [SetPropertiesRule]{mbeans-descriptors/mbean/attribute} Setting property 'description' to 'Associated logger.'
2023-01-04 17:44:53.588 DEBUG 3888 --- [kground-preinit] o.apache.tomcat.util.IntrospectionUtils  : IntrospectionUtils: setProperty(class org.apache.tomcat.util.modeler.AttributeInfo description=Associated logger.)
2023-01-04 17:44:53.588 DEBUG 3888 --- [kground-preinit] o.apache.tomcat.util.digester.Digester   : [SetPropertiesRule]{mbeans-descriptors/mbean/attribute} Setting property 'type' to 'org.apache.juli.logging.Log'
2023-01-04 17:44:53.588 DEBUG 3888 --- [kground-preinit] o.apache.tomcat.util.IntrospectionUtils  : IntrospectionUtils: setProperty(class org.apache.tomcat.util.modeler.AttributeInfo type=org.apache.juli.logging.Log)
2023-01-04 17:44:53.588 DEBUG 3888 --- [kground-preinit] o.apache.tomcat.util.digester.Digester   :   Fire begin() for SetNextRule[methodName=addAttribute, paramType=org.apache.tomcat.util.modeler.AttributeInfo]
2023-01-04 17:44:53.589 DEBUG 3888 --- [kground-preinit] o.a.tomcat.util.digester.Digester.sax    : endElement(,,attribute)
2023-01-04 17:44:53.589 DEBUG 3888 --- [kground-preinit] o.apache.tomcat.util.digester.Digester   :   match='mbeans-descriptors/mbean/attribute'
2023-01-04 17:44:53.589 DEBUG 3888 --- [kground-preinit] o.apache.tomcat.util.digester.Digester   :   bodyText=''
2023-01-04 17:44:53.589 DEBUG 3888 --- [kground-preinit] o.apache.tomcat.util.digester.Digester   :   Fire body() for ObjectCreateRule[className=org.apache.tomcat.util.modeler.AttributeInfo, attributeName=null]
2023-01-04 17:44:53.589 DEBUG 3888 --- [kground-preinit] o.apache.tomcat.util.digester.Digester   :   Fire body() for SetPropertiesRule[]
2023-01-04 17:44:53.589 DEBUG 3888 --- [kground-preinit] o.apache.tomcat.util.digester.Digester   :   Fire body() for SetNextRule[methodName=addAttribute, paramType=org.apache.tomcat.util.modeler.AttributeInfo]
2023-01-04 17:44:53.589 DEBUG 3888 --- [kground-preinit] o.apache.tomcat.util.digester.Digester   :   Fire end() for SetNextRule[methodName=addAttribute, paramType=org.apache.tomcat.util.modeler.AttributeInfo]
2023-01-04 17:44:53.589 DEBUG 3888 --- [kground-preinit] o.apache.tomcat.util.digester.Digester   : [SetNextRule]{mbeans-descriptors/mbean/attribute} Call org.apache.tomcat.util.modeler.ManagedBean.addAttribute(org.apache.tomcat.util.modeler.AttributeInfo@2e8641a7)
2023-01-04 17:44:53.589 DEBUG 3888 --- [kground-preinit] o.apache.tomcat.util.IntrospectionUtils  : IntrospectionUtils: callMethod1 org.apache.tomcat.util.modeler.ManagedBean org.apache.tomcat.util.modeler.AttributeInfo org.apache.tomcat.util.modeler.AttributeInfo
2023-01-04 17:44:53.590 DEBUG 3888 --- [kground-preinit] o.apache.tomcat.util.digester.Digester   :   Fire end() for SetPropertiesRule[]
2023-01-04 17:44:53.590 DEBUG 3888 --- [kground-preinit] o.apache.tomcat.util.digester.Digester   :   Fire end() for ObjectCreateRule[className=org.apache.tomcat.util.modeler.AttributeInfo, attributeName=null]
2023-01-04 17:44:53.590 DEBUG 3888 --- [kground-preinit] o.apache.tomcat.util.digester.Digester   : [ObjectCreateRule]{mbeans-descriptors/mbean/attribute} Pop org.apache.tomcat.util.modeler.AttributeInfo
2023-01-04 17:44:53.590 DEBUG 3888 --- [kground-preinit] o.a.tomcat.util.digester.Digester.sax    : characters(

    )
2023-01-04 17:44:53.590 DEBUG 3888 --- [kground-preinit] o.a.tomcat.util.digester.Digester.sax    : startElement(,,attribute)
2023-01-04 17:44:53.590 DEBUG 3888 --- [kground-preinit] o.apache.tomcat.util.digester.Digester   :   New match='mbeans-descriptors/mbean/attribute'
2023-01-04 17:44:53.590 DEBUG 3888 --- [kground-preinit] o.apache.tomcat.util.digester.Digester   :   Fire begin() for ObjectCreateRule[className=org.apache.tomcat.util.modeler.AttributeInfo, attributeName=null]
2023-01-04 17:44:53.590 DEBUG 3888 --- [kground-preinit] o.apache.tomcat.util.digester.Digester   : [ObjectCreateRule]{mbeans-descriptors/mbean/attribute}New org.apache.tomcat.util.modeler.AttributeInfo
2023-01-04 17:44:53.591 DEBUG 3888 --- [kground-preinit] o.apache.tomcat.util.digester.Digester   :   Fire begin() for SetPropertiesRule[]
2023-01-04 17:44:53.591 DEBUG 3888 --- [kground-preinit] o.apache.tomcat.util.digester.Digester   : [SetPropertiesRule]{mbeans-descriptors/mbean/attribute} Set org.apache.tomcat.util.modeler.AttributeInfo properties
2023-01-04 17:44:53.591 DEBUG 3888 --- [kground-preinit] o.apache.tomcat.util.digester.Digester   : [SetPropertiesRule]{mbeans-descriptors/mbean/attribute} Setting property 'name' to 'managedResource'
2023-01-04 17:44:53.591 DEBUG 3888 --- [kground-preinit] o.apache.tomcat.util.IntrospectionUtils  : IntrospectionUtils: setProperty(class org.apache.tomcat.util.modeler.AttributeInfo name=managedResource)
2023-01-04 17:44:53.591 DEBUG 3888 --- [kground-preinit] o.apache.tomcat.util.digester.Digester   : [SetPropertiesRule]{mbeans-descriptors/mbean/attribute} Setting property 'description' to 'The managed resource this MBean is associated with'
2023-01-04 17:44:53.592 DEBUG 3888 --- [kground-preinit] o.apache.tomcat.util.IntrospectionUtils  : IntrospectionUtils: setProperty(class org.apache.tomcat.util.modeler.AttributeInfo description=The managed resource this MBean is associated with)
2023-01-04 17:44:53.592 DEBUG 3888 --- [kground-preinit] o.apache.tomcat.util.digester.Digester   : [SetPropertiesRule]{mbeans-descriptors/mbean/attribute} Setting property 'type' to 'java.lang.Object'
2023-01-04 17:44:53.592 DEBUG 3888 --- [kground-preinit] o.apache.tomcat.util.IntrospectionUtils  : IntrospectionUtils: setProperty(class org.apache.tomcat.util.modeler.AttributeInfo type=java.lang.Object)
2023-01-04 17:44:53.592 DEBUG 3888 --- [kground-preinit] o.apache.tomcat.util.digester.Digester   :   Fire begin() for SetNextRule[methodName=addAttribute, paramType=org.apache.tomcat.util.modeler.AttributeInfo]
2023-01-04 17:44:53.592 DEBUG 3888 --- [kground-preinit] o.a.tomcat.util.digester.Digester.sax    : endElement(,,attribute)
2023-01-04 17:44:53.592 DEBUG 3888 --- [kground-preinit] o.apache.tomcat.util.digester.Digester   :   match='mbeans-descriptors/mbean/attribute'
2023-01-04 17:44:53.592 DEBUG 3888 --- [kground-preinit] o.apache.tomcat.util.digester.Digester   :   bodyText=''
2023-01-04 17:44:53.592 DEBUG 3888 --- [kground-preinit] o.apache.tomcat.util.digester.Digester   :   Fire body() for ObjectCreateRule[className=org.apache.tomcat.util.modeler.AttributeInfo, attributeName=null]
2023-01-04 17:44:53.592 DEBUG 3888 --- [kground-preinit] o.apache.tomcat.util.digester.Digester   :   Fire body() for SetPropertiesRule[]
2023-01-04 17:44:53.593 DEBUG 3888 --- [kground-preinit] o.apache.tomcat.util.digester.Digester   :   Fire body() for SetNextRule[methodName=addAttribute, paramType=org.apache.tomcat.util.modeler.AttributeInfo]
2023-01-04 17:44:53.593 DEBUG 3888 --- [kground-preinit] o.apache.tomcat.util.digester.Digester   :   Fire end() for SetNextRule[methodName=addAttribute, paramType=org.apache.tomcat.util.modeler.AttributeInfo]
2023-01-04 17:44:53.597 DEBUG 3888 --- [           main] o.s.b.f.s.DefaultListableBeanFactory     : Returning cached instance of singleton bean 'autoConfigurationReport'
2023-01-04 17:44:53.604 DEBUG 3888 --- [           main] o.s.b.f.s.DefaultListableBeanFactory     : Returning cached instance of singleton bean 'autoConfigurationReport'
2023-01-04 17:44:53.608 DEBUG 3888 --- [           main] o.s.b.f.s.DefaultListableBeanFactory     : Returning cached instance of singleton bean 'autoConfigurationReport'
2023-01-04 17:44:53.608 DEBUG 3888 --- [           main] o.s.b.f.s.DefaultListableBeanFactory     : Returning cached instance of singleton bean 'autoConfigurationReport'
2023-01-04 17:44:53.609 DEBUG 3888 --- [           main] o.s.b.f.s.DefaultListableBeanFactory     : Returning cached instance of singleton bean 'autoConfigurationReport'
2023-01-04 17:44:53.611 DEBUG 3888 --- [           main] o.s.b.f.s.DefaultListableBeanFactory     : Returning cached instance of singleton bean 'autoConfigurationReport'
2023-01-04 17:44:53.611 DEBUG 3888 --- [           main] o.s.b.f.s.DefaultListableBeanFactory     : Returning cached instance of singleton bean 'autoConfigurationReport'
2023-01-04 17:44:53.612 DEBUG 3888 --- [           main] o.s.b.f.s.DefaultListableBeanFactory     : Returning cached instance of singleton bean 'autoConfigurationReport'
2023-01-04 17:44:53.614 DEBUG 3888 --- [           main] o.s.b.f.s.DefaultListableBeanFactory     : Returning cached instance of singleton bean 'autoConfigurationReport'
2023-01-04 17:44:53.615 DEBUG 3888 --- [           main] o.s.b.f.s.DefaultListableBeanFactory     : Returning cached instance of singleton bean 'autoConfigurationReport'
2023-01-04 17:44:53.615 DEBUG 3888 --- [kground-preinit] o.apache.tomcat.util.digester.Digester   : [SetNextRule]{mbeans-descriptors/mbean/attribute} Call org.apache.tomcat.util.modeler.ManagedBean.addAttribute(org.apache.tomcat.util.modeler.AttributeInfo@184897d3)
2023-01-04 17:44:53.615 DEBUG 3888 --- [           main] o.s.b.f.s.DefaultListableBeanFactory     : Returning cached instance of singleton bean 'autoConfigurationReport'
2023-01-04 17:44:53.616 DEBUG 3888 --- [kground-preinit] o.apache.tomcat.util.IntrospectionUtils  : IntrospectionUtils: callMethod1 org.apache.tomcat.util.modeler.ManagedBean org.apache.tomcat.util.modeler.AttributeInfo org.apache.tomcat.util.modeler.AttributeInfo
2023-01-04 17:44:53.616 DEBUG 3888 --- [kground-preinit] o.apache.tomcat.util.digester.Digester   :   Fire end() for SetPropertiesRule[]
2023-01-04 17:44:53.616 DEBUG 3888 --- [kground-preinit] o.apache.tomcat.util.digester.Digester   :   Fire end() for ObjectCreateRule[className=org.apache.tomcat.util.modeler.AttributeInfo, attributeName=null]
2023-01-04 17:44:53.616 DEBUG 3888 --- [kground-preinit] o.apache.tomcat.util.digester.Digester   : [ObjectCreateRule]{mbeans-descriptors/mbean/attribute} Pop org.apache.tomcat.util.modeler.AttributeInfo
2023-01-04 17:44:53.616 DEBUG 3888 --- [kground-preinit] o.a.tomcat.util.digester.Digester.sax    : characters(

    )
2023-01-04 17:44:53.616 DEBUG 3888 --- [           main] o.s.b.f.s.DefaultListableBeanFactory     : Returning cached instance of singleton bean 'autoConfigurationReport'
2023-01-04 17:44:53.616 DEBUG 3888 --- [           main] o.s.b.f.s.DefaultListableBeanFactory     : Returning cached instance of singleton bean 'autoConfigurationReport'
2023-01-04 17:44:53.616 DEBUG 3888 --- [kground-preinit] o.a.tomcat.util.digester.Digester.sax    : startElement(,,attribute)
2023-01-04 17:44:53.617 DEBUG 3888 --- [kground-preinit] o.apache.tomcat.util.digester.Digester   :   New match='mbeans-descriptors/mbean/attribute'
2023-01-04 17:44:53.617 DEBUG 3888 --- [kground-preinit] o.apache.tomcat.util.digester.Digester   :   Fire begin() for ObjectCreateRule[className=org.apache.tomcat.util.modeler.AttributeInfo, attributeName=null]
2023-01-04 17:44:53.617 DEBUG 3888 --- [kground-preinit] o.apache.tomcat.util.digester.Digester   : [ObjectCreateRule]{mbeans-descriptors/mbean/attribute}New org.apache.tomcat.util.modeler.AttributeInfo
2023-01-04 17:44:53.617 DEBUG 3888 --- [kground-preinit] o.apache.tomcat.util.digester.Digester   :   Fire begin() for SetPropertiesRule[]
2023-01-04 17:44:53.617 DEBUG 3888 --- [kground-preinit] o.apache.tomcat.util.digester.Digester   : [SetPropertiesRule]{mbeans-descriptors/mbean/attribute} Set org.apache.tomcat.util.modeler.AttributeInfo properties
2023-01-04 17:44:53.617 DEBUG 3888 --- [           main] o.s.b.f.s.DefaultListableBeanFactory     : Returning cached instance of singleton bean 'autoConfigurationReport'
2023-01-04 17:44:53.617 DEBUG 3888 --- [kground-preinit] o.apache.tomcat.util.digester.Digester   : [SetPropertiesRule]{mbeans-descriptors/mbean/attribute} Setting property 'name' to 'manager'
2023-01-04 17:44:53.617 DEBUG 3888 --- [kground-preinit] o.apache.tomcat.util.IntrospectionUtils  : IntrospectionUtils: setProperty(class org.apache.tomcat.util.modeler.AttributeInfo name=manager)
2023-01-04 17:44:53.618 DEBUG 3888 --- [kground-preinit] o.apache.tomcat.util.digester.Digester   : [SetPropertiesRule]{mbeans-descriptors/mbean/attribute} Setting property 'description' to 'Associated manager.'
2023-01-04 17:44:53.618 DEBUG 3888 --- [           main] o.s.b.f.s.DefaultListableBeanFactory     : Returning cached instance of singleton bean 'autoConfigurationReport'
2023-01-04 17:44:53.618 DEBUG 3888 --- [kground-preinit] o.apache.tomcat.util.IntrospectionUtils  : IntrospectionUtils: setProperty(class org.apache.tomcat.util.modeler.AttributeInfo description=Associated manager.)
2023-01-04 17:44:53.618 DEBUG 3888 --- [kground-preinit] o.apache.tomcat.util.digester.Digester   : [SetPropertiesRule]{mbeans-descriptors/mbean/attribute} Setting property 'type' to 'org.apache.catalina.Manager'
2023-01-04 17:44:53.618 DEBUG 3888 --- [kground-preinit] o.apache.tomcat.util.IntrospectionUtils  : IntrospectionUtils: setProperty(class org.apache.tomcat.util.modeler.AttributeInfo type=org.apache.catalina.Manager)
2023-01-04 17:44:53.619 DEBUG 3888 --- [kground-preinit] o.apache.tomcat.util.digester.Digester   :   Fire begin() for SetNextRule[methodName=addAttribute, paramType=org.apache.tomcat.util.modeler.AttributeInfo]
2023-01-04 17:44:53.620 DEBUG 3888 --- [kground-preinit] o.a.tomcat.util.digester.Digester.sax    : endElement(,,attribute)
2023-01-04 17:44:53.621 DEBUG 3888 --- [kground-preinit] o.apache.tomcat.util.digester.Digester   :   match='mbeans-descriptors/mbean/attribute'
2023-01-04 17:44:53.621 DEBUG 3888 --- [           main] o.s.b.f.s.DefaultListableBeanFactory     : Returning cached instance of singleton bean 'autoConfigurationReport'
2023-01-04 17:44:53.621 DEBUG 3888 --- [           main] o.s.b.f.s.DefaultListableBeanFactory     : Returning cached instance of singleton bean 'autoConfigurationReport'
2023-01-04 17:44:53.621 DEBUG 3888 --- [kground-preinit] o.apache.tomcat.util.digester.Digester   :   bodyText=''
2023-01-04 17:44:53.621 DEBUG 3888 --- [           main] o.s.b.f.s.DefaultListableBeanFactory     : Returning cached instance of singleton bean 'autoConfigurationReport'
2023-01-04 17:44:53.621 DEBUG 3888 --- [kground-preinit] o.apache.tomcat.util.digester.Digester   :   Fire body() for ObjectCreateRule[className=org.apache.tomcat.util.modeler.AttributeInfo, attributeName=null]
2023-01-04 17:44:53.622 DEBUG 3888 --- [           main] o.s.b.f.s.DefaultListableBeanFactory     : Returning cached instance of singleton bean 'autoConfigurationReport'
2023-01-04 17:44:53.622 DEBUG 3888 --- [           main] o.s.b.f.s.DefaultListableBeanFactory     : Returning cached instance of singleton bean 'autoConfigurationReport'
2023-01-04 17:44:53.623 DEBUG 3888 --- [           main] o.s.b.f.s.DefaultListableBeanFactory     : Returning cached instance of singleton bean 'autoConfigurationReport'
2023-01-04 17:44:53.623 DEBUG 3888 --- [           main] o.s.b.f.s.DefaultListableBeanFactory     : Returning cached instance of singleton bean 'autoConfigurationReport'
2023-01-04 17:44:53.624 DEBUG 3888 --- [kground-preinit] o.apache.tomcat.util.digester.Digester   :   Fire body() for SetPropertiesRule[]
2023-01-04 17:44:53.625 DEBUG 3888 --- [kground-preinit] o.apache.tomcat.util.digester.Digester   :   Fire body() for SetNextRule[methodName=addAttribute, paramType=org.apache.tomcat.util.modeler.AttributeInfo]
2023-01-04 17:44:53.625 DEBUG 3888 --- [kground-preinit] o.apache.tomcat.util.digester.Digester   :   Fire end() for SetNextRule[methodName=addAttribute, paramType=org.apache.tomcat.util.modeler.AttributeInfo]
2023-01-04 17:44:53.625 DEBUG 3888 --- [kground-preinit] o.apache.tomcat.util.digester.Digester   : [SetNextRule]{mbeans-descriptors/mbean/attribute} Call org.apache.tomcat.util.modeler.ManagedBean.addAttribute(org.apache.tomcat.util.modeler.AttributeInfo@5aa22d42)
2023-01-04 17:44:53.625 DEBUG 3888 --- [kground-preinit] o.apache.tomcat.util.IntrospectionUtils  : IntrospectionUtils: callMethod1 org.apache.tomcat.util.modeler.ManagedBean org.apache.tomcat.util.modeler.AttributeInfo org.apache.tomcat.util.modeler.AttributeInfo
2023-01-04 17:44:53.625 DEBUG 3888 --- [kground-preinit] o.apache.tomcat.util.digester.Digester   :   Fire end() for SetPropertiesRule[]
2023-01-04 17:44:53.625 DEBUG 3888 --- [kground-preinit] o.apache.tomcat.util.digester.Digester   :   Fire end() for ObjectCreateRule[className=org.apache.tomcat.util.modeler.AttributeInfo, attributeName=null]
2023-01-04 17:44:53.625 DEBUG 3888 --- [kground-preinit] o.apache.tomcat.util.digester.Digester   : [ObjectCreateRule]{mbeans-descriptors/mbean/attribute} Pop org.apache.tomcat.util.modeler.AttributeInfo
2023-01-04 17:44:53.626 DEBUG 3888 --- [kground-preinit] o.a.tomcat.util.digester.Digester.sax    : characters(

    )
2023-01-04 17:44:53.626 DEBUG 3888 --- [kground-preinit] o.a.tomcat.util.digester.Digester.sax    : startElement(,,attribute)
2023-01-04 17:44:53.626 DEBUG 3888 --- [kground-preinit] o.apache.tomcat.util.digester.Digester   :   New match='mbeans-descriptors/mbean/attribute'
2023-01-04 17:44:53.626 DEBUG 3888 --- [kground-preinit] o.apache.tomcat.util.digester.Digester   :   Fire begin() for ObjectCreateRule[className=org.apache.tomcat.util.modeler.AttributeInfo, attributeName=null]
2023-01-04 17:44:53.626 DEBUG 3888 --- [kground-preinit] o.apache.tomcat.util.digester.Digester   : [ObjectCreateRule]{mbeans-descriptors/mbean/attribute}New org.apache.tomcat.util.modeler.AttributeInfo
2023-01-04 17:44:53.626 DEBUG 3888 --- [kground-preinit] o.apache.tomcat.util.digester.Digester   :   Fire begin() for SetPropertiesRule[]
2023-01-04 17:44:53.627 DEBUG 3888 --- [kground-preinit] o.apache.tomcat.util.digester.Digester   : [SetPropertiesRule]{mbeans-descriptors/mbean/attribute} Set org.apache.tomcat.util.modeler.AttributeInfo properties
2023-01-04 17:44:53.627 DEBUG 3888 --- [kground-preinit] o.apache.tomcat.util.digester.Digester   : [SetPropertiesRule]{mbeans-descriptors/mbean/attribute} Setting property 'name' to 'mapperContextRootRedirectEnabled'
2023-01-04 17:44:53.627 DEBUG 3888 --- [kground-preinit] o.apache.tomcat.util.IntrospectionUtils  : IntrospectionUtils: setProperty(class org.apache.tomcat.util.modeler.AttributeInfo name=mapperContextRootRedirectEnabled)
2023-01-04 17:44:53.627 DEBUG 3888 --- [kground-preinit] o.apache.tomcat.util.digester.Digester   : [SetPropertiesRule]{mbeans-descriptors/mbean/attribute} Setting property 'description' to 'Should the Mapper be used for context root redirects'
2023-01-04 17:44:53.627 DEBUG 3888 --- [kground-preinit] o.apache.tomcat.util.IntrospectionUtils  : IntrospectionUtils: setProperty(class org.apache.tomcat.util.modeler.AttributeInfo description=Should the Mapper be used for context root redirects)
2023-01-04 17:44:53.627 DEBUG 3888 --- [kground-preinit] o.apache.tomcat.util.digester.Digester   : [SetPropertiesRule]{mbeans-descriptors/mbean/attribute} Setting property 'type' to 'boolean'
2023-01-04 17:44:53.627 DEBUG 3888 --- [kground-preinit] o.apache.tomcat.util.IntrospectionUtils  : IntrospectionUtils: setProperty(class org.apache.tomcat.util.modeler.AttributeInfo type=boolean)
2023-01-04 17:44:53.627 DEBUG 3888 --- [kground-preinit] o.apache.tomcat.util.digester.Digester   :   Fire begin() for SetNextRule[methodName=addAttribute, paramType=org.apache.tomcat.util.modeler.AttributeInfo]
2023-01-04 17:44:53.627 DEBUG 3888 --- [kground-preinit] o.a.tomcat.util.digester.Digester.sax    : endElement(,,attribute)
2023-01-04 17:44:53.627 DEBUG 3888 --- [kground-preinit] o.apache.tomcat.util.digester.Digester   :   match='mbeans-descriptors/mbean/attribute'
2023-01-04 17:44:53.627 DEBUG 3888 --- [kground-preinit] o.apache.tomcat.util.digester.Digester   :   bodyText=''
2023-01-04 17:44:53.627 DEBUG 3888 --- [kground-preinit] o.apache.tomcat.util.digester.Digester   :   Fire body() for ObjectCreateRule[className=org.apache.tomcat.util.modeler.AttributeInfo, attributeName=null]
2023-01-04 17:44:53.627 DEBUG 3888 --- [kground-preinit] o.apache.tomcat.util.digester.Digester   :   Fire body() for SetPropertiesRule[]
2023-01-04 17:44:53.627 DEBUG 3888 --- [kground-preinit] o.apache.tomcat.util.digester.Digester   :   Fire body() for SetNextRule[methodName=addAttribute, paramType=org.apache.tomcat.util.modeler.AttributeInfo]
2023-01-04 17:44:53.628 DEBUG 3888 --- [kground-preinit] o.apache.tomcat.util.digester.Digester   :   Fire end() for SetNextRule[methodName=addAttribute, paramType=org.apache.tomcat.util.modeler.AttributeInfo]
2023-01-04 17:44:53.629 DEBUG 3888 --- [kground-preinit] o.apache.tomcat.util.digester.Digester   : [SetNextRule]{mbeans-descriptors/mbean/attribute} Call org.apache.tomcat.util.modeler.ManagedBean.addAttribute(org.apache.tomcat.util.modeler.AttributeInfo@12497636)
2023-01-04 17:44:53.629 DEBUG 3888 --- [kground-preinit] o.apache.tomcat.util.IntrospectionUtils  : IntrospectionUtils: callMethod1 org.apache.tomcat.util.modeler.ManagedBean org.apache.tomcat.util.modeler.AttributeInfo org.apache.tomcat.util.modeler.AttributeInfo
2023-01-04 17:44:53.629 DEBUG 3888 --- [           main] o.s.b.f.s.DefaultListableBeanFactory     : Returning cached instance of singleton bean 'autoConfigurationReport'
2023-01-04 17:44:53.629 DEBUG 3888 --- [           main] o.s.b.f.s.DefaultListableBeanFactory     : Returning cached instance of singleton bean 'autoConfigurationReport'
2023-01-04 17:44:53.629 DEBUG 3888 --- [kground-preinit] o.apache.tomcat.util.digester.Digester   :   Fire end() for SetPropertiesRule[]
2023-01-04 17:44:53.629 DEBUG 3888 --- [kground-preinit] o.apache.tomcat.util.digester.Digester   :   Fire end() for ObjectCreateRule[className=org.apache.tomcat.util.modeler.AttributeInfo, attributeName=null]
2023-01-04 17:44:53.629 DEBUG 3888 --- [           main] o.s.b.f.s.DefaultListableBeanFactory     : Returning cached instance of singleton bean 'autoConfigurationReport'
2023-01-04 17:44:53.629 DEBUG 3888 --- [kground-preinit] o.apache.tomcat.util.digester.Digester   : [ObjectCreateRule]{mbeans-descriptors/mbean/attribute} Pop org.apache.tomcat.util.modeler.AttributeInfo
2023-01-04 17:44:53.629 DEBUG 3888 --- [kground-preinit] o.a.tomcat.util.digester.Digester.sax    : characters(

    )
2023-01-04 17:44:53.629 DEBUG 3888 --- [kground-preinit] o.a.tomcat.util.digester.Digester.sax    : startElement(,,attribute)
2023-01-04 17:44:53.630 DEBUG 3888 --- [kground-preinit] o.apache.tomcat.util.digester.Digester   :   New match='mbeans-descriptors/mbean/attribute'
2023-01-04 17:44:53.630 DEBUG 3888 --- [           main] o.s.b.f.s.DefaultListableBeanFactory     : Returning cached instance of singleton bean 'autoConfigurationReport'
2023-01-04 17:44:53.630 DEBUG 3888 --- [kground-preinit] o.apache.tomcat.util.digester.Digester   :   Fire begin() for ObjectCreateRule[className=org.apache.tomcat.util.modeler.AttributeInfo, attributeName=null]
2023-01-04 17:44:53.630 DEBUG 3888 --- [kground-preinit] o.apache.tomcat.util.digester.Digester   : [ObjectCreateRule]{mbeans-descriptors/mbean/attribute}New org.apache.tomcat.util.modeler.AttributeInfo
2023-01-04 17:44:53.630 DEBUG 3888 --- [kground-preinit] o.apache.tomcat.util.digester.Digester   :   Fire begin() for SetPropertiesRule[]
2023-01-04 17:44:53.630 DEBUG 3888 --- [kground-preinit] o.apache.tomcat.util.digester.Digester   : [SetPropertiesRule]{mbeans-descriptors/mbean/attribute} Set org.apache.tomcat.util.modeler.AttributeInfo properties
2023-01-04 17:44:53.630 DEBUG 3888 --- [kground-preinit] o.apache.tomcat.util.digester.Digester   : [SetPropertiesRule]{mbeans-descriptors/mbean/attribute} Setting property 'name' to 'mapperDirectoryRedirectEnabled'
2023-01-04 17:44:53.630 DEBUG 3888 --- [kground-preinit] o.apache.tomcat.util.IntrospectionUtils  : IntrospectionUtils: setProperty(class org.apache.tomcat.util.modeler.AttributeInfo name=mapperDirectoryRedirectEnabled)
2023-01-04 17:44:53.630 DEBUG 3888 --- [kground-preinit] o.apache.tomcat.util.digester.Digester   : [SetPropertiesRule]{mbeans-descriptors/mbean/attribute} Setting property 'description' to 'Should the Mapper be used for directory redirects'
2023-01-04 17:44:53.630 DEBUG 3888 --- [kground-preinit] o.apache.tomcat.util.IntrospectionUtils  : IntrospectionUtils: setProperty(class org.apache.tomcat.util.modeler.AttributeInfo description=Should the Mapper be used for directory redirects)
2023-01-04 17:44:53.630 DEBUG 3888 --- [kground-preinit] o.apache.tomcat.util.digester.Digester   : [SetPropertiesRule]{mbeans-descriptors/mbean/attribute} Setting property 'type' to 'boolean'
2023-01-04 17:44:53.630 DEBUG 3888 --- [kground-preinit] o.apache.tomcat.util.IntrospectionUtils  : IntrospectionUtils: setProperty(class org.apache.tomcat.util.modeler.AttributeInfo type=boolean)
2023-01-04 17:44:53.630 DEBUG 3888 --- [kground-preinit] o.apache.tomcat.util.digester.Digester   :   Fire begin() for SetNextRule[methodName=addAttribute, paramType=org.apache.tomcat.util.modeler.AttributeInfo]
2023-01-04 17:44:53.631 DEBUG 3888 --- [kground-preinit] o.a.tomcat.util.digester.Digester.sax    : endElement(,,attribute)
2023-01-04 17:44:53.631 DEBUG 3888 --- [           main] o.s.b.f.s.DefaultListableBeanFactory     : Returning cached instance of singleton bean 'autoConfigurationReport'
2023-01-04 17:44:53.631 DEBUG 3888 --- [kground-preinit] o.apache.tomcat.util.digester.Digester   :   match='mbeans-descriptors/mbean/attribute'
2023-01-04 17:44:53.631 DEBUG 3888 --- [kground-preinit] o.apache.tomcat.util.digester.Digester   :   bodyText=''
2023-01-04 17:44:53.631 DEBUG 3888 --- [kground-preinit] o.apache.tomcat.util.digester.Digester   :   Fire body() for ObjectCreateRule[className=org.apache.tomcat.util.modeler.AttributeInfo, attributeName=null]
2023-01-04 17:44:53.631 DEBUG 3888 --- [kground-preinit] o.apache.tomcat.util.digester.Digester   :   Fire body() for SetPropertiesRule[]
2023-01-04 17:44:53.631 DEBUG 3888 --- [kground-preinit] o.apache.tomcat.util.digester.Digester   :   Fire body() for SetNextRule[methodName=addAttribute, paramType=org.apache.tomcat.util.modeler.AttributeInfo]
2023-01-04 17:44:53.631 DEBUG 3888 --- [kground-preinit] o.apache.tomcat.util.digester.Digester   :   Fire end() for SetNextRule[methodName=addAttribute, paramType=org.apache.tomcat.util.modeler.AttributeInfo]
2023-01-04 17:44:53.632 DEBUG 3888 --- [kground-preinit] o.apache.tomcat.util.digester.Digester   : [SetNextRule]{mbeans-descriptors/mbean/attribute} Call org.apache.tomcat.util.modeler.ManagedBean.addAttribute(org.apache.tomcat.util.modeler.AttributeInfo@ede96a1)
2023-01-04 17:44:53.632 DEBUG 3888 --- [kground-preinit] o.apache.tomcat.util.IntrospectionUtils  : IntrospectionUtils: callMethod1 org.apache.tomcat.util.modeler.ManagedBean org.apache.tomcat.util.modeler.AttributeInfo org.apache.tomcat.util.modeler.AttributeInfo
2023-01-04 17:44:53.632 DEBUG 3888 --- [kground-preinit] o.apache.tomcat.util.digester.Digester   :   Fire end() for SetPropertiesRule[]
2023-01-04 17:44:53.632 DEBUG 3888 --- [kground-preinit] o.apache.tomcat.util.digester.Digester   :   Fire end() for ObjectCreateRule[className=org.apache.tomcat.util.modeler.AttributeInfo, attributeName=null]
2023-01-04 17:44:53.632 DEBUG 3888 --- [kground-preinit] o.apache.tomcat.util.digester.Digester   : [ObjectCreateRule]{mbeans-descriptors/mbean/attribute} Pop org.apache.tomcat.util.modeler.AttributeInfo
2023-01-04 17:44:53.632 DEBUG 3888 --- [kground-preinit] o.a.tomcat.util.digester.Digester.sax    : characters(

    )
2023-01-04 17:44:53.632 DEBUG 3888 --- [kground-preinit] o.a.tomcat.util.digester.Digester.sax    : startElement(,,attribute)
2023-01-04 17:44:53.632 DEBUG 3888 --- [kground-preinit] o.apache.tomcat.util.digester.Digester   :   New match='mbeans-descriptors/mbean/attribute'
2023-01-04 17:44:53.632 DEBUG 3888 --- [kground-preinit] o.apache.tomcat.util.digester.Digester   :   Fire begin() for ObjectCreateRule[className=org.apache.tomcat.util.modeler.AttributeInfo, attributeName=null]
2023-01-04 17:44:53.632 DEBUG 3888 --- [           main] o.s.b.f.s.DefaultListableBeanFactory     : Returning cached instance of singleton bean 'autoConfigurationReport'
2023-01-04 17:44:53.633 DEBUG 3888 --- [kground-preinit] o.apache.tomcat.util.digester.Digester   : [ObjectCreateRule]{mbeans-descriptors/mbean/attribute}New org.apache.tomcat.util.modeler.AttributeInfo
2023-01-04 17:44:53.633 DEBUG 3888 --- [kground-preinit] o.apache.tomcat.util.digester.Digester   :   Fire begin() for SetPropertiesRule[]
2023-01-04 17:44:53.633 DEBUG 3888 --- [kground-preinit] o.apache.tomcat.util.digester.Digester   : [SetPropertiesRule]{mbeans-descriptors/mbean/attribute} Set org.apache.tomcat.util.modeler.AttributeInfo properties
2023-01-04 17:44:53.633 DEBUG 3888 --- [kground-preinit] o.apache.tomcat.util.digester.Digester   : [SetPropertiesRule]{mbeans-descriptors/mbean/attribute} Setting property 'name' to 'namingContextListener'
2023-01-04 17:44:53.633 DEBUG 3888 --- [kground-preinit] o.apache.tomcat.util.IntrospectionUtils  : IntrospectionUtils: setProperty(class org.apache.tomcat.util.modeler.AttributeInfo name=namingContextListener)
2023-01-04 17:44:53.633 DEBUG 3888 --- [kground-preinit] o.apache.tomcat.util.digester.Digester   : [SetPropertiesRule]{mbeans-descriptors/mbean/attribute} Setting property 'description' to 'Associated naming context listener.'
2023-01-04 17:44:53.633 DEBUG 3888 --- [kground-preinit] o.apache.tomcat.util.IntrospectionUtils  : IntrospectionUtils: setProperty(class org.apache.tomcat.util.modeler.AttributeInfo description=Associated naming context listener.)
2023-01-04 17:44:53.633 DEBUG 3888 --- [kground-preinit] o.apache.tomcat.util.digester.Digester   : [SetPropertiesRule]{mbeans-descriptors/mbean/attribute} Setting property 'type' to 'org.apache.catalina.core.NamingContextListener'
2023-01-04 17:44:53.633 DEBUG 3888 --- [kground-preinit] o.apache.tomcat.util.IntrospectionUtils  : IntrospectionUtils: setProperty(class org.apache.tomcat.util.modeler.AttributeInfo type=org.apache.catalina.core.NamingContextListener)
2023-01-04 17:44:53.634 DEBUG 3888 --- [kground-preinit] o.apache.tomcat.util.digester.Digester   :   Fire begin() for SetNextRule[methodName=addAttribute, paramType=org.apache.tomcat.util.modeler.AttributeInfo]
2023-01-04 17:44:53.634 DEBUG 3888 --- [kground-preinit] o.a.tomcat.util.digester.Digester.sax    : endElement(,,attribute)
2023-01-04 17:44:53.634 DEBUG 3888 --- [kground-preinit] o.apache.tomcat.util.digester.Digester   :   match='mbeans-descriptors/mbean/attribute'
2023-01-04 17:44:53.634 DEBUG 3888 --- [kground-preinit] o.apache.tomcat.util.digester.Digester   :   bodyText=''
2023-01-04 17:44:53.634 DEBUG 3888 --- [kground-preinit] o.apache.tomcat.util.digester.Digester   :   Fire body() for ObjectCreateRule[className=org.apache.tomcat.util.modeler.AttributeInfo, attributeName=null]
2023-01-04 17:44:53.634 DEBUG 3888 --- [kground-preinit] o.apache.tomcat.util.digester.Digester   :   Fire body() for SetPropertiesRule[]
2023-01-04 17:44:53.634 DEBUG 3888 --- [           main] o.s.b.f.s.DefaultListableBeanFactory     : Returning cached instance of singleton bean 'autoConfigurationReport'
2023-01-04 17:44:53.634 DEBUG 3888 --- [kground-preinit] o.apache.tomcat.util.digester.Digester   :   Fire body() for SetNextRule[methodName=addAttribute, paramType=org.apache.tomcat.util.modeler.AttributeInfo]
2023-01-04 17:44:53.634 DEBUG 3888 --- [kground-preinit] o.apache.tomcat.util.digester.Digester   :   Fire end() for SetNextRule[methodName=addAttribute, paramType=org.apache.tomcat.util.modeler.AttributeInfo]
2023-01-04 17:44:53.634 DEBUG 3888 --- [kground-preinit] o.apache.tomcat.util.digester.Digester   : [SetNextRule]{mbeans-descriptors/mbean/attribute} Call org.apache.tomcat.util.modeler.ManagedBean.addAttribute(org.apache.tomcat.util.modeler.AttributeInfo@52747ea6)
2023-01-04 17:44:53.635 DEBUG 3888 --- [kground-preinit] o.apache.tomcat.util.IntrospectionUtils  : IntrospectionUtils: callMethod1 org.apache.tomcat.util.modeler.ManagedBean org.apache.tomcat.util.modeler.AttributeInfo org.apache.tomcat.util.modeler.AttributeInfo
2023-01-04 17:44:53.635 DEBUG 3888 --- [kground-preinit] o.apache.tomcat.util.digester.Digester   :   Fire end() for SetPropertiesRule[]
2023-01-04 17:44:53.635 DEBUG 3888 --- [kground-preinit] o.apache.tomcat.util.digester.Digester   :   Fire end() for ObjectCreateRule[className=org.apache.tomcat.util.modeler.AttributeInfo, attributeName=null]
2023-01-04 17:44:53.635 DEBUG 3888 --- [kground-preinit] o.apache.tomcat.util.digester.Digester   : [ObjectCreateRule]{mbeans-descriptors/mbean/attribute} Pop org.apache.tomcat.util.modeler.AttributeInfo
2023-01-04 17:44:53.635 DEBUG 3888 --- [kground-preinit] o.a.tomcat.util.digester.Digester.sax    : characters(

    )
2023-01-04 17:44:53.635 DEBUG 3888 --- [kground-preinit] o.a.tomcat.util.digester.Digester.sax    : startElement(,,attribute)
2023-01-04 17:44:53.635 DEBUG 3888 --- [kground-preinit] o.apache.tomcat.util.digester.Digester   :   New match='mbeans-descriptors/mbean/attribute'
2023-01-04 17:44:53.635 DEBUG 3888 --- [           main] o.s.b.f.s.DefaultListableBeanFactory     : Returning cached instance of singleton bean 'autoConfigurationReport'
2023-01-04 17:44:53.635 DEBUG 3888 --- [kground-preinit] o.apache.tomcat.util.digester.Digester   :   Fire begin() for ObjectCreateRule[className=org.apache.tomcat.util.modeler.AttributeInfo, attributeName=null]
2023-01-04 17:44:53.636 DEBUG 3888 --- [kground-preinit] o.apache.tomcat.util.digester.Digester   : [ObjectCreateRule]{mbeans-descriptors/mbean/attribute}New org.apache.tomcat.util.modeler.AttributeInfo
2023-01-04 17:44:53.636 DEBUG 3888 --- [kground-preinit] o.apache.tomcat.util.digester.Digester   :   Fire begin() for SetPropertiesRule[]
2023-01-04 17:44:53.636 DEBUG 3888 --- [           main] o.s.b.f.s.DefaultListableBeanFactory     : Returning cached instance of singleton bean 'autoConfigurationReport'
2023-01-04 17:44:53.636 DEBUG 3888 --- [kground-preinit] o.apache.tomcat.util.digester.Digester   : [SetPropertiesRule]{mbeans-descriptors/mbean/attribute} Set org.apache.tomcat.util.modeler.AttributeInfo properties
2023-01-04 17:44:53.636 DEBUG 3888 --- [kground-preinit] o.apache.tomcat.util.digester.Digester   : [SetPropertiesRule]{mbeans-descriptors/mbean/attribute} Setting property 'name' to 'objectName'
2023-01-04 17:44:53.636 DEBUG 3888 --- [kground-preinit] o.apache.tomcat.util.IntrospectionUtils  : IntrospectionUtils: setProperty(class org.apache.tomcat.util.modeler.AttributeInfo name=objectName)
2023-01-04 17:44:53.636 DEBUG 3888 --- [kground-preinit] o.apache.tomcat.util.digester.Digester   : [SetPropertiesRule]{mbeans-descriptors/mbean/attribute} Setting property 'description' to 'Name of the object'
2023-01-04 17:44:53.636 DEBUG 3888 --- [kground-preinit] o.apache.tomcat.util.IntrospectionUtils  : IntrospectionUtils: setProperty(class org.apache.tomcat.util.modeler.AttributeInfo description=Name of the object)
2023-01-04 17:44:53.636 DEBUG 3888 --- [kground-preinit] o.apache.tomcat.util.digester.Digester   : [SetPropertiesRule]{mbeans-descriptors/mbean/attribute} Setting property 'type' to 'java.lang.String'
2023-01-04 17:44:53.636 DEBUG 3888 --- [kground-preinit] o.apache.tomcat.util.IntrospectionUtils  : IntrospectionUtils: setProperty(class org.apache.tomcat.util.modeler.AttributeInfo type=java.lang.String)
2023-01-04 17:44:53.637 DEBUG 3888 --- [kground-preinit] o.apache.tomcat.util.digester.Digester   : [SetPropertiesRule]{mbeans-descriptors/mbean/attribute} Setting property 'writeable' to 'false'
2023-01-04 17:44:53.637 DEBUG 3888 --- [kground-preinit] o.apache.tomcat.util.IntrospectionUtils  : IntrospectionUtils: setProperty(class org.apache.tomcat.util.modeler.AttributeInfo writeable=false)
2023-01-04 17:44:53.637 DEBUG 3888 --- [kground-preinit] o.apache.tomcat.util.digester.Digester   :   Fire begin() for SetNextRule[methodName=addAttribute, paramType=org.apache.tomcat.util.modeler.AttributeInfo]
2023-01-04 17:44:53.637 DEBUG 3888 --- [kground-preinit] o.a.tomcat.util.digester.Digester.sax    : endElement(,,attribute)
2023-01-04 17:44:53.637 DEBUG 3888 --- [kground-preinit] o.apache.tomcat.util.digester.Digester   :   match='mbeans-descriptors/mbean/attribute'
2023-01-04 17:44:53.637 DEBUG 3888 --- [kground-preinit] o.apache.tomcat.util.digester.Digester   :   bodyText=''
2023-01-04 17:44:53.637 DEBUG 3888 --- [kground-preinit] o.apache.tomcat.util.digester.Digester   :   Fire body() for ObjectCreateRule[className=org.apache.tomcat.util.modeler.AttributeInfo, attributeName=null]
2023-01-04 17:44:53.637 DEBUG 3888 --- [kground-preinit] o.apache.tomcat.util.digester.Digester   :   Fire body() for SetPropertiesRule[]
2023-01-04 17:44:53.638 DEBUG 3888 --- [kground-preinit] o.apache.tomcat.util.digester.Digester   :   Fire body() for SetNextRule[methodName=addAttribute, paramType=org.apache.tomcat.util.modeler.AttributeInfo]
2023-01-04 17:44:53.638 DEBUG 3888 --- [kground-preinit] o.apache.tomcat.util.digester.Digester   :   Fire end() for SetNextRule[methodName=addAttribute, paramType=org.apache.tomcat.util.modeler.AttributeInfo]
2023-01-04 17:44:53.638 DEBUG 3888 --- [kground-preinit] o.apache.tomcat.util.digester.Digester   : [SetNextRule]{mbeans-descriptors/mbean/attribute} Call org.apache.tomcat.util.modeler.ManagedBean.addAttribute(org.apache.tomcat.util.modeler.AttributeInfo@19779197)
2023-01-04 17:44:53.638 DEBUG 3888 --- [kground-preinit] o.apache.tomcat.util.IntrospectionUtils  : IntrospectionUtils: callMethod1 org.apache.tomcat.util.modeler.ManagedBean org.apache.tomcat.util.modeler.AttributeInfo org.apache.tomcat.util.modeler.AttributeInfo
2023-01-04 17:44:53.638 DEBUG 3888 --- [kground-preinit] o.apache.tomcat.util.digester.Digester   :   Fire end() for SetPropertiesRule[]
2023-01-04 17:44:53.638 DEBUG 3888 --- [kground-preinit] o.apache.tomcat.util.digester.Digester   :   Fire end() for ObjectCreateRule[className=org.apache.tomcat.util.modeler.AttributeInfo, attributeName=null]
2023-01-04 17:44:53.638 DEBUG 3888 --- [kground-preinit] o.apache.tomcat.util.digester.Digester   : [ObjectCreateRule]{mbeans-descriptors/mbean/attribute} Pop org.apache.tomcat.util.modeler.AttributeInfo
2023-01-04 17:44:53.638 DEBUG 3888 --- [kground-preinit] o.a.tomcat.util.digester.Digester.sax    : characters(

    )
2023-01-04 17:44:53.638 DEBUG 3888 --- [kground-preinit] o.a.tomcat.util.digester.Digester.sax    : startElement(,,attribute)
2023-01-04 17:44:53.638 DEBUG 3888 --- [kground-preinit] o.apache.tomcat.util.digester.Digester   :   New match='mbeans-descriptors/mbean/attribute'
2023-01-04 17:44:53.638 DEBUG 3888 --- [kground-preinit] o.apache.tomcat.util.digester.Digester   :   Fire begin() for ObjectCreateRule[className=org.apache.tomcat.util.modeler.AttributeInfo, attributeName=null]
2023-01-04 17:44:53.638 DEBUG 3888 --- [kground-preinit] o.apache.tomcat.util.digester.Digester   : [ObjectCreateRule]{mbeans-descriptors/mbean/attribute}New org.apache.tomcat.util.modeler.AttributeInfo
2023-01-04 17:44:53.638 DEBUG 3888 --- [kground-preinit] o.apache.tomcat.util.digester.Digester   :   Fire begin() for SetPropertiesRule[]
2023-01-04 17:44:53.638 DEBUG 3888 --- [kground-preinit] o.apache.tomcat.util.digester.Digester   : [SetPropertiesRule]{mbeans-descriptors/mbean/attribute} Set org.apache.tomcat.util.modeler.AttributeInfo properties
2023-01-04 17:44:53.638 DEBUG 3888 --- [kground-preinit] o.apache.tomcat.util.digester.Digester   : [SetPropertiesRule]{mbeans-descriptors/mbean/attribute} Setting property 'name' to 'originalDocBase'
2023-01-04 17:44:53.638 DEBUG 3888 --- [kground-preinit] o.apache.tomcat.util.IntrospectionUtils  : IntrospectionUtils: setProperty(class org.apache.tomcat.util.modeler.AttributeInfo name=originalDocBase)
2023-01-04 17:44:53.638 DEBUG 3888 --- [kground-preinit] o.apache.tomcat.util.digester.Digester   : [SetPropertiesRule]{mbeans-descriptors/mbean/attribute} Setting property 'description' to 'The original document root for this web application'
2023-01-04 17:44:53.639 DEBUG 3888 --- [kground-preinit] o.apache.tomcat.util.IntrospectionUtils  : IntrospectionUtils: setProperty(class org.apache.tomcat.util.modeler.AttributeInfo description=The original document root for this web application)
2023-01-04 17:44:53.639 DEBUG 3888 --- [kground-preinit] o.apache.tomcat.util.digester.Digester   : [SetPropertiesRule]{mbeans-descriptors/mbean/attribute} Setting property 'type' to 'java.lang.String'
2023-01-04 17:44:53.639 DEBUG 3888 --- [kground-preinit] o.apache.tomcat.util.IntrospectionUtils  : IntrospectionUtils: setProperty(class org.apache.tomcat.util.modeler.AttributeInfo type=java.lang.String)
2023-01-04 17:44:53.639 DEBUG 3888 --- [kground-preinit] o.apache.tomcat.util.digester.Digester   :   Fire begin() for SetNextRule[methodName=addAttribute, paramType=org.apache.tomcat.util.modeler.AttributeInfo]
2023-01-04 17:44:53.639 DEBUG 3888 --- [kground-preinit] o.a.tomcat.util.digester.Digester.sax    : endElement(,,attribute)
2023-01-04 17:44:53.639 DEBUG 3888 --- [kground-preinit] o.apache.tomcat.util.digester.Digester   :   match='mbeans-descriptors/mbean/attribute'
2023-01-04 17:44:53.639 DEBUG 3888 --- [kground-preinit] o.apache.tomcat.util.digester.Digester   :   bodyText=''
2023-01-04 17:44:53.639 DEBUG 3888 --- [kground-preinit] o.apache.tomcat.util.digester.Digester   :   Fire body() for ObjectCreateRule[className=org.apache.tomcat.util.modeler.AttributeInfo, attributeName=null]
2023-01-04 17:44:53.639 DEBUG 3888 --- [kground-preinit] o.apache.tomcat.util.digester.Digester   :   Fire body() for SetPropertiesRule[]
2023-01-04 17:44:53.639 DEBUG 3888 --- [kground-preinit] o.apache.tomcat.util.digester.Digester   :   Fire body() for SetNextRule[methodName=addAttribute, paramType=org.apache.tomcat.util.modeler.AttributeInfo]
2023-01-04 17:44:53.639 DEBUG 3888 --- [kground-preinit] o.apache.tomcat.util.digester.Digester   :   Fire end() for SetNextRule[methodName=addAttribute, paramType=org.apache.tomcat.util.modeler.AttributeInfo]
2023-01-04 17:44:53.639 DEBUG 3888 --- [kground-preinit] o.apache.tomcat.util.digester.Digester   : [SetNextRule]{mbeans-descriptors/mbean/attribute} Call org.apache.tomcat.util.modeler.ManagedBean.addAttribute(org.apache.tomcat.util.modeler.AttributeInfo@4056ac49)
2023-01-04 17:44:53.640 DEBUG 3888 --- [kground-preinit] o.apache.tomcat.util.IntrospectionUtils  : IntrospectionUtils: callMethod1 org.apache.tomcat.util.modeler.ManagedBean org.apache.tomcat.util.modeler.AttributeInfo org.apache.tomcat.util.modeler.AttributeInfo
2023-01-04 17:44:53.640 DEBUG 3888 --- [kground-preinit] o.apache.tomcat.util.digester.Digester   :   Fire end() for SetPropertiesRule[]
2023-01-04 17:44:53.640 DEBUG 3888 --- [kground-preinit] o.apache.tomcat.util.digester.Digester   :   Fire end() for ObjectCreateRule[className=org.apache.tomcat.util.modeler.AttributeInfo, attributeName=null]
2023-01-04 17:44:53.640 DEBUG 3888 --- [kground-preinit] o.apache.tomcat.util.digester.Digester   : [ObjectCreateRule]{mbeans-descriptors/mbean/attribute} Pop org.apache.tomcat.util.modeler.AttributeInfo
2023-01-04 17:44:53.640 DEBUG 3888 --- [kground-preinit] o.a.tomcat.util.digester.Digester.sax    : characters(

    )
2023-01-04 17:44:53.640 DEBUG 3888 --- [kground-preinit] o.a.tomcat.util.digester.Digester.sax    : startElement(,,attribute)
2023-01-04 17:44:53.640 DEBUG 3888 --- [kground-preinit] o.apache.tomcat.util.digester.Digester   :   New match='mbeans-descriptors/mbean/attribute'
2023-01-04 17:44:53.640 DEBUG 3888 --- [kground-preinit] o.apache.tomcat.util.digester.Digester   :   Fire begin() for ObjectCreateRule[className=org.apache.tomcat.util.modeler.AttributeInfo, attributeName=null]
2023-01-04 17:44:53.640 DEBUG 3888 --- [kground-preinit] o.apache.tomcat.util.digester.Digester   : [ObjectCreateRule]{mbeans-descriptors/mbean/attribute}New org.apache.tomcat.util.modeler.AttributeInfo
2023-01-04 17:44:53.640 DEBUG 3888 --- [kground-preinit] o.apache.tomcat.util.digester.Digester   :   Fire begin() for SetPropertiesRule[]
2023-01-04 17:44:53.640 DEBUG 3888 --- [kground-preinit] o.apache.tomcat.util.digester.Digester   : [SetPropertiesRule]{mbeans-descriptors/mbean/attribute} Set org.apache.tomcat.util.modeler.AttributeInfo properties
2023-01-04 17:44:53.640 DEBUG 3888 --- [kground-preinit] o.apache.tomcat.util.digester.Digester   : [SetPropertiesRule]{mbeans-descriptors/mbean/attribute} Setting property 'name' to 'override'
2023-01-04 17:44:53.640 DEBUG 3888 --- [kground-preinit] o.apache.tomcat.util.IntrospectionUtils  : IntrospectionUtils: setProperty(class org.apache.tomcat.util.modeler.AttributeInfo name=override)
2023-01-04 17:44:53.641 DEBUG 3888 --- [kground-preinit] o.apache.tomcat.util.digester.Digester   : [SetPropertiesRule]{mbeans-descriptors/mbean/attribute} Setting property 'description' to 'The default context.xml override flag for this web application'
2023-01-04 17:44:53.641 DEBUG 3888 --- [kground-preinit] o.apache.tomcat.util.IntrospectionUtils  : IntrospectionUtils: setProperty(class org.apache.tomcat.util.modeler.AttributeInfo description=The default context.xml override flag for this web application)
2023-01-04 17:44:53.641 DEBUG 3888 --- [kground-preinit] o.apache.tomcat.util.digester.Digester   : [SetPropertiesRule]{mbeans-descriptors/mbean/attribute} Setting property 'type' to 'boolean'
2023-01-04 17:44:53.641 DEBUG 3888 --- [kground-preinit] o.apache.tomcat.util.IntrospectionUtils  : IntrospectionUtils: setProperty(class org.apache.tomcat.util.modeler.AttributeInfo type=boolean)
2023-01-04 17:44:53.641 DEBUG 3888 --- [kground-preinit] o.apache.tomcat.util.digester.Digester   :   Fire begin() for SetNextRule[methodName=addAttribute, paramType=org.apache.tomcat.util.modeler.AttributeInfo]
2023-01-04 17:44:53.641 DEBUG 3888 --- [kground-preinit] o.a.tomcat.util.digester.Digester.sax    : endElement(,,attribute)
2023-01-04 17:44:53.641 DEBUG 3888 --- [kground-preinit] o.apache.tomcat.util.digester.Digester   :   match='mbeans-descriptors/mbean/attribute'
2023-01-04 17:44:53.641 DEBUG 3888 --- [kground-preinit] o.apache.tomcat.util.digester.Digester   :   bodyText=''
2023-01-04 17:44:53.641 DEBUG 3888 --- [kground-preinit] o.apache.tomcat.util.digester.Digester   :   Fire body() for ObjectCreateRule[className=org.apache.tomcat.util.modeler.AttributeInfo, attributeName=null]
2023-01-04 17:44:53.641 DEBUG 3888 --- [kground-preinit] o.apache.tomcat.util.digester.Digester   :   Fire body() for SetPropertiesRule[]
2023-01-04 17:44:53.641 DEBUG 3888 --- [kground-preinit] o.apache.tomcat.util.digester.Digester   :   Fire body() for SetNextRule[methodName=addAttribute, paramType=org.apache.tomcat.util.modeler.AttributeInfo]
2023-01-04 17:44:53.641 DEBUG 3888 --- [kground-preinit] o.apache.tomcat.util.digester.Digester   :   Fire end() for SetNextRule[methodName=addAttribute, paramType=org.apache.tomcat.util.modeler.AttributeInfo]
2023-01-04 17:44:53.641 DEBUG 3888 --- [kground-preinit] o.apache.tomcat.util.digester.Digester   : [SetNextRule]{mbeans-descriptors/mbean/attribute} Call org.apache.tomcat.util.modeler.ManagedBean.addAttribute(org.apache.tomcat.util.modeler.AttributeInfo@3a47417c)
2023-01-04 17:44:53.641 DEBUG 3888 --- [kground-preinit] o.apache.tomcat.util.IntrospectionUtils  : IntrospectionUtils: callMethod1 org.apache.tomcat.util.modeler.ManagedBean org.apache.tomcat.util.modeler.AttributeInfo org.apache.tomcat.util.modeler.AttributeInfo
2023-01-04 17:44:53.641 DEBUG 3888 --- [kground-preinit] o.apache.tomcat.util.digester.Digester   :   Fire end() for SetPropertiesRule[]
2023-01-04 17:44:53.642 DEBUG 3888 --- [kground-preinit] o.apache.tomcat.util.digester.Digester   :   Fire end() for ObjectCreateRule[className=org.apache.tomcat.util.modeler.AttributeInfo, attributeName=null]
2023-01-04 17:44:53.642 DEBUG 3888 --- [kground-preinit] o.apache.tomcat.util.digester.Digester   : [ObjectCreateRule]{mbeans-descriptors/mbean/attribute} Pop org.apache.tomcat.util.modeler.AttributeInfo
2023-01-04 17:44:53.642 DEBUG 3888 --- [kground-preinit] o.a.tomcat.util.digester.Digester.sax    : characters(

    )
2023-01-04 17:44:53.642 DEBUG 3888 --- [kground-preinit] o.a.tomcat.util.digester.Digester.sax    : startElement(,,attribute)
2023-01-04 17:44:53.642 DEBUG 3888 --- [kground-preinit] o.apache.tomcat.util.digester.Digester   :   New match='mbeans-descriptors/mbean/attribute'
2023-01-04 17:44:53.642 DEBUG 3888 --- [kground-preinit] o.apache.tomcat.util.digester.Digester   :   Fire begin() for ObjectCreateRule[className=org.apache.tomcat.util.modeler.AttributeInfo, attributeName=null]
2023-01-04 17:44:53.643 DEBUG 3888 --- [kground-preinit] o.apache.tomcat.util.digester.Digester   : [ObjectCreateRule]{mbeans-descriptors/mbean/attribute}New org.apache.tomcat.util.modeler.AttributeInfo
2023-01-04 17:44:53.643 DEBUG 3888 --- [kground-preinit] o.apache.tomcat.util.digester.Digester   :   Fire begin() for SetPropertiesRule[]
2023-01-04 17:44:53.643 DEBUG 3888 --- [kground-preinit] o.apache.tomcat.util.digester.Digester   : [SetPropertiesRule]{mbeans-descriptors/mbean/attribute} Set org.apache.tomcat.util.modeler.AttributeInfo properties
2023-01-04 17:44:53.643 DEBUG 3888 --- [kground-preinit] o.apache.tomcat.util.digester.Digester   : [SetPropertiesRule]{mbeans-descriptors/mbean/attribute} Setting property 'name' to 'name'
2023-01-04 17:44:53.643 DEBUG 3888 --- [kground-preinit] o.apache.tomcat.util.IntrospectionUtils  : IntrospectionUtils: setProperty(class org.apache.tomcat.util.modeler.AttributeInfo name=name)
2023-01-04 17:44:53.643 DEBUG 3888 --- [kground-preinit] o.apache.tomcat.util.digester.Digester   : [SetPropertiesRule]{mbeans-descriptors/mbean/attribute} Setting property 'description' to 'The name of this Context'
2023-01-04 17:44:53.643 DEBUG 3888 --- [kground-preinit] o.apache.tomcat.util.IntrospectionUtils  : IntrospectionUtils: setProperty(class org.apache.tomcat.util.modeler.AttributeInfo description=The name of this Context)
2023-01-04 17:44:53.643 DEBUG 3888 --- [kground-preinit] o.apache.tomcat.util.digester.Digester   : [SetPropertiesRule]{mbeans-descriptors/mbean/attribute} Setting property 'type' to 'java.lang.String'
2023-01-04 17:44:53.643 DEBUG 3888 --- [kground-preinit] o.apache.tomcat.util.IntrospectionUtils  : IntrospectionUtils: setProperty(class org.apache.tomcat.util.modeler.AttributeInfo type=java.lang.String)
2023-01-04 17:44:53.643 DEBUG 3888 --- [kground-preinit] o.apache.tomcat.util.digester.Digester   :   Fire begin() for SetNextRule[methodName=addAttribute, paramType=org.apache.tomcat.util.modeler.AttributeInfo]
2023-01-04 17:44:53.643 DEBUG 3888 --- [kground-preinit] o.a.tomcat.util.digester.Digester.sax    : endElement(,,attribute)
2023-01-04 17:44:53.643 DEBUG 3888 --- [kground-preinit] o.apache.tomcat.util.digester.Digester   :   match='mbeans-descriptors/mbean/attribute'
2023-01-04 17:44:53.643 DEBUG 3888 --- [kground-preinit] o.apache.tomcat.util.digester.Digester   :   bodyText=''
2023-01-04 17:44:53.643 DEBUG 3888 --- [kground-preinit] o.apache.tomcat.util.digester.Digester   :   Fire body() for ObjectCreateRule[className=org.apache.tomcat.util.modeler.AttributeInfo, attributeName=null]
2023-01-04 17:44:53.643 DEBUG 3888 --- [kground-preinit] o.apache.tomcat.util.digester.Digester   :   Fire body() for SetPropertiesRule[]
2023-01-04 17:44:53.643 DEBUG 3888 --- [kground-preinit] o.apache.tomcat.util.digester.Digester   :   Fire body() for SetNextRule[methodName=addAttribute, paramType=org.apache.tomcat.util.modeler.AttributeInfo]
2023-01-04 17:44:53.644 DEBUG 3888 --- [kground-preinit] o.apache.tomcat.util.digester.Digester   :   Fire end() for SetNextRule[methodName=addAttribute, paramType=org.apache.tomcat.util.modeler.AttributeInfo]
2023-01-04 17:44:53.644 DEBUG 3888 --- [kground-preinit] o.apache.tomcat.util.digester.Digester   : [SetNextRule]{mbeans-descriptors/mbean/attribute} Call org.apache.tomcat.util.modeler.ManagedBean.addAttribute(org.apache.tomcat.util.modeler.AttributeInfo@4bb799dc)
2023-01-04 17:44:53.644 DEBUG 3888 --- [kground-preinit] o.apache.tomcat.util.IntrospectionUtils  : IntrospectionUtils: callMethod1 org.apache.tomcat.util.modeler.ManagedBean org.apache.tomcat.util.modeler.AttributeInfo org.apache.tomcat.util.modeler.AttributeInfo
2023-01-04 17:44:53.644 DEBUG 3888 --- [kground-preinit] o.apache.tomcat.util.digester.Digester   :   Fire end() for SetPropertiesRule[]
2023-01-04 17:44:53.644 DEBUG 3888 --- [kground-preinit] o.apache.tomcat.util.digester.Digester   :   Fire end() for ObjectCreateRule[className=org.apache.tomcat.util.modeler.AttributeInfo, attributeName=null]
2023-01-04 17:44:53.647 DEBUG 3888 --- [kground-preinit] o.apache.tomcat.util.digester.Digester   : [ObjectCreateRule]{mbeans-descriptors/mbean/attribute} Pop org.apache.tomcat.util.modeler.AttributeInfo
2023-01-04 17:44:53.647 DEBUG 3888 --- [kground-preinit] o.a.tomcat.util.digester.Digester.sax    : characters(

    )
2023-01-04 17:44:53.647 DEBUG 3888 --- [kground-preinit] o.a.tomcat.util.digester.Digester.sax    : startElement(,,attribute)
2023-01-04 17:44:53.647 DEBUG 3888 --- [kground-preinit] o.apache.tomcat.util.digester.Digester   :   New match='mbeans-descriptors/mbean/attribute'
2023-01-04 17:44:53.647 DEBUG 3888 --- [kground-preinit] o.apache.tomcat.util.digester.Digester   :   Fire begin() for ObjectCreateRule[className=org.apache.tomcat.util.modeler.AttributeInfo, attributeName=null]
2023-01-04 17:44:53.647 DEBUG 3888 --- [kground-preinit] o.apache.tomcat.util.digester.Digester   : [ObjectCreateRule]{mbeans-descriptors/mbean/attribute}New org.apache.tomcat.util.modeler.AttributeInfo
2023-01-04 17:44:53.647 DEBUG 3888 --- [kground-preinit] o.apache.tomcat.util.digester.Digester   :   Fire begin() for SetPropertiesRule[]
2023-01-04 17:44:53.648 DEBUG 3888 --- [kground-preinit] o.apache.tomcat.util.digester.Digester   : [SetPropertiesRule]{mbeans-descriptors/mbean/attribute} Set org.apache.tomcat.util.modeler.AttributeInfo properties
2023-01-04 17:44:53.648 DEBUG 3888 --- [kground-preinit] o.apache.tomcat.util.digester.Digester   : [SetPropertiesRule]{mbeans-descriptors/mbean/attribute} Setting property 'name' to 'parentClassLoader'
2023-01-04 17:44:53.648 DEBUG 3888 --- [kground-preinit] o.apache.tomcat.util.IntrospectionUtils  : IntrospectionUtils: setProperty(class org.apache.tomcat.util.modeler.AttributeInfo name=parentClassLoader)
2023-01-04 17:44:53.648 DEBUG 3888 --- [kground-preinit] o.apache.tomcat.util.digester.Digester   : [SetPropertiesRule]{mbeans-descriptors/mbean/attribute} Setting property 'description' to 'Parent class loader.'
2023-01-04 17:44:53.648 DEBUG 3888 --- [kground-preinit] o.apache.tomcat.util.IntrospectionUtils  : IntrospectionUtils: setProperty(class org.apache.tomcat.util.modeler.AttributeInfo description=Parent class loader.)
2023-01-04 17:44:53.648 DEBUG 3888 --- [kground-preinit] o.apache.tomcat.util.digester.Digester   : [SetPropertiesRule]{mbeans-descriptors/mbean/attribute} Setting property 'type' to 'java.lang.ClassLoader'
2023-01-04 17:44:53.648 DEBUG 3888 --- [kground-preinit] o.apache.tomcat.util.IntrospectionUtils  : IntrospectionUtils: setProperty(class org.apache.tomcat.util.modeler.AttributeInfo type=java.lang.ClassLoader)
2023-01-04 17:44:53.648 DEBUG 3888 --- [kground-preinit] o.apache.tomcat.util.digester.Digester   :   Fire begin() for SetNextRule[methodName=addAttribute, paramType=org.apache.tomcat.util.modeler.AttributeInfo]
2023-01-04 17:44:53.648 DEBUG 3888 --- [kground-preinit] o.a.tomcat.util.digester.Digester.sax    : endElement(,,attribute)
2023-01-04 17:44:53.649 DEBUG 3888 --- [kground-preinit] o.apache.tomcat.util.digester.Digester   :   match='mbeans-descriptors/mbean/attribute'
2023-01-04 17:44:53.649 DEBUG 3888 --- [kground-preinit] o.apache.tomcat.util.digester.Digester   :   bodyText=''
2023-01-04 17:44:53.649 DEBUG 3888 --- [kground-preinit] o.apache.tomcat.util.digester.Digester   :   Fire body() for ObjectCreateRule[className=org.apache.tomcat.util.modeler.AttributeInfo, attributeName=null]
2023-01-04 17:44:53.649 DEBUG 3888 --- [kground-preinit] o.apache.tomcat.util.digester.Digester   :   Fire body() for SetPropertiesRule[]
2023-01-04 17:44:53.649 DEBUG 3888 --- [kground-preinit] o.apache.tomcat.util.digester.Digester   :   Fire body() for SetNextRule[methodName=addAttribute, paramType=org.apache.tomcat.util.modeler.AttributeInfo]
2023-01-04 17:44:53.649 DEBUG 3888 --- [kground-preinit] o.apache.tomcat.util.digester.Digester   :   Fire end() for SetNextRule[methodName=addAttribute, paramType=org.apache.tomcat.util.modeler.AttributeInfo]
2023-01-04 17:44:53.649 DEBUG 3888 --- [kground-preinit] o.apache.tomcat.util.digester.Digester   : [SetNextRule]{mbeans-descriptors/mbean/attribute} Call org.apache.tomcat.util.modeler.ManagedBean.addAttribute(org.apache.tomcat.util.modeler.AttributeInfo@6ee95214)
2023-01-04 17:44:53.649 DEBUG 3888 --- [kground-preinit] o.apache.tomcat.util.IntrospectionUtils  : IntrospectionUtils: callMethod1 org.apache.tomcat.util.modeler.ManagedBean org.apache.tomcat.util.modeler.AttributeInfo org.apache.tomcat.util.modeler.AttributeInfo
2023-01-04 17:44:53.649 DEBUG 3888 --- [kground-preinit] o.apache.tomcat.util.digester.Digester   :   Fire end() for SetPropertiesRule[]
2023-01-04 17:44:53.649 DEBUG 3888 --- [kground-preinit] o.apache.tomcat.util.digester.Digester   :   Fire end() for ObjectCreateRule[className=org.apache.tomcat.util.modeler.AttributeInfo, attributeName=null]
2023-01-04 17:44:53.650 DEBUG 3888 --- [kground-preinit] o.apache.tomcat.util.digester.Digester   : [ObjectCreateRule]{mbeans-descriptors/mbean/attribute} Pop org.apache.tomcat.util.modeler.AttributeInfo
2023-01-04 17:44:53.650 DEBUG 3888 --- [kground-preinit] o.a.tomcat.util.digester.Digester.sax    : characters(

    )
2023-01-04 17:44:53.650 DEBUG 3888 --- [kground-preinit] o.a.tomcat.util.digester.Digester.sax    : startElement(,,attribute)
2023-01-04 17:44:53.650 DEBUG 3888 --- [kground-preinit] o.apache.tomcat.util.digester.Digester   :   New match='mbeans-descriptors/mbean/attribute'
2023-01-04 17:44:53.650 DEBUG 3888 --- [kground-preinit] o.apache.tomcat.util.digester.Digester   :   Fire begin() for ObjectCreateRule[className=org.apache.tomcat.util.modeler.AttributeInfo, attributeName=null]
2023-01-04 17:44:53.650 DEBUG 3888 --- [kground-preinit] o.apache.tomcat.util.digester.Digester   : [ObjectCreateRule]{mbeans-descriptors/mbean/attribute}New org.apache.tomcat.util.modeler.AttributeInfo
2023-01-04 17:44:53.650 DEBUG 3888 --- [kground-preinit] o.apache.tomcat.util.digester.Digester   :   Fire begin() for SetPropertiesRule[]
2023-01-04 17:44:53.650 DEBUG 3888 --- [kground-preinit] o.apache.tomcat.util.digester.Digester   : [SetPropertiesRule]{mbeans-descriptors/mbean/attribute} Set org.apache.tomcat.util.modeler.AttributeInfo properties
2023-01-04 17:44:53.650 DEBUG 3888 --- [kground-preinit] o.apache.tomcat.util.digester.Digester   : [SetPropertiesRule]{mbeans-descriptors/mbean/attribute} Setting property 'name' to 'path'
2023-01-04 17:44:53.650 DEBUG 3888 --- [kground-preinit] o.apache.tomcat.util.IntrospectionUtils  : IntrospectionUtils: setProperty(class org.apache.tomcat.util.modeler.AttributeInfo name=path)
2023-01-04 17:44:53.650 DEBUG 3888 --- [kground-preinit] o.apache.tomcat.util.digester.Digester   : [SetPropertiesRule]{mbeans-descriptors/mbean/attribute} Setting property 'description' to 'The context path for this Context'
2023-01-04 17:44:53.650 DEBUG 3888 --- [kground-preinit] o.apache.tomcat.util.IntrospectionUtils  : IntrospectionUtils: setProperty(class org.apache.tomcat.util.modeler.AttributeInfo description=The context path for this Context)
2023-01-04 17:44:53.650 DEBUG 3888 --- [kground-preinit] o.apache.tomcat.util.digester.Digester   : [SetPropertiesRule]{mbeans-descriptors/mbean/attribute} Setting property 'type' to 'java.lang.String'
2023-01-04 17:44:53.650 DEBUG 3888 --- [kground-preinit] o.apache.tomcat.util.IntrospectionUtils  : IntrospectionUtils: setProperty(class org.apache.tomcat.util.modeler.AttributeInfo type=java.lang.String)
2023-01-04 17:44:53.650 DEBUG 3888 --- [kground-preinit] o.apache.tomcat.util.digester.Digester   :   Fire begin() for SetNextRule[methodName=addAttribute, paramType=org.apache.tomcat.util.modeler.AttributeInfo]
2023-01-04 17:44:53.650 DEBUG 3888 --- [kground-preinit] o.a.tomcat.util.digester.Digester.sax    : endElement(,,attribute)
2023-01-04 17:44:53.650 DEBUG 3888 --- [kground-preinit] o.apache.tomcat.util.digester.Digester   :   match='mbeans-descriptors/mbean/attribute'
2023-01-04 17:44:53.650 DEBUG 3888 --- [kground-preinit] o.apache.tomcat.util.digester.Digester   :   bodyText=''
2023-01-04 17:44:53.650 DEBUG 3888 --- [kground-preinit] o.apache.tomcat.util.digester.Digester   :   Fire body() for ObjectCreateRule[className=org.apache.tomcat.util.modeler.AttributeInfo, attributeName=null]
2023-01-04 17:44:53.650 DEBUG 3888 --- [kground-preinit] o.apache.tomcat.util.digester.Digester   :   Fire body() for SetPropertiesRule[]
2023-01-04 17:44:53.650 DEBUG 3888 --- [kground-preinit] o.apache.tomcat.util.digester.Digester   :   Fire body() for SetNextRule[methodName=addAttribute, paramType=org.apache.tomcat.util.modeler.AttributeInfo]
2023-01-04 17:44:53.650 DEBUG 3888 --- [kground-preinit] o.apache.tomcat.util.digester.Digester   :   Fire end() for SetNextRule[methodName=addAttribute, paramType=org.apache.tomcat.util.modeler.AttributeInfo]
2023-01-04 17:44:53.651 DEBUG 3888 --- [kground-preinit] o.apache.tomcat.util.digester.Digester   : [SetNextRule]{mbeans-descriptors/mbean/attribute} Call org.apache.tomcat.util.modeler.ManagedBean.addAttribute(org.apache.tomcat.util.modeler.AttributeInfo@1ba88f64)
2023-01-04 17:44:53.651 DEBUG 3888 --- [kground-preinit] o.apache.tomcat.util.IntrospectionUtils  : IntrospectionUtils: callMethod1 org.apache.tomcat.util.modeler.ManagedBean org.apache.tomcat.util.modeler.AttributeInfo org.apache.tomcat.util.modeler.AttributeInfo
2023-01-04 17:44:53.651 DEBUG 3888 --- [kground-preinit] o.apache.tomcat.util.digester.Digester   :   Fire end() for SetPropertiesRule[]
2023-01-04 17:44:53.651 DEBUG 3888 --- [kground-preinit] o.apache.tomcat.util.digester.Digester   :   Fire end() for ObjectCreateRule[className=org.apache.tomcat.util.modeler.AttributeInfo, attributeName=null]
2023-01-04 17:44:53.651 DEBUG 3888 --- [kground-preinit] o.apache.tomcat.util.digester.Digester   : [ObjectCreateRule]{mbeans-descriptors/mbean/attribute} Pop org.apache.tomcat.util.modeler.AttributeInfo
2023-01-04 17:44:53.651 DEBUG 3888 --- [kground-preinit] o.a.tomcat.util.digester.Digester.sax    : characters(

    )
2023-01-04 17:44:53.651 DEBUG 3888 --- [kground-preinit] o.a.tomcat.util.digester.Digester.sax    : startElement(,,attribute)
2023-01-04 17:44:53.651 DEBUG 3888 --- [kground-preinit] o.apache.tomcat.util.digester.Digester   :   New match='mbeans-descriptors/mbean/attribute'
2023-01-04 17:44:53.651 DEBUG 3888 --- [kground-preinit] o.apache.tomcat.util.digester.Digester   :   Fire begin() for ObjectCreateRule[className=org.apache.tomcat.util.modeler.AttributeInfo, attributeName=null]
2023-01-04 17:44:53.652 DEBUG 3888 --- [kground-preinit] o.apache.tomcat.util.digester.Digester   : [ObjectCreateRule]{mbeans-descriptors/mbean/attribute}New org.apache.tomcat.util.modeler.AttributeInfo
2023-01-04 17:44:53.652 DEBUG 3888 --- [kground-preinit] o.apache.tomcat.util.digester.Digester   :   Fire begin() for SetPropertiesRule[]
2023-01-04 17:44:53.652 DEBUG 3888 --- [kground-preinit] o.apache.tomcat.util.digester.Digester   : [SetPropertiesRule]{mbeans-descriptors/mbean/attribute} Set org.apache.tomcat.util.modeler.AttributeInfo properties
2023-01-04 17:44:53.652 DEBUG 3888 --- [kground-preinit] o.apache.tomcat.util.digester.Digester   : [SetPropertiesRule]{mbeans-descriptors/mbean/attribute} Setting property 'name' to 'paused'
2023-01-04 17:44:53.652 DEBUG 3888 --- [kground-preinit] o.apache.tomcat.util.IntrospectionUtils  : IntrospectionUtils: setProperty(class org.apache.tomcat.util.modeler.AttributeInfo name=paused)
2023-01-04 17:44:53.652 DEBUG 3888 --- [kground-preinit] o.apache.tomcat.util.digester.Digester   : [SetPropertiesRule]{mbeans-descriptors/mbean/attribute} Setting property 'description' to 'The request processing pause flag (while reloading occurs)'
2023-01-04 17:44:53.653 DEBUG 3888 --- [kground-preinit] o.apache.tomcat.util.IntrospectionUtils  : IntrospectionUtils: setProperty(class org.apache.tomcat.util.modeler.AttributeInfo description=The request processing pause flag (while reloading occurs))
2023-01-04 17:44:53.653 DEBUG 3888 --- [kground-preinit] o.apache.tomcat.util.digester.Digester   : [SetPropertiesRule]{mbeans-descriptors/mbean/attribute} Setting property 'type' to 'boolean'
2023-01-04 17:44:53.653 DEBUG 3888 --- [kground-preinit] o.apache.tomcat.util.IntrospectionUtils  : IntrospectionUtils: setProperty(class org.apache.tomcat.util.modeler.AttributeInfo type=boolean)
2023-01-04 17:44:53.653 DEBUG 3888 --- [kground-preinit] o.apache.tomcat.util.digester.Digester   : [SetPropertiesRule]{mbeans-descriptors/mbean/attribute} Setting property 'writeable' to 'false'
2023-01-04 17:44:53.653 DEBUG 3888 --- [kground-preinit] o.apache.tomcat.util.IntrospectionUtils  : IntrospectionUtils: setProperty(class org.apache.tomcat.util.modeler.AttributeInfo writeable=false)
2023-01-04 17:44:53.653 DEBUG 3888 --- [kground-preinit] o.apache.tomcat.util.digester.Digester   :   Fire begin() for SetNextRule[methodName=addAttribute, paramType=org.apache.tomcat.util.modeler.AttributeInfo]
2023-01-04 17:44:53.653 DEBUG 3888 --- [           main] o.s.b.f.s.DefaultListableBeanFactory     : Returning cached instance of singleton bean 'autoConfigurationReport'
2023-01-04 17:44:53.653 DEBUG 3888 --- [kground-preinit] o.a.tomcat.util.digester.Digester.sax    : endElement(,,attribute)
2023-01-04 17:44:53.654 DEBUG 3888 --- [kground-preinit] o.apache.tomcat.util.digester.Digester   :   match='mbeans-descriptors/mbean/attribute'
2023-01-04 17:44:53.654 DEBUG 3888 --- [kground-preinit] o.apache.tomcat.util.digester.Digester   :   bodyText=''
2023-01-04 17:44:53.654 DEBUG 3888 --- [kground-preinit] o.apache.tomcat.util.digester.Digester   :   Fire body() for ObjectCreateRule[className=org.apache.tomcat.util.modeler.AttributeInfo, attributeName=null]
2023-01-04 17:44:53.654 DEBUG 3888 --- [kground-preinit] o.apache.tomcat.util.digester.Digester   :   Fire body() for SetPropertiesRule[]
2023-01-04 17:44:53.654 DEBUG 3888 --- [kground-preinit] o.apache.tomcat.util.digester.Digester   :   Fire body() for SetNextRule[methodName=addAttribute, paramType=org.apache.tomcat.util.modeler.AttributeInfo]
2023-01-04 17:44:53.654 DEBUG 3888 --- [kground-preinit] o.apache.tomcat.util.digester.Digester   :   Fire end() for SetNextRule[methodName=addAttribute, paramType=org.apache.tomcat.util.modeler.AttributeInfo]
2023-01-04 17:44:53.655 DEBUG 3888 --- [kground-preinit] o.apache.tomcat.util.digester.Digester   : [SetNextRule]{mbeans-descriptors/mbean/attribute} Call org.apache.tomcat.util.modeler.ManagedBean.addAttribute(org.apache.tomcat.util.modeler.AttributeInfo@1b6461cc)
2023-01-04 17:44:53.655 DEBUG 3888 --- [kground-preinit] o.apache.tomcat.util.IntrospectionUtils  : IntrospectionUtils: callMethod1 org.apache.tomcat.util.modeler.ManagedBean org.apache.tomcat.util.modeler.AttributeInfo org.apache.tomcat.util.modeler.AttributeInfo
2023-01-04 17:44:53.655 DEBUG 3888 --- [kground-preinit] o.apache.tomcat.util.digester.Digester   :   Fire end() for SetPropertiesRule[]
2023-01-04 17:44:53.655 DEBUG 3888 --- [kground-preinit] o.apache.tomcat.util.digester.Digester   :   Fire end() for ObjectCreateRule[className=org.apache.tomcat.util.modeler.AttributeInfo, attributeName=null]
2023-01-04 17:44:53.655 DEBUG 3888 --- [kground-preinit] o.apache.tomcat.util.digester.Digester   : [ObjectCreateRule]{mbeans-descriptors/mbean/attribute} Pop org.apache.tomcat.util.modeler.AttributeInfo
2023-01-04 17:44:53.655 DEBUG 3888 --- [kground-preinit] o.a.tomcat.util.digester.Digester.sax    : characters(

    )
2023-01-04 17:44:53.655 DEBUG 3888 --- [kground-preinit] o.a.tomcat.util.digester.Digester.sax    : startElement(,,attribute)
2023-01-04 17:44:53.655 DEBUG 3888 --- [kground-preinit] o.apache.tomcat.util.digester.Digester   :   New match='mbeans-descriptors/mbean/attribute'
2023-01-04 17:44:53.656 DEBUG 3888 --- [kground-preinit] o.apache.tomcat.util.digester.Digester   :   Fire begin() for ObjectCreateRule[className=org.apache.tomcat.util.modeler.AttributeInfo, attributeName=null]
2023-01-04 17:44:53.656 DEBUG 3888 --- [kground-preinit] o.apache.tomcat.util.digester.Digester   : [ObjectCreateRule]{mbeans-descriptors/mbean/attribute}New org.apache.tomcat.util.modeler.AttributeInfo
2023-01-04 17:44:53.656 DEBUG 3888 --- [           main] o.s.b.f.s.DefaultListableBeanFactory     : Returning cached instance of singleton bean 'autoConfigurationReport'
2023-01-04 17:44:53.656 DEBUG 3888 --- [kground-preinit] o.apache.tomcat.util.digester.Digester   :   Fire begin() for SetPropertiesRule[]
2023-01-04 17:44:53.657 DEBUG 3888 --- [kground-preinit] o.apache.tomcat.util.digester.Digester   : [SetPropertiesRule]{mbeans-descriptors/mbean/attribute} Set org.apache.tomcat.util.modeler.AttributeInfo properties
2023-01-04 17:44:53.657 DEBUG 3888 --- [kground-preinit] o.apache.tomcat.util.digester.Digester   : [SetPropertiesRule]{mbeans-descriptors/mbean/attribute} Setting property 'name' to 'privileged'
2023-01-04 17:44:53.657 DEBUG 3888 --- [kground-preinit] o.apache.tomcat.util.IntrospectionUtils  : IntrospectionUtils: setProperty(class org.apache.tomcat.util.modeler.AttributeInfo name=privileged)
2023-01-04 17:44:53.657 DEBUG 3888 --- [kground-preinit] o.apache.tomcat.util.digester.Digester   : [SetPropertiesRule]{mbeans-descriptors/mbean/attribute} Setting property 'description' to 'Access to tomcat internals'
2023-01-04 17:44:53.657 DEBUG 3888 --- [kground-preinit] o.apache.tomcat.util.IntrospectionUtils  : IntrospectionUtils: setProperty(class org.apache.tomcat.util.modeler.AttributeInfo description=Access to tomcat internals)
2023-01-04 17:44:53.657 DEBUG 3888 --- [kground-preinit] o.apache.tomcat.util.digester.Digester   : [SetPropertiesRule]{mbeans-descriptors/mbean/attribute} Setting property 'type' to 'boolean'
2023-01-04 17:44:53.657 DEBUG 3888 --- [kground-preinit] o.apache.tomcat.util.IntrospectionUtils  : IntrospectionUtils: setProperty(class org.apache.tomcat.util.modeler.AttributeInfo type=boolean)
2023-01-04 17:44:53.657 DEBUG 3888 --- [kground-preinit] o.apache.tomcat.util.digester.Digester   :   Fire begin() for SetNextRule[methodName=addAttribute, paramType=org.apache.tomcat.util.modeler.AttributeInfo]
2023-01-04 17:44:53.657 DEBUG 3888 --- [kground-preinit] o.a.tomcat.util.digester.Digester.sax    : endElement(,,attribute)
2023-01-04 17:44:53.657 DEBUG 3888 --- [kground-preinit] o.apache.tomcat.util.digester.Digester   :   match='mbeans-descriptors/mbean/attribute'
2023-01-04 17:44:53.657 DEBUG 3888 --- [kground-preinit] o.apache.tomcat.util.digester.Digester   :   bodyText=''
2023-01-04 17:44:53.657 DEBUG 3888 --- [kground-preinit] o.apache.tomcat.util.digester.Digester   :   Fire body() for ObjectCreateRule[className=org.apache.tomcat.util.modeler.AttributeInfo, attributeName=null]
2023-01-04 17:44:53.657 DEBUG 3888 --- [kground-preinit] o.apache.tomcat.util.digester.Digester   :   Fire body() for SetPropertiesRule[]
2023-01-04 17:44:53.657 DEBUG 3888 --- [kground-preinit] o.apache.tomcat.util.digester.Digester   :   Fire body() for SetNextRule[methodName=addAttribute, paramType=org.apache.tomcat.util.modeler.AttributeInfo]
2023-01-04 17:44:53.657 DEBUG 3888 --- [kground-preinit] o.apache.tomcat.util.digester.Digester   :   Fire end() for SetNextRule[methodName=addAttribute, paramType=org.apache.tomcat.util.modeler.AttributeInfo]
2023-01-04 17:44:53.657 DEBUG 3888 --- [kground-preinit] o.apache.tomcat.util.digester.Digester   : [SetNextRule]{mbeans-descriptors/mbean/attribute} Call org.apache.tomcat.util.modeler.ManagedBean.addAttribute(org.apache.tomcat.util.modeler.AttributeInfo@6c6a7205)
2023-01-04 17:44:53.658 DEBUG 3888 --- [kground-preinit] o.apache.tomcat.util.IntrospectionUtils  : IntrospectionUtils: callMethod1 org.apache.tomcat.util.modeler.ManagedBean org.apache.tomcat.util.modeler.AttributeInfo org.apache.tomcat.util.modeler.AttributeInfo
2023-01-04 17:44:53.658 DEBUG 3888 --- [kground-preinit] o.apache.tomcat.util.digester.Digester   :   Fire end() for SetPropertiesRule[]
2023-01-04 17:44:53.658 DEBUG 3888 --- [kground-preinit] o.apache.tomcat.util.digester.Digester   :   Fire end() for ObjectCreateRule[className=org.apache.tomcat.util.modeler.AttributeInfo, attributeName=null]
2023-01-04 17:44:53.658 DEBUG 3888 --- [kground-preinit] o.apache.tomcat.util.digester.Digester   : [ObjectCreateRule]{mbeans-descriptors/mbean/attribute} Pop org.apache.tomcat.util.modeler.AttributeInfo
2023-01-04 17:44:53.658 DEBUG 3888 --- [kground-preinit] o.a.tomcat.util.digester.Digester.sax    : characters(

    )
2023-01-04 17:44:53.658 DEBUG 3888 --- [kground-preinit] o.a.tomcat.util.digester.Digester.sax    : startElement(,,attribute)
2023-01-04 17:44:53.658 DEBUG 3888 --- [kground-preinit] o.apache.tomcat.util.digester.Digester   :   New match='mbeans-descriptors/mbean/attribute'
2023-01-04 17:44:53.658 DEBUG 3888 --- [kground-preinit] o.apache.tomcat.util.digester.Digester   :   Fire begin() for ObjectCreateRule[className=org.apache.tomcat.util.modeler.AttributeInfo, attributeName=null]
2023-01-04 17:44:53.658 DEBUG 3888 --- [kground-preinit] o.apache.tomcat.util.digester.Digester   : [ObjectCreateRule]{mbeans-descriptors/mbean/attribute}New org.apache.tomcat.util.modeler.AttributeInfo
2023-01-04 17:44:53.658 DEBUG 3888 --- [kground-preinit] o.apache.tomcat.util.digester.Digester   :   Fire begin() for SetPropertiesRule[]
2023-01-04 17:44:53.658 DEBUG 3888 --- [kground-preinit] o.apache.tomcat.util.digester.Digester   : [SetPropertiesRule]{mbeans-descriptors/mbean/attribute} Set org.apache.tomcat.util.modeler.AttributeInfo properties
2023-01-04 17:44:53.658 DEBUG 3888 --- [kground-preinit] o.apache.tomcat.util.digester.Digester   : [SetPropertiesRule]{mbeans-descriptors/mbean/attribute} Setting property 'name' to 'processingTime'
2023-01-04 17:44:53.658 DEBUG 3888 --- [kground-preinit] o.apache.tomcat.util.IntrospectionUtils  : IntrospectionUtils: setProperty(class org.apache.tomcat.util.modeler.AttributeInfo name=processingTime)
2023-01-04 17:44:53.658 DEBUG 3888 --- [kground-preinit] o.apache.tomcat.util.digester.Digester   : [SetPropertiesRule]{mbeans-descriptors/mbean/attribute} Setting property 'description' to 'Cumulative execution times of all servlets in this context'
2023-01-04 17:44:53.658 DEBUG 3888 --- [kground-preinit] o.apache.tomcat.util.IntrospectionUtils  : IntrospectionUtils: setProperty(class org.apache.tomcat.util.modeler.AttributeInfo description=Cumulative execution times of all servlets in this context)
2023-01-04 17:44:53.658 DEBUG 3888 --- [kground-preinit] o.apache.tomcat.util.digester.Digester   : [SetPropertiesRule]{mbeans-descriptors/mbean/attribute} Setting property 'type' to 'long'
2023-01-04 17:44:53.659 DEBUG 3888 --- [kground-preinit] o.apache.tomcat.util.IntrospectionUtils  : IntrospectionUtils: setProperty(class org.apache.tomcat.util.modeler.AttributeInfo type=long)
2023-01-04 17:44:53.659 DEBUG 3888 --- [kground-preinit] o.apache.tomcat.util.digester.Digester   : [SetPropertiesRule]{mbeans-descriptors/mbean/attribute} Setting property 'writeable' to 'false'
2023-01-04 17:44:53.659 DEBUG 3888 --- [kground-preinit] o.apache.tomcat.util.IntrospectionUtils  : IntrospectionUtils: setProperty(class org.apache.tomcat.util.modeler.AttributeInfo writeable=false)
2023-01-04 17:44:53.659 DEBUG 3888 --- [kground-preinit] o.apache.tomcat.util.digester.Digester   :   Fire begin() for SetNextRule[methodName=addAttribute, paramType=org.apache.tomcat.util.modeler.AttributeInfo]
2023-01-04 17:44:53.659 DEBUG 3888 --- [kground-preinit] o.a.tomcat.util.digester.Digester.sax    : endElement(,,attribute)
2023-01-04 17:44:53.659 DEBUG 3888 --- [kground-preinit] o.apache.tomcat.util.digester.Digester   :   match='mbeans-descriptors/mbean/attribute'
2023-01-04 17:44:53.659 DEBUG 3888 --- [kground-preinit] o.apache.tomcat.util.digester.Digester   :   bodyText=''
2023-01-04 17:44:53.660 DEBUG 3888 --- [kground-preinit] o.apache.tomcat.util.digester.Digester   :   Fire body() for ObjectCreateRule[className=org.apache.tomcat.util.modeler.AttributeInfo, attributeName=null]
2023-01-04 17:44:53.660 DEBUG 3888 --- [kground-preinit] o.apache.tomcat.util.digester.Digester   :   Fire body() for SetPropertiesRule[]
2023-01-04 17:44:53.660 DEBUG 3888 --- [kground-preinit] o.apache.tomcat.util.digester.Digester   :   Fire body() for SetNextRule[methodName=addAttribute, paramType=org.apache.tomcat.util.modeler.AttributeInfo]
2023-01-04 17:44:53.660 DEBUG 3888 --- [kground-preinit] o.apache.tomcat.util.digester.Digester   :   Fire end() for SetNextRule[methodName=addAttribute, paramType=org.apache.tomcat.util.modeler.AttributeInfo]
2023-01-04 17:44:53.660 DEBUG 3888 --- [kground-preinit] o.apache.tomcat.util.digester.Digester   : [SetNextRule]{mbeans-descriptors/mbean/attribute} Call org.apache.tomcat.util.modeler.ManagedBean.addAttribute(org.apache.tomcat.util.modeler.AttributeInfo@4837e46e)
2023-01-04 17:44:53.660 DEBUG 3888 --- [kground-preinit] o.apache.tomcat.util.IntrospectionUtils  : IntrospectionUtils: callMethod1 org.apache.tomcat.util.modeler.ManagedBean org.apache.tomcat.util.modeler.AttributeInfo org.apache.tomcat.util.modeler.AttributeInfo
2023-01-04 17:44:53.660 DEBUG 3888 --- [kground-preinit] o.apache.tomcat.util.digester.Digester   :   Fire end() for SetPropertiesRule[]
2023-01-04 17:44:53.660 DEBUG 3888 --- [kground-preinit] o.apache.tomcat.util.digester.Digester   :   Fire end() for ObjectCreateRule[className=org.apache.tomcat.util.modeler.AttributeInfo, attributeName=null]
2023-01-04 17:44:53.660 DEBUG 3888 --- [kground-preinit] o.apache.tomcat.util.digester.Digester   : [ObjectCreateRule]{mbeans-descriptors/mbean/attribute} Pop org.apache.tomcat.util.modeler.AttributeInfo
2023-01-04 17:44:53.660 DEBUG 3888 --- [kground-preinit] o.a.tomcat.util.digester.Digester.sax    : characters(

    )
2023-01-04 17:44:53.660 DEBUG 3888 --- [kground-preinit] o.a.tomcat.util.digester.Digester.sax    : startElement(,,attribute)
2023-01-04 17:44:53.660 DEBUG 3888 --- [kground-preinit] o.apache.tomcat.util.digester.Digester   :   New match='mbeans-descriptors/mbean/attribute'
2023-01-04 17:44:53.660 DEBUG 3888 --- [kground-preinit] o.apache.tomcat.util.digester.Digester   :   Fire begin() for ObjectCreateRule[className=org.apache.tomcat.util.modeler.AttributeInfo, attributeName=null]
2023-01-04 17:44:53.661 DEBUG 3888 --- [kground-preinit] o.apache.tomcat.util.digester.Digester   : [ObjectCreateRule]{mbeans-descriptors/mbean/attribute}New org.apache.tomcat.util.modeler.AttributeInfo
2023-01-04 17:44:53.661 DEBUG 3888 --- [kground-preinit] o.apache.tomcat.util.digester.Digester   :   Fire begin() for SetPropertiesRule[]
2023-01-04 17:44:53.661 DEBUG 3888 --- [kground-preinit] o.apache.tomcat.util.digester.Digester   : [SetPropertiesRule]{mbeans-descriptors/mbean/attribute} Set org.apache.tomcat.util.modeler.AttributeInfo properties
2023-01-04 17:44:53.661 DEBUG 3888 --- [kground-preinit] o.apache.tomcat.util.digester.Digester   : [SetPropertiesRule]{mbeans-descriptors/mbean/attribute} Setting property 'name' to 'maxTime'
2023-01-04 17:44:53.661 DEBUG 3888 --- [kground-preinit] o.apache.tomcat.util.IntrospectionUtils  : IntrospectionUtils: setProperty(class org.apache.tomcat.util.modeler.AttributeInfo name=maxTime)
2023-01-04 17:44:53.661 DEBUG 3888 --- [kground-preinit] o.apache.tomcat.util.digester.Digester   : [SetPropertiesRule]{mbeans-descriptors/mbean/attribute} Setting property 'description' to 'Maximum execution time of all servlets in this context'
2023-01-04 17:44:53.661 DEBUG 3888 --- [kground-preinit] o.apache.tomcat.util.IntrospectionUtils  : IntrospectionUtils: setProperty(class org.apache.tomcat.util.modeler.AttributeInfo description=Maximum execution time of all servlets in this context)
2023-01-04 17:44:53.661 DEBUG 3888 --- [kground-preinit] o.apache.tomcat.util.digester.Digester   : [SetPropertiesRule]{mbeans-descriptors/mbean/attribute} Setting property 'type' to 'long'
2023-01-04 17:44:53.661 DEBUG 3888 --- [kground-preinit] o.apache.tomcat.util.IntrospectionUtils  : IntrospectionUtils: setProperty(class org.apache.tomcat.util.modeler.AttributeInfo type=long)
2023-01-04 17:44:53.661 DEBUG 3888 --- [kground-preinit] o.apache.tomcat.util.digester.Digester   : [SetPropertiesRule]{mbeans-descriptors/mbean/attribute} Setting property 'writeable' to 'false'
2023-01-04 17:44:53.661 DEBUG 3888 --- [kground-preinit] o.apache.tomcat.util.IntrospectionUtils  : IntrospectionUtils: setProperty(class org.apache.tomcat.util.modeler.AttributeInfo writeable=false)
2023-01-04 17:44:53.661 DEBUG 3888 --- [kground-preinit] o.apache.tomcat.util.digester.Digester   :   Fire begin() for SetNextRule[methodName=addAttribute, paramType=org.apache.tomcat.util.modeler.AttributeInfo]
2023-01-04 17:44:53.661 DEBUG 3888 --- [kground-preinit] o.a.tomcat.util.digester.Digester.sax    : endElement(,,attribute)
2023-01-04 17:44:53.661 DEBUG 3888 --- [kground-preinit] o.apache.tomcat.util.digester.Digester   :   match='mbeans-descriptors/mbean/attribute'
2023-01-04 17:44:53.661 DEBUG 3888 --- [kground-preinit] o.apache.tomcat.util.digester.Digester   :   bodyText=''
2023-01-04 17:44:53.661 DEBUG 3888 --- [kground-preinit] o.apache.tomcat.util.digester.Digester   :   Fire body() for ObjectCreateRule[className=org.apache.tomcat.util.modeler.AttributeInfo, attributeName=null]
2023-01-04 17:44:53.661 DEBUG 3888 --- [kground-preinit] o.apache.tomcat.util.digester.Digester   :   Fire body() for SetPropertiesRule[]
2023-01-04 17:44:53.661 DEBUG 3888 --- [kground-preinit] o.apache.tomcat.util.digester.Digester   :   Fire body() for SetNextRule[methodName=addAttribute, paramType=org.apache.tomcat.util.modeler.AttributeInfo]
2023-01-04 17:44:53.662 DEBUG 3888 --- [kground-preinit] o.apache.tomcat.util.digester.Digester   :   Fire end() for SetNextRule[methodName=addAttribute, paramType=org.apache.tomcat.util.modeler.AttributeInfo]
2023-01-04 17:44:53.662 DEBUG 3888 --- [kground-preinit] o.apache.tomcat.util.digester.Digester   : [SetNextRule]{mbeans-descriptors/mbean/attribute} Call org.apache.tomcat.util.modeler.ManagedBean.addAttribute(org.apache.tomcat.util.modeler.AttributeInfo@17bb81a3)
2023-01-04 17:44:53.663 DEBUG 3888 --- [kground-preinit] o.apache.tomcat.util.IntrospectionUtils  : IntrospectionUtils: callMethod1 org.apache.tomcat.util.modeler.ManagedBean org.apache.tomcat.util.modeler.AttributeInfo org.apache.tomcat.util.modeler.AttributeInfo
2023-01-04 17:44:53.663 DEBUG 3888 --- [kground-preinit] o.apache.tomcat.util.digester.Digester   :   Fire end() for SetPropertiesRule[]
2023-01-04 17:44:53.663 DEBUG 3888 --- [kground-preinit] o.apache.tomcat.util.digester.Digester   :   Fire end() for ObjectCreateRule[className=org.apache.tomcat.util.modeler.AttributeInfo, attributeName=null]
2023-01-04 17:44:53.663 DEBUG 3888 --- [kground-preinit] o.apache.tomcat.util.digester.Digester   : [ObjectCreateRule]{mbeans-descriptors/mbean/attribute} Pop org.apache.tomcat.util.modeler.AttributeInfo
2023-01-04 17:44:53.663 DEBUG 3888 --- [kground-preinit] o.a.tomcat.util.digester.Digester.sax    : characters(

    )
2023-01-04 17:44:53.663 DEBUG 3888 --- [kground-preinit] o.a.tomcat.util.digester.Digester.sax    : startElement(,,attribute)
2023-01-04 17:44:53.663 DEBUG 3888 --- [kground-preinit] o.apache.tomcat.util.digester.Digester   :   New match='mbeans-descriptors/mbean/attribute'
2023-01-04 17:44:53.663 DEBUG 3888 --- [kground-preinit] o.apache.tomcat.util.digester.Digester   :   Fire begin() for ObjectCreateRule[className=org.apache.tomcat.util.modeler.AttributeInfo, attributeName=null]
2023-01-04 17:44:53.663 DEBUG 3888 --- [kground-preinit] o.apache.tomcat.util.digester.Digester   : [ObjectCreateRule]{mbeans-descriptors/mbean/attribute}New org.apache.tomcat.util.modeler.AttributeInfo
2023-01-04 17:44:53.663 DEBUG 3888 --- [kground-preinit] o.apache.tomcat.util.digester.Digester   :   Fire begin() for SetPropertiesRule[]
2023-01-04 17:44:53.663 DEBUG 3888 --- [kground-preinit] o.apache.tomcat.util.digester.Digester   : [SetPropertiesRule]{mbeans-descriptors/mbean/attribute} Set org.apache.tomcat.util.modeler.AttributeInfo properties
2023-01-04 17:44:53.663 DEBUG 3888 --- [kground-preinit] o.apache.tomcat.util.digester.Digester   : [SetPropertiesRule]{mbeans-descriptors/mbean/attribute} Setting property 'name' to 'minTime'
2023-01-04 17:44:53.663 DEBUG 3888 --- [kground-preinit] o.apache.tomcat.util.IntrospectionUtils  : IntrospectionUtils: setProperty(class org.apache.tomcat.util.modeler.AttributeInfo name=minTime)
2023-01-04 17:44:53.664 DEBUG 3888 --- [kground-preinit] o.apache.tomcat.util.digester.Digester   : [SetPropertiesRule]{mbeans-descriptors/mbean/attribute} Setting property 'description' to 'Minimum execution time of all servlets in this context'
2023-01-04 17:44:53.664 DEBUG 3888 --- [kground-preinit] o.apache.tomcat.util.IntrospectionUtils  : IntrospectionUtils: setProperty(class org.apache.tomcat.util.modeler.AttributeInfo description=Minimum execution time of all servlets in this context)
2023-01-04 17:44:53.664 DEBUG 3888 --- [kground-preinit] o.apache.tomcat.util.digester.Digester   : [SetPropertiesRule]{mbeans-descriptors/mbean/attribute} Setting property 'type' to 'long'
2023-01-04 17:44:53.664 DEBUG 3888 --- [kground-preinit] o.apache.tomcat.util.IntrospectionUtils  : IntrospectionUtils: setProperty(class org.apache.tomcat.util.modeler.AttributeInfo type=long)
2023-01-04 17:44:53.664 DEBUG 3888 --- [kground-preinit] o.apache.tomcat.util.digester.Digester   : [SetPropertiesRule]{mbeans-descriptors/mbean/attribute} Setting property 'writeable' to 'false'
2023-01-04 17:44:53.664 DEBUG 3888 --- [kground-preinit] o.apache.tomcat.util.IntrospectionUtils  : IntrospectionUtils: setProperty(class org.apache.tomcat.util.modeler.AttributeInfo writeable=false)
2023-01-04 17:44:53.664 DEBUG 3888 --- [kground-preinit] o.apache.tomcat.util.digester.Digester   :   Fire begin() for SetNextRule[methodName=addAttribute, paramType=org.apache.tomcat.util.modeler.AttributeInfo]
2023-01-04 17:44:53.664 DEBUG 3888 --- [kground-preinit] o.a.tomcat.util.digester.Digester.sax    : endElement(,,attribute)
2023-01-04 17:44:53.664 DEBUG 3888 --- [kground-preinit] o.apache.tomcat.util.digester.Digester   :   match='mbeans-descriptors/mbean/attribute'
2023-01-04 17:44:53.664 DEBUG 3888 --- [kground-preinit] o.apache.tomcat.util.digester.Digester   :   bodyText=''
2023-01-04 17:44:53.664 DEBUG 3888 --- [kground-preinit] o.apache.tomcat.util.digester.Digester   :   Fire body() for ObjectCreateRule[className=org.apache.tomcat.util.modeler.AttributeInfo, attributeName=null]
2023-01-04 17:44:53.664 DEBUG 3888 --- [kground-preinit] o.apache.tomcat.util.digester.Digester   :   Fire body() for SetPropertiesRule[]
2023-01-04 17:44:53.664 DEBUG 3888 --- [kground-preinit] o.apache.tomcat.util.digester.Digester   :   Fire body() for SetNextRule[methodName=addAttribute, paramType=org.apache.tomcat.util.modeler.AttributeInfo]
2023-01-04 17:44:53.664 DEBUG 3888 --- [           main] o.s.b.f.s.DefaultListableBeanFactory     : Returning cached instance of singleton bean 'autoConfigurationReport'
2023-01-04 17:44:53.664 DEBUG 3888 --- [kground-preinit] o.apache.tomcat.util.digester.Digester   :   Fire end() for SetNextRule[methodName=addAttribute, paramType=org.apache.tomcat.util.modeler.AttributeInfo]
2023-01-04 17:44:53.664 DEBUG 3888 --- [kground-preinit] o.apache.tomcat.util.digester.Digester   : [SetNextRule]{mbeans-descriptors/mbean/attribute} Call org.apache.tomcat.util.modeler.ManagedBean.addAttribute(org.apache.tomcat.util.modeler.AttributeInfo@2f69f899)
2023-01-04 17:44:53.665 DEBUG 3888 --- [kground-preinit] o.apache.tomcat.util.IntrospectionUtils  : IntrospectionUtils: callMethod1 org.apache.tomcat.util.modeler.ManagedBean org.apache.tomcat.util.modeler.AttributeInfo org.apache.tomcat.util.modeler.AttributeInfo
2023-01-04 17:44:53.665 DEBUG 3888 --- [kground-preinit] o.apache.tomcat.util.digester.Digester   :   Fire end() for SetPropertiesRule[]
2023-01-04 17:44:53.665 DEBUG 3888 --- [kground-preinit] o.apache.tomcat.util.digester.Digester   :   Fire end() for ObjectCreateRule[className=org.apache.tomcat.util.modeler.AttributeInfo, attributeName=null]
2023-01-04 17:44:53.665 DEBUG 3888 --- [kground-preinit] o.apache.tomcat.util.digester.Digester   : [ObjectCreateRule]{mbeans-descriptors/mbean/attribute} Pop org.apache.tomcat.util.modeler.AttributeInfo
2023-01-04 17:44:53.665 DEBUG 3888 --- [kground-preinit] o.a.tomcat.util.digester.Digester.sax    : characters(

    )
2023-01-04 17:44:53.665 DEBUG 3888 --- [kground-preinit] o.a.tomcat.util.digester.Digester.sax    : startElement(,,attribute)
2023-01-04 17:44:53.665 DEBUG 3888 --- [kground-preinit] o.apache.tomcat.util.digester.Digester   :   New match='mbeans-descriptors/mbean/attribute'
2023-01-04 17:44:53.665 DEBUG 3888 --- [kground-preinit] o.apache.tomcat.util.digester.Digester   :   Fire begin() for ObjectCreateRule[className=org.apache.tomcat.util.modeler.AttributeInfo, attributeName=null]
2023-01-04 17:44:53.665 DEBUG 3888 --- [           main] o.s.b.f.s.DefaultListableBeanFactory     : Returning cached instance of singleton bean 'autoConfigurationReport'
2023-01-04 17:44:53.665 DEBUG 3888 --- [kground-preinit] o.apache.tomcat.util.digester.Digester   : [ObjectCreateRule]{mbeans-descriptors/mbean/attribute}New org.apache.tomcat.util.modeler.AttributeInfo
2023-01-04 17:44:53.666 DEBUG 3888 --- [kground-preinit] o.apache.tomcat.util.digester.Digester   :   Fire begin() for SetPropertiesRule[]
2023-01-04 17:44:53.666 DEBUG 3888 --- [kground-preinit] o.apache.tomcat.util.digester.Digester   : [SetPropertiesRule]{mbeans-descriptors/mbean/attribute} Set org.apache.tomcat.util.modeler.AttributeInfo properties
2023-01-04 17:44:53.666 DEBUG 3888 --- [kground-preinit] o.apache.tomcat.util.digester.Digester   : [SetPropertiesRule]{mbeans-descriptors/mbean/attribute} Setting property 'name' to 'requestCount'
2023-01-04 17:44:53.666 DEBUG 3888 --- [kground-preinit] o.apache.tomcat.util.IntrospectionUtils  : IntrospectionUtils: setProperty(class org.apache.tomcat.util.modeler.AttributeInfo name=requestCount)
2023-01-04 17:44:53.666 DEBUG 3888 --- [kground-preinit] o.apache.tomcat.util.digester.Digester   : [SetPropertiesRule]{mbeans-descriptors/mbean/attribute} Setting property 'description' to 'Cumulative request count of all servlets in this context'
2023-01-04 17:44:53.667 DEBUG 3888 --- [kground-preinit] o.apache.tomcat.util.IntrospectionUtils  : IntrospectionUtils: setProperty(class org.apache.tomcat.util.modeler.AttributeInfo description=Cumulative request count of all servlets in this context)
2023-01-04 17:44:53.667 DEBUG 3888 --- [kground-preinit] o.apache.tomcat.util.digester.Digester   : [SetPropertiesRule]{mbeans-descriptors/mbean/attribute} Setting property 'type' to 'int'
2023-01-04 17:44:53.667 DEBUG 3888 --- [kground-preinit] o.apache.tomcat.util.IntrospectionUtils  : IntrospectionUtils: setProperty(class org.apache.tomcat.util.modeler.AttributeInfo type=int)
2023-01-04 17:44:53.667 DEBUG 3888 --- [kground-preinit] o.apache.tomcat.util.digester.Digester   : [SetPropertiesRule]{mbeans-descriptors/mbean/attribute} Setting property 'writeable' to 'false'
2023-01-04 17:44:53.667 DEBUG 3888 --- [kground-preinit] o.apache.tomcat.util.IntrospectionUtils  : IntrospectionUtils: setProperty(class org.apache.tomcat.util.modeler.AttributeInfo writeable=false)
2023-01-04 17:44:53.667 DEBUG 3888 --- [kground-preinit] o.apache.tomcat.util.digester.Digester   :   Fire begin() for SetNextRule[methodName=addAttribute, paramType=org.apache.tomcat.util.modeler.AttributeInfo]
2023-01-04 17:44:53.667 DEBUG 3888 --- [           main] o.s.b.f.s.DefaultListableBeanFactory     : Returning cached instance of singleton bean 'autoConfigurationReport'
2023-01-04 17:44:53.667 DEBUG 3888 --- [kground-preinit] o.a.tomcat.util.digester.Digester.sax    : endElement(,,attribute)
2023-01-04 17:44:53.667 DEBUG 3888 --- [kground-preinit] o.apache.tomcat.util.digester.Digester   :   match='mbeans-descriptors/mbean/attribute'
2023-01-04 17:44:53.667 DEBUG 3888 --- [kground-preinit] o.apache.tomcat.util.digester.Digester   :   bodyText=''
2023-01-04 17:44:53.667 DEBUG 3888 --- [kground-preinit] o.apache.tomcat.util.digester.Digester   :   Fire body() for ObjectCreateRule[className=org.apache.tomcat.util.modeler.AttributeInfo, attributeName=null]
2023-01-04 17:44:53.667 DEBUG 3888 --- [kground-preinit] o.apache.tomcat.util.digester.Digester   :   Fire body() for SetPropertiesRule[]
2023-01-04 17:44:53.668 DEBUG 3888 --- [kground-preinit] o.apache.tomcat.util.digester.Digester   :   Fire body() for SetNextRule[methodName=addAttribute, paramType=org.apache.tomcat.util.modeler.AttributeInfo]
2023-01-04 17:44:53.668 DEBUG 3888 --- [kground-preinit] o.apache.tomcat.util.digester.Digester   :   Fire end() for SetNextRule[methodName=addAttribute, paramType=org.apache.tomcat.util.modeler.AttributeInfo]
2023-01-04 17:44:53.668 DEBUG 3888 --- [kground-preinit] o.apache.tomcat.util.digester.Digester   : [SetNextRule]{mbeans-descriptors/mbean/attribute} Call org.apache.tomcat.util.modeler.ManagedBean.addAttribute(org.apache.tomcat.util.modeler.AttributeInfo@102c5d2b)
2023-01-04 17:44:53.668 DEBUG 3888 --- [kground-preinit] o.apache.tomcat.util.IntrospectionUtils  : IntrospectionUtils: callMethod1 org.apache.tomcat.util.modeler.ManagedBean org.apache.tomcat.util.modeler.AttributeInfo org.apache.tomcat.util.modeler.AttributeInfo
2023-01-04 17:44:53.668 DEBUG 3888 --- [           main] o.s.b.f.s.DefaultListableBeanFactory     : Returning cached instance of singleton bean 'autoConfigurationReport'
2023-01-04 17:44:53.668 DEBUG 3888 --- [kground-preinit] o.apache.tomcat.util.digester.Digester   :   Fire end() for SetPropertiesRule[]
2023-01-04 17:44:53.668 DEBUG 3888 --- [           main] o.s.b.f.s.DefaultListableBeanFactory     : Returning cached instance of singleton bean 'autoConfigurationReport'
2023-01-04 17:44:53.668 DEBUG 3888 --- [kground-preinit] o.apache.tomcat.util.digester.Digester   :   Fire end() for ObjectCreateRule[className=org.apache.tomcat.util.modeler.AttributeInfo, attributeName=null]
2023-01-04 17:44:53.668 DEBUG 3888 --- [kground-preinit] o.apache.tomcat.util.digester.Digester   : [ObjectCreateRule]{mbeans-descriptors/mbean/attribute} Pop org.apache.tomcat.util.modeler.AttributeInfo
2023-01-04 17:44:53.668 DEBUG 3888 --- [kground-preinit] o.a.tomcat.util.digester.Digester.sax    : characters(

    )
2023-01-04 17:44:53.669 DEBUG 3888 --- [kground-preinit] o.a.tomcat.util.digester.Digester.sax    : startElement(,,attribute)
2023-01-04 17:44:53.669 DEBUG 3888 --- [kground-preinit] o.apache.tomcat.util.digester.Digester   :   New match='mbeans-descriptors/mbean/attribute'
2023-01-04 17:44:53.669 DEBUG 3888 --- [kground-preinit] o.apache.tomcat.util.digester.Digester   :   Fire begin() for ObjectCreateRule[className=org.apache.tomcat.util.modeler.AttributeInfo, attributeName=null]
2023-01-04 17:44:53.669 DEBUG 3888 --- [kground-preinit] o.apache.tomcat.util.digester.Digester   : [ObjectCreateRule]{mbeans-descriptors/mbean/attribute}New org.apache.tomcat.util.modeler.AttributeInfo
2023-01-04 17:44:53.669 DEBUG 3888 --- [kground-preinit] o.apache.tomcat.util.digester.Digester   :   Fire begin() for SetPropertiesRule[]
2023-01-04 17:44:53.669 DEBUG 3888 --- [kground-preinit] o.apache.tomcat.util.digester.Digester   : [SetPropertiesRule]{mbeans-descriptors/mbean/attribute} Set org.apache.tomcat.util.modeler.AttributeInfo properties
2023-01-04 17:44:53.669 DEBUG 3888 --- [kground-preinit] o.apache.tomcat.util.digester.Digester   : [SetPropertiesRule]{mbeans-descriptors/mbean/attribute} Setting property 'name' to 'errorCount'
2023-01-04 17:44:53.669 DEBUG 3888 --- [kground-preinit] o.apache.tomcat.util.IntrospectionUtils  : IntrospectionUtils: setProperty(class org.apache.tomcat.util.modeler.AttributeInfo name=errorCount)
2023-01-04 17:44:53.670 DEBUG 3888 --- [           main] o.s.b.f.s.DefaultListableBeanFactory     : Returning cached instance of singleton bean 'autoConfigurationReport'
2023-01-04 17:44:53.670 DEBUG 3888 --- [           main] o.s.b.f.s.DefaultListableBeanFactory     : Returning cached instance of singleton bean 'autoConfigurationReport'
2023-01-04 17:44:53.670 DEBUG 3888 --- [           main] o.s.b.f.s.DefaultListableBeanFactory     : Returning cached instance of singleton bean 'autoConfigurationReport'
2023-01-04 17:44:53.670 DEBUG 3888 --- [kground-preinit] o.apache.tomcat.util.digester.Digester   : [SetPropertiesRule]{mbeans-descriptors/mbean/attribute} Setting property 'description' to 'Cumulative error count of all servlets in this context'
2023-01-04 17:44:53.670 DEBUG 3888 --- [kground-preinit] o.apache.tomcat.util.IntrospectionUtils  : IntrospectionUtils: setProperty(class org.apache.tomcat.util.modeler.AttributeInfo description=Cumulative error count of all servlets in this context)
2023-01-04 17:44:53.671 DEBUG 3888 --- [kground-preinit] o.apache.tomcat.util.digester.Digester   : [SetPropertiesRule]{mbeans-descriptors/mbean/attribute} Setting property 'type' to 'int'
2023-01-04 17:44:53.671 DEBUG 3888 --- [kground-preinit] o.apache.tomcat.util.IntrospectionUtils  : IntrospectionUtils: setProperty(class org.apache.tomcat.util.modeler.AttributeInfo type=int)
2023-01-04 17:44:53.671 DEBUG 3888 --- [kground-preinit] o.apache.tomcat.util.digester.Digester   : [SetPropertiesRule]{mbeans-descriptors/mbean/attribute} Setting property 'writeable' to 'false'
2023-01-04 17:44:53.671 DEBUG 3888 --- [kground-preinit] o.apache.tomcat.util.IntrospectionUtils  : IntrospectionUtils: setProperty(class org.apache.tomcat.util.modeler.AttributeInfo writeable=false)
2023-01-04 17:44:53.671 DEBUG 3888 --- [kground-preinit] o.apache.tomcat.util.digester.Digester   :   Fire begin() for SetNextRule[methodName=addAttribute, paramType=org.apache.tomcat.util.modeler.AttributeInfo]
2023-01-04 17:44:53.671 DEBUG 3888 --- [kground-preinit] o.a.tomcat.util.digester.Digester.sax    : endElement(,,attribute)
2023-01-04 17:44:53.671 DEBUG 3888 --- [           main] o.s.b.f.s.DefaultListableBeanFactory     : Returning cached instance of singleton bean 'autoConfigurationReport'
2023-01-04 17:44:53.671 DEBUG 3888 --- [           main] o.s.b.f.s.DefaultListableBeanFactory     : Returning cached instance of singleton bean 'autoConfigurationReport'
2023-01-04 17:44:53.671 DEBUG 3888 --- [kground-preinit] o.apache.tomcat.util.digester.Digester   :   match='mbeans-descriptors/mbean/attribute'
2023-01-04 17:44:53.671 DEBUG 3888 --- [           main] o.s.b.f.s.DefaultListableBeanFactory     : Returning cached instance of singleton bean 'autoConfigurationReport'
2023-01-04 17:44:53.672 DEBUG 3888 --- [kground-preinit] o.apache.tomcat.util.digester.Digester   :   bodyText=''
2023-01-04 17:44:53.672 DEBUG 3888 --- [           main] a.ConfigurationClassBeanDefinitionReader : Registering bean definition for @Bean method com.affani.datatranx.config.WebConfiguration.h2servletRegistration()
2023-01-04 17:44:53.672 DEBUG 3888 --- [kground-preinit] o.apache.tomcat.util.digester.Digester   :   Fire body() for ObjectCreateRule[className=org.apache.tomcat.util.modeler.AttributeInfo, attributeName=null]
2023-01-04 17:44:53.672 DEBUG 3888 --- [kground-preinit] o.apache.tomcat.util.digester.Digester   :   Fire body() for SetPropertiesRule[]
2023-01-04 17:44:53.672 DEBUG 3888 --- [kground-preinit] o.apache.tomcat.util.digester.Digester   :   Fire body() for SetNextRule[methodName=addAttribute, paramType=org.apache.tomcat.util.modeler.AttributeInfo]
2023-01-04 17:44:53.672 DEBUG 3888 --- [kground-preinit] o.apache.tomcat.util.digester.Digester   :   Fire end() for SetNextRule[methodName=addAttribute, paramType=org.apache.tomcat.util.modeler.AttributeInfo]
2023-01-04 17:44:53.672 DEBUG 3888 --- [kground-preinit] o.apache.tomcat.util.digester.Digester   : [SetNextRule]{mbeans-descriptors/mbean/attribute} Call org.apache.tomcat.util.modeler.ManagedBean.addAttribute(org.apache.tomcat.util.modeler.AttributeInfo@674fcfd4)
2023-01-04 17:44:53.673 DEBUG 3888 --- [kground-preinit] o.apache.tomcat.util.IntrospectionUtils  : IntrospectionUtils: callMethod1 org.apache.tomcat.util.modeler.ManagedBean org.apache.tomcat.util.modeler.AttributeInfo org.apache.tomcat.util.modeler.AttributeInfo
2023-01-04 17:44:53.673 DEBUG 3888 --- [           main] a.ConfigurationClassBeanDefinitionReader : Registered bean definition for imported class 'org.springframework.boot.autoconfigure.context.PropertyPlaceholderAutoConfiguration'
2023-01-04 17:44:53.673 DEBUG 3888 --- [kground-preinit] o.apache.tomcat.util.digester.Digester   :   Fire end() for SetPropertiesRule[]
2023-01-04 17:44:53.673 DEBUG 3888 --- [kground-preinit] o.apache.tomcat.util.digester.Digester   :   Fire end() for ObjectCreateRule[className=org.apache.tomcat.util.modeler.AttributeInfo, attributeName=null]
2023-01-04 17:44:53.673 DEBUG 3888 --- [kground-preinit] o.apache.tomcat.util.digester.Digester   : [ObjectCreateRule]{mbeans-descriptors/mbean/attribute} Pop org.apache.tomcat.util.modeler.AttributeInfo
2023-01-04 17:44:53.673 DEBUG 3888 --- [           main] o.s.b.f.s.DefaultListableBeanFactory     : Creating shared instance of singleton bean 'org.springframework.boot.autoconfigure.condition.BeanTypeRegistry'
2023-01-04 17:44:53.673 DEBUG 3888 --- [kground-preinit] o.a.tomcat.util.digester.Digester.sax    : characters(

    )
2023-01-04 17:44:53.673 DEBUG 3888 --- [           main] o.s.b.f.s.DefaultListableBeanFactory     : Creating instance of bean 'org.springframework.boot.autoconfigure.condition.BeanTypeRegistry'
2023-01-04 17:44:53.673 DEBUG 3888 --- [kground-preinit] o.a.tomcat.util.digester.Digester.sax    : startElement(,,attribute)
2023-01-04 17:44:53.673 DEBUG 3888 --- [kground-preinit] o.apache.tomcat.util.digester.Digester   :   New match='mbeans-descriptors/mbean/attribute'
2023-01-04 17:44:53.673 DEBUG 3888 --- [kground-preinit] o.apache.tomcat.util.digester.Digester   :   Fire begin() for ObjectCreateRule[className=org.apache.tomcat.util.modeler.AttributeInfo, attributeName=null]
2023-01-04 17:44:53.673 DEBUG 3888 --- [           main] o.s.b.f.s.DefaultListableBeanFactory     : Eagerly caching bean 'org.springframework.boot.autoconfigure.condition.BeanTypeRegistry' to allow for resolving potential circular references
2023-01-04 17:44:53.673 DEBUG 3888 --- [kground-preinit] o.apache.tomcat.util.digester.Digester   : [ObjectCreateRule]{mbeans-descriptors/mbean/attribute}New org.apache.tomcat.util.modeler.AttributeInfo
2023-01-04 17:44:53.673 DEBUG 3888 --- [           main] o.s.b.f.s.DefaultListableBeanFactory     : Finished creating instance of bean 'org.springframework.boot.autoconfigure.condition.BeanTypeRegistry'
2023-01-04 17:44:53.673 DEBUG 3888 --- [kground-preinit] o.apache.tomcat.util.digester.Digester   :   Fire begin() for SetPropertiesRule[]
2023-01-04 17:44:53.673 DEBUG 3888 --- [kground-preinit] o.apache.tomcat.util.digester.Digester   : [SetPropertiesRule]{mbeans-descriptors/mbean/attribute} Set org.apache.tomcat.util.modeler.AttributeInfo properties
2023-01-04 17:44:53.673 DEBUG 3888 --- [kground-preinit] o.apache.tomcat.util.digester.Digester   : [SetPropertiesRule]{mbeans-descriptors/mbean/attribute} Setting property 'name' to 'publicId'
2023-01-04 17:44:53.673 DEBUG 3888 --- [kground-preinit] o.apache.tomcat.util.IntrospectionUtils  : IntrospectionUtils: setProperty(class org.apache.tomcat.util.modeler.AttributeInfo name=publicId)
2023-01-04 17:44:53.673 DEBUG 3888 --- [kground-preinit] o.apache.tomcat.util.digester.Digester   : [SetPropertiesRule]{mbeans-descriptors/mbean/attribute} Setting property 'description' to 'The public identifier of the DTD for the web application deployment descriptor version that is being parsed'
2023-01-04 17:44:53.674 DEBUG 3888 --- [kground-preinit] o.apache.tomcat.util.IntrospectionUtils  : IntrospectionUtils: setProperty(class org.apache.tomcat.util.modeler.AttributeInfo description=The public identifier of the DTD for the web application deployment descriptor version that is being parsed)
2023-01-04 17:44:53.674 DEBUG 3888 --- [kground-preinit] o.apache.tomcat.util.digester.Digester   : [SetPropertiesRule]{mbeans-descriptors/mbean/attribute} Setting property 'type' to 'java.lang.String'
2023-01-04 17:44:53.674 DEBUG 3888 --- [kground-preinit] o.apache.tomcat.util.IntrospectionUtils  : IntrospectionUtils: setProperty(class org.apache.tomcat.util.modeler.AttributeInfo type=java.lang.String)
2023-01-04 17:44:53.674 DEBUG 3888 --- [           main] o.s.b.f.s.DefaultListableBeanFactory     : Returning cached instance of singleton bean 'autoConfigurationReport'
2023-01-04 17:44:53.674 DEBUG 3888 --- [kground-preinit] o.apache.tomcat.util.digester.Digester   : [SetPropertiesRule]{mbeans-descriptors/mbean/attribute} Setting property 'writeable' to 'false'
2023-01-04 17:44:53.674 DEBUG 3888 --- [           main] a.ConfigurationClassBeanDefinitionReader : Registering bean definition for @Bean method org.springframework.boot.autoconfigure.context.PropertyPlaceholderAutoConfiguration.propertySourcesPlaceholderConfigurer()
2023-01-04 17:44:53.674 DEBUG 3888 --- [kground-preinit] o.apache.tomcat.util.IntrospectionUtils  : IntrospectionUtils: setProperty(class org.apache.tomcat.util.modeler.AttributeInfo writeable=false)
2023-01-04 17:44:53.674 DEBUG 3888 --- [           main] o.s.b.f.s.DefaultListableBeanFactory     : Returning cached instance of singleton bean 'autoConfigurationReport'
2023-01-04 17:44:53.674 DEBUG 3888 --- [kground-preinit] o.apache.tomcat.util.digester.Digester   :   Fire begin() for SetNextRule[methodName=addAttribute, paramType=org.apache.tomcat.util.modeler.AttributeInfo]
2023-01-04 17:44:53.674 DEBUG 3888 --- [           main] o.s.b.f.s.DefaultListableBeanFactory     : Returning cached instance of singleton bean 'autoConfigurationReport'
2023-01-04 17:44:53.675 DEBUG 3888 --- [kground-preinit] o.a.tomcat.util.digester.Digester.sax    : endElement(,,attribute)
2023-01-04 17:44:53.675 DEBUG 3888 --- [kground-preinit] o.apache.tomcat.util.digester.Digester   :   match='mbeans-descriptors/mbean/attribute'
2023-01-04 17:44:53.675 DEBUG 3888 --- [kground-preinit] o.apache.tomcat.util.digester.Digester   :   bodyText=''
2023-01-04 17:44:53.675 DEBUG 3888 --- [kground-preinit] o.apache.tomcat.util.digester.Digester   :   Fire body() for ObjectCreateRule[className=org.apache.tomcat.util.modeler.AttributeInfo, attributeName=null]
2023-01-04 17:44:53.675 DEBUG 3888 --- [kground-preinit] o.apache.tomcat.util.digester.Digester   :   Fire body() for SetPropertiesRule[]
2023-01-04 17:44:53.675 DEBUG 3888 --- [kground-preinit] o.apache.tomcat.util.digester.Digester   :   Fire body() for SetNextRule[methodName=addAttribute, paramType=org.apache.tomcat.util.modeler.AttributeInfo]
2023-01-04 17:44:53.675 DEBUG 3888 --- [kground-preinit] o.apache.tomcat.util.digester.Digester   :   Fire end() for SetNextRule[methodName=addAttribute, paramType=org.apache.tomcat.util.modeler.AttributeInfo]
2023-01-04 17:44:53.675 DEBUG 3888 --- [kground-preinit] o.apache.tomcat.util.digester.Digester   : [SetNextRule]{mbeans-descriptors/mbean/attribute} Call org.apache.tomcat.util.modeler.ManagedBean.addAttribute(org.apache.tomcat.util.modeler.AttributeInfo@2cb2fc07)
2023-01-04 17:44:53.675 DEBUG 3888 --- [kground-preinit] o.apache.tomcat.util.IntrospectionUtils  : IntrospectionUtils: callMethod1 org.apache.tomcat.util.modeler.ManagedBean org.apache.tomcat.util.modeler.AttributeInfo org.apache.tomcat.util.modeler.AttributeInfo
2023-01-04 17:44:53.675 DEBUG 3888 --- [kground-preinit] o.apache.tomcat.util.digester.Digester   :   Fire end() for SetPropertiesRule[]
2023-01-04 17:44:53.675 DEBUG 3888 --- [kground-preinit] o.apache.tomcat.util.digester.Digester   :   Fire end() for ObjectCreateRule[className=org.apache.tomcat.util.modeler.AttributeInfo, attributeName=null]
2023-01-04 17:44:53.675 DEBUG 3888 --- [kground-preinit] o.apache.tomcat.util.digester.Digester   : [ObjectCreateRule]{mbeans-descriptors/mbean/attribute} Pop org.apache.tomcat.util.modeler.AttributeInfo
2023-01-04 17:44:53.675 DEBUG 3888 --- [kground-preinit] o.a.tomcat.util.digester.Digester.sax    : characters(

    )
2023-01-04 17:44:53.676 DEBUG 3888 --- [kground-preinit] o.a.tomcat.util.digester.Digester.sax    : startElement(,,attribute)
2023-01-04 17:44:53.676 DEBUG 3888 --- [kground-preinit] o.apache.tomcat.util.digester.Digester   :   New match='mbeans-descriptors/mbean/attribute'
2023-01-04 17:44:53.676 DEBUG 3888 --- [kground-preinit] o.apache.tomcat.util.digester.Digester   :   Fire begin() for ObjectCreateRule[className=org.apache.tomcat.util.modeler.AttributeInfo, attributeName=null]
2023-01-04 17:44:53.676 DEBUG 3888 --- [kground-preinit] o.apache.tomcat.util.digester.Digester   : [ObjectCreateRule]{mbeans-descriptors/mbean/attribute}New org.apache.tomcat.util.modeler.AttributeInfo
2023-01-04 17:44:53.676 DEBUG 3888 --- [kground-preinit] o.apache.tomcat.util.digester.Digester   :   Fire begin() for SetPropertiesRule[]
2023-01-04 17:44:53.676 DEBUG 3888 --- [kground-preinit] o.apache.tomcat.util.digester.Digester   : [SetPropertiesRule]{mbeans-descriptors/mbean/attribute} Set org.apache.tomcat.util.modeler.AttributeInfo properties
2023-01-04 17:44:53.676 DEBUG 3888 --- [kground-preinit] o.apache.tomcat.util.digester.Digester   : [SetPropertiesRule]{mbeans-descriptors/mbean/attribute} Setting property 'name' to 'realm'
2023-01-04 17:44:53.676 DEBUG 3888 --- [kground-preinit] o.apache.tomcat.util.IntrospectionUtils  : IntrospectionUtils: setProperty(class org.apache.tomcat.util.modeler.AttributeInfo name=realm)
2023-01-04 17:44:53.676 DEBUG 3888 --- [kground-preinit] o.apache.tomcat.util.digester.Digester   : [SetPropertiesRule]{mbeans-descriptors/mbean/attribute} Setting property 'description' to 'Associated realm.'
2023-01-04 17:44:53.676 DEBUG 3888 --- [kground-preinit] o.apache.tomcat.util.IntrospectionUtils  : IntrospectionUtils: setProperty(class org.apache.tomcat.util.modeler.AttributeInfo description=Associated realm.)
2023-01-04 17:44:53.676 DEBUG 3888 --- [kground-preinit] o.apache.tomcat.util.digester.Digester   : [SetPropertiesRule]{mbeans-descriptors/mbean/attribute} Setting property 'type' to 'org.apache.catalina.Realm'
2023-01-04 17:44:53.676 DEBUG 3888 --- [kground-preinit] o.apache.tomcat.util.IntrospectionUtils  : IntrospectionUtils: setProperty(class org.apache.tomcat.util.modeler.AttributeInfo type=org.apache.catalina.Realm)
2023-01-04 17:44:53.680 DEBUG 3888 --- [kground-preinit] o.apache.tomcat.util.digester.Digester   :   Fire begin() for SetNextRule[methodName=addAttribute, paramType=org.apache.tomcat.util.modeler.AttributeInfo]
2023-01-04 17:44:53.680 DEBUG 3888 --- [kground-preinit] o.a.tomcat.util.digester.Digester.sax    : endElement(,,attribute)
2023-01-04 17:44:53.680 DEBUG 3888 --- [kground-preinit] o.apache.tomcat.util.digester.Digester   :   match='mbeans-descriptors/mbean/attribute'
2023-01-04 17:44:53.680 DEBUG 3888 --- [kground-preinit] o.apache.tomcat.util.digester.Digester   :   bodyText=''
2023-01-04 17:44:53.680 DEBUG 3888 --- [kground-preinit] o.apache.tomcat.util.digester.Digester   :   Fire body() for ObjectCreateRule[className=org.apache.tomcat.util.modeler.AttributeInfo, attributeName=null]
2023-01-04 17:44:53.680 DEBUG 3888 --- [           main] o.s.b.f.s.DefaultListableBeanFactory     : Returning cached instance of singleton bean 'autoConfigurationReport'
2023-01-04 17:44:53.680 DEBUG 3888 --- [kground-preinit] o.apache.tomcat.util.digester.Digester   :   Fire body() for SetPropertiesRule[]
2023-01-04 17:44:53.680 DEBUG 3888 --- [kground-preinit] o.apache.tomcat.util.digester.Digester   :   Fire body() for SetNextRule[methodName=addAttribute, paramType=org.apache.tomcat.util.modeler.AttributeInfo]
2023-01-04 17:44:53.680 DEBUG 3888 --- [kground-preinit] o.apache.tomcat.util.digester.Digester   :   Fire end() for SetNextRule[methodName=addAttribute, paramType=org.apache.tomcat.util.modeler.AttributeInfo]
2023-01-04 17:44:53.681 DEBUG 3888 --- [kground-preinit] o.apache.tomcat.util.digester.Digester   : [SetNextRule]{mbeans-descriptors/mbean/attribute} Call org.apache.tomcat.util.modeler.ManagedBean.addAttribute(org.apache.tomcat.util.modeler.AttributeInfo@4c7f7438)
2023-01-04 17:44:53.681 DEBUG 3888 --- [           main] a.ConfigurationClassBeanDefinitionReader : Registered bean definition for imported class 'org.springframework.boot.autoconfigure.websocket.servlet.WebSocketServletAutoConfiguration$TomcatWebSocketConfiguration'
2023-01-04 17:44:53.681 DEBUG 3888 --- [kground-preinit] o.apache.tomcat.util.IntrospectionUtils  : IntrospectionUtils: callMethod1 org.apache.tomcat.util.modeler.ManagedBean org.apache.tomcat.util.modeler.AttributeInfo org.apache.tomcat.util.modeler.AttributeInfo
2023-01-04 17:44:53.681 DEBUG 3888 --- [kground-preinit] o.apache.tomcat.util.digester.Digester   :   Fire end() for SetPropertiesRule[]
2023-01-04 17:44:53.681 DEBUG 3888 --- [kground-preinit] o.apache.tomcat.util.digester.Digester   :   Fire end() for ObjectCreateRule[className=org.apache.tomcat.util.modeler.AttributeInfo, attributeName=null]
2023-01-04 17:44:53.681 DEBUG 3888 --- [kground-preinit] o.apache.tomcat.util.digester.Digester   : [ObjectCreateRule]{mbeans-descriptors/mbean/attribute} Pop org.apache.tomcat.util.modeler.AttributeInfo
2023-01-04 17:44:53.681 DEBUG 3888 --- [kground-preinit] o.a.tomcat.util.digester.Digester.sax    : characters(

    )
2023-01-04 17:44:53.681 DEBUG 3888 --- [kground-preinit] o.a.tomcat.util.digester.Digester.sax    : startElement(,,attribute)
2023-01-04 17:44:53.681 DEBUG 3888 --- [kground-preinit] o.apache.tomcat.util.digester.Digester   :   New match='mbeans-descriptors/mbean/attribute'
2023-01-04 17:44:53.681 DEBUG 3888 --- [kground-preinit] o.apache.tomcat.util.digester.Digester   :   Fire begin() for ObjectCreateRule[className=org.apache.tomcat.util.modeler.AttributeInfo, attributeName=null]
2023-01-04 17:44:53.681 DEBUG 3888 --- [kground-preinit] o.apache.tomcat.util.digester.Digester   : [ObjectCreateRule]{mbeans-descriptors/mbean/attribute}New org.apache.tomcat.util.modeler.AttributeInfo
2023-01-04 17:44:53.681 DEBUG 3888 --- [kground-preinit] o.apache.tomcat.util.digester.Digester   :   Fire begin() for SetPropertiesRule[]
2023-01-04 17:44:53.681 DEBUG 3888 --- [kground-preinit] o.apache.tomcat.util.digester.Digester   : [SetPropertiesRule]{mbeans-descriptors/mbean/attribute} Set org.apache.tomcat.util.modeler.AttributeInfo properties
2023-01-04 17:44:53.681 DEBUG 3888 --- [kground-preinit] o.apache.tomcat.util.digester.Digester   : [SetPropertiesRule]{mbeans-descriptors/mbean/attribute} Setting property 'name' to 'reloadable'
2023-01-04 17:44:53.681 DEBUG 3888 --- [kground-preinit] o.apache.tomcat.util.IntrospectionUtils  : IntrospectionUtils: setProperty(class org.apache.tomcat.util.modeler.AttributeInfo name=reloadable)
2023-01-04 17:44:53.681 DEBUG 3888 --- [kground-preinit] o.apache.tomcat.util.digester.Digester   : [SetPropertiesRule]{mbeans-descriptors/mbean/attribute} Setting property 'description' to 'The reloadable flag for this web application'
2023-01-04 17:44:53.682 DEBUG 3888 --- [kground-preinit] o.apache.tomcat.util.IntrospectionUtils  : IntrospectionUtils: setProperty(class org.apache.tomcat.util.modeler.AttributeInfo description=The reloadable flag for this web application)
2023-01-04 17:44:53.682 DEBUG 3888 --- [kground-preinit] o.apache.tomcat.util.digester.Digester   : [SetPropertiesRule]{mbeans-descriptors/mbean/attribute} Setting property 'type' to 'boolean'
2023-01-04 17:44:53.682 DEBUG 3888 --- [kground-preinit] o.apache.tomcat.util.IntrospectionUtils  : IntrospectionUtils: setProperty(class org.apache.tomcat.util.modeler.AttributeInfo type=boolean)
2023-01-04 17:44:53.682 DEBUG 3888 --- [           main] o.s.b.f.s.DefaultListableBeanFactory     : Returning cached instance of singleton bean 'autoConfigurationReport'
2023-01-04 17:44:53.682 DEBUG 3888 --- [kground-preinit] o.apache.tomcat.util.digester.Digester   :   Fire begin() for SetNextRule[methodName=addAttribute, paramType=org.apache.tomcat.util.modeler.AttributeInfo]
2023-01-04 17:44:53.682 DEBUG 3888 --- [kground-preinit] o.a.tomcat.util.digester.Digester.sax    : endElement(,,attribute)
2023-01-04 17:44:53.682 DEBUG 3888 --- [kground-preinit] o.apache.tomcat.util.digester.Digester   :   match='mbeans-descriptors/mbean/attribute'
2023-01-04 17:44:53.682 DEBUG 3888 --- [kground-preinit] o.apache.tomcat.util.digester.Digester   :   bodyText=''
2023-01-04 17:44:53.682 DEBUG 3888 --- [           main] a.ConfigurationClassBeanDefinitionReader : Registering bean definition for @Bean method org.springframework.boot.autoconfigure.websocket.servlet.WebSocketServletAutoConfiguration$TomcatWebSocketConfiguration.websocketContainerCustomizer()
2023-01-04 17:44:53.682 DEBUG 3888 --- [kground-preinit] o.apache.tomcat.util.digester.Digester   :   Fire body() for ObjectCreateRule[className=org.apache.tomcat.util.modeler.AttributeInfo, attributeName=null]
2023-01-04 17:44:53.682 DEBUG 3888 --- [kground-preinit] o.apache.tomcat.util.digester.Digester   :   Fire body() for SetPropertiesRule[]
2023-01-04 17:44:53.682 DEBUG 3888 --- [kground-preinit] o.apache.tomcat.util.digester.Digester   :   Fire body() for SetNextRule[methodName=addAttribute, paramType=org.apache.tomcat.util.modeler.AttributeInfo]
2023-01-04 17:44:53.682 DEBUG 3888 --- [kground-preinit] o.apache.tomcat.util.digester.Digester   :   Fire end() for SetNextRule[methodName=addAttribute, paramType=org.apache.tomcat.util.modeler.AttributeInfo]
2023-01-04 17:44:53.682 DEBUG 3888 --- [kground-preinit] o.apache.tomcat.util.digester.Digester   : [SetNextRule]{mbeans-descriptors/mbean/attribute} Call org.apache.tomcat.util.modeler.ManagedBean.addAttribute(org.apache.tomcat.util.modeler.AttributeInfo@3e48ad99)
2023-01-04 17:44:53.682 DEBUG 3888 --- [kground-preinit] o.apache.tomcat.util.IntrospectionUtils  : IntrospectionUtils: callMethod1 org.apache.tomcat.util.modeler.ManagedBean org.apache.tomcat.util.modeler.AttributeInfo org.apache.tomcat.util.modeler.AttributeInfo
2023-01-04 17:44:53.683 DEBUG 3888 --- [kground-preinit] o.apache.tomcat.util.digester.Digester   :   Fire end() for SetPropertiesRule[]
2023-01-04 17:44:53.683 DEBUG 3888 --- [kground-preinit] o.apache.tomcat.util.digester.Digester   :   Fire end() for ObjectCreateRule[className=org.apache.tomcat.util.modeler.AttributeInfo, attributeName=null]
2023-01-04 17:44:53.684 DEBUG 3888 --- [kground-preinit] o.apache.tomcat.util.digester.Digester   : [ObjectCreateRule]{mbeans-descriptors/mbean/attribute} Pop org.apache.tomcat.util.modeler.AttributeInfo
2023-01-04 17:44:53.684 DEBUG 3888 --- [           main] a.ConfigurationClassBeanDefinitionReader : Registered bean definition for imported class 'org.springframework.boot.autoconfigure.websocket.servlet.WebSocketServletAutoConfiguration'
2023-01-04 17:44:53.684 DEBUG 3888 --- [kground-preinit] o.a.tomcat.util.digester.Digester.sax    : characters(

    )
2023-01-04 17:44:53.684 DEBUG 3888 --- [kground-preinit] o.a.tomcat.util.digester.Digester.sax    : startElement(,,attribute)
2023-01-04 17:44:53.684 DEBUG 3888 --- [kground-preinit] o.apache.tomcat.util.digester.Digester   :   New match='mbeans-descriptors/mbean/attribute'
2023-01-04 17:44:53.684 DEBUG 3888 --- [kground-preinit] o.apache.tomcat.util.digester.Digester   :   Fire begin() for ObjectCreateRule[className=org.apache.tomcat.util.modeler.AttributeInfo, attributeName=null]
2023-01-04 17:44:53.684 DEBUG 3888 --- [kground-preinit] o.apache.tomcat.util.digester.Digester   : [ObjectCreateRule]{mbeans-descriptors/mbean/attribute}New org.apache.tomcat.util.modeler.AttributeInfo
2023-01-04 17:44:53.684 DEBUG 3888 --- [kground-preinit] o.apache.tomcat.util.digester.Digester   :   Fire begin() for SetPropertiesRule[]
2023-01-04 17:44:53.684 DEBUG 3888 --- [kground-preinit] o.apache.tomcat.util.digester.Digester   : [SetPropertiesRule]{mbeans-descriptors/mbean/attribute} Set org.apache.tomcat.util.modeler.AttributeInfo properties
2023-01-04 17:44:53.684 DEBUG 3888 --- [           main] o.s.b.f.s.DefaultListableBeanFactory     : Returning cached instance of singleton bean 'autoConfigurationReport'
2023-01-04 17:44:53.684 DEBUG 3888 --- [kground-preinit] o.apache.tomcat.util.digester.Digester   : [SetPropertiesRule]{mbeans-descriptors/mbean/attribute} Setting property 'name' to 'renewThreadsWhenStoppingContext'
2023-01-04 17:44:53.684 DEBUG 3888 --- [kground-preinit] o.apache.tomcat.util.IntrospectionUtils  : IntrospectionUtils: setProperty(class org.apache.tomcat.util.modeler.AttributeInfo name=renewThreadsWhenStoppingContext)
2023-01-04 17:44:53.684 DEBUG 3888 --- [           main] o.s.b.f.s.DefaultListableBeanFactory     : Returning cached instance of singleton bean 'autoConfigurationReport'
2023-01-04 17:44:53.684 DEBUG 3888 --- [           main] o.s.b.f.s.DefaultListableBeanFactory     : Returning cached instance of singleton bean 'autoConfigurationReport'
2023-01-04 17:44:53.684 DEBUG 3888 --- [           main] o.s.b.f.s.DefaultListableBeanFactory     : Returning cached instance of singleton bean 'org.springframework.boot.autoconfigure.condition.BeanTypeRegistry'
2023-01-04 17:44:53.684 DEBUG 3888 --- [           main] o.s.b.f.s.DefaultListableBeanFactory     : Returning cached instance of singleton bean 'autoConfigurationReport'
2023-01-04 17:44:53.685 DEBUG 3888 --- [           main] a.ConfigurationClassBeanDefinitionReader : Registered bean definition for imported class 'org.springframework.boot.autoconfigure.web.servlet.ServletWebServerFactoryConfiguration$EmbeddedTomcat'
2023-01-04 17:44:53.685 DEBUG 3888 --- [           main] a.ConfigurationClassBeanDefinitionReader : Registering bean definition for @Bean method org.springframework.boot.autoconfigure.web.servlet.ServletWebServerFactoryConfiguration$EmbeddedTomcat.tomcatServletWebServerFactory()
2023-01-04 17:44:53.685 DEBUG 3888 --- [           main] a.ConfigurationClassBeanDefinitionReader : Registered bean definition for imported class 'org.springframework.boot.autoconfigure.web.servlet.ServletWebServerFactoryAutoConfiguration'
2023-01-04 17:44:53.685 DEBUG 3888 --- [           main] a.ConfigurationClassBeanDefinitionReader : Registering bean definition for @Bean method org.springframework.boot.autoconfigure.web.servlet.ServletWebServerFactoryAutoConfiguration.servletWebServerFactoryCustomizer()
2023-01-04 17:44:53.685 DEBUG 3888 --- [           main] o.s.b.f.s.DefaultListableBeanFactory     : Returning cached instance of singleton bean 'autoConfigurationReport'
2023-01-04 17:44:53.685 DEBUG 3888 --- [           main] a.ConfigurationClassBeanDefinitionReader : Registering bean definition for @Bean method org.springframework.boot.autoconfigure.web.servlet.ServletWebServerFactoryAutoConfiguration.tomcatServletWebServerFactoryCustomizer()
2023-01-04 17:44:53.687 DEBUG 3888 --- [kground-preinit] o.apache.tomcat.util.digester.Digester   : [SetPropertiesRule]{mbeans-descriptors/mbean/attribute} Setting property 'description' to 'Should Tomcat renew the threads of the thread pool when the application is stopped to avoid memory leaks because of uncleaned ThreadLocal variables.'
2023-01-04 17:44:53.687 DEBUG 3888 --- [kground-preinit] o.apache.tomcat.util.IntrospectionUtils  : IntrospectionUtils: setProperty(class org.apache.tomcat.util.modeler.AttributeInfo description=Should Tomcat renew the threads of the thread pool when the application is stopped to avoid memory leaks because of uncleaned ThreadLocal variables.)
2023-01-04 17:44:53.687 DEBUG 3888 --- [kground-preinit] o.apache.tomcat.util.digester.Digester   : [SetPropertiesRule]{mbeans-descriptors/mbean/attribute} Setting property 'type' to 'boolean'
2023-01-04 17:44:53.687 DEBUG 3888 --- [kground-preinit] o.apache.tomcat.util.IntrospectionUtils  : IntrospectionUtils: setProperty(class org.apache.tomcat.util.modeler.AttributeInfo type=boolean)
2023-01-04 17:44:53.687 DEBUG 3888 --- [kground-preinit] o.apache.tomcat.util.digester.Digester   :   Fire begin() for SetNextRule[methodName=addAttribute, paramType=org.apache.tomcat.util.modeler.AttributeInfo]
2023-01-04 17:44:53.687 DEBUG 3888 --- [kground-preinit] o.a.tomcat.util.digester.Digester.sax    : endElement(,,attribute)
2023-01-04 17:44:53.687 DEBUG 3888 --- [kground-preinit] o.apache.tomcat.util.digester.Digester   :   match='mbeans-descriptors/mbean/attribute'
2023-01-04 17:44:53.688 DEBUG 3888 --- [kground-preinit] o.apache.tomcat.util.digester.Digester   :   bodyText=''
2023-01-04 17:44:53.688 DEBUG 3888 --- [kground-preinit] o.apache.tomcat.util.digester.Digester   :   Fire body() for ObjectCreateRule[className=org.apache.tomcat.util.modeler.AttributeInfo, attributeName=null]
2023-01-04 17:44:53.688 DEBUG 3888 --- [kground-preinit] o.apache.tomcat.util.digester.Digester   :   Fire body() for SetPropertiesRule[]
2023-01-04 17:44:53.688 DEBUG 3888 --- [kground-preinit] o.apache.tomcat.util.digester.Digester   :   Fire body() for SetNextRule[methodName=addAttribute, paramType=org.apache.tomcat.util.modeler.AttributeInfo]
2023-01-04 17:44:53.688 DEBUG 3888 --- [           main] o.s.b.f.s.DefaultListableBeanFactory     : Returning cached instance of singleton bean 'autoConfigurationReport'
2023-01-04 17:44:53.688 DEBUG 3888 --- [           main] o.s.b.f.s.DefaultListableBeanFactory     : Returning cached instance of singleton bean 'autoConfigurationReport'
2023-01-04 17:44:53.689 DEBUG 3888 --- [           main] o.s.b.f.s.DefaultListableBeanFactory     : Returning cached instance of singleton bean 'autoConfigurationReport'
2023-01-04 17:44:53.689 DEBUG 3888 --- [kground-preinit] o.apache.tomcat.util.digester.Digester   :   Fire end() for SetNextRule[methodName=addAttribute, paramType=org.apache.tomcat.util.modeler.AttributeInfo]
2023-01-04 17:44:53.689 DEBUG 3888 --- [           main] o.s.b.f.s.DefaultListableBeanFactory     : Returning cached instance of singleton bean 'autoConfigurationReport'
2023-01-04 17:44:53.689 DEBUG 3888 --- [           main] o.s.b.f.s.DefaultListableBeanFactory     : Returning cached instance of singleton bean 'autoConfigurationReport'
2023-01-04 17:44:53.689 DEBUG 3888 --- [           main] o.s.b.f.s.DefaultListableBeanFactory     : Returning cached instance of singleton bean 'autoConfigurationReport'
2023-01-04 17:44:53.690 DEBUG 3888 --- [           main] a.ConfigurationClassBeanDefinitionReader : Registered bean definition for imported class 'org.springframework.boot.autoconfigure.web.servlet.DispatcherServletAutoConfiguration$DispatcherServletConfiguration'
2023-01-04 17:44:53.690 DEBUG 3888 --- [           main] a.ConfigurationClassBeanDefinitionReader : Registering bean definition for @Bean method org.springframework.boot.autoconfigure.web.servlet.DispatcherServletAutoConfiguration$DispatcherServletConfiguration.dispatcherServlet()
2023-01-04 17:44:53.690 DEBUG 3888 --- [           main] o.s.b.f.s.DefaultListableBeanFactory     : Returning cached instance of singleton bean 'org.springframework.boot.autoconfigure.condition.BeanTypeRegistry'
2023-01-04 17:44:53.690 DEBUG 3888 --- [           main] o.s.b.f.s.DefaultListableBeanFactory     : Returning cached instance of singleton bean 'autoConfigurationReport'
2023-01-04 17:44:53.690 DEBUG 3888 --- [kground-preinit] o.apache.tomcat.util.digester.Digester   : [SetNextRule]{mbeans-descriptors/mbean/attribute} Call org.apache.tomcat.util.modeler.ManagedBean.addAttribute(org.apache.tomcat.util.modeler.AttributeInfo@27e0f4eb)
2023-01-04 17:44:53.691 DEBUG 3888 --- [kground-preinit] o.apache.tomcat.util.IntrospectionUtils  : IntrospectionUtils: callMethod1 org.apache.tomcat.util.modeler.ManagedBean org.apache.tomcat.util.modeler.AttributeInfo org.apache.tomcat.util.modeler.AttributeInfo
2023-01-04 17:44:53.691 DEBUG 3888 --- [kground-preinit] o.apache.tomcat.util.digester.Digester   :   Fire end() for SetPropertiesRule[]
2023-01-04 17:44:53.692 DEBUG 3888 --- [kground-preinit] o.apache.tomcat.util.digester.Digester   :   Fire end() for ObjectCreateRule[className=org.apache.tomcat.util.modeler.AttributeInfo, attributeName=null]
2023-01-04 17:44:53.692 DEBUG 3888 --- [kground-preinit] o.apache.tomcat.util.digester.Digester   : [ObjectCreateRule]{mbeans-descriptors/mbean/attribute} Pop org.apache.tomcat.util.modeler.AttributeInfo
2023-01-04 17:44:53.693 DEBUG 3888 --- [kground-preinit] o.a.tomcat.util.digester.Digester.sax    : characters(

    )
2023-01-04 17:44:53.693 DEBUG 3888 --- [kground-preinit] o.a.tomcat.util.digester.Digester.sax    : startElement(,,attribute)
2023-01-04 17:44:53.693 DEBUG 3888 --- [kground-preinit] o.apache.tomcat.util.digester.Digester   :   New match='mbeans-descriptors/mbean/attribute'
2023-01-04 17:44:53.694 DEBUG 3888 --- [kground-preinit] o.apache.tomcat.util.digester.Digester   :   Fire begin() for ObjectCreateRule[className=org.apache.tomcat.util.modeler.AttributeInfo, attributeName=null]
2023-01-04 17:44:53.694 DEBUG 3888 --- [kground-preinit] o.apache.tomcat.util.digester.Digester   : [ObjectCreateRule]{mbeans-descriptors/mbean/attribute}New org.apache.tomcat.util.modeler.AttributeInfo
2023-01-04 17:44:53.694 DEBUG 3888 --- [           main] a.ConfigurationClassBeanDefinitionReader : Registered bean definition for imported class 'org.springframework.boot.autoconfigure.web.servlet.DispatcherServletAutoConfiguration$DispatcherServletRegistrationConfiguration'
2023-01-04 17:44:53.694 DEBUG 3888 --- [kground-preinit] o.apache.tomcat.util.digester.Digester   :   Fire begin() for SetPropertiesRule[]
2023-01-04 17:44:53.694 DEBUG 3888 --- [           main] o.s.b.f.s.DefaultListableBeanFactory     : Returning cached instance of singleton bean 'org.springframework.boot.autoconfigure.condition.BeanTypeRegistry'
2023-01-04 17:44:53.694 DEBUG 3888 --- [kground-preinit] o.apache.tomcat.util.digester.Digester   : [SetPropertiesRule]{mbeans-descriptors/mbean/attribute} Set org.apache.tomcat.util.modeler.AttributeInfo properties
2023-01-04 17:44:53.695 DEBUG 3888 --- [           main] o.s.b.f.s.DefaultListableBeanFactory     : Returning cached instance of singleton bean 'autoConfigurationReport'
2023-01-04 17:44:53.695 DEBUG 3888 --- [           main] a.ConfigurationClassBeanDefinitionReader : Registering bean definition for @Bean method org.springframework.boot.autoconfigure.web.servlet.DispatcherServletAutoConfiguration$DispatcherServletRegistrationConfiguration.dispatcherServletRegistration()
2023-01-04 17:44:53.695 DEBUG 3888 --- [kground-preinit] o.apache.tomcat.util.digester.Digester   : [SetPropertiesRule]{mbeans-descriptors/mbean/attribute} Setting property 'name' to 'server'
2023-01-04 17:44:53.695 DEBUG 3888 --- [           main] a.ConfigurationClassBeanDefinitionReader : Registered bean definition for imported class 'org.springframework.boot.autoconfigure.web.servlet.DispatcherServletAutoConfiguration'
2023-01-04 17:44:53.695 DEBUG 3888 --- [kground-preinit] o.apache.tomcat.util.IntrospectionUtils  : IntrospectionUtils: setProperty(class org.apache.tomcat.util.modeler.AttributeInfo name=server)
2023-01-04 17:44:53.695 DEBUG 3888 --- [kground-preinit] o.apache.tomcat.util.digester.Digester   : [SetPropertiesRule]{mbeans-descriptors/mbean/attribute} Setting property 'description' to 'The J2EE Server this module is deployed on'
2023-01-04 17:44:53.695 DEBUG 3888 --- [kground-preinit] o.apache.tomcat.util.IntrospectionUtils  : IntrospectionUtils: setProperty(class org.apache.tomcat.util.modeler.AttributeInfo description=The J2EE Server this module is deployed on)
2023-01-04 17:44:53.695 DEBUG 3888 --- [kground-preinit] o.apache.tomcat.util.digester.Digester   : [SetPropertiesRule]{mbeans-descriptors/mbean/attribute} Setting property 'type' to 'java.lang.String'
2023-01-04 17:44:53.695 DEBUG 3888 --- [kground-preinit] o.apache.tomcat.util.IntrospectionUtils  : IntrospectionUtils: setProperty(class org.apache.tomcat.util.modeler.AttributeInfo type=java.lang.String)
2023-01-04 17:44:53.696 DEBUG 3888 --- [kground-preinit] o.apache.tomcat.util.digester.Digester   :   Fire begin() for SetNextRule[methodName=addAttribute, paramType=org.apache.tomcat.util.modeler.AttributeInfo]
2023-01-04 17:44:53.696 DEBUG 3888 --- [kground-preinit] o.a.tomcat.util.digester.Digester.sax    : endElement(,,attribute)
2023-01-04 17:44:53.696 DEBUG 3888 --- [           main] o.s.b.f.s.DefaultListableBeanFactory     : Returning cached instance of singleton bean 'autoConfigurationReport'
2023-01-04 17:44:53.696 DEBUG 3888 --- [kground-preinit] o.apache.tomcat.util.digester.Digester   :   match='mbeans-descriptors/mbean/attribute'
2023-01-04 17:44:53.697 DEBUG 3888 --- [           main] o.s.b.f.s.DefaultListableBeanFactory     : Returning cached instance of singleton bean 'autoConfigurationReport'
2023-01-04 17:44:53.697 DEBUG 3888 --- [kground-preinit] o.apache.tomcat.util.digester.Digester   :   bodyText=''
2023-01-04 17:44:53.697 DEBUG 3888 --- [           main] a.ConfigurationClassBeanDefinitionReader : Registered bean definition for imported class 'org.springframework.boot.autoconfigure.validation.ValidationAutoConfiguration'
2023-01-04 17:44:53.697 DEBUG 3888 --- [kground-preinit] o.apache.tomcat.util.digester.Digester   :   Fire body() for ObjectCreateRule[className=org.apache.tomcat.util.modeler.AttributeInfo, attributeName=null]
2023-01-04 17:44:53.697 DEBUG 3888 --- [           main] o.s.b.f.s.DefaultListableBeanFactory     : Returning cached instance of singleton bean 'org.springframework.boot.autoconfigure.condition.BeanTypeRegistry'
2023-01-04 17:44:53.697 DEBUG 3888 --- [kground-preinit] o.apache.tomcat.util.digester.Digester   :   Fire body() for SetPropertiesRule[]
2023-01-04 17:44:53.698 DEBUG 3888 --- [           main] o.s.b.f.s.DefaultListableBeanFactory     : Returning cached instance of singleton bean 'autoConfigurationReport'
2023-01-04 17:44:53.698 DEBUG 3888 --- [kground-preinit] o.apache.tomcat.util.digester.Digester   :   Fire body() for SetNextRule[methodName=addAttribute, paramType=org.apache.tomcat.util.modeler.AttributeInfo]
2023-01-04 17:44:53.698 DEBUG 3888 --- [           main] a.ConfigurationClassBeanDefinitionReader : Registering bean definition for @Bean method org.springframework.boot.autoconfigure.validation.ValidationAutoConfiguration.defaultValidator()
2023-01-04 17:44:53.698 DEBUG 3888 --- [           main] o.s.b.f.s.DefaultListableBeanFactory     : Returning cached instance of singleton bean 'org.springframework.boot.autoconfigure.condition.BeanTypeRegistry'
2023-01-04 17:44:53.698 DEBUG 3888 --- [kground-preinit] o.apache.tomcat.util.digester.Digester   :   Fire end() for SetNextRule[methodName=addAttribute, paramType=org.apache.tomcat.util.modeler.AttributeInfo]
2023-01-04 17:44:53.699 DEBUG 3888 --- [           main] o.s.b.f.s.DefaultListableBeanFactory     : Returning cached instance of singleton bean 'autoConfigurationReport'
2023-01-04 17:44:53.699 DEBUG 3888 --- [kground-preinit] o.apache.tomcat.util.digester.Digester   : [SetNextRule]{mbeans-descriptors/mbean/attribute} Call org.apache.tomcat.util.modeler.ManagedBean.addAttribute(org.apache.tomcat.util.modeler.AttributeInfo@1c8976d4)
2023-01-04 17:44:53.699 DEBUG 3888 --- [           main] a.ConfigurationClassBeanDefinitionReader : Registering bean definition for @Bean method org.springframework.boot.autoconfigure.validation.ValidationAutoConfiguration.methodValidationPostProcessor()
2023-01-04 17:44:53.699 DEBUG 3888 --- [kground-preinit] o.apache.tomcat.util.IntrospectionUtils  : IntrospectionUtils: callMethod1 org.apache.tomcat.util.modeler.ManagedBean org.apache.tomcat.util.modeler.AttributeInfo org.apache.tomcat.util.modeler.AttributeInfo
2023-01-04 17:44:53.699 DEBUG 3888 --- [           main] o.s.b.f.s.DefaultListableBeanFactory     : Returning cached instance of singleton bean 'autoConfigurationReport'
2023-01-04 17:44:53.700 DEBUG 3888 --- [           main] o.s.b.f.s.DefaultListableBeanFactory     : Returning cached instance of singleton bean 'autoConfigurationReport'
2023-01-04 17:44:53.700 DEBUG 3888 --- [kground-preinit] o.apache.tomcat.util.digester.Digester   :   Fire end() for SetPropertiesRule[]
2023-01-04 17:44:53.700 DEBUG 3888 --- [kground-preinit] o.apache.tomcat.util.digester.Digester   :   Fire end() for ObjectCreateRule[className=org.apache.tomcat.util.modeler.AttributeInfo, attributeName=null]
2023-01-04 17:44:53.700 DEBUG 3888 --- [           main] o.s.b.f.s.DefaultListableBeanFactory     : Returning cached instance of singleton bean 'autoConfigurationReport'
2023-01-04 17:44:53.700 DEBUG 3888 --- [kground-preinit] o.apache.tomcat.util.digester.Digester   : [ObjectCreateRule]{mbeans-descriptors/mbean/attribute} Pop org.apache.tomcat.util.modeler.AttributeInfo
2023-01-04 17:44:53.701 DEBUG 3888 --- [kground-preinit] o.a.tomcat.util.digester.Digester.sax    : characters(

    )
2023-01-04 17:44:53.701 DEBUG 3888 --- [           main] o.s.c.e.PropertySourcesPropertyResolver  : Could not find key 'spring.template.provider.cache' in any property source
2023-01-04 17:44:53.701 DEBUG 3888 --- [kground-preinit] o.a.tomcat.util.digester.Digester.sax    : startElement(,,attribute)
2023-01-04 17:44:53.701 DEBUG 3888 --- [kground-preinit] o.apache.tomcat.util.digester.Digester   :   New match='mbeans-descriptors/mbean/attribute'
2023-01-04 17:44:53.701 DEBUG 3888 --- [kground-preinit] o.apache.tomcat.util.digester.Digester   :   Fire begin() for ObjectCreateRule[className=org.apache.tomcat.util.modeler.AttributeInfo, attributeName=null]
2023-01-04 17:44:53.702 DEBUG 3888 --- [kground-preinit] o.apache.tomcat.util.digester.Digester   : [ObjectCreateRule]{mbeans-descriptors/mbean/attribute}New org.apache.tomcat.util.modeler.AttributeInfo
2023-01-04 17:44:53.702 DEBUG 3888 --- [kground-preinit] o.apache.tomcat.util.digester.Digester   :   Fire begin() for SetPropertiesRule[]
2023-01-04 17:44:53.702 DEBUG 3888 --- [kground-preinit] o.apache.tomcat.util.digester.Digester   : [SetPropertiesRule]{mbeans-descriptors/mbean/attribute} Set org.apache.tomcat.util.modeler.AttributeInfo properties
2023-01-04 17:44:53.703 DEBUG 3888 --- [kground-preinit] o.apache.tomcat.util.digester.Digester   : [SetPropertiesRule]{mbeans-descriptors/mbean/attribute} Setting property 'name' to 'sessionCookieName'
2023-01-04 17:44:53.703 DEBUG 3888 --- [kground-preinit] o.apache.tomcat.util.IntrospectionUtils  : IntrospectionUtils: setProperty(class org.apache.tomcat.util.modeler.AttributeInfo name=sessionCookieName)
2023-01-04 17:44:53.703 DEBUG 3888 --- [kground-preinit] o.apache.tomcat.util.digester.Digester   : [SetPropertiesRule]{mbeans-descriptors/mbean/attribute} Setting property 'description' to 'The name to use for session cookies.'null' indicates that the name is controlled by the application.'
2023-01-04 17:44:53.703 DEBUG 3888 --- [kground-preinit] o.apache.tomcat.util.IntrospectionUtils  : IntrospectionUtils: setProperty(class org.apache.tomcat.util.modeler.AttributeInfo description=The name to use for session cookies.'null' indicates that the name is controlled by the application.)
2023-01-04 17:44:53.703 DEBUG 3888 --- [kground-preinit] o.apache.tomcat.util.digester.Digester   : [SetPropertiesRule]{mbeans-descriptors/mbean/attribute} Setting property 'type' to 'java.lang.String'
2023-01-04 17:44:53.703 DEBUG 3888 --- [kground-preinit] o.apache.tomcat.util.IntrospectionUtils  : IntrospectionUtils: setProperty(class org.apache.tomcat.util.modeler.AttributeInfo type=java.lang.String)
2023-01-04 17:44:53.703 DEBUG 3888 --- [kground-preinit] o.apache.tomcat.util.digester.Digester   :   Fire begin() for SetNextRule[methodName=addAttribute, paramType=org.apache.tomcat.util.modeler.AttributeInfo]
2023-01-04 17:44:53.703 DEBUG 3888 --- [kground-preinit] o.a.tomcat.util.digester.Digester.sax    : endElement(,,attribute)
2023-01-04 17:44:53.704 DEBUG 3888 --- [kground-preinit] o.apache.tomcat.util.digester.Digester   :   match='mbeans-descriptors/mbean/attribute'
2023-01-04 17:44:53.704 DEBUG 3888 --- [kground-preinit] o.apache.tomcat.util.digester.Digester   :   bodyText=''
2023-01-04 17:44:53.704 DEBUG 3888 --- [kground-preinit] o.apache.tomcat.util.digester.Digester   :   Fire body() for ObjectCreateRule[className=org.apache.tomcat.util.modeler.AttributeInfo, attributeName=null]
2023-01-04 17:44:53.704 DEBUG 3888 --- [kground-preinit] o.apache.tomcat.util.digester.Digester   :   Fire body() for SetPropertiesRule[]
2023-01-04 17:44:53.704 DEBUG 3888 --- [kground-preinit] o.apache.tomcat.util.digester.Digester   :   Fire body() for SetNextRule[methodName=addAttribute, paramType=org.apache.tomcat.util.modeler.AttributeInfo]
2023-01-04 17:44:53.704 DEBUG 3888 --- [           main] o.s.b.f.s.DefaultListableBeanFactory     : Returning cached instance of singleton bean 'autoConfigurationReport'
2023-01-04 17:44:53.704 DEBUG 3888 --- [kground-preinit] o.apache.tomcat.util.digester.Digester   :   Fire end() for SetNextRule[methodName=addAttribute, paramType=org.apache.tomcat.util.modeler.AttributeInfo]
2023-01-04 17:44:53.705 DEBUG 3888 --- [kground-preinit] o.apache.tomcat.util.digester.Digester   : [SetNextRule]{mbeans-descriptors/mbean/attribute} Call org.apache.tomcat.util.modeler.ManagedBean.addAttribute(org.apache.tomcat.util.modeler.AttributeInfo@2b600fc9)
2023-01-04 17:44:53.705 DEBUG 3888 --- [           main] a.ConfigurationClassBeanDefinitionReader : Registered bean definition for imported class 'org.springframework.boot.autoconfigure.web.servlet.error.ErrorMvcAutoConfiguration$WhitelabelErrorViewConfiguration'
2023-01-04 17:44:53.705 DEBUG 3888 --- [kground-preinit] o.apache.tomcat.util.IntrospectionUtils  : IntrospectionUtils: callMethod1 org.apache.tomcat.util.modeler.ManagedBean org.apache.tomcat.util.modeler.AttributeInfo org.apache.tomcat.util.modeler.AttributeInfo
2023-01-04 17:44:53.705 DEBUG 3888 --- [kground-preinit] o.apache.tomcat.util.digester.Digester   :   Fire end() for SetPropertiesRule[]
2023-01-04 17:44:53.705 DEBUG 3888 --- [kground-preinit] o.apache.tomcat.util.digester.Digester   :   Fire end() for ObjectCreateRule[className=org.apache.tomcat.util.modeler.AttributeInfo, attributeName=null]
2023-01-04 17:44:53.705 DEBUG 3888 --- [           main] o.s.b.f.s.DefaultListableBeanFactory     : Returning cached instance of singleton bean 'autoConfigurationReport'
2023-01-04 17:44:53.705 DEBUG 3888 --- [kground-preinit] o.apache.tomcat.util.digester.Digester   : [ObjectCreateRule]{mbeans-descriptors/mbean/attribute} Pop org.apache.tomcat.util.modeler.AttributeInfo
2023-01-04 17:44:53.705 DEBUG 3888 --- [           main] a.ConfigurationClassBeanDefinitionReader : Registering bean definition for @Bean method org.springframework.boot.autoconfigure.web.servlet.error.ErrorMvcAutoConfiguration$WhitelabelErrorViewConfiguration.error()
2023-01-04 17:44:53.706 DEBUG 3888 --- [           main] o.s.b.f.s.DefaultListableBeanFactory     : Returning cached instance of singleton bean 'org.springframework.boot.autoconfigure.condition.BeanTypeRegistry'
2023-01-04 17:44:53.706 DEBUG 3888 --- [kground-preinit] o.a.tomcat.util.digester.Digester.sax    : characters(

    )
2023-01-04 17:44:53.706 DEBUG 3888 --- [kground-preinit] o.a.tomcat.util.digester.Digester.sax    : startElement(,,attribute)
2023-01-04 17:44:53.706 DEBUG 3888 --- [kground-preinit] o.apache.tomcat.util.digester.Digester   :   New match='mbeans-descriptors/mbean/attribute'
2023-01-04 17:44:53.706 DEBUG 3888 --- [kground-preinit] o.apache.tomcat.util.digester.Digester   :   Fire begin() for ObjectCreateRule[className=org.apache.tomcat.util.modeler.AttributeInfo, attributeName=null]
2023-01-04 17:44:53.706 DEBUG 3888 --- [kground-preinit] o.apache.tomcat.util.digester.Digester   : [ObjectCreateRule]{mbeans-descriptors/mbean/attribute}New org.apache.tomcat.util.modeler.AttributeInfo
2023-01-04 17:44:53.706 DEBUG 3888 --- [kground-preinit] o.apache.tomcat.util.digester.Digester   :   Fire begin() for SetPropertiesRule[]
2023-01-04 17:44:53.706 DEBUG 3888 --- [kground-preinit] o.apache.tomcat.util.digester.Digester   : [SetPropertiesRule]{mbeans-descriptors/mbean/attribute} Set org.apache.tomcat.util.modeler.AttributeInfo properties
2023-01-04 17:44:53.706 DEBUG 3888 --- [kground-preinit] o.apache.tomcat.util.digester.Digester   : [SetPropertiesRule]{mbeans-descriptors/mbean/attribute} Setting property 'name' to 'sessionCookieDomain'
2023-01-04 17:44:53.706 DEBUG 3888 --- [kground-preinit] o.apache.tomcat.util.IntrospectionUtils  : IntrospectionUtils: setProperty(class org.apache.tomcat.util.modeler.AttributeInfo name=sessionCookieDomain)
2023-01-04 17:44:53.706 DEBUG 3888 --- [kground-preinit] o.apache.tomcat.util.digester.Digester   : [SetPropertiesRule]{mbeans-descriptors/mbean/attribute} Setting property 'description' to 'The domain to use for session cookies.'null' indicates that the domain is controlled by the application.'
2023-01-04 17:44:53.706 DEBUG 3888 --- [kground-preinit] o.apache.tomcat.util.IntrospectionUtils  : IntrospectionUtils: setProperty(class org.apache.tomcat.util.modeler.AttributeInfo description=The domain to use for session cookies.'null' indicates that the domain is controlled by the application.)
2023-01-04 17:44:53.706 DEBUG 3888 --- [kground-preinit] o.apache.tomcat.util.digester.Digester   : [SetPropertiesRule]{mbeans-descriptors/mbean/attribute} Setting property 'type' to 'java.lang.String'
2023-01-04 17:44:53.706 DEBUG 3888 --- [kground-preinit] o.apache.tomcat.util.IntrospectionUtils  : IntrospectionUtils: setProperty(class org.apache.tomcat.util.modeler.AttributeInfo type=java.lang.String)
2023-01-04 17:44:53.707 DEBUG 3888 --- [kground-preinit] o.apache.tomcat.util.digester.Digester   :   Fire begin() for SetNextRule[methodName=addAttribute, paramType=org.apache.tomcat.util.modeler.AttributeInfo]
2023-01-04 17:44:53.707 DEBUG 3888 --- [kground-preinit] o.a.tomcat.util.digester.Digester.sax    : endElement(,,attribute)
2023-01-04 17:44:53.707 DEBUG 3888 --- [kground-preinit] o.apache.tomcat.util.digester.Digester   :   match='mbeans-descriptors/mbean/attribute'
2023-01-04 17:44:53.707 DEBUG 3888 --- [kground-preinit] o.apache.tomcat.util.digester.Digester   :   bodyText=''
2023-01-04 17:44:53.707 DEBUG 3888 --- [kground-preinit] o.apache.tomcat.util.digester.Digester   :   Fire body() for ObjectCreateRule[className=org.apache.tomcat.util.modeler.AttributeInfo, attributeName=null]
2023-01-04 17:44:53.707 DEBUG 3888 --- [kground-preinit] o.apache.tomcat.util.digester.Digester   :   Fire body() for SetPropertiesRule[]
2023-01-04 17:44:53.707 DEBUG 3888 --- [kground-preinit] o.apache.tomcat.util.digester.Digester   :   Fire body() for SetNextRule[methodName=addAttribute, paramType=org.apache.tomcat.util.modeler.AttributeInfo]
2023-01-04 17:44:53.707 DEBUG 3888 --- [kground-preinit] o.apache.tomcat.util.digester.Digester   :   Fire end() for SetNextRule[methodName=addAttribute, paramType=org.apache.tomcat.util.modeler.AttributeInfo]
2023-01-04 17:44:53.707 DEBUG 3888 --- [kground-preinit] o.apache.tomcat.util.digester.Digester   : [SetNextRule]{mbeans-descriptors/mbean/attribute} Call org.apache.tomcat.util.modeler.ManagedBean.addAttribute(org.apache.tomcat.util.modeler.AttributeInfo@503f5b59)
2023-01-04 17:44:53.707 DEBUG 3888 --- [kground-preinit] o.apache.tomcat.util.IntrospectionUtils  : IntrospectionUtils: callMethod1 org.apache.tomcat.util.modeler.ManagedBean org.apache.tomcat.util.modeler.AttributeInfo org.apache.tomcat.util.modeler.AttributeInfo
2023-01-04 17:44:53.707 DEBUG 3888 --- [kground-preinit] o.apache.tomcat.util.digester.Digester   :   Fire end() for SetPropertiesRule[]
2023-01-04 17:44:53.707 DEBUG 3888 --- [kground-preinit] o.apache.tomcat.util.digester.Digester   :   Fire end() for ObjectCreateRule[className=org.apache.tomcat.util.modeler.AttributeInfo, attributeName=null]
2023-01-04 17:44:53.707 DEBUG 3888 --- [kground-preinit] o.apache.tomcat.util.digester.Digester   : [ObjectCreateRule]{mbeans-descriptors/mbean/attribute} Pop org.apache.tomcat.util.modeler.AttributeInfo
2023-01-04 17:44:53.707 DEBUG 3888 --- [kground-preinit] o.a.tomcat.util.digester.Digester.sax    : characters(

    )
2023-01-04 17:44:53.707 DEBUG 3888 --- [kground-preinit] o.a.tomcat.util.digester.Digester.sax    : startElement(,,attribute)
2023-01-04 17:44:53.707 DEBUG 3888 --- [kground-preinit] o.apache.tomcat.util.digester.Digester   :   New match='mbeans-descriptors/mbean/attribute'
2023-01-04 17:44:53.707 DEBUG 3888 --- [kground-preinit] o.apache.tomcat.util.digester.Digester   :   Fire begin() for ObjectCreateRule[className=org.apache.tomcat.util.modeler.AttributeInfo, attributeName=null]
2023-01-04 17:44:53.707 DEBUG 3888 --- [kground-preinit] o.apache.tomcat.util.digester.Digester   : [ObjectCreateRule]{mbeans-descriptors/mbean/attribute}New org.apache.tomcat.util.modeler.AttributeInfo
2023-01-04 17:44:53.708 DEBUG 3888 --- [kground-preinit] o.apache.tomcat.util.digester.Digester   :   Fire begin() for SetPropertiesRule[]
2023-01-04 17:44:53.708 DEBUG 3888 --- [kground-preinit] o.apache.tomcat.util.digester.Digester   : [SetPropertiesRule]{mbeans-descriptors/mbean/attribute} Set org.apache.tomcat.util.modeler.AttributeInfo properties
2023-01-04 17:44:53.708 DEBUG 3888 --- [kground-preinit] o.apache.tomcat.util.digester.Digester   : [SetPropertiesRule]{mbeans-descriptors/mbean/attribute} Setting property 'name' to 'sessionCookiePath'
2023-01-04 17:44:53.708 DEBUG 3888 --- [kground-preinit] o.apache.tomcat.util.IntrospectionUtils  : IntrospectionUtils: setProperty(class org.apache.tomcat.util.modeler.AttributeInfo name=sessionCookiePath)
2023-01-04 17:44:53.708 DEBUG 3888 --- [kground-preinit] o.apache.tomcat.util.digester.Digester   : [SetPropertiesRule]{mbeans-descriptors/mbean/attribute} Setting property 'description' to 'The path to use for session cookies.'null' indicates that the path is controlled by the application.'
2023-01-04 17:44:53.707 DEBUG 3888 --- [           main] o.s.b.f.s.DefaultListableBeanFactory     : Returning cached instance of singleton bean 'autoConfigurationReport'
2023-01-04 17:44:53.708 DEBUG 3888 --- [kground-preinit] o.apache.tomcat.util.IntrospectionUtils  : IntrospectionUtils: setProperty(class org.apache.tomcat.util.modeler.AttributeInfo description=The path to use for session cookies.'null' indicates that the path is controlled by the application.)
2023-01-04 17:44:53.708 DEBUG 3888 --- [kground-preinit] o.apache.tomcat.util.digester.Digester   : [SetPropertiesRule]{mbeans-descriptors/mbean/attribute} Setting property 'type' to 'java.lang.String'
2023-01-04 17:44:53.708 DEBUG 3888 --- [kground-preinit] o.apache.tomcat.util.IntrospectionUtils  : IntrospectionUtils: setProperty(class org.apache.tomcat.util.modeler.AttributeInfo type=java.lang.String)
2023-01-04 17:44:53.708 DEBUG 3888 --- [kground-preinit] o.apache.tomcat.util.digester.Digester   :   Fire begin() for SetNextRule[methodName=addAttribute, paramType=org.apache.tomcat.util.modeler.AttributeInfo]
2023-01-04 17:44:53.708 DEBUG 3888 --- [kground-preinit] o.a.tomcat.util.digester.Digester.sax    : endElement(,,attribute)
2023-01-04 17:44:53.709 DEBUG 3888 --- [kground-preinit] o.apache.tomcat.util.digester.Digester   :   match='mbeans-descriptors/mbean/attribute'
2023-01-04 17:44:53.709 DEBUG 3888 --- [kground-preinit] o.apache.tomcat.util.digester.Digester   :   bodyText=''
2023-01-04 17:44:53.709 DEBUG 3888 --- [kground-preinit] o.apache.tomcat.util.digester.Digester   :   Fire body() for ObjectCreateRule[className=org.apache.tomcat.util.modeler.AttributeInfo, attributeName=null]
2023-01-04 17:44:53.709 DEBUG 3888 --- [kground-preinit] o.apache.tomcat.util.digester.Digester   :   Fire body() for SetPropertiesRule[]
2023-01-04 17:44:53.709 DEBUG 3888 --- [kground-preinit] o.apache.tomcat.util.digester.Digester   :   Fire body() for SetNextRule[methodName=addAttribute, paramType=org.apache.tomcat.util.modeler.AttributeInfo]
2023-01-04 17:44:53.709 DEBUG 3888 --- [kground-preinit] o.apache.tomcat.util.digester.Digester   :   Fire end() for SetNextRule[methodName=addAttribute, paramType=org.apache.tomcat.util.modeler.AttributeInfo]
2023-01-04 17:44:53.709 DEBUG 3888 --- [kground-preinit] o.apache.tomcat.util.digester.Digester   : [SetNextRule]{mbeans-descriptors/mbean/attribute} Call org.apache.tomcat.util.modeler.ManagedBean.addAttribute(org.apache.tomcat.util.modeler.AttributeInfo@70d8aa19)
2023-01-04 17:44:53.709 DEBUG 3888 --- [kground-preinit] o.apache.tomcat.util.IntrospectionUtils  : IntrospectionUtils: callMethod1 org.apache.tomcat.util.modeler.ManagedBean org.apache.tomcat.util.modeler.AttributeInfo org.apache.tomcat.util.modeler.AttributeInfo
2023-01-04 17:44:53.709 DEBUG 3888 --- [kground-preinit] o.apache.tomcat.util.digester.Digester   :   Fire end() for SetPropertiesRule[]
2023-01-04 17:44:53.709 DEBUG 3888 --- [kground-preinit] o.apache.tomcat.util.digester.Digester   :   Fire end() for ObjectCreateRule[className=org.apache.tomcat.util.modeler.AttributeInfo, attributeName=null]
2023-01-04 17:44:53.711 DEBUG 3888 --- [kground-preinit] o.apache.tomcat.util.digester.Digester   : [ObjectCreateRule]{mbeans-descriptors/mbean/attribute} Pop org.apache.tomcat.util.modeler.AttributeInfo
2023-01-04 17:44:53.711 DEBUG 3888 --- [kground-preinit] o.a.tomcat.util.digester.Digester.sax    : characters(

    )
2023-01-04 17:44:53.711 DEBUG 3888 --- [kground-preinit] o.a.tomcat.util.digester.Digester.sax    : startElement(,,attribute)
2023-01-04 17:44:53.711 DEBUG 3888 --- [kground-preinit] o.apache.tomcat.util.digester.Digester   :   New match='mbeans-descriptors/mbean/attribute'
2023-01-04 17:44:53.712 DEBUG 3888 --- [kground-preinit] o.apache.tomcat.util.digester.Digester   :   Fire begin() for ObjectCreateRule[className=org.apache.tomcat.util.modeler.AttributeInfo, attributeName=null]
2023-01-04 17:44:53.713 DEBUG 3888 --- [kground-preinit] o.apache.tomcat.util.digester.Digester   : [ObjectCreateRule]{mbeans-descriptors/mbean/attribute}New org.apache.tomcat.util.modeler.AttributeInfo
2023-01-04 17:44:53.713 DEBUG 3888 --- [kground-preinit] o.apache.tomcat.util.digester.Digester   :   Fire begin() for SetPropertiesRule[]
2023-01-04 17:44:53.713 DEBUG 3888 --- [kground-preinit] o.apache.tomcat.util.digester.Digester   : [SetPropertiesRule]{mbeans-descriptors/mbean/attribute} Set org.apache.tomcat.util.modeler.AttributeInfo properties
2023-01-04 17:44:53.714 DEBUG 3888 --- [kground-preinit] o.apache.tomcat.util.digester.Digester   : [SetPropertiesRule]{mbeans-descriptors/mbean/attribute} Setting property 'name' to 'sessionTimeout'
2023-01-04 17:44:53.714 DEBUG 3888 --- [kground-preinit] o.apache.tomcat.util.IntrospectionUtils  : IntrospectionUtils: setProperty(class org.apache.tomcat.util.modeler.AttributeInfo name=sessionTimeout)
2023-01-04 17:44:53.714 DEBUG 3888 --- [kground-preinit] o.apache.tomcat.util.digester.Digester   : [SetPropertiesRule]{mbeans-descriptors/mbean/attribute} Setting property 'description' to 'The session timeout (in minutes) for this web application'
2023-01-04 17:44:53.714 DEBUG 3888 --- [kground-preinit] o.apache.tomcat.util.IntrospectionUtils  : IntrospectionUtils: setProperty(class org.apache.tomcat.util.modeler.AttributeInfo description=The session timeout (in minutes) for this web application)
2023-01-04 17:44:53.715 DEBUG 3888 --- [kground-preinit] o.apache.tomcat.util.digester.Digester   : [SetPropertiesRule]{mbeans-descriptors/mbean/attribute} Setting property 'type' to 'int'
2023-01-04 17:44:53.715 DEBUG 3888 --- [kground-preinit] o.apache.tomcat.util.IntrospectionUtils  : IntrospectionUtils: setProperty(class org.apache.tomcat.util.modeler.AttributeInfo type=int)
2023-01-04 17:44:53.715 DEBUG 3888 --- [kground-preinit] o.apache.tomcat.util.digester.Digester   :   Fire begin() for SetNextRule[methodName=addAttribute, paramType=org.apache.tomcat.util.modeler.AttributeInfo]
2023-01-04 17:44:53.715 DEBUG 3888 --- [kground-preinit] o.a.tomcat.util.digester.Digester.sax    : endElement(,,attribute)
2023-01-04 17:44:53.715 DEBUG 3888 --- [kground-preinit] o.apache.tomcat.util.digester.Digester   :   match='mbeans-descriptors/mbean/attribute'
2023-01-04 17:44:53.715 DEBUG 3888 --- [kground-preinit] o.apache.tomcat.util.digester.Digester   :   bodyText=''
2023-01-04 17:44:53.715 DEBUG 3888 --- [kground-preinit] o.apache.tomcat.util.digester.Digester   :   Fire body() for ObjectCreateRule[className=org.apache.tomcat.util.modeler.AttributeInfo, attributeName=null]
2023-01-04 17:44:53.716 DEBUG 3888 --- [kground-preinit] o.apache.tomcat.util.digester.Digester   :   Fire body() for SetPropertiesRule[]
2023-01-04 17:44:53.716 DEBUG 3888 --- [kground-preinit] o.apache.tomcat.util.digester.Digester   :   Fire body() for SetNextRule[methodName=addAttribute, paramType=org.apache.tomcat.util.modeler.AttributeInfo]
2023-01-04 17:44:53.716 DEBUG 3888 --- [kground-preinit] o.apache.tomcat.util.digester.Digester   :   Fire end() for SetNextRule[methodName=addAttribute, paramType=org.apache.tomcat.util.modeler.AttributeInfo]
2023-01-04 17:44:53.716 DEBUG 3888 --- [kground-preinit] o.apache.tomcat.util.digester.Digester   : [SetNextRule]{mbeans-descriptors/mbean/attribute} Call org.apache.tomcat.util.modeler.ManagedBean.addAttribute(org.apache.tomcat.util.modeler.AttributeInfo@27304d00)
2023-01-04 17:44:53.716 DEBUG 3888 --- [kground-preinit] o.apache.tomcat.util.IntrospectionUtils  : IntrospectionUtils: callMethod1 org.apache.tomcat.util.modeler.ManagedBean org.apache.tomcat.util.modeler.AttributeInfo org.apache.tomcat.util.modeler.AttributeInfo
2023-01-04 17:44:53.716 DEBUG 3888 --- [kground-preinit] o.apache.tomcat.util.digester.Digester   :   Fire end() for SetPropertiesRule[]
2023-01-04 17:44:53.716 DEBUG 3888 --- [kground-preinit] o.apache.tomcat.util.digester.Digester   :   Fire end() for ObjectCreateRule[className=org.apache.tomcat.util.modeler.AttributeInfo, attributeName=null]
2023-01-04 17:44:53.717 DEBUG 3888 --- [kground-preinit] o.apache.tomcat.util.digester.Digester   : [ObjectCreateRule]{mbeans-descriptors/mbean/attribute} Pop org.apache.tomcat.util.modeler.AttributeInfo
2023-01-04 17:44:53.717 DEBUG 3888 --- [kground-preinit] o.a.tomcat.util.digester.Digester.sax    : characters(

    )
2023-01-04 17:44:53.717 DEBUG 3888 --- [kground-preinit] o.a.tomcat.util.digester.Digester.sax    : startElement(,,attribute)
2023-01-04 17:44:53.717 DEBUG 3888 --- [kground-preinit] o.apache.tomcat.util.digester.Digester   :   New match='mbeans-descriptors/mbean/attribute'
2023-01-04 17:44:53.717 DEBUG 3888 --- [kground-preinit] o.apache.tomcat.util.digester.Digester   :   Fire begin() for ObjectCreateRule[className=org.apache.tomcat.util.modeler.AttributeInfo, attributeName=null]
2023-01-04 17:44:53.717 DEBUG 3888 --- [kground-preinit] o.apache.tomcat.util.digester.Digester   : [ObjectCreateRule]{mbeans-descriptors/mbean/attribute}New org.apache.tomcat.util.modeler.AttributeInfo
2023-01-04 17:44:53.717 DEBUG 3888 --- [kground-preinit] o.apache.tomcat.util.digester.Digester   :   Fire begin() for SetPropertiesRule[]
2023-01-04 17:44:53.717 DEBUG 3888 --- [kground-preinit] o.apache.tomcat.util.digester.Digester   : [SetPropertiesRule]{mbeans-descriptors/mbean/attribute} Set org.apache.tomcat.util.modeler.AttributeInfo properties
2023-01-04 17:44:53.717 DEBUG 3888 --- [kground-preinit] o.apache.tomcat.util.digester.Digester   : [SetPropertiesRule]{mbeans-descriptors/mbean/attribute} Setting property 'name' to 'startTime'
2023-01-04 17:44:53.718 DEBUG 3888 --- [kground-preinit] o.apache.tomcat.util.IntrospectionUtils  : IntrospectionUtils: setProperty(class org.apache.tomcat.util.modeler.AttributeInfo name=startTime)
2023-01-04 17:44:53.718 DEBUG 3888 --- [kground-preinit] o.apache.tomcat.util.digester.Digester   : [SetPropertiesRule]{mbeans-descriptors/mbean/attribute} Setting property 'description' to 'Time (in milliseconds since January 1, 1970, 00:00:00) when this context was started'
2023-01-04 17:44:53.718 DEBUG 3888 --- [kground-preinit] o.apache.tomcat.util.IntrospectionUtils  : IntrospectionUtils: setProperty(class org.apache.tomcat.util.modeler.AttributeInfo description=Time (in milliseconds since January 1, 1970, 00:00:00) when this context was started)
2023-01-04 17:44:53.718 DEBUG 3888 --- [kground-preinit] o.apache.tomcat.util.digester.Digester   : [SetPropertiesRule]{mbeans-descriptors/mbean/attribute} Setting property 'type' to 'long'
2023-01-04 17:44:53.719 DEBUG 3888 --- [kground-preinit] o.apache.tomcat.util.IntrospectionUtils  : IntrospectionUtils: setProperty(class org.apache.tomcat.util.modeler.AttributeInfo type=long)
2023-01-04 17:44:53.719 DEBUG 3888 --- [kground-preinit] o.apache.tomcat.util.digester.Digester   : [SetPropertiesRule]{mbeans-descriptors/mbean/attribute} Setting property 'writeable' to 'false'
2023-01-04 17:44:53.720 DEBUG 3888 --- [kground-preinit] o.apache.tomcat.util.IntrospectionUtils  : IntrospectionUtils: setProperty(class org.apache.tomcat.util.modeler.AttributeInfo writeable=false)
2023-01-04 17:44:53.720 DEBUG 3888 --- [kground-preinit] o.apache.tomcat.util.digester.Digester   :   Fire begin() for SetNextRule[methodName=addAttribute, paramType=org.apache.tomcat.util.modeler.AttributeInfo]
2023-01-04 17:44:53.720 DEBUG 3888 --- [kground-preinit] o.a.tomcat.util.digester.Digester.sax    : endElement(,,attribute)
2023-01-04 17:44:53.720 DEBUG 3888 --- [kground-preinit] o.apache.tomcat.util.digester.Digester   :   match='mbeans-descriptors/mbean/attribute'
2023-01-04 17:44:53.721 DEBUG 3888 --- [kground-preinit] o.apache.tomcat.util.digester.Digester   :   bodyText=''
2023-01-04 17:44:53.721 DEBUG 3888 --- [kground-preinit] o.apache.tomcat.util.digester.Digester   :   Fire body() for ObjectCreateRule[className=org.apache.tomcat.util.modeler.AttributeInfo, attributeName=null]
2023-01-04 17:44:53.721 DEBUG 3888 --- [kground-preinit] o.apache.tomcat.util.digester.Digester   :   Fire body() for SetPropertiesRule[]
2023-01-04 17:44:53.721 DEBUG 3888 --- [kground-preinit] o.apache.tomcat.util.digester.Digester   :   Fire body() for SetNextRule[methodName=addAttribute, paramType=org.apache.tomcat.util.modeler.AttributeInfo]
2023-01-04 17:44:53.721 DEBUG 3888 --- [kground-preinit] o.apache.tomcat.util.digester.Digester   :   Fire end() for SetNextRule[methodName=addAttribute, paramType=org.apache.tomcat.util.modeler.AttributeInfo]
2023-01-04 17:44:53.721 DEBUG 3888 --- [kground-preinit] o.apache.tomcat.util.digester.Digester   : [SetNextRule]{mbeans-descriptors/mbean/attribute} Call org.apache.tomcat.util.modeler.ManagedBean.addAttribute(org.apache.tomcat.util.modeler.AttributeInfo@c850068)
2023-01-04 17:44:53.722 DEBUG 3888 --- [kground-preinit] o.apache.tomcat.util.IntrospectionUtils  : IntrospectionUtils: callMethod1 org.apache.tomcat.util.modeler.ManagedBean org.apache.tomcat.util.modeler.AttributeInfo org.apache.tomcat.util.modeler.AttributeInfo
2023-01-04 17:44:53.722 DEBUG 3888 --- [kground-preinit] o.apache.tomcat.util.digester.Digester   :   Fire end() for SetPropertiesRule[]
2023-01-04 17:44:53.722 DEBUG 3888 --- [kground-preinit] o.apache.tomcat.util.digester.Digester   :   Fire end() for ObjectCreateRule[className=org.apache.tomcat.util.modeler.AttributeInfo, attributeName=null]
2023-01-04 17:44:53.722 DEBUG 3888 --- [kground-preinit] o.apache.tomcat.util.digester.Digester   : [ObjectCreateRule]{mbeans-descriptors/mbean/attribute} Pop org.apache.tomcat.util.modeler.AttributeInfo
2023-01-04 17:44:53.722 DEBUG 3888 --- [kground-preinit] o.a.tomcat.util.digester.Digester.sax    : characters(

    )
2023-01-04 17:44:53.722 DEBUG 3888 --- [kground-preinit] o.a.tomcat.util.digester.Digester.sax    : startElement(,,attribute)
2023-01-04 17:44:53.722 DEBUG 3888 --- [kground-preinit] o.apache.tomcat.util.digester.Digester   :   New match='mbeans-descriptors/mbean/attribute'
2023-01-04 17:44:53.722 DEBUG 3888 --- [kground-preinit] o.apache.tomcat.util.digester.Digester   :   Fire begin() for ObjectCreateRule[className=org.apache.tomcat.util.modeler.AttributeInfo, attributeName=null]
2023-01-04 17:44:53.723 DEBUG 3888 --- [kground-preinit] o.apache.tomcat.util.digester.Digester   : [ObjectCreateRule]{mbeans-descriptors/mbean/attribute}New org.apache.tomcat.util.modeler.AttributeInfo
2023-01-04 17:44:53.723 DEBUG 3888 --- [kground-preinit] o.apache.tomcat.util.digester.Digester   :   Fire begin() for SetPropertiesRule[]
2023-01-04 17:44:53.723 DEBUG 3888 --- [kground-preinit] o.apache.tomcat.util.digester.Digester   : [SetPropertiesRule]{mbeans-descriptors/mbean/attribute} Set org.apache.tomcat.util.modeler.AttributeInfo properties
2023-01-04 17:44:53.723 DEBUG 3888 --- [kground-preinit] o.apache.tomcat.util.digester.Digester   : [SetPropertiesRule]{mbeans-descriptors/mbean/attribute} Setting property 'name' to 'startupTime'
2023-01-04 17:44:53.723 DEBUG 3888 --- [kground-preinit] o.apache.tomcat.util.IntrospectionUtils  : IntrospectionUtils: setProperty(class org.apache.tomcat.util.modeler.AttributeInfo name=startupTime)
2023-01-04 17:44:53.723 DEBUG 3888 --- [kground-preinit] o.apache.tomcat.util.digester.Digester   : [SetPropertiesRule]{mbeans-descriptors/mbean/attribute} Setting property 'description' to 'Time (in milliseconds) it took to start this context'
2023-01-04 17:44:53.723 DEBUG 3888 --- [kground-preinit] o.apache.tomcat.util.IntrospectionUtils  : IntrospectionUtils: setProperty(class org.apache.tomcat.util.modeler.AttributeInfo description=Time (in milliseconds) it took to start this context)
2023-01-04 17:44:53.723 DEBUG 3888 --- [kground-preinit] o.apache.tomcat.util.digester.Digester   : [SetPropertiesRule]{mbeans-descriptors/mbean/attribute} Setting property 'type' to 'long'
2023-01-04 17:44:53.723 DEBUG 3888 --- [kground-preinit] o.apache.tomcat.util.IntrospectionUtils  : IntrospectionUtils: setProperty(class org.apache.tomcat.util.modeler.AttributeInfo type=long)
2023-01-04 17:44:53.723 DEBUG 3888 --- [kground-preinit] o.apache.tomcat.util.digester.Digester   :   Fire begin() for SetNextRule[methodName=addAttribute, paramType=org.apache.tomcat.util.modeler.AttributeInfo]
2023-01-04 17:44:53.723 DEBUG 3888 --- [kground-preinit] o.a.tomcat.util.digester.Digester.sax    : endElement(,,attribute)
2023-01-04 17:44:53.724 DEBUG 3888 --- [kground-preinit] o.apache.tomcat.util.digester.Digester   :   match='mbeans-descriptors/mbean/attribute'
2023-01-04 17:44:53.724 DEBUG 3888 --- [kground-preinit] o.apache.tomcat.util.digester.Digester   :   bodyText=''
2023-01-04 17:44:53.724 DEBUG 3888 --- [kground-preinit] o.apache.tomcat.util.digester.Digester   :   Fire body() for ObjectCreateRule[className=org.apache.tomcat.util.modeler.AttributeInfo, attributeName=null]
2023-01-04 17:44:53.724 DEBUG 3888 --- [kground-preinit] o.apache.tomcat.util.digester.Digester   :   Fire body() for SetPropertiesRule[]
2023-01-04 17:44:53.724 DEBUG 3888 --- [kground-preinit] o.apache.tomcat.util.digester.Digester   :   Fire body() for SetNextRule[methodName=addAttribute, paramType=org.apache.tomcat.util.modeler.AttributeInfo]
2023-01-04 17:44:53.724 DEBUG 3888 --- [kground-preinit] o.apache.tomcat.util.digester.Digester   :   Fire end() for SetNextRule[methodName=addAttribute, paramType=org.apache.tomcat.util.modeler.AttributeInfo]
2023-01-04 17:44:53.724 DEBUG 3888 --- [kground-preinit] o.apache.tomcat.util.digester.Digester   : [SetNextRule]{mbeans-descriptors/mbean/attribute} Call org.apache.tomcat.util.modeler.ManagedBean.addAttribute(org.apache.tomcat.util.modeler.AttributeInfo@264a7732)
2023-01-04 17:44:53.724 DEBUG 3888 --- [kground-preinit] o.apache.tomcat.util.IntrospectionUtils  : IntrospectionUtils: callMethod1 org.apache.tomcat.util.modeler.ManagedBean org.apache.tomcat.util.modeler.AttributeInfo org.apache.tomcat.util.modeler.AttributeInfo
2023-01-04 17:44:53.724 DEBUG 3888 --- [kground-preinit] o.apache.tomcat.util.digester.Digester   :   Fire end() for SetPropertiesRule[]
2023-01-04 17:44:53.724 DEBUG 3888 --- [kground-preinit] o.apache.tomcat.util.digester.Digester   :   Fire end() for ObjectCreateRule[className=org.apache.tomcat.util.modeler.AttributeInfo, attributeName=null]
2023-01-04 17:44:53.724 DEBUG 3888 --- [kground-preinit] o.apache.tomcat.util.digester.Digester   : [ObjectCreateRule]{mbeans-descriptors/mbean/attribute} Pop org.apache.tomcat.util.modeler.AttributeInfo
2023-01-04 17:44:53.724 DEBUG 3888 --- [kground-preinit] o.a.tomcat.util.digester.Digester.sax    : characters(

    )
2023-01-04 17:44:53.724 DEBUG 3888 --- [kground-preinit] o.a.tomcat.util.digester.Digester.sax    : startElement(,,attribute)
2023-01-04 17:44:53.726 DEBUG 3888 --- [kground-preinit] o.apache.tomcat.util.digester.Digester   :   New match='mbeans-descriptors/mbean/attribute'
2023-01-04 17:44:53.726 DEBUG 3888 --- [kground-preinit] o.apache.tomcat.util.digester.Digester   :   Fire begin() for ObjectCreateRule[className=org.apache.tomcat.util.modeler.AttributeInfo, attributeName=null]
2023-01-04 17:44:53.727 DEBUG 3888 --- [           main] a.ConfigurationClassBeanDefinitionReader : Registering bean definition for @Bean method org.springframework.boot.autoconfigure.web.servlet.error.ErrorMvcAutoConfiguration$WhitelabelErrorViewConfiguration.beanNameViewResolver()
2023-01-04 17:44:53.727 DEBUG 3888 --- [kground-preinit] o.apache.tomcat.util.digester.Digester   : [ObjectCreateRule]{mbeans-descriptors/mbean/attribute}New org.apache.tomcat.util.modeler.AttributeInfo
2023-01-04 17:44:53.727 DEBUG 3888 --- [           main] a.ConfigurationClassBeanDefinitionReader : Registered bean definition for imported class 'org.springframework.boot.autoconfigure.web.servlet.error.ErrorMvcAutoConfiguration$DefaultErrorViewResolverConfiguration'
2023-01-04 17:44:53.727 DEBUG 3888 --- [kground-preinit] o.apache.tomcat.util.digester.Digester   :   Fire begin() for SetPropertiesRule[]
2023-01-04 17:44:53.727 DEBUG 3888 --- [kground-preinit] o.apache.tomcat.util.digester.Digester   : [SetPropertiesRule]{mbeans-descriptors/mbean/attribute} Set org.apache.tomcat.util.modeler.AttributeInfo properties
2023-01-04 17:44:53.727 DEBUG 3888 --- [           main] o.s.b.f.s.DefaultListableBeanFactory     : Returning cached instance of singleton bean 'org.springframework.boot.autoconfigure.condition.BeanTypeRegistry'
2023-01-04 17:44:53.728 DEBUG 3888 --- [kground-preinit] o.apache.tomcat.util.digester.Digester   : [SetPropertiesRule]{mbeans-descriptors/mbean/attribute} Setting property 'name' to 'stateName'
2023-01-04 17:44:53.728 DEBUG 3888 --- [kground-preinit] o.apache.tomcat.util.IntrospectionUtils  : IntrospectionUtils: setProperty(class org.apache.tomcat.util.modeler.AttributeInfo name=stateName)
2023-01-04 17:44:53.728 DEBUG 3888 --- [kground-preinit] o.apache.tomcat.util.digester.Digester   : [SetPropertiesRule]{mbeans-descriptors/mbean/attribute} Setting property 'description' to 'The name of the LifecycleState that this component is currently in'
2023-01-04 17:44:53.728 DEBUG 3888 --- [           main] o.s.b.f.s.DefaultListableBeanFactory     : Returning cached instance of singleton bean 'org.springframework.boot.autoconfigure.condition.BeanTypeRegistry'
2023-01-04 17:44:53.729 DEBUG 3888 --- [kground-preinit] o.apache.tomcat.util.IntrospectionUtils  : IntrospectionUtils: setProperty(class org.apache.tomcat.util.modeler.AttributeInfo description=The name of the LifecycleState that this component is currently in)
2023-01-04 17:44:53.729 DEBUG 3888 --- [           main] o.s.b.f.s.DefaultListableBeanFactory     : Returning cached instance of singleton bean 'autoConfigurationReport'
2023-01-04 17:44:53.729 DEBUG 3888 --- [kground-preinit] o.apache.tomcat.util.digester.Digester   : [SetPropertiesRule]{mbeans-descriptors/mbean/attribute} Setting property 'type' to 'java.lang.String'
2023-01-04 17:44:53.729 DEBUG 3888 --- [kground-preinit] o.apache.tomcat.util.IntrospectionUtils  : IntrospectionUtils: setProperty(class org.apache.tomcat.util.modeler.AttributeInfo type=java.lang.String)
2023-01-04 17:44:53.730 DEBUG 3888 --- [kground-preinit] o.apache.tomcat.util.digester.Digester   : [SetPropertiesRule]{mbeans-descriptors/mbean/attribute} Setting property 'writeable' to 'false'
2023-01-04 17:44:53.730 DEBUG 3888 --- [kground-preinit] o.apache.tomcat.util.IntrospectionUtils  : IntrospectionUtils: setProperty(class org.apache.tomcat.util.modeler.AttributeInfo writeable=false)
2023-01-04 17:44:53.730 DEBUG 3888 --- [kground-preinit] o.apache.tomcat.util.digester.Digester   :   Fire begin() for SetNextRule[methodName=addAttribute, paramType=org.apache.tomcat.util.modeler.AttributeInfo]
2023-01-04 17:44:53.730 DEBUG 3888 --- [kground-preinit] o.a.tomcat.util.digester.Digester.sax    : endElement(,,attribute)
2023-01-04 17:44:53.730 DEBUG 3888 --- [kground-preinit] o.apache.tomcat.util.digester.Digester   :   match='mbeans-descriptors/mbean/attribute'
2023-01-04 17:44:53.730 DEBUG 3888 --- [kground-preinit] o.apache.tomcat.util.digester.Digester   :   bodyText=''
2023-01-04 17:44:53.730 DEBUG 3888 --- [kground-preinit] o.apache.tomcat.util.digester.Digester   :   Fire body() for ObjectCreateRule[className=org.apache.tomcat.util.modeler.AttributeInfo, attributeName=null]
2023-01-04 17:44:53.731 DEBUG 3888 --- [kground-preinit] o.apache.tomcat.util.digester.Digester   :   Fire body() for SetPropertiesRule[]
2023-01-04 17:44:53.730 DEBUG 3888 --- [           main] o.s.b.f.s.DefaultListableBeanFactory     : Returning cached instance of singleton bean 'org.springframework.boot.autoconfigure.condition.BeanTypeRegistry'
2023-01-04 17:44:53.731 DEBUG 3888 --- [kground-preinit] o.apache.tomcat.util.digester.Digester   :   Fire body() for SetNextRule[methodName=addAttribute, paramType=org.apache.tomcat.util.modeler.AttributeInfo]
2023-01-04 17:44:53.732 DEBUG 3888 --- [kground-preinit] o.apache.tomcat.util.digester.Digester   :   Fire end() for SetNextRule[methodName=addAttribute, paramType=org.apache.tomcat.util.modeler.AttributeInfo]
2023-01-04 17:44:53.732 DEBUG 3888 --- [kground-preinit] o.apache.tomcat.util.digester.Digester   : [SetNextRule]{mbeans-descriptors/mbean/attribute} Call org.apache.tomcat.util.modeler.ManagedBean.addAttribute(org.apache.tomcat.util.modeler.AttributeInfo@13779980)
2023-01-04 17:44:53.732 DEBUG 3888 --- [kground-preinit] o.apache.tomcat.util.IntrospectionUtils  : IntrospectionUtils: callMethod1 org.apache.tomcat.util.modeler.ManagedBean org.apache.tomcat.util.modeler.AttributeInfo org.apache.tomcat.util.modeler.AttributeInfo
2023-01-04 17:44:53.732 DEBUG 3888 --- [kground-preinit] o.apache.tomcat.util.digester.Digester   :   Fire end() for SetPropertiesRule[]
2023-01-04 17:44:53.732 DEBUG 3888 --- [kground-preinit] o.apache.tomcat.util.digester.Digester   :   Fire end() for ObjectCreateRule[className=org.apache.tomcat.util.modeler.AttributeInfo, attributeName=null]
2023-01-04 17:44:53.732 DEBUG 3888 --- [kground-preinit] o.apache.tomcat.util.digester.Digester   : [ObjectCreateRule]{mbeans-descriptors/mbean/attribute} Pop org.apache.tomcat.util.modeler.AttributeInfo
2023-01-04 17:44:53.732 DEBUG 3888 --- [kground-preinit] o.a.tomcat.util.digester.Digester.sax    : characters(

    )
2023-01-04 17:44:53.732 DEBUG 3888 --- [kground-preinit] o.a.tomcat.util.digester.Digester.sax    : startElement(,,attribute)
2023-01-04 17:44:53.732 DEBUG 3888 --- [kground-preinit] o.apache.tomcat.util.digester.Digester   :   New match='mbeans-descriptors/mbean/attribute'
2023-01-04 17:44:53.732 DEBUG 3888 --- [kground-preinit] o.apache.tomcat.util.digester.Digester   :   Fire begin() for ObjectCreateRule[className=org.apache.tomcat.util.modeler.AttributeInfo, attributeName=null]
2023-01-04 17:44:53.732 DEBUG 3888 --- [kground-preinit] o.apache.tomcat.util.digester.Digester   : [ObjectCreateRule]{mbeans-descriptors/mbean/attribute}New org.apache.tomcat.util.modeler.AttributeInfo
2023-01-04 17:44:53.732 DEBUG 3888 --- [kground-preinit] o.apache.tomcat.util.digester.Digester   :   Fire begin() for SetPropertiesRule[]
2023-01-04 17:44:53.733 DEBUG 3888 --- [kground-preinit] o.apache.tomcat.util.digester.Digester   : [SetPropertiesRule]{mbeans-descriptors/mbean/attribute} Set org.apache.tomcat.util.modeler.AttributeInfo properties
2023-01-04 17:44:53.733 DEBUG 3888 --- [kground-preinit] o.apache.tomcat.util.digester.Digester   : [SetPropertiesRule]{mbeans-descriptors/mbean/attribute} Setting property 'name' to 'swallowOutput'
2023-01-04 17:44:53.733 DEBUG 3888 --- [kground-preinit] o.apache.tomcat.util.IntrospectionUtils  : IntrospectionUtils: setProperty(class org.apache.tomcat.util.modeler.AttributeInfo name=swallowOutput)
2023-01-04 17:44:53.733 DEBUG 3888 --- [kground-preinit] o.apache.tomcat.util.digester.Digester   : [SetPropertiesRule]{mbeans-descriptors/mbean/attribute} Setting property 'description' to 'Flag to set to cause the system.out and system.err to be redirected to the logger when executing a servlet'
2023-01-04 17:44:53.733 DEBUG 3888 --- [kground-preinit] o.apache.tomcat.util.IntrospectionUtils  : IntrospectionUtils: setProperty(class org.apache.tomcat.util.modeler.AttributeInfo description=Flag to set to cause the system.out and system.err to be redirected to the logger when executing a servlet)
2023-01-04 17:44:53.733 DEBUG 3888 --- [kground-preinit] o.apache.tomcat.util.digester.Digester   : [SetPropertiesRule]{mbeans-descriptors/mbean/attribute} Setting property 'type' to 'boolean'
2023-01-04 17:44:53.733 DEBUG 3888 --- [kground-preinit] o.apache.tomcat.util.IntrospectionUtils  : IntrospectionUtils: setProperty(class org.apache.tomcat.util.modeler.AttributeInfo type=boolean)
2023-01-04 17:44:53.734 DEBUG 3888 --- [kground-preinit] o.apache.tomcat.util.digester.Digester   :   Fire begin() for SetNextRule[methodName=addAttribute, paramType=org.apache.tomcat.util.modeler.AttributeInfo]
2023-01-04 17:44:53.734 DEBUG 3888 --- [kground-preinit] o.a.tomcat.util.digester.Digester.sax    : endElement(,,attribute)
2023-01-04 17:44:53.734 DEBUG 3888 --- [kground-preinit] o.apache.tomcat.util.digester.Digester   :   match='mbeans-descriptors/mbean/attribute'
2023-01-04 17:44:53.734 DEBUG 3888 --- [kground-preinit] o.apache.tomcat.util.digester.Digester   :   bodyText=''
2023-01-04 17:44:53.734 DEBUG 3888 --- [kground-preinit] o.apache.tomcat.util.digester.Digester   :   Fire body() for ObjectCreateRule[className=org.apache.tomcat.util.modeler.AttributeInfo, attributeName=null]
2023-01-04 17:44:53.734 DEBUG 3888 --- [kground-preinit] o.apache.tomcat.util.digester.Digester   :   Fire body() for SetPropertiesRule[]
2023-01-04 17:44:53.734 DEBUG 3888 --- [kground-preinit] o.apache.tomcat.util.digester.Digester   :   Fire body() for SetNextRule[methodName=addAttribute, paramType=org.apache.tomcat.util.modeler.AttributeInfo]
2023-01-04 17:44:53.735 DEBUG 3888 --- [kground-preinit] o.apache.tomcat.util.digester.Digester   :   Fire end() for SetNextRule[methodName=addAttribute, paramType=org.apache.tomcat.util.modeler.AttributeInfo]
2023-01-04 17:44:53.735 DEBUG 3888 --- [kground-preinit] o.apache.tomcat.util.digester.Digester   : [SetNextRule]{mbeans-descriptors/mbean/attribute} Call org.apache.tomcat.util.modeler.ManagedBean.addAttribute(org.apache.tomcat.util.modeler.AttributeInfo@360a9ea3)
2023-01-04 17:44:53.735 DEBUG 3888 --- [kground-preinit] o.apache.tomcat.util.IntrospectionUtils  : IntrospectionUtils: callMethod1 org.apache.tomcat.util.modeler.ManagedBean org.apache.tomcat.util.modeler.AttributeInfo org.apache.tomcat.util.modeler.AttributeInfo
2023-01-04 17:44:53.735 DEBUG 3888 --- [kground-preinit] o.apache.tomcat.util.digester.Digester   :   Fire end() for SetPropertiesRule[]
2023-01-04 17:44:53.735 DEBUG 3888 --- [kground-preinit] o.apache.tomcat.util.digester.Digester   :   Fire end() for ObjectCreateRule[className=org.apache.tomcat.util.modeler.AttributeInfo, attributeName=null]
2023-01-04 17:44:53.735 DEBUG 3888 --- [kground-preinit] o.apache.tomcat.util.digester.Digester   : [ObjectCreateRule]{mbeans-descriptors/mbean/attribute} Pop org.apache.tomcat.util.modeler.AttributeInfo
2023-01-04 17:44:53.735 DEBUG 3888 --- [kground-preinit] o.a.tomcat.util.digester.Digester.sax    : characters(

    )
2023-01-04 17:44:53.736 DEBUG 3888 --- [kground-preinit] o.a.tomcat.util.digester.Digester.sax    : startElement(,,attribute)
2023-01-04 17:44:53.736 DEBUG 3888 --- [kground-preinit] o.apache.tomcat.util.digester.Digester   :   New match='mbeans-descriptors/mbean/attribute'
2023-01-04 17:44:53.736 DEBUG 3888 --- [kground-preinit] o.apache.tomcat.util.digester.Digester   :   Fire begin() for ObjectCreateRule[className=org.apache.tomcat.util.modeler.AttributeInfo, attributeName=null]
2023-01-04 17:44:53.736 DEBUG 3888 --- [kground-preinit] o.apache.tomcat.util.digester.Digester   : [ObjectCreateRule]{mbeans-descriptors/mbean/attribute}New org.apache.tomcat.util.modeler.AttributeInfo
2023-01-04 17:44:53.736 DEBUG 3888 --- [kground-preinit] o.apache.tomcat.util.digester.Digester   :   Fire begin() for SetPropertiesRule[]
2023-01-04 17:44:53.736 DEBUG 3888 --- [kground-preinit] o.apache.tomcat.util.digester.Digester   : [SetPropertiesRule]{mbeans-descriptors/mbean/attribute} Set org.apache.tomcat.util.modeler.AttributeInfo properties
2023-01-04 17:44:53.736 DEBUG 3888 --- [kground-preinit] o.apache.tomcat.util.digester.Digester   : [SetPropertiesRule]{mbeans-descriptors/mbean/attribute} Setting property 'name' to 'tldScanTime'
2023-01-04 17:44:53.737 DEBUG 3888 --- [kground-preinit] o.apache.tomcat.util.IntrospectionUtils  : IntrospectionUtils: setProperty(class org.apache.tomcat.util.modeler.AttributeInfo name=tldScanTime)
2023-01-04 17:44:53.737 DEBUG 3888 --- [kground-preinit] o.apache.tomcat.util.digester.Digester   : [SetPropertiesRule]{mbeans-descriptors/mbean/attribute} Setting property 'description' to 'Time spend scanning jars for TLDs for this context'
2023-01-04 17:44:53.737 DEBUG 3888 --- [kground-preinit] o.apache.tomcat.util.IntrospectionUtils  : IntrospectionUtils: setProperty(class org.apache.tomcat.util.modeler.AttributeInfo description=Time spend scanning jars for TLDs for this context)
2023-01-04 17:44:53.737 DEBUG 3888 --- [kground-preinit] o.apache.tomcat.util.digester.Digester   : [SetPropertiesRule]{mbeans-descriptors/mbean/attribute} Setting property 'type' to 'long'
2023-01-04 17:44:53.737 DEBUG 3888 --- [kground-preinit] o.apache.tomcat.util.IntrospectionUtils  : IntrospectionUtils: setProperty(class org.apache.tomcat.util.modeler.AttributeInfo type=long)
2023-01-04 17:44:53.737 DEBUG 3888 --- [kground-preinit] o.apache.tomcat.util.digester.Digester   :   Fire begin() for SetNextRule[methodName=addAttribute, paramType=org.apache.tomcat.util.modeler.AttributeInfo]
2023-01-04 17:44:53.737 DEBUG 3888 --- [kground-preinit] o.a.tomcat.util.digester.Digester.sax    : endElement(,,attribute)
2023-01-04 17:44:53.737 DEBUG 3888 --- [kground-preinit] o.apache.tomcat.util.digester.Digester   :   match='mbeans-descriptors/mbean/attribute'
2023-01-04 17:44:53.738 DEBUG 3888 --- [kground-preinit] o.apache.tomcat.util.digester.Digester   :   bodyText=''
2023-01-04 17:44:53.738 DEBUG 3888 --- [kground-preinit] o.apache.tomcat.util.digester.Digester   :   Fire body() for ObjectCreateRule[className=org.apache.tomcat.util.modeler.AttributeInfo, attributeName=null]
2023-01-04 17:44:53.738 DEBUG 3888 --- [kground-preinit] o.apache.tomcat.util.digester.Digester   :   Fire body() for SetPropertiesRule[]
2023-01-04 17:44:53.739 DEBUG 3888 --- [kground-preinit] o.apache.tomcat.util.digester.Digester   :   Fire body() for SetNextRule[methodName=addAttribute, paramType=org.apache.tomcat.util.modeler.AttributeInfo]
2023-01-04 17:44:53.739 DEBUG 3888 --- [kground-preinit] o.apache.tomcat.util.digester.Digester   :   Fire end() for SetNextRule[methodName=addAttribute, paramType=org.apache.tomcat.util.modeler.AttributeInfo]
2023-01-04 17:44:53.739 DEBUG 3888 --- [kground-preinit] o.apache.tomcat.util.digester.Digester   : [SetNextRule]{mbeans-descriptors/mbean/attribute} Call org.apache.tomcat.util.modeler.ManagedBean.addAttribute(org.apache.tomcat.util.modeler.AttributeInfo@12a84e4a)
2023-01-04 17:44:53.739 DEBUG 3888 --- [kground-preinit] o.apache.tomcat.util.IntrospectionUtils  : IntrospectionUtils: callMethod1 org.apache.tomcat.util.modeler.ManagedBean org.apache.tomcat.util.modeler.AttributeInfo org.apache.tomcat.util.modeler.AttributeInfo
2023-01-04 17:44:53.739 DEBUG 3888 --- [kground-preinit] o.apache.tomcat.util.digester.Digester   :   Fire end() for SetPropertiesRule[]
2023-01-04 17:44:53.739 DEBUG 3888 --- [kground-preinit] o.apache.tomcat.util.digester.Digester   :   Fire end() for ObjectCreateRule[className=org.apache.tomcat.util.modeler.AttributeInfo, attributeName=null]
2023-01-04 17:44:53.739 DEBUG 3888 --- [kground-preinit] o.apache.tomcat.util.digester.Digester   : [ObjectCreateRule]{mbeans-descriptors/mbean/attribute} Pop org.apache.tomcat.util.modeler.AttributeInfo
2023-01-04 17:44:53.739 DEBUG 3888 --- [kground-preinit] o.a.tomcat.util.digester.Digester.sax    : characters(

    )
2023-01-04 17:44:53.739 DEBUG 3888 --- [kground-preinit] o.a.tomcat.util.digester.Digester.sax    : startElement(,,attribute)
2023-01-04 17:44:53.739 DEBUG 3888 --- [kground-preinit] o.apache.tomcat.util.digester.Digester   :   New match='mbeans-descriptors/mbean/attribute'
2023-01-04 17:44:53.739 DEBUG 3888 --- [kground-preinit] o.apache.tomcat.util.digester.Digester   :   Fire begin() for ObjectCreateRule[className=org.apache.tomcat.util.modeler.AttributeInfo, attributeName=null]
2023-01-04 17:44:53.739 DEBUG 3888 --- [kground-preinit] o.apache.tomcat.util.digester.Digester   : [ObjectCreateRule]{mbeans-descriptors/mbean/attribute}New org.apache.tomcat.util.modeler.AttributeInfo
2023-01-04 17:44:53.739 DEBUG 3888 --- [kground-preinit] o.apache.tomcat.util.digester.Digester   :   Fire begin() for SetPropertiesRule[]
2023-01-04 17:44:53.739 DEBUG 3888 --- [kground-preinit] o.apache.tomcat.util.digester.Digester   : [SetPropertiesRule]{mbeans-descriptors/mbean/attribute} Set org.apache.tomcat.util.modeler.AttributeInfo properties
2023-01-04 17:44:53.739 DEBUG 3888 --- [kground-preinit] o.apache.tomcat.util.digester.Digester   : [SetPropertiesRule]{mbeans-descriptors/mbean/attribute} Setting property 'name' to 'tldValidation'
2023-01-04 17:44:53.740 DEBUG 3888 --- [kground-preinit] o.apache.tomcat.util.IntrospectionUtils  : IntrospectionUtils: setProperty(class org.apache.tomcat.util.modeler.AttributeInfo name=tldValidation)
2023-01-04 17:44:53.740 DEBUG 3888 --- [kground-preinit] o.apache.tomcat.util.digester.Digester   : [SetPropertiesRule]{mbeans-descriptors/mbean/attribute} Setting property 'description' to 'Should the parsing of *.tld files be performed by a validating parser?'
2023-01-04 17:44:53.740 DEBUG 3888 --- [kground-preinit] o.apache.tomcat.util.IntrospectionUtils  : IntrospectionUtils: setProperty(class org.apache.tomcat.util.modeler.AttributeInfo description=Should the parsing of *.tld files be performed by a validating parser?)
2023-01-04 17:44:53.740 DEBUG 3888 --- [kground-preinit] o.apache.tomcat.util.digester.Digester   : [SetPropertiesRule]{mbeans-descriptors/mbean/attribute} Setting property 'type' to 'boolean'
2023-01-04 17:44:53.740 DEBUG 3888 --- [kground-preinit] o.apache.tomcat.util.IntrospectionUtils  : IntrospectionUtils: setProperty(class org.apache.tomcat.util.modeler.AttributeInfo type=boolean)
2023-01-04 17:44:53.740 DEBUG 3888 --- [           main] o.s.b.f.s.DefaultListableBeanFactory     : Returning cached instance of singleton bean 'org.springframework.boot.autoconfigure.condition.BeanTypeRegistry'
2023-01-04 17:44:53.740 DEBUG 3888 --- [kground-preinit] o.apache.tomcat.util.digester.Digester   :   Fire begin() for SetNextRule[methodName=addAttribute, paramType=org.apache.tomcat.util.modeler.AttributeInfo]
2023-01-04 17:44:53.740 DEBUG 3888 --- [kground-preinit] o.a.tomcat.util.digester.Digester.sax    : endElement(,,attribute)
2023-01-04 17:44:53.740 DEBUG 3888 --- [kground-preinit] o.apache.tomcat.util.digester.Digester   :   match='mbeans-descriptors/mbean/attribute'
2023-01-04 17:44:53.740 DEBUG 3888 --- [kground-preinit] o.apache.tomcat.util.digester.Digester   :   bodyText=''
2023-01-04 17:44:53.740 DEBUG 3888 --- [kground-preinit] o.apache.tomcat.util.digester.Digester   :   Fire body() for ObjectCreateRule[className=org.apache.tomcat.util.modeler.AttributeInfo, attributeName=null]
2023-01-04 17:44:53.740 DEBUG 3888 --- [kground-preinit] o.apache.tomcat.util.digester.Digester   :   Fire body() for SetPropertiesRule[]
2023-01-04 17:44:53.741 DEBUG 3888 --- [kground-preinit] o.apache.tomcat.util.digester.Digester   :   Fire body() for SetNextRule[methodName=addAttribute, paramType=org.apache.tomcat.util.modeler.AttributeInfo]
2023-01-04 17:44:53.741 DEBUG 3888 --- [           main] o.s.b.f.s.DefaultListableBeanFactory     : Returning cached instance of singleton bean 'autoConfigurationReport'
2023-01-04 17:44:53.741 DEBUG 3888 --- [kground-preinit] o.apache.tomcat.util.digester.Digester   :   Fire end() for SetNextRule[methodName=addAttribute, paramType=org.apache.tomcat.util.modeler.AttributeInfo]
2023-01-04 17:44:53.744 DEBUG 3888 --- [kground-preinit] o.apache.tomcat.util.digester.Digester   : [SetNextRule]{mbeans-descriptors/mbean/attribute} Call org.apache.tomcat.util.modeler.ManagedBean.addAttribute(org.apache.tomcat.util.modeler.AttributeInfo@672e48ca)
2023-01-04 17:44:53.744 DEBUG 3888 --- [           main] a.ConfigurationClassBeanDefinitionReader : Registering bean definition for @Bean method org.springframework.boot.autoconfigure.web.servlet.error.ErrorMvcAutoConfiguration$DefaultErrorViewResolverConfiguration.conventionErrorViewResolver()
2023-01-04 17:44:53.744 DEBUG 3888 --- [kground-preinit] o.apache.tomcat.util.IntrospectionUtils  : IntrospectionUtils: callMethod1 org.apache.tomcat.util.modeler.ManagedBean org.apache.tomcat.util.modeler.AttributeInfo org.apache.tomcat.util.modeler.AttributeInfo
2023-01-04 17:44:53.744 DEBUG 3888 --- [kground-preinit] o.apache.tomcat.util.digester.Digester   :   Fire end() for SetPropertiesRule[]
2023-01-04 17:44:53.744 DEBUG 3888 --- [kground-preinit] o.apache.tomcat.util.digester.Digester   :   Fire end() for ObjectCreateRule[className=org.apache.tomcat.util.modeler.AttributeInfo, attributeName=null]
2023-01-04 17:44:53.744 DEBUG 3888 --- [kground-preinit] o.apache.tomcat.util.digester.Digester   : [ObjectCreateRule]{mbeans-descriptors/mbean/attribute} Pop org.apache.tomcat.util.modeler.AttributeInfo
2023-01-04 17:44:53.744 DEBUG 3888 --- [kground-preinit] o.a.tomcat.util.digester.Digester.sax    : characters(

    )
2023-01-04 17:44:53.744 DEBUG 3888 --- [kground-preinit] o.a.tomcat.util.digester.Digester.sax    : startElement(,,attribute)
2023-01-04 17:44:53.744 DEBUG 3888 --- [kground-preinit] o.apache.tomcat.util.digester.Digester   :   New match='mbeans-descriptors/mbean/attribute'
2023-01-04 17:44:53.744 DEBUG 3888 --- [kground-preinit] o.apache.tomcat.util.digester.Digester   :   Fire begin() for ObjectCreateRule[className=org.apache.tomcat.util.modeler.AttributeInfo, attributeName=null]
2023-01-04 17:44:53.744 DEBUG 3888 --- [kground-preinit] o.apache.tomcat.util.digester.Digester   : [ObjectCreateRule]{mbeans-descriptors/mbean/attribute}New org.apache.tomcat.util.modeler.AttributeInfo
2023-01-04 17:44:53.744 DEBUG 3888 --- [kground-preinit] o.apache.tomcat.util.digester.Digester   :   Fire begin() for SetPropertiesRule[]
2023-01-04 17:44:53.744 DEBUG 3888 --- [kground-preinit] o.apache.tomcat.util.digester.Digester   : [SetPropertiesRule]{mbeans-descriptors/mbean/attribute} Set org.apache.tomcat.util.modeler.AttributeInfo properties
2023-01-04 17:44:53.745 DEBUG 3888 --- [kground-preinit] o.apache.tomcat.util.digester.Digester   : [SetPropertiesRule]{mbeans-descriptors/mbean/attribute} Setting property 'name' to 'unloadDelay'
2023-01-04 17:44:53.745 DEBUG 3888 --- [kground-preinit] o.apache.tomcat.util.IntrospectionUtils  : IntrospectionUtils: setProperty(class org.apache.tomcat.util.modeler.AttributeInfo name=unloadDelay)
2023-01-04 17:44:53.745 DEBUG 3888 --- [kground-preinit] o.apache.tomcat.util.digester.Digester   : [SetPropertiesRule]{mbeans-descriptors/mbean/attribute} Setting property 'description' to 'Amount of ms that the container will wait for servlets to unload'
2023-01-04 17:44:53.745 DEBUG 3888 --- [kground-preinit] o.apache.tomcat.util.IntrospectionUtils  : IntrospectionUtils: setProperty(class org.apache.tomcat.util.modeler.AttributeInfo description=Amount of ms that the container will wait for servlets to unload)
2023-01-04 17:44:53.745 DEBUG 3888 --- [kground-preinit] o.apache.tomcat.util.digester.Digester   : [SetPropertiesRule]{mbeans-descriptors/mbean/attribute} Setting property 'type' to 'long'
2023-01-04 17:44:53.745 DEBUG 3888 --- [kground-preinit] o.apache.tomcat.util.IntrospectionUtils  : IntrospectionUtils: setProperty(class org.apache.tomcat.util.modeler.AttributeInfo type=long)
2023-01-04 17:44:53.745 DEBUG 3888 --- [kground-preinit] o.apache.tomcat.util.digester.Digester   :   Fire begin() for SetNextRule[methodName=addAttribute, paramType=org.apache.tomcat.util.modeler.AttributeInfo]
2023-01-04 17:44:53.745 DEBUG 3888 --- [kground-preinit] o.a.tomcat.util.digester.Digester.sax    : endElement(,,attribute)
2023-01-04 17:44:53.745 DEBUG 3888 --- [kground-preinit] o.apache.tomcat.util.digester.Digester   :   match='mbeans-descriptors/mbean/attribute'
2023-01-04 17:44:53.745 DEBUG 3888 --- [kground-preinit] o.apache.tomcat.util.digester.Digester   :   bodyText=''
2023-01-04 17:44:53.745 DEBUG 3888 --- [kground-preinit] o.apache.tomcat.util.digester.Digester   :   Fire body() for ObjectCreateRule[className=org.apache.tomcat.util.modeler.AttributeInfo, attributeName=null]
2023-01-04 17:44:53.745 DEBUG 3888 --- [kground-preinit] o.apache.tomcat.util.digester.Digester   :   Fire body() for SetPropertiesRule[]
2023-01-04 17:44:53.745 DEBUG 3888 --- [kground-preinit] o.apache.tomcat.util.digester.Digester   :   Fire body() for SetNextRule[methodName=addAttribute, paramType=org.apache.tomcat.util.modeler.AttributeInfo]
2023-01-04 17:44:53.745 DEBUG 3888 --- [kground-preinit] o.apache.tomcat.util.digester.Digester   :   Fire end() for SetNextRule[methodName=addAttribute, paramType=org.apache.tomcat.util.modeler.AttributeInfo]
2023-01-04 17:44:53.746 DEBUG 3888 --- [kground-preinit] o.apache.tomcat.util.digester.Digester   : [SetNextRule]{mbeans-descriptors/mbean/attribute} Call org.apache.tomcat.util.modeler.ManagedBean.addAttribute(org.apache.tomcat.util.modeler.AttributeInfo@48ba7636)
2023-01-04 17:44:53.746 DEBUG 3888 --- [kground-preinit] o.apache.tomcat.util.IntrospectionUtils  : IntrospectionUtils: callMethod1 org.apache.tomcat.util.modeler.ManagedBean org.apache.tomcat.util.modeler.AttributeInfo org.apache.tomcat.util.modeler.AttributeInfo
2023-01-04 17:44:53.746 DEBUG 3888 --- [kground-preinit] o.apache.tomcat.util.digester.Digester   :   Fire end() for SetPropertiesRule[]
2023-01-04 17:44:53.746 DEBUG 3888 --- [kground-preinit] o.apache.tomcat.util.digester.Digester   :   Fire end() for ObjectCreateRule[className=org.apache.tomcat.util.modeler.AttributeInfo, attributeName=null]
2023-01-04 17:44:53.746 DEBUG 3888 --- [kground-preinit] o.apache.tomcat.util.digester.Digester   : [ObjectCreateRule]{mbeans-descriptors/mbean/attribute} Pop org.apache.tomcat.util.modeler.AttributeInfo
2023-01-04 17:44:53.746 DEBUG 3888 --- [kground-preinit] o.a.tomcat.util.digester.Digester.sax    : characters(

    )
2023-01-04 17:44:53.746 DEBUG 3888 --- [kground-preinit] o.a.tomcat.util.digester.Digester.sax    : startElement(,,attribute)
2023-01-04 17:44:53.746 DEBUG 3888 --- [kground-preinit] o.apache.tomcat.util.digester.Digester   :   New match='mbeans-descriptors/mbean/attribute'
2023-01-04 17:44:53.746 DEBUG 3888 --- [kground-preinit] o.apache.tomcat.util.digester.Digester   :   Fire begin() for ObjectCreateRule[className=org.apache.tomcat.util.modeler.AttributeInfo, attributeName=null]
2023-01-04 17:44:53.746 DEBUG 3888 --- [kground-preinit] o.apache.tomcat.util.digester.Digester   : [ObjectCreateRule]{mbeans-descriptors/mbean/attribute}New org.apache.tomcat.util.modeler.AttributeInfo
2023-01-04 17:44:53.746 DEBUG 3888 --- [kground-preinit] o.apache.tomcat.util.digester.Digester   :   Fire begin() for SetPropertiesRule[]
2023-01-04 17:44:53.746 DEBUG 3888 --- [kground-preinit] o.apache.tomcat.util.digester.Digester   : [SetPropertiesRule]{mbeans-descriptors/mbean/attribute} Set org.apache.tomcat.util.modeler.AttributeInfo properties
2023-01-04 17:44:53.746 DEBUG 3888 --- [           main] a.ConfigurationClassBeanDefinitionReader : Registered bean definition for imported class 'org.springframework.boot.autoconfigure.web.servlet.error.ErrorMvcAutoConfiguration'
2023-01-04 17:44:53.746 DEBUG 3888 --- [kground-preinit] o.apache.tomcat.util.digester.Digester   : [SetPropertiesRule]{mbeans-descriptors/mbean/attribute} Setting property 'name' to 'unpackWAR'
2023-01-04 17:44:53.747 DEBUG 3888 --- [kground-preinit] o.apache.tomcat.util.IntrospectionUtils  : IntrospectionUtils: setProperty(class org.apache.tomcat.util.modeler.AttributeInfo name=unpackWAR)
2023-01-04 17:44:53.747 DEBUG 3888 --- [           main] o.s.b.f.s.DefaultListableBeanFactory     : Returning cached instance of singleton bean 'org.springframework.boot.autoconfigure.condition.BeanTypeRegistry'
2023-01-04 17:44:53.747 DEBUG 3888 --- [kground-preinit] o.apache.tomcat.util.digester.Digester   : [SetPropertiesRule]{mbeans-descriptors/mbean/attribute} Setting property 'description' to 'Unpack WAR property'
2023-01-04 17:44:53.747 DEBUG 3888 --- [kground-preinit] o.apache.tomcat.util.IntrospectionUtils  : IntrospectionUtils: setProperty(class org.apache.tomcat.util.modeler.AttributeInfo description=Unpack WAR property)
2023-01-04 17:44:53.747 DEBUG 3888 --- [kground-preinit] o.apache.tomcat.util.digester.Digester   : [SetPropertiesRule]{mbeans-descriptors/mbean/attribute} Setting property 'type' to 'boolean'
2023-01-04 17:44:53.747 DEBUG 3888 --- [kground-preinit] o.apache.tomcat.util.IntrospectionUtils  : IntrospectionUtils: setProperty(class org.apache.tomcat.util.modeler.AttributeInfo type=boolean)
2023-01-04 17:44:53.747 DEBUG 3888 --- [kground-preinit] o.apache.tomcat.util.digester.Digester   :   Fire begin() for SetNextRule[methodName=addAttribute, paramType=org.apache.tomcat.util.modeler.AttributeInfo]
2023-01-04 17:44:53.747 DEBUG 3888 --- [kground-preinit] o.a.tomcat.util.digester.Digester.sax    : endElement(,,attribute)
2023-01-04 17:44:53.747 DEBUG 3888 --- [kground-preinit] o.apache.tomcat.util.digester.Digester   :   match='mbeans-descriptors/mbean/attribute'
2023-01-04 17:44:53.747 DEBUG 3888 --- [kground-preinit] o.apache.tomcat.util.digester.Digester   :   bodyText=''
2023-01-04 17:44:53.748 DEBUG 3888 --- [kground-preinit] o.apache.tomcat.util.digester.Digester   :   Fire body() for ObjectCreateRule[className=org.apache.tomcat.util.modeler.AttributeInfo, attributeName=null]
2023-01-04 17:44:53.748 DEBUG 3888 --- [kground-preinit] o.apache.tomcat.util.digester.Digester   :   Fire body() for SetPropertiesRule[]
2023-01-04 17:44:53.748 DEBUG 3888 --- [kground-preinit] o.apache.tomcat.util.digester.Digester   :   Fire body() for SetNextRule[methodName=addAttribute, paramType=org.apache.tomcat.util.modeler.AttributeInfo]
2023-01-04 17:44:53.748 DEBUG 3888 --- [kground-preinit] o.apache.tomcat.util.digester.Digester   :   Fire end() for SetNextRule[methodName=addAttribute, paramType=org.apache.tomcat.util.modeler.AttributeInfo]
2023-01-04 17:44:53.748 DEBUG 3888 --- [kground-preinit] o.apache.tomcat.util.digester.Digester   : [SetNextRule]{mbeans-descriptors/mbean/attribute} Call org.apache.tomcat.util.modeler.ManagedBean.addAttribute(org.apache.tomcat.util.modeler.AttributeInfo@2aa71604)
2023-01-04 17:44:53.748 DEBUG 3888 --- [kground-preinit] o.apache.tomcat.util.IntrospectionUtils  : IntrospectionUtils: callMethod1 org.apache.tomcat.util.modeler.ManagedBean org.apache.tomcat.util.modeler.AttributeInfo org.apache.tomcat.util.modeler.AttributeInfo
2023-01-04 17:44:53.748 DEBUG 3888 --- [kground-preinit] o.apache.tomcat.util.digester.Digester   :   Fire end() for SetPropertiesRule[]
2023-01-04 17:44:53.748 DEBUG 3888 --- [kground-preinit] o.apache.tomcat.util.digester.Digester   :   Fire end() for ObjectCreateRule[className=org.apache.tomcat.util.modeler.AttributeInfo, attributeName=null]
2023-01-04 17:44:53.749 DEBUG 3888 --- [kground-preinit] o.apache.tomcat.util.digester.Digester   : [ObjectCreateRule]{mbeans-descriptors/mbean/attribute} Pop org.apache.tomcat.util.modeler.AttributeInfo
2023-01-04 17:44:53.749 DEBUG 3888 --- [           main] o.s.b.f.s.DefaultListableBeanFactory     : Returning cached instance of singleton bean 'autoConfigurationReport'
2023-01-04 17:44:53.749 DEBUG 3888 --- [kground-preinit] o.a.tomcat.util.digester.Digester.sax    : characters(

    )
2023-01-04 17:44:53.749 DEBUG 3888 --- [kground-preinit] o.a.tomcat.util.digester.Digester.sax    : startElement(,,attribute)
2023-01-04 17:44:53.749 DEBUG 3888 --- [kground-preinit] o.apache.tomcat.util.digester.Digester   :   New match='mbeans-descriptors/mbean/attribute'
2023-01-04 17:44:53.749 DEBUG 3888 --- [kground-preinit] o.apache.tomcat.util.digester.Digester   :   Fire begin() for ObjectCreateRule[className=org.apache.tomcat.util.modeler.AttributeInfo, attributeName=null]
2023-01-04 17:44:53.749 DEBUG 3888 --- [kground-preinit] o.apache.tomcat.util.digester.Digester   : [ObjectCreateRule]{mbeans-descriptors/mbean/attribute}New org.apache.tomcat.util.modeler.AttributeInfo
2023-01-04 17:44:53.749 DEBUG 3888 --- [           main] a.ConfigurationClassBeanDefinitionReader : Registering bean definition for @Bean method org.springframework.boot.autoconfigure.web.servlet.error.ErrorMvcAutoConfiguration.errorAttributes()
2023-01-04 17:44:53.749 DEBUG 3888 --- [kground-preinit] o.apache.tomcat.util.digester.Digester   :   Fire begin() for SetPropertiesRule[]
2023-01-04 17:44:53.749 DEBUG 3888 --- [kground-preinit] o.apache.tomcat.util.digester.Digester   : [SetPropertiesRule]{mbeans-descriptors/mbean/attribute} Set org.apache.tomcat.util.modeler.AttributeInfo properties
2023-01-04 17:44:53.749 DEBUG 3888 --- [kground-preinit] o.apache.tomcat.util.digester.Digester   : [SetPropertiesRule]{mbeans-descriptors/mbean/attribute} Setting property 'name' to 'useHttpOnly'
2023-01-04 17:44:53.749 DEBUG 3888 --- [kground-preinit] o.apache.tomcat.util.IntrospectionUtils  : IntrospectionUtils: setProperty(class org.apache.tomcat.util.modeler.AttributeInfo name=useHttpOnly)
2023-01-04 17:44:53.749 DEBUG 3888 --- [kground-preinit] o.apache.tomcat.util.digester.Digester   : [SetPropertiesRule]{mbeans-descriptors/mbean/attribute} Setting property 'description' to 'Indicates that session cookies should use HttpOnly'
2023-01-04 17:44:53.749 DEBUG 3888 --- [kground-preinit] o.apache.tomcat.util.IntrospectionUtils  : IntrospectionUtils: setProperty(class org.apache.tomcat.util.modeler.AttributeInfo description=Indicates that session cookies should use HttpOnly)
2023-01-04 17:44:53.749 DEBUG 3888 --- [kground-preinit] o.apache.tomcat.util.digester.Digester   : [SetPropertiesRule]{mbeans-descriptors/mbean/attribute} Setting property 'type' to 'boolean'
2023-01-04 17:44:53.749 DEBUG 3888 --- [kground-preinit] o.apache.tomcat.util.IntrospectionUtils  : IntrospectionUtils: setProperty(class org.apache.tomcat.util.modeler.AttributeInfo type=boolean)
2023-01-04 17:44:53.750 DEBUG 3888 --- [kground-preinit] o.apache.tomcat.util.digester.Digester   :   Fire begin() for SetNextRule[methodName=addAttribute, paramType=org.apache.tomcat.util.modeler.AttributeInfo]
2023-01-04 17:44:53.750 DEBUG 3888 --- [kground-preinit] o.a.tomcat.util.digester.Digester.sax    : endElement(,,attribute)
2023-01-04 17:44:53.750 DEBUG 3888 --- [kground-preinit] o.apache.tomcat.util.digester.Digester   :   match='mbeans-descriptors/mbean/attribute'
2023-01-04 17:44:53.750 DEBUG 3888 --- [kground-preinit] o.apache.tomcat.util.digester.Digester   :   bodyText=''
2023-01-04 17:44:53.750 DEBUG 3888 --- [kground-preinit] o.apache.tomcat.util.digester.Digester   :   Fire body() for ObjectCreateRule[className=org.apache.tomcat.util.modeler.AttributeInfo, attributeName=null]
2023-01-04 17:44:53.750 DEBUG 3888 --- [kground-preinit] o.apache.tomcat.util.digester.Digester   :   Fire body() for SetPropertiesRule[]
2023-01-04 17:44:53.750 DEBUG 3888 --- [kground-preinit] o.apache.tomcat.util.digester.Digester   :   Fire body() for SetNextRule[methodName=addAttribute, paramType=org.apache.tomcat.util.modeler.AttributeInfo]
2023-01-04 17:44:53.750 DEBUG 3888 --- [kground-preinit] o.apache.tomcat.util.digester.Digester   :   Fire end() for SetNextRule[methodName=addAttribute, paramType=org.apache.tomcat.util.modeler.AttributeInfo]
2023-01-04 17:44:53.750 DEBUG 3888 --- [kground-preinit] o.apache.tomcat.util.digester.Digester   : [SetNextRule]{mbeans-descriptors/mbean/attribute} Call org.apache.tomcat.util.modeler.ManagedBean.addAttribute(org.apache.tomcat.util.modeler.AttributeInfo@7aadd704)
2023-01-04 17:44:53.750 DEBUG 3888 --- [kground-preinit] o.apache.tomcat.util.IntrospectionUtils  : IntrospectionUtils: callMethod1 org.apache.tomcat.util.modeler.ManagedBean org.apache.tomcat.util.modeler.AttributeInfo org.apache.tomcat.util.modeler.AttributeInfo
2023-01-04 17:44:53.750 DEBUG 3888 --- [kground-preinit] o.apache.tomcat.util.digester.Digester   :   Fire end() for SetPropertiesRule[]
2023-01-04 17:44:53.750 DEBUG 3888 --- [kground-preinit] o.apache.tomcat.util.digester.Digester   :   Fire end() for ObjectCreateRule[className=org.apache.tomcat.util.modeler.AttributeInfo, attributeName=null]
2023-01-04 17:44:53.750 DEBUG 3888 --- [kground-preinit] o.apache.tomcat.util.digester.Digester   : [ObjectCreateRule]{mbeans-descriptors/mbean/attribute} Pop org.apache.tomcat.util.modeler.AttributeInfo
2023-01-04 17:44:53.750 DEBUG 3888 --- [kground-preinit] o.a.tomcat.util.digester.Digester.sax    : characters(

    )
2023-01-04 17:44:53.751 DEBUG 3888 --- [kground-preinit] o.a.tomcat.util.digester.Digester.sax    : startElement(,,attribute)
2023-01-04 17:44:53.751 DEBUG 3888 --- [kground-preinit] o.apache.tomcat.util.digester.Digester   :   New match='mbeans-descriptors/mbean/attribute'
2023-01-04 17:44:53.751 DEBUG 3888 --- [kground-preinit] o.apache.tomcat.util.digester.Digester   :   Fire begin() for ObjectCreateRule[className=org.apache.tomcat.util.modeler.AttributeInfo, attributeName=null]
2023-01-04 17:44:53.751 DEBUG 3888 --- [kground-preinit] o.apache.tomcat.util.digester.Digester   : [ObjectCreateRule]{mbeans-descriptors/mbean/attribute}New org.apache.tomcat.util.modeler.AttributeInfo
2023-01-04 17:44:53.751 DEBUG 3888 --- [           main] o.s.b.f.s.DefaultListableBeanFactory     : Returning cached instance of singleton bean 'org.springframework.boot.autoconfigure.condition.BeanTypeRegistry'
2023-01-04 17:44:53.751 DEBUG 3888 --- [kground-preinit] o.apache.tomcat.util.digester.Digester   :   Fire begin() for SetPropertiesRule[]
2023-01-04 17:44:53.751 DEBUG 3888 --- [kground-preinit] o.apache.tomcat.util.digester.Digester   : [SetPropertiesRule]{mbeans-descriptors/mbean/attribute} Set org.apache.tomcat.util.modeler.AttributeInfo properties
2023-01-04 17:44:53.751 DEBUG 3888 --- [kground-preinit] o.apache.tomcat.util.digester.Digester   : [SetPropertiesRule]{mbeans-descriptors/mbean/attribute} Setting property 'name' to 'useNaming'
2023-01-04 17:44:53.751 DEBUG 3888 --- [kground-preinit] o.apache.tomcat.util.IntrospectionUtils  : IntrospectionUtils: setProperty(class org.apache.tomcat.util.modeler.AttributeInfo name=useNaming)
2023-01-04 17:44:53.751 DEBUG 3888 --- [kground-preinit] o.apache.tomcat.util.digester.Digester   : [SetPropertiesRule]{mbeans-descriptors/mbean/attribute} Setting property 'description' to 'Create a JNDI naming context for this application?'
2023-01-04 17:44:53.751 DEBUG 3888 --- [kground-preinit] o.apache.tomcat.util.IntrospectionUtils  : IntrospectionUtils: setProperty(class org.apache.tomcat.util.modeler.AttributeInfo description=Create a JNDI naming context for this application?)
2023-01-04 17:44:53.751 DEBUG 3888 --- [kground-preinit] o.apache.tomcat.util.digester.Digester   : [SetPropertiesRule]{mbeans-descriptors/mbean/attribute} Setting property 'is' to 'true'
2023-01-04 17:44:53.751 DEBUG 3888 --- [kground-preinit] o.apache.tomcat.util.IntrospectionUtils  : IntrospectionUtils: setProperty(class org.apache.tomcat.util.modeler.AttributeInfo is=true)
2023-01-04 17:44:53.751 DEBUG 3888 --- [kground-preinit] o.apache.tomcat.util.digester.Digester   : [SetPropertiesRule]{mbeans-descriptors/mbean/attribute} Setting property 'type' to 'boolean'
2023-01-04 17:44:53.751 DEBUG 3888 --- [kground-preinit] o.apache.tomcat.util.IntrospectionUtils  : IntrospectionUtils: setProperty(class org.apache.tomcat.util.modeler.AttributeInfo type=boolean)
2023-01-04 17:44:53.751 DEBUG 3888 --- [kground-preinit] o.apache.tomcat.util.digester.Digester   :   Fire begin() for SetNextRule[methodName=addAttribute, paramType=org.apache.tomcat.util.modeler.AttributeInfo]
2023-01-04 17:44:53.752 DEBUG 3888 --- [kground-preinit] o.a.tomcat.util.digester.Digester.sax    : endElement(,,attribute)
2023-01-04 17:44:53.752 DEBUG 3888 --- [kground-preinit] o.apache.tomcat.util.digester.Digester   :   match='mbeans-descriptors/mbean/attribute'
2023-01-04 17:44:53.752 DEBUG 3888 --- [kground-preinit] o.apache.tomcat.util.digester.Digester   :   bodyText=''
2023-01-04 17:44:53.752 DEBUG 3888 --- [kground-preinit] o.apache.tomcat.util.digester.Digester   :   Fire body() for ObjectCreateRule[className=org.apache.tomcat.util.modeler.AttributeInfo, attributeName=null]
2023-01-04 17:44:53.752 DEBUG 3888 --- [kground-preinit] o.apache.tomcat.util.digester.Digester   :   Fire body() for SetPropertiesRule[]
2023-01-04 17:44:53.752 DEBUG 3888 --- [kground-preinit] o.apache.tomcat.util.digester.Digester   :   Fire body() for SetNextRule[methodName=addAttribute, paramType=org.apache.tomcat.util.modeler.AttributeInfo]
2023-01-04 17:44:53.752 DEBUG 3888 --- [kground-preinit] o.apache.tomcat.util.digester.Digester   :   Fire end() for SetNextRule[methodName=addAttribute, paramType=org.apache.tomcat.util.modeler.AttributeInfo]
2023-01-04 17:44:53.752 DEBUG 3888 --- [           main] o.s.b.f.s.DefaultListableBeanFactory     : Returning cached instance of singleton bean 'autoConfigurationReport'
2023-01-04 17:44:53.752 DEBUG 3888 --- [kground-preinit] o.apache.tomcat.util.digester.Digester   : [SetNextRule]{mbeans-descriptors/mbean/attribute} Call org.apache.tomcat.util.modeler.ManagedBean.addAttribute(org.apache.tomcat.util.modeler.AttributeInfo@6f50b883)
2023-01-04 17:44:53.752 DEBUG 3888 --- [kground-preinit] o.apache.tomcat.util.IntrospectionUtils  : IntrospectionUtils: callMethod1 org.apache.tomcat.util.modeler.ManagedBean org.apache.tomcat.util.modeler.AttributeInfo org.apache.tomcat.util.modeler.AttributeInfo
2023-01-04 17:44:53.752 DEBUG 3888 --- [kground-preinit] o.apache.tomcat.util.digester.Digester   :   Fire end() for SetPropertiesRule[]
2023-01-04 17:44:53.752 DEBUG 3888 --- [kground-preinit] o.apache.tomcat.util.digester.Digester   :   Fire end() for ObjectCreateRule[className=org.apache.tomcat.util.modeler.AttributeInfo, attributeName=null]
2023-01-04 17:44:53.752 DEBUG 3888 --- [kground-preinit] o.apache.tomcat.util.digester.Digester   : [ObjectCreateRule]{mbeans-descriptors/mbean/attribute} Pop org.apache.tomcat.util.modeler.AttributeInfo
2023-01-04 17:44:53.752 DEBUG 3888 --- [kground-preinit] o.a.tomcat.util.digester.Digester.sax    : characters(

    )
2023-01-04 17:44:53.753 DEBUG 3888 --- [kground-preinit] o.a.tomcat.util.digester.Digester.sax    : startElement(,,attribute)
2023-01-04 17:44:53.753 DEBUG 3888 --- [kground-preinit] o.apache.tomcat.util.digester.Digester   :   New match='mbeans-descriptors/mbean/attribute'
2023-01-04 17:44:53.753 DEBUG 3888 --- [kground-preinit] o.apache.tomcat.util.digester.Digester   :   Fire begin() for ObjectCreateRule[className=org.apache.tomcat.util.modeler.AttributeInfo, attributeName=null]
2023-01-04 17:44:53.753 DEBUG 3888 --- [kground-preinit] o.apache.tomcat.util.digester.Digester   : [ObjectCreateRule]{mbeans-descriptors/mbean/attribute}New org.apache.tomcat.util.modeler.AttributeInfo
2023-01-04 17:44:53.753 DEBUG 3888 --- [kground-preinit] o.apache.tomcat.util.digester.Digester   :   Fire begin() for SetPropertiesRule[]
2023-01-04 17:44:53.753 DEBUG 3888 --- [           main] a.ConfigurationClassBeanDefinitionReader : Registering bean definition for @Bean method org.springframework.boot.autoconfigure.web.servlet.error.ErrorMvcAutoConfiguration.basicErrorController()
2023-01-04 17:44:53.753 DEBUG 3888 --- [kground-preinit] o.apache.tomcat.util.digester.Digester   : [SetPropertiesRule]{mbeans-descriptors/mbean/attribute} Set org.apache.tomcat.util.modeler.AttributeInfo properties
2023-01-04 17:44:53.753 DEBUG 3888 --- [kground-preinit] o.apache.tomcat.util.digester.Digester   : [SetPropertiesRule]{mbeans-descriptors/mbean/attribute} Setting property 'name' to 'useRelativeRedirects'
2023-01-04 17:44:53.753 DEBUG 3888 --- [           main] a.ConfigurationClassBeanDefinitionReader : Registering bean definition for @Bean method org.springframework.boot.autoconfigure.web.servlet.error.ErrorMvcAutoConfiguration.errorPageCustomizer()
2023-01-04 17:44:53.753 DEBUG 3888 --- [kground-preinit] o.apache.tomcat.util.IntrospectionUtils  : IntrospectionUtils: setProperty(class org.apache.tomcat.util.modeler.AttributeInfo name=useRelativeRedirects)
2023-01-04 17:44:53.753 DEBUG 3888 --- [kground-preinit] o.apache.tomcat.util.digester.Digester   : [SetPropertiesRule]{mbeans-descriptors/mbean/attribute} Setting property 'description' to 'When generating location headers for 302 responses, should a relative URI be used?'
2023-01-04 17:44:53.754 DEBUG 3888 --- [kground-preinit] o.apache.tomcat.util.IntrospectionUtils  : IntrospectionUtils: setProperty(class org.apache.tomcat.util.modeler.AttributeInfo description=When generating location headers for 302 responses, should a relative URI be used?)
2023-01-04 17:44:53.754 DEBUG 3888 --- [kground-preinit] o.apache.tomcat.util.digester.Digester   : [SetPropertiesRule]{mbeans-descriptors/mbean/attribute} Setting property 'type' to 'boolean'
2023-01-04 17:44:53.754 DEBUG 3888 --- [kground-preinit] o.apache.tomcat.util.IntrospectionUtils  : IntrospectionUtils: setProperty(class org.apache.tomcat.util.modeler.AttributeInfo type=boolean)
2023-01-04 17:44:53.754 DEBUG 3888 --- [kground-preinit] o.apache.tomcat.util.digester.Digester   :   Fire begin() for SetNextRule[methodName=addAttribute, paramType=org.apache.tomcat.util.modeler.AttributeInfo]
2023-01-04 17:44:53.754 DEBUG 3888 --- [kground-preinit] o.a.tomcat.util.digester.Digester.sax    : endElement(,,attribute)
2023-01-04 17:44:53.754 DEBUG 3888 --- [kground-preinit] o.apache.tomcat.util.digester.Digester   :   match='mbeans-descriptors/mbean/attribute'
2023-01-04 17:44:53.755 DEBUG 3888 --- [kground-preinit] o.apache.tomcat.util.digester.Digester   :   bodyText=''
2023-01-04 17:44:53.754 DEBUG 3888 --- [           main] a.ConfigurationClassBeanDefinitionReader : Registering bean definition for @Bean method org.springframework.boot.autoconfigure.web.servlet.error.ErrorMvcAutoConfiguration.preserveErrorControllerTargetClassPostProcessor()
2023-01-04 17:44:53.755 DEBUG 3888 --- [kground-preinit] o.apache.tomcat.util.digester.Digester   :   Fire body() for ObjectCreateRule[className=org.apache.tomcat.util.modeler.AttributeInfo, attributeName=null]
2023-01-04 17:44:53.755 DEBUG 3888 --- [kground-preinit] o.apache.tomcat.util.digester.Digester   :   Fire body() for SetPropertiesRule[]
2023-01-04 17:44:53.755 DEBUG 3888 --- [kground-preinit] o.apache.tomcat.util.digester.Digester   :   Fire body() for SetNextRule[methodName=addAttribute, paramType=org.apache.tomcat.util.modeler.AttributeInfo]
2023-01-04 17:44:53.755 DEBUG 3888 --- [kground-preinit] o.apache.tomcat.util.digester.Digester   :   Fire end() for SetNextRule[methodName=addAttribute, paramType=org.apache.tomcat.util.modeler.AttributeInfo]
2023-01-04 17:44:53.755 DEBUG 3888 --- [kground-preinit] o.apache.tomcat.util.digester.Digester   : [SetNextRule]{mbeans-descriptors/mbean/attribute} Call org.apache.tomcat.util.modeler.ManagedBean.addAttribute(org.apache.tomcat.util.modeler.AttributeInfo@74407899)
2023-01-04 17:44:53.755 DEBUG 3888 --- [kground-preinit] o.apache.tomcat.util.IntrospectionUtils  : IntrospectionUtils: callMethod1 org.apache.tomcat.util.modeler.ManagedBean org.apache.tomcat.util.modeler.AttributeInfo org.apache.tomcat.util.modeler.AttributeInfo
2023-01-04 17:44:53.755 DEBUG 3888 --- [kground-preinit] o.apache.tomcat.util.digester.Digester   :   Fire end() for SetPropertiesRule[]
2023-01-04 17:44:53.755 DEBUG 3888 --- [kground-preinit] o.apache.tomcat.util.digester.Digester   :   Fire end() for ObjectCreateRule[className=org.apache.tomcat.util.modeler.AttributeInfo, attributeName=null]
2023-01-04 17:44:53.755 DEBUG 3888 --- [kground-preinit] o.apache.tomcat.util.digester.Digester   : [ObjectCreateRule]{mbeans-descriptors/mbean/attribute} Pop org.apache.tomcat.util.modeler.AttributeInfo
2023-01-04 17:44:53.755 DEBUG 3888 --- [kground-preinit] o.a.tomcat.util.digester.Digester.sax    : characters(

    )
2023-01-04 17:44:53.756 DEBUG 3888 --- [kground-preinit] o.a.tomcat.util.digester.Digester.sax    : startElement(,,attribute)
2023-01-04 17:44:53.756 DEBUG 3888 --- [kground-preinit] o.apache.tomcat.util.digester.Digester   :   New match='mbeans-descriptors/mbean/attribute'
2023-01-04 17:44:53.756 DEBUG 3888 --- [kground-preinit] o.apache.tomcat.util.digester.Digester   :   Fire begin() for ObjectCreateRule[className=org.apache.tomcat.util.modeler.AttributeInfo, attributeName=null]
2023-01-04 17:44:53.756 DEBUG 3888 --- [kground-preinit] o.apache.tomcat.util.digester.Digester   : [ObjectCreateRule]{mbeans-descriptors/mbean/attribute}New org.apache.tomcat.util.modeler.AttributeInfo
2023-01-04 17:44:53.756 DEBUG 3888 --- [kground-preinit] o.apache.tomcat.util.digester.Digester   :   Fire begin() for SetPropertiesRule[]
2023-01-04 17:44:53.756 DEBUG 3888 --- [kground-preinit] o.apache.tomcat.util.digester.Digester   : [SetPropertiesRule]{mbeans-descriptors/mbean/attribute} Set org.apache.tomcat.util.modeler.AttributeInfo properties
2023-01-04 17:44:53.756 DEBUG 3888 --- [kground-preinit] o.apache.tomcat.util.digester.Digester   : [SetPropertiesRule]{mbeans-descriptors/mbean/attribute} Setting property 'name' to 'webappVersion'
2023-01-04 17:44:53.756 DEBUG 3888 --- [kground-preinit] o.apache.tomcat.util.IntrospectionUtils  : IntrospectionUtils: setProperty(class org.apache.tomcat.util.modeler.AttributeInfo name=webappVersion)
2023-01-04 17:44:53.756 DEBUG 3888 --- [kground-preinit] o.apache.tomcat.util.digester.Digester   : [SetPropertiesRule]{mbeans-descriptors/mbean/attribute} Setting property 'description' to 'The version of this web application - used in parallel deployment to differentiate different versions of the same web application'
2023-01-04 17:44:53.756 DEBUG 3888 --- [kground-preinit] o.apache.tomcat.util.IntrospectionUtils  : IntrospectionUtils: setProperty(class org.apache.tomcat.util.modeler.AttributeInfo description=The version of this web application - used in parallel deployment to differentiate different versions of the same web application)
2023-01-04 17:44:53.756 DEBUG 3888 --- [kground-preinit] o.apache.tomcat.util.digester.Digester   : [SetPropertiesRule]{mbeans-descriptors/mbean/attribute} Setting property 'type' to 'java.lang.String'
2023-01-04 17:44:53.756 DEBUG 3888 --- [kground-preinit] o.apache.tomcat.util.IntrospectionUtils  : IntrospectionUtils: setProperty(class org.apache.tomcat.util.modeler.AttributeInfo type=java.lang.String)
2023-01-04 17:44:53.756 DEBUG 3888 --- [kground-preinit] o.apache.tomcat.util.digester.Digester   : [SetPropertiesRule]{mbeans-descriptors/mbean/attribute} Setting property 'writeable' to 'false'
2023-01-04 17:44:53.757 DEBUG 3888 --- [kground-preinit] o.apache.tomcat.util.IntrospectionUtils  : IntrospectionUtils: setProperty(class org.apache.tomcat.util.modeler.AttributeInfo writeable=false)
2023-01-04 17:44:53.757 DEBUG 3888 --- [kground-preinit] o.apache.tomcat.util.digester.Digester   :   Fire begin() for SetNextRule[methodName=addAttribute, paramType=org.apache.tomcat.util.modeler.AttributeInfo]
2023-01-04 17:44:53.757 DEBUG 3888 --- [kground-preinit] o.a.tomcat.util.digester.Digester.sax    : endElement(,,attribute)
2023-01-04 17:44:53.757 DEBUG 3888 --- [kground-preinit] o.apache.tomcat.util.digester.Digester   :   match='mbeans-descriptors/mbean/attribute'
2023-01-04 17:44:53.757 DEBUG 3888 --- [kground-preinit] o.apache.tomcat.util.digester.Digester   :   bodyText=''
2023-01-04 17:44:53.757 DEBUG 3888 --- [kground-preinit] o.apache.tomcat.util.digester.Digester   :   Fire body() for ObjectCreateRule[className=org.apache.tomcat.util.modeler.AttributeInfo, attributeName=null]
2023-01-04 17:44:53.757 DEBUG 3888 --- [kground-preinit] o.apache.tomcat.util.digester.Digester   :   Fire body() for SetPropertiesRule[]
2023-01-04 17:44:53.757 DEBUG 3888 --- [kground-preinit] o.apache.tomcat.util.digester.Digester   :   Fire body() for SetNextRule[methodName=addAttribute, paramType=org.apache.tomcat.util.modeler.AttributeInfo]
2023-01-04 17:44:53.757 DEBUG 3888 --- [kground-preinit] o.apache.tomcat.util.digester.Digester   :   Fire end() for SetNextRule[methodName=addAttribute, paramType=org.apache.tomcat.util.modeler.AttributeInfo]
2023-01-04 17:44:53.757 DEBUG 3888 --- [kground-preinit] o.apache.tomcat.util.digester.Digester   : [SetNextRule]{mbeans-descriptors/mbean/attribute} Call org.apache.tomcat.util.modeler.ManagedBean.addAttribute(org.apache.tomcat.util.modeler.AttributeInfo@66455723)
2023-01-04 17:44:53.757 DEBUG 3888 --- [kground-preinit] o.apache.tomcat.util.IntrospectionUtils  : IntrospectionUtils: callMethod1 org.apache.tomcat.util.modeler.ManagedBean org.apache.tomcat.util.modeler.AttributeInfo org.apache.tomcat.util.modeler.AttributeInfo
2023-01-04 17:44:53.757 DEBUG 3888 --- [kground-preinit] o.apache.tomcat.util.digester.Digester   :   Fire end() for SetPropertiesRule[]
2023-01-04 17:44:53.757 DEBUG 3888 --- [kground-preinit] o.apache.tomcat.util.digester.Digester   :   Fire end() for ObjectCreateRule[className=org.apache.tomcat.util.modeler.AttributeInfo, attributeName=null]
2023-01-04 17:44:53.757 DEBUG 3888 --- [kground-preinit] o.apache.tomcat.util.digester.Digester   : [ObjectCreateRule]{mbeans-descriptors/mbean/attribute} Pop org.apache.tomcat.util.modeler.AttributeInfo
2023-01-04 17:44:53.757 DEBUG 3888 --- [kground-preinit] o.a.tomcat.util.digester.Digester.sax    : characters(

    )
2023-01-04 17:44:53.758 DEBUG 3888 --- [kground-preinit] o.a.tomcat.util.digester.Digester.sax    : startElement(,,attribute)
2023-01-04 17:44:53.758 DEBUG 3888 --- [kground-preinit] o.apache.tomcat.util.digester.Digester   :   New match='mbeans-descriptors/mbean/attribute'
2023-01-04 17:44:53.758 DEBUG 3888 --- [kground-preinit] o.apache.tomcat.util.digester.Digester   :   Fire begin() for ObjectCreateRule[className=org.apache.tomcat.util.modeler.AttributeInfo, attributeName=null]
2023-01-04 17:44:53.758 DEBUG 3888 --- [kground-preinit] o.apache.tomcat.util.digester.Digester   : [ObjectCreateRule]{mbeans-descriptors/mbean/attribute}New org.apache.tomcat.util.modeler.AttributeInfo
2023-01-04 17:44:53.758 DEBUG 3888 --- [kground-preinit] o.apache.tomcat.util.digester.Digester   :   Fire begin() for SetPropertiesRule[]
2023-01-04 17:44:53.758 DEBUG 3888 --- [kground-preinit] o.apache.tomcat.util.digester.Digester   : [SetPropertiesRule]{mbeans-descriptors/mbean/attribute} Set org.apache.tomcat.util.modeler.AttributeInfo properties
2023-01-04 17:44:53.758 DEBUG 3888 --- [kground-preinit] o.apache.tomcat.util.digester.Digester   : [SetPropertiesRule]{mbeans-descriptors/mbean/attribute} Setting property 'name' to 'welcomeFiles'
2023-01-04 17:44:53.758 DEBUG 3888 --- [kground-preinit] o.apache.tomcat.util.IntrospectionUtils  : IntrospectionUtils: setProperty(class org.apache.tomcat.util.modeler.AttributeInfo name=welcomeFiles)
2023-01-04 17:44:53.758 DEBUG 3888 --- [kground-preinit] o.apache.tomcat.util.digester.Digester   : [SetPropertiesRule]{mbeans-descriptors/mbean/attribute} Setting property 'description' to 'The welcome files for this context'
2023-01-04 17:44:53.758 DEBUG 3888 --- [kground-preinit] o.apache.tomcat.util.IntrospectionUtils  : IntrospectionUtils: setProperty(class org.apache.tomcat.util.modeler.AttributeInfo description=The welcome files for this context)
2023-01-04 17:44:53.758 DEBUG 3888 --- [kground-preinit] o.apache.tomcat.util.digester.Digester   : [SetPropertiesRule]{mbeans-descriptors/mbean/attribute} Setting property 'type' to '[Ljava.lang.String;'
2023-01-04 17:44:53.758 DEBUG 3888 --- [kground-preinit] o.apache.tomcat.util.IntrospectionUtils  : IntrospectionUtils: setProperty(class org.apache.tomcat.util.modeler.AttributeInfo type=[Ljava.lang.String;)
2023-01-04 17:44:53.758 DEBUG 3888 --- [kground-preinit] o.apache.tomcat.util.digester.Digester   : [SetPropertiesRule]{mbeans-descriptors/mbean/attribute} Setting property 'writeable' to 'false'
2023-01-04 17:44:53.758 DEBUG 3888 --- [kground-preinit] o.apache.tomcat.util.IntrospectionUtils  : IntrospectionUtils: setProperty(class org.apache.tomcat.util.modeler.AttributeInfo writeable=false)
2023-01-04 17:44:53.759 DEBUG 3888 --- [kground-preinit] o.apache.tomcat.util.digester.Digester   :   Fire begin() for SetNextRule[methodName=addAttribute, paramType=org.apache.tomcat.util.modeler.AttributeInfo]
2023-01-04 17:44:53.759 DEBUG 3888 --- [kground-preinit] o.a.tomcat.util.digester.Digester.sax    : endElement(,,attribute)
2023-01-04 17:44:53.759 DEBUG 3888 --- [kground-preinit] o.apache.tomcat.util.digester.Digester   :   match='mbeans-descriptors/mbean/attribute'
2023-01-04 17:44:53.759 DEBUG 3888 --- [kground-preinit] o.apache.tomcat.util.digester.Digester   :   bodyText=''
2023-01-04 17:44:53.759 DEBUG 3888 --- [kground-preinit] o.apache.tomcat.util.digester.Digester   :   Fire body() for ObjectCreateRule[className=org.apache.tomcat.util.modeler.AttributeInfo, attributeName=null]
2023-01-04 17:44:53.759 DEBUG 3888 --- [kground-preinit] o.apache.tomcat.util.digester.Digester   :   Fire body() for SetPropertiesRule[]
2023-01-04 17:44:53.759 DEBUG 3888 --- [kground-preinit] o.apache.tomcat.util.digester.Digester   :   Fire body() for SetNextRule[methodName=addAttribute, paramType=org.apache.tomcat.util.modeler.AttributeInfo]
2023-01-04 17:44:53.759 DEBUG 3888 --- [kground-preinit] o.apache.tomcat.util.digester.Digester   :   Fire end() for SetNextRule[methodName=addAttribute, paramType=org.apache.tomcat.util.modeler.AttributeInfo]
2023-01-04 17:44:53.759 DEBUG 3888 --- [kground-preinit] o.apache.tomcat.util.digester.Digester   : [SetNextRule]{mbeans-descriptors/mbean/attribute} Call org.apache.tomcat.util.modeler.ManagedBean.addAttribute(org.apache.tomcat.util.modeler.AttributeInfo@72c4b918)
2023-01-04 17:44:53.759 DEBUG 3888 --- [kground-preinit] o.apache.tomcat.util.IntrospectionUtils  : IntrospectionUtils: callMethod1 org.apache.tomcat.util.modeler.ManagedBean org.apache.tomcat.util.modeler.AttributeInfo org.apache.tomcat.util.modeler.AttributeInfo
2023-01-04 17:44:53.759 DEBUG 3888 --- [kground-preinit] o.apache.tomcat.util.digester.Digester   :   Fire end() for SetPropertiesRule[]
2023-01-04 17:44:53.759 DEBUG 3888 --- [kground-preinit] o.apache.tomcat.util.digester.Digester   :   Fire end() for ObjectCreateRule[className=org.apache.tomcat.util.modeler.AttributeInfo, attributeName=null]
2023-01-04 17:44:53.760 DEBUG 3888 --- [kground-preinit] o.apache.tomcat.util.digester.Digester   : [ObjectCreateRule]{mbeans-descriptors/mbean/attribute} Pop org.apache.tomcat.util.modeler.AttributeInfo
2023-01-04 17:44:53.760 DEBUG 3888 --- [kground-preinit] o.a.tomcat.util.digester.Digester.sax    : characters(

    )
2023-01-04 17:44:53.760 DEBUG 3888 --- [kground-preinit] o.a.tomcat.util.digester.Digester.sax    : startElement(,,attribute)
2023-01-04 17:44:53.760 DEBUG 3888 --- [kground-preinit] o.apache.tomcat.util.digester.Digester   :   New match='mbeans-descriptors/mbean/attribute'
2023-01-04 17:44:53.760 DEBUG 3888 --- [kground-preinit] o.apache.tomcat.util.digester.Digester   :   Fire begin() for ObjectCreateRule[className=org.apache.tomcat.util.modeler.AttributeInfo, attributeName=null]
2023-01-04 17:44:53.760 DEBUG 3888 --- [kground-preinit] o.apache.tomcat.util.digester.Digester   : [ObjectCreateRule]{mbeans-descriptors/mbean/attribute}New org.apache.tomcat.util.modeler.AttributeInfo
2023-01-04 17:44:53.760 DEBUG 3888 --- [kground-preinit] o.apache.tomcat.util.digester.Digester   :   Fire begin() for SetPropertiesRule[]
2023-01-04 17:44:53.760 DEBUG 3888 --- [kground-preinit] o.apache.tomcat.util.digester.Digester   : [SetPropertiesRule]{mbeans-descriptors/mbean/attribute} Set org.apache.tomcat.util.modeler.AttributeInfo properties
2023-01-04 17:44:53.760 DEBUG 3888 --- [kground-preinit] o.apache.tomcat.util.digester.Digester   : [SetPropertiesRule]{mbeans-descriptors/mbean/attribute} Setting property 'name' to 'workDir'
2023-01-04 17:44:53.760 DEBUG 3888 --- [kground-preinit] o.apache.tomcat.util.IntrospectionUtils  : IntrospectionUtils: setProperty(class org.apache.tomcat.util.modeler.AttributeInfo name=workDir)
2023-01-04 17:44:53.760 DEBUG 3888 --- [           main] o.s.b.f.s.DefaultListableBeanFactory     : Returning cached instance of singleton bean 'autoConfigurationReport'
2023-01-04 17:44:53.760 DEBUG 3888 --- [kground-preinit] o.apache.tomcat.util.digester.Digester   : [SetPropertiesRule]{mbeans-descriptors/mbean/attribute} Setting property 'description' to 'The pathname to the work directory for this context'
2023-01-04 17:44:53.760 DEBUG 3888 --- [kground-preinit] o.apache.tomcat.util.IntrospectionUtils  : IntrospectionUtils: setProperty(class org.apache.tomcat.util.modeler.AttributeInfo description=The pathname to the work directory for this context)
2023-01-04 17:44:53.760 DEBUG 3888 --- [kground-preinit] o.apache.tomcat.util.digester.Digester   : [SetPropertiesRule]{mbeans-descriptors/mbean/attribute} Setting property 'type' to 'java.lang.String'
2023-01-04 17:44:53.761 DEBUG 3888 --- [kground-preinit] o.apache.tomcat.util.IntrospectionUtils  : IntrospectionUtils: setProperty(class org.apache.tomcat.util.modeler.AttributeInfo type=java.lang.String)
2023-01-04 17:44:53.761 DEBUG 3888 --- [kground-preinit] o.apache.tomcat.util.digester.Digester   :   Fire begin() for SetNextRule[methodName=addAttribute, paramType=org.apache.tomcat.util.modeler.AttributeInfo]
2023-01-04 17:44:53.761 DEBUG 3888 --- [kground-preinit] o.a.tomcat.util.digester.Digester.sax    : endElement(,,attribute)
2023-01-04 17:44:53.761 DEBUG 3888 --- [kground-preinit] o.apache.tomcat.util.digester.Digester   :   match='mbeans-descriptors/mbean/attribute'
2023-01-04 17:44:53.761 DEBUG 3888 --- [kground-preinit] o.apache.tomcat.util.digester.Digester   :   bodyText=''
2023-01-04 17:44:53.761 DEBUG 3888 --- [kground-preinit] o.apache.tomcat.util.digester.Digester   :   Fire body() for ObjectCreateRule[className=org.apache.tomcat.util.modeler.AttributeInfo, attributeName=null]
2023-01-04 17:44:53.761 DEBUG 3888 --- [kground-preinit] o.apache.tomcat.util.digester.Digester   :   Fire body() for SetPropertiesRule[]
2023-01-04 17:44:53.761 DEBUG 3888 --- [           main] o.s.b.f.s.DefaultListableBeanFactory     : Returning cached instance of singleton bean 'autoConfigurationReport'
2023-01-04 17:44:53.761 DEBUG 3888 --- [           main] o.s.b.f.s.DefaultListableBeanFactory     : Returning cached instance of singleton bean 'org.springframework.boot.autoconfigure.condition.BeanTypeRegistry'
2023-01-04 17:44:53.762 DEBUG 3888 --- [           main] o.s.b.f.s.DefaultListableBeanFactory     : Returning cached instance of singleton bean 'autoConfigurationReport'
2023-01-04 17:44:53.762 DEBUG 3888 --- [           main] o.s.b.f.s.DefaultListableBeanFactory     : Returning cached instance of singleton bean 'autoConfigurationReport'
2023-01-04 17:44:53.762 DEBUG 3888 --- [           main] a.ConfigurationClassBeanDefinitionReader : Registered bean definition for imported class 'org.springframework.boot.autoconfigure.web.servlet.WebMvcAutoConfiguration$WebMvcAutoConfigurationAdapter$FaviconConfiguration'
2023-01-04 17:44:53.762 DEBUG 3888 --- [           main] a.ConfigurationClassBeanDefinitionReader : Registering bean definition for @Bean method org.springframework.boot.autoconfigure.web.servlet.WebMvcAutoConfiguration$WebMvcAutoConfigurationAdapter$FaviconConfiguration.faviconHandlerMapping()
2023-01-04 17:44:53.762 DEBUG 3888 --- [           main] a.ConfigurationClassBeanDefinitionReader : Registering bean definition for @Bean method org.springframework.boot.autoconfigure.web.servlet.WebMvcAutoConfiguration$WebMvcAutoConfigurationAdapter$FaviconConfiguration.faviconRequestHandler()
2023-01-04 17:44:53.763 DEBUG 3888 --- [           main] a.ConfigurationClassBeanDefinitionReader : Registered bean definition for imported class 'org.springframework.boot.autoconfigure.web.servlet.WebMvcAutoConfiguration$EnableWebMvcConfiguration'
2023-01-04 17:44:53.763 DEBUG 3888 --- [           main] a.ConfigurationClassBeanDefinitionReader : Registering bean definition for @Bean method org.springframework.boot.autoconfigure.web.servlet.WebMvcAutoConfiguration$EnableWebMvcConfiguration.requestMappingHandlerAdapter()
2023-01-04 17:44:53.763 DEBUG 3888 --- [           main] a.ConfigurationClassBeanDefinitionReader : Registering bean definition for @Bean method org.springframework.boot.autoconfigure.web.servlet.WebMvcAutoConfiguration$EnableWebMvcConfiguration.requestMappingHandlerMapping()
2023-01-04 17:44:53.763 DEBUG 3888 --- [           main] a.ConfigurationClassBeanDefinitionReader : Registering bean definition for @Bean method org.springframework.boot.autoconfigure.web.servlet.WebMvcAutoConfiguration$EnableWebMvcConfiguration.mvcConversionService()
2023-01-04 17:44:53.763 DEBUG 3888 --- [           main] a.ConfigurationClassBeanDefinitionReader : Registering bean definition for @Bean method org.springframework.boot.autoconfigure.web.servlet.WebMvcAutoConfiguration$EnableWebMvcConfiguration.mvcValidator()
2023-01-04 17:44:53.763 DEBUG 3888 --- [           main] a.ConfigurationClassBeanDefinitionReader : Registering bean definition for @Bean method org.springframework.boot.autoconfigure.web.servlet.WebMvcAutoConfiguration$EnableWebMvcConfiguration.mvcContentNegotiationManager()
2023-01-04 17:44:53.763 DEBUG 3888 --- [           main] a.ConfigurationClassBeanDefinitionReader : Registering bean definition for @Bean method org.springframework.boot.autoconfigure.web.servlet.WebMvcAutoConfiguration$EnableWebMvcConfiguration.mvcPathMatcher()
2023-01-04 17:44:53.763 DEBUG 3888 --- [           main] a.ConfigurationClassBeanDefinitionReader : Registering bean definition for @Bean method org.springframework.boot.autoconfigure.web.servlet.WebMvcAutoConfiguration$EnableWebMvcConfiguration.mvcUrlPathHelper()
2023-01-04 17:44:53.764 DEBUG 3888 --- [           main] a.ConfigurationClassBeanDefinitionReader : Registering bean definition for @Bean method org.springframework.boot.autoconfigure.web.servlet.WebMvcAutoConfiguration$EnableWebMvcConfiguration.viewControllerHandlerMapping()
2023-01-04 17:44:53.764 DEBUG 3888 --- [           main] a.ConfigurationClassBeanDefinitionReader : Registering bean definition for @Bean method org.springframework.boot.autoconfigure.web.servlet.WebMvcAutoConfiguration$EnableWebMvcConfiguration.beanNameHandlerMapping()
2023-01-04 17:44:53.761 DEBUG 3888 --- [kground-preinit] o.apache.tomcat.util.digester.Digester   :   Fire body() for SetNextRule[methodName=addAttribute, paramType=org.apache.tomcat.util.modeler.AttributeInfo]
2023-01-04 17:44:53.764 DEBUG 3888 --- [           main] a.ConfigurationClassBeanDefinitionReader : Registering bean definition for @Bean method org.springframework.boot.autoconfigure.web.servlet.WebMvcAutoConfiguration$EnableWebMvcConfiguration.resourceHandlerMapping()
2023-01-04 17:44:53.764 DEBUG 3888 --- [           main] a.ConfigurationClassBeanDefinitionReader : Registering bean definition for @Bean method org.springframework.boot.autoconfigure.web.servlet.WebMvcAutoConfiguration$EnableWebMvcConfiguration.mvcResourceUrlProvider()
2023-01-04 17:44:53.764 DEBUG 3888 --- [kground-preinit] o.apache.tomcat.util.digester.Digester   :   Fire end() for SetNextRule[methodName=addAttribute, paramType=org.apache.tomcat.util.modeler.AttributeInfo]
2023-01-04 17:44:53.764 DEBUG 3888 --- [           main] a.ConfigurationClassBeanDefinitionReader : Registering bean definition for @Bean method org.springframework.boot.autoconfigure.web.servlet.WebMvcAutoConfiguration$EnableWebMvcConfiguration.defaultServletHandlerMapping()
2023-01-04 17:44:53.765 DEBUG 3888 --- [           main] a.ConfigurationClassBeanDefinitionReader : Registering bean definition for @Bean method org.springframework.boot.autoconfigure.web.servlet.WebMvcAutoConfiguration$EnableWebMvcConfiguration.mvcUriComponentsContributor()
2023-01-04 17:44:53.765 DEBUG 3888 --- [kground-preinit] o.apache.tomcat.util.digester.Digester   : [SetNextRule]{mbeans-descriptors/mbean/attribute} Call org.apache.tomcat.util.modeler.ManagedBean.addAttribute(org.apache.tomcat.util.modeler.AttributeInfo@18ba9363)
2023-01-04 17:44:53.765 DEBUG 3888 --- [           main] a.ConfigurationClassBeanDefinitionReader : Registering bean definition for @Bean method org.springframework.boot.autoconfigure.web.servlet.WebMvcAutoConfiguration$EnableWebMvcConfiguration.httpRequestHandlerAdapter()
2023-01-04 17:44:53.765 DEBUG 3888 --- [           main] a.ConfigurationClassBeanDefinitionReader : Registering bean definition for @Bean method org.springframework.boot.autoconfigure.web.servlet.WebMvcAutoConfiguration$EnableWebMvcConfiguration.simpleControllerHandlerAdapter()
2023-01-04 17:44:53.765 DEBUG 3888 --- [           main] a.ConfigurationClassBeanDefinitionReader : Registering bean definition for @Bean method org.springframework.boot.autoconfigure.web.servlet.WebMvcAutoConfiguration$EnableWebMvcConfiguration.handlerExceptionResolver()
2023-01-04 17:44:53.765 DEBUG 3888 --- [           main] a.ConfigurationClassBeanDefinitionReader : Registering bean definition for @Bean method org.springframework.boot.autoconfigure.web.servlet.WebMvcAutoConfiguration$EnableWebMvcConfiguration.mvcViewResolver()
2023-01-04 17:44:53.765 DEBUG 3888 --- [kground-preinit] o.apache.tomcat.util.IntrospectionUtils  : IntrospectionUtils: callMethod1 org.apache.tomcat.util.modeler.ManagedBean org.apache.tomcat.util.modeler.AttributeInfo org.apache.tomcat.util.modeler.AttributeInfo
2023-01-04 17:44:53.765 DEBUG 3888 --- [           main] a.ConfigurationClassBeanDefinitionReader : Registering bean definition for @Bean method org.springframework.boot.autoconfigure.web.servlet.WebMvcAutoConfiguration$EnableWebMvcConfiguration.mvcHandlerMappingIntrospector()
2023-01-04 17:44:53.766 DEBUG 3888 --- [           main] a.ConfigurationClassBeanDefinitionReader : Registered bean definition for imported class 'org.springframework.boot.autoconfigure.web.servlet.WebMvcAutoConfiguration$WebMvcAutoConfigurationAdapter'
2023-01-04 17:44:53.766 DEBUG 3888 --- [kground-preinit] o.apache.tomcat.util.digester.Digester   :   Fire end() for SetPropertiesRule[]
2023-01-04 17:44:53.766 DEBUG 3888 --- [           main] o.s.b.f.s.DefaultListableBeanFactory     : Returning cached instance of singleton bean 'org.springframework.boot.autoconfigure.condition.BeanTypeRegistry'
2023-01-04 17:44:53.766 DEBUG 3888 --- [kground-preinit] o.apache.tomcat.util.digester.Digester   :   Fire end() for ObjectCreateRule[className=org.apache.tomcat.util.modeler.AttributeInfo, attributeName=null]
2023-01-04 17:44:53.766 DEBUG 3888 --- [kground-preinit] o.apache.tomcat.util.digester.Digester   : [ObjectCreateRule]{mbeans-descriptors/mbean/attribute} Pop org.apache.tomcat.util.modeler.AttributeInfo
2023-01-04 17:44:53.767 DEBUG 3888 --- [kground-preinit] o.a.tomcat.util.digester.Digester.sax    : characters(

    )
2023-01-04 17:44:53.768 DEBUG 3888 --- [           main] o.s.b.f.s.DefaultListableBeanFactory     : Returning cached instance of singleton bean 'autoConfigurationReport'
2023-01-04 17:44:53.768 DEBUG 3888 --- [           main] a.ConfigurationClassBeanDefinitionReader : Registering bean definition for @Bean method org.springframework.boot.autoconfigure.web.servlet.WebMvcAutoConfiguration$WebMvcAutoConfigurationAdapter.defaultViewResolver()
2023-01-04 17:44:53.769 DEBUG 3888 --- [           main] o.s.b.f.s.DefaultListableBeanFactory     : Returning cached instance of singleton bean 'org.springframework.boot.autoconfigure.condition.BeanTypeRegistry'
2023-01-04 17:44:53.769 DEBUG 3888 --- [kground-preinit] o.a.tomcat.util.digester.Digester.sax    : startElement(,,attribute)
2023-01-04 17:44:53.769 DEBUG 3888 --- [kground-preinit] o.apache.tomcat.util.digester.Digester   :   New match='mbeans-descriptors/mbean/attribute'
2023-01-04 17:44:53.769 DEBUG 3888 --- [           main] o.s.b.f.s.DefaultListableBeanFactory     : Returning cached instance of singleton bean 'org.springframework.boot.autoconfigure.condition.BeanTypeRegistry'
2023-01-04 17:44:53.769 DEBUG 3888 --- [           main] o.s.b.f.s.DefaultListableBeanFactory     : Returning cached instance of singleton bean 'autoConfigurationReport'
2023-01-04 17:44:53.772 DEBUG 3888 --- [           main] o.s.b.f.s.DefaultListableBeanFactory     : Returning cached instance of singleton bean 'org.springframework.boot.autoconfigure.condition.BeanTypeRegistry'
2023-01-04 17:44:53.772 DEBUG 3888 --- [           main] o.s.b.f.s.DefaultListableBeanFactory     : Returning cached instance of singleton bean 'org.springframework.boot.autoconfigure.condition.BeanTypeRegistry'
2023-01-04 17:44:53.772 DEBUG 3888 --- [           main] o.s.b.f.s.DefaultListableBeanFactory     : Returning cached instance of singleton bean 'autoConfigurationReport'
2023-01-04 17:44:53.772 DEBUG 3888 --- [           main] o.s.b.f.s.DefaultListableBeanFactory     : Returning cached instance of singleton bean 'org.springframework.boot.autoconfigure.condition.BeanTypeRegistry'
2023-01-04 17:44:53.773 DEBUG 3888 --- [           main] o.s.b.f.s.DefaultListableBeanFactory     : Returning cached instance of singleton bean 'org.springframework.boot.autoconfigure.condition.BeanTypeRegistry'
2023-01-04 17:44:53.773 DEBUG 3888 --- [kground-preinit] o.apache.tomcat.util.digester.Digester   :   Fire begin() for ObjectCreateRule[className=org.apache.tomcat.util.modeler.AttributeInfo, attributeName=null]
2023-01-04 17:44:53.773 DEBUG 3888 --- [           main] o.s.b.f.s.DefaultListableBeanFactory     : Returning cached instance of singleton bean 'autoConfigurationReport'
2023-01-04 17:44:53.773 DEBUG 3888 --- [           main] a.ConfigurationClassBeanDefinitionReader : Registering bean definition for @Bean method org.springframework.boot.autoconfigure.web.servlet.WebMvcAutoConfiguration$WebMvcAutoConfigurationAdapter.viewResolver()
2023-01-04 17:44:53.773 DEBUG 3888 --- [           main] o.s.b.f.s.DefaultListableBeanFactory     : Returning cached instance of singleton bean 'autoConfigurationReport'
2023-01-04 17:44:53.774 DEBUG 3888 --- [kground-preinit] o.apache.tomcat.util.digester.Digester   : [ObjectCreateRule]{mbeans-descriptors/mbean/attribute}New org.apache.tomcat.util.modeler.AttributeInfo
2023-01-04 17:44:53.774 DEBUG 3888 --- [           main] a.ConfigurationClassBeanDefinitionReader : Registering bean definition for @Bean method org.springframework.boot.autoconfigure.web.servlet.WebMvcAutoConfiguration$WebMvcAutoConfigurationAdapter.welcomePageHandlerMapping()
2023-01-04 17:44:53.775 DEBUG 3888 --- [           main] o.s.b.f.s.DefaultListableBeanFactory     : Returning cached instance of singleton bean 'org.springframework.boot.autoconfigure.condition.BeanTypeRegistry'
2023-01-04 17:44:53.775 DEBUG 3888 --- [           main] o.s.b.f.s.DefaultListableBeanFactory     : Returning cached instance of singleton bean 'org.springframework.boot.autoconfigure.condition.BeanTypeRegistry'
2023-01-04 17:44:53.775 DEBUG 3888 --- [kground-preinit] o.apache.tomcat.util.digester.Digester   :   Fire begin() for SetPropertiesRule[]
2023-01-04 17:44:53.775 DEBUG 3888 --- [           main] o.s.b.f.s.DefaultListableBeanFactory     : Returning cached instance of singleton bean 'autoConfigurationReport'
2023-01-04 17:44:53.775 DEBUG 3888 --- [           main] a.ConfigurationClassBeanDefinitionReader : Registering bean definition for @Bean method org.springframework.boot.autoconfigure.web.servlet.WebMvcAutoConfiguration$WebMvcAutoConfigurationAdapter.requestContextFilter()
2023-01-04 17:44:53.776 DEBUG 3888 --- [           main] a.ConfigurationClassBeanDefinitionReader : Registered bean definition for imported class 'org.springframework.boot.autoconfigure.web.servlet.WebMvcAutoConfiguration'
2023-01-04 17:44:53.776 DEBUG 3888 --- [kground-preinit] o.apache.tomcat.util.digester.Digester   : [SetPropertiesRule]{mbeans-descriptors/mbean/attribute} Set org.apache.tomcat.util.modeler.AttributeInfo properties
2023-01-04 17:44:53.776 DEBUG 3888 --- [           main] o.s.b.f.s.DefaultListableBeanFactory     : Returning cached instance of singleton bean 'org.springframework.boot.autoconfigure.condition.BeanTypeRegistry'
2023-01-04 17:44:53.776 DEBUG 3888 --- [kground-preinit] o.apache.tomcat.util.digester.Digester   : [SetPropertiesRule]{mbeans-descriptors/mbean/attribute} Setting property 'name' to 'xmlValidation'
2023-01-04 17:44:53.776 DEBUG 3888 --- [kground-preinit] o.apache.tomcat.util.IntrospectionUtils  : IntrospectionUtils: setProperty(class org.apache.tomcat.util.modeler.AttributeInfo name=xmlValidation)
2023-01-04 17:44:53.776 DEBUG 3888 --- [           main] o.s.b.f.s.DefaultListableBeanFactory     : Returning cached instance of singleton bean 'autoConfigurationReport'
2023-01-04 17:44:53.777 DEBUG 3888 --- [           main] a.ConfigurationClassBeanDefinitionReader : Registering bean definition for @Bean method org.springframework.boot.autoconfigure.web.servlet.WebMvcAutoConfiguration.hiddenHttpMethodFilter()
2023-01-04 17:44:53.777 DEBUG 3888 --- [           main] o.s.b.f.s.DefaultListableBeanFactory     : Returning cached instance of singleton bean 'autoConfigurationReport'
2023-01-04 17:44:53.777 DEBUG 3888 --- [           main] o.s.b.f.s.DefaultListableBeanFactory     : Returning cached instance of singleton bean 'org.springframework.boot.autoconfigure.condition.BeanTypeRegistry'
2023-01-04 17:44:53.777 DEBUG 3888 --- [kground-preinit] o.apache.tomcat.util.digester.Digester   : [SetPropertiesRule]{mbeans-descriptors/mbean/attribute} Setting property 'description' to 'Should the parsing of web.xml and web-fragment.xml files be performed by a validating parser?'
2023-01-04 17:44:53.777 DEBUG 3888 --- [           main] o.s.b.f.s.DefaultListableBeanFactory     : Returning cached instance of singleton bean 'autoConfigurationReport'
2023-01-04 17:44:53.778 DEBUG 3888 --- [           main] a.ConfigurationClassBeanDefinitionReader : Registering bean definition for @Bean method org.springframework.boot.autoconfigure.web.servlet.WebMvcAutoConfiguration.httpPutFormContentFilter()
2023-01-04 17:44:53.778 DEBUG 3888 --- [           main] o.s.b.f.s.DefaultListableBeanFactory     : Returning cached instance of singleton bean 'autoConfigurationReport'
2023-01-04 17:44:53.778 DEBUG 3888 --- [           main] o.s.b.f.s.DefaultListableBeanFactory     : Returning cached instance of singleton bean 'autoConfigurationReport'
2023-01-04 17:44:53.778 DEBUG 3888 --- [           main] o.s.b.f.s.DefaultListableBeanFactory     : Returning cached instance of singleton bean 'autoConfigurationReport'
2023-01-04 17:44:53.778 DEBUG 3888 --- [           main] a.ConfigurationClassBeanDefinitionReader : Registered bean definition for imported class 'org.springframework.boot.autoconfigure.aop.AopAutoConfiguration$CglibAutoProxyConfiguration'
2023-01-04 17:44:53.779 DEBUG 3888 --- [           main] a.ConfigurationClassBeanDefinitionReader : Registered bean definition for imported class 'org.springframework.boot.autoconfigure.aop.AopAutoConfiguration'
2023-01-04 17:44:53.779 DEBUG 3888 --- [           main] o.s.b.f.s.DefaultListableBeanFactory     : Returning cached instance of singleton bean 'autoConfigurationReport'
2023-01-04 17:44:53.779 DEBUG 3888 --- [           main] o.s.b.f.s.DefaultListableBeanFactory     : Returning cached instance of singleton bean 'org.springframework.boot.autoconfigure.condition.BeanTypeRegistry'
2023-01-04 17:44:53.779 DEBUG 3888 --- [           main] o.s.b.f.s.DefaultListableBeanFactory     : Returning cached instance of singleton bean 'autoConfigurationReport'
2023-01-04 17:44:53.780 DEBUG 3888 --- [           main] a.ConfigurationClassBeanDefinitionReader : Registered bean definition for imported class 'org.springframework.boot.autoconfigure.context.ConfigurationPropertiesAutoConfiguration'
2023-01-04 17:44:53.780 DEBUG 3888 --- [           main] o.s.b.f.s.DefaultListableBeanFactory     : Returning cached instance of singleton bean 'autoConfigurationReport'
2023-01-04 17:44:53.780 DEBUG 3888 --- [           main] a.ConfigurationClassBeanDefinitionReader : Registered bean definition for imported class 'org.springframework.boot.autoconfigure.dao.PersistenceExceptionTranslationAutoConfiguration'
2023-01-04 17:44:53.778 DEBUG 3888 --- [kground-preinit] o.apache.tomcat.util.IntrospectionUtils  : IntrospectionUtils: setProperty(class org.apache.tomcat.util.modeler.AttributeInfo description=Should the parsing of web.xml and web-fragment.xml files be performed by a validating parser?)
2023-01-04 17:44:53.780 DEBUG 3888 --- [           main] o.s.b.f.s.DefaultListableBeanFactory     : Returning cached instance of singleton bean 'autoConfigurationReport'
2023-01-04 17:44:53.780 DEBUG 3888 --- [           main] o.s.b.f.s.DefaultListableBeanFactory     : Returning cached instance of singleton bean 'org.springframework.boot.autoconfigure.condition.BeanTypeRegistry'
2023-01-04 17:44:53.780 DEBUG 3888 --- [kground-preinit] o.apache.tomcat.util.digester.Digester   : [SetPropertiesRule]{mbeans-descriptors/mbean/attribute} Setting property 'type' to 'boolean'
2023-01-04 17:44:53.782 DEBUG 3888 --- [           main] o.s.b.f.s.DefaultListableBeanFactory     : Returning cached instance of singleton bean 'autoConfigurationReport'
2023-01-04 17:44:53.782 DEBUG 3888 --- [           main] a.ConfigurationClassBeanDefinitionReader : Registering bean definition for @Bean method org.springframework.boot.autoconfigure.dao.PersistenceExceptionTranslationAutoConfiguration.persistenceExceptionTranslationPostProcessor()
2023-01-04 17:44:53.782 DEBUG 3888 --- [           main] o.s.b.f.s.DefaultListableBeanFactory     : Returning cached instance of singleton bean 'autoConfigurationReport'
2023-01-04 17:44:53.783 DEBUG 3888 --- [kground-preinit] o.apache.tomcat.util.IntrospectionUtils  : IntrospectionUtils: setProperty(class org.apache.tomcat.util.modeler.AttributeInfo type=boolean)
2023-01-04 17:44:53.783 DEBUG 3888 --- [kground-preinit] o.apache.tomcat.util.digester.Digester   :   Fire begin() for SetNextRule[methodName=addAttribute, paramType=org.apache.tomcat.util.modeler.AttributeInfo]
2023-01-04 17:44:53.783 DEBUG 3888 --- [           main] o.s.b.f.s.DefaultListableBeanFactory     : Returning cached instance of singleton bean 'autoConfigurationReport'
2023-01-04 17:44:53.783 DEBUG 3888 --- [           main] a.ConfigurationClassBeanDefinitionReader : Registered bean definition for imported class 'org.springframework.boot.autoconfigure.transaction.jta.JtaAutoConfiguration'
2023-01-04 17:44:53.783 DEBUG 3888 --- [           main] o.s.b.f.s.DefaultListableBeanFactory     : Returning cached instance of singleton bean 'autoConfigurationReport'
2023-01-04 17:44:53.784 DEBUG 3888 --- [           main] o.s.b.f.s.DefaultListableBeanFactory     : Returning cached instance of singleton bean 'org.springframework.boot.autoconfigure.condition.BeanTypeRegistry'
2023-01-04 17:44:53.785 DEBUG 3888 --- [           main] o.s.b.f.s.DefaultListableBeanFactory     : Returning cached instance of singleton bean 'autoConfigurationReport'
2023-01-04 17:44:53.785 DEBUG 3888 --- [           main] o.s.b.f.s.DefaultListableBeanFactory     : Returning cached instance of singleton bean 'autoConfigurationReport'
2023-01-04 17:44:53.785 DEBUG 3888 --- [           main] o.s.b.f.s.DefaultListableBeanFactory     : Returning cached instance of singleton bean 'org.springframework.boot.autoconfigure.condition.BeanTypeRegistry'
2023-01-04 17:44:53.785 DEBUG 3888 --- [           main] o.s.b.f.s.DefaultListableBeanFactory     : Returning cached instance of singleton bean 'org.springframework.boot.autoconfigure.condition.BeanTypeRegistry'
2023-01-04 17:44:53.786 DEBUG 3888 --- [           main] o.s.b.f.s.DefaultListableBeanFactory     : Returning cached instance of singleton bean 'autoConfigurationReport'
2023-01-04 17:44:53.786 DEBUG 3888 --- [kground-preinit] o.a.tomcat.util.digester.Digester.sax    : endElement(,,attribute)
2023-01-04 17:44:53.786 DEBUG 3888 --- [           main] o.s.b.f.s.DefaultListableBeanFactory     : Returning cached instance of singleton bean 'autoConfigurationReport'
2023-01-04 17:44:53.787 DEBUG 3888 --- [kground-preinit] o.apache.tomcat.util.digester.Digester   :   match='mbeans-descriptors/mbean/attribute'
2023-01-04 17:44:53.787 DEBUG 3888 --- [           main] o.s.b.f.s.DefaultListableBeanFactory     : Returning cached instance of singleton bean 'autoConfigurationReport'
2023-01-04 17:44:53.787 DEBUG 3888 --- [kground-preinit] o.apache.tomcat.util.digester.Digester   :   bodyText=''
2023-01-04 17:44:53.787 DEBUG 3888 --- [           main] o.s.b.f.s.DefaultListableBeanFactory     : Returning cached instance of singleton bean 'org.springframework.boot.autoconfigure.condition.BeanTypeRegistry'
2023-01-04 17:44:53.787 DEBUG 3888 --- [kground-preinit] o.apache.tomcat.util.digester.Digester   :   Fire body() for ObjectCreateRule[className=org.apache.tomcat.util.modeler.AttributeInfo, attributeName=null]
2023-01-04 17:44:53.787 DEBUG 3888 --- [           main] o.s.b.f.s.DefaultListableBeanFactory     : Returning cached instance of singleton bean 'autoConfigurationReport'
2023-01-04 17:44:53.787 DEBUG 3888 --- [kground-preinit] o.apache.tomcat.util.digester.Digester   :   Fire body() for SetPropertiesRule[]
2023-01-04 17:44:53.787 DEBUG 3888 --- [kground-preinit] o.apache.tomcat.util.digester.Digester   :   Fire body() for SetNextRule[methodName=addAttribute, paramType=org.apache.tomcat.util.modeler.AttributeInfo]
2023-01-04 17:44:53.787 DEBUG 3888 --- [           main] a.ConfigurationClassBeanDefinitionReader : Registered bean definition for imported class 'org.springframework.boot.autoconfigure.jdbc.DataSourceConfiguration$Hikari'
2023-01-04 17:44:53.787 DEBUG 3888 --- [kground-preinit] o.apache.tomcat.util.digester.Digester   :   Fire end() for SetNextRule[methodName=addAttribute, paramType=org.apache.tomcat.util.modeler.AttributeInfo]
2023-01-04 17:44:53.788 DEBUG 3888 --- [kground-preinit] o.apache.tomcat.util.digester.Digester   : [SetNextRule]{mbeans-descriptors/mbean/attribute} Call org.apache.tomcat.util.modeler.ManagedBean.addAttribute(org.apache.tomcat.util.modeler.AttributeInfo@6f49a45d)
2023-01-04 17:44:53.788 DEBUG 3888 --- [kground-preinit] o.apache.tomcat.util.IntrospectionUtils  : IntrospectionUtils: callMethod1 org.apache.tomcat.util.modeler.ManagedBean org.apache.tomcat.util.modeler.AttributeInfo org.apache.tomcat.util.modeler.AttributeInfo
2023-01-04 17:44:53.788 DEBUG 3888 --- [           main] a.ConfigurationClassBeanDefinitionReader : Registering bean definition for @Bean method org.springframework.boot.autoconfigure.jdbc.DataSourceConfiguration$Hikari.dataSource()
2023-01-04 17:44:53.788 DEBUG 3888 --- [kground-preinit] o.apache.tomcat.util.digester.Digester   :   Fire end() for SetPropertiesRule[]
2023-01-04 17:44:53.788 DEBUG 3888 --- [kground-preinit] o.apache.tomcat.util.digester.Digester   :   Fire end() for ObjectCreateRule[className=org.apache.tomcat.util.modeler.AttributeInfo, attributeName=null]
2023-01-04 17:44:53.788 DEBUG 3888 --- [kground-preinit] o.apache.tomcat.util.digester.Digester   : [ObjectCreateRule]{mbeans-descriptors/mbean/attribute} Pop org.apache.tomcat.util.modeler.AttributeInfo
2023-01-04 17:44:53.788 DEBUG 3888 --- [           main] a.ConfigurationClassBeanDefinitionReader : Registered bean definition for imported class 'org.springframework.boot.autoconfigure.jdbc.DataSourceAutoConfiguration$PooledDataSourceConfiguration'
2023-01-04 17:44:53.788 DEBUG 3888 --- [kground-preinit] o.a.tomcat.util.digester.Digester.sax    : characters(

    )
2023-01-04 17:44:53.788 DEBUG 3888 --- [           main] o.s.b.f.s.DefaultListableBeanFactory     : Returning cached instance of singleton bean 'autoConfigurationReport'
2023-01-04 17:44:53.788 DEBUG 3888 --- [           main] a.ConfigurationClassBeanDefinitionReader : Registered bean definition for imported class 'org.springframework.boot.autoconfigure.jdbc.metadata.DataSourcePoolMetadataProvidersConfiguration$HikariPoolDataSourceMetadataProviderConfiguration'
2023-01-04 17:44:53.788 DEBUG 3888 --- [           main] a.ConfigurationClassBeanDefinitionReader : Registering bean definition for @Bean method org.springframework.boot.autoconfigure.jdbc.metadata.DataSourcePoolMetadataProvidersConfiguration$HikariPoolDataSourceMetadataProviderConfiguration.hikariPoolDataSourceMetadataProvider()
2023-01-04 17:44:53.788 DEBUG 3888 --- [kground-preinit] o.a.tomcat.util.digester.Digester.sax    : startElement(,,attribute)
2023-01-04 17:44:53.788 DEBUG 3888 --- [           main] a.ConfigurationClassBeanDefinitionReader : Registered bean definition for imported class 'org.springframework.boot.autoconfigure.jdbc.metadata.DataSourcePoolMetadataProvidersConfiguration'
2023-01-04 17:44:53.789 DEBUG 3888 --- [kground-preinit] o.apache.tomcat.util.digester.Digester   :   New match='mbeans-descriptors/mbean/attribute'
2023-01-04 17:44:53.789 DEBUG 3888 --- [kground-preinit] o.apache.tomcat.util.digester.Digester   :   Fire begin() for ObjectCreateRule[className=org.apache.tomcat.util.modeler.AttributeInfo, attributeName=null]
2023-01-04 17:44:53.789 DEBUG 3888 --- [           main] a.ConfigurationClassBeanDefinitionReader : Registered bean definition for imported class 'org.springframework.boot.autoconfigure.jdbc.DataSourceInitializerInvoker'
2023-01-04 17:44:53.789 DEBUG 3888 --- [           main] a.ConfigurationClassBeanDefinitionReader : Registered bean definition for imported class 'org.springframework.boot.autoconfigure.jdbc.DataSourceInitializationConfiguration'
2023-01-04 17:44:53.789 DEBUG 3888 --- [kground-preinit] o.apache.tomcat.util.digester.Digester   : [ObjectCreateRule]{mbeans-descriptors/mbean/attribute}New org.apache.tomcat.util.modeler.AttributeInfo
2023-01-04 17:44:53.789 DEBUG 3888 --- [           main] a.ConfigurationClassBeanDefinitionReader : Registered bean definition for imported class 'org.springframework.boot.autoconfigure.jdbc.DataSourceAutoConfiguration'
2023-01-04 17:44:53.789 DEBUG 3888 --- [           main] o.s.b.f.s.DefaultListableBeanFactory     : Returning cached instance of singleton bean 'autoConfigurationReport'
2023-01-04 17:44:53.789 DEBUG 3888 --- [           main] o.s.b.f.s.DefaultListableBeanFactory     : Returning cached instance of singleton bean 'autoConfigurationReport'
2023-01-04 17:44:53.789 DEBUG 3888 --- [kground-preinit] o.apache.tomcat.util.digester.Digester   :   Fire begin() for SetPropertiesRule[]
2023-01-04 17:44:53.789 DEBUG 3888 --- [           main] o.s.b.f.s.DefaultListableBeanFactory     : Returning cached instance of singleton bean 'org.springframework.boot.autoconfigure.condition.BeanTypeRegistry'
2023-01-04 17:44:53.790 DEBUG 3888 --- [kground-preinit] o.apache.tomcat.util.digester.Digester   : [SetPropertiesRule]{mbeans-descriptors/mbean/attribute} Set org.apache.tomcat.util.modeler.AttributeInfo properties
2023-01-04 17:44:53.790 DEBUG 3888 --- [           main] o.s.b.f.s.DefaultListableBeanFactory     : Returning cached instance of singleton bean 'autoConfigurationReport'
2023-01-04 17:44:53.790 DEBUG 3888 --- [kground-preinit] o.apache.tomcat.util.digester.Digester   : [SetPropertiesRule]{mbeans-descriptors/mbean/attribute} Setting property 'name' to 'xmlNamespaceAware'
2023-01-04 17:44:53.791 DEBUG 3888 --- [kground-preinit] o.apache.tomcat.util.IntrospectionUtils  : IntrospectionUtils: setProperty(class org.apache.tomcat.util.modeler.AttributeInfo name=xmlNamespaceAware)
2023-01-04 17:44:53.791 DEBUG 3888 --- [           main] o.s.b.f.s.DefaultListableBeanFactory     : Returning cached instance of singleton bean 'autoConfigurationReport'
2023-01-04 17:44:53.791 DEBUG 3888 --- [           main] o.s.b.f.s.DefaultListableBeanFactory     : Returning cached instance of singleton bean 'autoConfigurationReport'
2023-01-04 17:44:53.791 DEBUG 3888 --- [           main] o.s.b.f.s.DefaultListableBeanFactory     : Returning cached instance of singleton bean 'autoConfigurationReport'
2023-01-04 17:44:53.791 DEBUG 3888 --- [           main] o.s.b.f.s.DefaultListableBeanFactory     : Returning cached instance of singleton bean 'org.springframework.boot.autoconfigure.condition.BeanTypeRegistry'
2023-01-04 17:44:53.791 DEBUG 3888 --- [           main] o.s.b.f.s.DefaultListableBeanFactory     : Returning cached instance of singleton bean 'org.springframework.boot.autoconfigure.condition.BeanTypeRegistry'
2023-01-04 17:44:53.791 DEBUG 3888 --- [           main] o.s.b.f.s.DefaultListableBeanFactory     : Returning cached instance of singleton bean 'autoConfigurationReport'
2023-01-04 17:44:53.791 DEBUG 3888 --- [           main] a.ConfigurationClassBeanDefinitionReader : Registered bean definition for imported class 'org.springframework.boot.autoconfigure.orm.jpa.JpaBaseConfiguration$JpaWebConfiguration$JpaWebMvcConfiguration'
2023-01-04 17:44:53.792 DEBUG 3888 --- [           main] a.ConfigurationClassBeanDefinitionReader : Registering bean definition for @Bean method org.springframework.boot.autoconfigure.orm.jpa.JpaBaseConfiguration$JpaWebConfiguration$JpaWebMvcConfiguration.openEntityManagerInViewInterceptor()
2023-01-04 17:44:53.792 DEBUG 3888 --- [           main] a.ConfigurationClassBeanDefinitionReader : Registered bean definition for imported class 'org.springframework.boot.autoconfigure.orm.jpa.JpaBaseConfiguration$JpaWebConfiguration'
2023-01-04 17:44:53.792 DEBUG 3888 --- [           main] a.ConfigurationClassBeanDefinitionReader : Registered bean definition for imported class 'org.springframework.boot.autoconfigure.orm.jpa.HibernateJpaConfiguration'
2023-01-04 17:44:53.792 DEBUG 3888 --- [           main] o.s.b.f.s.DefaultListableBeanFactory     : Returning cached instance of singleton bean 'org.springframework.boot.autoconfigure.condition.BeanTypeRegistry'
2023-01-04 17:44:53.792 DEBUG 3888 --- [           main] o.s.b.f.s.DefaultListableBeanFactory     : Returning cached instance of singleton bean 'autoConfigurationReport'
2023-01-04 17:44:53.792 DEBUG 3888 --- [           main] a.ConfigurationClassBeanDefinitionReader : Registering bean definition for @Bean method org.springframework.boot.autoconfigure.orm.jpa.HibernateJpaConfiguration.transactionManager()
2023-01-04 17:44:53.792 DEBUG 3888 --- [           main] o.s.b.f.s.DefaultListableBeanFactory     : Returning cached instance of singleton bean 'org.springframework.boot.autoconfigure.condition.BeanTypeRegistry'
2023-01-04 17:44:53.793 DEBUG 3888 --- [           main] o.s.b.f.s.DefaultListableBeanFactory     : Returning cached instance of singleton bean 'autoConfigurationReport'
2023-01-04 17:44:53.793 DEBUG 3888 --- [           main] a.ConfigurationClassBeanDefinitionReader : Registering bean definition for @Bean method org.springframework.boot.autoconfigure.orm.jpa.HibernateJpaConfiguration.jpaVendorAdapter()
2023-01-04 17:44:53.793 DEBUG 3888 --- [           main] o.s.b.f.s.DefaultListableBeanFactory     : Returning cached instance of singleton bean 'org.springframework.boot.autoconfigure.condition.BeanTypeRegistry'
2023-01-04 17:44:53.794 DEBUG 3888 --- [           main] o.s.b.f.s.DefaultListableBeanFactory     : Returning cached instance of singleton bean 'autoConfigurationReport'
2023-01-04 17:44:53.794 DEBUG 3888 --- [           main] a.ConfigurationClassBeanDefinitionReader : Registering bean definition for @Bean method org.springframework.boot.autoconfigure.orm.jpa.HibernateJpaConfiguration.entityManagerFactoryBuilder()
2023-01-04 17:44:53.794 DEBUG 3888 --- [           main] o.s.b.f.s.DefaultListableBeanFactory     : Returning cached instance of singleton bean 'org.springframework.boot.autoconfigure.condition.BeanTypeRegistry'
2023-01-04 17:44:53.794 DEBUG 3888 --- [           main] o.s.b.f.s.DefaultListableBeanFactory     : Returning cached instance of singleton bean 'org.springframework.boot.autoconfigure.condition.BeanTypeRegistry'
2023-01-04 17:44:53.794 DEBUG 3888 --- [           main] o.s.b.f.s.DefaultListableBeanFactory     : Returning cached instance of singleton bean 'autoConfigurationReport'
2023-01-04 17:44:53.795 DEBUG 3888 --- [           main] a.ConfigurationClassBeanDefinitionReader : Registering bean definition for @Bean method org.springframework.boot.autoconfigure.orm.jpa.HibernateJpaConfiguration.entityManagerFactory()
2023-01-04 17:44:53.795 DEBUG 3888 --- [           main] a.ConfigurationClassBeanDefinitionReader : Registered bean definition for imported class 'org.springframework.boot.autoconfigure.orm.jpa.HibernateJpaAutoConfiguration'
2023-01-04 17:44:53.795 DEBUG 3888 --- [           main] o.s.b.f.s.DefaultListableBeanFactory     : Returning cached instance of singleton bean 'autoConfigurationReport'
2023-01-04 17:44:53.795 DEBUG 3888 --- [           main] o.s.b.f.s.DefaultListableBeanFactory     : Returning cached instance of singleton bean 'autoConfigurationReport'
2023-01-04 17:44:53.795 DEBUG 3888 --- [           main] o.s.b.f.s.DefaultListableBeanFactory     : Returning cached instance of singleton bean 'org.springframework.boot.autoconfigure.condition.BeanTypeRegistry'
2023-01-04 17:44:53.796 DEBUG 3888 --- [           main] o.s.b.f.s.DefaultListableBeanFactory     : Returning cached instance of singleton bean 'org.springframework.boot.autoconfigure.condition.BeanTypeRegistry'
2023-01-04 17:44:53.796 DEBUG 3888 --- [           main] o.s.b.f.s.DefaultListableBeanFactory     : Returning cached instance of singleton bean 'org.springframework.boot.autoconfigure.condition.BeanTypeRegistry'
2023-01-04 17:44:53.796 DEBUG 3888 --- [           main] o.s.b.f.s.DefaultListableBeanFactory     : Returning cached instance of singleton bean 'autoConfigurationReport'
2023-01-04 17:44:53.796 DEBUG 3888 --- [           main] o.s.b.f.s.DefaultListableBeanFactory     : Returning cached instance of singleton bean 'org.springframework.boot.autoconfigure.condition.BeanTypeRegistry'
2023-01-04 17:44:53.797 DEBUG 3888 --- [           main] o.s.b.f.s.DefaultListableBeanFactory     : Returning cached instance of singleton bean 'org.springframework.boot.autoconfigure.condition.BeanTypeRegistry'
2023-01-04 17:44:53.797 DEBUG 3888 --- [           main] o.s.b.f.s.DefaultListableBeanFactory     : Returning cached instance of singleton bean 'org.springframework.boot.autoconfigure.condition.BeanTypeRegistry'
2023-01-04 17:44:53.797 DEBUG 3888 --- [           main] o.s.b.f.s.DefaultListableBeanFactory     : Returning cached instance of singleton bean 'autoConfigurationReport'
2023-01-04 17:44:53.797 DEBUG 3888 --- [           main] a.ConfigurationClassBeanDefinitionReader : Registered bean definition for imported class 'org.springframework.boot.autoconfigure.data.jpa.JpaRepositoriesAutoConfiguration'
2023-01-04 17:44:53.798 DEBUG 3888 --- [           main] o.s.core.env.StandardEnvironment         : Adding PropertySource 'systemProperties' with lowest search precedence
2023-01-04 17:44:53.798 DEBUG 3888 --- [           main] o.s.core.env.StandardEnvironment         : Adding PropertySource 'systemEnvironment' with lowest search precedence
2023-01-04 17:44:53.798 DEBUG 3888 --- [           main] o.s.core.env.StandardEnvironment         : Initialized StandardEnvironment with PropertySources [MapPropertySource@1326413897 {name='systemProperties', properties={java.specification.version=17, sun.cpu.isalist=amd64, sun.jnu.encoding=Cp1252, java.class.path=E:\spring-transaction-management-master\target\test-classes;E:\spring-transaction-management-master\target\classes;C:\Users\ustjavafsdb403\.m2\repository\org\springframework\boot\spring-boot-starter-data-jpa\2.0.4.RELEASE\spring-boot-starter-data-jpa-2.0.4.RELEASE.jar;C:\Users\ustjavafsdb403\.m2\repository\org\springframework\boot\spring-boot-starter\2.0.4.RELEASE\spring-boot-starter-2.0.4.RELEASE.jar;C:\Users\ustjavafsdb403\.m2\repository\org\springframework\boot\spring-boot\2.0.4.RELEASE\spring-boot-2.0.4.RELEASE.jar;C:\Users\ustjavafsdb403\.m2\repository\org\springframework\boot\spring-boot-autoconfigure\2.0.4.RELEASE\spring-boot-autoconfigure-2.0.4.RELEASE.jar;C:\Users\ustjavafsdb403\.m2\repository\org\springframework\boot\spring-boot-starter-logging\2.0.4.RELEASE\spring-boot-starter-logging-2.0.4.RELEASE.jar;C:\Users\ustjavafsdb403\.m2\repository\ch\qos\logback\logback-classic\1.2.3\logback-classic-1.2.3.jar;C:\Users\ustjavafsdb403\.m2\repository\ch\qos\logback\logback-core\1.2.3\logback-core-1.2.3.jar;C:\Users\ustjavafsdb403\.m2\repository\org\apache\logging\log4j\log4j-to-slf4j\2.10.0\log4j-to-slf4j-2.10.0.jar;C:\Users\ustjavafsdb403\.m2\repository\org\apache\logging\log4j\log4j-api\2.10.0\log4j-api-2.10.0.jar;C:\Users\ustjavafsdb403\.m2\repository\org\slf4j\jul-to-slf4j\1.7.25\jul-to-slf4j-1.7.25.jar;C:\Users\ustjavafsdb403\.m2\repository\javax\annotation\javax.annotation-api\1.3.2\javax.annotation-api-1.3.2.jar;C:\Users\ustjavafsdb403\.m2\repository\org\yaml\snakeyaml\1.19\snakeyaml-1.19.jar;C:\Users\ustjavafsdb403\.m2\repository\org\springframework\boot\spring-boot-starter-aop\2.0.4.RELEASE\spring-boot-starter-aop-2.0.4.RELEASE.jar;C:\Users\ustjavafsdb403\.m2\repository\org\springframework\spring-aop\5.0.8.RELEASE\spring-aop-5.0.8.RELEASE.jar;C:\Users\ustjavafsdb403\.m2\repository\org\aspectj\aspectjweaver\1.8.13\aspectjweaver-1.8.13.jar;C:\Users\ustjavafsdb403\.m2\repository\org\springframework\boot\spring-boot-starter-jdbc\2.0.4.RELEASE\spring-boot-starter-jdbc-2.0.4.RELEASE.jar;C:\Users\ustjavafsdb403\.m2\repository\com\zaxxer\HikariCP\2.7.9\HikariCP-2.7.9.jar;C:\Users\ustjavafsdb403\.m2\repository\org\springframework\spring-jdbc\5.0.8.RELEASE\spring-jdbc-5.0.8.RELEASE.jar;C:\Users\ustjavafsdb403\.m2\repository\org\hibernate\hibernate-core\5.2.17.Final\hibernate-core-5.2.17.Final.jar;C:\Users\ustjavafsdb403\.m2\repository\org\jboss\logging\jboss-logging\3.3.2.Final\jboss-logging-3.3.2.Final.jar;C:\Users\ustjavafsdb403\.m2\repository\org\hibernate\javax\persistence\hibernate-jpa-2.1-api\1.0.2.Final\hibernate-jpa-2.1-api-1.0.2.Final.jar;C:\Users\ustjavafsdb403\.m2\repository\org\javassist\javassist\3.22.0-GA\javassist-3.22.0-GA.jar;C:\Users\ustjavafsdb403\.m2\repository\antlr\antlr\2.7.7\antlr-2.7.7.jar;C:\Users\ustjavafsdb403\.m2\repository\org\jboss\jandex\2.0.3.Final\jandex-2.0.3.Final.jar;C:\Users\ustjavafsdb403\.m2\repository\com\fasterxml\classmate\1.3.4\classmate-1.3.4.jar;C:\Users\ustjavafsdb403\.m2\repository\dom4j\dom4j\1.6.1\dom4j-1.6.1.jar;C:\Users\ustjavafsdb403\.m2\repository\org\hibernate\common\hibernate-commons-annotations\5.0.1.Final\hibernate-commons-annotations-5.0.1.Final.jar;C:\Users\ustjavafsdb403\.m2\repository\javax\transaction\javax.transaction-api\1.2\javax.transaction-api-1.2.jar;C:\Users\ustjavafsdb403\.m2\repository\org\springframework\data\spring-data-jpa\2.0.9.RELEASE\spring-data-jpa-2.0.9.RELEASE.jar;C:\Users\ustjavafsdb403\.m2\repository\org\springframework\data\spring-data-commons\2.0.9.RELEASE\spring-data-commons-2.0.9.RELEASE.jar;C:\Users\ustjavafsdb403\.m2\repository\org\springframework\spring-orm\5.0.8.RELEASE\spring-orm-5.0.8.RELEASE.jar;C:\Users\ustjavafsdb403\.m2\repository\org\springframework\spring-context\5.0.8.RELEASE\spring-context-5.0.8.RELEASE.jar;C:\Users\ustjavafsdb403\.m2\repository\org\springframework\spring-tx\5.0.8.RELEASE\spring-tx-5.0.8.RELEASE.jar;C:\Users\ustjavafsdb403\.m2\repository\org\springframework\spring-beans\5.0.8.RELEASE\spring-beans-5.0.8.RELEASE.jar;C:\Users\ustjavafsdb403\.m2\repository\org\slf4j\slf4j-api\1.7.25\slf4j-api-1.7.25.jar;C:\Users\ustjavafsdb403\.m2\repository\org\springframework\spring-aspects\5.0.8.RELEASE\spring-aspects-5.0.8.RELEASE.jar;C:\Users\ustjavafsdb403\.m2\repository\org\springframework\boot\spring-boot-starter-web\2.0.4.RELEASE\spring-boot-starter-web-2.0.4.RELEASE.jar;C:\Users\ustjavafsdb403\.m2\repository\org\springframework\boot\spring-boot-starter-json\2.0.4.RELEASE\spring-boot-starter-json-2.0.4.RELEASE.jar;C:\Users\ustjavafsdb403\.m2\repository\org\springframework\boot\spring-boot-starter-tomcat\2.0.4.RELEASE\spring-boot-starter-tomcat-2.0.4.RELEASE.jar;C:\Users\ustjavafsdb403\.m2\repository\org\apache\tomcat\embed\tomcat-embed-core\8.5.32\tomcat-embed-core-8.5.32.jar;C:\Users\ustjavafsdb403\.m2\repository\org\apache\tomcat\embed\tomcat-embed-el\8.5.32\tomcat-embed-el-8.5.32.jar;C:\Users\ustjavafsdb403\.m2\repository\org\apache\tomcat\embed\tomcat-embed-websocket\8.5.32\tomcat-embed-websocket-8.5.32.jar;C:\Users\ustjavafsdb403\.m2\repository\org\hibernate\validator\hibernate-validator\6.0.11.Final\hibernate-validator-6.0.11.Final.jar;C:\Users\ustjavafsdb403\.m2\repository\javax\validation\validation-api\2.0.1.Final\validation-api-2.0.1.Final.jar;C:\Users\ustjavafsdb403\.m2\repository\org\openjfx\javafx.base\11.0.0-SNAPSHOT\javafx.base-11.0.0-SNAPSHOT.jar;C:\Users\ustjavafsdb403\.m2\repository\org\openjfx\javafx.base\11.0.0-SNAPSHOT\javafx.base-11.0.0-SNAPSHOT-linux.jar;C:\Users\ustjavafsdb403\.m2\repository\org\openjfx\javafx.base\11.0.0-SNAPSHOT\javafx.base-11.0.0-SNAPSHOT-mac.jar;C:\Users\ustjavafsdb403\.m2\repository\org\openjfx\javafx.base\11.0.0-SNAPSHOT\javafx.base-11.0.0-SNAPSHOT-win.jar;C:\Users\ustjavafsdb403\.m2\repository\org\springframework\spring-web\5.0.8.RELEASE\spring-web-5.0.8.RELEASE.jar;C:\Users\ustjavafsdb403\.m2\repository\org\springframework\spring-webmvc\5.0.8.RELEASE\spring-webmvc-5.0.8.RELEASE.jar;C:\Users\ustjavafsdb403\.m2\repository\org\springframework\spring-expression\5.0.8.RELEASE\spring-expression-5.0.8.RELEASE.jar;C:\Users\ustjavafsdb403\.m2\repository\com\h2database\h2\1.4.197\h2-1.4.197.jar;C:\Users\ustjavafsdb403\.m2\repository\javax\xml\bind\jaxb-api\2.3.0\jaxb-api-2.3.0.jar;C:\Users\ustjavafsdb403\.m2\repository\org\springframework\boot\spring-boot-starter-test\2.0.4.RELEASE\spring-boot-starter-test-2.0.4.RELEASE.jar;C:\Users\ustjavafsdb403\.m2\repository\org\springframework\boot\spring-boot-test\2.0.4.RELEASE\spring-boot-test-2.0.4.RELEASE.jar;C:\Users\ustjavafsdb403\.m2\repository\org\springframework\boot\spring-boot-test-autoconfigure\2.0.4.RELEASE\spring-boot-test-autoconfigure-2.0.4.RELEASE.jar;C:\Users\ustjavafsdb403\.m2\repository\com\jayway\jsonpath\json-path\2.4.0\json-path-2.4.0.jar;C:\Users\ustjavafsdb403\.m2\repository\net\minidev\json-smart\2.3\json-smart-2.3.jar;C:\Users\ustjavafsdb403\.m2\repository\net\minidev\accessors-smart\1.2\accessors-smart-1.2.jar;C:\Users\ustjavafsdb403\.m2\repository\org\ow2\asm\asm\5.0.4\asm-5.0.4.jar;C:\Users\ustjavafsdb403\.m2\repository\junit\junit\4.12\junit-4.12.jar;C:\Users\ustjavafsdb403\.m2\repository\org\assertj\assertj-core\3.9.1\assertj-core-3.9.1.jar;C:\Users\ustjavafsdb403\.m2\repository\org\mockito\mockito-core\2.15.0\mockito-core-2.15.0.jar;C:\Users\ustjavafsdb403\.m2\repository\net\bytebuddy\byte-buddy\1.7.11\byte-buddy-1.7.11.jar;C:\Users\ustjavafsdb403\.m2\repository\net\bytebuddy\byte-buddy-agent\1.7.11\byte-buddy-agent-1.7.11.jar;C:\Users\ustjavafsdb403\.m2\repository\org\objenesis\objenesis\2.6\objenesis-2.6.jar;C:\Users\ustjavafsdb403\.m2\repository\org\hamcrest\hamcrest-core\1.3\hamcrest-core-1.3.jar;C:\Users\ustjavafsdb403\.m2\repository\org\hamcrest\hamcrest-library\1.3\hamcrest-library-1.3.jar;C:\Users\ustjavafsdb403\.m2\repository\org\skyscreamer\jsonassert\1.5.0\jsonassert-1.5.0.jar;C:\Users\ustjavafsdb403\.m2\repository\com\vaadin\external\google\android-json\0.0.20131108.vaadin1\android-json-0.0.20131108.vaadin1.jar;C:\Users\ustjavafsdb403\.m2\repository\org\springframework\spring-core\5.0.8.RELEASE\spring-core-5.0.8.RELEASE.jar;C:\Users\ustjavafsdb403\.m2\repository\org\springframework\spring-jcl\5.0.8.RELEASE\spring-jcl-5.0.8.RELEASE.jar;C:\Users\ustjavafsdb403\.m2\repository\org\springframework\spring-test\5.0.8.RELEASE\spring-test-5.0.8.RELEASE.jar;C:\Users\ustjavafsdb403\.m2\repository\org\xmlunit\xmlunit-core\2.5.1\xmlunit-core-2.5.1.jar;C:\Users\ustjavafsdb403\.m2\repository\com\fasterxml\jackson\module\jackson-module-parameter-names\2.9.6\jackson-module-parameter-names-2.9.6.jar;C:\Users\ustjavafsdb403\.m2\repository\com\fasterxml\jackson\core\jackson-core\2.9.6\jackson-core-2.9.6.jar;C:\Users\ustjavafsdb403\.m2\repository\com\fasterxml\jackson\core\jackson-databind\2.9.6\jackson-databind-2.9.6.jar;C:\Users\ustjavafsdb403\.m2\repository\com\fasterxml\jackson\datatype\jackson-datatype-jdk8\2.9.6\jackson-datatype-jdk8-2.9.6.jar;C:\Users\ustjavafsdb403\.m2\repository\com\fasterxml\jackson\datatype\jackson-datatype-jsr310\2.9.6\jackson-datatype-jsr310-2.9.6.jar;C:\Users\ustjavafsdb403\.m2\repository\com\fasterxml\jackson\core\jackson-annotations\2.9.0\jackson-annotations-2.9.0.jar;, java.vm.vendor=Eclipse Adoptium, sun.arch.data.model=64, user.variant=, java.vendor.url=https://adoptium.net/, user.timezone=GMT+05:30, java.vm.specification.version=17, os.name=Windows 10, sun.java.launcher=SUN_STANDARD, user.country=IN, sun.boot.library.path=C:\Users\ustjavafsdb403\.p2\pool\plugins\org.eclipse.justj.openjdk.hotspot.jre.full.win32.x86_64_17.0.5.v20221102-0933\jre\bin, sun.java.command=C:\Users\USTJAV~1\AppData\Local\Temp\surefire2126999072731693157\surefirebooter11800425145749619277.jar C:\Users\ustjavafsdb403\AppData\Local\Temp\surefire2126999072731693157 2023-01-04T17-44-36_170-jvmRun1 surefire11905101423022534022tmp surefire_07651124966663579816tmp, jdk.debug=release, surefire.test.class.path=E:\spring-transaction-management-master\target\test-classes;E:\spring-transaction-management-master\target\classes;C:\Users\ustjavafsdb403\.m2\repository\org\springframework\boot\spring-boot-starter-data-jpa\2.0.4.RELEASE\spring-boot-starter-data-jpa-2.0.4.RELEASE.jar;C:\Users\ustjavafsdb403\.m2\repository\org\springframework\boot\spring-boot-starter\2.0.4.RELEASE\spring-boot-starter-2.0.4.RELEASE.jar;C:\Users\ustjavafsdb403\.m2\repository\org\springframework\boot\spring-boot\2.0.4.RELEASE\spring-boot-2.0.4.RELEASE.jar;C:\Users\ustjavafsdb403\.m2\repository\org\springframework\boot\spring-boot-autoconfigure\2.0.4.RELEASE\spring-boot-autoconfigure-2.0.4.RELEASE.jar;C:\Users\ustjavafsdb403\.m2\repository\org\springframework\boot\spring-boot-starter-logging\2.0.4.RELEASE\spring-boot-starter-logging-2.0.4.RELEASE.jar;C:\Users\ustjavafsdb403\.m2\repository\ch\qos\logback\logback-classic\1.2.3\logback-classic-1.2.3.jar;C:\Users\ustjavafsdb403\.m2\repository\ch\qos\logback\logback-core\1.2.3\logback-core-1.2.3.jar;C:\Users\ustjavafsdb403\.m2\repository\org\apache\logging\log4j\log4j-to-slf4j\2.10.0\log4j-to-slf4j-2.10.0.jar;C:\Users\ustjavafsdb403\.m2\repository\org\apache\logging\log4j\log4j-api\2.10.0\log4j-api-2.10.0.jar;C:\Users\ustjavafsdb403\.m2\repository\org\slf4j\jul-to-slf4j\1.7.25\jul-to-slf4j-1.7.25.jar;C:\Users\ustjavafsdb403\.m2\repository\javax\annotation\javax.annotation-api\1.3.2\javax.annotation-api-1.3.2.jar;C:\Users\ustjavafsdb403\.m2\repository\org\yaml\snakeyaml\1.19\snakeyaml-1.19.jar;C:\Users\ustjavafsdb403\.m2\repository\org\springframework\boot\spring-boot-starter-aop\2.0.4.RELEASE\spring-boot-starter-aop-2.0.4.RELEASE.jar;C:\Users\ustjavafsdb403\.m2\repository\org\springframework\spring-aop\5.0.8.RELEASE\spring-aop-5.0.8.RELEASE.jar;C:\Users\ustjavafsdb403\.m2\repository\org\aspectj\aspectjweaver\1.8.13\aspectjweaver-1.8.13.jar;C:\Users\ustjavafsdb403\.m2\repository\org\springframework\boot\spring-boot-starter-jdbc\2.0.4.RELEASE\spring-boot-starter-jdbc-2.0.4.RELEASE.jar;C:\Users\ustjavafsdb403\.m2\repository\com\zaxxer\HikariCP\2.7.9\HikariCP-2.7.9.jar;C:\Users\ustjavafsdb403\.m2\repository\org\springframework\spring-jdbc\5.0.8.RELEASE\spring-jdbc-5.0.8.RELEASE.jar;C:\Users\ustjavafsdb403\.m2\repository\org\hibernate\hibernate-core\5.2.17.Final\hibernate-core-5.2.17.Final.jar;C:\Users\ustjavafsdb403\.m2\repository\org\jboss\logging\jboss-logging\3.3.2.Final\jboss-logging-3.3.2.Final.jar;C:\Users\ustjavafsdb403\.m2\repository\org\hibernate\javax\persistence\hibernate-jpa-2.1-api\1.0.2.Final\hibernate-jpa-2.1-api-1.0.2.Final.jar;C:\Users\ustjavafsdb403\.m2\repository\org\javassist\javassist\3.22.0-GA\javassist-3.22.0-GA.jar;C:\Users\ustjavafsdb403\.m2\repository\antlr\antlr\2.7.7\antlr-2.7.7.jar;C:\Users\ustjavafsdb403\.m2\repository\org\jboss\jandex\2.0.3.Final\jandex-2.0.3.Final.jar;C:\Users\ustjavafsdb403\.m2\repository\com\fasterxml\classmate\1.3.4\classmate-1.3.4.jar;C:\Users\ustjavafsdb403\.m2\repository\dom4j\dom4j\1.6.1\dom4j-1.6.1.jar;C:\Users\ustjavafsdb403\.m2\repository\org\hibernate\common\hibernate-commons-annotations\5.0.1.Final\hibernate-commons-annotations-5.0.1.Final.jar;C:\Users\ustjavafsdb403\.m2\repository\javax\transaction\javax.transaction-api\1.2\javax.transaction-api-1.2.jar;C:\Users\ustjavafsdb403\.m2\repository\org\springframework\data\spring-data-jpa\2.0.9.RELEASE\spring-data-jpa-2.0.9.RELEASE.jar;C:\Users\ustjavafsdb403\.m2\repository\org\springframework\data\spring-data-commons\2.0.9.RELEASE\spring-data-commons-2.0.9.RELEASE.jar;C:\Users\ustjavafsdb403\.m2\repository\org\springframework\spring-orm\5.0.8.RELEASE\spring-orm-5.0.8.RELEASE.jar;C:\Users\ustjavafsdb403\.m2\repository\org\springframework\spring-context\5.0.8.RELEASE\spring-context-5.0.8.RELEASE.jar;C:\Users\ustjavafsdb403\.m2\repository\org\springframework\spring-tx\5.0.8.RELEASE\spring-tx-5.0.8.RELEASE.jar;C:\Users\ustjavafsdb403\.m2\repository\org\springframework\spring-beans\5.0.8.RELEASE\spring-beans-5.0.8.RELEASE.jar;C:\Users\ustjavafsdb403\.m2\repository\org\slf4j\slf4j-api\1.7.25\slf4j-api-1.7.25.jar;C:\Users\ustjavafsdb403\.m2\repository\org\springframework\spring-aspects\5.0.8.RELEASE\spring-aspects-5.0.8.RELEASE.jar;C:\Users\ustjavafsdb403\.m2\repository\org\springframework\boot\spring-boot-starter-web\2.0.4.RELEASE\spring-boot-starter-web-2.0.4.RELEASE.jar;C:\Users\ustjavafsdb403\.m2\repository\org\springframework\boot\spring-boot-starter-json\2.0.4.RELEASE\spring-boot-starter-json-2.0.4.RELEASE.jar;C:\Users\ustjavafsdb403\.m2\repository\org\springframework\boot\spring-boot-starter-tomcat\2.0.4.RELEASE\spring-boot-starter-tomcat-2.0.4.RELEASE.jar;C:\Users\ustjavafsdb403\.m2\repository\org\apache\tomcat\embed\tomcat-embed-core\8.5.32\tomcat-embed-core-8.5.32.jar;C:\Users\ustjavafsdb403\.m2\repository\org\apache\tomcat\embed\tomcat-embed-el\8.5.32\tomcat-embed-el-8.5.32.jar;C:\Users\ustjavafsdb403\.m2\repository\org\apache\tomcat\embed\tomcat-embed-websocket\8.5.32\tomcat-embed-websocket-8.5.32.jar;C:\Users\ustjavafsdb403\.m2\repository\org\hibernate\validator\hibernate-validator\6.0.11.Final\hibernate-validator-6.0.11.Final.jar;C:\Users\ustjavafsdb403\.m2\repository\javax\validation\validation-api\2.0.1.Final\validation-api-2.0.1.Final.jar;C:\Users\ustjavafsdb403\.m2\repository\org\openjfx\javafx.base\11.0.0-SNAPSHOT\javafx.base-11.0.0-SNAPSHOT.jar;C:\Users\ustjavafsdb403\.m2\repository\org\openjfx\javafx.base\11.0.0-SNAPSHOT\javafx.base-11.0.0-SNAPSHOT-linux.jar;C:\Users\ustjavafsdb403\.m2\repository\org\openjfx\javafx.base\11.0.0-SNAPSHOT\javafx.base-11.0.0-SNAPSHOT-mac.jar;C:\Users\ustjavafsdb403\.m2\repository\org\openjfx\javafx.base\11.0.0-SNAPSHOT\javafx.base-11.0.0-SNAPSHOT-win.jar;C:\Users\ustjavafsdb403\.m2\repository\org\springframework\spring-web\5.0.8.RELEASE\spring-web-5.0.8.RELEASE.jar;C:\Users\ustjavafsdb403\.m2\repository\org\springframework\spring-webmvc\5.0.8.RELEASE\spring-webmvc-5.0.8.RELEASE.jar;C:\Users\ustjavafsdb403\.m2\repository\org\springframework\spring-expression\5.0.8.RELEASE\spring-expression-5.0.8.RELEASE.jar;C:\Users\ustjavafsdb403\.m2\repository\com\h2database\h2\1.4.197\h2-1.4.197.jar;C:\Users\ustjavafsdb403\.m2\repository\javax\xml\bind\jaxb-api\2.3.0\jaxb-api-2.3.0.jar;C:\Users\ustjavafsdb403\.m2\repository\org\springframework\boot\spring-boot-starter-test\2.0.4.RELEASE\spring-boot-starter-test-2.0.4.RELEASE.jar;C:\Users\ustjavafsdb403\.m2\repository\org\springframework\boot\spring-boot-test\2.0.4.RELEASE\spring-boot-test-2.0.4.RELEASE.jar;C:\Users\ustjavafsdb403\.m2\repository\org\springframework\boot\spring-boot-test-autoconfigure\2.0.4.RELEASE\spring-boot-test-autoconfigure-2.0.4.RELEASE.jar;C:\Users\ustjavafsdb403\.m2\repository\com\jayway\jsonpath\json-path\2.4.0\json-path-2.4.0.jar;C:\Users\ustjavafsdb403\.m2\repository\net\minidev\json-smart\2.3\json-smart-2.3.jar;C:\Users\ustjavafsdb403\.m2\repository\net\minidev\accessors-smart\1.2\accessors-smart-1.2.jar;C:\Users\ustjavafsdb403\.m2\repository\org\ow2\asm\asm\5.0.4\asm-5.0.4.jar;C:\Users\ustjavafsdb403\.m2\repository\junit\junit\4.12\junit-4.12.jar;C:\Users\ustjavafsdb403\.m2\repository\org\assertj\assertj-core\3.9.1\assertj-core-3.9.1.jar;C:\Users\ustjavafsdb403\.m2\repository\org\mockito\mockito-core\2.15.0\mockito-core-2.15.0.jar;C:\Users\ustjavafsdb403\.m2\repository\net\bytebuddy\byte-buddy\1.7.11\byte-buddy-1.7.11.jar;C:\Users\ustjavafsdb403\.m2\repository\net\bytebuddy\byte-buddy-agent\1.7.11\byte-buddy-agent-1.7.11.jar;C:\Users\ustjavafsdb403\.m2\repository\org\objenesis\objenesis\2.6\objenesis-2.6.jar;C:\Users\ustjavafsdb403\.m2\repository\org\hamcrest\hamcrest-core\1.3\hamcrest-core-1.3.jar;C:\Users\ustjavafsdb403\.m2\repository\org\hamcrest\hamcrest-library\1.3\hamcrest-library-1.3.jar;C:\Users\ustjavafsdb403\.m2\repository\org\skyscreamer\jsonassert\1.5.0\jsonassert-1.5.0.jar;C:\Users\ustjavafsdb403\.m2\repository\com\vaadin\external\google\android-json\0.0.20131108.vaadin1\android-json-0.0.20131108.vaadin1.jar;C:\Users\ustjavafsdb403\.m2\repository\org\springframework\spring-core\5.0.8.RELEASE\spring-core-5.0.8.RELEASE.jar;C:\Users\ustjavafsdb403\.m2\repository\org\springframework\spring-jcl\5.0.8.RELEASE\spring-jcl-5.0.8.RELEASE.jar;C:\Users\ustjavafsdb403\.m2\repository\org\springframework\spring-test\5.0.8.RELEASE\spring-test-5.0.8.RELEASE.jar;C:\Users\ustjavafsdb403\.m2\repository\org\xmlunit\xmlunit-core\2.5.1\xmlunit-core-2.5.1.jar;C:\Users\ustjavafsdb403\.m2\repository\com\fasterxml\jackson\module\jackson-module-parameter-names\2.9.6\jackson-module-parameter-names-2.9.6.jar;C:\Users\ustjavafsdb403\.m2\repository\com\fasterxml\jackson\core\jackson-core\2.9.6\jackson-core-2.9.6.jar;C:\Users\ustjavafsdb403\.m2\repository\com\fasterxml\jackson\core\jackson-databind\2.9.6\jackson-databind-2.9.6.jar;C:\Users\ustjavafsdb403\.m2\repository\com\fasterxml\jackson\datatype\jackson-datatype-jdk8\2.9.6\jackson-datatype-jdk8-2.9.6.jar;C:\Users\ustjavafsdb403\.m2\repository\com\fasterxml\jackson\datatype\jackson-datatype-jsr310\2.9.6\jackson-datatype-jsr310-2.9.6.jar;C:\Users\ustjavafsdb403\.m2\repository\com\fasterxml\jackson\core\jackson-annotations\2.9.0\jackson-annotations-2.9.0.jar;, sun.cpu.endian=little, user.home=C:\Users\ustjavafsdb403, user.language=en, java.specification.vendor=Oracle Corporation, java.version.date=2022-10-18, java.home=C:\Users\ustjavafsdb403\.p2\pool\plugins\org.eclipse.justj.openjdk.hotspot.jre.full.win32.x86_64_17.0.5.v20221102-0933\jre, file.separator=\, style.color=always, basedir=E:\spring-transaction-management-master, java.vm.compressedOopsMode=32-bit, line.separator=
, java.vm.specification.vendor=Oracle Corporation, java.specification.name=Java Platform API Specification, java.awt.headless=true, surefire.real.class.path=C:\Users\USTJAV~1\AppData\Local\Temp\surefire2126999072731693157\surefirebooter11800425145749619277.jar, user.script=, sun.management.compiler=HotSpot 64-Bit Tiered Compilers, java.runtime.version=17.0.5+8, user.name=ustjavafsdb403, path.separator=;, os.version=10.0, java.runtime.name=OpenJDK Runtime Environment, file.encoding=Cp1252, spring.beaninfo.ignore=true, java.vm.name=OpenJDK 64-Bit Server VM, java.vendor.version=Temurin-17.0.5+8, localRepository=C:\Users\ustjavafsdb403\.m2\repository, java.vendor.url.bug=https://github.com/adoptium/adoptium-support/issues, java.io.tmpdir=C:\Users\USTJAV~1\AppData\Local\Temp\, java.version=17.0.5, user.dir=E:\spring-transaction-management-master, os.arch=amd64, java.vm.specification.name=Java Virtual Machine Specification, PID=3888, sun.os.patch.level=, native.encoding=Cp1252, java.library.path=C:\Users\ustjavafsdb403\.p2\pool\plugins\org.eclipse.justj.openjdk.hotspot.jre.full.win32.x86_64_17.0.5.v20221102-0933\jre\bin;C:\Windows\Sun\Java\bin;C:\Windows\system32;C:\Windows;C:/Users/ustjavafsdb403/.p2/pool/plugins/org.eclipse.justj.openjdk.hotspot.jre.full.win32.x86_64_17.0.5.v20221102-0933/jre/bin/server;C:/Users/ustjavafsdb403/.p2/pool/plugins/org.eclipse.justj.openjdk.hotspot.jre.full.win32.x86_64_17.0.5.v20221102-0933/jre/bin;C:\Program Files\Common Files\Oracle\Java\javapath;C:\Windows\system32;C:\Windows;C:\Windows\System32\Wbem;C:\Windows\System32\WindowsPowerShell\v1.0\;C:\Windows\System32\OpenSSH\;C:\Program Files\Java\jdk-11.0.15\bin;C:\Program Files (x86)\Citrix\HDX\bin\;C:\Program Files\Citrix\HDX\bin\;C:\Program Files\Git\cmd;C:\Program Files\Docker\Docker\resources\bin;C:\Program Files\MySQL\MySQL Shell 8.0\bin\;C:\Users\ustjavafsdb403\AppData\Local\Microsoft\WindowsApps;C:\ProgramData\ustjavafsdb403\GitHubDesktop\bin;C:\Windows\system32;;., java.vm.info=mixed mode, java.vendor=Eclipse Adoptium, java.vm.version=17.0.5+8, sun.io.unicode.encoding=UnicodeLittle, java.class.version=61.0}}, SystemEnvironmentPropertySource@1453650546 {name='systemEnvironment', properties={PATH=C:/Users/ustjavafsdb403/.p2/pool/plugins/org.eclipse.justj.openjdk.hotspot.jre.full.win32.x86_64_17.0.5.v20221102-0933/jre/bin/server;C:/Users/ustjavafsdb403/.p2/pool/plugins/org.eclipse.justj.openjdk.hotspot.jre.full.win32.x86_64_17.0.5.v20221102-0933/jre/bin;C:\Program Files\Common Files\Oracle\Java\javapath;C:\Windows\system32;C:\Windows;C:\Windows\System32\Wbem;C:\Windows\System32\WindowsPowerShell\v1.0\;C:\Windows\System32\OpenSSH\;C:\Program Files\Java\jdk-11.0.15\bin;C:\Program Files (x86)\Citrix\HDX\bin\;C:\Program Files\Citrix\HDX\bin\;C:\Program Files\Git\cmd;C:\Program Files\Docker\Docker\resources\bin;C:\Program Files\MySQL\MySQL Shell 8.0\bin\;C:\Users\ustjavafsdb403\AppData\Local\Microsoft\WindowsApps;C:\ProgramData\ustjavafsdb403\GitHubDesktop\bin;C:\Windows\system32;, USERDOMAIN_ROAMINGPROFILE=IIHT, LOCALAPPDATA=C:\Users\ustjavafsdb403\AppData\Local, PROCESSOR_LEVEL=6, SYSTEMDRIVE=C:, COMMONPROGRAMFILES(X86)=C:\Program Files (x86)\Common Files, USERDOMAIN=IIHT, FPS_BROWSER_APP_PROFILE_STRING=Internet Explorer, LOGONSERVER=\\SDC, PROMPT=$P$G, SESSIONNAME=Console, ALLUSERSPROFILE=C:\ProgramData, PROGRAMFILES(X86)=C:\Program Files (x86), PROCESSOR_ARCHITECTURE=AMD64, DRIVERDATA=C:\Windows\System32\Drivers\DriverData, =E:=E:\spring-transaction-management-master, PROGRAMFILES=C:\Program Files, APPDATA=C:\Users\ustjavafsdb403\AppData\Roaming, PSMODULEPATH=C:\Program Files\WindowsPowerShell\Modules;C:\Windows\system32\WindowsPowerShell\v1.0\Modules;C:\Program Files\Citrix\Telemetry Service\, PROGRAMW6432=C:\Program Files, PROGRAMDATA=C:\ProgramData, SYSTEMROOT=C:\Windows, USERNAME=ustjavafsdb403, USERDNSDOMAIN=IIHT.TECH, FPS_BROWSER_USER_PROFILE_STRING=Default, ONEDRIVE=C:\Users\ustjavafsdb403\OneDrive, PATHEXT=.COM;.EXE;.BAT;.CMD;.VBS;.VBE;.JS;.JSE;.WSF;.WSH;.MSC, OS=Windows_NT, COMMONPROGRAMW6432=C:\Program Files\Common Files, COMPUTERNAME=USTFSD08, COMMONPROGRAMFILES=C:\Program Files\Common Files, COMSPEC=C:\Windows\system32\cmd.exe, PROCESSOR_REVISION=4f01, WINDIR=C:\Windows, HOMEPATH=\Users\ustjavafsdb403, TEMP=C:\Users\USTJAV~1\AppData\Local\Temp, HOMEDRIVE=C:, PROCESSOR_IDENTIFIER=Intel64 Family 6 Model 79 Stepping 1, GenuineIntel, USERPROFILE=C:\Users\ustjavafsdb403, TMP=C:\Users\USTJAV~1\AppData\Local\Temp, PUBLIC=C:\Users\Public, NUMBER_OF_PROCESSORS=4, =::=::\}}]
2023-01-04 17:44:53.798 DEBUG 3888 --- [kground-preinit] o.apache.tomcat.util.digester.Digester   : [SetPropertiesRule]{mbeans-descriptors/mbean/attribute} Setting property 'description' to 'Should the parsing of web.xml and web-fragment.xml files be performed by a namespace aware parser?'
2023-01-04 17:44:53.799 DEBUG 3888 --- [           main] o.s.b.f.s.DefaultListableBeanFactory     : Creating shared instance of singleton bean 'org.springframework.boot.autoconfigure.AutoConfigurationPackages'
2023-01-04 17:44:53.799 DEBUG 3888 --- [           main] o.s.b.f.s.DefaultListableBeanFactory     : Creating instance of bean 'org.springframework.boot.autoconfigure.AutoConfigurationPackages'
2023-01-04 17:44:53.799 DEBUG 3888 --- [           main] o.s.b.f.s.DefaultListableBeanFactory     : Eagerly caching bean 'org.springframework.boot.autoconfigure.AutoConfigurationPackages' to allow for resolving potential circular references
2023-01-04 17:44:53.799 DEBUG 3888 --- [           main] o.s.b.f.s.DefaultListableBeanFactory     : Finished creating instance of bean 'org.springframework.boot.autoconfigure.AutoConfigurationPackages'
2023-01-04 17:44:53.799 DEBUG 3888 --- [           main] o.s.b.a.AutoConfigurationPackages        : @EnableAutoConfiguration was declared on a class in the package 'com.affani.datatranx'. Automatic @Repository and @Entity scanning is enabled.
2023-01-04 17:44:53.799 DEBUG 3888 --- [           main] .i.s.PathMatchingResourcePatternResolver : Resolved classpath location [com/affani/datatranx/] to resources [URL [file:/E:/spring-transaction-management-master/target/test-classes/com/affani/datatranx/], URL [file:/E:/spring-transaction-management-master/target/classes/com/affani/datatranx/]]
2023-01-04 17:44:53.799 DEBUG 3888 --- [           main] .i.s.PathMatchingResourcePatternResolver : Looking for matching resources in directory tree [E:\spring-transaction-management-master\target\test-classes\com\affani\datatranx]
2023-01-04 17:44:53.800 DEBUG 3888 --- [           main] .i.s.PathMatchingResourcePatternResolver : Searching directory [E:\spring-transaction-management-master\target\test-classes\com\affani\datatranx] for files matching pattern [E:/spring-transaction-management-master/target/test-classes/com/affani/datatranx/**/*.class]
2023-01-04 17:44:53.800 DEBUG 3888 --- [           main] .i.s.PathMatchingResourcePatternResolver : Searching directory [E:\spring-transaction-management-master\target\test-classes\com\affani\datatranx\controller] for files matching pattern [E:/spring-transaction-management-master/target/test-classes/com/affani/datatranx/**/*.class]
2023-01-04 17:44:53.800 DEBUG 3888 --- [           main] .i.s.PathMatchingResourcePatternResolver : Looking for matching resources in directory tree [E:\spring-transaction-management-master\target\classes\com\affani\datatranx]
2023-01-04 17:44:53.800 DEBUG 3888 --- [           main] .i.s.PathMatchingResourcePatternResolver : Searching directory [E:\spring-transaction-management-master\target\classes\com\affani\datatranx] for files matching pattern [E:/spring-transaction-management-master/target/classes/com/affani/datatranx/**/*.class]
2023-01-04 17:44:53.801 DEBUG 3888 --- [           main] .i.s.PathMatchingResourcePatternResolver : Searching directory [E:\spring-transaction-management-master\target\classes\com\affani\datatranx\config] for files matching pattern [E:/spring-transaction-management-master/target/classes/com/affani/datatranx/**/*.class]
2023-01-04 17:44:53.801 DEBUG 3888 --- [           main] .i.s.PathMatchingResourcePatternResolver : Searching directory [E:\spring-transaction-management-master\target\classes\com\affani\datatranx\controller] for files matching pattern [E:/spring-transaction-management-master/target/classes/com/affani/datatranx/**/*.class]
2023-01-04 17:44:53.801 DEBUG 3888 --- [           main] .i.s.PathMatchingResourcePatternResolver : Searching directory [E:\spring-transaction-management-master\target\classes\com\affani\datatranx\dao] for files matching pattern [E:/spring-transaction-management-master/target/classes/com/affani/datatranx/**/*.class]
2023-01-04 17:44:53.801 DEBUG 3888 --- [           main] .i.s.PathMatchingResourcePatternResolver : Searching directory [E:\spring-transaction-management-master\target\classes\com\affani\datatranx\model] for files matching pattern [E:/spring-transaction-management-master/target/classes/com/affani/datatranx/**/*.class]
2023-01-04 17:44:53.802 DEBUG 3888 --- [           main] .i.s.PathMatchingResourcePatternResolver : Searching directory [E:\spring-transaction-management-master\target\classes\com\affani\datatranx\rest] for files matching pattern [E:/spring-transaction-management-master/target/classes/com/affani/datatranx/**/*.class]
2023-01-04 17:44:53.802 DEBUG 3888 --- [           main] .i.s.PathMatchingResourcePatternResolver : Searching directory [E:\spring-transaction-management-master\target\classes\com\affani\datatranx\rest\model] for files matching pattern [E:/spring-transaction-management-master/target/classes/com/affani/datatranx/**/*.class]
2023-01-04 17:44:53.802 DEBUG 3888 --- [           main] .i.s.PathMatchingResourcePatternResolver : Searching directory [E:\spring-transaction-management-master\target\classes\com\affani\datatranx\service] for files matching pattern [E:/spring-transaction-management-master/target/classes/com/affani/datatranx/**/*.class]
2023-01-04 17:44:53.803 DEBUG 3888 --- [           main] .i.s.PathMatchingResourcePatternResolver : Resolved location pattern [classpath*:com/affani/datatranx/**/*.class] to resources [file [E:\spring-transaction-management-master\target\test-classes\com\affani\datatranx\controller\RESTAPIControllerTest.class], file [E:\spring-transaction-management-master\target\test-classes\com\affani\datatranx\DatatranxApplicationTests.class], file [E:\spring-transaction-management-master\target\classes\com\affani\datatranx\config\WebConfiguration.class], file [E:\spring-transaction-management-master\target\classes\com\affani\datatranx\controller\RESTAPIController.class], file [E:\spring-transaction-management-master\target\classes\com\affani\datatranx\dao\IAccountDAO.class], file [E:\spring-transaction-management-master\target\classes\com\affani\datatranx\DatatranxApplication.class], file [E:\spring-transaction-management-master\target\classes\com\affani\datatranx\model\Account.class], file [E:\spring-transaction-management-master\target\classes\com\affani\datatranx\rest\model\AccountTransferRestModel.class], file [E:\spring-transaction-management-master\target\classes\com\affani\datatranx\service\DeclarativeTrxAccountService.class], file [E:\spring-transaction-management-master\target\classes\com\affani\datatranx\service\IAccountService.class], file [E:\spring-transaction-management-master\target\classes\com\affani\datatranx\service\ProgTrxManagerAccountService.class], file [E:\spring-transaction-management-master\target\classes\com\affani\datatranx\service\ProgTrxTemplateAccountService$1.class], file [E:\spring-transaction-management-master\target\classes\com\affani\datatranx\service\ProgTrxTemplateAccountService.class]]
2023-01-04 17:44:53.804 DEBUG 3888 --- [kground-preinit] o.apache.tomcat.util.IntrospectionUtils  : IntrospectionUtils: setProperty(class org.apache.tomcat.util.modeler.AttributeInfo description=Should the parsing of web.xml and web-fragment.xml files be performed by a namespace aware parser?)
2023-01-04 17:44:53.804 DEBUG 3888 --- [kground-preinit] o.apache.tomcat.util.digester.Digester   : [SetPropertiesRule]{mbeans-descriptors/mbean/attribute} Setting property 'type' to 'boolean'
2023-01-04 17:44:53.804 DEBUG 3888 --- [kground-preinit] o.apache.tomcat.util.IntrospectionUtils  : IntrospectionUtils: setProperty(class org.apache.tomcat.util.modeler.AttributeInfo type=boolean)
2023-01-04 17:44:53.804 DEBUG 3888 --- [kground-preinit] o.apache.tomcat.util.digester.Digester   :   Fire begin() for SetNextRule[methodName=addAttribute, paramType=org.apache.tomcat.util.modeler.AttributeInfo]
2023-01-04 17:44:53.804 DEBUG 3888 --- [kground-preinit] o.a.tomcat.util.digester.Digester.sax    : endElement(,,attribute)
2023-01-04 17:44:53.804 DEBUG 3888 --- [kground-preinit] o.apache.tomcat.util.digester.Digester   :   match='mbeans-descriptors/mbean/attribute'
2023-01-04 17:44:53.805 DEBUG 3888 --- [kground-preinit] o.apache.tomcat.util.digester.Digester   :   bodyText=''
2023-01-04 17:44:53.805 DEBUG 3888 --- [kground-preinit] o.apache.tomcat.util.digester.Digester   :   Fire body() for ObjectCreateRule[className=org.apache.tomcat.util.modeler.AttributeInfo, attributeName=null]
2023-01-04 17:44:53.805 DEBUG 3888 --- [kground-preinit] o.apache.tomcat.util.digester.Digester   :   Fire body() for SetPropertiesRule[]
2023-01-04 17:44:53.805 DEBUG 3888 --- [kground-preinit] o.apache.tomcat.util.digester.Digester   :   Fire body() for SetNextRule[methodName=addAttribute, paramType=org.apache.tomcat.util.modeler.AttributeInfo]
2023-01-04 17:44:53.805 DEBUG 3888 --- [kground-preinit] o.apache.tomcat.util.digester.Digester   :   Fire end() for SetNextRule[methodName=addAttribute, paramType=org.apache.tomcat.util.modeler.AttributeInfo]
2023-01-04 17:44:53.805 DEBUG 3888 --- [kground-preinit] o.apache.tomcat.util.digester.Digester   : [SetNextRule]{mbeans-descriptors/mbean/attribute} Call org.apache.tomcat.util.modeler.ManagedBean.addAttribute(org.apache.tomcat.util.modeler.AttributeInfo@23f91ad8)
2023-01-04 17:44:53.805 DEBUG 3888 --- [kground-preinit] o.apache.tomcat.util.IntrospectionUtils  : IntrospectionUtils: callMethod1 org.apache.tomcat.util.modeler.ManagedBean org.apache.tomcat.util.modeler.AttributeInfo org.apache.tomcat.util.modeler.AttributeInfo
2023-01-04 17:44:53.806 DEBUG 3888 --- [kground-preinit] o.apache.tomcat.util.digester.Digester   :   Fire end() for SetPropertiesRule[]
2023-01-04 17:44:53.806 DEBUG 3888 --- [kground-preinit] o.apache.tomcat.util.digester.Digester   :   Fire end() for ObjectCreateRule[className=org.apache.tomcat.util.modeler.AttributeInfo, attributeName=null]
2023-01-04 17:44:53.806 DEBUG 3888 --- [kground-preinit] o.apache.tomcat.util.digester.Digester   : [ObjectCreateRule]{mbeans-descriptors/mbean/attribute} Pop org.apache.tomcat.util.modeler.AttributeInfo
2023-01-04 17:44:53.806 DEBUG 3888 --- [kground-preinit] o.a.tomcat.util.digester.Digester.sax    : characters(

    )
2023-01-04 17:44:53.806 DEBUG 3888 --- [kground-preinit] o.a.tomcat.util.digester.Digester.sax    : startElement(,,operation)
2023-01-04 17:44:53.806 DEBUG 3888 --- [kground-preinit] o.apache.tomcat.util.digester.Digester   :   New match='mbeans-descriptors/mbean/operation'
2023-01-04 17:44:53.806 DEBUG 3888 --- [kground-preinit] o.apache.tomcat.util.digester.Digester   :   Fire begin() for ObjectCreateRule[className=org.apache.tomcat.util.modeler.OperationInfo, attributeName=null]
2023-01-04 17:44:53.807 DEBUG 3888 --- [kground-preinit] o.apache.tomcat.util.digester.Digester   : [ObjectCreateRule]{mbeans-descriptors/mbean/operation}New org.apache.tomcat.util.modeler.OperationInfo
2023-01-04 17:44:53.807 DEBUG 3888 --- [kground-preinit] o.apache.tomcat.util.digester.Digester   :   Fire begin() for SetPropertiesRule[]
2023-01-04 17:44:53.807 DEBUG 3888 --- [kground-preinit] o.apache.tomcat.util.digester.Digester   : [SetPropertiesRule]{mbeans-descriptors/mbean/operation} Set org.apache.tomcat.util.modeler.OperationInfo properties
2023-01-04 17:44:53.807 DEBUG 3888 --- [kground-preinit] o.apache.tomcat.util.digester.Digester   : [SetPropertiesRule]{mbeans-descriptors/mbean/operation} Setting property 'name' to 'addApplicationListener'
2023-01-04 17:44:53.807 DEBUG 3888 --- [kground-preinit] o.apache.tomcat.util.IntrospectionUtils  : IntrospectionUtils: setProperty(class org.apache.tomcat.util.modeler.OperationInfo name=addApplicationListener)
2023-01-04 17:44:53.808 DEBUG 3888 --- [kground-preinit] o.apache.tomcat.util.digester.Digester   : [SetPropertiesRule]{mbeans-descriptors/mbean/operation} Setting property 'description' to 'Add a new Listener class name to the set of Listeners configured for this application.'
2023-01-04 17:44:53.808 DEBUG 3888 --- [kground-preinit] o.apache.tomcat.util.IntrospectionUtils  : IntrospectionUtils: setProperty(class org.apache.tomcat.util.modeler.OperationInfo description=Add a new Listener class name to the set of Listeners configured for this application.)
2023-01-04 17:44:53.808 DEBUG 3888 --- [kground-preinit] o.apache.tomcat.util.digester.Digester   : [SetPropertiesRule]{mbeans-descriptors/mbean/operation} Setting property 'impact' to 'ACTION'
2023-01-04 17:44:53.808 DEBUG 3888 --- [kground-preinit] o.apache.tomcat.util.IntrospectionUtils  : IntrospectionUtils: setProperty(class org.apache.tomcat.util.modeler.OperationInfo impact=ACTION)
2023-01-04 17:44:53.808 DEBUG 3888 --- [kground-preinit] o.apache.tomcat.util.digester.Digester   : [SetPropertiesRule]{mbeans-descriptors/mbean/operation} Setting property 'returnType' to 'void'
2023-01-04 17:44:53.808 DEBUG 3888 --- [kground-preinit] o.apache.tomcat.util.IntrospectionUtils  : IntrospectionUtils: setProperty(class org.apache.tomcat.util.modeler.OperationInfo returnType=void)
2023-01-04 17:44:53.808 DEBUG 3888 --- [kground-preinit] o.apache.tomcat.util.digester.Digester   :   Fire begin() for SetNextRule[methodName=addOperation, paramType=org.apache.tomcat.util.modeler.OperationInfo]
2023-01-04 17:44:53.808 DEBUG 3888 --- [kground-preinit] o.a.tomcat.util.digester.Digester.sax    : characters(
      )
2023-01-04 17:44:53.808 DEBUG 3888 --- [kground-preinit] o.a.tomcat.util.digester.Digester.sax    : startElement(,,parameter)
2023-01-04 17:44:53.808 DEBUG 3888 --- [kground-preinit] o.apache.tomcat.util.digester.Digester   :   New match='mbeans-descriptors/mbean/operation/parameter'
2023-01-04 17:44:53.809 DEBUG 3888 --- [kground-preinit] o.apache.tomcat.util.digester.Digester   :   Fire begin() for ObjectCreateRule[className=org.apache.tomcat.util.modeler.ParameterInfo, attributeName=null]
2023-01-04 17:44:53.809 DEBUG 3888 --- [kground-preinit] o.apache.tomcat.util.digester.Digester   : [ObjectCreateRule]{mbeans-descriptors/mbean/operation/parameter}New org.apache.tomcat.util.modeler.ParameterInfo
2023-01-04 17:44:53.809 DEBUG 3888 --- [kground-preinit] o.apache.tomcat.util.digester.Digester   :   Fire begin() for SetPropertiesRule[]
2023-01-04 17:44:53.809 DEBUG 3888 --- [kground-preinit] o.apache.tomcat.util.digester.Digester   : [SetPropertiesRule]{mbeans-descriptors/mbean/operation/parameter} Set org.apache.tomcat.util.modeler.ParameterInfo properties
2023-01-04 17:44:53.809 DEBUG 3888 --- [kground-preinit] o.apache.tomcat.util.digester.Digester   : [SetPropertiesRule]{mbeans-descriptors/mbean/operation/parameter} Setting property 'name' to 'listener'
2023-01-04 17:44:53.809 DEBUG 3888 --- [kground-preinit] o.apache.tomcat.util.IntrospectionUtils  : IntrospectionUtils: setProperty(class org.apache.tomcat.util.modeler.ParameterInfo name=listener)
2023-01-04 17:44:53.809 DEBUG 3888 --- [kground-preinit] o.apache.tomcat.util.digester.Digester   : [SetPropertiesRule]{mbeans-descriptors/mbean/operation/parameter} Setting property 'description' to 'Java class name of a listener class'
2023-01-04 17:44:53.809 DEBUG 3888 --- [kground-preinit] o.apache.tomcat.util.IntrospectionUtils  : IntrospectionUtils: setProperty(class org.apache.tomcat.util.modeler.ParameterInfo description=Java class name of a listener class)
2023-01-04 17:44:53.809 DEBUG 3888 --- [kground-preinit] o.apache.tomcat.util.digester.Digester   : [SetPropertiesRule]{mbeans-descriptors/mbean/operation/parameter} Setting property 'type' to 'java.lang.String'
2023-01-04 17:44:53.809 DEBUG 3888 --- [kground-preinit] o.apache.tomcat.util.IntrospectionUtils  : IntrospectionUtils: setProperty(class org.apache.tomcat.util.modeler.ParameterInfo type=java.lang.String)
2023-01-04 17:44:53.809 DEBUG 3888 --- [kground-preinit] o.apache.tomcat.util.digester.Digester   :   Fire begin() for SetNextRule[methodName=addParameter, paramType=org.apache.tomcat.util.modeler.ParameterInfo]
2023-01-04 17:44:53.809 DEBUG 3888 --- [kground-preinit] o.a.tomcat.util.digester.Digester.sax    : endElement(,,parameter)
2023-01-04 17:44:53.809 DEBUG 3888 --- [kground-preinit] o.apache.tomcat.util.digester.Digester   :   match='mbeans-descriptors/mbean/operation/parameter'
2023-01-04 17:44:53.809 DEBUG 3888 --- [kground-preinit] o.apache.tomcat.util.digester.Digester   :   bodyText=''
2023-01-04 17:44:53.809 DEBUG 3888 --- [kground-preinit] o.apache.tomcat.util.digester.Digester   :   Fire body() for ObjectCreateRule[className=org.apache.tomcat.util.modeler.ParameterInfo, attributeName=null]
2023-01-04 17:44:53.809 DEBUG 3888 --- [kground-preinit] o.apache.tomcat.util.digester.Digester   :   Fire body() for SetPropertiesRule[]
2023-01-04 17:44:53.810 DEBUG 3888 --- [kground-preinit] o.apache.tomcat.util.digester.Digester   :   Fire body() for SetNextRule[methodName=addParameter, paramType=org.apache.tomcat.util.modeler.ParameterInfo]
2023-01-04 17:44:53.810 DEBUG 3888 --- [kground-preinit] o.apache.tomcat.util.digester.Digester   :   Fire end() for SetNextRule[methodName=addParameter, paramType=org.apache.tomcat.util.modeler.ParameterInfo]
2023-01-04 17:44:53.810 DEBUG 3888 --- [kground-preinit] o.apache.tomcat.util.digester.Digester   : [SetNextRule]{mbeans-descriptors/mbean/operation/parameter} Call org.apache.tomcat.util.modeler.OperationInfo.addParameter(org.apache.tomcat.util.modeler.ParameterInfo@74226bc6)
2023-01-04 17:44:53.810 DEBUG 3888 --- [kground-preinit] o.apache.tomcat.util.IntrospectionUtils  : IntrospectionUtils: callMethod1 org.apache.tomcat.util.modeler.OperationInfo org.apache.tomcat.util.modeler.ParameterInfo org.apache.tomcat.util.modeler.ParameterInfo
2023-01-04 17:44:53.810 DEBUG 3888 --- [kground-preinit] o.apache.tomcat.util.digester.Digester   :   Fire end() for SetPropertiesRule[]
2023-01-04 17:44:53.810 DEBUG 3888 --- [kground-preinit] o.apache.tomcat.util.digester.Digester   :   Fire end() for ObjectCreateRule[className=org.apache.tomcat.util.modeler.ParameterInfo, attributeName=null]
2023-01-04 17:44:53.810 DEBUG 3888 --- [kground-preinit] o.apache.tomcat.util.digester.Digester   : [ObjectCreateRule]{mbeans-descriptors/mbean/operation/parameter} Pop org.apache.tomcat.util.modeler.ParameterInfo
2023-01-04 17:44:53.810 DEBUG 3888 --- [kground-preinit] o.a.tomcat.util.digester.Digester.sax    : characters(
    )
2023-01-04 17:44:53.810 DEBUG 3888 --- [kground-preinit] o.a.tomcat.util.digester.Digester.sax    : endElement(,,operation)
2023-01-04 17:44:53.810 DEBUG 3888 --- [kground-preinit] o.apache.tomcat.util.digester.Digester   :   match='mbeans-descriptors/mbean/operation'
2023-01-04 17:44:53.810 DEBUG 3888 --- [kground-preinit] o.apache.tomcat.util.digester.Digester   :   bodyText='
      
    '
2023-01-04 17:44:53.810 DEBUG 3888 --- [kground-preinit] o.apache.tomcat.util.digester.Digester   :   Fire body() for ObjectCreateRule[className=org.apache.tomcat.util.modeler.OperationInfo, attributeName=null]
2023-01-04 17:44:53.810 DEBUG 3888 --- [kground-preinit] o.apache.tomcat.util.digester.Digester   :   Fire body() for SetPropertiesRule[]
2023-01-04 17:44:53.811 DEBUG 3888 --- [kground-preinit] o.apache.tomcat.util.digester.Digester   :   Fire body() for SetNextRule[methodName=addOperation, paramType=org.apache.tomcat.util.modeler.OperationInfo]
2023-01-04 17:44:53.811 DEBUG 3888 --- [kground-preinit] o.apache.tomcat.util.digester.Digester   :   Fire end() for SetNextRule[methodName=addOperation, paramType=org.apache.tomcat.util.modeler.OperationInfo]
2023-01-04 17:44:53.811 DEBUG 3888 --- [kground-preinit] o.apache.tomcat.util.digester.Digester   : [SetNextRule]{mbeans-descriptors/mbean/operation} Call org.apache.tomcat.util.modeler.ManagedBean.addOperation(org.apache.tomcat.util.modeler.OperationInfo@38cfdfaa)
2023-01-04 17:44:53.811 DEBUG 3888 --- [kground-preinit] o.apache.tomcat.util.IntrospectionUtils  : IntrospectionUtils: callMethod1 org.apache.tomcat.util.modeler.ManagedBean org.apache.tomcat.util.modeler.OperationInfo org.apache.tomcat.util.modeler.OperationInfo
2023-01-04 17:44:53.811 DEBUG 3888 --- [kground-preinit] o.apache.tomcat.util.digester.Digester   :   Fire end() for SetPropertiesRule[]
2023-01-04 17:44:53.811 DEBUG 3888 --- [kground-preinit] o.apache.tomcat.util.digester.Digester   :   Fire end() for ObjectCreateRule[className=org.apache.tomcat.util.modeler.OperationInfo, attributeName=null]
2023-01-04 17:44:53.811 DEBUG 3888 --- [kground-preinit] o.apache.tomcat.util.digester.Digester   : [ObjectCreateRule]{mbeans-descriptors/mbean/operation} Pop org.apache.tomcat.util.modeler.OperationInfo
2023-01-04 17:44:53.811 DEBUG 3888 --- [kground-preinit] o.a.tomcat.util.digester.Digester.sax    : characters(

    )
2023-01-04 17:44:53.811 DEBUG 3888 --- [kground-preinit] o.a.tomcat.util.digester.Digester.sax    : startElement(,,operation)
2023-01-04 17:44:53.811 DEBUG 3888 --- [kground-preinit] o.apache.tomcat.util.digester.Digester   :   New match='mbeans-descriptors/mbean/operation'
2023-01-04 17:44:53.811 DEBUG 3888 --- [kground-preinit] o.apache.tomcat.util.digester.Digester   :   Fire begin() for ObjectCreateRule[className=org.apache.tomcat.util.modeler.OperationInfo, attributeName=null]
2023-01-04 17:44:53.811 DEBUG 3888 --- [kground-preinit] o.apache.tomcat.util.digester.Digester   : [ObjectCreateRule]{mbeans-descriptors/mbean/operation}New org.apache.tomcat.util.modeler.OperationInfo
2023-01-04 17:44:53.811 DEBUG 3888 --- [kground-preinit] o.apache.tomcat.util.digester.Digester   :   Fire begin() for SetPropertiesRule[]
2023-01-04 17:44:53.811 DEBUG 3888 --- [kground-preinit] o.apache.tomcat.util.digester.Digester   : [SetPropertiesRule]{mbeans-descriptors/mbean/operation} Set org.apache.tomcat.util.modeler.OperationInfo properties
2023-01-04 17:44:53.811 DEBUG 3888 --- [kground-preinit] o.apache.tomcat.util.digester.Digester   : [SetPropertiesRule]{mbeans-descriptors/mbean/operation} Setting property 'name' to 'addApplicationParameter'
2023-01-04 17:44:53.812 DEBUG 3888 --- [kground-preinit] o.apache.tomcat.util.IntrospectionUtils  : IntrospectionUtils: setProperty(class org.apache.tomcat.util.modeler.OperationInfo name=addApplicationParameter)
2023-01-04 17:44:53.812 DEBUG 3888 --- [kground-preinit] o.apache.tomcat.util.digester.Digester   : [SetPropertiesRule]{mbeans-descriptors/mbean/operation} Setting property 'description' to 'Add a new application parameter for this application.'
2023-01-04 17:44:53.812 DEBUG 3888 --- [kground-preinit] o.apache.tomcat.util.IntrospectionUtils  : IntrospectionUtils: setProperty(class org.apache.tomcat.util.modeler.OperationInfo description=Add a new application parameter for this application.)
2023-01-04 17:44:53.812 DEBUG 3888 --- [kground-preinit] o.apache.tomcat.util.digester.Digester   : [SetPropertiesRule]{mbeans-descriptors/mbean/operation} Setting property 'impact' to 'ACTION'
2023-01-04 17:44:53.812 DEBUG 3888 --- [kground-preinit] o.apache.tomcat.util.IntrospectionUtils  : IntrospectionUtils: setProperty(class org.apache.tomcat.util.modeler.OperationInfo impact=ACTION)
2023-01-04 17:44:53.812 DEBUG 3888 --- [kground-preinit] o.apache.tomcat.util.digester.Digester   : [SetPropertiesRule]{mbeans-descriptors/mbean/operation} Setting property 'returnType' to 'void'
2023-01-04 17:44:53.812 DEBUG 3888 --- [kground-preinit] o.apache.tomcat.util.IntrospectionUtils  : IntrospectionUtils: setProperty(class org.apache.tomcat.util.modeler.OperationInfo returnType=void)
2023-01-04 17:44:53.812 DEBUG 3888 --- [kground-preinit] o.apache.tomcat.util.digester.Digester   :   Fire begin() for SetNextRule[methodName=addOperation, paramType=org.apache.tomcat.util.modeler.OperationInfo]
2023-01-04 17:44:53.812 DEBUG 3888 --- [kground-preinit] o.a.tomcat.util.digester.Digester.sax    : characters(
      )
2023-01-04 17:44:53.812 DEBUG 3888 --- [kground-preinit] o.a.tomcat.util.digester.Digester.sax    : startElement(,,parameter)
2023-01-04 17:44:53.812 DEBUG 3888 --- [kground-preinit] o.apache.tomcat.util.digester.Digester   :   New match='mbeans-descriptors/mbean/operation/parameter'
2023-01-04 17:44:53.812 DEBUG 3888 --- [kground-preinit] o.apache.tomcat.util.digester.Digester   :   Fire begin() for ObjectCreateRule[className=org.apache.tomcat.util.modeler.ParameterInfo, attributeName=null]
2023-01-04 17:44:53.812 DEBUG 3888 --- [kground-preinit] o.apache.tomcat.util.digester.Digester   : [ObjectCreateRule]{mbeans-descriptors/mbean/operation/parameter}New org.apache.tomcat.util.modeler.ParameterInfo
2023-01-04 17:44:53.812 DEBUG 3888 --- [kground-preinit] o.apache.tomcat.util.digester.Digester   :   Fire begin() for SetPropertiesRule[]
2023-01-04 17:44:53.812 DEBUG 3888 --- [kground-preinit] o.apache.tomcat.util.digester.Digester   : [SetPropertiesRule]{mbeans-descriptors/mbean/operation/parameter} Set org.apache.tomcat.util.modeler.ParameterInfo properties
2023-01-04 17:44:53.813 DEBUG 3888 --- [kground-preinit] o.apache.tomcat.util.digester.Digester   : [SetPropertiesRule]{mbeans-descriptors/mbean/operation/parameter} Setting property 'name' to 'listener'
2023-01-04 17:44:53.813 DEBUG 3888 --- [kground-preinit] o.apache.tomcat.util.IntrospectionUtils  : IntrospectionUtils: setProperty(class org.apache.tomcat.util.modeler.ParameterInfo name=listener)
2023-01-04 17:44:53.813 DEBUG 3888 --- [kground-preinit] o.apache.tomcat.util.digester.Digester   : [SetPropertiesRule]{mbeans-descriptors/mbean/operation/parameter} Setting property 'description' to 'Java class name of a listener class'
2023-01-04 17:44:53.813 DEBUG 3888 --- [kground-preinit] o.apache.tomcat.util.IntrospectionUtils  : IntrospectionUtils: setProperty(class org.apache.tomcat.util.modeler.ParameterInfo description=Java class name of a listener class)
2023-01-04 17:44:53.813 DEBUG 3888 --- [kground-preinit] o.apache.tomcat.util.digester.Digester   : [SetPropertiesRule]{mbeans-descriptors/mbean/operation/parameter} Setting property 'type' to 'java.lang.String'
2023-01-04 17:44:53.813 DEBUG 3888 --- [kground-preinit] o.apache.tomcat.util.IntrospectionUtils  : IntrospectionUtils: setProperty(class org.apache.tomcat.util.modeler.ParameterInfo type=java.lang.String)
2023-01-04 17:44:53.813 DEBUG 3888 --- [kground-preinit] o.apache.tomcat.util.digester.Digester   :   Fire begin() for SetNextRule[methodName=addParameter, paramType=org.apache.tomcat.util.modeler.ParameterInfo]
2023-01-04 17:44:53.813 DEBUG 3888 --- [kground-preinit] o.a.tomcat.util.digester.Digester.sax    : endElement(,,parameter)
2023-01-04 17:44:53.813 DEBUG 3888 --- [kground-preinit] o.apache.tomcat.util.digester.Digester   :   match='mbeans-descriptors/mbean/operation/parameter'
2023-01-04 17:44:53.813 DEBUG 3888 --- [kground-preinit] o.apache.tomcat.util.digester.Digester   :   bodyText=''
2023-01-04 17:44:53.813 DEBUG 3888 --- [kground-preinit] o.apache.tomcat.util.digester.Digester   :   Fire body() for ObjectCreateRule[className=org.apache.tomcat.util.modeler.ParameterInfo, attributeName=null]
2023-01-04 17:44:53.813 DEBUG 3888 --- [kground-preinit] o.apache.tomcat.util.digester.Digester   :   Fire body() for SetPropertiesRule[]
2023-01-04 17:44:53.813 DEBUG 3888 --- [kground-preinit] o.apache.tomcat.util.digester.Digester   :   Fire body() for SetNextRule[methodName=addParameter, paramType=org.apache.tomcat.util.modeler.ParameterInfo]
2023-01-04 17:44:53.813 DEBUG 3888 --- [kground-preinit] o.apache.tomcat.util.digester.Digester   :   Fire end() for SetNextRule[methodName=addParameter, paramType=org.apache.tomcat.util.modeler.ParameterInfo]
2023-01-04 17:44:53.813 DEBUG 3888 --- [kground-preinit] o.apache.tomcat.util.digester.Digester   : [SetNextRule]{mbeans-descriptors/mbean/operation/parameter} Call org.apache.tomcat.util.modeler.OperationInfo.addParameter(org.apache.tomcat.util.modeler.ParameterInfo@1a86ffa2)
2023-01-04 17:44:53.814 DEBUG 3888 --- [kground-preinit] o.apache.tomcat.util.IntrospectionUtils  : IntrospectionUtils: callMethod1 org.apache.tomcat.util.modeler.OperationInfo org.apache.tomcat.util.modeler.ParameterInfo org.apache.tomcat.util.modeler.ParameterInfo
2023-01-04 17:44:53.814 DEBUG 3888 --- [kground-preinit] o.apache.tomcat.util.digester.Digester   :   Fire end() for SetPropertiesRule[]
2023-01-04 17:44:53.814 DEBUG 3888 --- [kground-preinit] o.apache.tomcat.util.digester.Digester   :   Fire end() for ObjectCreateRule[className=org.apache.tomcat.util.modeler.ParameterInfo, attributeName=null]
2023-01-04 17:44:53.814 DEBUG 3888 --- [kground-preinit] o.apache.tomcat.util.digester.Digester   : [ObjectCreateRule]{mbeans-descriptors/mbean/operation/parameter} Pop org.apache.tomcat.util.modeler.ParameterInfo
2023-01-04 17:44:53.814 DEBUG 3888 --- [kground-preinit] o.a.tomcat.util.digester.Digester.sax    : characters(
    )
2023-01-04 17:44:53.814 DEBUG 3888 --- [kground-preinit] o.a.tomcat.util.digester.Digester.sax    : endElement(,,operation)
2023-01-04 17:44:53.814 DEBUG 3888 --- [kground-preinit] o.apache.tomcat.util.digester.Digester   :   match='mbeans-descriptors/mbean/operation'
2023-01-04 17:44:53.814 DEBUG 3888 --- [kground-preinit] o.apache.tomcat.util.digester.Digester   :   bodyText='
      
    '
2023-01-04 17:44:53.814 DEBUG 3888 --- [kground-preinit] o.apache.tomcat.util.digester.Digester   :   Fire body() for ObjectCreateRule[className=org.apache.tomcat.util.modeler.OperationInfo, attributeName=null]
2023-01-04 17:44:53.814 DEBUG 3888 --- [kground-preinit] o.apache.tomcat.util.digester.Digester   :   Fire body() for SetPropertiesRule[]
2023-01-04 17:44:53.814 DEBUG 3888 --- [kground-preinit] o.apache.tomcat.util.digester.Digester   :   Fire body() for SetNextRule[methodName=addOperation, paramType=org.apache.tomcat.util.modeler.OperationInfo]
2023-01-04 17:44:53.814 DEBUG 3888 --- [kground-preinit] o.apache.tomcat.util.digester.Digester   :   Fire end() for SetNextRule[methodName=addOperation, paramType=org.apache.tomcat.util.modeler.OperationInfo]
2023-01-04 17:44:53.814 DEBUG 3888 --- [kground-preinit] o.apache.tomcat.util.digester.Digester   : [SetNextRule]{mbeans-descriptors/mbean/operation} Call org.apache.tomcat.util.modeler.ManagedBean.addOperation(org.apache.tomcat.util.modeler.OperationInfo@714209f0)
2023-01-04 17:44:53.814 DEBUG 3888 --- [kground-preinit] o.apache.tomcat.util.IntrospectionUtils  : IntrospectionUtils: callMethod1 org.apache.tomcat.util.modeler.ManagedBean org.apache.tomcat.util.modeler.OperationInfo org.apache.tomcat.util.modeler.OperationInfo
2023-01-04 17:44:53.814 DEBUG 3888 --- [kground-preinit] o.apache.tomcat.util.digester.Digester   :   Fire end() for SetPropertiesRule[]
2023-01-04 17:44:53.815 DEBUG 3888 --- [kground-preinit] o.apache.tomcat.util.digester.Digester   :   Fire end() for ObjectCreateRule[className=org.apache.tomcat.util.modeler.OperationInfo, attributeName=null]
2023-01-04 17:44:53.815 DEBUG 3888 --- [kground-preinit] o.apache.tomcat.util.digester.Digester   : [ObjectCreateRule]{mbeans-descriptors/mbean/operation} Pop org.apache.tomcat.util.modeler.OperationInfo
2023-01-04 17:44:53.815 DEBUG 3888 --- [kground-preinit] o.a.tomcat.util.digester.Digester.sax    : characters(

    )
2023-01-04 17:44:53.815 DEBUG 3888 --- [kground-preinit] o.a.tomcat.util.digester.Digester.sax    : startElement(,,operation)
2023-01-04 17:44:53.815 DEBUG 3888 --- [kground-preinit] o.apache.tomcat.util.digester.Digester   :   New match='mbeans-descriptors/mbean/operation'
2023-01-04 17:44:53.815 DEBUG 3888 --- [kground-preinit] o.apache.tomcat.util.digester.Digester   :   Fire begin() for ObjectCreateRule[className=org.apache.tomcat.util.modeler.OperationInfo, attributeName=null]
2023-01-04 17:44:53.815 DEBUG 3888 --- [kground-preinit] o.apache.tomcat.util.digester.Digester   : [ObjectCreateRule]{mbeans-descriptors/mbean/operation}New org.apache.tomcat.util.modeler.OperationInfo
2023-01-04 17:44:53.815 DEBUG 3888 --- [kground-preinit] o.apache.tomcat.util.digester.Digester   :   Fire begin() for SetPropertiesRule[]
2023-01-04 17:44:53.815 DEBUG 3888 --- [kground-preinit] o.apache.tomcat.util.digester.Digester   : [SetPropertiesRule]{mbeans-descriptors/mbean/operation} Set org.apache.tomcat.util.modeler.OperationInfo properties
2023-01-04 17:44:53.815 DEBUG 3888 --- [kground-preinit] o.apache.tomcat.util.digester.Digester   : [SetPropertiesRule]{mbeans-descriptors/mbean/operation} Setting property 'name' to 'addChild'
2023-01-04 17:44:53.816 DEBUG 3888 --- [kground-preinit] o.apache.tomcat.util.IntrospectionUtils  : IntrospectionUtils: setProperty(class org.apache.tomcat.util.modeler.OperationInfo name=addChild)
2023-01-04 17:44:53.816 DEBUG 3888 --- [kground-preinit] o.apache.tomcat.util.digester.Digester   : [SetPropertiesRule]{mbeans-descriptors/mbean/operation} Setting property 'description' to 'Add a child to this Context'
2023-01-04 17:44:53.816 DEBUG 3888 --- [kground-preinit] o.apache.tomcat.util.IntrospectionUtils  : IntrospectionUtils: setProperty(class org.apache.tomcat.util.modeler.OperationInfo description=Add a child to this Context)
2023-01-04 17:44:53.816 DEBUG 3888 --- [kground-preinit] o.apache.tomcat.util.digester.Digester   : [SetPropertiesRule]{mbeans-descriptors/mbean/operation} Setting property 'impact' to 'ACTION'
2023-01-04 17:44:53.816 DEBUG 3888 --- [kground-preinit] o.apache.tomcat.util.IntrospectionUtils  : IntrospectionUtils: setProperty(class org.apache.tomcat.util.modeler.OperationInfo impact=ACTION)
2023-01-04 17:44:53.816 DEBUG 3888 --- [kground-preinit] o.apache.tomcat.util.digester.Digester   : [SetPropertiesRule]{mbeans-descriptors/mbean/operation} Setting property 'returnType' to 'void'
2023-01-04 17:44:53.816 DEBUG 3888 --- [kground-preinit] o.apache.tomcat.util.IntrospectionUtils  : IntrospectionUtils: setProperty(class org.apache.tomcat.util.modeler.OperationInfo returnType=void)
2023-01-04 17:44:53.816 DEBUG 3888 --- [kground-preinit] o.apache.tomcat.util.digester.Digester   :   Fire begin() for SetNextRule[methodName=addOperation, paramType=org.apache.tomcat.util.modeler.OperationInfo]
2023-01-04 17:44:53.817 DEBUG 3888 --- [kground-preinit] o.a.tomcat.util.digester.Digester.sax    : characters(
      )
2023-01-04 17:44:53.817 DEBUG 3888 --- [kground-preinit] o.a.tomcat.util.digester.Digester.sax    : startElement(,,parameter)
2023-01-04 17:44:53.817 DEBUG 3888 --- [kground-preinit] o.apache.tomcat.util.digester.Digester   :   New match='mbeans-descriptors/mbean/operation/parameter'
2023-01-04 17:44:53.817 DEBUG 3888 --- [kground-preinit] o.apache.tomcat.util.digester.Digester   :   Fire begin() for ObjectCreateRule[className=org.apache.tomcat.util.modeler.ParameterInfo, attributeName=null]
2023-01-04 17:44:53.817 DEBUG 3888 --- [kground-preinit] o.apache.tomcat.util.digester.Digester   : [ObjectCreateRule]{mbeans-descriptors/mbean/operation/parameter}New org.apache.tomcat.util.modeler.ParameterInfo
2023-01-04 17:44:53.818 DEBUG 3888 --- [kground-preinit] o.apache.tomcat.util.digester.Digester   :   Fire begin() for SetPropertiesRule[]
2023-01-04 17:44:53.818 DEBUG 3888 --- [kground-preinit] o.apache.tomcat.util.digester.Digester   : [SetPropertiesRule]{mbeans-descriptors/mbean/operation/parameter} Set org.apache.tomcat.util.modeler.ParameterInfo properties
2023-01-04 17:44:53.818 DEBUG 3888 --- [kground-preinit] o.apache.tomcat.util.digester.Digester   : [SetPropertiesRule]{mbeans-descriptors/mbean/operation/parameter} Setting property 'name' to 'type'
2023-01-04 17:44:53.818 DEBUG 3888 --- [kground-preinit] o.apache.tomcat.util.IntrospectionUtils  : IntrospectionUtils: setProperty(class org.apache.tomcat.util.modeler.ParameterInfo name=type)
2023-01-04 17:44:53.818 DEBUG 3888 --- [kground-preinit] o.apache.tomcat.util.digester.Digester   : [SetPropertiesRule]{mbeans-descriptors/mbean/operation/parameter} Setting property 'description' to 'Type(classname) of the new child to be added'
2023-01-04 17:44:53.818 DEBUG 3888 --- [kground-preinit] o.apache.tomcat.util.IntrospectionUtils  : IntrospectionUtils: setProperty(class org.apache.tomcat.util.modeler.ParameterInfo description=Type(classname) of the new child to be added)
2023-01-04 17:44:53.818 DEBUG 3888 --- [kground-preinit] o.apache.tomcat.util.digester.Digester   : [SetPropertiesRule]{mbeans-descriptors/mbean/operation/parameter} Setting property 'type' to 'java.lang.String'
2023-01-04 17:44:53.818 DEBUG 3888 --- [kground-preinit] o.apache.tomcat.util.IntrospectionUtils  : IntrospectionUtils: setProperty(class org.apache.tomcat.util.modeler.ParameterInfo type=java.lang.String)
2023-01-04 17:44:53.818 DEBUG 3888 --- [kground-preinit] o.apache.tomcat.util.digester.Digester   :   Fire begin() for SetNextRule[methodName=addParameter, paramType=org.apache.tomcat.util.modeler.ParameterInfo]
2023-01-04 17:44:53.818 DEBUG 3888 --- [kground-preinit] o.a.tomcat.util.digester.Digester.sax    : endElement(,,parameter)
2023-01-04 17:44:53.818 DEBUG 3888 --- [kground-preinit] o.apache.tomcat.util.digester.Digester   :   match='mbeans-descriptors/mbean/operation/parameter'
2023-01-04 17:44:53.818 DEBUG 3888 --- [kground-preinit] o.apache.tomcat.util.digester.Digester   :   bodyText=''
2023-01-04 17:44:53.818 DEBUG 3888 --- [kground-preinit] o.apache.tomcat.util.digester.Digester   :   Fire body() for ObjectCreateRule[className=org.apache.tomcat.util.modeler.ParameterInfo, attributeName=null]
2023-01-04 17:44:53.818 DEBUG 3888 --- [kground-preinit] o.apache.tomcat.util.digester.Digester   :   Fire body() for SetPropertiesRule[]
2023-01-04 17:44:53.818 DEBUG 3888 --- [kground-preinit] o.apache.tomcat.util.digester.Digester   :   Fire body() for SetNextRule[methodName=addParameter, paramType=org.apache.tomcat.util.modeler.ParameterInfo]
2023-01-04 17:44:53.819 DEBUG 3888 --- [kground-preinit] o.apache.tomcat.util.digester.Digester   :   Fire end() for SetNextRule[methodName=addParameter, paramType=org.apache.tomcat.util.modeler.ParameterInfo]
2023-01-04 17:44:53.819 DEBUG 3888 --- [kground-preinit] o.apache.tomcat.util.digester.Digester   : [SetNextRule]{mbeans-descriptors/mbean/operation/parameter} Call org.apache.tomcat.util.modeler.OperationInfo.addParameter(org.apache.tomcat.util.modeler.ParameterInfo@16d93045)
2023-01-04 17:44:53.819 DEBUG 3888 --- [kground-preinit] o.apache.tomcat.util.IntrospectionUtils  : IntrospectionUtils: callMethod1 org.apache.tomcat.util.modeler.OperationInfo org.apache.tomcat.util.modeler.ParameterInfo org.apache.tomcat.util.modeler.ParameterInfo
2023-01-04 17:44:53.819 DEBUG 3888 --- [kground-preinit] o.apache.tomcat.util.digester.Digester   :   Fire end() for SetPropertiesRule[]
2023-01-04 17:44:53.819 DEBUG 3888 --- [kground-preinit] o.apache.tomcat.util.digester.Digester   :   Fire end() for ObjectCreateRule[className=org.apache.tomcat.util.modeler.ParameterInfo, attributeName=null]
2023-01-04 17:44:53.819 DEBUG 3888 --- [kground-preinit] o.apache.tomcat.util.digester.Digester   : [ObjectCreateRule]{mbeans-descriptors/mbean/operation/parameter} Pop org.apache.tomcat.util.modeler.ParameterInfo
2023-01-04 17:44:53.819 DEBUG 3888 --- [kground-preinit] o.a.tomcat.util.digester.Digester.sax    : characters(
      )
2023-01-04 17:44:53.819 DEBUG 3888 --- [kground-preinit] o.a.tomcat.util.digester.Digester.sax    : startElement(,,parameter)
2023-01-04 17:44:53.819 DEBUG 3888 --- [kground-preinit] o.apache.tomcat.util.digester.Digester   :   New match='mbeans-descriptors/mbean/operation/parameter'
2023-01-04 17:44:53.819 DEBUG 3888 --- [kground-preinit] o.apache.tomcat.util.digester.Digester   :   Fire begin() for ObjectCreateRule[className=org.apache.tomcat.util.modeler.ParameterInfo, attributeName=null]
2023-01-04 17:44:53.819 DEBUG 3888 --- [kground-preinit] o.apache.tomcat.util.digester.Digester   : [ObjectCreateRule]{mbeans-descriptors/mbean/operation/parameter}New org.apache.tomcat.util.modeler.ParameterInfo
2023-01-04 17:44:53.819 DEBUG 3888 --- [kground-preinit] o.apache.tomcat.util.digester.Digester   :   Fire begin() for SetPropertiesRule[]
2023-01-04 17:44:53.820 DEBUG 3888 --- [kground-preinit] o.apache.tomcat.util.digester.Digester   : [SetPropertiesRule]{mbeans-descriptors/mbean/operation/parameter} Set org.apache.tomcat.util.modeler.ParameterInfo properties
2023-01-04 17:44:53.820 DEBUG 3888 --- [kground-preinit] o.apache.tomcat.util.digester.Digester   : [SetPropertiesRule]{mbeans-descriptors/mbean/operation/parameter} Setting property 'name' to 'name'
2023-01-04 17:44:53.820 DEBUG 3888 --- [kground-preinit] o.apache.tomcat.util.IntrospectionUtils  : IntrospectionUtils: setProperty(class org.apache.tomcat.util.modeler.ParameterInfo name=name)
2023-01-04 17:44:53.820 DEBUG 3888 --- [kground-preinit] o.apache.tomcat.util.digester.Digester   : [SetPropertiesRule]{mbeans-descriptors/mbean/operation/parameter} Setting property 'description' to 'Name of the child to be added'
2023-01-04 17:44:53.820 DEBUG 3888 --- [kground-preinit] o.apache.tomcat.util.IntrospectionUtils  : IntrospectionUtils: setProperty(class org.apache.tomcat.util.modeler.ParameterInfo description=Name of the child to be added)
2023-01-04 17:44:53.820 DEBUG 3888 --- [kground-preinit] o.apache.tomcat.util.digester.Digester   : [SetPropertiesRule]{mbeans-descriptors/mbean/operation/parameter} Setting property 'type' to 'java.lang.String'
2023-01-04 17:44:53.820 DEBUG 3888 --- [kground-preinit] o.apache.tomcat.util.IntrospectionUtils  : IntrospectionUtils: setProperty(class org.apache.tomcat.util.modeler.ParameterInfo type=java.lang.String)
2023-01-04 17:44:53.820 DEBUG 3888 --- [kground-preinit] o.apache.tomcat.util.digester.Digester   :   Fire begin() for SetNextRule[methodName=addParameter, paramType=org.apache.tomcat.util.modeler.ParameterInfo]
2023-01-04 17:44:53.820 DEBUG 3888 --- [kground-preinit] o.a.tomcat.util.digester.Digester.sax    : endElement(,,parameter)
2023-01-04 17:44:53.820 DEBUG 3888 --- [kground-preinit] o.apache.tomcat.util.digester.Digester   :   match='mbeans-descriptors/mbean/operation/parameter'
2023-01-04 17:44:53.820 DEBUG 3888 --- [kground-preinit] o.apache.tomcat.util.digester.Digester   :   bodyText=''
2023-01-04 17:44:53.820 DEBUG 3888 --- [kground-preinit] o.apache.tomcat.util.digester.Digester   :   Fire body() for ObjectCreateRule[className=org.apache.tomcat.util.modeler.ParameterInfo, attributeName=null]
2023-01-04 17:44:53.820 DEBUG 3888 --- [kground-preinit] o.apache.tomcat.util.digester.Digester   :   Fire body() for SetPropertiesRule[]
2023-01-04 17:44:53.820 DEBUG 3888 --- [kground-preinit] o.apache.tomcat.util.digester.Digester   :   Fire body() for SetNextRule[methodName=addParameter, paramType=org.apache.tomcat.util.modeler.ParameterInfo]
2023-01-04 17:44:53.820 DEBUG 3888 --- [kground-preinit] o.apache.tomcat.util.digester.Digester   :   Fire end() for SetNextRule[methodName=addParameter, paramType=org.apache.tomcat.util.modeler.ParameterInfo]
2023-01-04 17:44:53.821 DEBUG 3888 --- [kground-preinit] o.apache.tomcat.util.digester.Digester   : [SetNextRule]{mbeans-descriptors/mbean/operation/parameter} Call org.apache.tomcat.util.modeler.OperationInfo.addParameter(org.apache.tomcat.util.modeler.ParameterInfo@50ad8fbb)
2023-01-04 17:44:53.821 DEBUG 3888 --- [kground-preinit] o.apache.tomcat.util.IntrospectionUtils  : IntrospectionUtils: callMethod1 org.apache.tomcat.util.modeler.OperationInfo org.apache.tomcat.util.modeler.ParameterInfo org.apache.tomcat.util.modeler.ParameterInfo
2023-01-04 17:44:53.821 DEBUG 3888 --- [kground-preinit] o.apache.tomcat.util.digester.Digester   :   Fire end() for SetPropertiesRule[]
2023-01-04 17:44:53.821 DEBUG 3888 --- [kground-preinit] o.apache.tomcat.util.digester.Digester   :   Fire end() for ObjectCreateRule[className=org.apache.tomcat.util.modeler.ParameterInfo, attributeName=null]
2023-01-04 17:44:53.821 DEBUG 3888 --- [kground-preinit] o.apache.tomcat.util.digester.Digester   : [ObjectCreateRule]{mbeans-descriptors/mbean/operation/parameter} Pop org.apache.tomcat.util.modeler.ParameterInfo
2023-01-04 17:44:53.821 DEBUG 3888 --- [kground-preinit] o.a.tomcat.util.digester.Digester.sax    : characters(
    )
2023-01-04 17:44:53.821 DEBUG 3888 --- [kground-preinit] o.a.tomcat.util.digester.Digester.sax    : endElement(,,operation)
2023-01-04 17:44:53.821 DEBUG 3888 --- [kground-preinit] o.apache.tomcat.util.digester.Digester   :   match='mbeans-descriptors/mbean/operation'
2023-01-04 17:44:53.821 DEBUG 3888 --- [kground-preinit] o.apache.tomcat.util.digester.Digester   :   bodyText='
      
      
    '
2023-01-04 17:44:53.821 DEBUG 3888 --- [kground-preinit] o.apache.tomcat.util.digester.Digester   :   Fire body() for ObjectCreateRule[className=org.apache.tomcat.util.modeler.OperationInfo, attributeName=null]
2023-01-04 17:44:53.821 DEBUG 3888 --- [kground-preinit] o.apache.tomcat.util.digester.Digester   :   Fire body() for SetPropertiesRule[]
2023-01-04 17:44:53.821 DEBUG 3888 --- [kground-preinit] o.apache.tomcat.util.digester.Digester   :   Fire body() for SetNextRule[methodName=addOperation, paramType=org.apache.tomcat.util.modeler.OperationInfo]
2023-01-04 17:44:53.821 DEBUG 3888 --- [kground-preinit] o.apache.tomcat.util.digester.Digester   :   Fire end() for SetNextRule[methodName=addOperation, paramType=org.apache.tomcat.util.modeler.OperationInfo]
2023-01-04 17:44:53.821 DEBUG 3888 --- [kground-preinit] o.apache.tomcat.util.digester.Digester   : [SetNextRule]{mbeans-descriptors/mbean/operation} Call org.apache.tomcat.util.modeler.ManagedBean.addOperation(org.apache.tomcat.util.modeler.OperationInfo@7dfb11e3)
2023-01-04 17:44:53.821 DEBUG 3888 --- [kground-preinit] o.apache.tomcat.util.IntrospectionUtils  : IntrospectionUtils: callMethod1 org.apache.tomcat.util.modeler.ManagedBean org.apache.tomcat.util.modeler.OperationInfo org.apache.tomcat.util.modeler.OperationInfo
2023-01-04 17:44:53.822 DEBUG 3888 --- [kground-preinit] o.apache.tomcat.util.digester.Digester   :   Fire end() for SetPropertiesRule[]
2023-01-04 17:44:53.822 DEBUG 3888 --- [kground-preinit] o.apache.tomcat.util.digester.Digester   :   Fire end() for ObjectCreateRule[className=org.apache.tomcat.util.modeler.OperationInfo, attributeName=null]
2023-01-04 17:44:53.822 DEBUG 3888 --- [kground-preinit] o.apache.tomcat.util.digester.Digester   : [ObjectCreateRule]{mbeans-descriptors/mbean/operation} Pop org.apache.tomcat.util.modeler.OperationInfo
2023-01-04 17:44:53.822 DEBUG 3888 --- [kground-preinit] o.a.tomcat.util.digester.Digester.sax    : characters(

    )
2023-01-04 17:44:53.822 DEBUG 3888 --- [kground-preinit] o.a.tomcat.util.digester.Digester.sax    : startElement(,,operation)
2023-01-04 17:44:53.822 DEBUG 3888 --- [kground-preinit] o.apache.tomcat.util.digester.Digester   :   New match='mbeans-descriptors/mbean/operation'
2023-01-04 17:44:53.822 DEBUG 3888 --- [kground-preinit] o.apache.tomcat.util.digester.Digester   :   Fire begin() for ObjectCreateRule[className=org.apache.tomcat.util.modeler.OperationInfo, attributeName=null]
2023-01-04 17:44:53.822 DEBUG 3888 --- [kground-preinit] o.apache.tomcat.util.digester.Digester   : [ObjectCreateRule]{mbeans-descriptors/mbean/operation}New org.apache.tomcat.util.modeler.OperationInfo
2023-01-04 17:44:53.822 DEBUG 3888 --- [           main] o.s.d.r.c.RepositoryComponentProvider    : Identified candidate component class: file [E:\spring-transaction-management-master\target\classes\com\affani\datatranx\dao\IAccountDAO.class]
2023-01-04 17:44:53.822 DEBUG 3888 --- [kground-preinit] o.apache.tomcat.util.digester.Digester   :   Fire begin() for SetPropertiesRule[]
2023-01-04 17:44:53.822 DEBUG 3888 --- [kground-preinit] o.apache.tomcat.util.digester.Digester   : [SetPropertiesRule]{mbeans-descriptors/mbean/operation} Set org.apache.tomcat.util.modeler.OperationInfo properties
2023-01-04 17:44:53.822 DEBUG 3888 --- [kground-preinit] o.apache.tomcat.util.digester.Digester   : [SetPropertiesRule]{mbeans-descriptors/mbean/operation} Setting property 'name' to 'addLifecycleListener'
2023-01-04 17:44:53.822 DEBUG 3888 --- [kground-preinit] o.apache.tomcat.util.IntrospectionUtils  : IntrospectionUtils: setProperty(class org.apache.tomcat.util.modeler.OperationInfo name=addLifecycleListener)
2023-01-04 17:44:53.822 DEBUG 3888 --- [kground-preinit] o.apache.tomcat.util.digester.Digester   : [SetPropertiesRule]{mbeans-descriptors/mbean/operation} Setting property 'description' to 'Add a lifecycle listener to this Context'
2023-01-04 17:44:53.822 DEBUG 3888 --- [kground-preinit] o.apache.tomcat.util.IntrospectionUtils  : IntrospectionUtils: setProperty(class org.apache.tomcat.util.modeler.OperationInfo description=Add a lifecycle listener to this Context)
2023-01-04 17:44:53.823 DEBUG 3888 --- [kground-preinit] o.apache.tomcat.util.digester.Digester   : [SetPropertiesRule]{mbeans-descriptors/mbean/operation} Setting property 'impact' to 'ACTION'
2023-01-04 17:44:53.823 DEBUG 3888 --- [kground-preinit] o.apache.tomcat.util.IntrospectionUtils  : IntrospectionUtils: setProperty(class org.apache.tomcat.util.modeler.OperationInfo impact=ACTION)
2023-01-04 17:44:53.823 DEBUG 3888 --- [kground-preinit] o.apache.tomcat.util.digester.Digester   : [SetPropertiesRule]{mbeans-descriptors/mbean/operation} Setting property 'returnType' to 'void'
2023-01-04 17:44:53.823 DEBUG 3888 --- [kground-preinit] o.apache.tomcat.util.IntrospectionUtils  : IntrospectionUtils: setProperty(class org.apache.tomcat.util.modeler.OperationInfo returnType=void)
2023-01-04 17:44:53.823 DEBUG 3888 --- [kground-preinit] o.apache.tomcat.util.digester.Digester   :   Fire begin() for SetNextRule[methodName=addOperation, paramType=org.apache.tomcat.util.modeler.OperationInfo]
2023-01-04 17:44:53.823 DEBUG 3888 --- [kground-preinit] o.a.tomcat.util.digester.Digester.sax    : characters(
      )
2023-01-04 17:44:53.823 DEBUG 3888 --- [kground-preinit] o.a.tomcat.util.digester.Digester.sax    : startElement(,,parameter)
2023-01-04 17:44:53.823 DEBUG 3888 --- [kground-preinit] o.apache.tomcat.util.digester.Digester   :   New match='mbeans-descriptors/mbean/operation/parameter'
2023-01-04 17:44:53.823 DEBUG 3888 --- [kground-preinit] o.apache.tomcat.util.digester.Digester   :   Fire begin() for ObjectCreateRule[className=org.apache.tomcat.util.modeler.ParameterInfo, attributeName=null]
2023-01-04 17:44:53.823 DEBUG 3888 --- [kground-preinit] o.apache.tomcat.util.digester.Digester   : [ObjectCreateRule]{mbeans-descriptors/mbean/operation/parameter}New org.apache.tomcat.util.modeler.ParameterInfo
2023-01-04 17:44:53.823 DEBUG 3888 --- [kground-preinit] o.apache.tomcat.util.digester.Digester   :   Fire begin() for SetPropertiesRule[]
2023-01-04 17:44:53.823 DEBUG 3888 --- [kground-preinit] o.apache.tomcat.util.digester.Digester   : [SetPropertiesRule]{mbeans-descriptors/mbean/operation/parameter} Set org.apache.tomcat.util.modeler.ParameterInfo properties
2023-01-04 17:44:53.823 DEBUG 3888 --- [kground-preinit] o.apache.tomcat.util.digester.Digester   : [SetPropertiesRule]{mbeans-descriptors/mbean/operation/parameter} Setting property 'name' to 'type'
2023-01-04 17:44:53.823 DEBUG 3888 --- [kground-preinit] o.apache.tomcat.util.IntrospectionUtils  : IntrospectionUtils: setProperty(class org.apache.tomcat.util.modeler.ParameterInfo name=type)
2023-01-04 17:44:53.823 DEBUG 3888 --- [kground-preinit] o.apache.tomcat.util.digester.Digester   : [SetPropertiesRule]{mbeans-descriptors/mbean/operation/parameter} Setting property 'description' to 'Type(classname) of the new lifecycle listener to be added'
2023-01-04 17:44:53.823 DEBUG 3888 --- [kground-preinit] o.apache.tomcat.util.IntrospectionUtils  : IntrospectionUtils: setProperty(class org.apache.tomcat.util.modeler.ParameterInfo description=Type(classname) of the new lifecycle listener to be added)
2023-01-04 17:44:53.824 DEBUG 3888 --- [kground-preinit] o.apache.tomcat.util.digester.Digester   : [SetPropertiesRule]{mbeans-descriptors/mbean/operation/parameter} Setting property 'type' to 'java.lang.String'
2023-01-04 17:44:53.824 DEBUG 3888 --- [kground-preinit] o.apache.tomcat.util.IntrospectionUtils  : IntrospectionUtils: setProperty(class org.apache.tomcat.util.modeler.ParameterInfo type=java.lang.String)
2023-01-04 17:44:53.824 DEBUG 3888 --- [kground-preinit] o.apache.tomcat.util.digester.Digester   :   Fire begin() for SetNextRule[methodName=addParameter, paramType=org.apache.tomcat.util.modeler.ParameterInfo]
2023-01-04 17:44:53.824 DEBUG 3888 --- [kground-preinit] o.a.tomcat.util.digester.Digester.sax    : endElement(,,parameter)
2023-01-04 17:44:53.824 DEBUG 3888 --- [kground-preinit] o.apache.tomcat.util.digester.Digester   :   match='mbeans-descriptors/mbean/operation/parameter'
2023-01-04 17:44:53.824 DEBUG 3888 --- [kground-preinit] o.apache.tomcat.util.digester.Digester   :   bodyText=''
2023-01-04 17:44:53.824 DEBUG 3888 --- [kground-preinit] o.apache.tomcat.util.digester.Digester   :   Fire body() for ObjectCreateRule[className=org.apache.tomcat.util.modeler.ParameterInfo, attributeName=null]
2023-01-04 17:44:53.824 DEBUG 3888 --- [kground-preinit] o.apache.tomcat.util.digester.Digester   :   Fire body() for SetPropertiesRule[]
2023-01-04 17:44:53.825 DEBUG 3888 --- [kground-preinit] o.apache.tomcat.util.digester.Digester   :   Fire body() for SetNextRule[methodName=addParameter, paramType=org.apache.tomcat.util.modeler.ParameterInfo]
2023-01-04 17:44:53.825 DEBUG 3888 --- [kground-preinit] o.apache.tomcat.util.digester.Digester   :   Fire end() for SetNextRule[methodName=addParameter, paramType=org.apache.tomcat.util.modeler.ParameterInfo]
2023-01-04 17:44:53.825 DEBUG 3888 --- [kground-preinit] o.apache.tomcat.util.digester.Digester   : [SetNextRule]{mbeans-descriptors/mbean/operation/parameter} Call org.apache.tomcat.util.modeler.OperationInfo.addParameter(org.apache.tomcat.util.modeler.ParameterInfo@1c179a25)
2023-01-04 17:44:53.825 DEBUG 3888 --- [kground-preinit] o.apache.tomcat.util.IntrospectionUtils  : IntrospectionUtils: callMethod1 org.apache.tomcat.util.modeler.OperationInfo org.apache.tomcat.util.modeler.ParameterInfo org.apache.tomcat.util.modeler.ParameterInfo
2023-01-04 17:44:53.825 DEBUG 3888 --- [kground-preinit] o.apache.tomcat.util.digester.Digester   :   Fire end() for SetPropertiesRule[]
2023-01-04 17:44:53.825 DEBUG 3888 --- [kground-preinit] o.apache.tomcat.util.digester.Digester   :   Fire end() for ObjectCreateRule[className=org.apache.tomcat.util.modeler.ParameterInfo, attributeName=null]
2023-01-04 17:44:53.825 DEBUG 3888 --- [kground-preinit] o.apache.tomcat.util.digester.Digester   : [ObjectCreateRule]{mbeans-descriptors/mbean/operation/parameter} Pop org.apache.tomcat.util.modeler.ParameterInfo
2023-01-04 17:44:53.825 DEBUG 3888 --- [kground-preinit] o.a.tomcat.util.digester.Digester.sax    : characters(
    )
2023-01-04 17:44:53.825 DEBUG 3888 --- [kground-preinit] o.a.tomcat.util.digester.Digester.sax    : endElement(,,operation)
2023-01-04 17:44:53.825 DEBUG 3888 --- [kground-preinit] o.apache.tomcat.util.digester.Digester   :   match='mbeans-descriptors/mbean/operation'
2023-01-04 17:44:53.825 DEBUG 3888 --- [kground-preinit] o.apache.tomcat.util.digester.Digester   :   bodyText='
      
    '
2023-01-04 17:44:53.825 DEBUG 3888 --- [kground-preinit] o.apache.tomcat.util.digester.Digester   :   Fire body() for ObjectCreateRule[className=org.apache.tomcat.util.modeler.OperationInfo, attributeName=null]
2023-01-04 17:44:53.825 DEBUG 3888 --- [kground-preinit] o.apache.tomcat.util.digester.Digester   :   Fire body() for SetPropertiesRule[]
2023-01-04 17:44:53.825 DEBUG 3888 --- [kground-preinit] o.apache.tomcat.util.digester.Digester   :   Fire body() for SetNextRule[methodName=addOperation, paramType=org.apache.tomcat.util.modeler.OperationInfo]
2023-01-04 17:44:53.825 DEBUG 3888 --- [kground-preinit] o.apache.tomcat.util.digester.Digester   :   Fire end() for SetNextRule[methodName=addOperation, paramType=org.apache.tomcat.util.modeler.OperationInfo]
2023-01-04 17:44:53.825 DEBUG 3888 --- [kground-preinit] o.apache.tomcat.util.digester.Digester   : [SetNextRule]{mbeans-descriptors/mbean/operation} Call org.apache.tomcat.util.modeler.ManagedBean.addOperation(org.apache.tomcat.util.modeler.OperationInfo@4393cafa)
2023-01-04 17:44:53.826 DEBUG 3888 --- [kground-preinit] o.apache.tomcat.util.IntrospectionUtils  : IntrospectionUtils: callMethod1 org.apache.tomcat.util.modeler.ManagedBean org.apache.tomcat.util.modeler.OperationInfo org.apache.tomcat.util.modeler.OperationInfo
2023-01-04 17:44:53.826 DEBUG 3888 --- [kground-preinit] o.apache.tomcat.util.digester.Digester   :   Fire end() for SetPropertiesRule[]
2023-01-04 17:44:53.826 DEBUG 3888 --- [kground-preinit] o.apache.tomcat.util.digester.Digester   :   Fire end() for ObjectCreateRule[className=org.apache.tomcat.util.modeler.OperationInfo, attributeName=null]
2023-01-04 17:44:53.826 DEBUG 3888 --- [kground-preinit] o.apache.tomcat.util.digester.Digester   : [ObjectCreateRule]{mbeans-descriptors/mbean/operation} Pop org.apache.tomcat.util.modeler.OperationInfo
2023-01-04 17:44:53.826 DEBUG 3888 --- [kground-preinit] o.a.tomcat.util.digester.Digester.sax    : characters(

    )
2023-01-04 17:44:53.826 DEBUG 3888 --- [kground-preinit] o.a.tomcat.util.digester.Digester.sax    : startElement(,,operation)
2023-01-04 17:44:53.826 DEBUG 3888 --- [kground-preinit] o.apache.tomcat.util.digester.Digester   :   New match='mbeans-descriptors/mbean/operation'
2023-01-04 17:44:53.826 DEBUG 3888 --- [kground-preinit] o.apache.tomcat.util.digester.Digester   :   Fire begin() for ObjectCreateRule[className=org.apache.tomcat.util.modeler.OperationInfo, attributeName=null]
2023-01-04 17:44:53.826 DEBUG 3888 --- [kground-preinit] o.apache.tomcat.util.digester.Digester   : [ObjectCreateRule]{mbeans-descriptors/mbean/operation}New org.apache.tomcat.util.modeler.OperationInfo
2023-01-04 17:44:53.826 DEBUG 3888 --- [kground-preinit] o.apache.tomcat.util.digester.Digester   :   Fire begin() for SetPropertiesRule[]
2023-01-04 17:44:53.826 DEBUG 3888 --- [kground-preinit] o.apache.tomcat.util.digester.Digester   : [SetPropertiesRule]{mbeans-descriptors/mbean/operation} Set org.apache.tomcat.util.modeler.OperationInfo properties
2023-01-04 17:44:53.826 DEBUG 3888 --- [kground-preinit] o.apache.tomcat.util.digester.Digester   : [SetPropertiesRule]{mbeans-descriptors/mbean/operation} Setting property 'name' to 'addLocaleEncodingMappingParameter'
2023-01-04 17:44:53.826 DEBUG 3888 --- [kground-preinit] o.apache.tomcat.util.IntrospectionUtils  : IntrospectionUtils: setProperty(class org.apache.tomcat.util.modeler.OperationInfo name=addLocaleEncodingMappingParameter)
2023-01-04 17:44:53.826 DEBUG 3888 --- [kground-preinit] o.apache.tomcat.util.digester.Digester   : [SetPropertiesRule]{mbeans-descriptors/mbean/operation} Setting property 'description' to 'Add a Locale Encoding Mapping'
2023-01-04 17:44:53.827 DEBUG 3888 --- [kground-preinit] o.apache.tomcat.util.IntrospectionUtils  : IntrospectionUtils: setProperty(class org.apache.tomcat.util.modeler.OperationInfo description=Add a Locale Encoding Mapping)
2023-01-04 17:44:53.827 DEBUG 3888 --- [kground-preinit] o.apache.tomcat.util.digester.Digester   : [SetPropertiesRule]{mbeans-descriptors/mbean/operation} Setting property 'impact' to 'ACTION'
2023-01-04 17:44:53.827 DEBUG 3888 --- [kground-preinit] o.apache.tomcat.util.IntrospectionUtils  : IntrospectionUtils: setProperty(class org.apache.tomcat.util.modeler.OperationInfo impact=ACTION)
2023-01-04 17:44:53.827 DEBUG 3888 --- [kground-preinit] o.apache.tomcat.util.digester.Digester   : [SetPropertiesRule]{mbeans-descriptors/mbean/operation} Setting property 'returnType' to 'void'
2023-01-04 17:44:53.827 DEBUG 3888 --- [kground-preinit] o.apache.tomcat.util.IntrospectionUtils  : IntrospectionUtils: setProperty(class org.apache.tomcat.util.modeler.OperationInfo returnType=void)
2023-01-04 17:44:53.827 DEBUG 3888 --- [kground-preinit] o.apache.tomcat.util.digester.Digester   :   Fire begin() for SetNextRule[methodName=addOperation, paramType=org.apache.tomcat.util.modeler.OperationInfo]
2023-01-04 17:44:53.827 DEBUG 3888 --- [kground-preinit] o.a.tomcat.util.digester.Digester.sax    : characters(
      )
2023-01-04 17:44:53.828 DEBUG 3888 --- [kground-preinit] o.a.tomcat.util.digester.Digester.sax    : startElement(,,parameter)
2023-01-04 17:44:53.828 DEBUG 3888 --- [kground-preinit] o.apache.tomcat.util.digester.Digester   :   New match='mbeans-descriptors/mbean/operation/parameter'
2023-01-04 17:44:53.828 DEBUG 3888 --- [kground-preinit] o.apache.tomcat.util.digester.Digester   :   Fire begin() for ObjectCreateRule[className=org.apache.tomcat.util.modeler.ParameterInfo, attributeName=null]
2023-01-04 17:44:53.828 DEBUG 3888 --- [kground-preinit] o.apache.tomcat.util.digester.Digester   : [ObjectCreateRule]{mbeans-descriptors/mbean/operation/parameter}New org.apache.tomcat.util.modeler.ParameterInfo
2023-01-04 17:44:53.828 DEBUG 3888 --- [kground-preinit] o.apache.tomcat.util.digester.Digester   :   Fire begin() for SetPropertiesRule[]
2023-01-04 17:44:53.828 DEBUG 3888 --- [kground-preinit] o.apache.tomcat.util.digester.Digester   : [SetPropertiesRule]{mbeans-descriptors/mbean/operation/parameter} Set org.apache.tomcat.util.modeler.ParameterInfo properties
2023-01-04 17:44:53.828 DEBUG 3888 --- [kground-preinit] o.apache.tomcat.util.digester.Digester   : [SetPropertiesRule]{mbeans-descriptors/mbean/operation/parameter} Setting property 'name' to 'locale'
2023-01-04 17:44:53.828 DEBUG 3888 --- [kground-preinit] o.apache.tomcat.util.IntrospectionUtils  : IntrospectionUtils: setProperty(class org.apache.tomcat.util.modeler.ParameterInfo name=locale)
2023-01-04 17:44:53.828 DEBUG 3888 --- [kground-preinit] o.apache.tomcat.util.digester.Digester   : [SetPropertiesRule]{mbeans-descriptors/mbean/operation/parameter} Setting property 'description' to 'Locale to map an encoding for'
2023-01-04 17:44:53.828 DEBUG 3888 --- [kground-preinit] o.apache.tomcat.util.IntrospectionUtils  : IntrospectionUtils: setProperty(class org.apache.tomcat.util.modeler.ParameterInfo description=Locale to map an encoding for)
2023-01-04 17:44:53.828 DEBUG 3888 --- [kground-preinit] o.apache.tomcat.util.digester.Digester   : [SetPropertiesRule]{mbeans-descriptors/mbean/operation/parameter} Setting property 'type' to 'java.lang.String'
2023-01-04 17:44:53.828 DEBUG 3888 --- [kground-preinit] o.apache.tomcat.util.IntrospectionUtils  : IntrospectionUtils: setProperty(class org.apache.tomcat.util.modeler.ParameterInfo type=java.lang.String)
2023-01-04 17:44:53.828 DEBUG 3888 --- [kground-preinit] o.apache.tomcat.util.digester.Digester   :   Fire begin() for SetNextRule[methodName=addParameter, paramType=org.apache.tomcat.util.modeler.ParameterInfo]
2023-01-04 17:44:53.829 DEBUG 3888 --- [kground-preinit] o.a.tomcat.util.digester.Digester.sax    : endElement(,,parameter)
2023-01-04 17:44:53.829 DEBUG 3888 --- [kground-preinit] o.apache.tomcat.util.digester.Digester   :   match='mbeans-descriptors/mbean/operation/parameter'
2023-01-04 17:44:53.829 DEBUG 3888 --- [kground-preinit] o.apache.tomcat.util.digester.Digester   :   bodyText=''
2023-01-04 17:44:53.829 DEBUG 3888 --- [kground-preinit] o.apache.tomcat.util.digester.Digester   :   Fire body() for ObjectCreateRule[className=org.apache.tomcat.util.modeler.ParameterInfo, attributeName=null]
2023-01-04 17:44:53.829 DEBUG 3888 --- [kground-preinit] o.apache.tomcat.util.digester.Digester   :   Fire body() for SetPropertiesRule[]
2023-01-04 17:44:53.829 DEBUG 3888 --- [kground-preinit] o.apache.tomcat.util.digester.Digester   :   Fire body() for SetNextRule[methodName=addParameter, paramType=org.apache.tomcat.util.modeler.ParameterInfo]
2023-01-04 17:44:53.829 DEBUG 3888 --- [kground-preinit] o.apache.tomcat.util.digester.Digester   :   Fire end() for SetNextRule[methodName=addParameter, paramType=org.apache.tomcat.util.modeler.ParameterInfo]
2023-01-04 17:44:53.829 DEBUG 3888 --- [kground-preinit] o.apache.tomcat.util.digester.Digester   : [SetNextRule]{mbeans-descriptors/mbean/operation/parameter} Call org.apache.tomcat.util.modeler.OperationInfo.addParameter(org.apache.tomcat.util.modeler.ParameterInfo@7f7f4564)
2023-01-04 17:44:53.829 DEBUG 3888 --- [kground-preinit] o.apache.tomcat.util.IntrospectionUtils  : IntrospectionUtils: callMethod1 org.apache.tomcat.util.modeler.OperationInfo org.apache.tomcat.util.modeler.ParameterInfo org.apache.tomcat.util.modeler.ParameterInfo
2023-01-04 17:44:53.829 DEBUG 3888 --- [kground-preinit] o.apache.tomcat.util.digester.Digester   :   Fire end() for SetPropertiesRule[]
2023-01-04 17:44:53.829 DEBUG 3888 --- [kground-preinit] o.apache.tomcat.util.digester.Digester   :   Fire end() for ObjectCreateRule[className=org.apache.tomcat.util.modeler.ParameterInfo, attributeName=null]
2023-01-04 17:44:53.829 DEBUG 3888 --- [kground-preinit] o.apache.tomcat.util.digester.Digester   : [ObjectCreateRule]{mbeans-descriptors/mbean/operation/parameter} Pop org.apache.tomcat.util.modeler.ParameterInfo
2023-01-04 17:44:53.829 DEBUG 3888 --- [kground-preinit] o.a.tomcat.util.digester.Digester.sax    : characters(
      )
2023-01-04 17:44:53.829 DEBUG 3888 --- [kground-preinit] o.a.tomcat.util.digester.Digester.sax    : startElement(,,parameter)
2023-01-04 17:44:53.829 DEBUG 3888 --- [kground-preinit] o.apache.tomcat.util.digester.Digester   :   New match='mbeans-descriptors/mbean/operation/parameter'
2023-01-04 17:44:53.830 DEBUG 3888 --- [kground-preinit] o.apache.tomcat.util.digester.Digester   :   Fire begin() for ObjectCreateRule[className=org.apache.tomcat.util.modeler.ParameterInfo, attributeName=null]
2023-01-04 17:44:53.830 DEBUG 3888 --- [kground-preinit] o.apache.tomcat.util.digester.Digester   : [ObjectCreateRule]{mbeans-descriptors/mbean/operation/parameter}New org.apache.tomcat.util.modeler.ParameterInfo
2023-01-04 17:44:53.830 DEBUG 3888 --- [kground-preinit] o.apache.tomcat.util.digester.Digester   :   Fire begin() for SetPropertiesRule[]
2023-01-04 17:44:53.830 DEBUG 3888 --- [kground-preinit] o.apache.tomcat.util.digester.Digester   : [SetPropertiesRule]{mbeans-descriptors/mbean/operation/parameter} Set org.apache.tomcat.util.modeler.ParameterInfo properties
2023-01-04 17:44:53.830 DEBUG 3888 --- [kground-preinit] o.apache.tomcat.util.digester.Digester   : [SetPropertiesRule]{mbeans-descriptors/mbean/operation/parameter} Setting property 'name' to 'encoding'
2023-01-04 17:44:53.830 DEBUG 3888 --- [kground-preinit] o.apache.tomcat.util.IntrospectionUtils  : IntrospectionUtils: setProperty(class org.apache.tomcat.util.modeler.ParameterInfo name=encoding)
2023-01-04 17:44:53.830 DEBUG 3888 --- [kground-preinit] o.apache.tomcat.util.digester.Digester   : [SetPropertiesRule]{mbeans-descriptors/mbean/operation/parameter} Setting property 'description' to 'Encoding to be used for a give locale'
2023-01-04 17:44:53.830 DEBUG 3888 --- [kground-preinit] o.apache.tomcat.util.IntrospectionUtils  : IntrospectionUtils: setProperty(class org.apache.tomcat.util.modeler.ParameterInfo description=Encoding to be used for a give locale)
2023-01-04 17:44:53.830 DEBUG 3888 --- [kground-preinit] o.apache.tomcat.util.digester.Digester   : [SetPropertiesRule]{mbeans-descriptors/mbean/operation/parameter} Setting property 'type' to 'java.lang.String'
2023-01-04 17:44:53.830 DEBUG 3888 --- [kground-preinit] o.apache.tomcat.util.IntrospectionUtils  : IntrospectionUtils: setProperty(class org.apache.tomcat.util.modeler.ParameterInfo type=java.lang.String)
2023-01-04 17:44:53.830 DEBUG 3888 --- [kground-preinit] o.apache.tomcat.util.digester.Digester   :   Fire begin() for SetNextRule[methodName=addParameter, paramType=org.apache.tomcat.util.modeler.ParameterInfo]
2023-01-04 17:44:53.830 DEBUG 3888 --- [kground-preinit] o.a.tomcat.util.digester.Digester.sax    : endElement(,,parameter)
2023-01-04 17:44:53.830 DEBUG 3888 --- [kground-preinit] o.apache.tomcat.util.digester.Digester   :   match='mbeans-descriptors/mbean/operation/parameter'
2023-01-04 17:44:53.830 DEBUG 3888 --- [kground-preinit] o.apache.tomcat.util.digester.Digester   :   bodyText=''
2023-01-04 17:44:53.830 DEBUG 3888 --- [kground-preinit] o.apache.tomcat.util.digester.Digester   :   Fire body() for ObjectCreateRule[className=org.apache.tomcat.util.modeler.ParameterInfo, attributeName=null]
2023-01-04 17:44:53.831 DEBUG 3888 --- [kground-preinit] o.apache.tomcat.util.digester.Digester   :   Fire body() for SetPropertiesRule[]
2023-01-04 17:44:53.831 DEBUG 3888 --- [kground-preinit] o.apache.tomcat.util.digester.Digester   :   Fire body() for SetNextRule[methodName=addParameter, paramType=org.apache.tomcat.util.modeler.ParameterInfo]
2023-01-04 17:44:53.831 DEBUG 3888 --- [kground-preinit] o.apache.tomcat.util.digester.Digester   :   Fire end() for SetNextRule[methodName=addParameter, paramType=org.apache.tomcat.util.modeler.ParameterInfo]
2023-01-04 17:44:53.831 DEBUG 3888 --- [kground-preinit] o.apache.tomcat.util.digester.Digester   : [SetNextRule]{mbeans-descriptors/mbean/operation/parameter} Call org.apache.tomcat.util.modeler.OperationInfo.addParameter(org.apache.tomcat.util.modeler.ParameterInfo@5aae3761)
2023-01-04 17:44:53.831 DEBUG 3888 --- [kground-preinit] o.apache.tomcat.util.IntrospectionUtils  : IntrospectionUtils: callMethod1 org.apache.tomcat.util.modeler.OperationInfo org.apache.tomcat.util.modeler.ParameterInfo org.apache.tomcat.util.modeler.ParameterInfo
2023-01-04 17:44:53.831 DEBUG 3888 --- [kground-preinit] o.apache.tomcat.util.digester.Digester   :   Fire end() for SetPropertiesRule[]
2023-01-04 17:44:53.831 DEBUG 3888 --- [kground-preinit] o.apache.tomcat.util.digester.Digester   :   Fire end() for ObjectCreateRule[className=org.apache.tomcat.util.modeler.ParameterInfo, attributeName=null]
2023-01-04 17:44:53.831 DEBUG 3888 --- [kground-preinit] o.apache.tomcat.util.digester.Digester   : [ObjectCreateRule]{mbeans-descriptors/mbean/operation/parameter} Pop org.apache.tomcat.util.modeler.ParameterInfo
2023-01-04 17:44:53.832 DEBUG 3888 --- [kground-preinit] o.a.tomcat.util.digester.Digester.sax    : characters(
    )
2023-01-04 17:44:53.832 DEBUG 3888 --- [kground-preinit] o.a.tomcat.util.digester.Digester.sax    : endElement(,,operation)
2023-01-04 17:44:53.832 DEBUG 3888 --- [kground-preinit] o.apache.tomcat.util.digester.Digester   :   match='mbeans-descriptors/mbean/operation'
2023-01-04 17:44:53.832 DEBUG 3888 --- [kground-preinit] o.apache.tomcat.util.digester.Digester   :   bodyText='
      
      
    '
2023-01-04 17:44:53.832 DEBUG 3888 --- [kground-preinit] o.apache.tomcat.util.digester.Digester   :   Fire body() for ObjectCreateRule[className=org.apache.tomcat.util.modeler.OperationInfo, attributeName=null]
2023-01-04 17:44:53.832 DEBUG 3888 --- [kground-preinit] o.apache.tomcat.util.digester.Digester   :   Fire body() for SetPropertiesRule[]
2023-01-04 17:44:53.832 DEBUG 3888 --- [kground-preinit] o.apache.tomcat.util.digester.Digester   :   Fire body() for SetNextRule[methodName=addOperation, paramType=org.apache.tomcat.util.modeler.OperationInfo]
2023-01-04 17:44:53.832 DEBUG 3888 --- [kground-preinit] o.apache.tomcat.util.digester.Digester   :   Fire end() for SetNextRule[methodName=addOperation, paramType=org.apache.tomcat.util.modeler.OperationInfo]
2023-01-04 17:44:53.832 DEBUG 3888 --- [kground-preinit] o.apache.tomcat.util.digester.Digester   : [SetNextRule]{mbeans-descriptors/mbean/operation} Call org.apache.tomcat.util.modeler.ManagedBean.addOperation(org.apache.tomcat.util.modeler.OperationInfo@7a4858a3)
2023-01-04 17:44:53.832 DEBUG 3888 --- [kground-preinit] o.apache.tomcat.util.IntrospectionUtils  : IntrospectionUtils: callMethod1 org.apache.tomcat.util.modeler.ManagedBean org.apache.tomcat.util.modeler.OperationInfo org.apache.tomcat.util.modeler.OperationInfo
2023-01-04 17:44:53.833 DEBUG 3888 --- [kground-preinit] o.apache.tomcat.util.digester.Digester   :   Fire end() for SetPropertiesRule[]
2023-01-04 17:44:53.833 DEBUG 3888 --- [kground-preinit] o.apache.tomcat.util.digester.Digester   :   Fire end() for ObjectCreateRule[className=org.apache.tomcat.util.modeler.OperationInfo, attributeName=null]
2023-01-04 17:44:53.833 DEBUG 3888 --- [kground-preinit] o.apache.tomcat.util.digester.Digester   : [ObjectCreateRule]{mbeans-descriptors/mbean/operation} Pop org.apache.tomcat.util.modeler.OperationInfo
2023-01-04 17:44:53.833 DEBUG 3888 --- [kground-preinit] o.a.tomcat.util.digester.Digester.sax    : characters(

    )
2023-01-04 17:44:53.833 DEBUG 3888 --- [kground-preinit] o.a.tomcat.util.digester.Digester.sax    : startElement(,,operation)
2023-01-04 17:44:53.834 DEBUG 3888 --- [kground-preinit] o.apache.tomcat.util.digester.Digester   :   New match='mbeans-descriptors/mbean/operation'
2023-01-04 17:44:53.834 DEBUG 3888 --- [kground-preinit] o.apache.tomcat.util.digester.Digester   :   Fire begin() for ObjectCreateRule[className=org.apache.tomcat.util.modeler.OperationInfo, attributeName=null]
2023-01-04 17:44:53.834 DEBUG 3888 --- [kground-preinit] o.apache.tomcat.util.digester.Digester   : [ObjectCreateRule]{mbeans-descriptors/mbean/operation}New org.apache.tomcat.util.modeler.OperationInfo
2023-01-04 17:44:53.834 DEBUG 3888 --- [kground-preinit] o.apache.tomcat.util.digester.Digester   :   Fire begin() for SetPropertiesRule[]
2023-01-04 17:44:53.834 DEBUG 3888 --- [kground-preinit] o.apache.tomcat.util.digester.Digester   : [SetPropertiesRule]{mbeans-descriptors/mbean/operation} Set org.apache.tomcat.util.modeler.OperationInfo properties
2023-01-04 17:44:53.834 DEBUG 3888 --- [kground-preinit] o.apache.tomcat.util.digester.Digester   : [SetPropertiesRule]{mbeans-descriptors/mbean/operation} Setting property 'name' to 'addMimeMapping'
2023-01-04 17:44:53.834 DEBUG 3888 --- [kground-preinit] o.apache.tomcat.util.IntrospectionUtils  : IntrospectionUtils: setProperty(class org.apache.tomcat.util.modeler.OperationInfo name=addMimeMapping)
2023-01-04 17:44:53.834 DEBUG 3888 --- [kground-preinit] o.apache.tomcat.util.digester.Digester   : [SetPropertiesRule]{mbeans-descriptors/mbean/operation} Setting property 'description' to 'Add a new MIME mapping, replacing any existing mapping for the specified extension.'
2023-01-04 17:44:53.834 DEBUG 3888 --- [kground-preinit] o.apache.tomcat.util.IntrospectionUtils  : IntrospectionUtils: setProperty(class org.apache.tomcat.util.modeler.OperationInfo description=Add a new MIME mapping, replacing any existing mapping for the specified extension.)
2023-01-04 17:44:53.834 DEBUG 3888 --- [kground-preinit] o.apache.tomcat.util.digester.Digester   : [SetPropertiesRule]{mbeans-descriptors/mbean/operation} Setting property 'impact' to 'ACTION'
2023-01-04 17:44:53.835 DEBUG 3888 --- [kground-preinit] o.apache.tomcat.util.IntrospectionUtils  : IntrospectionUtils: setProperty(class org.apache.tomcat.util.modeler.OperationInfo impact=ACTION)
2023-01-04 17:44:53.835 DEBUG 3888 --- [kground-preinit] o.apache.tomcat.util.digester.Digester   : [SetPropertiesRule]{mbeans-descriptors/mbean/operation} Setting property 'returnType' to 'void'
2023-01-04 17:44:53.835 DEBUG 3888 --- [kground-preinit] o.apache.tomcat.util.IntrospectionUtils  : IntrospectionUtils: setProperty(class org.apache.tomcat.util.modeler.OperationInfo returnType=void)
2023-01-04 17:44:53.835 DEBUG 3888 --- [kground-preinit] o.apache.tomcat.util.digester.Digester   :   Fire begin() for SetNextRule[methodName=addOperation, paramType=org.apache.tomcat.util.modeler.OperationInfo]
2023-01-04 17:44:53.835 DEBUG 3888 --- [kground-preinit] o.a.tomcat.util.digester.Digester.sax    : characters(
      )
2023-01-04 17:44:53.835 DEBUG 3888 --- [kground-preinit] o.a.tomcat.util.digester.Digester.sax    : startElement(,,parameter)
2023-01-04 17:44:53.835 DEBUG 3888 --- [kground-preinit] o.apache.tomcat.util.digester.Digester   :   New match='mbeans-descriptors/mbean/operation/parameter'
2023-01-04 17:44:53.835 DEBUG 3888 --- [kground-preinit] o.apache.tomcat.util.digester.Digester   :   Fire begin() for ObjectCreateRule[className=org.apache.tomcat.util.modeler.ParameterInfo, attributeName=null]
2023-01-04 17:44:53.835 DEBUG 3888 --- [kground-preinit] o.apache.tomcat.util.digester.Digester   : [ObjectCreateRule]{mbeans-descriptors/mbean/operation/parameter}New org.apache.tomcat.util.modeler.ParameterInfo
2023-01-04 17:44:53.835 DEBUG 3888 --- [kground-preinit] o.apache.tomcat.util.digester.Digester   :   Fire begin() for SetPropertiesRule[]
2023-01-04 17:44:53.835 DEBUG 3888 --- [kground-preinit] o.apache.tomcat.util.digester.Digester   : [SetPropertiesRule]{mbeans-descriptors/mbean/operation/parameter} Set org.apache.tomcat.util.modeler.ParameterInfo properties
2023-01-04 17:44:53.835 DEBUG 3888 --- [kground-preinit] o.apache.tomcat.util.digester.Digester   : [SetPropertiesRule]{mbeans-descriptors/mbean/operation/parameter} Setting property 'name' to 'extension'
2023-01-04 17:44:53.835 DEBUG 3888 --- [kground-preinit] o.apache.tomcat.util.IntrospectionUtils  : IntrospectionUtils: setProperty(class org.apache.tomcat.util.modeler.ParameterInfo name=extension)
2023-01-04 17:44:53.835 DEBUG 3888 --- [kground-preinit] o.apache.tomcat.util.digester.Digester   : [SetPropertiesRule]{mbeans-descriptors/mbean/operation/parameter} Setting property 'description' to 'Filename extension being mapped'
2023-01-04 17:44:53.836 DEBUG 3888 --- [kground-preinit] o.apache.tomcat.util.IntrospectionUtils  : IntrospectionUtils: setProperty(class org.apache.tomcat.util.modeler.ParameterInfo description=Filename extension being mapped)
2023-01-04 17:44:53.836 DEBUG 3888 --- [kground-preinit] o.apache.tomcat.util.digester.Digester   : [SetPropertiesRule]{mbeans-descriptors/mbean/operation/parameter} Setting property 'type' to 'java.lang.String'
2023-01-04 17:44:53.836 DEBUG 3888 --- [kground-preinit] o.apache.tomcat.util.IntrospectionUtils  : IntrospectionUtils: setProperty(class org.apache.tomcat.util.modeler.ParameterInfo type=java.lang.String)
2023-01-04 17:44:53.836 DEBUG 3888 --- [kground-preinit] o.apache.tomcat.util.digester.Digester   :   Fire begin() for SetNextRule[methodName=addParameter, paramType=org.apache.tomcat.util.modeler.ParameterInfo]
2023-01-04 17:44:53.836 DEBUG 3888 --- [kground-preinit] o.a.tomcat.util.digester.Digester.sax    : endElement(,,parameter)
2023-01-04 17:44:53.836 DEBUG 3888 --- [kground-preinit] o.apache.tomcat.util.digester.Digester   :   match='mbeans-descriptors/mbean/operation/parameter'
2023-01-04 17:44:53.836 DEBUG 3888 --- [kground-preinit] o.apache.tomcat.util.digester.Digester   :   bodyText=''
2023-01-04 17:44:53.836 DEBUG 3888 --- [kground-preinit] o.apache.tomcat.util.digester.Digester   :   Fire body() for ObjectCreateRule[className=org.apache.tomcat.util.modeler.ParameterInfo, attributeName=null]
2023-01-04 17:44:53.836 DEBUG 3888 --- [kground-preinit] o.apache.tomcat.util.digester.Digester   :   Fire body() for SetPropertiesRule[]
2023-01-04 17:44:53.836 DEBUG 3888 --- [kground-preinit] o.apache.tomcat.util.digester.Digester   :   Fire body() for SetNextRule[methodName=addParameter, paramType=org.apache.tomcat.util.modeler.ParameterInfo]
2023-01-04 17:44:53.836 DEBUG 3888 --- [kground-preinit] o.apache.tomcat.util.digester.Digester   :   Fire end() for SetNextRule[methodName=addParameter, paramType=org.apache.tomcat.util.modeler.ParameterInfo]
2023-01-04 17:44:53.836 DEBUG 3888 --- [kground-preinit] o.apache.tomcat.util.digester.Digester   : [SetNextRule]{mbeans-descriptors/mbean/operation/parameter} Call org.apache.tomcat.util.modeler.OperationInfo.addParameter(org.apache.tomcat.util.modeler.ParameterInfo@2751990a)
2023-01-04 17:44:53.836 DEBUG 3888 --- [kground-preinit] o.apache.tomcat.util.IntrospectionUtils  : IntrospectionUtils: callMethod1 org.apache.tomcat.util.modeler.OperationInfo org.apache.tomcat.util.modeler.ParameterInfo org.apache.tomcat.util.modeler.ParameterInfo
2023-01-04 17:44:53.836 DEBUG 3888 --- [kground-preinit] o.apache.tomcat.util.digester.Digester   :   Fire end() for SetPropertiesRule[]
2023-01-04 17:44:53.837 DEBUG 3888 --- [kground-preinit] o.apache.tomcat.util.digester.Digester   :   Fire end() for ObjectCreateRule[className=org.apache.tomcat.util.modeler.ParameterInfo, attributeName=null]
2023-01-04 17:44:53.837 DEBUG 3888 --- [kground-preinit] o.apache.tomcat.util.digester.Digester   : [ObjectCreateRule]{mbeans-descriptors/mbean/operation/parameter} Pop org.apache.tomcat.util.modeler.ParameterInfo
2023-01-04 17:44:53.837 DEBUG 3888 --- [kground-preinit] o.a.tomcat.util.digester.Digester.sax    : characters(
      )
2023-01-04 17:44:53.837 DEBUG 3888 --- [kground-preinit] o.a.tomcat.util.digester.Digester.sax    : startElement(,,parameter)
2023-01-04 17:44:53.841 DEBUG 3888 --- [kground-preinit] o.apache.tomcat.util.digester.Digester   :   New match='mbeans-descriptors/mbean/operation/parameter'
2023-01-04 17:44:53.841 DEBUG 3888 --- [kground-preinit] o.apache.tomcat.util.digester.Digester   :   Fire begin() for ObjectCreateRule[className=org.apache.tomcat.util.modeler.ParameterInfo, attributeName=null]
2023-01-04 17:44:53.841 DEBUG 3888 --- [kground-preinit] o.apache.tomcat.util.digester.Digester   : [ObjectCreateRule]{mbeans-descriptors/mbean/operation/parameter}New org.apache.tomcat.util.modeler.ParameterInfo
2023-01-04 17:44:53.841 DEBUG 3888 --- [kground-preinit] o.apache.tomcat.util.digester.Digester   :   Fire begin() for SetPropertiesRule[]
2023-01-04 17:44:53.841 DEBUG 3888 --- [kground-preinit] o.apache.tomcat.util.digester.Digester   : [SetPropertiesRule]{mbeans-descriptors/mbean/operation/parameter} Set org.apache.tomcat.util.modeler.ParameterInfo properties
2023-01-04 17:44:53.841 DEBUG 3888 --- [kground-preinit] o.apache.tomcat.util.digester.Digester   : [SetPropertiesRule]{mbeans-descriptors/mbean/operation/parameter} Setting property 'name' to 'mimeType'
2023-01-04 17:44:53.841 DEBUG 3888 --- [kground-preinit] o.apache.tomcat.util.IntrospectionUtils  : IntrospectionUtils: setProperty(class org.apache.tomcat.util.modeler.ParameterInfo name=mimeType)
2023-01-04 17:44:53.842 DEBUG 3888 --- [kground-preinit] o.apache.tomcat.util.digester.Digester   : [SetPropertiesRule]{mbeans-descriptors/mbean/operation/parameter} Setting property 'description' to 'Corresponding MIME type'
2023-01-04 17:44:53.842 DEBUG 3888 --- [           main] .i.s.PathMatchingResourcePatternResolver : Resolved classpath location [com/affani/datatranx/dao/] to resources [URL [file:/E:/spring-transaction-management-master/target/classes/com/affani/datatranx/dao/]]
2023-01-04 17:44:53.842 DEBUG 3888 --- [           main] .i.s.PathMatchingResourcePatternResolver : Looking for matching resources in directory tree [E:\spring-transaction-management-master\target\classes\com\affani\datatranx\dao]
2023-01-04 17:44:53.842 DEBUG 3888 --- [           main] .i.s.PathMatchingResourcePatternResolver : Searching directory [E:\spring-transaction-management-master\target\classes\com\affani\datatranx\dao] for files matching pattern [E:/spring-transaction-management-master/target/classes/com/affani/datatranx/dao/**/*IAccountDAOImpl.class]
2023-01-04 17:44:53.842 DEBUG 3888 --- [kground-preinit] o.apache.tomcat.util.IntrospectionUtils  : IntrospectionUtils: setProperty(class org.apache.tomcat.util.modeler.ParameterInfo description=Corresponding MIME type)
2023-01-04 17:44:53.842 DEBUG 3888 --- [kground-preinit] o.apache.tomcat.util.digester.Digester   : [SetPropertiesRule]{mbeans-descriptors/mbean/operation/parameter} Setting property 'type' to 'java.lang.String'
2023-01-04 17:44:53.842 DEBUG 3888 --- [kground-preinit] o.apache.tomcat.util.IntrospectionUtils  : IntrospectionUtils: setProperty(class org.apache.tomcat.util.modeler.ParameterInfo type=java.lang.String)
2023-01-04 17:44:53.842 DEBUG 3888 --- [           main] .i.s.PathMatchingResourcePatternResolver : Resolved location pattern [classpath*:com/affani/datatranx/dao/**/*IAccountDAOImpl.class] to resources []
2023-01-04 17:44:53.843 DEBUG 3888 --- [kground-preinit] o.apache.tomcat.util.digester.Digester   :   Fire begin() for SetNextRule[methodName=addParameter, paramType=org.apache.tomcat.util.modeler.ParameterInfo]
2023-01-04 17:44:53.843 DEBUG 3888 --- [kground-preinit] o.a.tomcat.util.digester.Digester.sax    : endElement(,,parameter)
2023-01-04 17:44:53.843 DEBUG 3888 --- [kground-preinit] o.apache.tomcat.util.digester.Digester   :   match='mbeans-descriptors/mbean/operation/parameter'
2023-01-04 17:44:53.843 DEBUG 3888 --- [kground-preinit] o.apache.tomcat.util.digester.Digester   :   bodyText=''
2023-01-04 17:44:53.843 DEBUG 3888 --- [           main] .s.d.r.c.RepositoryConfigurationDelegate : Spring Data JPA - Registering repository: IAccountDAO - Interface: com.affani.datatranx.dao.IAccountDAO - Factory: org.springframework.data.jpa.repository.support.JpaRepositoryFactoryBean
2023-01-04 17:44:53.843 DEBUG 3888 --- [kground-preinit] o.apache.tomcat.util.digester.Digester   :   Fire body() for ObjectCreateRule[className=org.apache.tomcat.util.modeler.ParameterInfo, attributeName=null]
2023-01-04 17:44:53.843 DEBUG 3888 --- [           main] o.s.b.f.s.DefaultListableBeanFactory     : Returning cached instance of singleton bean 'autoConfigurationReport'
2023-01-04 17:44:53.843 DEBUG 3888 --- [kground-preinit] o.apache.tomcat.util.digester.Digester   :   Fire body() for SetPropertiesRule[]
2023-01-04 17:44:53.843 DEBUG 3888 --- [           main] o.s.b.f.s.DefaultListableBeanFactory     : Returning cached instance of singleton bean 'autoConfigurationReport'
2023-01-04 17:44:53.844 DEBUG 3888 --- [           main] a.ConfigurationClassBeanDefinitionReader : Registered bean definition for imported class 'org.springframework.boot.autoconfigure.jackson.JacksonAutoConfiguration$Jackson2ObjectMapperBuilderCustomizerConfiguration'
2023-01-04 17:44:53.844 DEBUG 3888 --- [kground-preinit] o.apache.tomcat.util.digester.Digester   :   Fire body() for SetNextRule[methodName=addParameter, paramType=org.apache.tomcat.util.modeler.ParameterInfo]
2023-01-04 17:44:53.844 DEBUG 3888 --- [           main] a.ConfigurationClassBeanDefinitionReader : Registering bean definition for @Bean method org.springframework.boot.autoconfigure.jackson.JacksonAutoConfiguration$Jackson2ObjectMapperBuilderCustomizerConfiguration.standardJacksonObjectMapperBuilderCustomizer()
2023-01-04 17:44:53.844 DEBUG 3888 --- [kground-preinit] o.apache.tomcat.util.digester.Digester   :   Fire end() for SetNextRule[methodName=addParameter, paramType=org.apache.tomcat.util.modeler.ParameterInfo]
2023-01-04 17:44:53.844 DEBUG 3888 --- [kground-preinit] o.apache.tomcat.util.digester.Digester   : [SetNextRule]{mbeans-descriptors/mbean/operation/parameter} Call org.apache.tomcat.util.modeler.OperationInfo.addParameter(org.apache.tomcat.util.modeler.ParameterInfo@2280ace1)
2023-01-04 17:44:53.844 DEBUG 3888 --- [kground-preinit] o.apache.tomcat.util.IntrospectionUtils  : IntrospectionUtils: callMethod1 org.apache.tomcat.util.modeler.OperationInfo org.apache.tomcat.util.modeler.ParameterInfo org.apache.tomcat.util.modeler.ParameterInfo
2023-01-04 17:44:53.844 DEBUG 3888 --- [kground-preinit] o.apache.tomcat.util.digester.Digester   :   Fire end() for SetPropertiesRule[]
2023-01-04 17:44:53.844 DEBUG 3888 --- [kground-preinit] o.apache.tomcat.util.digester.Digester   :   Fire end() for ObjectCreateRule[className=org.apache.tomcat.util.modeler.ParameterInfo, attributeName=null]
2023-01-04 17:44:53.844 DEBUG 3888 --- [kground-preinit] o.apache.tomcat.util.digester.Digester   : [ObjectCreateRule]{mbeans-descriptors/mbean/operation/parameter} Pop org.apache.tomcat.util.modeler.ParameterInfo
2023-01-04 17:44:53.844 DEBUG 3888 --- [kground-preinit] o.a.tomcat.util.digester.Digester.sax    : characters(
    )
2023-01-04 17:44:53.844 DEBUG 3888 --- [kground-preinit] o.a.tomcat.util.digester.Digester.sax    : endElement(,,operation)
2023-01-04 17:44:53.844 DEBUG 3888 --- [kground-preinit] o.apache.tomcat.util.digester.Digester   :   match='mbeans-descriptors/mbean/operation'
2023-01-04 17:44:53.844 DEBUG 3888 --- [kground-preinit] o.apache.tomcat.util.digester.Digester   :   bodyText='
      
      
    '
2023-01-04 17:44:53.844 DEBUG 3888 --- [kground-preinit] o.apache.tomcat.util.digester.Digester   :   Fire body() for ObjectCreateRule[className=org.apache.tomcat.util.modeler.OperationInfo, attributeName=null]
2023-01-04 17:44:53.845 DEBUG 3888 --- [kground-preinit] o.apache.tomcat.util.digester.Digester   :   Fire body() for SetPropertiesRule[]
2023-01-04 17:44:53.845 DEBUG 3888 --- [kground-preinit] o.apache.tomcat.util.digester.Digester   :   Fire body() for SetNextRule[methodName=addOperation, paramType=org.apache.tomcat.util.modeler.OperationInfo]
2023-01-04 17:44:53.845 DEBUG 3888 --- [kground-preinit] o.apache.tomcat.util.digester.Digester   :   Fire end() for SetNextRule[methodName=addOperation, paramType=org.apache.tomcat.util.modeler.OperationInfo]
2023-01-04 17:44:53.845 DEBUG 3888 --- [kground-preinit] o.apache.tomcat.util.digester.Digester   : [SetNextRule]{mbeans-descriptors/mbean/operation} Call org.apache.tomcat.util.modeler.ManagedBean.addOperation(org.apache.tomcat.util.modeler.OperationInfo@93e92ef)
2023-01-04 17:44:53.845 DEBUG 3888 --- [kground-preinit] o.apache.tomcat.util.IntrospectionUtils  : IntrospectionUtils: callMethod1 org.apache.tomcat.util.modeler.ManagedBean org.apache.tomcat.util.modeler.OperationInfo org.apache.tomcat.util.modeler.OperationInfo
2023-01-04 17:44:53.845 DEBUG 3888 --- [           main] o.s.b.f.s.DefaultListableBeanFactory     : Returning cached instance of singleton bean 'autoConfigurationReport'
2023-01-04 17:44:53.845 DEBUG 3888 --- [           main] a.ConfigurationClassBeanDefinitionReader : Registered bean definition for imported class 'org.springframework.boot.autoconfigure.jackson.JacksonAutoConfiguration$JacksonObjectMapperBuilderConfiguration'
2023-01-04 17:44:53.845 DEBUG 3888 --- [           main] o.s.b.f.s.DefaultListableBeanFactory     : Returning cached instance of singleton bean 'org.springframework.boot.autoconfigure.condition.BeanTypeRegistry'
2023-01-04 17:44:53.846 DEBUG 3888 --- [           main] o.s.b.f.s.DefaultListableBeanFactory     : Returning cached instance of singleton bean 'autoConfigurationReport'
2023-01-04 17:44:53.846 DEBUG 3888 --- [           main] a.ConfigurationClassBeanDefinitionReader : Registering bean definition for @Bean method org.springframework.boot.autoconfigure.jackson.JacksonAutoConfiguration$JacksonObjectMapperBuilderConfiguration.jacksonObjectMapperBuilder()
2023-01-04 17:44:53.846 DEBUG 3888 --- [           main] o.s.b.f.s.DefaultListableBeanFactory     : Returning cached instance of singleton bean 'autoConfigurationReport'
2023-01-04 17:44:53.846 DEBUG 3888 --- [           main] a.ConfigurationClassBeanDefinitionReader : Registered bean definition for imported class 'org.springframework.boot.autoconfigure.jackson.JacksonAutoConfiguration$ParameterNamesModuleConfiguration'
2023-01-04 17:44:53.847 DEBUG 3888 --- [           main] o.s.b.f.s.DefaultListableBeanFactory     : Returning cached instance of singleton bean 'org.springframework.boot.autoconfigure.condition.BeanTypeRegistry'
2023-01-04 17:44:53.847 DEBUG 3888 --- [           main] o.s.b.f.s.DefaultListableBeanFactory     : Returning cached instance of singleton bean 'autoConfigurationReport'
2023-01-04 17:44:53.847 DEBUG 3888 --- [           main] a.ConfigurationClassBeanDefinitionReader : Registering bean definition for @Bean method org.springframework.boot.autoconfigure.jackson.JacksonAutoConfiguration$ParameterNamesModuleConfiguration.parameterNamesModule()
2023-01-04 17:44:53.847 DEBUG 3888 --- [           main] o.s.b.f.s.DefaultListableBeanFactory     : Returning cached instance of singleton bean 'autoConfigurationReport'
2023-01-04 17:44:53.847 DEBUG 3888 --- [           main] a.ConfigurationClassBeanDefinitionReader : Registered bean definition for imported class 'org.springframework.boot.autoconfigure.jackson.JacksonAutoConfiguration$JacksonObjectMapperConfiguration'
2023-01-04 17:44:53.848 DEBUG 3888 --- [           main] o.s.b.f.s.DefaultListableBeanFactory     : Returning cached instance of singleton bean 'org.springframework.boot.autoconfigure.condition.BeanTypeRegistry'
2023-01-04 17:44:53.848 DEBUG 3888 --- [           main] o.s.b.f.s.DefaultListableBeanFactory     : Returning cached instance of singleton bean 'autoConfigurationReport'
2023-01-04 17:44:53.848 DEBUG 3888 --- [           main] a.ConfigurationClassBeanDefinitionReader : Registering bean definition for @Bean method org.springframework.boot.autoconfigure.jackson.JacksonAutoConfiguration$JacksonObjectMapperConfiguration.jacksonObjectMapper()
2023-01-04 17:44:53.848 DEBUG 3888 --- [           main] a.ConfigurationClassBeanDefinitionReader : Registered bean definition for imported class 'org.springframework.boot.autoconfigure.jackson.JacksonAutoConfiguration'
2023-01-04 17:44:53.848 DEBUG 3888 --- [           main] a.ConfigurationClassBeanDefinitionReader : Registering bean definition for @Bean method org.springframework.boot.autoconfigure.jackson.JacksonAutoConfiguration.jsonComponentModule()
2023-01-04 17:44:53.848 DEBUG 3888 --- [           main] o.s.b.f.s.DefaultListableBeanFactory     : Returning cached instance of singleton bean 'autoConfigurationReport'
2023-01-04 17:44:53.848 DEBUG 3888 --- [           main] o.s.b.f.s.DefaultListableBeanFactory     : Returning cached instance of singleton bean 'autoConfigurationReport'
2023-01-04 17:44:53.849 DEBUG 3888 --- [           main] a.ConfigurationClassBeanDefinitionReader : Registered bean definition for imported class 'org.springframework.boot.autoconfigure.http.HttpMessageConvertersAutoConfiguration$StringHttpMessageConverterConfiguration'
2023-01-04 17:44:53.850 DEBUG 3888 --- [           main] o.s.b.f.s.DefaultListableBeanFactory     : Returning cached instance of singleton bean 'org.springframework.boot.autoconfigure.condition.BeanTypeRegistry'
2023-01-04 17:44:53.850 DEBUG 3888 --- [           main] o.s.b.f.s.DefaultListableBeanFactory     : Returning cached instance of singleton bean 'autoConfigurationReport'
2023-01-04 17:44:53.850 DEBUG 3888 --- [           main] a.ConfigurationClassBeanDefinitionReader : Registering bean definition for @Bean method org.springframework.boot.autoconfigure.http.HttpMessageConvertersAutoConfiguration$StringHttpMessageConverterConfiguration.stringHttpMessageConverter()
2023-01-04 17:44:53.851 DEBUG 3888 --- [           main] o.s.b.f.s.DefaultListableBeanFactory     : Returning cached instance of singleton bean 'autoConfigurationReport'
2023-01-04 17:44:53.851 DEBUG 3888 --- [           main] o.s.b.f.s.DefaultListableBeanFactory     : Returning cached instance of singleton bean 'autoConfigurationReport'
2023-01-04 17:44:53.851 DEBUG 3888 --- [           main] o.s.b.f.s.DefaultListableBeanFactory     : Returning cached instance of singleton bean 'org.springframework.boot.autoconfigure.condition.BeanTypeRegistry'
2023-01-04 17:44:53.851 DEBUG 3888 --- [           main] o.s.b.f.s.DefaultListableBeanFactory     : Returning cached instance of singleton bean 'autoConfigurationReport'
2023-01-04 17:44:53.851 DEBUG 3888 --- [           main] a.ConfigurationClassBeanDefinitionReader : Registered bean definition for imported class 'org.springframework.boot.autoconfigure.http.JacksonHttpMessageConvertersConfiguration$MappingJackson2HttpMessageConverterConfiguration'
2023-01-04 17:44:53.852 DEBUG 3888 --- [           main] o.s.b.f.s.DefaultListableBeanFactory     : Returning cached instance of singleton bean 'org.springframework.boot.autoconfigure.condition.BeanTypeRegistry'
2023-01-04 17:44:53.852 DEBUG 3888 --- [           main] o.s.b.f.s.DefaultListableBeanFactory     : Returning cached instance of singleton bean 'autoConfigurationReport'
2023-01-04 17:44:53.853 DEBUG 3888 --- [           main] a.ConfigurationClassBeanDefinitionReader : Registering bean definition for @Bean method org.springframework.boot.autoconfigure.http.JacksonHttpMessageConvertersConfiguration$MappingJackson2HttpMessageConverterConfiguration.mappingJackson2HttpMessageConverter()
2023-01-04 17:44:53.853 DEBUG 3888 --- [           main] a.ConfigurationClassBeanDefinitionReader : Registered bean definition for imported class 'org.springframework.boot.autoconfigure.http.JacksonHttpMessageConvertersConfiguration'
2023-01-04 17:44:53.853 DEBUG 3888 --- [           main] a.ConfigurationClassBeanDefinitionReader : Registered bean definition for imported class 'org.springframework.boot.autoconfigure.http.HttpMessageConvertersAutoConfiguration'
2023-01-04 17:44:53.853 DEBUG 3888 --- [           main] o.s.b.f.s.DefaultListableBeanFactory     : Returning cached instance of singleton bean 'org.springframework.boot.autoconfigure.condition.BeanTypeRegistry'
2023-01-04 17:44:53.853 DEBUG 3888 --- [           main] o.s.b.f.s.DefaultListableBeanFactory     : Returning cached instance of singleton bean 'autoConfigurationReport'
2023-01-04 17:44:53.853 DEBUG 3888 --- [           main] a.ConfigurationClassBeanDefinitionReader : Registering bean definition for @Bean method org.springframework.boot.autoconfigure.http.HttpMessageConvertersAutoConfiguration.messageConverters()
2023-01-04 17:44:53.853 DEBUG 3888 --- [           main] o.s.b.f.s.DefaultListableBeanFactory     : Returning cached instance of singleton bean 'autoConfigurationReport'
2023-01-04 17:44:53.854 DEBUG 3888 --- [           main] o.s.b.f.s.DefaultListableBeanFactory     : Returning cached instance of singleton bean 'autoConfigurationReport'
2023-01-04 17:44:53.854 DEBUG 3888 --- [           main] o.s.b.f.s.DefaultListableBeanFactory     : Returning cached instance of singleton bean 'org.springframework.boot.autoconfigure.condition.BeanTypeRegistry'
2023-01-04 17:44:53.854 DEBUG 3888 --- [           main] o.s.b.f.s.DefaultListableBeanFactory     : Returning cached instance of singleton bean 'autoConfigurationReport'
2023-01-04 17:44:53.854 DEBUG 3888 --- [           main] a.ConfigurationClassBeanDefinitionReader : Registered bean definition for imported class 'org.springframework.data.web.config.ProjectingArgumentResolverRegistrar'
2023-01-04 17:44:53.854 DEBUG 3888 --- [           main] a.ConfigurationClassBeanDefinitionReader : Registering bean definition for @Bean method org.springframework.data.web.config.ProjectingArgumentResolverRegistrar.projectingArgumentResolverBeanPostProcessor()
2023-01-04 17:44:53.855 DEBUG 3888 --- [           main] a.ConfigurationClassBeanDefinitionReader : Registered bean definition for imported class 'org.springframework.data.web.config.SpringDataWebConfiguration'
2023-01-04 17:44:53.855 DEBUG 3888 --- [           main] a.ConfigurationClassBeanDefinitionReader : Registering bean definition for @Bean method org.springframework.data.web.config.SpringDataWebConfiguration.pageableResolver()
2023-01-04 17:44:53.855 DEBUG 3888 --- [           main] a.ConfigurationClassBeanDefinitionReader : Registering bean definition for @Bean method org.springframework.data.web.config.SpringDataWebConfiguration.sortResolver()
2023-01-04 17:44:53.855 DEBUG 3888 --- [           main] a.ConfigurationClassBeanDefinitionReader : Registered bean definition for imported class 'org.springframework.data.web.config.SpringDataJacksonConfiguration'
2023-01-04 17:44:53.855 DEBUG 3888 --- [           main] a.ConfigurationClassBeanDefinitionReader : Registering bean definition for @Bean method org.springframework.data.web.config.SpringDataJacksonConfiguration.jacksonGeoModule()
2023-01-04 17:44:53.855 DEBUG 3888 --- [           main] a.ConfigurationClassBeanDefinitionReader : Registered bean definition for imported class 'org.springframework.boot.autoconfigure.data.web.SpringDataWebAutoConfiguration'
2023-01-04 17:44:53.855 DEBUG 3888 --- [           main] o.s.b.f.s.DefaultListableBeanFactory     : Returning cached instance of singleton bean 'org.springframework.boot.autoconfigure.condition.BeanTypeRegistry'
2023-01-04 17:44:53.856 DEBUG 3888 --- [           main] o.s.b.f.s.DefaultListableBeanFactory     : Returning cached instance of singleton bean 'autoConfigurationReport'
2023-01-04 17:44:53.856 DEBUG 3888 --- [           main] a.ConfigurationClassBeanDefinitionReader : Registering bean definition for @Bean method org.springframework.boot.autoconfigure.data.web.SpringDataWebAutoConfiguration.pageableCustomizer()
2023-01-04 17:44:53.856 DEBUG 3888 --- [           main] o.s.b.f.s.DefaultListableBeanFactory     : Returning cached instance of singleton bean 'org.springframework.boot.autoconfigure.condition.BeanTypeRegistry'
2023-01-04 17:44:53.856 DEBUG 3888 --- [           main] o.s.b.f.s.DefaultListableBeanFactory     : Returning cached instance of singleton bean 'autoConfigurationReport'
2023-01-04 17:44:53.856 DEBUG 3888 --- [           main] a.ConfigurationClassBeanDefinitionReader : Registering bean definition for @Bean method org.springframework.boot.autoconfigure.data.web.SpringDataWebAutoConfiguration.sortCustomizer()
2023-01-04 17:44:53.857 DEBUG 3888 --- [           main] o.s.b.f.s.DefaultListableBeanFactory     : Returning cached instance of singleton bean 'autoConfigurationReport'
2023-01-04 17:44:53.857 DEBUG 3888 --- [           main] o.s.b.f.s.DefaultListableBeanFactory     : Returning cached instance of singleton bean 'autoConfigurationReport'
2023-01-04 17:44:53.857 DEBUG 3888 --- [           main] a.ConfigurationClassBeanDefinitionReader : Registered bean definition for imported class 'org.springframework.boot.autoconfigure.http.codec.CodecsAutoConfiguration$JacksonCodecConfiguration'
2023-01-04 17:44:53.857 DEBUG 3888 --- [           main] o.s.b.f.s.DefaultListableBeanFactory     : Returning cached instance of singleton bean 'org.springframework.boot.autoconfigure.condition.BeanTypeRegistry'
2023-01-04 17:44:53.857 DEBUG 3888 --- [           main] o.s.b.f.s.DefaultListableBeanFactory     : Returning cached instance of singleton bean 'autoConfigurationReport'
2023-01-04 17:44:53.858 DEBUG 3888 --- [           main] a.ConfigurationClassBeanDefinitionReader : Registering bean definition for @Bean method org.springframework.boot.autoconfigure.http.codec.CodecsAutoConfiguration$JacksonCodecConfiguration.jacksonCodecCustomizer()
2023-01-04 17:44:53.858 DEBUG 3888 --- [           main] a.ConfigurationClassBeanDefinitionReader : Registered bean definition for imported class 'org.springframework.boot.autoconfigure.http.codec.CodecsAutoConfiguration'
2023-01-04 17:44:53.858 DEBUG 3888 --- [           main] a.ConfigurationClassBeanDefinitionReader : Registered bean definition for imported class 'org.springframework.boot.autoconfigure.info.ProjectInfoAutoConfiguration'
2023-01-04 17:44:53.858 DEBUG 3888 --- [           main] o.s.c.e.PropertySourcesPropertyResolver  : Could not find key 'spring.info.git.location' in any property source
2023-01-04 17:44:53.858 DEBUG 3888 --- [           main] o.s.b.f.s.DefaultListableBeanFactory     : Returning cached instance of singleton bean 'autoConfigurationReport'
2023-01-04 17:44:53.858 DEBUG 3888 --- [           main] o.s.c.e.PropertySourcesPropertyResolver  : Could not find key 'spring.info.build.location:classpath:META-INF/build-info.properties' in any property source
2023-01-04 17:44:53.859 DEBUG 3888 --- [           main] o.s.c.e.PropertySourcesPropertyResolver  : Could not find key 'spring.info.build.location' in any property source
2023-01-04 17:44:53.859 DEBUG 3888 --- [           main] o.s.b.f.s.DefaultListableBeanFactory     : Returning cached instance of singleton bean 'autoConfigurationReport'
2023-01-04 17:44:53.859 DEBUG 3888 --- [           main] o.s.b.f.s.DefaultListableBeanFactory     : Returning cached instance of singleton bean 'autoConfigurationReport'
2023-01-04 17:44:53.859 DEBUG 3888 --- [           main] o.s.b.f.s.DefaultListableBeanFactory     : Returning cached instance of singleton bean 'org.springframework.boot.autoconfigure.condition.BeanTypeRegistry'
2023-01-04 17:44:53.859 DEBUG 3888 --- [           main] o.s.b.f.s.DefaultListableBeanFactory     : Returning cached instance of singleton bean 'autoConfigurationReport'
2023-01-04 17:44:53.860 DEBUG 3888 --- [           main] a.ConfigurationClassBeanDefinitionReader : Registered bean definition for imported class 'org.springframework.boot.autoconfigure.jdbc.JdbcTemplateAutoConfiguration$JdbcTemplateConfiguration'
2023-01-04 17:44:53.860 DEBUG 3888 --- [           main] o.s.b.f.s.DefaultListableBeanFactory     : Returning cached instance of singleton bean 'org.springframework.boot.autoconfigure.condition.BeanTypeRegistry'
2023-01-04 17:44:53.860 DEBUG 3888 --- [           main] o.s.b.f.s.DefaultListableBeanFactory     : Returning cached instance of singleton bean 'autoConfigurationReport'
2023-01-04 17:44:53.860 DEBUG 3888 --- [           main] a.ConfigurationClassBeanDefinitionReader : Registering bean definition for @Bean method org.springframework.boot.autoconfigure.jdbc.JdbcTemplateAutoConfiguration$JdbcTemplateConfiguration.jdbcTemplate()
2023-01-04 17:44:53.860 DEBUG 3888 --- [           main] a.ConfigurationClassBeanDefinitionReader : Registered bean definition for imported class 'org.springframework.boot.autoconfigure.jdbc.JdbcTemplateAutoConfiguration$NamedParameterJdbcTemplateConfiguration'
2023-01-04 17:44:53.860 DEBUG 3888 --- [           main] o.s.b.f.s.DefaultListableBeanFactory     : Returning cached instance of singleton bean 'org.springframework.boot.autoconfigure.condition.BeanTypeRegistry'
2023-01-04 17:44:53.861 DEBUG 3888 --- [           main] o.s.b.f.s.DefaultListableBeanFactory     : Returning cached instance of singleton bean 'org.springframework.boot.autoconfigure.condition.BeanTypeRegistry'
2023-01-04 17:44:53.861 DEBUG 3888 --- [           main] o.s.b.f.s.DefaultListableBeanFactory     : Returning cached instance of singleton bean 'autoConfigurationReport'
2023-01-04 17:44:53.861 DEBUG 3888 --- [           main] o.s.b.f.s.DefaultListableBeanFactory     : Returning cached instance of singleton bean 'org.springframework.boot.autoconfigure.condition.BeanTypeRegistry'
2023-01-04 17:44:53.861 DEBUG 3888 --- [           main] o.s.b.f.s.DefaultListableBeanFactory     : Returning cached instance of singleton bean 'org.springframework.boot.autoconfigure.condition.BeanTypeRegistry'
2023-01-04 17:44:53.861 DEBUG 3888 --- [           main] o.s.b.f.s.DefaultListableBeanFactory     : Returning cached instance of singleton bean 'autoConfigurationReport'
2023-01-04 17:44:53.861 DEBUG 3888 --- [           main] a.ConfigurationClassBeanDefinitionReader : Registering bean definition for @Bean method org.springframework.boot.autoconfigure.jdbc.JdbcTemplateAutoConfiguration$NamedParameterJdbcTemplateConfiguration.namedParameterJdbcTemplate()
2023-01-04 17:44:53.862 DEBUG 3888 --- [           main] a.ConfigurationClassBeanDefinitionReader : Registered bean definition for imported class 'org.springframework.boot.autoconfigure.jdbc.JdbcTemplateAutoConfiguration'
2023-01-04 17:44:53.862 DEBUG 3888 --- [           main] a.ConfigurationClassBeanDefinitionReader : Registered bean definition for imported class 'org.springframework.boot.autoconfigure.security.reactive.ReactiveSecurityAutoConfiguration'
2023-01-04 17:44:53.862 DEBUG 3888 --- [           main] o.s.b.f.s.DefaultListableBeanFactory     : Returning cached instance of singleton bean 'autoConfigurationReport'
2023-01-04 17:44:53.862 DEBUG 3888 --- [           main] o.s.b.f.s.DefaultListableBeanFactory     : Returning cached instance of singleton bean 'org.springframework.boot.autoconfigure.condition.BeanTypeRegistry'
2023-01-04 17:44:53.862 DEBUG 3888 --- [           main] o.s.b.f.s.DefaultListableBeanFactory     : Returning cached instance of singleton bean 'autoConfigurationReport'
2023-01-04 17:44:53.862 DEBUG 3888 --- [           main] a.ConfigurationClassBeanDefinitionReader : Registered bean definition for imported class 'org.springframework.boot.autoconfigure.jdbc.DataSourceTransactionManagerAutoConfiguration$DataSourceTransactionManagerConfiguration'
2023-01-04 17:44:53.863 DEBUG 3888 --- [           main] o.s.b.f.s.DefaultListableBeanFactory     : Returning cached instance of singleton bean 'org.springframework.boot.autoconfigure.condition.BeanTypeRegistry'
2023-01-04 17:44:53.863 DEBUG 3888 --- [           main] o.s.b.f.s.DefaultListableBeanFactory     : Returning cached instance of singleton bean 'autoConfigurationReport'
2023-01-04 17:44:53.863 DEBUG 3888 --- [           main] a.ConfigurationClassBeanDefinitionReader : Registered bean definition for imported class 'org.springframework.boot.autoconfigure.jdbc.DataSourceTransactionManagerAutoConfiguration'
2023-01-04 17:44:53.863 DEBUG 3888 --- [           main] o.s.b.f.s.DefaultListableBeanFactory     : Returning cached instance of singleton bean 'autoConfigurationReport'
2023-01-04 17:44:53.863 DEBUG 3888 --- [           main] o.s.b.f.s.DefaultListableBeanFactory     : Returning cached instance of singleton bean 'org.springframework.boot.autoconfigure.condition.BeanTypeRegistry'
2023-01-04 17:44:53.864 DEBUG 3888 --- [           main] o.s.b.f.s.DefaultListableBeanFactory     : Returning cached instance of singleton bean 'org.springframework.boot.autoconfigure.condition.BeanTypeRegistry'
2023-01-04 17:44:53.864 DEBUG 3888 --- [           main] o.s.b.f.s.DefaultListableBeanFactory     : Returning cached instance of singleton bean 'autoConfigurationReport'
2023-01-04 17:44:53.864 DEBUG 3888 --- [           main] o.s.b.f.s.DefaultListableBeanFactory     : Returning cached instance of singleton bean 'org.springframework.boot.autoconfigure.condition.BeanTypeRegistry'
2023-01-04 17:44:53.864 DEBUG 3888 --- [           main] o.s.b.f.s.DefaultListableBeanFactory     : Returning cached instance of singleton bean 'org.springframework.boot.autoconfigure.condition.BeanTypeRegistry'
2023-01-04 17:44:53.864 DEBUG 3888 --- [           main] o.s.b.f.s.DefaultListableBeanFactory     : Returning cached instance of singleton bean 'autoConfigurationReport'
2023-01-04 17:44:53.864 DEBUG 3888 --- [           main] o.s.b.f.s.DefaultListableBeanFactory     : Returning cached instance of singleton bean 'autoConfigurationReport'
2023-01-04 17:44:53.864 DEBUG 3888 --- [           main] a.ConfigurationClassBeanDefinitionReader : Registered bean definition for imported class 'org.springframework.transaction.annotation.ProxyTransactionManagementConfiguration'
2023-01-04 17:44:53.864 DEBUG 3888 --- [           main] a.ConfigurationClassBeanDefinitionReader : Registering bean definition for @Bean method org.springframework.transaction.annotation.ProxyTransactionManagementConfiguration.org.springframework.transaction.config.internalTransactionAdvisor()
2023-01-04 17:44:53.865 DEBUG 3888 --- [           main] a.ConfigurationClassBeanDefinitionReader : Registering bean definition for @Bean method org.springframework.transaction.annotation.ProxyTransactionManagementConfiguration.transactionAttributeSource()
2023-01-04 17:44:53.865 DEBUG 3888 --- [           main] a.ConfigurationClassBeanDefinitionReader : Registering bean definition for @Bean method org.springframework.transaction.annotation.ProxyTransactionManagementConfiguration.transactionInterceptor()
2023-01-04 17:44:53.865 DEBUG 3888 --- [           main] a.ConfigurationClassBeanDefinitionReader : Registering bean definition for @Bean method org.springframework.transaction.annotation.ProxyTransactionManagementConfiguration.org.springframework.transaction.config.internalTransactionalEventListenerFactory()
2023-01-04 17:44:53.866 DEBUG 3888 --- [           main] a.ConfigurationClassBeanDefinitionReader : Registered bean definition for imported class 'org.springframework.boot.autoconfigure.transaction.TransactionAutoConfiguration$EnableTransactionManagementConfiguration$CglibAutoProxyConfiguration'
2023-01-04 17:44:53.866 DEBUG 3888 --- [           main] a.ConfigurationClassBeanDefinitionReader : Registered bean definition for imported class 'org.springframework.boot.autoconfigure.transaction.TransactionAutoConfiguration$EnableTransactionManagementConfiguration'
2023-01-04 17:44:53.866 DEBUG 3888 --- [           main] o.s.b.f.s.DefaultListableBeanFactory     : Returning cached instance of singleton bean 'org.springframework.boot.autoconfigure.condition.BeanTypeRegistry'
2023-01-04 17:44:53.866 DEBUG 3888 --- [           main] o.s.b.f.s.DefaultListableBeanFactory     : Returning cached instance of singleton bean 'autoConfigurationReport'
2023-01-04 17:44:53.866 DEBUG 3888 --- [           main] a.ConfigurationClassBeanDefinitionReader : Registered bean definition for imported class 'org.springframework.boot.autoconfigure.transaction.TransactionAutoConfiguration$TransactionTemplateConfiguration'
2023-01-04 17:44:53.867 DEBUG 3888 --- [           main] o.s.b.f.s.DefaultListableBeanFactory     : Returning cached instance of singleton bean 'org.springframework.boot.autoconfigure.condition.BeanTypeRegistry'
2023-01-04 17:44:53.867 DEBUG 3888 --- [           main] o.s.b.f.s.DefaultListableBeanFactory     : Returning cached instance of singleton bean 'autoConfigurationReport'
2023-01-04 17:44:53.867 DEBUG 3888 --- [           main] a.ConfigurationClassBeanDefinitionReader : Registering bean definition for @Bean method org.springframework.boot.autoconfigure.transaction.TransactionAutoConfiguration$TransactionTemplateConfiguration.transactionTemplate()
2023-01-04 17:44:53.867 DEBUG 3888 --- [           main] a.ConfigurationClassBeanDefinitionReader : Registered bean definition for imported class 'org.springframework.boot.autoconfigure.transaction.TransactionAutoConfiguration'
2023-01-04 17:44:53.867 DEBUG 3888 --- [           main] o.s.b.f.s.DefaultListableBeanFactory     : Returning cached instance of singleton bean 'org.springframework.boot.autoconfigure.condition.BeanTypeRegistry'
2023-01-04 17:44:53.867 DEBUG 3888 --- [           main] o.s.b.f.s.DefaultListableBeanFactory     : Returning cached instance of singleton bean 'autoConfigurationReport'
2023-01-04 17:44:53.868 DEBUG 3888 --- [           main] a.ConfigurationClassBeanDefinitionReader : Registering bean definition for @Bean method org.springframework.boot.autoconfigure.transaction.TransactionAutoConfiguration.platformTransactionManagerCustomizers()
2023-01-04 17:44:53.868 DEBUG 3888 --- [           main] o.s.b.f.s.DefaultListableBeanFactory     : Returning cached instance of singleton bean 'autoConfigurationReport'
2023-01-04 17:44:53.868 DEBUG 3888 --- [           main] a.ConfigurationClassBeanDefinitionReader : Registered bean definition for imported class 'org.springframework.boot.autoconfigure.web.client.RestTemplateAutoConfiguration'
2023-01-04 17:44:53.868 DEBUG 3888 --- [           main] o.s.b.f.s.DefaultListableBeanFactory     : Returning cached instance of singleton bean 'org.springframework.boot.autoconfigure.condition.BeanTypeRegistry'
2023-01-04 17:44:53.869 DEBUG 3888 --- [           main] o.s.b.f.s.DefaultListableBeanFactory     : Returning cached instance of singleton bean 'autoConfigurationReport'
2023-01-04 17:44:53.869 DEBUG 3888 --- [           main] a.ConfigurationClassBeanDefinitionReader : Registering bean definition for @Bean method org.springframework.boot.autoconfigure.web.client.RestTemplateAutoConfiguration.restTemplateBuilder()
2023-01-04 17:44:53.869 DEBUG 3888 --- [           main] o.s.b.f.s.DefaultListableBeanFactory     : Returning cached instance of singleton bean 'autoConfigurationReport'
2023-01-04 17:44:53.869 DEBUG 3888 --- [           main] a.ConfigurationClassBeanDefinitionReader : Registered bean definition for imported class 'org.springframework.boot.autoconfigure.web.embedded.EmbeddedWebServerFactoryCustomizerAutoConfiguration$TomcatWebServerFactoryCustomizerConfiguration'
2023-01-04 17:44:53.869 DEBUG 3888 --- [           main] a.ConfigurationClassBeanDefinitionReader : Registering bean definition for @Bean method org.springframework.boot.autoconfigure.web.embedded.EmbeddedWebServerFactoryCustomizerAutoConfiguration$TomcatWebServerFactoryCustomizerConfiguration.tomcatWebServerFactoryCustomizer()
2023-01-04 17:44:53.869 DEBUG 3888 --- [           main] a.ConfigurationClassBeanDefinitionReader : Registered bean definition for imported class 'org.springframework.boot.autoconfigure.web.embedded.EmbeddedWebServerFactoryCustomizerAutoConfiguration'
2023-01-04 17:44:53.869 DEBUG 3888 --- [           main] o.s.b.f.s.DefaultListableBeanFactory     : Returning cached instance of singleton bean 'autoConfigurationReport'
2023-01-04 17:44:53.869 DEBUG 3888 --- [           main] o.s.b.f.s.DefaultListableBeanFactory     : Returning cached instance of singleton bean 'autoConfigurationReport'
2023-01-04 17:44:53.869 DEBUG 3888 --- [           main] o.s.b.f.s.DefaultListableBeanFactory     : Returning cached instance of singleton bean 'autoConfigurationReport'
2023-01-04 17:44:53.870 DEBUG 3888 --- [           main] a.ConfigurationClassBeanDefinitionReader : Registered bean definition for imported class 'org.springframework.boot.autoconfigure.web.servlet.HttpEncodingAutoConfiguration'
2023-01-04 17:44:53.870 DEBUG 3888 --- [           main] o.s.b.f.s.DefaultListableBeanFactory     : Returning cached instance of singleton bean 'org.springframework.boot.autoconfigure.condition.BeanTypeRegistry'
2023-01-04 17:44:53.870 DEBUG 3888 --- [           main] o.s.b.f.s.DefaultListableBeanFactory     : Returning cached instance of singleton bean 'autoConfigurationReport'
2023-01-04 17:44:53.870 DEBUG 3888 --- [           main] a.ConfigurationClassBeanDefinitionReader : Registering bean definition for @Bean method org.springframework.boot.autoconfigure.web.servlet.HttpEncodingAutoConfiguration.characterEncodingFilter()
2023-01-04 17:44:53.870 DEBUG 3888 --- [           main] a.ConfigurationClassBeanDefinitionReader : Registering bean definition for @Bean method org.springframework.boot.autoconfigure.web.servlet.HttpEncodingAutoConfiguration.localeCharsetMappingsCustomizer()
2023-01-04 17:44:53.870 DEBUG 3888 --- [           main] o.s.b.f.s.DefaultListableBeanFactory     : Returning cached instance of singleton bean 'autoConfigurationReport'
2023-01-04 17:44:53.870 DEBUG 3888 --- [           main] o.s.b.f.s.DefaultListableBeanFactory     : Returning cached instance of singleton bean 'autoConfigurationReport'
2023-01-04 17:44:53.871 DEBUG 3888 --- [           main] o.s.b.f.s.DefaultListableBeanFactory     : Returning cached instance of singleton bean 'autoConfigurationReport'
2023-01-04 17:44:53.871 DEBUG 3888 --- [           main] a.ConfigurationClassBeanDefinitionReader : Registered bean definition for imported class 'org.springframework.boot.autoconfigure.web.servlet.MultipartAutoConfiguration'
2023-01-04 17:44:53.871 DEBUG 3888 --- [           main] o.s.b.f.s.DefaultListableBeanFactory     : Returning cached instance of singleton bean 'org.springframework.boot.autoconfigure.condition.BeanTypeRegistry'
2023-01-04 17:44:53.871 DEBUG 3888 --- [           main] o.s.b.f.s.DefaultListableBeanFactory     : Returning cached instance of singleton bean 'org.springframework.boot.autoconfigure.condition.BeanTypeRegistry'
2023-01-04 17:44:53.871 DEBUG 3888 --- [           main] o.s.b.f.s.DefaultListableBeanFactory     : Returning cached instance of singleton bean 'autoConfigurationReport'
2023-01-04 17:44:53.871 DEBUG 3888 --- [           main] a.ConfigurationClassBeanDefinitionReader : Registering bean definition for @Bean method org.springframework.boot.autoconfigure.web.servlet.MultipartAutoConfiguration.multipartConfigElement()
2023-01-04 17:44:53.872 DEBUG 3888 --- [           main] o.s.b.f.s.DefaultListableBeanFactory     : Returning cached instance of singleton bean 'org.springframework.boot.autoconfigure.condition.BeanTypeRegistry'
2023-01-04 17:44:53.872 DEBUG 3888 --- [           main] o.s.b.f.s.DefaultListableBeanFactory     : Returning cached instance of singleton bean 'autoConfigurationReport'
2023-01-04 17:44:53.872 DEBUG 3888 --- [           main] a.ConfigurationClassBeanDefinitionReader : Registering bean definition for @Bean method org.springframework.boot.autoconfigure.web.servlet.MultipartAutoConfiguration.multipartResolver()
2023-01-04 17:44:53.845 DEBUG 3888 --- [kground-preinit] o.apache.tomcat.util.digester.Digester   :   Fire end() for SetPropertiesRule[]
2023-01-04 17:44:53.876 DEBUG 3888 --- [kground-preinit] o.apache.tomcat.util.digester.Digester   :   Fire end() for ObjectCreateRule[className=org.apache.tomcat.util.modeler.OperationInfo, attributeName=null]
2023-01-04 17:44:53.877 DEBUG 3888 --- [kground-preinit] o.apache.tomcat.util.digester.Digester   : [ObjectCreateRule]{mbeans-descriptors/mbean/operation} Pop org.apache.tomcat.util.modeler.OperationInfo
2023-01-04 17:44:53.877 DEBUG 3888 --- [kground-preinit] o.a.tomcat.util.digester.Digester.sax    : characters(

    )
2023-01-04 17:44:53.877 DEBUG 3888 --- [kground-preinit] o.a.tomcat.util.digester.Digester.sax    : startElement(,,operation)
2023-01-04 17:44:53.878 DEBUG 3888 --- [kground-preinit] o.apache.tomcat.util.digester.Digester   :   New match='mbeans-descriptors/mbean/operation'
2023-01-04 17:44:53.878 DEBUG 3888 --- [kground-preinit] o.apache.tomcat.util.digester.Digester   :   Fire begin() for ObjectCreateRule[className=org.apache.tomcat.util.modeler.OperationInfo, attributeName=null]
2023-01-04 17:44:53.878 DEBUG 3888 --- [kground-preinit] o.apache.tomcat.util.digester.Digester   : [ObjectCreateRule]{mbeans-descriptors/mbean/operation}New org.apache.tomcat.util.modeler.OperationInfo
2023-01-04 17:44:53.878 DEBUG 3888 --- [kground-preinit] o.apache.tomcat.util.digester.Digester   :   Fire begin() for SetPropertiesRule[]
2023-01-04 17:44:53.878 DEBUG 3888 --- [kground-preinit] o.apache.tomcat.util.digester.Digester   : [SetPropertiesRule]{mbeans-descriptors/mbean/operation} Set org.apache.tomcat.util.modeler.OperationInfo properties
2023-01-04 17:44:53.879 DEBUG 3888 --- [kground-preinit] o.apache.tomcat.util.digester.Digester   : [SetPropertiesRule]{mbeans-descriptors/mbean/operation} Setting property 'name' to 'addParameter'
2023-01-04 17:44:53.879 DEBUG 3888 --- [kground-preinit] o.apache.tomcat.util.IntrospectionUtils  : IntrospectionUtils: setProperty(class org.apache.tomcat.util.modeler.OperationInfo name=addParameter)
2023-01-04 17:44:53.879 DEBUG 3888 --- [kground-preinit] o.apache.tomcat.util.digester.Digester   : [SetPropertiesRule]{mbeans-descriptors/mbean/operation} Setting property 'description' to 'Add a new context initialization parameter, replacing any existing value for the specified name.'
2023-01-04 17:44:53.879 DEBUG 3888 --- [kground-preinit] o.apache.tomcat.util.IntrospectionUtils  : IntrospectionUtils: setProperty(class org.apache.tomcat.util.modeler.OperationInfo description=Add a new context initialization parameter, replacing any existing value for the specified name.)
2023-01-04 17:44:53.879 DEBUG 3888 --- [kground-preinit] o.apache.tomcat.util.digester.Digester   : [SetPropertiesRule]{mbeans-descriptors/mbean/operation} Setting property 'impact' to 'ACTION'
2023-01-04 17:44:53.879 DEBUG 3888 --- [kground-preinit] o.apache.tomcat.util.IntrospectionUtils  : IntrospectionUtils: setProperty(class org.apache.tomcat.util.modeler.OperationInfo impact=ACTION)
2023-01-04 17:44:53.880 DEBUG 3888 --- [kground-preinit] o.apache.tomcat.util.digester.Digester   : [SetPropertiesRule]{mbeans-descriptors/mbean/operation} Setting property 'returnType' to 'void'
2023-01-04 17:44:53.880 DEBUG 3888 --- [kground-preinit] o.apache.tomcat.util.IntrospectionUtils  : IntrospectionUtils: setProperty(class org.apache.tomcat.util.modeler.OperationInfo returnType=void)
2023-01-04 17:44:53.880 DEBUG 3888 --- [kground-preinit] o.apache.tomcat.util.digester.Digester   :   Fire begin() for SetNextRule[methodName=addOperation, paramType=org.apache.tomcat.util.modeler.OperationInfo]
2023-01-04 17:44:53.880 DEBUG 3888 --- [kground-preinit] o.a.tomcat.util.digester.Digester.sax    : characters(
      )
2023-01-04 17:44:53.880 DEBUG 3888 --- [kground-preinit] o.a.tomcat.util.digester.Digester.sax    : startElement(,,parameter)
2023-01-04 17:44:53.880 DEBUG 3888 --- [kground-preinit] o.apache.tomcat.util.digester.Digester   :   New match='mbeans-descriptors/mbean/operation/parameter'
2023-01-04 17:44:53.880 DEBUG 3888 --- [kground-preinit] o.apache.tomcat.util.digester.Digester   :   Fire begin() for ObjectCreateRule[className=org.apache.tomcat.util.modeler.ParameterInfo, attributeName=null]
2023-01-04 17:44:53.881 DEBUG 3888 --- [kground-preinit] o.apache.tomcat.util.digester.Digester   : [ObjectCreateRule]{mbeans-descriptors/mbean/operation/parameter}New org.apache.tomcat.util.modeler.ParameterInfo
2023-01-04 17:44:53.881 DEBUG 3888 --- [kground-preinit] o.apache.tomcat.util.digester.Digester   :   Fire begin() for SetPropertiesRule[]
2023-01-04 17:44:53.882 DEBUG 3888 --- [kground-preinit] o.apache.tomcat.util.digester.Digester   : [SetPropertiesRule]{mbeans-descriptors/mbean/operation/parameter} Set org.apache.tomcat.util.modeler.ParameterInfo properties
2023-01-04 17:44:53.882 DEBUG 3888 --- [kground-preinit] o.apache.tomcat.util.digester.Digester   : [SetPropertiesRule]{mbeans-descriptors/mbean/operation/parameter} Setting property 'name' to 'name'
2023-01-04 17:44:53.882 DEBUG 3888 --- [kground-preinit] o.apache.tomcat.util.IntrospectionUtils  : IntrospectionUtils: setProperty(class org.apache.tomcat.util.modeler.ParameterInfo name=name)
2023-01-04 17:44:53.882 DEBUG 3888 --- [kground-preinit] o.apache.tomcat.util.digester.Digester   : [SetPropertiesRule]{mbeans-descriptors/mbean/operation/parameter} Setting property 'description' to 'Name of the new parameter'
2023-01-04 17:44:53.882 DEBUG 3888 --- [kground-preinit] o.apache.tomcat.util.IntrospectionUtils  : IntrospectionUtils: setProperty(class org.apache.tomcat.util.modeler.ParameterInfo description=Name of the new parameter)
2023-01-04 17:44:53.882 DEBUG 3888 --- [kground-preinit] o.apache.tomcat.util.digester.Digester   : [SetPropertiesRule]{mbeans-descriptors/mbean/operation/parameter} Setting property 'type' to 'java.lang.String'
2023-01-04 17:44:53.883 DEBUG 3888 --- [kground-preinit] o.apache.tomcat.util.IntrospectionUtils  : IntrospectionUtils: setProperty(class org.apache.tomcat.util.modeler.ParameterInfo type=java.lang.String)
2023-01-04 17:44:53.883 DEBUG 3888 --- [kground-preinit] o.apache.tomcat.util.digester.Digester   :   Fire begin() for SetNextRule[methodName=addParameter, paramType=org.apache.tomcat.util.modeler.ParameterInfo]
2023-01-04 17:44:53.883 DEBUG 3888 --- [kground-preinit] o.a.tomcat.util.digester.Digester.sax    : endElement(,,parameter)
2023-01-04 17:44:53.883 DEBUG 3888 --- [kground-preinit] o.apache.tomcat.util.digester.Digester   :   match='mbeans-descriptors/mbean/operation/parameter'
2023-01-04 17:44:53.883 DEBUG 3888 --- [kground-preinit] o.apache.tomcat.util.digester.Digester   :   bodyText=''
2023-01-04 17:44:53.883 DEBUG 3888 --- [kground-preinit] o.apache.tomcat.util.digester.Digester   :   Fire body() for ObjectCreateRule[className=org.apache.tomcat.util.modeler.ParameterInfo, attributeName=null]
2023-01-04 17:44:53.883 DEBUG 3888 --- [kground-preinit] o.apache.tomcat.util.digester.Digester   :   Fire body() for SetPropertiesRule[]
2023-01-04 17:44:53.884 DEBUG 3888 --- [kground-preinit] o.apache.tomcat.util.digester.Digester   :   Fire body() for SetNextRule[methodName=addParameter, paramType=org.apache.tomcat.util.modeler.ParameterInfo]
2023-01-04 17:44:53.884 DEBUG 3888 --- [kground-preinit] o.apache.tomcat.util.digester.Digester   :   Fire end() for SetNextRule[methodName=addParameter, paramType=org.apache.tomcat.util.modeler.ParameterInfo]
2023-01-04 17:44:53.884 DEBUG 3888 --- [kground-preinit] o.apache.tomcat.util.digester.Digester   : [SetNextRule]{mbeans-descriptors/mbean/operation/parameter} Call org.apache.tomcat.util.modeler.OperationInfo.addParameter(org.apache.tomcat.util.modeler.ParameterInfo@310b5e2b)
2023-01-04 17:44:53.884 DEBUG 3888 --- [kground-preinit] o.apache.tomcat.util.IntrospectionUtils  : IntrospectionUtils: callMethod1 org.apache.tomcat.util.modeler.OperationInfo org.apache.tomcat.util.modeler.ParameterInfo org.apache.tomcat.util.modeler.ParameterInfo
2023-01-04 17:44:53.884 DEBUG 3888 --- [kground-preinit] o.apache.tomcat.util.digester.Digester   :   Fire end() for SetPropertiesRule[]
2023-01-04 17:44:53.884 DEBUG 3888 --- [kground-preinit] o.apache.tomcat.util.digester.Digester   :   Fire end() for ObjectCreateRule[className=org.apache.tomcat.util.modeler.ParameterInfo, attributeName=null]
2023-01-04 17:44:53.884 DEBUG 3888 --- [kground-preinit] o.apache.tomcat.util.digester.Digester   : [ObjectCreateRule]{mbeans-descriptors/mbean/operation/parameter} Pop org.apache.tomcat.util.modeler.ParameterInfo
2023-01-04 17:44:53.884 DEBUG 3888 --- [kground-preinit] o.a.tomcat.util.digester.Digester.sax    : characters(
      )
2023-01-04 17:44:53.885 DEBUG 3888 --- [kground-preinit] o.a.tomcat.util.digester.Digester.sax    : startElement(,,parameter)
2023-01-04 17:44:53.885 DEBUG 3888 --- [kground-preinit] o.apache.tomcat.util.digester.Digester   :   New match='mbeans-descriptors/mbean/operation/parameter'
2023-01-04 17:44:53.885 DEBUG 3888 --- [kground-preinit] o.apache.tomcat.util.digester.Digester   :   Fire begin() for ObjectCreateRule[className=org.apache.tomcat.util.modeler.ParameterInfo, attributeName=null]
2023-01-04 17:44:53.885 DEBUG 3888 --- [kground-preinit] o.apache.tomcat.util.digester.Digester   : [ObjectCreateRule]{mbeans-descriptors/mbean/operation/parameter}New org.apache.tomcat.util.modeler.ParameterInfo
2023-01-04 17:44:53.885 DEBUG 3888 --- [kground-preinit] o.apache.tomcat.util.digester.Digester   :   Fire begin() for SetPropertiesRule[]
2023-01-04 17:44:53.885 DEBUG 3888 --- [kground-preinit] o.apache.tomcat.util.digester.Digester   : [SetPropertiesRule]{mbeans-descriptors/mbean/operation/parameter} Set org.apache.tomcat.util.modeler.ParameterInfo properties
2023-01-04 17:44:53.885 DEBUG 3888 --- [kground-preinit] o.apache.tomcat.util.digester.Digester   : [SetPropertiesRule]{mbeans-descriptors/mbean/operation/parameter} Setting property 'name' to 'value'
2023-01-04 17:44:53.886 DEBUG 3888 --- [kground-preinit] o.apache.tomcat.util.IntrospectionUtils  : IntrospectionUtils: setProperty(class org.apache.tomcat.util.modeler.ParameterInfo name=value)
2023-01-04 17:44:53.886 DEBUG 3888 --- [kground-preinit] o.apache.tomcat.util.digester.Digester   : [SetPropertiesRule]{mbeans-descriptors/mbean/operation/parameter} Setting property 'description' to 'Value of the new  parameter'
2023-01-04 17:44:53.886 DEBUG 3888 --- [kground-preinit] o.apache.tomcat.util.IntrospectionUtils  : IntrospectionUtils: setProperty(class org.apache.tomcat.util.modeler.ParameterInfo description=Value of the new  parameter)
2023-01-04 17:44:53.886 DEBUG 3888 --- [kground-preinit] o.apache.tomcat.util.digester.Digester   : [SetPropertiesRule]{mbeans-descriptors/mbean/operation/parameter} Setting property 'type' to 'java.lang.String'
2023-01-04 17:44:53.886 DEBUG 3888 --- [kground-preinit] o.apache.tomcat.util.IntrospectionUtils  : IntrospectionUtils: setProperty(class org.apache.tomcat.util.modeler.ParameterInfo type=java.lang.String)
2023-01-04 17:44:53.886 DEBUG 3888 --- [kground-preinit] o.apache.tomcat.util.digester.Digester   :   Fire begin() for SetNextRule[methodName=addParameter, paramType=org.apache.tomcat.util.modeler.ParameterInfo]
2023-01-04 17:44:53.886 DEBUG 3888 --- [kground-preinit] o.a.tomcat.util.digester.Digester.sax    : endElement(,,parameter)
2023-01-04 17:44:53.887 DEBUG 3888 --- [kground-preinit] o.apache.tomcat.util.digester.Digester   :   match='mbeans-descriptors/mbean/operation/parameter'
2023-01-04 17:44:53.887 DEBUG 3888 --- [kground-preinit] o.apache.tomcat.util.digester.Digester   :   bodyText=''
2023-01-04 17:44:53.887 DEBUG 3888 --- [kground-preinit] o.apache.tomcat.util.digester.Digester   :   Fire body() for ObjectCreateRule[className=org.apache.tomcat.util.modeler.ParameterInfo, attributeName=null]
2023-01-04 17:44:53.887 DEBUG 3888 --- [kground-preinit] o.apache.tomcat.util.digester.Digester   :   Fire body() for SetPropertiesRule[]
2023-01-04 17:44:53.887 DEBUG 3888 --- [kground-preinit] o.apache.tomcat.util.digester.Digester   :   Fire body() for SetNextRule[methodName=addParameter, paramType=org.apache.tomcat.util.modeler.ParameterInfo]
2023-01-04 17:44:53.887 DEBUG 3888 --- [kground-preinit] o.apache.tomcat.util.digester.Digester   :   Fire end() for SetNextRule[methodName=addParameter, paramType=org.apache.tomcat.util.modeler.ParameterInfo]
2023-01-04 17:44:53.887 DEBUG 3888 --- [kground-preinit] o.apache.tomcat.util.digester.Digester   : [SetNextRule]{mbeans-descriptors/mbean/operation/parameter} Call org.apache.tomcat.util.modeler.OperationInfo.addParameter(org.apache.tomcat.util.modeler.ParameterInfo@1a3918c9)
2023-01-04 17:44:53.888 DEBUG 3888 --- [kground-preinit] o.apache.tomcat.util.IntrospectionUtils  : IntrospectionUtils: callMethod1 org.apache.tomcat.util.modeler.OperationInfo org.apache.tomcat.util.modeler.ParameterInfo org.apache.tomcat.util.modeler.ParameterInfo
2023-01-04 17:44:53.888 DEBUG 3888 --- [kground-preinit] o.apache.tomcat.util.digester.Digester   :   Fire end() for SetPropertiesRule[]
2023-01-04 17:44:53.888 DEBUG 3888 --- [kground-preinit] o.apache.tomcat.util.digester.Digester   :   Fire end() for ObjectCreateRule[className=org.apache.tomcat.util.modeler.ParameterInfo, attributeName=null]
2023-01-04 17:44:53.888 DEBUG 3888 --- [kground-preinit] o.apache.tomcat.util.digester.Digester   : [ObjectCreateRule]{mbeans-descriptors/mbean/operation/parameter} Pop org.apache.tomcat.util.modeler.ParameterInfo
2023-01-04 17:44:53.888 DEBUG 3888 --- [kground-preinit] o.a.tomcat.util.digester.Digester.sax    : characters(
    )
2023-01-04 17:44:53.888 DEBUG 3888 --- [kground-preinit] o.a.tomcat.util.digester.Digester.sax    : endElement(,,operation)
2023-01-04 17:44:53.889 DEBUG 3888 --- [kground-preinit] o.apache.tomcat.util.digester.Digester   :   match='mbeans-descriptors/mbean/operation'
2023-01-04 17:44:53.889 DEBUG 3888 --- [kground-preinit] o.apache.tomcat.util.digester.Digester   :   bodyText='
      
      
    '
2023-01-04 17:44:53.889 DEBUG 3888 --- [kground-preinit] o.apache.tomcat.util.digester.Digester   :   Fire body() for ObjectCreateRule[className=org.apache.tomcat.util.modeler.OperationInfo, attributeName=null]
2023-01-04 17:44:53.889 DEBUG 3888 --- [kground-preinit] o.apache.tomcat.util.digester.Digester   :   Fire body() for SetPropertiesRule[]
2023-01-04 17:44:53.889 DEBUG 3888 --- [kground-preinit] o.apache.tomcat.util.digester.Digester   :   Fire body() for SetNextRule[methodName=addOperation, paramType=org.apache.tomcat.util.modeler.OperationInfo]
2023-01-04 17:44:53.890 DEBUG 3888 --- [kground-preinit] o.apache.tomcat.util.digester.Digester   :   Fire end() for SetNextRule[methodName=addOperation, paramType=org.apache.tomcat.util.modeler.OperationInfo]
2023-01-04 17:44:53.890 DEBUG 3888 --- [kground-preinit] o.apache.tomcat.util.digester.Digester   : [SetNextRule]{mbeans-descriptors/mbean/operation} Call org.apache.tomcat.util.modeler.ManagedBean.addOperation(org.apache.tomcat.util.modeler.OperationInfo@3d7958cb)
2023-01-04 17:44:53.890 DEBUG 3888 --- [kground-preinit] o.apache.tomcat.util.IntrospectionUtils  : IntrospectionUtils: callMethod1 org.apache.tomcat.util.modeler.ManagedBean org.apache.tomcat.util.modeler.OperationInfo org.apache.tomcat.util.modeler.OperationInfo
2023-01-04 17:44:53.890 DEBUG 3888 --- [kground-preinit] o.apache.tomcat.util.digester.Digester   :   Fire end() for SetPropertiesRule[]
2023-01-04 17:44:53.891 DEBUG 3888 --- [kground-preinit] o.apache.tomcat.util.digester.Digester   :   Fire end() for ObjectCreateRule[className=org.apache.tomcat.util.modeler.OperationInfo, attributeName=null]
2023-01-04 17:44:53.890 ERROR 3888 --- [           main] o.s.boot.SpringApplication               : Application run failed

java.lang.IllegalStateException: Cannot load configuration class: com.affani.datatranx.DatatranxApplication
	at org.springframework.context.annotation.ConfigurationClassPostProcessor.enhanceConfigurationClasses(ConfigurationClassPostProcessor.java:414) ~[spring-context-5.0.8.RELEASE.jar:5.0.8.RELEASE]
	at org.springframework.context.annotation.ConfigurationClassPostProcessor.postProcessBeanFactory(ConfigurationClassPostProcessor.java:254) ~[spring-context-5.0.8.RELEASE.jar:5.0.8.RELEASE]
	at org.springframework.context.support.PostProcessorRegistrationDelegate.invokeBeanFactoryPostProcessors(PostProcessorRegistrationDelegate.java:282) ~[spring-context-5.0.8.RELEASE.jar:5.0.8.RELEASE]
	at org.springframework.context.support.PostProcessorRegistrationDelegate.invokeBeanFactoryPostProcessors(PostProcessorRegistrationDelegate.java:126) ~[spring-context-5.0.8.RELEASE.jar:5.0.8.RELEASE]
	at org.springframework.context.support.AbstractApplicationContext.invokeBeanFactoryPostProcessors(AbstractApplicationContext.java:694) ~[spring-context-5.0.8.RELEASE.jar:5.0.8.RELEASE]
	at org.springframework.context.support.AbstractApplicationContext.refresh(AbstractApplicationContext.java:532) ~[spring-context-5.0.8.RELEASE.jar:5.0.8.RELEASE]
	at org.springframework.boot.SpringApplication.refresh(SpringApplication.java:762) ~[spring-boot-2.0.4.RELEASE.jar:2.0.4.RELEASE]
	at org.springframework.boot.SpringApplication.refreshContext(SpringApplication.java:398) ~[spring-boot-2.0.4.RELEASE.jar:2.0.4.RELEASE]
	at org.springframework.boot.SpringApplication.run(SpringApplication.java:330) ~[spring-boot-2.0.4.RELEASE.jar:2.0.4.RELEASE]
	at org.springframework.boot.test.context.SpringBootContextLoader.loadContext(SpringBootContextLoader.java:139) ~[spring-boot-test-2.0.4.RELEASE.jar:2.0.4.RELEASE]
	at org.springframework.test.context.cache.DefaultCacheAwareContextLoaderDelegate.loadContextInternal(DefaultCacheAwareContextLoaderDelegate.java:99) ~[spring-test-5.0.8.RELEASE.jar:5.0.8.RELEASE]
	at org.springframework.test.context.cache.DefaultCacheAwareContextLoaderDelegate.loadContext(DefaultCacheAwareContextLoaderDelegate.java:117) ~[spring-test-5.0.8.RELEASE.jar:5.0.8.RELEASE]
	at org.springframework.test.context.support.DefaultTestContext.getApplicationContext(DefaultTestContext.java:108) ~[spring-test-5.0.8.RELEASE.jar:5.0.8.RELEASE]
	at org.springframework.test.context.web.ServletTestExecutionListener.setUpRequestContextIfNecessary(ServletTestExecutionListener.java:190) ~[spring-test-5.0.8.RELEASE.jar:5.0.8.RELEASE]
	at org.springframework.test.context.web.ServletTestExecutionListener.prepareTestInstance(ServletTestExecutionListener.java:132) ~[spring-test-5.0.8.RELEASE.jar:5.0.8.RELEASE]
	at org.springframework.test.context.TestContextManager.prepareTestInstance(TestContextManager.java:246) ~[spring-test-5.0.8.RELEASE.jar:5.0.8.RELEASE]
	at org.springframework.test.context.junit4.SpringJUnit4ClassRunner.createTest(SpringJUnit4ClassRunner.java:227) ~[spring-test-5.0.8.RELEASE.jar:5.0.8.RELEASE]
	at org.springframework.test.context.junit4.SpringJUnit4ClassRunner$1.runReflectiveCall(SpringJUnit4ClassRunner.java:289) ~[spring-test-5.0.8.RELEASE.jar:5.0.8.RELEASE]
	at org.junit.internal.runners.model.ReflectiveCallable.run(ReflectiveCallable.java:12) ~[junit-4.12.jar:4.12]
	at org.springframework.test.context.junit4.SpringJUnit4ClassRunner.methodBlock(SpringJUnit4ClassRunner.java:291) ~[spring-test-5.0.8.RELEASE.jar:5.0.8.RELEASE]
	at org.springframework.test.context.junit4.SpringJUnit4ClassRunner.runChild(SpringJUnit4ClassRunner.java:246) ~[spring-test-5.0.8.RELEASE.jar:5.0.8.RELEASE]
	at org.springframework.test.context.junit4.SpringJUnit4ClassRunner.runChild(SpringJUnit4ClassRunner.java:97) ~[spring-test-5.0.8.RELEASE.jar:5.0.8.RELEASE]
	at org.junit.runners.ParentRunner$3.run(ParentRunner.java:290) ~[junit-4.12.jar:4.12]
	at org.junit.runners.ParentRunner$1.schedule(ParentRunner.java:71) ~[junit-4.12.jar:4.12]
	at org.junit.runners.ParentRunner.runChildren(ParentRunner.java:288) ~[junit-4.12.jar:4.12]
	at org.junit.runners.ParentRunner.access$000(ParentRunner.java:58) ~[junit-4.12.jar:4.12]
	at org.junit.runners.ParentRunner$2.evaluate(ParentRunner.java:268) ~[junit-4.12.jar:4.12]
	at org.springframework.test.context.junit4.statements.RunBeforeTestClassCallbacks.evaluate(RunBeforeTestClassCallbacks.java:61) ~[spring-test-5.0.8.RELEASE.jar:5.0.8.RELEASE]
	at org.springframework.test.context.junit4.statements.RunAfterTestClassCallbacks.evaluate(RunAfterTestClassCallbacks.java:70) ~[spring-test-5.0.8.RELEASE.jar:5.0.8.RELEASE]
	at org.junit.runners.ParentRunner.run(ParentRunner.java:363) ~[junit-4.12.jar:4.12]
	at org.springframework.test.context.junit4.SpringJUnit4ClassRunner.run(SpringJUnit4ClassRunner.java:190) ~[spring-test-5.0.8.RELEASE.jar:5.0.8.RELEASE]
	at org.apache.maven.surefire.junit4.JUnit4Provider.execute(JUnit4Provider.java:365) ~[surefire-junit4-2.21.0.jar:2.21.0]
	at org.apache.maven.surefire.junit4.JUnit4Provider.executeWithRerun(JUnit4Provider.java:273) ~[surefire-junit4-2.21.0.jar:2.21.0]
	at org.apache.maven.surefire.junit4.JUnit4Provider.executeTestSet(JUnit4Provider.java:238) ~[surefire-junit4-2.21.0.jar:2.21.0]
	at org.apache.maven.surefire.junit4.JUnit4Provider.invoke(JUnit4Provider.java:159) ~[surefire-junit4-2.21.0.jar:2.21.0]
	at org.apache.maven.surefire.booter.ForkedBooter.invokeProviderInSameClassLoader(ForkedBooter.java:379) ~[surefire-booter-2.21.0.jar:2.21.0]
	at org.apache.maven.surefire.booter.ForkedBooter.runSuitesInProcess(ForkedBooter.java:340) ~[surefire-booter-2.21.0.jar:2.21.0]
	at org.apache.maven.surefire.booter.ForkedBooter.execute(ForkedBooter.java:125) ~[surefire-booter-2.21.0.jar:2.21.0]
	at org.apache.maven.surefire.booter.ForkedBooter.main(ForkedBooter.java:413) ~[surefire-booter-2.21.0.jar:2.21.0]
Caused by: java.lang.NoClassDefFoundError: Could not initialize class org.springframework.cglib.proxy.Enhancer
	at org.springframework.context.annotation.ConfigurationClassEnhancer.newEnhancer(ConfigurationClassEnhancer.java:122) ~[spring-context-5.0.8.RELEASE.jar:5.0.8.RELEASE]
	at org.springframework.context.annotation.ConfigurationClassEnhancer.enhance(ConfigurationClassEnhancer.java:110) ~[spring-context-5.0.8.RELEASE.jar:5.0.8.RELEASE]
	at org.springframework.context.annotation.ConfigurationClassPostProcessor.enhanceConfigurationClasses(ConfigurationClassPostProcessor.java:403) ~[spring-context-5.0.8.RELEASE.jar:5.0.8.RELEASE]
	... 38 common frames omitted

2023-01-04 17:44:53.891  INFO 3888 --- [           main] o.s.w.c.s.GenericWebApplicationContext   : Closing org.springframework.web.context.support.GenericWebApplicationContext@fabb651: startup date [Wed Jan 04 17:44:53 GMT+05:30 2023]; root of context hierarchy
2023-01-04 17:44:53.891 DEBUG 3888 --- [           main] o.s.b.f.s.DefaultListableBeanFactory     : Destroying singletons in org.springframework.beans.factory.support.DefaultListableBeanFactory@11b455e5: defining beans [org.springframework.boot.test.mock.mockito.MockitoPostProcessor$SpyPostProcessor,org.springframework.boot.test.mock.mockito.MockitoPostProcessor,org.springframework.context.annotation.internalConfigurationAnnotationProcessor,org.springframework.context.annotation.internalAutowiredAnnotationProcessor,org.springframework.context.annotation.internalRequiredAnnotationProcessor,org.springframework.context.annotation.internalCommonAnnotationProcessor,org.springframework.context.annotation.internalPersistenceAnnotationProcessor,org.springframework.context.event.internalEventListenerProcessor,org.springframework.context.event.internalEventListenerFactory,datatranxApplication,org.springframework.boot.autoconfigure.internalCachingMetadataReaderFactory,webConfiguration,RESTAPIController,declarativeTrxAccountService,progTrxManagerAccountService,progTrxTemplateAccountService,h2servletRegistration,org.springframework.boot.autoconfigure.AutoConfigurationPackages,org.springframework.boot.autoconfigure.context.PropertyPlaceholderAutoConfiguration,org.springframework.boot.autoconfigure.condition.BeanTypeRegistry,propertySourcesPlaceholderConfigurer,org.springframework.boot.autoconfigure.websocket.servlet.WebSocketServletAutoConfiguration$TomcatWebSocketConfiguration,websocketContainerCustomizer,org.springframework.boot.autoconfigure.websocket.servlet.WebSocketServletAutoConfiguration,org.springframework.boot.autoconfigure.web.servlet.ServletWebServerFactoryConfiguration$EmbeddedTomcat,tomcatServletWebServerFactory,org.springframework.boot.autoconfigure.web.servlet.ServletWebServerFactoryAutoConfiguration,servletWebServerFactoryCustomizer,tomcatServletWebServerFactoryCustomizer,server-org.springframework.boot.autoconfigure.web.ServerProperties,org.springframework.boot.context.properties.ConfigurationPropertiesBindingPostProcessor,org.springframework.boot.context.properties.ConfigurationBeanFactoryMetadata,webServerFactoryCustomizerBeanPostProcessor,errorPageRegistrarBeanPostProcessor,org.springframework.boot.autoconfigure.web.servlet.DispatcherServletAutoConfiguration$DispatcherServletConfiguration,dispatcherServlet,spring.mvc-org.springframework.boot.autoconfigure.web.servlet.WebMvcProperties,org.springframework.boot.autoconfigure.web.servlet.DispatcherServletAutoConfiguration$DispatcherServletRegistrationConfiguration,dispatcherServletRegistration,org.springframework.boot.autoconfigure.web.servlet.DispatcherServletAutoConfiguration,org.springframework.boot.autoconfigure.validation.ValidationAutoConfiguration,defaultValidator,methodValidationPostProcessor,org.springframework.boot.autoconfigure.web.servlet.error.ErrorMvcAutoConfiguration$WhitelabelErrorViewConfiguration,error,beanNameViewResolver,org.springframework.boot.autoconfigure.web.servlet.error.ErrorMvcAutoConfiguration$DefaultErrorViewResolverConfiguration,conventionErrorViewResolver,org.springframework.boot.autoconfigure.web.servlet.error.ErrorMvcAutoConfiguration,errorAttributes,basicErrorController,errorPageCustomizer,preserveErrorControllerTargetClassPostProcessor,spring.resources-org.springframework.boot.autoconfigure.web.ResourceProperties,org.springframework.boot.autoconfigure.web.servlet.WebMvcAutoConfiguration$WebMvcAutoConfigurationAdapter$FaviconConfiguration,faviconHandlerMapping,faviconRequestHandler,org.springframework.boot.autoconfigure.web.servlet.WebMvcAutoConfiguration$EnableWebMvcConfiguration,requestMappingHandlerAdapter,requestMappingHandlerMapping,mvcConversionService,mvcValidator,mvcContentNegotiationManager,mvcPathMatcher,mvcUrlPathHelper,viewControllerHandlerMapping,beanNameHandlerMapping,resourceHandlerMapping,mvcResourceUrlProvider,defaultServletHandlerMapping,mvcUriComponentsContributor,httpRequestHandlerAdapter,simpleControllerHandlerAdapter,handlerExceptionResolver,mvcViewResolver,mvcHandlerMappingIntrospector,org.springframework.boot.autoconfigure.web.servlet.WebMvcAutoConfiguration$WebMvcAutoConfigurationAdapter,defaultViewResolver,viewResolver,welcomePageHandlerMapping,requestContextFilter,org.springframework.boot.autoconfigure.web.servlet.WebMvcAutoConfiguration,hiddenHttpMethodFilter,httpPutFormContentFilter,org.springframework.boot.autoconfigure.aop.AopAutoConfiguration$CglibAutoProxyConfiguration,org.springframework.aop.config.internalAutoProxyCreator,org.springframework.boot.autoconfigure.aop.AopAutoConfiguration,org.springframework.boot.autoconfigure.context.ConfigurationPropertiesAutoConfiguration,org.springframework.boot.autoconfigure.dao.PersistenceExceptionTranslationAutoConfiguration,persistenceExceptionTranslationPostProcessor,org.springframework.boot.autoconfigure.transaction.jta.JtaAutoConfiguration,spring.jta-org.springframework.boot.autoconfigure.transaction.jta.JtaProperties,org.springframework.boot.autoconfigure.jdbc.DataSourceConfiguration$Hikari,dataSource,org.springframework.boot.autoconfigure.jdbc.DataSourceAutoConfiguration$PooledDataSourceConfiguration,org.springframework.boot.autoconfigure.jdbc.metadata.DataSourcePoolMetadataProvidersConfiguration$HikariPoolDataSourceMetadataProviderConfiguration,hikariPoolDataSourceMetadataProvider,org.springframework.boot.autoconfigure.jdbc.metadata.DataSourcePoolMetadataProvidersConfiguration,org.springframework.boot.autoconfigure.jdbc.DataSourceInitializerInvoker,org.springframework.boot.autoconfigure.jdbc.DataSourceInitializationConfiguration,dataSourceInitializerPostProcessor,org.springframework.boot.autoconfigure.jdbc.DataSourceAutoConfiguration,spring.datasource-org.springframework.boot.autoconfigure.jdbc.DataSourceProperties,org.springframework.boot.autoconfigure.orm.jpa.JpaBaseConfiguration$JpaWebConfiguration$JpaWebMvcConfiguration,openEntityManagerInViewInterceptor,org.springframework.boot.autoconfigure.orm.jpa.JpaBaseConfiguration$JpaWebConfiguration,org.springframework.boot.autoconfigure.orm.jpa.HibernateJpaConfiguration,transactionManager,jpaVendorAdapter,entityManagerFactoryBuilder,entityManagerFactory,spring.jpa-org.springframework.boot.autoconfigure.orm.jpa.JpaProperties,dataSourceInitializedPublisher,org.springframework.boot.autoconfigure.orm.jpa.HibernateJpaAutoConfiguration,org.springframework.boot.autoconfigure.data.jpa.JpaRepositoriesAutoConfiguration,emBeanDefinitionRegistrarPostProcessor,jpaMappingContext,jpaContext,IAccountDAO,org.springframework.boot.autoconfigure.jackson.JacksonAutoConfiguration$Jackson2ObjectMapperBuilderCustomizerConfiguration,standardJacksonObjectMapperBuilderCustomizer,spring.jackson-org.springframework.boot.autoconfigure.jackson.JacksonProperties,org.springframework.boot.autoconfigure.jackson.JacksonAutoConfiguration$JacksonObjectMapperBuilderConfiguration,jacksonObjectMapperBuilder,org.springframework.boot.autoconfigure.jackson.JacksonAutoConfiguration$ParameterNamesModuleConfiguration,parameterNamesModule,org.springframework.boot.autoconfigure.jackson.JacksonAutoConfiguration$JacksonObjectMapperConfiguration,jacksonObjectMapper,org.springframework.boot.autoconfigure.jackson.JacksonAutoConfiguration,jsonComponentModule,org.springframework.boot.autoconfigure.http.HttpMessageConvertersAutoConfiguration$StringHttpMessageConverterConfiguration,stringHttpMessageConverter,spring.http.encoding-org.springframework.boot.autoconfigure.http.HttpEncodingProperties,org.springframework.boot.autoconfigure.http.JacksonHttpMessageConvertersConfiguration$MappingJackson2HttpMessageConverterConfiguration,mappingJackson2HttpMessageConverter,org.springframework.boot.autoconfigure.http.JacksonHttpMessageConvertersConfiguration,org.springframework.boot.autoconfigure.http.HttpMessageConvertersAutoConfiguration,messageConverters,org.springframework.data.web.config.ProjectingArgumentResolverRegistrar,projectingArgumentResolverBeanPostProcessor,org.springframework.data.web.config.SpringDataWebConfiguration,pageableResolver,sortResolver,org.springframework.data.web.config.SpringDataJacksonConfiguration,jacksonGeoModule,org.springframework.boot.autoconfigure.data.web.SpringDataWebAutoConfiguration,pageableCustomizer,sortCustomizer,spring.data.web-org.springframework.boot.autoconfigure.data.web.SpringDataWebProperties,org.springframework.boot.autoconfigure.http.codec.CodecsAutoConfiguration$JacksonCodecConfiguration,jacksonCodecCustomizer,org.springframework.boot.autoconfigure.http.codec.CodecsAutoConfiguration,org.springframework.boot.autoconfigure.info.ProjectInfoAutoConfiguration,spring.info-org.springframework.boot.autoconfigure.info.ProjectInfoProperties,org.springframework.boot.autoconfigure.jdbc.JdbcTemplateAutoConfiguration$JdbcTemplateConfiguration,jdbcTemplate,org.springframework.boot.autoconfigure.jdbc.JdbcTemplateAutoConfiguration$NamedParameterJdbcTemplateConfiguration,namedParameterJdbcTemplate,org.springframework.boot.autoconfigure.jdbc.JdbcTemplateAutoConfiguration,spring.jdbc-org.springframework.boot.autoconfigure.jdbc.JdbcProperties,org.springframework.boot.autoconfigure.security.reactive.ReactiveSecurityAutoConfiguration,spring.security-org.springframework.boot.autoconfigure.security.SecurityProperties,org.springframework.boot.autoconfigure.jdbc.DataSourceTransactionManagerAutoConfiguration$DataSourceTransactionManagerConfiguration,org.springframework.boot.autoconfigure.jdbc.DataSourceTransactionManagerAutoConfiguration,org.springframework.transaction.annotation.ProxyTransactionManagementConfiguration,org.springframework.transaction.config.internalTransactionAdvisor,transactionAttributeSource,transactionInterceptor,org.springframework.transaction.config.internalTransactionalEventListenerFactory,org.springframework.boot.autoconfigure.transaction.TransactionAutoConfiguration$EnableTransactionManagementConfiguration$CglibAutoProxyConfiguration,org.springframework.boot.autoconfigure.transaction.TransactionAutoConfiguration$EnableTransactionManagementConfiguration,org.springframework.boot.autoconfigure.transaction.TransactionAutoConfiguration$TransactionTemplateConfiguration,transactionTemplate,org.springframework.boot.autoconfigure.transaction.TransactionAutoConfiguration,platformTransactionManagerCustomizers,spring.transaction-org.springframework.boot.autoconfigure.transaction.TransactionProperties,org.springframework.boot.autoconfigure.web.client.RestTemplateAutoConfiguration,restTemplateBuilder,org.springframework.boot.autoconfigure.web.embedded.EmbeddedWebServerFactoryCustomizerAutoConfiguration$TomcatWebServerFactoryCustomizerConfiguration,tomcatWebServerFactoryCustomizer,org.springframework.boot.autoconfigure.web.embedded.EmbeddedWebServerFactoryCustomizerAutoConfiguration,org.springframework.boot.autoconfigure.web.servlet.HttpEncodingAutoConfiguration,characterEncodingFilter,localeCharsetMappingsCustomizer,org.springframework.boot.autoconfigure.web.servlet.MultipartAutoConfiguration,multipartConfigElement,multipartResolver,spring.servlet.multipart-org.springframework.boot.autoconfigure.web.servlet.MultipartProperties]; root of factory hierarchy
2023-01-04 17:44:53.891 DEBUG 3888 --- [           main] o.s.b.f.s.DefaultListableBeanFactory     : Retrieved dependent beans for bean 'org.springframework.boot.autoconfigure.internalCachingMetadataReaderFactory': [org.springframework.context.annotation.internalConfigurationAnnotationProcessor]
2023-01-04 17:44:53.892 DEBUG 3888 --- [kground-preinit] o.apache.tomcat.util.digester.Digester   : [ObjectCreateRule]{mbeans-descriptors/mbean/operation} Pop org.apache.tomcat.util.modeler.OperationInfo
2023-01-04 17:44:53.892 DEBUG 3888 --- [kground-preinit] o.a.tomcat.util.digester.Digester.sax    : characters(

    )
2023-01-04 17:44:53.893 DEBUG 3888 --- [kground-preinit] o.a.tomcat.util.digester.Digester.sax    : startElement(,,operation)
2023-01-04 17:44:53.893 DEBUG 3888 --- [kground-preinit] o.apache.tomcat.util.digester.Digester   :   New match='mbeans-descriptors/mbean/operation'
2023-01-04 17:44:53.893 ERROR 3888 --- [           main] o.s.test.context.TestContextManager      : Caught exception while allowing TestExecutionListener [org.springframework.test.context.web.ServletTestExecutionListener@680a66dd] to prepare test instance [com.affani.datatranx.DatatranxApplicationTests@59cda16e]

java.lang.IllegalStateException: Failed to load ApplicationContext
	at org.springframework.test.context.cache.DefaultCacheAwareContextLoaderDelegate.loadContext(DefaultCacheAwareContextLoaderDelegate.java:125) ~[spring-test-5.0.8.RELEASE.jar:5.0.8.RELEASE]
	at org.springframework.test.context.support.DefaultTestContext.getApplicationContext(DefaultTestContext.java:108) ~[spring-test-5.0.8.RELEASE.jar:5.0.8.RELEASE]
	at org.springframework.test.context.web.ServletTestExecutionListener.setUpRequestContextIfNecessary(ServletTestExecutionListener.java:190) ~[spring-test-5.0.8.RELEASE.jar:5.0.8.RELEASE]
	at org.springframework.test.context.web.ServletTestExecutionListener.prepareTestInstance(ServletTestExecutionListener.java:132) ~[spring-test-5.0.8.RELEASE.jar:5.0.8.RELEASE]
	at org.springframework.test.context.TestContextManager.prepareTestInstance(TestContextManager.java:246) ~[spring-test-5.0.8.RELEASE.jar:5.0.8.RELEASE]
	at org.springframework.test.context.junit4.SpringJUnit4ClassRunner.createTest(SpringJUnit4ClassRunner.java:227) ~[spring-test-5.0.8.RELEASE.jar:5.0.8.RELEASE]
	at org.springframework.test.context.junit4.SpringJUnit4ClassRunner$1.runReflectiveCall(SpringJUnit4ClassRunner.java:289) ~[spring-test-5.0.8.RELEASE.jar:5.0.8.RELEASE]
	at org.junit.internal.runners.model.ReflectiveCallable.run(ReflectiveCallable.java:12) ~[junit-4.12.jar:4.12]
	at org.springframework.test.context.junit4.SpringJUnit4ClassRunner.methodBlock(SpringJUnit4ClassRunner.java:291) ~[spring-test-5.0.8.RELEASE.jar:5.0.8.RELEASE]
	at org.springframework.test.context.junit4.SpringJUnit4ClassRunner.runChild(SpringJUnit4ClassRunner.java:246) ~[spring-test-5.0.8.RELEASE.jar:5.0.8.RELEASE]
	at org.springframework.test.context.junit4.SpringJUnit4ClassRunner.runChild(SpringJUnit4ClassRunner.java:97) ~[spring-test-5.0.8.RELEASE.jar:5.0.8.RELEASE]
	at org.junit.runners.ParentRunner$3.run(ParentRunner.java:290) ~[junit-4.12.jar:4.12]
	at org.junit.runners.ParentRunner$1.schedule(ParentRunner.java:71) ~[junit-4.12.jar:4.12]
	at org.junit.runners.ParentRunner.runChildren(ParentRunner.java:288) ~[junit-4.12.jar:4.12]
	at org.junit.runners.ParentRunner.access$000(ParentRunner.java:58) ~[junit-4.12.jar:4.12]
	at org.junit.runners.ParentRunner$2.evaluate(ParentRunner.java:268) ~[junit-4.12.jar:4.12]
	at org.springframework.test.context.junit4.statements.RunBeforeTestClassCallbacks.evaluate(RunBeforeTestClassCallbacks.java:61) ~[spring-test-5.0.8.RELEASE.jar:5.0.8.RELEASE]
	at org.springframework.test.context.junit4.statements.RunAfterTestClassCallbacks.evaluate(RunAfterTestClassCallbacks.java:70) ~[spring-test-5.0.8.RELEASE.jar:5.0.8.RELEASE]
	at org.junit.runners.ParentRunner.run(ParentRunner.java:363) ~[junit-4.12.jar:4.12]
	at org.springframework.test.context.junit4.SpringJUnit4ClassRunner.run(SpringJUnit4ClassRunner.java:190) ~[spring-test-5.0.8.RELEASE.jar:5.0.8.RELEASE]
	at org.apache.maven.surefire.junit4.JUnit4Provider.execute(JUnit4Provider.java:365) ~[surefire-junit4-2.21.0.jar:2.21.0]
	at org.apache.maven.surefire.junit4.JUnit4Provider.executeWithRerun(JUnit4Provider.java:273) ~[surefire-junit4-2.21.0.jar:2.21.0]
	at org.apache.maven.surefire.junit4.JUnit4Provider.executeTestSet(JUnit4Provider.java:238) ~[surefire-junit4-2.21.0.jar:2.21.0]
	at org.apache.maven.surefire.junit4.JUnit4Provider.invoke(JUnit4Provider.java:159) ~[surefire-junit4-2.21.0.jar:2.21.0]
	at org.apache.maven.surefire.booter.ForkedBooter.invokeProviderInSameClassLoader(ForkedBooter.java:379) ~[surefire-booter-2.21.0.jar:2.21.0]
	at org.apache.maven.surefire.booter.ForkedBooter.runSuitesInProcess(ForkedBooter.java:340) ~[surefire-booter-2.21.0.jar:2.21.0]
	at org.apache.maven.surefire.booter.ForkedBooter.execute(ForkedBooter.java:125) ~[surefire-booter-2.21.0.jar:2.21.0]
	at org.apache.maven.surefire.booter.ForkedBooter.main(ForkedBooter.java:413) ~[surefire-booter-2.21.0.jar:2.21.0]
Caused by: java.lang.IllegalStateException: Cannot load configuration class: com.affani.datatranx.DatatranxApplication
	at org.springframework.context.annotation.ConfigurationClassPostProcessor.enhanceConfigurationClasses(ConfigurationClassPostProcessor.java:414) ~[spring-context-5.0.8.RELEASE.jar:5.0.8.RELEASE]
	at org.springframework.context.annotation.ConfigurationClassPostProcessor.postProcessBeanFactory(ConfigurationClassPostProcessor.java:254) ~[spring-context-5.0.8.RELEASE.jar:5.0.8.RELEASE]
	at org.springframework.context.support.PostProcessorRegistrationDelegate.invokeBeanFactoryPostProcessors(PostProcessorRegistrationDelegate.java:282) ~[spring-context-5.0.8.RELEASE.jar:5.0.8.RELEASE]
	at org.springframework.context.support.PostProcessorRegistrationDelegate.invokeBeanFactoryPostProcessors(PostProcessorRegistrationDelegate.java:126) ~[spring-context-5.0.8.RELEASE.jar:5.0.8.RELEASE]
	at org.springframework.context.support.AbstractApplicationContext.invokeBeanFactoryPostProcessors(AbstractApplicationContext.java:694) ~[spring-context-5.0.8.RELEASE.jar:5.0.8.RELEASE]
	at org.springframework.context.support.AbstractApplicationContext.refresh(AbstractApplicationContext.java:532) ~[spring-context-5.0.8.RELEASE.jar:5.0.8.RELEASE]
	at org.springframework.boot.SpringApplication.refresh(SpringApplication.java:762) ~[spring-boot-2.0.4.RELEASE.jar:2.0.4.RELEASE]
	at org.springframework.boot.SpringApplication.refreshContext(SpringApplication.java:398) ~[spring-boot-2.0.4.RELEASE.jar:2.0.4.RELEASE]
	at org.springframework.boot.SpringApplication.run(SpringApplication.java:330) ~[spring-boot-2.0.4.RELEASE.jar:2.0.4.RELEASE]
	at org.springframework.boot.test.context.SpringBootContextLoader.loadContext(SpringBootContextLoader.java:139) ~[spring-boot-test-2.0.4.RELEASE.jar:2.0.4.RELEASE]
	at org.springframework.test.context.cache.DefaultCacheAwareContextLoaderDelegate.loadContextInternal(DefaultCacheAwareContextLoaderDelegate.java:99) ~[spring-test-5.0.8.RELEASE.jar:5.0.8.RELEASE]
	at org.springframework.test.context.cache.DefaultCacheAwareContextLoaderDelegate.loadContext(DefaultCacheAwareContextLoaderDelegate.java:117) ~[spring-test-5.0.8.RELEASE.jar:5.0.8.RELEASE]
	... 27 common frames omitted
Caused by: java.lang.NoClassDefFoundError: Could not initialize class org.springframework.cglib.proxy.Enhancer
	at org.springframework.context.annotation.ConfigurationClassEnhancer.newEnhancer(ConfigurationClassEnhancer.java:122) ~[spring-context-5.0.8.RELEASE.jar:5.0.8.RELEASE]
	at org.springframework.context.annotation.ConfigurationClassEnhancer.enhance(ConfigurationClassEnhancer.java:110) ~[spring-context-5.0.8.RELEASE.jar:5.0.8.RELEASE]
	at org.springframework.context.annotation.ConfigurationClassPostProcessor.enhanceConfigurationClasses(ConfigurationClassPostProcessor.java:403) ~[spring-context-5.0.8.RELEASE.jar:5.0.8.RELEASE]
	... 38 common frames omitted

2023-01-04 17:44:53.894 DEBUG 3888 --- [kground-preinit] o.apache.tomcat.util.digester.Digester   :   Fire begin() for ObjectCreateRule[className=org.apache.tomcat.util.modeler.OperationInfo, attributeName=null]
]]></system-out>
  </testcase>
</testsuite>