<?xml version="1.0" encoding="UTF-8"?>
<testsuite xmlns:xsi="http://www.w3.org/2001/XMLSchema-instance" xsi:noNamespaceSchemaLocation="https://maven.apache.org/surefire/maven-surefire-plugin/xsd/surefire-test-report.xsd" name="com.affani.datatranx.controller.RESTAPIControllerTest" time="13.557" tests="1" errors="1" skipped="0" failures="0">
  <properties>
    <property name="java.specification.version" value="17"/>
    <property name="sun.cpu.isalist" value="amd64"/>
    <property name="sun.jnu.encoding" value="Cp1252"/>
    <property name="java.class.path" value="E:\spring-transaction-management-master\target\test-classes;E:\spring-transaction-management-master\target\classes;C:\Users\ustjavafsdb403\.m2\repository\org\springframework\boot\spring-boot-starter-data-jpa\2.0.4.RELEASE\spring-boot-starter-data-jpa-2.0.4.RELEASE.jar;C:\Users\ustjavafsdb403\.m2\repository\org\springframework\boot\spring-boot-starter\2.0.4.RELEASE\spring-boot-starter-2.0.4.RELEASE.jar;C:\Users\ustjavafsdb403\.m2\repository\org\springframework\boot\spring-boot\2.0.4.RELEASE\spring-boot-2.0.4.RELEASE.jar;C:\Users\ustjavafsdb403\.m2\repository\org\springframework\boot\spring-boot-autoconfigure\2.0.4.RELEASE\spring-boot-autoconfigure-2.0.4.RELEASE.jar;C:\Users\ustjavafsdb403\.m2\repository\org\springframework\boot\spring-boot-starter-logging\2.0.4.RELEASE\spring-boot-starter-logging-2.0.4.RELEASE.jar;C:\Users\ustjavafsdb403\.m2\repository\ch\qos\logback\logback-classic\1.2.3\logback-classic-1.2.3.jar;C:\Users\ustjavafsdb403\.m2\repository\ch\qos\logback\logback-core\1.2.3\logback-core-1.2.3.jar;C:\Users\ustjavafsdb403\.m2\repository\org\apache\logging\log4j\log4j-to-slf4j\2.10.0\log4j-to-slf4j-2.10.0.jar;C:\Users\ustjavafsdb403\.m2\repository\org\apache\logging\log4j\log4j-api\2.10.0\log4j-api-2.10.0.jar;C:\Users\ustjavafsdb403\.m2\repository\org\slf4j\jul-to-slf4j\1.7.25\jul-to-slf4j-1.7.25.jar;C:\Users\ustjavafsdb403\.m2\repository\javax\annotation\javax.annotation-api\1.3.2\javax.annotation-api-1.3.2.jar;C:\Users\ustjavafsdb403\.m2\repository\org\yaml\snakeyaml\1.19\snakeyaml-1.19.jar;C:\Users\ustjavafsdb403\.m2\repository\org\springframework\boot\spring-boot-starter-aop\2.0.4.RELEASE\spring-boot-starter-aop-2.0.4.RELEASE.jar;C:\Users\ustjavafsdb403\.m2\repository\org\springframework\spring-aop\5.0.8.RELEASE\spring-aop-5.0.8.RELEASE.jar;C:\Users\ustjavafsdb403\.m2\repository\org\aspectj\aspectjweaver\1.8.13\aspectjweaver-1.8.13.jar;C:\Users\ustjavafsdb403\.m2\repository\org\springframework\boot\spring-boot-starter-jdbc\2.0.4.RELEASE\spring-boot-starter-jdbc-2.0.4.RELEASE.jar;C:\Users\ustjavafsdb403\.m2\repository\com\zaxxer\HikariCP\2.7.9\HikariCP-2.7.9.jar;C:\Users\ustjavafsdb403\.m2\repository\org\springframework\spring-jdbc\5.0.8.RELEASE\spring-jdbc-5.0.8.RELEASE.jar;C:\Users\ustjavafsdb403\.m2\repository\org\hibernate\hibernate-core\5.2.17.Final\hibernate-core-5.2.17.Final.jar;C:\Users\ustjavafsdb403\.m2\repository\org\jboss\logging\jboss-logging\3.3.2.Final\jboss-logging-3.3.2.Final.jar;C:\Users\ustjavafsdb403\.m2\repository\org\hibernate\javax\persistence\hibernate-jpa-2.1-api\1.0.2.Final\hibernate-jpa-2.1-api-1.0.2.Final.jar;C:\Users\ustjavafsdb403\.m2\repository\org\javassist\javassist\3.22.0-GA\javassist-3.22.0-GA.jar;C:\Users\ustjavafsdb403\.m2\repository\antlr\antlr\2.7.7\antlr-2.7.7.jar;C:\Users\ustjavafsdb403\.m2\repository\org\jboss\jandex\2.0.3.Final\jandex-2.0.3.Final.jar;C:\Users\ustjavafsdb403\.m2\repository\com\fasterxml\classmate\1.3.4\classmate-1.3.4.jar;C:\Users\ustjavafsdb403\.m2\repository\dom4j\dom4j\1.6.1\dom4j-1.6.1.jar;C:\Users\ustjavafsdb403\.m2\repository\org\hibernate\common\hibernate-commons-annotations\5.0.1.Final\hibernate-commons-annotations-5.0.1.Final.jar;C:\Users\ustjavafsdb403\.m2\repository\javax\transaction\javax.transaction-api\1.2\javax.transaction-api-1.2.jar;C:\Users\ustjavafsdb403\.m2\repository\org\springframework\data\spring-data-jpa\2.0.9.RELEASE\spring-data-jpa-2.0.9.RELEASE.jar;C:\Users\ustjavafsdb403\.m2\repository\org\springframework\data\spring-data-commons\2.0.9.RELEASE\spring-data-commons-2.0.9.RELEASE.jar;C:\Users\ustjavafsdb403\.m2\repository\org\springframework\spring-orm\5.0.8.RELEASE\spring-orm-5.0.8.RELEASE.jar;C:\Users\ustjavafsdb403\.m2\repository\org\springframework\spring-context\5.0.8.RELEASE\spring-context-5.0.8.RELEASE.jar;C:\Users\ustjavafsdb403\.m2\repository\org\springframework\spring-tx\5.0.8.RELEASE\spring-tx-5.0.8.RELEASE.jar;C:\Users\ustjavafsdb403\.m2\repository\org\springframework\spring-beans\5.0.8.RELEASE\spring-beans-5.0.8.RELEASE.jar;C:\Users\ustjavafsdb403\.m2\repository\org\slf4j\slf4j-api\1.7.25\slf4j-api-1.7.25.jar;C:\Users\ustjavafsdb403\.m2\repository\org\springframework\spring-aspects\5.0.8.RELEASE\spring-aspects-5.0.8.RELEASE.jar;C:\Users\ustjavafsdb403\.m2\repository\org\springframework\boot\spring-boot-starter-web\2.0.4.RELEASE\spring-boot-starter-web-2.0.4.RELEASE.jar;C:\Users\ustjavafsdb403\.m2\repository\org\springframework\boot\spring-boot-starter-json\2.0.4.RELEASE\spring-boot-starter-json-2.0.4.RELEASE.jar;C:\Users\ustjavafsdb403\.m2\repository\org\springframework\boot\spring-boot-starter-tomcat\2.0.4.RELEASE\spring-boot-starter-tomcat-2.0.4.RELEASE.jar;C:\Users\ustjavafsdb403\.m2\repository\org\apache\tomcat\embed\tomcat-embed-core\8.5.32\tomcat-embed-core-8.5.32.jar;C:\Users\ustjavafsdb403\.m2\repository\org\apache\tomcat\embed\tomcat-embed-el\8.5.32\tomcat-embed-el-8.5.32.jar;C:\Users\ustjavafsdb403\.m2\repository\org\apache\tomcat\embed\tomcat-embed-websocket\8.5.32\tomcat-embed-websocket-8.5.32.jar;C:\Users\ustjavafsdb403\.m2\repository\org\hibernate\validator\hibernate-validator\6.0.11.Final\hibernate-validator-6.0.11.Final.jar;C:\Users\ustjavafsdb403\.m2\repository\javax\validation\validation-api\2.0.1.Final\validation-api-2.0.1.Final.jar;C:\Users\ustjavafsdb403\.m2\repository\org\openjfx\javafx.base\11.0.0-SNAPSHOT\javafx.base-11.0.0-SNAPSHOT.jar;C:\Users\ustjavafsdb403\.m2\repository\org\openjfx\javafx.base\11.0.0-SNAPSHOT\javafx.base-11.0.0-SNAPSHOT-linux.jar;C:\Users\ustjavafsdb403\.m2\repository\org\openjfx\javafx.base\11.0.0-SNAPSHOT\javafx.base-11.0.0-SNAPSHOT-mac.jar;C:\Users\ustjavafsdb403\.m2\repository\org\openjfx\javafx.base\11.0.0-SNAPSHOT\javafx.base-11.0.0-SNAPSHOT-win.jar;C:\Users\ustjavafsdb403\.m2\repository\org\springframework\spring-web\5.0.8.RELEASE\spring-web-5.0.8.RELEASE.jar;C:\Users\ustjavafsdb403\.m2\repository\org\springframework\spring-webmvc\5.0.8.RELEASE\spring-webmvc-5.0.8.RELEASE.jar;C:\Users\ustjavafsdb403\.m2\repository\org\springframework\spring-expression\5.0.8.RELEASE\spring-expression-5.0.8.RELEASE.jar;C:\Users\ustjavafsdb403\.m2\repository\com\h2database\h2\1.4.197\h2-1.4.197.jar;C:\Users\ustjavafsdb403\.m2\repository\javax\xml\bind\jaxb-api\2.3.0\jaxb-api-2.3.0.jar;C:\Users\ustjavafsdb403\.m2\repository\org\springframework\boot\spring-boot-starter-test\2.0.4.RELEASE\spring-boot-starter-test-2.0.4.RELEASE.jar;C:\Users\ustjavafsdb403\.m2\repository\org\springframework\boot\spring-boot-test\2.0.4.RELEASE\spring-boot-test-2.0.4.RELEASE.jar;C:\Users\ustjavafsdb403\.m2\repository\org\springframework\boot\spring-boot-test-autoconfigure\2.0.4.RELEASE\spring-boot-test-autoconfigure-2.0.4.RELEASE.jar;C:\Users\ustjavafsdb403\.m2\repository\com\jayway\jsonpath\json-path\2.4.0\json-path-2.4.0.jar;C:\Users\ustjavafsdb403\.m2\repository\net\minidev\json-smart\2.3\json-smart-2.3.jar;C:\Users\ustjavafsdb403\.m2\repository\net\minidev\accessors-smart\1.2\accessors-smart-1.2.jar;C:\Users\ustjavafsdb403\.m2\repository\org\ow2\asm\asm\5.0.4\asm-5.0.4.jar;C:\Users\ustjavafsdb403\.m2\repository\junit\junit\4.12\junit-4.12.jar;C:\Users\ustjavafsdb403\.m2\repository\org\assertj\assertj-core\3.9.1\assertj-core-3.9.1.jar;C:\Users\ustjavafsdb403\.m2\repository\org\mockito\mockito-core\2.15.0\mockito-core-2.15.0.jar;C:\Users\ustjavafsdb403\.m2\repository\net\bytebuddy\byte-buddy\1.7.11\byte-buddy-1.7.11.jar;C:\Users\ustjavafsdb403\.m2\repository\net\bytebuddy\byte-buddy-agent\1.7.11\byte-buddy-agent-1.7.11.jar;C:\Users\ustjavafsdb403\.m2\repository\org\objenesis\objenesis\2.6\objenesis-2.6.jar;C:\Users\ustjavafsdb403\.m2\repository\org\hamcrest\hamcrest-core\1.3\hamcrest-core-1.3.jar;C:\Users\ustjavafsdb403\.m2\repository\org\hamcrest\hamcrest-library\1.3\hamcrest-library-1.3.jar;C:\Users\ustjavafsdb403\.m2\repository\org\skyscreamer\jsonassert\1.5.0\jsonassert-1.5.0.jar;C:\Users\ustjavafsdb403\.m2\repository\com\vaadin\external\google\android-json\0.0.20131108.vaadin1\android-json-0.0.20131108.vaadin1.jar;C:\Users\ustjavafsdb403\.m2\repository\org\springframework\spring-core\5.0.8.RELEASE\spring-core-5.0.8.RELEASE.jar;C:\Users\ustjavafsdb403\.m2\repository\org\springframework\spring-jcl\5.0.8.RELEASE\spring-jcl-5.0.8.RELEASE.jar;C:\Users\ustjavafsdb403\.m2\repository\org\springframework\spring-test\5.0.8.RELEASE\spring-test-5.0.8.RELEASE.jar;C:\Users\ustjavafsdb403\.m2\repository\org\xmlunit\xmlunit-core\2.5.1\xmlunit-core-2.5.1.jar;C:\Users\ustjavafsdb403\.m2\repository\com\fasterxml\jackson\module\jackson-module-parameter-names\2.9.6\jackson-module-parameter-names-2.9.6.jar;C:\Users\ustjavafsdb403\.m2\repository\com\fasterxml\jackson\core\jackson-core\2.9.6\jackson-core-2.9.6.jar;C:\Users\ustjavafsdb403\.m2\repository\com\fasterxml\jackson\core\jackson-databind\2.9.6\jackson-databind-2.9.6.jar;C:\Users\ustjavafsdb403\.m2\repository\com\fasterxml\jackson\datatype\jackson-datatype-jdk8\2.9.6\jackson-datatype-jdk8-2.9.6.jar;C:\Users\ustjavafsdb403\.m2\repository\com\fasterxml\jackson\datatype\jackson-datatype-jsr310\2.9.6\jackson-datatype-jsr310-2.9.6.jar;C:\Users\ustjavafsdb403\.m2\repository\com\fasterxml\jackson\core\jackson-annotations\2.9.0\jackson-annotations-2.9.0.jar;"/>
    <property name="java.vm.vendor" value="Eclipse Adoptium"/>
    <property name="sun.arch.data.model" value="64"/>
    <property name="user.variant" value=""/>
    <property name="java.vendor.url" value="https://adoptium.net/"/>
    <property name="os.name" value="Windows 10"/>
    <property name="java.vm.specification.version" value="17"/>
    <property name="sun.java.launcher" value="SUN_STANDARD"/>
    <property name="user.country" value="IN"/>
    <property name="sun.boot.library.path" value="C:\Users\ustjavafsdb403\.p2\pool\plugins\org.eclipse.justj.openjdk.hotspot.jre.full.win32.x86_64_17.0.5.v20221102-0933\jre\bin"/>
    <property name="sun.java.command" value="C:\Users\USTJAV~1\AppData\Local\Temp\surefire2126999072731693157\surefirebooter11800425145749619277.jar C:\Users\ustjavafsdb403\AppData\Local\Temp\surefire2126999072731693157 2023-01-04T17-44-36_170-jvmRun1 surefire11905101423022534022tmp surefire_07651124966663579816tmp"/>
    <property name="jdk.debug" value="release"/>
    <property name="surefire.test.class.path" value="E:\spring-transaction-management-master\target\test-classes;E:\spring-transaction-management-master\target\classes;C:\Users\ustjavafsdb403\.m2\repository\org\springframework\boot\spring-boot-starter-data-jpa\2.0.4.RELEASE\spring-boot-starter-data-jpa-2.0.4.RELEASE.jar;C:\Users\ustjavafsdb403\.m2\repository\org\springframework\boot\spring-boot-starter\2.0.4.RELEASE\spring-boot-starter-2.0.4.RELEASE.jar;C:\Users\ustjavafsdb403\.m2\repository\org\springframework\boot\spring-boot\2.0.4.RELEASE\spring-boot-2.0.4.RELEASE.jar;C:\Users\ustjavafsdb403\.m2\repository\org\springframework\boot\spring-boot-autoconfigure\2.0.4.RELEASE\spring-boot-autoconfigure-2.0.4.RELEASE.jar;C:\Users\ustjavafsdb403\.m2\repository\org\springframework\boot\spring-boot-starter-logging\2.0.4.RELEASE\spring-boot-starter-logging-2.0.4.RELEASE.jar;C:\Users\ustjavafsdb403\.m2\repository\ch\qos\logback\logback-classic\1.2.3\logback-classic-1.2.3.jar;C:\Users\ustjavafsdb403\.m2\repository\ch\qos\logback\logback-core\1.2.3\logback-core-1.2.3.jar;C:\Users\ustjavafsdb403\.m2\repository\org\apache\logging\log4j\log4j-to-slf4j\2.10.0\log4j-to-slf4j-2.10.0.jar;C:\Users\ustjavafsdb403\.m2\repository\org\apache\logging\log4j\log4j-api\2.10.0\log4j-api-2.10.0.jar;C:\Users\ustjavafsdb403\.m2\repository\org\slf4j\jul-to-slf4j\1.7.25\jul-to-slf4j-1.7.25.jar;C:\Users\ustjavafsdb403\.m2\repository\javax\annotation\javax.annotation-api\1.3.2\javax.annotation-api-1.3.2.jar;C:\Users\ustjavafsdb403\.m2\repository\org\yaml\snakeyaml\1.19\snakeyaml-1.19.jar;C:\Users\ustjavafsdb403\.m2\repository\org\springframework\boot\spring-boot-starter-aop\2.0.4.RELEASE\spring-boot-starter-aop-2.0.4.RELEASE.jar;C:\Users\ustjavafsdb403\.m2\repository\org\springframework\spring-aop\5.0.8.RELEASE\spring-aop-5.0.8.RELEASE.jar;C:\Users\ustjavafsdb403\.m2\repository\org\aspectj\aspectjweaver\1.8.13\aspectjweaver-1.8.13.jar;C:\Users\ustjavafsdb403\.m2\repository\org\springframework\boot\spring-boot-starter-jdbc\2.0.4.RELEASE\spring-boot-starter-jdbc-2.0.4.RELEASE.jar;C:\Users\ustjavafsdb403\.m2\repository\com\zaxxer\HikariCP\2.7.9\HikariCP-2.7.9.jar;C:\Users\ustjavafsdb403\.m2\repository\org\springframework\spring-jdbc\5.0.8.RELEASE\spring-jdbc-5.0.8.RELEASE.jar;C:\Users\ustjavafsdb403\.m2\repository\org\hibernate\hibernate-core\5.2.17.Final\hibernate-core-5.2.17.Final.jar;C:\Users\ustjavafsdb403\.m2\repository\org\jboss\logging\jboss-logging\3.3.2.Final\jboss-logging-3.3.2.Final.jar;C:\Users\ustjavafsdb403\.m2\repository\org\hibernate\javax\persistence\hibernate-jpa-2.1-api\1.0.2.Final\hibernate-jpa-2.1-api-1.0.2.Final.jar;C:\Users\ustjavafsdb403\.m2\repository\org\javassist\javassist\3.22.0-GA\javassist-3.22.0-GA.jar;C:\Users\ustjavafsdb403\.m2\repository\antlr\antlr\2.7.7\antlr-2.7.7.jar;C:\Users\ustjavafsdb403\.m2\repository\org\jboss\jandex\2.0.3.Final\jandex-2.0.3.Final.jar;C:\Users\ustjavafsdb403\.m2\repository\com\fasterxml\classmate\1.3.4\classmate-1.3.4.jar;C:\Users\ustjavafsdb403\.m2\repository\dom4j\dom4j\1.6.1\dom4j-1.6.1.jar;C:\Users\ustjavafsdb403\.m2\repository\org\hibernate\common\hibernate-commons-annotations\5.0.1.Final\hibernate-commons-annotations-5.0.1.Final.jar;C:\Users\ustjavafsdb403\.m2\repository\javax\transaction\javax.transaction-api\1.2\javax.transaction-api-1.2.jar;C:\Users\ustjavafsdb403\.m2\repository\org\springframework\data\spring-data-jpa\2.0.9.RELEASE\spring-data-jpa-2.0.9.RELEASE.jar;C:\Users\ustjavafsdb403\.m2\repository\org\springframework\data\spring-data-commons\2.0.9.RELEASE\spring-data-commons-2.0.9.RELEASE.jar;C:\Users\ustjavafsdb403\.m2\repository\org\springframework\spring-orm\5.0.8.RELEASE\spring-orm-5.0.8.RELEASE.jar;C:\Users\ustjavafsdb403\.m2\repository\org\springframework\spring-context\5.0.8.RELEASE\spring-context-5.0.8.RELEASE.jar;C:\Users\ustjavafsdb403\.m2\repository\org\springframework\spring-tx\5.0.8.RELEASE\spring-tx-5.0.8.RELEASE.jar;C:\Users\ustjavafsdb403\.m2\repository\org\springframework\spring-beans\5.0.8.RELEASE\spring-beans-5.0.8.RELEASE.jar;C:\Users\ustjavafsdb403\.m2\repository\org\slf4j\slf4j-api\1.7.25\slf4j-api-1.7.25.jar;C:\Users\ustjavafsdb403\.m2\repository\org\springframework\spring-aspects\5.0.8.RELEASE\spring-aspects-5.0.8.RELEASE.jar;C:\Users\ustjavafsdb403\.m2\repository\org\springframework\boot\spring-boot-starter-web\2.0.4.RELEASE\spring-boot-starter-web-2.0.4.RELEASE.jar;C:\Users\ustjavafsdb403\.m2\repository\org\springframework\boot\spring-boot-starter-json\2.0.4.RELEASE\spring-boot-starter-json-2.0.4.RELEASE.jar;C:\Users\ustjavafsdb403\.m2\repository\org\springframework\boot\spring-boot-starter-tomcat\2.0.4.RELEASE\spring-boot-starter-tomcat-2.0.4.RELEASE.jar;C:\Users\ustjavafsdb403\.m2\repository\org\apache\tomcat\embed\tomcat-embed-core\8.5.32\tomcat-embed-core-8.5.32.jar;C:\Users\ustjavafsdb403\.m2\repository\org\apache\tomcat\embed\tomcat-embed-el\8.5.32\tomcat-embed-el-8.5.32.jar;C:\Users\ustjavafsdb403\.m2\repository\org\apache\tomcat\embed\tomcat-embed-websocket\8.5.32\tomcat-embed-websocket-8.5.32.jar;C:\Users\ustjavafsdb403\.m2\repository\org\hibernate\validator\hibernate-validator\6.0.11.Final\hibernate-validator-6.0.11.Final.jar;C:\Users\ustjavafsdb403\.m2\repository\javax\validation\validation-api\2.0.1.Final\validation-api-2.0.1.Final.jar;C:\Users\ustjavafsdb403\.m2\repository\org\openjfx\javafx.base\11.0.0-SNAPSHOT\javafx.base-11.0.0-SNAPSHOT.jar;C:\Users\ustjavafsdb403\.m2\repository\org\openjfx\javafx.base\11.0.0-SNAPSHOT\javafx.base-11.0.0-SNAPSHOT-linux.jar;C:\Users\ustjavafsdb403\.m2\repository\org\openjfx\javafx.base\11.0.0-SNAPSHOT\javafx.base-11.0.0-SNAPSHOT-mac.jar;C:\Users\ustjavafsdb403\.m2\repository\org\openjfx\javafx.base\11.0.0-SNAPSHOT\javafx.base-11.0.0-SNAPSHOT-win.jar;C:\Users\ustjavafsdb403\.m2\repository\org\springframework\spring-web\5.0.8.RELEASE\spring-web-5.0.8.RELEASE.jar;C:\Users\ustjavafsdb403\.m2\repository\org\springframework\spring-webmvc\5.0.8.RELEASE\spring-webmvc-5.0.8.RELEASE.jar;C:\Users\ustjavafsdb403\.m2\repository\org\springframework\spring-expression\5.0.8.RELEASE\spring-expression-5.0.8.RELEASE.jar;C:\Users\ustjavafsdb403\.m2\repository\com\h2database\h2\1.4.197\h2-1.4.197.jar;C:\Users\ustjavafsdb403\.m2\repository\javax\xml\bind\jaxb-api\2.3.0\jaxb-api-2.3.0.jar;C:\Users\ustjavafsdb403\.m2\repository\org\springframework\boot\spring-boot-starter-test\2.0.4.RELEASE\spring-boot-starter-test-2.0.4.RELEASE.jar;C:\Users\ustjavafsdb403\.m2\repository\org\springframework\boot\spring-boot-test\2.0.4.RELEASE\spring-boot-test-2.0.4.RELEASE.jar;C:\Users\ustjavafsdb403\.m2\repository\org\springframework\boot\spring-boot-test-autoconfigure\2.0.4.RELEASE\spring-boot-test-autoconfigure-2.0.4.RELEASE.jar;C:\Users\ustjavafsdb403\.m2\repository\com\jayway\jsonpath\json-path\2.4.0\json-path-2.4.0.jar;C:\Users\ustjavafsdb403\.m2\repository\net\minidev\json-smart\2.3\json-smart-2.3.jar;C:\Users\ustjavafsdb403\.m2\repository\net\minidev\accessors-smart\1.2\accessors-smart-1.2.jar;C:\Users\ustjavafsdb403\.m2\repository\org\ow2\asm\asm\5.0.4\asm-5.0.4.jar;C:\Users\ustjavafsdb403\.m2\repository\junit\junit\4.12\junit-4.12.jar;C:\Users\ustjavafsdb403\.m2\repository\org\assertj\assertj-core\3.9.1\assertj-core-3.9.1.jar;C:\Users\ustjavafsdb403\.m2\repository\org\mockito\mockito-core\2.15.0\mockito-core-2.15.0.jar;C:\Users\ustjavafsdb403\.m2\repository\net\bytebuddy\byte-buddy\1.7.11\byte-buddy-1.7.11.jar;C:\Users\ustjavafsdb403\.m2\repository\net\bytebuddy\byte-buddy-agent\1.7.11\byte-buddy-agent-1.7.11.jar;C:\Users\ustjavafsdb403\.m2\repository\org\objenesis\objenesis\2.6\objenesis-2.6.jar;C:\Users\ustjavafsdb403\.m2\repository\org\hamcrest\hamcrest-core\1.3\hamcrest-core-1.3.jar;C:\Users\ustjavafsdb403\.m2\repository\org\hamcrest\hamcrest-library\1.3\hamcrest-library-1.3.jar;C:\Users\ustjavafsdb403\.m2\repository\org\skyscreamer\jsonassert\1.5.0\jsonassert-1.5.0.jar;C:\Users\ustjavafsdb403\.m2\repository\com\vaadin\external\google\android-json\0.0.20131108.vaadin1\android-json-0.0.20131108.vaadin1.jar;C:\Users\ustjavafsdb403\.m2\repository\org\springframework\spring-core\5.0.8.RELEASE\spring-core-5.0.8.RELEASE.jar;C:\Users\ustjavafsdb403\.m2\repository\org\springframework\spring-jcl\5.0.8.RELEASE\spring-jcl-5.0.8.RELEASE.jar;C:\Users\ustjavafsdb403\.m2\repository\org\springframework\spring-test\5.0.8.RELEASE\spring-test-5.0.8.RELEASE.jar;C:\Users\ustjavafsdb403\.m2\repository\org\xmlunit\xmlunit-core\2.5.1\xmlunit-core-2.5.1.jar;C:\Users\ustjavafsdb403\.m2\repository\com\fasterxml\jackson\module\jackson-module-parameter-names\2.9.6\jackson-module-parameter-names-2.9.6.jar;C:\Users\ustjavafsdb403\.m2\repository\com\fasterxml\jackson\core\jackson-core\2.9.6\jackson-core-2.9.6.jar;C:\Users\ustjavafsdb403\.m2\repository\com\fasterxml\jackson\core\jackson-databind\2.9.6\jackson-databind-2.9.6.jar;C:\Users\ustjavafsdb403\.m2\repository\com\fasterxml\jackson\datatype\jackson-datatype-jdk8\2.9.6\jackson-datatype-jdk8-2.9.6.jar;C:\Users\ustjavafsdb403\.m2\repository\com\fasterxml\jackson\datatype\jackson-datatype-jsr310\2.9.6\jackson-datatype-jsr310-2.9.6.jar;C:\Users\ustjavafsdb403\.m2\repository\com\fasterxml\jackson\core\jackson-annotations\2.9.0\jackson-annotations-2.9.0.jar;"/>
    <property name="sun.cpu.endian" value="little"/>
    <property name="user.home" value="C:\Users\ustjavafsdb403"/>
    <property name="user.language" value="en"/>
    <property name="java.specification.vendor" value="Oracle Corporation"/>
    <property name="java.version.date" value="2022-10-18"/>
    <property name="java.home" value="C:\Users\ustjavafsdb403\.p2\pool\plugins\org.eclipse.justj.openjdk.hotspot.jre.full.win32.x86_64_17.0.5.v20221102-0933\jre"/>
    <property name="file.separator" value="\"/>
    <property name="style.color" value="always"/>
    <property name="basedir" value="E:\spring-transaction-management-master"/>
    <property name="java.vm.compressedOopsMode" value="32-bit"/>
    <property name="line.separator" value="&#10;"/>
    <property name="java.vm.specification.vendor" value="Oracle Corporation"/>
    <property name="java.specification.name" value="Java Platform API Specification"/>
    <property name="surefire.real.class.path" value="C:\Users\USTJAV~1\AppData\Local\Temp\surefire2126999072731693157\surefirebooter11800425145749619277.jar"/>
    <property name="user.script" value=""/>
    <property name="sun.management.compiler" value="HotSpot 64-Bit Tiered Compilers"/>
    <property name="java.runtime.version" value="17.0.5+8"/>
    <property name="user.name" value="ustjavafsdb403"/>
    <property name="path.separator" value=";"/>
    <property name="os.version" value="10.0"/>
    <property name="java.runtime.name" value="OpenJDK Runtime Environment"/>
    <property name="file.encoding" value="Cp1252"/>
    <property name="java.vm.name" value="OpenJDK 64-Bit Server VM"/>
    <property name="java.vendor.version" value="Temurin-17.0.5+8"/>
    <property name="localRepository" value="C:\Users\ustjavafsdb403\.m2\repository"/>
    <property name="java.vendor.url.bug" value="https://github.com/adoptium/adoptium-support/issues"/>
    <property name="java.io.tmpdir" value="C:\Users\USTJAV~1\AppData\Local\Temp\"/>
    <property name="java.version" value="17.0.5"/>
    <property name="user.dir" value="E:\spring-transaction-management-master"/>
    <property name="os.arch" value="amd64"/>
    <property name="java.vm.specification.name" value="Java Virtual Machine Specification"/>
    <property name="sun.os.patch.level" value=""/>
    <property name="native.encoding" value="Cp1252"/>
    <property name="java.library.path" value="C:\Users\ustjavafsdb403\.p2\pool\plugins\org.eclipse.justj.openjdk.hotspot.jre.full.win32.x86_64_17.0.5.v20221102-0933\jre\bin;C:\Windows\Sun\Java\bin;C:\Windows\system32;C:\Windows;C:/Users/ustjavafsdb403/.p2/pool/plugins/org.eclipse.justj.openjdk.hotspot.jre.full.win32.x86_64_17.0.5.v20221102-0933/jre/bin/server;C:/Users/ustjavafsdb403/.p2/pool/plugins/org.eclipse.justj.openjdk.hotspot.jre.full.win32.x86_64_17.0.5.v20221102-0933/jre/bin;C:\Program Files\Common Files\Oracle\Java\javapath;C:\Windows\system32;C:\Windows;C:\Windows\System32\Wbem;C:\Windows\System32\WindowsPowerShell\v1.0\;C:\Windows\System32\OpenSSH\;C:\Program Files\Java\jdk-11.0.15\bin;C:\Program Files (x86)\Citrix\HDX\bin\;C:\Program Files\Citrix\HDX\bin\;C:\Program Files\Git\cmd;C:\Program Files\Docker\Docker\resources\bin;C:\Program Files\MySQL\MySQL Shell 8.0\bin\;C:\Users\ustjavafsdb403\AppData\Local\Microsoft\WindowsApps;C:\ProgramData\ustjavafsdb403\GitHubDesktop\bin;C:\Windows\system32;;."/>
    <property name="java.vm.info" value="mixed mode"/>
    <property name="java.vendor" value="Eclipse Adoptium"/>
    <property name="java.vm.version" value="17.0.5+8"/>
    <property name="sun.io.unicode.encoding" value="UnicodeLittle"/>
    <property name="java.class.version" value="61.0"/>
  </properties>
  <testcase name="getAllDeclAccounts" classname="com.affani.datatranx.controller.RESTAPIControllerTest" time="0.002">
    <error message="Failed to load ApplicationContext" type="java.lang.IllegalStateException">java.lang.IllegalStateException: Failed to load ApplicationContext
Caused by: java.lang.IllegalStateException: Cannot load configuration class: com.affani.datatranx.DatatranxApplication
Caused by: java.lang.ExceptionInInitializerError
Caused by: org.springframework.cglib.core.CodeGenerationException: java.lang.reflect.InaccessibleObjectException-->Unable to make protected final java.lang.Class java.lang.ClassLoader.defineClass(java.lang.String,byte[],int,int,java.security.ProtectionDomain) throws java.lang.ClassFormatError accessible: module java.base does not "opens java.lang" to unnamed module @1fc2b765
Caused by: java.lang.reflect.InaccessibleObjectException: Unable to make protected final java.lang.Class java.lang.ClassLoader.defineClass(java.lang.String,byte[],int,int,java.security.ProtectionDomain) throws java.lang.ClassFormatError accessible: module java.base does not "opens java.lang" to unnamed module @1fc2b765
</error>
    <system-out><![CDATA[17:44:42.290 [main] DEBUG org.springframework.test.context.junit4.SpringJUnit4ClassRunner - SpringJUnit4ClassRunner constructor called with [class com.affani.datatranx.controller.RESTAPIControllerTest]
17:44:42.330 [main] DEBUG org.springframework.test.context.BootstrapUtils - Instantiating CacheAwareContextLoaderDelegate from class [org.springframework.test.context.cache.DefaultCacheAwareContextLoaderDelegate]
17:44:42.373 [main] DEBUG org.springframework.test.context.BootstrapUtils - Instantiating BootstrapContext using constructor [public org.springframework.test.context.support.DefaultBootstrapContext(java.lang.Class,org.springframework.test.context.CacheAwareContextLoaderDelegate)]
17:44:42.580 [main] DEBUG org.springframework.test.context.BootstrapUtils - Instantiating TestContextBootstrapper for test class [com.affani.datatranx.controller.RESTAPIControllerTest] from class [org.springframework.boot.test.context.SpringBootTestContextBootstrapper]
17:44:42.708 [main] INFO org.springframework.boot.test.context.SpringBootTestContextBootstrapper - Neither @ContextConfiguration nor @ContextHierarchy found for test class [com.affani.datatranx.controller.RESTAPIControllerTest], using SpringBootContextLoader
17:44:42.754 [main] DEBUG org.springframework.test.context.support.AbstractContextLoader - Did not detect default resource location for test class [com.affani.datatranx.controller.RESTAPIControllerTest]: class path resource [com/affani/datatranx/controller/RESTAPIControllerTest-context.xml] does not exist
17:44:42.754 [main] DEBUG org.springframework.test.context.support.AbstractContextLoader - Did not detect default resource location for test class [com.affani.datatranx.controller.RESTAPIControllerTest]: class path resource [com/affani/datatranx/controller/RESTAPIControllerTestContext.groovy] does not exist
17:44:42.754 [main] INFO org.springframework.test.context.support.AbstractContextLoader - Could not detect default resource locations for test class [com.affani.datatranx.controller.RESTAPIControllerTest]: no resource found for suffixes {-context.xml, Context.groovy}.
17:44:42.759 [main] INFO org.springframework.test.context.support.AnnotationConfigContextLoaderUtils - Could not detect default configuration classes for test class [com.affani.datatranx.controller.RESTAPIControllerTest]: RESTAPIControllerTest does not declare any static, non-private, non-final, nested classes annotated with @Configuration.
17:44:43.119 [main] DEBUG org.springframework.test.context.support.ActiveProfilesUtils - Could not find an 'annotation declaring class' for annotation type [org.springframework.test.context.ActiveProfiles] and class [com.affani.datatranx.controller.RESTAPIControllerTest]
17:44:43.136 [main] DEBUG org.springframework.core.env.StandardEnvironment - Adding PropertySource 'systemProperties' with lowest search precedence
17:44:43.136 [main] DEBUG org.springframework.core.env.StandardEnvironment - Adding PropertySource 'systemEnvironment' with lowest search precedence
17:44:43.137 [main] DEBUG org.springframework.core.env.StandardEnvironment - Initialized StandardEnvironment with PropertySources [MapPropertySource@1446983876 {name='systemProperties', properties={java.specification.version=17, sun.cpu.isalist=amd64, sun.jnu.encoding=Cp1252, java.class.path=E:\spring-transaction-management-master\target\test-classes;E:\spring-transaction-management-master\target\classes;C:\Users\ustjavafsdb403\.m2\repository\org\springframework\boot\spring-boot-starter-data-jpa\2.0.4.RELEASE\spring-boot-starter-data-jpa-2.0.4.RELEASE.jar;C:\Users\ustjavafsdb403\.m2\repository\org\springframework\boot\spring-boot-starter\2.0.4.RELEASE\spring-boot-starter-2.0.4.RELEASE.jar;C:\Users\ustjavafsdb403\.m2\repository\org\springframework\boot\spring-boot\2.0.4.RELEASE\spring-boot-2.0.4.RELEASE.jar;C:\Users\ustjavafsdb403\.m2\repository\org\springframework\boot\spring-boot-autoconfigure\2.0.4.RELEASE\spring-boot-autoconfigure-2.0.4.RELEASE.jar;C:\Users\ustjavafsdb403\.m2\repository\org\springframework\boot\spring-boot-starter-logging\2.0.4.RELEASE\spring-boot-starter-logging-2.0.4.RELEASE.jar;C:\Users\ustjavafsdb403\.m2\repository\ch\qos\logback\logback-classic\1.2.3\logback-classic-1.2.3.jar;C:\Users\ustjavafsdb403\.m2\repository\ch\qos\logback\logback-core\1.2.3\logback-core-1.2.3.jar;C:\Users\ustjavafsdb403\.m2\repository\org\apache\logging\log4j\log4j-to-slf4j\2.10.0\log4j-to-slf4j-2.10.0.jar;C:\Users\ustjavafsdb403\.m2\repository\org\apache\logging\log4j\log4j-api\2.10.0\log4j-api-2.10.0.jar;C:\Users\ustjavafsdb403\.m2\repository\org\slf4j\jul-to-slf4j\1.7.25\jul-to-slf4j-1.7.25.jar;C:\Users\ustjavafsdb403\.m2\repository\javax\annotation\javax.annotation-api\1.3.2\javax.annotation-api-1.3.2.jar;C:\Users\ustjavafsdb403\.m2\repository\org\yaml\snakeyaml\1.19\snakeyaml-1.19.jar;C:\Users\ustjavafsdb403\.m2\repository\org\springframework\boot\spring-boot-starter-aop\2.0.4.RELEASE\spring-boot-starter-aop-2.0.4.RELEASE.jar;C:\Users\ustjavafsdb403\.m2\repository\org\springframework\spring-aop\5.0.8.RELEASE\spring-aop-5.0.8.RELEASE.jar;C:\Users\ustjavafsdb403\.m2\repository\org\aspectj\aspectjweaver\1.8.13\aspectjweaver-1.8.13.jar;C:\Users\ustjavafsdb403\.m2\repository\org\springframework\boot\spring-boot-starter-jdbc\2.0.4.RELEASE\spring-boot-starter-jdbc-2.0.4.RELEASE.jar;C:\Users\ustjavafsdb403\.m2\repository\com\zaxxer\HikariCP\2.7.9\HikariCP-2.7.9.jar;C:\Users\ustjavafsdb403\.m2\repository\org\springframework\spring-jdbc\5.0.8.RELEASE\spring-jdbc-5.0.8.RELEASE.jar;C:\Users\ustjavafsdb403\.m2\repository\org\hibernate\hibernate-core\5.2.17.Final\hibernate-core-5.2.17.Final.jar;C:\Users\ustjavafsdb403\.m2\repository\org\jboss\logging\jboss-logging\3.3.2.Final\jboss-logging-3.3.2.Final.jar;C:\Users\ustjavafsdb403\.m2\repository\org\hibernate\javax\persistence\hibernate-jpa-2.1-api\1.0.2.Final\hibernate-jpa-2.1-api-1.0.2.Final.jar;C:\Users\ustjavafsdb403\.m2\repository\org\javassist\javassist\3.22.0-GA\javassist-3.22.0-GA.jar;C:\Users\ustjavafsdb403\.m2\repository\antlr\antlr\2.7.7\antlr-2.7.7.jar;C:\Users\ustjavafsdb403\.m2\repository\org\jboss\jandex\2.0.3.Final\jandex-2.0.3.Final.jar;C:\Users\ustjavafsdb403\.m2\repository\com\fasterxml\classmate\1.3.4\classmate-1.3.4.jar;C:\Users\ustjavafsdb403\.m2\repository\dom4j\dom4j\1.6.1\dom4j-1.6.1.jar;C:\Users\ustjavafsdb403\.m2\repository\org\hibernate\common\hibernate-commons-annotations\5.0.1.Final\hibernate-commons-annotations-5.0.1.Final.jar;C:\Users\ustjavafsdb403\.m2\repository\javax\transaction\javax.transaction-api\1.2\javax.transaction-api-1.2.jar;C:\Users\ustjavafsdb403\.m2\repository\org\springframework\data\spring-data-jpa\2.0.9.RELEASE\spring-data-jpa-2.0.9.RELEASE.jar;C:\Users\ustjavafsdb403\.m2\repository\org\springframework\data\spring-data-commons\2.0.9.RELEASE\spring-data-commons-2.0.9.RELEASE.jar;C:\Users\ustjavafsdb403\.m2\repository\org\springframework\spring-orm\5.0.8.RELEASE\spring-orm-5.0.8.RELEASE.jar;C:\Users\ustjavafsdb403\.m2\repository\org\springframework\spring-context\5.0.8.RELEASE\spring-context-5.0.8.RELEASE.jar;C:\Users\ustjavafsdb403\.m2\repository\org\springframework\spring-tx\5.0.8.RELEASE\spring-tx-5.0.8.RELEASE.jar;C:\Users\ustjavafsdb403\.m2\repository\org\springframework\spring-beans\5.0.8.RELEASE\spring-beans-5.0.8.RELEASE.jar;C:\Users\ustjavafsdb403\.m2\repository\org\slf4j\slf4j-api\1.7.25\slf4j-api-1.7.25.jar;C:\Users\ustjavafsdb403\.m2\repository\org\springframework\spring-aspects\5.0.8.RELEASE\spring-aspects-5.0.8.RELEASE.jar;C:\Users\ustjavafsdb403\.m2\repository\org\springframework\boot\spring-boot-starter-web\2.0.4.RELEASE\spring-boot-starter-web-2.0.4.RELEASE.jar;C:\Users\ustjavafsdb403\.m2\repository\org\springframework\boot\spring-boot-starter-json\2.0.4.RELEASE\spring-boot-starter-json-2.0.4.RELEASE.jar;C:\Users\ustjavafsdb403\.m2\repository\org\springframework\boot\spring-boot-starter-tomcat\2.0.4.RELEASE\spring-boot-starter-tomcat-2.0.4.RELEASE.jar;C:\Users\ustjavafsdb403\.m2\repository\org\apache\tomcat\embed\tomcat-embed-core\8.5.32\tomcat-embed-core-8.5.32.jar;C:\Users\ustjavafsdb403\.m2\repository\org\apache\tomcat\embed\tomcat-embed-el\8.5.32\tomcat-embed-el-8.5.32.jar;C:\Users\ustjavafsdb403\.m2\repository\org\apache\tomcat\embed\tomcat-embed-websocket\8.5.32\tomcat-embed-websocket-8.5.32.jar;C:\Users\ustjavafsdb403\.m2\repository\org\hibernate\validator\hibernate-validator\6.0.11.Final\hibernate-validator-6.0.11.Final.jar;C:\Users\ustjavafsdb403\.m2\repository\javax\validation\validation-api\2.0.1.Final\validation-api-2.0.1.Final.jar;C:\Users\ustjavafsdb403\.m2\repository\org\openjfx\javafx.base\11.0.0-SNAPSHOT\javafx.base-11.0.0-SNAPSHOT.jar;C:\Users\ustjavafsdb403\.m2\repository\org\openjfx\javafx.base\11.0.0-SNAPSHOT\javafx.base-11.0.0-SNAPSHOT-linux.jar;C:\Users\ustjavafsdb403\.m2\repository\org\openjfx\javafx.base\11.0.0-SNAPSHOT\javafx.base-11.0.0-SNAPSHOT-mac.jar;C:\Users\ustjavafsdb403\.m2\repository\org\openjfx\javafx.base\11.0.0-SNAPSHOT\javafx.base-11.0.0-SNAPSHOT-win.jar;C:\Users\ustjavafsdb403\.m2\repository\org\springframework\spring-web\5.0.8.RELEASE\spring-web-5.0.8.RELEASE.jar;C:\Users\ustjavafsdb403\.m2\repository\org\springframework\spring-webmvc\5.0.8.RELEASE\spring-webmvc-5.0.8.RELEASE.jar;C:\Users\ustjavafsdb403\.m2\repository\org\springframework\spring-expression\5.0.8.RELEASE\spring-expression-5.0.8.RELEASE.jar;C:\Users\ustjavafsdb403\.m2\repository\com\h2database\h2\1.4.197\h2-1.4.197.jar;C:\Users\ustjavafsdb403\.m2\repository\javax\xml\bind\jaxb-api\2.3.0\jaxb-api-2.3.0.jar;C:\Users\ustjavafsdb403\.m2\repository\org\springframework\boot\spring-boot-starter-test\2.0.4.RELEASE\spring-boot-starter-test-2.0.4.RELEASE.jar;C:\Users\ustjavafsdb403\.m2\repository\org\springframework\boot\spring-boot-test\2.0.4.RELEASE\spring-boot-test-2.0.4.RELEASE.jar;C:\Users\ustjavafsdb403\.m2\repository\org\springframework\boot\spring-boot-test-autoconfigure\2.0.4.RELEASE\spring-boot-test-autoconfigure-2.0.4.RELEASE.jar;C:\Users\ustjavafsdb403\.m2\repository\com\jayway\jsonpath\json-path\2.4.0\json-path-2.4.0.jar;C:\Users\ustjavafsdb403\.m2\repository\net\minidev\json-smart\2.3\json-smart-2.3.jar;C:\Users\ustjavafsdb403\.m2\repository\net\minidev\accessors-smart\1.2\accessors-smart-1.2.jar;C:\Users\ustjavafsdb403\.m2\repository\org\ow2\asm\asm\5.0.4\asm-5.0.4.jar;C:\Users\ustjavafsdb403\.m2\repository\junit\junit\4.12\junit-4.12.jar;C:\Users\ustjavafsdb403\.m2\repository\org\assertj\assertj-core\3.9.1\assertj-core-3.9.1.jar;C:\Users\ustjavafsdb403\.m2\repository\org\mockito\mockito-core\2.15.0\mockito-core-2.15.0.jar;C:\Users\ustjavafsdb403\.m2\repository\net\bytebuddy\byte-buddy\1.7.11\byte-buddy-1.7.11.jar;C:\Users\ustjavafsdb403\.m2\repository\net\bytebuddy\byte-buddy-agent\1.7.11\byte-buddy-agent-1.7.11.jar;C:\Users\ustjavafsdb403\.m2\repository\org\objenesis\objenesis\2.6\objenesis-2.6.jar;C:\Users\ustjavafsdb403\.m2\repository\org\hamcrest\hamcrest-core\1.3\hamcrest-core-1.3.jar;C:\Users\ustjavafsdb403\.m2\repository\org\hamcrest\hamcrest-library\1.3\hamcrest-library-1.3.jar;C:\Users\ustjavafsdb403\.m2\repository\org\skyscreamer\jsonassert\1.5.0\jsonassert-1.5.0.jar;C:\Users\ustjavafsdb403\.m2\repository\com\vaadin\external\google\android-json\0.0.20131108.vaadin1\android-json-0.0.20131108.vaadin1.jar;C:\Users\ustjavafsdb403\.m2\repository\org\springframework\spring-core\5.0.8.RELEASE\spring-core-5.0.8.RELEASE.jar;C:\Users\ustjavafsdb403\.m2\repository\org\springframework\spring-jcl\5.0.8.RELEASE\spring-jcl-5.0.8.RELEASE.jar;C:\Users\ustjavafsdb403\.m2\repository\org\springframework\spring-test\5.0.8.RELEASE\spring-test-5.0.8.RELEASE.jar;C:\Users\ustjavafsdb403\.m2\repository\org\xmlunit\xmlunit-core\2.5.1\xmlunit-core-2.5.1.jar;C:\Users\ustjavafsdb403\.m2\repository\com\fasterxml\jackson\module\jackson-module-parameter-names\2.9.6\jackson-module-parameter-names-2.9.6.jar;C:\Users\ustjavafsdb403\.m2\repository\com\fasterxml\jackson\core\jackson-core\2.9.6\jackson-core-2.9.6.jar;C:\Users\ustjavafsdb403\.m2\repository\com\fasterxml\jackson\core\jackson-databind\2.9.6\jackson-databind-2.9.6.jar;C:\Users\ustjavafsdb403\.m2\repository\com\fasterxml\jackson\datatype\jackson-datatype-jdk8\2.9.6\jackson-datatype-jdk8-2.9.6.jar;C:\Users\ustjavafsdb403\.m2\repository\com\fasterxml\jackson\datatype\jackson-datatype-jsr310\2.9.6\jackson-datatype-jsr310-2.9.6.jar;C:\Users\ustjavafsdb403\.m2\repository\com\fasterxml\jackson\core\jackson-annotations\2.9.0\jackson-annotations-2.9.0.jar;, java.vm.vendor=Eclipse Adoptium, sun.arch.data.model=64, user.variant=, java.vendor.url=https://adoptium.net/, user.timezone=GMT+05:30, java.vm.specification.version=17, os.name=Windows 10, sun.java.launcher=SUN_STANDARD, user.country=IN, sun.boot.library.path=C:\Users\ustjavafsdb403\.p2\pool\plugins\org.eclipse.justj.openjdk.hotspot.jre.full.win32.x86_64_17.0.5.v20221102-0933\jre\bin, sun.java.command=C:\Users\USTJAV~1\AppData\Local\Temp\surefire2126999072731693157\surefirebooter11800425145749619277.jar C:\Users\ustjavafsdb403\AppData\Local\Temp\surefire2126999072731693157 2023-01-04T17-44-36_170-jvmRun1 surefire11905101423022534022tmp surefire_07651124966663579816tmp, jdk.debug=release, surefire.test.class.path=E:\spring-transaction-management-master\target\test-classes;E:\spring-transaction-management-master\target\classes;C:\Users\ustjavafsdb403\.m2\repository\org\springframework\boot\spring-boot-starter-data-jpa\2.0.4.RELEASE\spring-boot-starter-data-jpa-2.0.4.RELEASE.jar;C:\Users\ustjavafsdb403\.m2\repository\org\springframework\boot\spring-boot-starter\2.0.4.RELEASE\spring-boot-starter-2.0.4.RELEASE.jar;C:\Users\ustjavafsdb403\.m2\repository\org\springframework\boot\spring-boot\2.0.4.RELEASE\spring-boot-2.0.4.RELEASE.jar;C:\Users\ustjavafsdb403\.m2\repository\org\springframework\boot\spring-boot-autoconfigure\2.0.4.RELEASE\spring-boot-autoconfigure-2.0.4.RELEASE.jar;C:\Users\ustjavafsdb403\.m2\repository\org\springframework\boot\spring-boot-starter-logging\2.0.4.RELEASE\spring-boot-starter-logging-2.0.4.RELEASE.jar;C:\Users\ustjavafsdb403\.m2\repository\ch\qos\logback\logback-classic\1.2.3\logback-classic-1.2.3.jar;C:\Users\ustjavafsdb403\.m2\repository\ch\qos\logback\logback-core\1.2.3\logback-core-1.2.3.jar;C:\Users\ustjavafsdb403\.m2\repository\org\apache\logging\log4j\log4j-to-slf4j\2.10.0\log4j-to-slf4j-2.10.0.jar;C:\Users\ustjavafsdb403\.m2\repository\org\apache\logging\log4j\log4j-api\2.10.0\log4j-api-2.10.0.jar;C:\Users\ustjavafsdb403\.m2\repository\org\slf4j\jul-to-slf4j\1.7.25\jul-to-slf4j-1.7.25.jar;C:\Users\ustjavafsdb403\.m2\repository\javax\annotation\javax.annotation-api\1.3.2\javax.annotation-api-1.3.2.jar;C:\Users\ustjavafsdb403\.m2\repository\org\yaml\snakeyaml\1.19\snakeyaml-1.19.jar;C:\Users\ustjavafsdb403\.m2\repository\org\springframework\boot\spring-boot-starter-aop\2.0.4.RELEASE\spring-boot-starter-aop-2.0.4.RELEASE.jar;C:\Users\ustjavafsdb403\.m2\repository\org\springframework\spring-aop\5.0.8.RELEASE\spring-aop-5.0.8.RELEASE.jar;C:\Users\ustjavafsdb403\.m2\repository\org\aspectj\aspectjweaver\1.8.13\aspectjweaver-1.8.13.jar;C:\Users\ustjavafsdb403\.m2\repository\org\springframework\boot\spring-boot-starter-jdbc\2.0.4.RELEASE\spring-boot-starter-jdbc-2.0.4.RELEASE.jar;C:\Users\ustjavafsdb403\.m2\repository\com\zaxxer\HikariCP\2.7.9\HikariCP-2.7.9.jar;C:\Users\ustjavafsdb403\.m2\repository\org\springframework\spring-jdbc\5.0.8.RELEASE\spring-jdbc-5.0.8.RELEASE.jar;C:\Users\ustjavafsdb403\.m2\repository\org\hibernate\hibernate-core\5.2.17.Final\hibernate-core-5.2.17.Final.jar;C:\Users\ustjavafsdb403\.m2\repository\org\jboss\logging\jboss-logging\3.3.2.Final\jboss-logging-3.3.2.Final.jar;C:\Users\ustjavafsdb403\.m2\repository\org\hibernate\javax\persistence\hibernate-jpa-2.1-api\1.0.2.Final\hibernate-jpa-2.1-api-1.0.2.Final.jar;C:\Users\ustjavafsdb403\.m2\repository\org\javassist\javassist\3.22.0-GA\javassist-3.22.0-GA.jar;C:\Users\ustjavafsdb403\.m2\repository\antlr\antlr\2.7.7\antlr-2.7.7.jar;C:\Users\ustjavafsdb403\.m2\repository\org\jboss\jandex\2.0.3.Final\jandex-2.0.3.Final.jar;C:\Users\ustjavafsdb403\.m2\repository\com\fasterxml\classmate\1.3.4\classmate-1.3.4.jar;C:\Users\ustjavafsdb403\.m2\repository\dom4j\dom4j\1.6.1\dom4j-1.6.1.jar;C:\Users\ustjavafsdb403\.m2\repository\org\hibernate\common\hibernate-commons-annotations\5.0.1.Final\hibernate-commons-annotations-5.0.1.Final.jar;C:\Users\ustjavafsdb403\.m2\repository\javax\transaction\javax.transaction-api\1.2\javax.transaction-api-1.2.jar;C:\Users\ustjavafsdb403\.m2\repository\org\springframework\data\spring-data-jpa\2.0.9.RELEASE\spring-data-jpa-2.0.9.RELEASE.jar;C:\Users\ustjavafsdb403\.m2\repository\org\springframework\data\spring-data-commons\2.0.9.RELEASE\spring-data-commons-2.0.9.RELEASE.jar;C:\Users\ustjavafsdb403\.m2\repository\org\springframework\spring-orm\5.0.8.RELEASE\spring-orm-5.0.8.RELEASE.jar;C:\Users\ustjavafsdb403\.m2\repository\org\springframework\spring-context\5.0.8.RELEASE\spring-context-5.0.8.RELEASE.jar;C:\Users\ustjavafsdb403\.m2\repository\org\springframework\spring-tx\5.0.8.RELEASE\spring-tx-5.0.8.RELEASE.jar;C:\Users\ustjavafsdb403\.m2\repository\org\springframework\spring-beans\5.0.8.RELEASE\spring-beans-5.0.8.RELEASE.jar;C:\Users\ustjavafsdb403\.m2\repository\org\slf4j\slf4j-api\1.7.25\slf4j-api-1.7.25.jar;C:\Users\ustjavafsdb403\.m2\repository\org\springframework\spring-aspects\5.0.8.RELEASE\spring-aspects-5.0.8.RELEASE.jar;C:\Users\ustjavafsdb403\.m2\repository\org\springframework\boot\spring-boot-starter-web\2.0.4.RELEASE\spring-boot-starter-web-2.0.4.RELEASE.jar;C:\Users\ustjavafsdb403\.m2\repository\org\springframework\boot\spring-boot-starter-json\2.0.4.RELEASE\spring-boot-starter-json-2.0.4.RELEASE.jar;C:\Users\ustjavafsdb403\.m2\repository\org\springframework\boot\spring-boot-starter-tomcat\2.0.4.RELEASE\spring-boot-starter-tomcat-2.0.4.RELEASE.jar;C:\Users\ustjavafsdb403\.m2\repository\org\apache\tomcat\embed\tomcat-embed-core\8.5.32\tomcat-embed-core-8.5.32.jar;C:\Users\ustjavafsdb403\.m2\repository\org\apache\tomcat\embed\tomcat-embed-el\8.5.32\tomcat-embed-el-8.5.32.jar;C:\Users\ustjavafsdb403\.m2\repository\org\apache\tomcat\embed\tomcat-embed-websocket\8.5.32\tomcat-embed-websocket-8.5.32.jar;C:\Users\ustjavafsdb403\.m2\repository\org\hibernate\validator\hibernate-validator\6.0.11.Final\hibernate-validator-6.0.11.Final.jar;C:\Users\ustjavafsdb403\.m2\repository\javax\validation\validation-api\2.0.1.Final\validation-api-2.0.1.Final.jar;C:\Users\ustjavafsdb403\.m2\repository\org\openjfx\javafx.base\11.0.0-SNAPSHOT\javafx.base-11.0.0-SNAPSHOT.jar;C:\Users\ustjavafsdb403\.m2\repository\org\openjfx\javafx.base\11.0.0-SNAPSHOT\javafx.base-11.0.0-SNAPSHOT-linux.jar;C:\Users\ustjavafsdb403\.m2\repository\org\openjfx\javafx.base\11.0.0-SNAPSHOT\javafx.base-11.0.0-SNAPSHOT-mac.jar;C:\Users\ustjavafsdb403\.m2\repository\org\openjfx\javafx.base\11.0.0-SNAPSHOT\javafx.base-11.0.0-SNAPSHOT-win.jar;C:\Users\ustjavafsdb403\.m2\repository\org\springframework\spring-web\5.0.8.RELEASE\spring-web-5.0.8.RELEASE.jar;C:\Users\ustjavafsdb403\.m2\repository\org\springframework\spring-webmvc\5.0.8.RELEASE\spring-webmvc-5.0.8.RELEASE.jar;C:\Users\ustjavafsdb403\.m2\repository\org\springframework\spring-expression\5.0.8.RELEASE\spring-expression-5.0.8.RELEASE.jar;C:\Users\ustjavafsdb403\.m2\repository\com\h2database\h2\1.4.197\h2-1.4.197.jar;C:\Users\ustjavafsdb403\.m2\repository\javax\xml\bind\jaxb-api\2.3.0\jaxb-api-2.3.0.jar;C:\Users\ustjavafsdb403\.m2\repository\org\springframework\boot\spring-boot-starter-test\2.0.4.RELEASE\spring-boot-starter-test-2.0.4.RELEASE.jar;C:\Users\ustjavafsdb403\.m2\repository\org\springframework\boot\spring-boot-test\2.0.4.RELEASE\spring-boot-test-2.0.4.RELEASE.jar;C:\Users\ustjavafsdb403\.m2\repository\org\springframework\boot\spring-boot-test-autoconfigure\2.0.4.RELEASE\spring-boot-test-autoconfigure-2.0.4.RELEASE.jar;C:\Users\ustjavafsdb403\.m2\repository\com\jayway\jsonpath\json-path\2.4.0\json-path-2.4.0.jar;C:\Users\ustjavafsdb403\.m2\repository\net\minidev\json-smart\2.3\json-smart-2.3.jar;C:\Users\ustjavafsdb403\.m2\repository\net\minidev\accessors-smart\1.2\accessors-smart-1.2.jar;C:\Users\ustjavafsdb403\.m2\repository\org\ow2\asm\asm\5.0.4\asm-5.0.4.jar;C:\Users\ustjavafsdb403\.m2\repository\junit\junit\4.12\junit-4.12.jar;C:\Users\ustjavafsdb403\.m2\repository\org\assertj\assertj-core\3.9.1\assertj-core-3.9.1.jar;C:\Users\ustjavafsdb403\.m2\repository\org\mockito\mockito-core\2.15.0\mockito-core-2.15.0.jar;C:\Users\ustjavafsdb403\.m2\repository\net\bytebuddy\byte-buddy\1.7.11\byte-buddy-1.7.11.jar;C:\Users\ustjavafsdb403\.m2\repository\net\bytebuddy\byte-buddy-agent\1.7.11\byte-buddy-agent-1.7.11.jar;C:\Users\ustjavafsdb403\.m2\repository\org\objenesis\objenesis\2.6\objenesis-2.6.jar;C:\Users\ustjavafsdb403\.m2\repository\org\hamcrest\hamcrest-core\1.3\hamcrest-core-1.3.jar;C:\Users\ustjavafsdb403\.m2\repository\org\hamcrest\hamcrest-library\1.3\hamcrest-library-1.3.jar;C:\Users\ustjavafsdb403\.m2\repository\org\skyscreamer\jsonassert\1.5.0\jsonassert-1.5.0.jar;C:\Users\ustjavafsdb403\.m2\repository\com\vaadin\external\google\android-json\0.0.20131108.vaadin1\android-json-0.0.20131108.vaadin1.jar;C:\Users\ustjavafsdb403\.m2\repository\org\springframework\spring-core\5.0.8.RELEASE\spring-core-5.0.8.RELEASE.jar;C:\Users\ustjavafsdb403\.m2\repository\org\springframework\spring-jcl\5.0.8.RELEASE\spring-jcl-5.0.8.RELEASE.jar;C:\Users\ustjavafsdb403\.m2\repository\org\springframework\spring-test\5.0.8.RELEASE\spring-test-5.0.8.RELEASE.jar;C:\Users\ustjavafsdb403\.m2\repository\org\xmlunit\xmlunit-core\2.5.1\xmlunit-core-2.5.1.jar;C:\Users\ustjavafsdb403\.m2\repository\com\fasterxml\jackson\module\jackson-module-parameter-names\2.9.6\jackson-module-parameter-names-2.9.6.jar;C:\Users\ustjavafsdb403\.m2\repository\com\fasterxml\jackson\core\jackson-core\2.9.6\jackson-core-2.9.6.jar;C:\Users\ustjavafsdb403\.m2\repository\com\fasterxml\jackson\core\jackson-databind\2.9.6\jackson-databind-2.9.6.jar;C:\Users\ustjavafsdb403\.m2\repository\com\fasterxml\jackson\datatype\jackson-datatype-jdk8\2.9.6\jackson-datatype-jdk8-2.9.6.jar;C:\Users\ustjavafsdb403\.m2\repository\com\fasterxml\jackson\datatype\jackson-datatype-jsr310\2.9.6\jackson-datatype-jsr310-2.9.6.jar;C:\Users\ustjavafsdb403\.m2\repository\com\fasterxml\jackson\core\jackson-annotations\2.9.0\jackson-annotations-2.9.0.jar;, sun.cpu.endian=little, user.home=C:\Users\ustjavafsdb403, user.language=en, java.specification.vendor=Oracle Corporation, java.version.date=2022-10-18, java.home=C:\Users\ustjavafsdb403\.p2\pool\plugins\org.eclipse.justj.openjdk.hotspot.jre.full.win32.x86_64_17.0.5.v20221102-0933\jre, file.separator=\, style.color=always, basedir=E:\spring-transaction-management-master, java.vm.compressedOopsMode=32-bit, line.separator=
, java.vm.specification.vendor=Oracle Corporation, java.specification.name=Java Platform API Specification, surefire.real.class.path=C:\Users\USTJAV~1\AppData\Local\Temp\surefire2126999072731693157\surefirebooter11800425145749619277.jar, user.script=, sun.management.compiler=HotSpot 64-Bit Tiered Compilers, java.runtime.version=17.0.5+8, user.name=ustjavafsdb403, path.separator=;, os.version=10.0, java.runtime.name=OpenJDK Runtime Environment, file.encoding=Cp1252, java.vm.name=OpenJDK 64-Bit Server VM, java.vendor.version=Temurin-17.0.5+8, localRepository=C:\Users\ustjavafsdb403\.m2\repository, java.vendor.url.bug=https://github.com/adoptium/adoptium-support/issues, java.io.tmpdir=C:\Users\USTJAV~1\AppData\Local\Temp\, java.version=17.0.5, user.dir=E:\spring-transaction-management-master, os.arch=amd64, java.vm.specification.name=Java Virtual Machine Specification, sun.os.patch.level=, native.encoding=Cp1252, java.library.path=C:\Users\ustjavafsdb403\.p2\pool\plugins\org.eclipse.justj.openjdk.hotspot.jre.full.win32.x86_64_17.0.5.v20221102-0933\jre\bin;C:\Windows\Sun\Java\bin;C:\Windows\system32;C:\Windows;C:/Users/ustjavafsdb403/.p2/pool/plugins/org.eclipse.justj.openjdk.hotspot.jre.full.win32.x86_64_17.0.5.v20221102-0933/jre/bin/server;C:/Users/ustjavafsdb403/.p2/pool/plugins/org.eclipse.justj.openjdk.hotspot.jre.full.win32.x86_64_17.0.5.v20221102-0933/jre/bin;C:\Program Files\Common Files\Oracle\Java\javapath;C:\Windows\system32;C:\Windows;C:\Windows\System32\Wbem;C:\Windows\System32\WindowsPowerShell\v1.0\;C:\Windows\System32\OpenSSH\;C:\Program Files\Java\jdk-11.0.15\bin;C:\Program Files (x86)\Citrix\HDX\bin\;C:\Program Files\Citrix\HDX\bin\;C:\Program Files\Git\cmd;C:\Program Files\Docker\Docker\resources\bin;C:\Program Files\MySQL\MySQL Shell 8.0\bin\;C:\Users\ustjavafsdb403\AppData\Local\Microsoft\WindowsApps;C:\ProgramData\ustjavafsdb403\GitHubDesktop\bin;C:\Windows\system32;;., java.vm.info=mixed mode, java.vendor=Eclipse Adoptium, java.vm.version=17.0.5+8, sun.io.unicode.encoding=UnicodeLittle, java.class.version=61.0}}, SystemEnvironmentPropertySource@1412601264 {name='systemEnvironment', properties={PATH=C:/Users/ustjavafsdb403/.p2/pool/plugins/org.eclipse.justj.openjdk.hotspot.jre.full.win32.x86_64_17.0.5.v20221102-0933/jre/bin/server;C:/Users/ustjavafsdb403/.p2/pool/plugins/org.eclipse.justj.openjdk.hotspot.jre.full.win32.x86_64_17.0.5.v20221102-0933/jre/bin;C:\Program Files\Common Files\Oracle\Java\javapath;C:\Windows\system32;C:\Windows;C:\Windows\System32\Wbem;C:\Windows\System32\WindowsPowerShell\v1.0\;C:\Windows\System32\OpenSSH\;C:\Program Files\Java\jdk-11.0.15\bin;C:\Program Files (x86)\Citrix\HDX\bin\;C:\Program Files\Citrix\HDX\bin\;C:\Program Files\Git\cmd;C:\Program Files\Docker\Docker\resources\bin;C:\Program Files\MySQL\MySQL Shell 8.0\bin\;C:\Users\ustjavafsdb403\AppData\Local\Microsoft\WindowsApps;C:\ProgramData\ustjavafsdb403\GitHubDesktop\bin;C:\Windows\system32;, USERDOMAIN_ROAMINGPROFILE=IIHT, LOCALAPPDATA=C:\Users\ustjavafsdb403\AppData\Local, PROCESSOR_LEVEL=6, SYSTEMDRIVE=C:, COMMONPROGRAMFILES(X86)=C:\Program Files (x86)\Common Files, USERDOMAIN=IIHT, FPS_BROWSER_APP_PROFILE_STRING=Internet Explorer, LOGONSERVER=\\SDC, PROMPT=$P$G, SESSIONNAME=Console, ALLUSERSPROFILE=C:\ProgramData, PROGRAMFILES(X86)=C:\Program Files (x86), PROCESSOR_ARCHITECTURE=AMD64, DRIVERDATA=C:\Windows\System32\Drivers\DriverData, =E:=E:\spring-transaction-management-master, PROGRAMFILES=C:\Program Files, APPDATA=C:\Users\ustjavafsdb403\AppData\Roaming, PSMODULEPATH=C:\Program Files\WindowsPowerShell\Modules;C:\Windows\system32\WindowsPowerShell\v1.0\Modules;C:\Program Files\Citrix\Telemetry Service\, PROGRAMW6432=C:\Program Files, PROGRAMDATA=C:\ProgramData, SYSTEMROOT=C:\Windows, USERNAME=ustjavafsdb403, USERDNSDOMAIN=IIHT.TECH, FPS_BROWSER_USER_PROFILE_STRING=Default, ONEDRIVE=C:\Users\ustjavafsdb403\OneDrive, PATHEXT=.COM;.EXE;.BAT;.CMD;.VBS;.VBE;.JS;.JSE;.WSF;.WSH;.MSC, OS=Windows_NT, COMMONPROGRAMW6432=C:\Program Files\Common Files, COMPUTERNAME=USTFSD08, COMMONPROGRAMFILES=C:\Program Files\Common Files, COMSPEC=C:\Windows\system32\cmd.exe, PROCESSOR_REVISION=4f01, WINDIR=C:\Windows, HOMEPATH=\Users\ustjavafsdb403, TEMP=C:\Users\USTJAV~1\AppData\Local\Temp, HOMEDRIVE=C:, PROCESSOR_IDENTIFIER=Intel64 Family 6 Model 79 Stepping 1, GenuineIntel, USERPROFILE=C:\Users\ustjavafsdb403, TMP=C:\Users\USTJAV~1\AppData\Local\Temp, PUBLIC=C:\Users\Public, NUMBER_OF_PROCESSORS=4, =::=::\}}]
17:44:43.232 [main] DEBUG org.springframework.core.io.support.PathMatchingResourcePatternResolver - Resolved classpath location [com/affani/datatranx/controller/] to resources [URL [file:/E:/spring-transaction-management-master/target/test-classes/com/affani/datatranx/controller/], URL [file:/E:/spring-transaction-management-master/target/classes/com/affani/datatranx/controller/]]
17:44:43.233 [main] DEBUG org.springframework.core.io.support.PathMatchingResourcePatternResolver - Looking for matching resources in directory tree [E:\spring-transaction-management-master\target\test-classes\com\affani\datatranx\controller]
17:44:43.234 [main] DEBUG org.springframework.core.io.support.PathMatchingResourcePatternResolver - Searching directory [E:\spring-transaction-management-master\target\test-classes\com\affani\datatranx\controller] for files matching pattern [E:/spring-transaction-management-master/target/test-classes/com/affani/datatranx/controller/*.class]
17:44:43.241 [main] DEBUG org.springframework.core.io.support.PathMatchingResourcePatternResolver - Looking for matching resources in directory tree [E:\spring-transaction-management-master\target\classes\com\affani\datatranx\controller]
17:44:43.241 [main] DEBUG org.springframework.core.io.support.PathMatchingResourcePatternResolver - Searching directory [E:\spring-transaction-management-master\target\classes\com\affani\datatranx\controller] for files matching pattern [E:/spring-transaction-management-master/target/classes/com/affani/datatranx/controller/*.class]
17:44:43.242 [main] DEBUG org.springframework.core.io.support.PathMatchingResourcePatternResolver - Resolved location pattern [classpath*:com/affani/datatranx/controller/*.class] to resources [file [E:\spring-transaction-management-master\target\test-classes\com\affani\datatranx\controller\RESTAPIControllerTest.class], file [E:\spring-transaction-management-master\target\classes\com\affani\datatranx\controller\RESTAPIController.class]]
17:44:43.337 [main] DEBUG org.springframework.core.io.support.PathMatchingResourcePatternResolver - Resolved classpath location [com/affani/datatranx/] to resources [URL [file:/E:/spring-transaction-management-master/target/test-classes/com/affani/datatranx/], URL [file:/E:/spring-transaction-management-master/target/classes/com/affani/datatranx/]]
17:44:43.337 [main] DEBUG org.springframework.core.io.support.PathMatchingResourcePatternResolver - Looking for matching resources in directory tree [E:\spring-transaction-management-master\target\test-classes\com\affani\datatranx]
17:44:43.337 [main] DEBUG org.springframework.core.io.support.PathMatchingResourcePatternResolver - Searching directory [E:\spring-transaction-management-master\target\test-classes\com\affani\datatranx] for files matching pattern [E:/spring-transaction-management-master/target/test-classes/com/affani/datatranx/*.class]
17:44:43.341 [main] DEBUG org.springframework.core.io.support.PathMatchingResourcePatternResolver - Looking for matching resources in directory tree [E:\spring-transaction-management-master\target\classes\com\affani\datatranx]
17:44:43.341 [main] DEBUG org.springframework.core.io.support.PathMatchingResourcePatternResolver - Searching directory [E:\spring-transaction-management-master\target\classes\com\affani\datatranx] for files matching pattern [E:/spring-transaction-management-master/target/classes/com/affani/datatranx/*.class]
17:44:43.342 [main] DEBUG org.springframework.core.io.support.PathMatchingResourcePatternResolver - Resolved location pattern [classpath*:com/affani/datatranx/*.class] to resources [file [E:\spring-transaction-management-master\target\test-classes\com\affani\datatranx\DatatranxApplicationTests.class], file [E:\spring-transaction-management-master\target\classes\com\affani\datatranx\DatatranxApplication.class]]
17:44:43.411 [main] DEBUG org.springframework.context.annotation.ClassPathScanningCandidateComponentProvider - Identified candidate component class: file [E:\spring-transaction-management-master\target\classes\com\affani\datatranx\DatatranxApplication.class]
17:44:43.412 [main] INFO org.springframework.boot.test.context.SpringBootTestContextBootstrapper - Found @SpringBootConfiguration com.affani.datatranx.DatatranxApplication for test class com.affani.datatranx.controller.RESTAPIControllerTest
17:44:43.898 [main] DEBUG org.springframework.boot.test.context.SpringBootTestContextBootstrapper - @TestExecutionListeners is not present for class [com.affani.datatranx.controller.RESTAPIControllerTest]: using defaults.
17:44:43.899 [main] INFO org.springframework.boot.test.context.SpringBootTestContextBootstrapper - Loaded default TestExecutionListener class names from location [META-INF/spring.factories]: [org.springframework.boot.test.mock.mockito.MockitoTestExecutionListener, org.springframework.boot.test.mock.mockito.ResetMocksTestExecutionListener, org.springframework.boot.test.autoconfigure.restdocs.RestDocsTestExecutionListener, org.springframework.boot.test.autoconfigure.web.client.MockRestServiceServerResetTestExecutionListener, org.springframework.boot.test.autoconfigure.web.servlet.MockMvcPrintOnlyOnFailureTestExecutionListener, org.springframework.boot.test.autoconfigure.web.servlet.WebDriverTestExecutionListener, org.springframework.test.context.web.ServletTestExecutionListener, org.springframework.test.context.support.DirtiesContextBeforeModesTestExecutionListener, org.springframework.test.context.support.DependencyInjectionTestExecutionListener, org.springframework.test.context.support.DirtiesContextTestExecutionListener, org.springframework.test.context.transaction.TransactionalTestExecutionListener, org.springframework.test.context.jdbc.SqlScriptsTestExecutionListener]
17:44:43.983 [main] INFO org.springframework.boot.test.context.SpringBootTestContextBootstrapper - Using TestExecutionListeners: [org.springframework.test.context.web.ServletTestExecutionListener@673be18f, org.springframework.test.context.support.DirtiesContextBeforeModesTestExecutionListener@6581dc0a, org.springframework.boot.test.mock.mockito.MockitoTestExecutionListener@39de3d36, org.springframework.boot.test.autoconfigure.SpringBootDependencyInjectionTestExecutionListener@6ce86ce1, org.springframework.test.context.support.DirtiesContextTestExecutionListener@54e7df6a, org.springframework.test.context.transaction.TransactionalTestExecutionListener@3fed2870, org.springframework.test.context.jdbc.SqlScriptsTestExecutionListener@77128536, org.springframework.boot.test.mock.mockito.ResetMocksTestExecutionListener@58326051, org.springframework.boot.test.autoconfigure.restdocs.RestDocsTestExecutionListener@32c4e8b2, org.springframework.boot.test.autoconfigure.web.client.MockRestServiceServerResetTestExecutionListener@64bce832, org.springframework.boot.test.autoconfigure.web.servlet.MockMvcPrintOnlyOnFailureTestExecutionListener@764faa6, org.springframework.boot.test.autoconfigure.web.servlet.WebDriverTestExecutionListener@4c1f22f3]
17:44:43.999 [main] DEBUG org.springframework.test.annotation.ProfileValueUtils - Retrieved @ProfileValueSourceConfiguration [null] for test class [com.affani.datatranx.controller.RESTAPIControllerTest]
17:44:44.000 [main] DEBUG org.springframework.test.annotation.ProfileValueUtils - Retrieved ProfileValueSource type [class org.springframework.test.annotation.SystemProfileValueSource] for class [com.affani.datatranx.controller.RESTAPIControllerTest]
17:44:44.000 [main] DEBUG org.springframework.test.annotation.ProfileValueUtils - Retrieved @ProfileValueSourceConfiguration [null] for test class [com.affani.datatranx.controller.RESTAPIControllerTest]
17:44:44.000 [main] DEBUG org.springframework.test.annotation.ProfileValueUtils - Retrieved ProfileValueSource type [class org.springframework.test.annotation.SystemProfileValueSource] for class [com.affani.datatranx.controller.RESTAPIControllerTest]
17:44:44.002 [main] DEBUG org.springframework.test.annotation.ProfileValueUtils - Retrieved @ProfileValueSourceConfiguration [null] for test class [com.affani.datatranx.controller.RESTAPIControllerTest]
17:44:44.003 [main] DEBUG org.springframework.test.annotation.ProfileValueUtils - Retrieved ProfileValueSource type [class org.springframework.test.annotation.SystemProfileValueSource] for class [com.affani.datatranx.controller.RESTAPIControllerTest]
17:44:44.007 [main] DEBUG org.springframework.test.context.support.AbstractDirtiesContextTestExecutionListener - Before test class: context [DefaultTestContext@38aa816f testClass = RESTAPIControllerTest, testInstance = [null], testMethod = [null], testException = [null], mergedContextConfiguration = [WebMergedContextConfiguration@53f6fd09 testClass = RESTAPIControllerTest, locations = '{}', classes = '{class com.affani.datatranx.DatatranxApplication}', contextInitializerClasses = '[]', activeProfiles = '{}', propertySourceLocations = '{}', propertySourceProperties = '{org.springframework.boot.test.context.SpringBootTestContextBootstrapper=true}', contextCustomizers = set[[ImportsContextCustomizer@6bffbc6d key = [org.springframework.boot.test.autoconfigure.web.servlet.MockMvcAutoConfiguration, org.springframework.boot.test.autoconfigure.web.servlet.MockMvcSecurityAutoConfiguration, org.springframework.boot.test.autoconfigure.web.servlet.MockMvcWebClientAutoConfiguration, org.springframework.boot.test.autoconfigure.web.servlet.MockMvcWebDriverAutoConfiguration]], org.springframework.boot.test.context.filter.ExcludeFilterContextCustomizer@32502377, org.springframework.boot.test.json.DuplicateJsonObjectContextCustomizerFactory$DuplicateJsonObjectContextCustomizer@66f57048, org.springframework.boot.test.mock.mockito.MockitoContextCustomizer@923b907e, org.springframework.boot.test.web.client.TestRestTemplateContextCustomizer@242b836, org.springframework.boot.test.autoconfigure.properties.PropertyMappingContextCustomizer@e7e84f8, org.springframework.boot.test.autoconfigure.web.servlet.WebDriverContextCustomizerFactory$Customizer@229c6181], resourceBasePath = 'src/main/webapp', contextLoader = 'org.springframework.boot.test.context.SpringBootContextLoader', parent = [null]], attributes = map['org.springframework.test.context.web.ServletTestExecutionListener.activateListener' -> true]], class annotated with @DirtiesContext [false] with mode [null].
17:44:44.008 [main] DEBUG org.springframework.test.annotation.ProfileValueUtils - Retrieved @ProfileValueSourceConfiguration [null] for test class [com.affani.datatranx.controller.RESTAPIControllerTest]
17:44:44.008 [main] DEBUG org.springframework.test.annotation.ProfileValueUtils - Retrieved ProfileValueSource type [class org.springframework.test.annotation.SystemProfileValueSource] for class [com.affani.datatranx.controller.RESTAPIControllerTest]
17:44:44.144 [main] DEBUG org.springframework.core.env.StandardEnvironment - Adding PropertySource 'systemProperties' with lowest search precedence
17:44:44.144 [main] DEBUG org.springframework.core.env.StandardEnvironment - Adding PropertySource 'systemEnvironment' with lowest search precedence
17:44:44.144 [main] DEBUG org.springframework.core.env.StandardEnvironment - Initialized StandardEnvironment with PropertySources [MapPropertySource@2031588185 {name='systemProperties', properties={java.specification.version=17, sun.cpu.isalist=amd64, sun.jnu.encoding=Cp1252, java.class.path=E:\spring-transaction-management-master\target\test-classes;E:\spring-transaction-management-master\target\classes;C:\Users\ustjavafsdb403\.m2\repository\org\springframework\boot\spring-boot-starter-data-jpa\2.0.4.RELEASE\spring-boot-starter-data-jpa-2.0.4.RELEASE.jar;C:\Users\ustjavafsdb403\.m2\repository\org\springframework\boot\spring-boot-starter\2.0.4.RELEASE\spring-boot-starter-2.0.4.RELEASE.jar;C:\Users\ustjavafsdb403\.m2\repository\org\springframework\boot\spring-boot\2.0.4.RELEASE\spring-boot-2.0.4.RELEASE.jar;C:\Users\ustjavafsdb403\.m2\repository\org\springframework\boot\spring-boot-autoconfigure\2.0.4.RELEASE\spring-boot-autoconfigure-2.0.4.RELEASE.jar;C:\Users\ustjavafsdb403\.m2\repository\org\springframework\boot\spring-boot-starter-logging\2.0.4.RELEASE\spring-boot-starter-logging-2.0.4.RELEASE.jar;C:\Users\ustjavafsdb403\.m2\repository\ch\qos\logback\logback-classic\1.2.3\logback-classic-1.2.3.jar;C:\Users\ustjavafsdb403\.m2\repository\ch\qos\logback\logback-core\1.2.3\logback-core-1.2.3.jar;C:\Users\ustjavafsdb403\.m2\repository\org\apache\logging\log4j\log4j-to-slf4j\2.10.0\log4j-to-slf4j-2.10.0.jar;C:\Users\ustjavafsdb403\.m2\repository\org\apache\logging\log4j\log4j-api\2.10.0\log4j-api-2.10.0.jar;C:\Users\ustjavafsdb403\.m2\repository\org\slf4j\jul-to-slf4j\1.7.25\jul-to-slf4j-1.7.25.jar;C:\Users\ustjavafsdb403\.m2\repository\javax\annotation\javax.annotation-api\1.3.2\javax.annotation-api-1.3.2.jar;C:\Users\ustjavafsdb403\.m2\repository\org\yaml\snakeyaml\1.19\snakeyaml-1.19.jar;C:\Users\ustjavafsdb403\.m2\repository\org\springframework\boot\spring-boot-starter-aop\2.0.4.RELEASE\spring-boot-starter-aop-2.0.4.RELEASE.jar;C:\Users\ustjavafsdb403\.m2\repository\org\springframework\spring-aop\5.0.8.RELEASE\spring-aop-5.0.8.RELEASE.jar;C:\Users\ustjavafsdb403\.m2\repository\org\aspectj\aspectjweaver\1.8.13\aspectjweaver-1.8.13.jar;C:\Users\ustjavafsdb403\.m2\repository\org\springframework\boot\spring-boot-starter-jdbc\2.0.4.RELEASE\spring-boot-starter-jdbc-2.0.4.RELEASE.jar;C:\Users\ustjavafsdb403\.m2\repository\com\zaxxer\HikariCP\2.7.9\HikariCP-2.7.9.jar;C:\Users\ustjavafsdb403\.m2\repository\org\springframework\spring-jdbc\5.0.8.RELEASE\spring-jdbc-5.0.8.RELEASE.jar;C:\Users\ustjavafsdb403\.m2\repository\org\hibernate\hibernate-core\5.2.17.Final\hibernate-core-5.2.17.Final.jar;C:\Users\ustjavafsdb403\.m2\repository\org\jboss\logging\jboss-logging\3.3.2.Final\jboss-logging-3.3.2.Final.jar;C:\Users\ustjavafsdb403\.m2\repository\org\hibernate\javax\persistence\hibernate-jpa-2.1-api\1.0.2.Final\hibernate-jpa-2.1-api-1.0.2.Final.jar;C:\Users\ustjavafsdb403\.m2\repository\org\javassist\javassist\3.22.0-GA\javassist-3.22.0-GA.jar;C:\Users\ustjavafsdb403\.m2\repository\antlr\antlr\2.7.7\antlr-2.7.7.jar;C:\Users\ustjavafsdb403\.m2\repository\org\jboss\jandex\2.0.3.Final\jandex-2.0.3.Final.jar;C:\Users\ustjavafsdb403\.m2\repository\com\fasterxml\classmate\1.3.4\classmate-1.3.4.jar;C:\Users\ustjavafsdb403\.m2\repository\dom4j\dom4j\1.6.1\dom4j-1.6.1.jar;C:\Users\ustjavafsdb403\.m2\repository\org\hibernate\common\hibernate-commons-annotations\5.0.1.Final\hibernate-commons-annotations-5.0.1.Final.jar;C:\Users\ustjavafsdb403\.m2\repository\javax\transaction\javax.transaction-api\1.2\javax.transaction-api-1.2.jar;C:\Users\ustjavafsdb403\.m2\repository\org\springframework\data\spring-data-jpa\2.0.9.RELEASE\spring-data-jpa-2.0.9.RELEASE.jar;C:\Users\ustjavafsdb403\.m2\repository\org\springframework\data\spring-data-commons\2.0.9.RELEASE\spring-data-commons-2.0.9.RELEASE.jar;C:\Users\ustjavafsdb403\.m2\repository\org\springframework\spring-orm\5.0.8.RELEASE\spring-orm-5.0.8.RELEASE.jar;C:\Users\ustjavafsdb403\.m2\repository\org\springframework\spring-context\5.0.8.RELEASE\spring-context-5.0.8.RELEASE.jar;C:\Users\ustjavafsdb403\.m2\repository\org\springframework\spring-tx\5.0.8.RELEASE\spring-tx-5.0.8.RELEASE.jar;C:\Users\ustjavafsdb403\.m2\repository\org\springframework\spring-beans\5.0.8.RELEASE\spring-beans-5.0.8.RELEASE.jar;C:\Users\ustjavafsdb403\.m2\repository\org\slf4j\slf4j-api\1.7.25\slf4j-api-1.7.25.jar;C:\Users\ustjavafsdb403\.m2\repository\org\springframework\spring-aspects\5.0.8.RELEASE\spring-aspects-5.0.8.RELEASE.jar;C:\Users\ustjavafsdb403\.m2\repository\org\springframework\boot\spring-boot-starter-web\2.0.4.RELEASE\spring-boot-starter-web-2.0.4.RELEASE.jar;C:\Users\ustjavafsdb403\.m2\repository\org\springframework\boot\spring-boot-starter-json\2.0.4.RELEASE\spring-boot-starter-json-2.0.4.RELEASE.jar;C:\Users\ustjavafsdb403\.m2\repository\org\springframework\boot\spring-boot-starter-tomcat\2.0.4.RELEASE\spring-boot-starter-tomcat-2.0.4.RELEASE.jar;C:\Users\ustjavafsdb403\.m2\repository\org\apache\tomcat\embed\tomcat-embed-core\8.5.32\tomcat-embed-core-8.5.32.jar;C:\Users\ustjavafsdb403\.m2\repository\org\apache\tomcat\embed\tomcat-embed-el\8.5.32\tomcat-embed-el-8.5.32.jar;C:\Users\ustjavafsdb403\.m2\repository\org\apache\tomcat\embed\tomcat-embed-websocket\8.5.32\tomcat-embed-websocket-8.5.32.jar;C:\Users\ustjavafsdb403\.m2\repository\org\hibernate\validator\hibernate-validator\6.0.11.Final\hibernate-validator-6.0.11.Final.jar;C:\Users\ustjavafsdb403\.m2\repository\javax\validation\validation-api\2.0.1.Final\validation-api-2.0.1.Final.jar;C:\Users\ustjavafsdb403\.m2\repository\org\openjfx\javafx.base\11.0.0-SNAPSHOT\javafx.base-11.0.0-SNAPSHOT.jar;C:\Users\ustjavafsdb403\.m2\repository\org\openjfx\javafx.base\11.0.0-SNAPSHOT\javafx.base-11.0.0-SNAPSHOT-linux.jar;C:\Users\ustjavafsdb403\.m2\repository\org\openjfx\javafx.base\11.0.0-SNAPSHOT\javafx.base-11.0.0-SNAPSHOT-mac.jar;C:\Users\ustjavafsdb403\.m2\repository\org\openjfx\javafx.base\11.0.0-SNAPSHOT\javafx.base-11.0.0-SNAPSHOT-win.jar;C:\Users\ustjavafsdb403\.m2\repository\org\springframework\spring-web\5.0.8.RELEASE\spring-web-5.0.8.RELEASE.jar;C:\Users\ustjavafsdb403\.m2\repository\org\springframework\spring-webmvc\5.0.8.RELEASE\spring-webmvc-5.0.8.RELEASE.jar;C:\Users\ustjavafsdb403\.m2\repository\org\springframework\spring-expression\5.0.8.RELEASE\spring-expression-5.0.8.RELEASE.jar;C:\Users\ustjavafsdb403\.m2\repository\com\h2database\h2\1.4.197\h2-1.4.197.jar;C:\Users\ustjavafsdb403\.m2\repository\javax\xml\bind\jaxb-api\2.3.0\jaxb-api-2.3.0.jar;C:\Users\ustjavafsdb403\.m2\repository\org\springframework\boot\spring-boot-starter-test\2.0.4.RELEASE\spring-boot-starter-test-2.0.4.RELEASE.jar;C:\Users\ustjavafsdb403\.m2\repository\org\springframework\boot\spring-boot-test\2.0.4.RELEASE\spring-boot-test-2.0.4.RELEASE.jar;C:\Users\ustjavafsdb403\.m2\repository\org\springframework\boot\spring-boot-test-autoconfigure\2.0.4.RELEASE\spring-boot-test-autoconfigure-2.0.4.RELEASE.jar;C:\Users\ustjavafsdb403\.m2\repository\com\jayway\jsonpath\json-path\2.4.0\json-path-2.4.0.jar;C:\Users\ustjavafsdb403\.m2\repository\net\minidev\json-smart\2.3\json-smart-2.3.jar;C:\Users\ustjavafsdb403\.m2\repository\net\minidev\accessors-smart\1.2\accessors-smart-1.2.jar;C:\Users\ustjavafsdb403\.m2\repository\org\ow2\asm\asm\5.0.4\asm-5.0.4.jar;C:\Users\ustjavafsdb403\.m2\repository\junit\junit\4.12\junit-4.12.jar;C:\Users\ustjavafsdb403\.m2\repository\org\assertj\assertj-core\3.9.1\assertj-core-3.9.1.jar;C:\Users\ustjavafsdb403\.m2\repository\org\mockito\mockito-core\2.15.0\mockito-core-2.15.0.jar;C:\Users\ustjavafsdb403\.m2\repository\net\bytebuddy\byte-buddy\1.7.11\byte-buddy-1.7.11.jar;C:\Users\ustjavafsdb403\.m2\repository\net\bytebuddy\byte-buddy-agent\1.7.11\byte-buddy-agent-1.7.11.jar;C:\Users\ustjavafsdb403\.m2\repository\org\objenesis\objenesis\2.6\objenesis-2.6.jar;C:\Users\ustjavafsdb403\.m2\repository\org\hamcrest\hamcrest-core\1.3\hamcrest-core-1.3.jar;C:\Users\ustjavafsdb403\.m2\repository\org\hamcrest\hamcrest-library\1.3\hamcrest-library-1.3.jar;C:\Users\ustjavafsdb403\.m2\repository\org\skyscreamer\jsonassert\1.5.0\jsonassert-1.5.0.jar;C:\Users\ustjavafsdb403\.m2\repository\com\vaadin\external\google\android-json\0.0.20131108.vaadin1\android-json-0.0.20131108.vaadin1.jar;C:\Users\ustjavafsdb403\.m2\repository\org\springframework\spring-core\5.0.8.RELEASE\spring-core-5.0.8.RELEASE.jar;C:\Users\ustjavafsdb403\.m2\repository\org\springframework\spring-jcl\5.0.8.RELEASE\spring-jcl-5.0.8.RELEASE.jar;C:\Users\ustjavafsdb403\.m2\repository\org\springframework\spring-test\5.0.8.RELEASE\spring-test-5.0.8.RELEASE.jar;C:\Users\ustjavafsdb403\.m2\repository\org\xmlunit\xmlunit-core\2.5.1\xmlunit-core-2.5.1.jar;C:\Users\ustjavafsdb403\.m2\repository\com\fasterxml\jackson\module\jackson-module-parameter-names\2.9.6\jackson-module-parameter-names-2.9.6.jar;C:\Users\ustjavafsdb403\.m2\repository\com\fasterxml\jackson\core\jackson-core\2.9.6\jackson-core-2.9.6.jar;C:\Users\ustjavafsdb403\.m2\repository\com\fasterxml\jackson\core\jackson-databind\2.9.6\jackson-databind-2.9.6.jar;C:\Users\ustjavafsdb403\.m2\repository\com\fasterxml\jackson\datatype\jackson-datatype-jdk8\2.9.6\jackson-datatype-jdk8-2.9.6.jar;C:\Users\ustjavafsdb403\.m2\repository\com\fasterxml\jackson\datatype\jackson-datatype-jsr310\2.9.6\jackson-datatype-jsr310-2.9.6.jar;C:\Users\ustjavafsdb403\.m2\repository\com\fasterxml\jackson\core\jackson-annotations\2.9.0\jackson-annotations-2.9.0.jar;, java.vm.vendor=Eclipse Adoptium, sun.arch.data.model=64, user.variant=, java.vendor.url=https://adoptium.net/, user.timezone=GMT+05:30, java.vm.specification.version=17, os.name=Windows 10, sun.java.launcher=SUN_STANDARD, user.country=IN, sun.boot.library.path=C:\Users\ustjavafsdb403\.p2\pool\plugins\org.eclipse.justj.openjdk.hotspot.jre.full.win32.x86_64_17.0.5.v20221102-0933\jre\bin, sun.java.command=C:\Users\USTJAV~1\AppData\Local\Temp\surefire2126999072731693157\surefirebooter11800425145749619277.jar C:\Users\ustjavafsdb403\AppData\Local\Temp\surefire2126999072731693157 2023-01-04T17-44-36_170-jvmRun1 surefire11905101423022534022tmp surefire_07651124966663579816tmp, jdk.debug=release, surefire.test.class.path=E:\spring-transaction-management-master\target\test-classes;E:\spring-transaction-management-master\target\classes;C:\Users\ustjavafsdb403\.m2\repository\org\springframework\boot\spring-boot-starter-data-jpa\2.0.4.RELEASE\spring-boot-starter-data-jpa-2.0.4.RELEASE.jar;C:\Users\ustjavafsdb403\.m2\repository\org\springframework\boot\spring-boot-starter\2.0.4.RELEASE\spring-boot-starter-2.0.4.RELEASE.jar;C:\Users\ustjavafsdb403\.m2\repository\org\springframework\boot\spring-boot\2.0.4.RELEASE\spring-boot-2.0.4.RELEASE.jar;C:\Users\ustjavafsdb403\.m2\repository\org\springframework\boot\spring-boot-autoconfigure\2.0.4.RELEASE\spring-boot-autoconfigure-2.0.4.RELEASE.jar;C:\Users\ustjavafsdb403\.m2\repository\org\springframework\boot\spring-boot-starter-logging\2.0.4.RELEASE\spring-boot-starter-logging-2.0.4.RELEASE.jar;C:\Users\ustjavafsdb403\.m2\repository\ch\qos\logback\logback-classic\1.2.3\logback-classic-1.2.3.jar;C:\Users\ustjavafsdb403\.m2\repository\ch\qos\logback\logback-core\1.2.3\logback-core-1.2.3.jar;C:\Users\ustjavafsdb403\.m2\repository\org\apache\logging\log4j\log4j-to-slf4j\2.10.0\log4j-to-slf4j-2.10.0.jar;C:\Users\ustjavafsdb403\.m2\repository\org\apache\logging\log4j\log4j-api\2.10.0\log4j-api-2.10.0.jar;C:\Users\ustjavafsdb403\.m2\repository\org\slf4j\jul-to-slf4j\1.7.25\jul-to-slf4j-1.7.25.jar;C:\Users\ustjavafsdb403\.m2\repository\javax\annotation\javax.annotation-api\1.3.2\javax.annotation-api-1.3.2.jar;C:\Users\ustjavafsdb403\.m2\repository\org\yaml\snakeyaml\1.19\snakeyaml-1.19.jar;C:\Users\ustjavafsdb403\.m2\repository\org\springframework\boot\spring-boot-starter-aop\2.0.4.RELEASE\spring-boot-starter-aop-2.0.4.RELEASE.jar;C:\Users\ustjavafsdb403\.m2\repository\org\springframework\spring-aop\5.0.8.RELEASE\spring-aop-5.0.8.RELEASE.jar;C:\Users\ustjavafsdb403\.m2\repository\org\aspectj\aspectjweaver\1.8.13\aspectjweaver-1.8.13.jar;C:\Users\ustjavafsdb403\.m2\repository\org\springframework\boot\spring-boot-starter-jdbc\2.0.4.RELEASE\spring-boot-starter-jdbc-2.0.4.RELEASE.jar;C:\Users\ustjavafsdb403\.m2\repository\com\zaxxer\HikariCP\2.7.9\HikariCP-2.7.9.jar;C:\Users\ustjavafsdb403\.m2\repository\org\springframework\spring-jdbc\5.0.8.RELEASE\spring-jdbc-5.0.8.RELEASE.jar;C:\Users\ustjavafsdb403\.m2\repository\org\hibernate\hibernate-core\5.2.17.Final\hibernate-core-5.2.17.Final.jar;C:\Users\ustjavafsdb403\.m2\repository\org\jboss\logging\jboss-logging\3.3.2.Final\jboss-logging-3.3.2.Final.jar;C:\Users\ustjavafsdb403\.m2\repository\org\hibernate\javax\persistence\hibernate-jpa-2.1-api\1.0.2.Final\hibernate-jpa-2.1-api-1.0.2.Final.jar;C:\Users\ustjavafsdb403\.m2\repository\org\javassist\javassist\3.22.0-GA\javassist-3.22.0-GA.jar;C:\Users\ustjavafsdb403\.m2\repository\antlr\antlr\2.7.7\antlr-2.7.7.jar;C:\Users\ustjavafsdb403\.m2\repository\org\jboss\jandex\2.0.3.Final\jandex-2.0.3.Final.jar;C:\Users\ustjavafsdb403\.m2\repository\com\fasterxml\classmate\1.3.4\classmate-1.3.4.jar;C:\Users\ustjavafsdb403\.m2\repository\dom4j\dom4j\1.6.1\dom4j-1.6.1.jar;C:\Users\ustjavafsdb403\.m2\repository\org\hibernate\common\hibernate-commons-annotations\5.0.1.Final\hibernate-commons-annotations-5.0.1.Final.jar;C:\Users\ustjavafsdb403\.m2\repository\javax\transaction\javax.transaction-api\1.2\javax.transaction-api-1.2.jar;C:\Users\ustjavafsdb403\.m2\repository\org\springframework\data\spring-data-jpa\2.0.9.RELEASE\spring-data-jpa-2.0.9.RELEASE.jar;C:\Users\ustjavafsdb403\.m2\repository\org\springframework\data\spring-data-commons\2.0.9.RELEASE\spring-data-commons-2.0.9.RELEASE.jar;C:\Users\ustjavafsdb403\.m2\repository\org\springframework\spring-orm\5.0.8.RELEASE\spring-orm-5.0.8.RELEASE.jar;C:\Users\ustjavafsdb403\.m2\repository\org\springframework\spring-context\5.0.8.RELEASE\spring-context-5.0.8.RELEASE.jar;C:\Users\ustjavafsdb403\.m2\repository\org\springframework\spring-tx\5.0.8.RELEASE\spring-tx-5.0.8.RELEASE.jar;C:\Users\ustjavafsdb403\.m2\repository\org\springframework\spring-beans\5.0.8.RELEASE\spring-beans-5.0.8.RELEASE.jar;C:\Users\ustjavafsdb403\.m2\repository\org\slf4j\slf4j-api\1.7.25\slf4j-api-1.7.25.jar;C:\Users\ustjavafsdb403\.m2\repository\org\springframework\spring-aspects\5.0.8.RELEASE\spring-aspects-5.0.8.RELEASE.jar;C:\Users\ustjavafsdb403\.m2\repository\org\springframework\boot\spring-boot-starter-web\2.0.4.RELEASE\spring-boot-starter-web-2.0.4.RELEASE.jar;C:\Users\ustjavafsdb403\.m2\repository\org\springframework\boot\spring-boot-starter-json\2.0.4.RELEASE\spring-boot-starter-json-2.0.4.RELEASE.jar;C:\Users\ustjavafsdb403\.m2\repository\org\springframework\boot\spring-boot-starter-tomcat\2.0.4.RELEASE\spring-boot-starter-tomcat-2.0.4.RELEASE.jar;C:\Users\ustjavafsdb403\.m2\repository\org\apache\tomcat\embed\tomcat-embed-core\8.5.32\tomcat-embed-core-8.5.32.jar;C:\Users\ustjavafsdb403\.m2\repository\org\apache\tomcat\embed\tomcat-embed-el\8.5.32\tomcat-embed-el-8.5.32.jar;C:\Users\ustjavafsdb403\.m2\repository\org\apache\tomcat\embed\tomcat-embed-websocket\8.5.32\tomcat-embed-websocket-8.5.32.jar;C:\Users\ustjavafsdb403\.m2\repository\org\hibernate\validator\hibernate-validator\6.0.11.Final\hibernate-validator-6.0.11.Final.jar;C:\Users\ustjavafsdb403\.m2\repository\javax\validation\validation-api\2.0.1.Final\validation-api-2.0.1.Final.jar;C:\Users\ustjavafsdb403\.m2\repository\org\openjfx\javafx.base\11.0.0-SNAPSHOT\javafx.base-11.0.0-SNAPSHOT.jar;C:\Users\ustjavafsdb403\.m2\repository\org\openjfx\javafx.base\11.0.0-SNAPSHOT\javafx.base-11.0.0-SNAPSHOT-linux.jar;C:\Users\ustjavafsdb403\.m2\repository\org\openjfx\javafx.base\11.0.0-SNAPSHOT\javafx.base-11.0.0-SNAPSHOT-mac.jar;C:\Users\ustjavafsdb403\.m2\repository\org\openjfx\javafx.base\11.0.0-SNAPSHOT\javafx.base-11.0.0-SNAPSHOT-win.jar;C:\Users\ustjavafsdb403\.m2\repository\org\springframework\spring-web\5.0.8.RELEASE\spring-web-5.0.8.RELEASE.jar;C:\Users\ustjavafsdb403\.m2\repository\org\springframework\spring-webmvc\5.0.8.RELEASE\spring-webmvc-5.0.8.RELEASE.jar;C:\Users\ustjavafsdb403\.m2\repository\org\springframework\spring-expression\5.0.8.RELEASE\spring-expression-5.0.8.RELEASE.jar;C:\Users\ustjavafsdb403\.m2\repository\com\h2database\h2\1.4.197\h2-1.4.197.jar;C:\Users\ustjavafsdb403\.m2\repository\javax\xml\bind\jaxb-api\2.3.0\jaxb-api-2.3.0.jar;C:\Users\ustjavafsdb403\.m2\repository\org\springframework\boot\spring-boot-starter-test\2.0.4.RELEASE\spring-boot-starter-test-2.0.4.RELEASE.jar;C:\Users\ustjavafsdb403\.m2\repository\org\springframework\boot\spring-boot-test\2.0.4.RELEASE\spring-boot-test-2.0.4.RELEASE.jar;C:\Users\ustjavafsdb403\.m2\repository\org\springframework\boot\spring-boot-test-autoconfigure\2.0.4.RELEASE\spring-boot-test-autoconfigure-2.0.4.RELEASE.jar;C:\Users\ustjavafsdb403\.m2\repository\com\jayway\jsonpath\json-path\2.4.0\json-path-2.4.0.jar;C:\Users\ustjavafsdb403\.m2\repository\net\minidev\json-smart\2.3\json-smart-2.3.jar;C:\Users\ustjavafsdb403\.m2\repository\net\minidev\accessors-smart\1.2\accessors-smart-1.2.jar;C:\Users\ustjavafsdb403\.m2\repository\org\ow2\asm\asm\5.0.4\asm-5.0.4.jar;C:\Users\ustjavafsdb403\.m2\repository\junit\junit\4.12\junit-4.12.jar;C:\Users\ustjavafsdb403\.m2\repository\org\assertj\assertj-core\3.9.1\assertj-core-3.9.1.jar;C:\Users\ustjavafsdb403\.m2\repository\org\mockito\mockito-core\2.15.0\mockito-core-2.15.0.jar;C:\Users\ustjavafsdb403\.m2\repository\net\bytebuddy\byte-buddy\1.7.11\byte-buddy-1.7.11.jar;C:\Users\ustjavafsdb403\.m2\repository\net\bytebuddy\byte-buddy-agent\1.7.11\byte-buddy-agent-1.7.11.jar;C:\Users\ustjavafsdb403\.m2\repository\org\objenesis\objenesis\2.6\objenesis-2.6.jar;C:\Users\ustjavafsdb403\.m2\repository\org\hamcrest\hamcrest-core\1.3\hamcrest-core-1.3.jar;C:\Users\ustjavafsdb403\.m2\repository\org\hamcrest\hamcrest-library\1.3\hamcrest-library-1.3.jar;C:\Users\ustjavafsdb403\.m2\repository\org\skyscreamer\jsonassert\1.5.0\jsonassert-1.5.0.jar;C:\Users\ustjavafsdb403\.m2\repository\com\vaadin\external\google\android-json\0.0.20131108.vaadin1\android-json-0.0.20131108.vaadin1.jar;C:\Users\ustjavafsdb403\.m2\repository\org\springframework\spring-core\5.0.8.RELEASE\spring-core-5.0.8.RELEASE.jar;C:\Users\ustjavafsdb403\.m2\repository\org\springframework\spring-jcl\5.0.8.RELEASE\spring-jcl-5.0.8.RELEASE.jar;C:\Users\ustjavafsdb403\.m2\repository\org\springframework\spring-test\5.0.8.RELEASE\spring-test-5.0.8.RELEASE.jar;C:\Users\ustjavafsdb403\.m2\repository\org\xmlunit\xmlunit-core\2.5.1\xmlunit-core-2.5.1.jar;C:\Users\ustjavafsdb403\.m2\repository\com\fasterxml\jackson\module\jackson-module-parameter-names\2.9.6\jackson-module-parameter-names-2.9.6.jar;C:\Users\ustjavafsdb403\.m2\repository\com\fasterxml\jackson\core\jackson-core\2.9.6\jackson-core-2.9.6.jar;C:\Users\ustjavafsdb403\.m2\repository\com\fasterxml\jackson\core\jackson-databind\2.9.6\jackson-databind-2.9.6.jar;C:\Users\ustjavafsdb403\.m2\repository\com\fasterxml\jackson\datatype\jackson-datatype-jdk8\2.9.6\jackson-datatype-jdk8-2.9.6.jar;C:\Users\ustjavafsdb403\.m2\repository\com\fasterxml\jackson\datatype\jackson-datatype-jsr310\2.9.6\jackson-datatype-jsr310-2.9.6.jar;C:\Users\ustjavafsdb403\.m2\repository\com\fasterxml\jackson\core\jackson-annotations\2.9.0\jackson-annotations-2.9.0.jar;, sun.cpu.endian=little, user.home=C:\Users\ustjavafsdb403, user.language=en, java.specification.vendor=Oracle Corporation, java.version.date=2022-10-18, java.home=C:\Users\ustjavafsdb403\.p2\pool\plugins\org.eclipse.justj.openjdk.hotspot.jre.full.win32.x86_64_17.0.5.v20221102-0933\jre, file.separator=\, style.color=always, basedir=E:\spring-transaction-management-master, java.vm.compressedOopsMode=32-bit, line.separator=
, java.vm.specification.vendor=Oracle Corporation, java.specification.name=Java Platform API Specification, surefire.real.class.path=C:\Users\USTJAV~1\AppData\Local\Temp\surefire2126999072731693157\surefirebooter11800425145749619277.jar, user.script=, sun.management.compiler=HotSpot 64-Bit Tiered Compilers, java.runtime.version=17.0.5+8, user.name=ustjavafsdb403, path.separator=;, os.version=10.0, java.runtime.name=OpenJDK Runtime Environment, file.encoding=Cp1252, java.vm.name=OpenJDK 64-Bit Server VM, java.vendor.version=Temurin-17.0.5+8, localRepository=C:\Users\ustjavafsdb403\.m2\repository, java.vendor.url.bug=https://github.com/adoptium/adoptium-support/issues, java.io.tmpdir=C:\Users\USTJAV~1\AppData\Local\Temp\, java.version=17.0.5, user.dir=E:\spring-transaction-management-master, os.arch=amd64, java.vm.specification.name=Java Virtual Machine Specification, sun.os.patch.level=, native.encoding=Cp1252, java.library.path=C:\Users\ustjavafsdb403\.p2\pool\plugins\org.eclipse.justj.openjdk.hotspot.jre.full.win32.x86_64_17.0.5.v20221102-0933\jre\bin;C:\Windows\Sun\Java\bin;C:\Windows\system32;C:\Windows;C:/Users/ustjavafsdb403/.p2/pool/plugins/org.eclipse.justj.openjdk.hotspot.jre.full.win32.x86_64_17.0.5.v20221102-0933/jre/bin/server;C:/Users/ustjavafsdb403/.p2/pool/plugins/org.eclipse.justj.openjdk.hotspot.jre.full.win32.x86_64_17.0.5.v20221102-0933/jre/bin;C:\Program Files\Common Files\Oracle\Java\javapath;C:\Windows\system32;C:\Windows;C:\Windows\System32\Wbem;C:\Windows\System32\WindowsPowerShell\v1.0\;C:\Windows\System32\OpenSSH\;C:\Program Files\Java\jdk-11.0.15\bin;C:\Program Files (x86)\Citrix\HDX\bin\;C:\Program Files\Citrix\HDX\bin\;C:\Program Files\Git\cmd;C:\Program Files\Docker\Docker\resources\bin;C:\Program Files\MySQL\MySQL Shell 8.0\bin\;C:\Users\ustjavafsdb403\AppData\Local\Microsoft\WindowsApps;C:\ProgramData\ustjavafsdb403\GitHubDesktop\bin;C:\Windows\system32;;., java.vm.info=mixed mode, java.vendor=Eclipse Adoptium, java.vm.version=17.0.5+8, sun.io.unicode.encoding=UnicodeLittle, java.class.version=61.0}}, SystemEnvironmentPropertySource@230526532 {name='systemEnvironment', properties={PATH=C:/Users/ustjavafsdb403/.p2/pool/plugins/org.eclipse.justj.openjdk.hotspot.jre.full.win32.x86_64_17.0.5.v20221102-0933/jre/bin/server;C:/Users/ustjavafsdb403/.p2/pool/plugins/org.eclipse.justj.openjdk.hotspot.jre.full.win32.x86_64_17.0.5.v20221102-0933/jre/bin;C:\Program Files\Common Files\Oracle\Java\javapath;C:\Windows\system32;C:\Windows;C:\Windows\System32\Wbem;C:\Windows\System32\WindowsPowerShell\v1.0\;C:\Windows\System32\OpenSSH\;C:\Program Files\Java\jdk-11.0.15\bin;C:\Program Files (x86)\Citrix\HDX\bin\;C:\Program Files\Citrix\HDX\bin\;C:\Program Files\Git\cmd;C:\Program Files\Docker\Docker\resources\bin;C:\Program Files\MySQL\MySQL Shell 8.0\bin\;C:\Users\ustjavafsdb403\AppData\Local\Microsoft\WindowsApps;C:\ProgramData\ustjavafsdb403\GitHubDesktop\bin;C:\Windows\system32;, USERDOMAIN_ROAMINGPROFILE=IIHT, LOCALAPPDATA=C:\Users\ustjavafsdb403\AppData\Local, PROCESSOR_LEVEL=6, SYSTEMDRIVE=C:, COMMONPROGRAMFILES(X86)=C:\Program Files (x86)\Common Files, USERDOMAIN=IIHT, FPS_BROWSER_APP_PROFILE_STRING=Internet Explorer, LOGONSERVER=\\SDC, PROMPT=$P$G, SESSIONNAME=Console, ALLUSERSPROFILE=C:\ProgramData, PROGRAMFILES(X86)=C:\Program Files (x86), PROCESSOR_ARCHITECTURE=AMD64, DRIVERDATA=C:\Windows\System32\Drivers\DriverData, =E:=E:\spring-transaction-management-master, PROGRAMFILES=C:\Program Files, APPDATA=C:\Users\ustjavafsdb403\AppData\Roaming, PSMODULEPATH=C:\Program Files\WindowsPowerShell\Modules;C:\Windows\system32\WindowsPowerShell\v1.0\Modules;C:\Program Files\Citrix\Telemetry Service\, PROGRAMW6432=C:\Program Files, PROGRAMDATA=C:\ProgramData, SYSTEMROOT=C:\Windows, USERNAME=ustjavafsdb403, USERDNSDOMAIN=IIHT.TECH, FPS_BROWSER_USER_PROFILE_STRING=Default, ONEDRIVE=C:\Users\ustjavafsdb403\OneDrive, PATHEXT=.COM;.EXE;.BAT;.CMD;.VBS;.VBE;.JS;.JSE;.WSF;.WSH;.MSC, OS=Windows_NT, COMMONPROGRAMW6432=C:\Program Files\Common Files, COMPUTERNAME=USTFSD08, COMMONPROGRAMFILES=C:\Program Files\Common Files, COMSPEC=C:\Windows\system32\cmd.exe, PROCESSOR_REVISION=4f01, WINDIR=C:\Windows, HOMEPATH=\Users\ustjavafsdb403, TEMP=C:\Users\USTJAV~1\AppData\Local\Temp, HOMEDRIVE=C:, PROCESSOR_IDENTIFIER=Intel64 Family 6 Model 79 Stepping 1, GenuineIntel, USERPROFILE=C:\Users\ustjavafsdb403, TMP=C:\Users\USTJAV~1\AppData\Local\Temp, PUBLIC=C:\Users\Public, NUMBER_OF_PROCESSORS=4, =::=::\}}]
17:44:44.148 [main] DEBUG org.springframework.test.context.support.TestPropertySourceUtils - Adding inlined properties to environment: {spring.jmx.enabled=false, org.springframework.boot.test.context.SpringBootTestContextBootstrapper=true, server.port=-1}
17:44:44.148 [main] DEBUG org.springframework.core.env.StandardEnvironment - Adding PropertySource 'Inlined Test Properties' with highest search precedence
2023-01-04 17:44:46.189 DEBUG 3888 --- [           main] o.s.c.e.PropertySourcesPropertyResolver  : Could not find key 'logging.register-shutdown-hook' in any property source
2023-01-04 17:44:46.191 DEBUG 3888 --- [           main] .c.l.ClasspathLoggingApplicationListener : Application started with classpath: unknown
2023-01-04 17:44:46.191 DEBUG 3888 --- [           main] o.s.c.e.PropertySourcesPropertyResolver  : Could not find key 'context.listener.classes' in any property source
2023-01-04 17:44:46.197 DEBUG 3888 --- [           main] o.s.core.env.StandardEnvironment         : Adding PropertySource 'configurationProperties' with highest search precedence
2023-01-04 17:44:46.201 DEBUG 3888 --- [           main] o.s.c.e.PropertySourcesPropertyResolver  : Could not find key 'spring.beaninfo.ignore' in any property source
2023-01-04 17:44:46.254 DEBUG 3888 --- [           main] o.s.c.e.PropertySourcesPropertyResolver  : Could not find key 'spring.banner.image.location' in any property source
2023-01-04 17:44:46.258 DEBUG 3888 --- [           main] o.s.c.e.PropertySourcesPropertyResolver  : Could not find key 'spring.banner.location' in any property source

  .   ____          _            __ _ _
 /\\ / ___'_ __ _ _(_)_ __  __ _ \ \ \ \
( ( )\___ | '_ | '_| | '_ \/ _` | \ \ \ \
 \\/  ___)| |_)| | | | | || (_| |  ) ) ) )
  '  |____| .__|_| |_|_| |_\__, | / / / /
 =========|_|==============|___/=/_/_/_/
 :: Spring Boot ::        (v2.0.4.RELEASE)

2023-01-04 17:44:46.724 DEBUG 3888 --- [           main] o.s.w.c.s.StandardServletEnvironment     : Adding PropertySource 'servletConfigInitParams' with lowest search precedence
2023-01-04 17:44:46.725 DEBUG 3888 --- [           main] o.s.w.c.s.StandardServletEnvironment     : Adding PropertySource 'servletContextInitParams' with lowest search precedence
2023-01-04 17:44:46.799 DEBUG 3888 --- [           main] o.s.w.c.s.StandardServletEnvironment     : Adding PropertySource 'systemProperties' with lowest search precedence
2023-01-04 17:44:46.799 DEBUG 3888 --- [           main] o.s.w.c.s.StandardServletEnvironment     : Adding PropertySource 'systemEnvironment' with lowest search precedence
2023-01-04 17:44:46.800 DEBUG 3888 --- [           main] o.s.w.c.s.StandardServletEnvironment     : Initialized StandardServletEnvironment with PropertySources [StubPropertySource@1734184086 {name='servletConfigInitParams', properties=java.lang.Object@741b3bc3}, StubPropertySource@785625589 {name='servletContextInitParams', properties=java.lang.Object@63648ee9}, MapPropertySource@1758893871 {name='systemProperties', properties={java.specification.version=17, sun.cpu.isalist=amd64, sun.jnu.encoding=Cp1252, java.class.path=E:\spring-transaction-management-master\target\test-classes;E:\spring-transaction-management-master\target\classes;C:\Users\ustjavafsdb403\.m2\repository\org\springframework\boot\spring-boot-starter-data-jpa\2.0.4.RELEASE\spring-boot-starter-data-jpa-2.0.4.RELEASE.jar;C:\Users\ustjavafsdb403\.m2\repository\org\springframework\boot\spring-boot-starter\2.0.4.RELEASE\spring-boot-starter-2.0.4.RELEASE.jar;C:\Users\ustjavafsdb403\.m2\repository\org\springframework\boot\spring-boot\2.0.4.RELEASE\spring-boot-2.0.4.RELEASE.jar;C:\Users\ustjavafsdb403\.m2\repository\org\springframework\boot\spring-boot-autoconfigure\2.0.4.RELEASE\spring-boot-autoconfigure-2.0.4.RELEASE.jar;C:\Users\ustjavafsdb403\.m2\repository\org\springframework\boot\spring-boot-starter-logging\2.0.4.RELEASE\spring-boot-starter-logging-2.0.4.RELEASE.jar;C:\Users\ustjavafsdb403\.m2\repository\ch\qos\logback\logback-classic\1.2.3\logback-classic-1.2.3.jar;C:\Users\ustjavafsdb403\.m2\repository\ch\qos\logback\logback-core\1.2.3\logback-core-1.2.3.jar;C:\Users\ustjavafsdb403\.m2\repository\org\apache\logging\log4j\log4j-to-slf4j\2.10.0\log4j-to-slf4j-2.10.0.jar;C:\Users\ustjavafsdb403\.m2\repository\org\apache\logging\log4j\log4j-api\2.10.0\log4j-api-2.10.0.jar;C:\Users\ustjavafsdb403\.m2\repository\org\slf4j\jul-to-slf4j\1.7.25\jul-to-slf4j-1.7.25.jar;C:\Users\ustjavafsdb403\.m2\repository\javax\annotation\javax.annotation-api\1.3.2\javax.annotation-api-1.3.2.jar;C:\Users\ustjavafsdb403\.m2\repository\org\yaml\snakeyaml\1.19\snakeyaml-1.19.jar;C:\Users\ustjavafsdb403\.m2\repository\org\springframework\boot\spring-boot-starter-aop\2.0.4.RELEASE\spring-boot-starter-aop-2.0.4.RELEASE.jar;C:\Users\ustjavafsdb403\.m2\repository\org\springframework\spring-aop\5.0.8.RELEASE\spring-aop-5.0.8.RELEASE.jar;C:\Users\ustjavafsdb403\.m2\repository\org\aspectj\aspectjweaver\1.8.13\aspectjweaver-1.8.13.jar;C:\Users\ustjavafsdb403\.m2\repository\org\springframework\boot\spring-boot-starter-jdbc\2.0.4.RELEASE\spring-boot-starter-jdbc-2.0.4.RELEASE.jar;C:\Users\ustjavafsdb403\.m2\repository\com\zaxxer\HikariCP\2.7.9\HikariCP-2.7.9.jar;C:\Users\ustjavafsdb403\.m2\repository\org\springframework\spring-jdbc\5.0.8.RELEASE\spring-jdbc-5.0.8.RELEASE.jar;C:\Users\ustjavafsdb403\.m2\repository\org\hibernate\hibernate-core\5.2.17.Final\hibernate-core-5.2.17.Final.jar;C:\Users\ustjavafsdb403\.m2\repository\org\jboss\logging\jboss-logging\3.3.2.Final\jboss-logging-3.3.2.Final.jar;C:\Users\ustjavafsdb403\.m2\repository\org\hibernate\javax\persistence\hibernate-jpa-2.1-api\1.0.2.Final\hibernate-jpa-2.1-api-1.0.2.Final.jar;C:\Users\ustjavafsdb403\.m2\repository\org\javassist\javassist\3.22.0-GA\javassist-3.22.0-GA.jar;C:\Users\ustjavafsdb403\.m2\repository\antlr\antlr\2.7.7\antlr-2.7.7.jar;C:\Users\ustjavafsdb403\.m2\repository\org\jboss\jandex\2.0.3.Final\jandex-2.0.3.Final.jar;C:\Users\ustjavafsdb403\.m2\repository\com\fasterxml\classmate\1.3.4\classmate-1.3.4.jar;C:\Users\ustjavafsdb403\.m2\repository\dom4j\dom4j\1.6.1\dom4j-1.6.1.jar;C:\Users\ustjavafsdb403\.m2\repository\org\hibernate\common\hibernate-commons-annotations\5.0.1.Final\hibernate-commons-annotations-5.0.1.Final.jar;C:\Users\ustjavafsdb403\.m2\repository\javax\transaction\javax.transaction-api\1.2\javax.transaction-api-1.2.jar;C:\Users\ustjavafsdb403\.m2\repository\org\springframework\data\spring-data-jpa\2.0.9.RELEASE\spring-data-jpa-2.0.9.RELEASE.jar;C:\Users\ustjavafsdb403\.m2\repository\org\springframework\data\spring-data-commons\2.0.9.RELEASE\spring-data-commons-2.0.9.RELEASE.jar;C:\Users\ustjavafsdb403\.m2\repository\org\springframework\spring-orm\5.0.8.RELEASE\spring-orm-5.0.8.RELEASE.jar;C:\Users\ustjavafsdb403\.m2\repository\org\springframework\spring-context\5.0.8.RELEASE\spring-context-5.0.8.RELEASE.jar;C:\Users\ustjavafsdb403\.m2\repository\org\springframework\spring-tx\5.0.8.RELEASE\spring-tx-5.0.8.RELEASE.jar;C:\Users\ustjavafsdb403\.m2\repository\org\springframework\spring-beans\5.0.8.RELEASE\spring-beans-5.0.8.RELEASE.jar;C:\Users\ustjavafsdb403\.m2\repository\org\slf4j\slf4j-api\1.7.25\slf4j-api-1.7.25.jar;C:\Users\ustjavafsdb403\.m2\repository\org\springframework\spring-aspects\5.0.8.RELEASE\spring-aspects-5.0.8.RELEASE.jar;C:\Users\ustjavafsdb403\.m2\repository\org\springframework\boot\spring-boot-starter-web\2.0.4.RELEASE\spring-boot-starter-web-2.0.4.RELEASE.jar;C:\Users\ustjavafsdb403\.m2\repository\org\springframework\boot\spring-boot-starter-json\2.0.4.RELEASE\spring-boot-starter-json-2.0.4.RELEASE.jar;C:\Users\ustjavafsdb403\.m2\repository\org\springframework\boot\spring-boot-starter-tomcat\2.0.4.RELEASE\spring-boot-starter-tomcat-2.0.4.RELEASE.jar;C:\Users\ustjavafsdb403\.m2\repository\org\apache\tomcat\embed\tomcat-embed-core\8.5.32\tomcat-embed-core-8.5.32.jar;C:\Users\ustjavafsdb403\.m2\repository\org\apache\tomcat\embed\tomcat-embed-el\8.5.32\tomcat-embed-el-8.5.32.jar;C:\Users\ustjavafsdb403\.m2\repository\org\apache\tomcat\embed\tomcat-embed-websocket\8.5.32\tomcat-embed-websocket-8.5.32.jar;C:\Users\ustjavafsdb403\.m2\repository\org\hibernate\validator\hibernate-validator\6.0.11.Final\hibernate-validator-6.0.11.Final.jar;C:\Users\ustjavafsdb403\.m2\repository\javax\validation\validation-api\2.0.1.Final\validation-api-2.0.1.Final.jar;C:\Users\ustjavafsdb403\.m2\repository\org\openjfx\javafx.base\11.0.0-SNAPSHOT\javafx.base-11.0.0-SNAPSHOT.jar;C:\Users\ustjavafsdb403\.m2\repository\org\openjfx\javafx.base\11.0.0-SNAPSHOT\javafx.base-11.0.0-SNAPSHOT-linux.jar;C:\Users\ustjavafsdb403\.m2\repository\org\openjfx\javafx.base\11.0.0-SNAPSHOT\javafx.base-11.0.0-SNAPSHOT-mac.jar;C:\Users\ustjavafsdb403\.m2\repository\org\openjfx\javafx.base\11.0.0-SNAPSHOT\javafx.base-11.0.0-SNAPSHOT-win.jar;C:\Users\ustjavafsdb403\.m2\repository\org\springframework\spring-web\5.0.8.RELEASE\spring-web-5.0.8.RELEASE.jar;C:\Users\ustjavafsdb403\.m2\repository\org\springframework\spring-webmvc\5.0.8.RELEASE\spring-webmvc-5.0.8.RELEASE.jar;C:\Users\ustjavafsdb403\.m2\repository\org\springframework\spring-expression\5.0.8.RELEASE\spring-expression-5.0.8.RELEASE.jar;C:\Users\ustjavafsdb403\.m2\repository\com\h2database\h2\1.4.197\h2-1.4.197.jar;C:\Users\ustjavafsdb403\.m2\repository\javax\xml\bind\jaxb-api\2.3.0\jaxb-api-2.3.0.jar;C:\Users\ustjavafsdb403\.m2\repository\org\springframework\boot\spring-boot-starter-test\2.0.4.RELEASE\spring-boot-starter-test-2.0.4.RELEASE.jar;C:\Users\ustjavafsdb403\.m2\repository\org\springframework\boot\spring-boot-test\2.0.4.RELEASE\spring-boot-test-2.0.4.RELEASE.jar;C:\Users\ustjavafsdb403\.m2\repository\org\springframework\boot\spring-boot-test-autoconfigure\2.0.4.RELEASE\spring-boot-test-autoconfigure-2.0.4.RELEASE.jar;C:\Users\ustjavafsdb403\.m2\repository\com\jayway\jsonpath\json-path\2.4.0\json-path-2.4.0.jar;C:\Users\ustjavafsdb403\.m2\repository\net\minidev\json-smart\2.3\json-smart-2.3.jar;C:\Users\ustjavafsdb403\.m2\repository\net\minidev\accessors-smart\1.2\accessors-smart-1.2.jar;C:\Users\ustjavafsdb403\.m2\repository\org\ow2\asm\asm\5.0.4\asm-5.0.4.jar;C:\Users\ustjavafsdb403\.m2\repository\junit\junit\4.12\junit-4.12.jar;C:\Users\ustjavafsdb403\.m2\repository\org\assertj\assertj-core\3.9.1\assertj-core-3.9.1.jar;C:\Users\ustjavafsdb403\.m2\repository\org\mockito\mockito-core\2.15.0\mockito-core-2.15.0.jar;C:\Users\ustjavafsdb403\.m2\repository\net\bytebuddy\byte-buddy\1.7.11\byte-buddy-1.7.11.jar;C:\Users\ustjavafsdb403\.m2\repository\net\bytebuddy\byte-buddy-agent\1.7.11\byte-buddy-agent-1.7.11.jar;C:\Users\ustjavafsdb403\.m2\repository\org\objenesis\objenesis\2.6\objenesis-2.6.jar;C:\Users\ustjavafsdb403\.m2\repository\org\hamcrest\hamcrest-core\1.3\hamcrest-core-1.3.jar;C:\Users\ustjavafsdb403\.m2\repository\org\hamcrest\hamcrest-library\1.3\hamcrest-library-1.3.jar;C:\Users\ustjavafsdb403\.m2\repository\org\skyscreamer\jsonassert\1.5.0\jsonassert-1.5.0.jar;C:\Users\ustjavafsdb403\.m2\repository\com\vaadin\external\google\android-json\0.0.20131108.vaadin1\android-json-0.0.20131108.vaadin1.jar;C:\Users\ustjavafsdb403\.m2\repository\org\springframework\spring-core\5.0.8.RELEASE\spring-core-5.0.8.RELEASE.jar;C:\Users\ustjavafsdb403\.m2\repository\org\springframework\spring-jcl\5.0.8.RELEASE\spring-jcl-5.0.8.RELEASE.jar;C:\Users\ustjavafsdb403\.m2\repository\org\springframework\spring-test\5.0.8.RELEASE\spring-test-5.0.8.RELEASE.jar;C:\Users\ustjavafsdb403\.m2\repository\org\xmlunit\xmlunit-core\2.5.1\xmlunit-core-2.5.1.jar;C:\Users\ustjavafsdb403\.m2\repository\com\fasterxml\jackson\module\jackson-module-parameter-names\2.9.6\jackson-module-parameter-names-2.9.6.jar;C:\Users\ustjavafsdb403\.m2\repository\com\fasterxml\jackson\core\jackson-core\2.9.6\jackson-core-2.9.6.jar;C:\Users\ustjavafsdb403\.m2\repository\com\fasterxml\jackson\core\jackson-databind\2.9.6\jackson-databind-2.9.6.jar;C:\Users\ustjavafsdb403\.m2\repository\com\fasterxml\jackson\datatype\jackson-datatype-jdk8\2.9.6\jackson-datatype-jdk8-2.9.6.jar;C:\Users\ustjavafsdb403\.m2\repository\com\fasterxml\jackson\datatype\jackson-datatype-jsr310\2.9.6\jackson-datatype-jsr310-2.9.6.jar;C:\Users\ustjavafsdb403\.m2\repository\com\fasterxml\jackson\core\jackson-annotations\2.9.0\jackson-annotations-2.9.0.jar;, java.vm.vendor=Eclipse Adoptium, sun.arch.data.model=64, user.variant=, java.vendor.url=https://adoptium.net/, user.timezone=GMT+05:30, java.vm.specification.version=17, os.name=Windows 10, sun.java.launcher=SUN_STANDARD, user.country=IN, sun.boot.library.path=C:\Users\ustjavafsdb403\.p2\pool\plugins\org.eclipse.justj.openjdk.hotspot.jre.full.win32.x86_64_17.0.5.v20221102-0933\jre\bin, sun.java.command=C:\Users\USTJAV~1\AppData\Local\Temp\surefire2126999072731693157\surefirebooter11800425145749619277.jar C:\Users\ustjavafsdb403\AppData\Local\Temp\surefire2126999072731693157 2023-01-04T17-44-36_170-jvmRun1 surefire11905101423022534022tmp surefire_07651124966663579816tmp, jdk.debug=release, surefire.test.class.path=E:\spring-transaction-management-master\target\test-classes;E:\spring-transaction-management-master\target\classes;C:\Users\ustjavafsdb403\.m2\repository\org\springframework\boot\spring-boot-starter-data-jpa\2.0.4.RELEASE\spring-boot-starter-data-jpa-2.0.4.RELEASE.jar;C:\Users\ustjavafsdb403\.m2\repository\org\springframework\boot\spring-boot-starter\2.0.4.RELEASE\spring-boot-starter-2.0.4.RELEASE.jar;C:\Users\ustjavafsdb403\.m2\repository\org\springframework\boot\spring-boot\2.0.4.RELEASE\spring-boot-2.0.4.RELEASE.jar;C:\Users\ustjavafsdb403\.m2\repository\org\springframework\boot\spring-boot-autoconfigure\2.0.4.RELEASE\spring-boot-autoconfigure-2.0.4.RELEASE.jar;C:\Users\ustjavafsdb403\.m2\repository\org\springframework\boot\spring-boot-starter-logging\2.0.4.RELEASE\spring-boot-starter-logging-2.0.4.RELEASE.jar;C:\Users\ustjavafsdb403\.m2\repository\ch\qos\logback\logback-classic\1.2.3\logback-classic-1.2.3.jar;C:\Users\ustjavafsdb403\.m2\repository\ch\qos\logback\logback-core\1.2.3\logback-core-1.2.3.jar;C:\Users\ustjavafsdb403\.m2\repository\org\apache\logging\log4j\log4j-to-slf4j\2.10.0\log4j-to-slf4j-2.10.0.jar;C:\Users\ustjavafsdb403\.m2\repository\org\apache\logging\log4j\log4j-api\2.10.0\log4j-api-2.10.0.jar;C:\Users\ustjavafsdb403\.m2\repository\org\slf4j\jul-to-slf4j\1.7.25\jul-to-slf4j-1.7.25.jar;C:\Users\ustjavafsdb403\.m2\repository\javax\annotation\javax.annotation-api\1.3.2\javax.annotation-api-1.3.2.jar;C:\Users\ustjavafsdb403\.m2\repository\org\yaml\snakeyaml\1.19\snakeyaml-1.19.jar;C:\Users\ustjavafsdb403\.m2\repository\org\springframework\boot\spring-boot-starter-aop\2.0.4.RELEASE\spring-boot-starter-aop-2.0.4.RELEASE.jar;C:\Users\ustjavafsdb403\.m2\repository\org\springframework\spring-aop\5.0.8.RELEASE\spring-aop-5.0.8.RELEASE.jar;C:\Users\ustjavafsdb403\.m2\repository\org\aspectj\aspectjweaver\1.8.13\aspectjweaver-1.8.13.jar;C:\Users\ustjavafsdb403\.m2\repository\org\springframework\boot\spring-boot-starter-jdbc\2.0.4.RELEASE\spring-boot-starter-jdbc-2.0.4.RELEASE.jar;C:\Users\ustjavafsdb403\.m2\repository\com\zaxxer\HikariCP\2.7.9\HikariCP-2.7.9.jar;C:\Users\ustjavafsdb403\.m2\repository\org\springframework\spring-jdbc\5.0.8.RELEASE\spring-jdbc-5.0.8.RELEASE.jar;C:\Users\ustjavafsdb403\.m2\repository\org\hibernate\hibernate-core\5.2.17.Final\hibernate-core-5.2.17.Final.jar;C:\Users\ustjavafsdb403\.m2\repository\org\jboss\logging\jboss-logging\3.3.2.Final\jboss-logging-3.3.2.Final.jar;C:\Users\ustjavafsdb403\.m2\repository\org\hibernate\javax\persistence\hibernate-jpa-2.1-api\1.0.2.Final\hibernate-jpa-2.1-api-1.0.2.Final.jar;C:\Users\ustjavafsdb403\.m2\repository\org\javassist\javassist\3.22.0-GA\javassist-3.22.0-GA.jar;C:\Users\ustjavafsdb403\.m2\repository\antlr\antlr\2.7.7\antlr-2.7.7.jar;C:\Users\ustjavafsdb403\.m2\repository\org\jboss\jandex\2.0.3.Final\jandex-2.0.3.Final.jar;C:\Users\ustjavafsdb403\.m2\repository\com\fasterxml\classmate\1.3.4\classmate-1.3.4.jar;C:\Users\ustjavafsdb403\.m2\repository\dom4j\dom4j\1.6.1\dom4j-1.6.1.jar;C:\Users\ustjavafsdb403\.m2\repository\org\hibernate\common\hibernate-commons-annotations\5.0.1.Final\hibernate-commons-annotations-5.0.1.Final.jar;C:\Users\ustjavafsdb403\.m2\repository\javax\transaction\javax.transaction-api\1.2\javax.transaction-api-1.2.jar;C:\Users\ustjavafsdb403\.m2\repository\org\springframework\data\spring-data-jpa\2.0.9.RELEASE\spring-data-jpa-2.0.9.RELEASE.jar;C:\Users\ustjavafsdb403\.m2\repository\org\springframework\data\spring-data-commons\2.0.9.RELEASE\spring-data-commons-2.0.9.RELEASE.jar;C:\Users\ustjavafsdb403\.m2\repository\org\springframework\spring-orm\5.0.8.RELEASE\spring-orm-5.0.8.RELEASE.jar;C:\Users\ustjavafsdb403\.m2\repository\org\springframework\spring-context\5.0.8.RELEASE\spring-context-5.0.8.RELEASE.jar;C:\Users\ustjavafsdb403\.m2\repository\org\springframework\spring-tx\5.0.8.RELEASE\spring-tx-5.0.8.RELEASE.jar;C:\Users\ustjavafsdb403\.m2\repository\org\springframework\spring-beans\5.0.8.RELEASE\spring-beans-5.0.8.RELEASE.jar;C:\Users\ustjavafsdb403\.m2\repository\org\slf4j\slf4j-api\1.7.25\slf4j-api-1.7.25.jar;C:\Users\ustjavafsdb403\.m2\repository\org\springframework\spring-aspects\5.0.8.RELEASE\spring-aspects-5.0.8.RELEASE.jar;C:\Users\ustjavafsdb403\.m2\repository\org\springframework\boot\spring-boot-starter-web\2.0.4.RELEASE\spring-boot-starter-web-2.0.4.RELEASE.jar;C:\Users\ustjavafsdb403\.m2\repository\org\springframework\boot\spring-boot-starter-json\2.0.4.RELEASE\spring-boot-starter-json-2.0.4.RELEASE.jar;C:\Users\ustjavafsdb403\.m2\repository\org\springframework\boot\spring-boot-starter-tomcat\2.0.4.RELEASE\spring-boot-starter-tomcat-2.0.4.RELEASE.jar;C:\Users\ustjavafsdb403\.m2\repository\org\apache\tomcat\embed\tomcat-embed-core\8.5.32\tomcat-embed-core-8.5.32.jar;C:\Users\ustjavafsdb403\.m2\repository\org\apache\tomcat\embed\tomcat-embed-el\8.5.32\tomcat-embed-el-8.5.32.jar;C:\Users\ustjavafsdb403\.m2\repository\org\apache\tomcat\embed\tomcat-embed-websocket\8.5.32\tomcat-embed-websocket-8.5.32.jar;C:\Users\ustjavafsdb403\.m2\repository\org\hibernate\validator\hibernate-validator\6.0.11.Final\hibernate-validator-6.0.11.Final.jar;C:\Users\ustjavafsdb403\.m2\repository\javax\validation\validation-api\2.0.1.Final\validation-api-2.0.1.Final.jar;C:\Users\ustjavafsdb403\.m2\repository\org\openjfx\javafx.base\11.0.0-SNAPSHOT\javafx.base-11.0.0-SNAPSHOT.jar;C:\Users\ustjavafsdb403\.m2\repository\org\openjfx\javafx.base\11.0.0-SNAPSHOT\javafx.base-11.0.0-SNAPSHOT-linux.jar;C:\Users\ustjavafsdb403\.m2\repository\org\openjfx\javafx.base\11.0.0-SNAPSHOT\javafx.base-11.0.0-SNAPSHOT-mac.jar;C:\Users\ustjavafsdb403\.m2\repository\org\openjfx\javafx.base\11.0.0-SNAPSHOT\javafx.base-11.0.0-SNAPSHOT-win.jar;C:\Users\ustjavafsdb403\.m2\repository\org\springframework\spring-web\5.0.8.RELEASE\spring-web-5.0.8.RELEASE.jar;C:\Users\ustjavafsdb403\.m2\repository\org\springframework\spring-webmvc\5.0.8.RELEASE\spring-webmvc-5.0.8.RELEASE.jar;C:\Users\ustjavafsdb403\.m2\repository\org\springframework\spring-expression\5.0.8.RELEASE\spring-expression-5.0.8.RELEASE.jar;C:\Users\ustjavafsdb403\.m2\repository\com\h2database\h2\1.4.197\h2-1.4.197.jar;C:\Users\ustjavafsdb403\.m2\repository\javax\xml\bind\jaxb-api\2.3.0\jaxb-api-2.3.0.jar;C:\Users\ustjavafsdb403\.m2\repository\org\springframework\boot\spring-boot-starter-test\2.0.4.RELEASE\spring-boot-starter-test-2.0.4.RELEASE.jar;C:\Users\ustjavafsdb403\.m2\repository\org\springframework\boot\spring-boot-test\2.0.4.RELEASE\spring-boot-test-2.0.4.RELEASE.jar;C:\Users\ustjavafsdb403\.m2\repository\org\springframework\boot\spring-boot-test-autoconfigure\2.0.4.RELEASE\spring-boot-test-autoconfigure-2.0.4.RELEASE.jar;C:\Users\ustjavafsdb403\.m2\repository\com\jayway\jsonpath\json-path\2.4.0\json-path-2.4.0.jar;C:\Users\ustjavafsdb403\.m2\repository\net\minidev\json-smart\2.3\json-smart-2.3.jar;C:\Users\ustjavafsdb403\.m2\repository\net\minidev\accessors-smart\1.2\accessors-smart-1.2.jar;C:\Users\ustjavafsdb403\.m2\repository\org\ow2\asm\asm\5.0.4\asm-5.0.4.jar;C:\Users\ustjavafsdb403\.m2\repository\junit\junit\4.12\junit-4.12.jar;C:\Users\ustjavafsdb403\.m2\repository\org\assertj\assertj-core\3.9.1\assertj-core-3.9.1.jar;C:\Users\ustjavafsdb403\.m2\repository\org\mockito\mockito-core\2.15.0\mockito-core-2.15.0.jar;C:\Users\ustjavafsdb403\.m2\repository\net\bytebuddy\byte-buddy\1.7.11\byte-buddy-1.7.11.jar;C:\Users\ustjavafsdb403\.m2\repository\net\bytebuddy\byte-buddy-agent\1.7.11\byte-buddy-agent-1.7.11.jar;C:\Users\ustjavafsdb403\.m2\repository\org\objenesis\objenesis\2.6\objenesis-2.6.jar;C:\Users\ustjavafsdb403\.m2\repository\org\hamcrest\hamcrest-core\1.3\hamcrest-core-1.3.jar;C:\Users\ustjavafsdb403\.m2\repository\org\hamcrest\hamcrest-library\1.3\hamcrest-library-1.3.jar;C:\Users\ustjavafsdb403\.m2\repository\org\skyscreamer\jsonassert\1.5.0\jsonassert-1.5.0.jar;C:\Users\ustjavafsdb403\.m2\repository\com\vaadin\external\google\android-json\0.0.20131108.vaadin1\android-json-0.0.20131108.vaadin1.jar;C:\Users\ustjavafsdb403\.m2\repository\org\springframework\spring-core\5.0.8.RELEASE\spring-core-5.0.8.RELEASE.jar;C:\Users\ustjavafsdb403\.m2\repository\org\springframework\spring-jcl\5.0.8.RELEASE\spring-jcl-5.0.8.RELEASE.jar;C:\Users\ustjavafsdb403\.m2\repository\org\springframework\spring-test\5.0.8.RELEASE\spring-test-5.0.8.RELEASE.jar;C:\Users\ustjavafsdb403\.m2\repository\org\xmlunit\xmlunit-core\2.5.1\xmlunit-core-2.5.1.jar;C:\Users\ustjavafsdb403\.m2\repository\com\fasterxml\jackson\module\jackson-module-parameter-names\2.9.6\jackson-module-parameter-names-2.9.6.jar;C:\Users\ustjavafsdb403\.m2\repository\com\fasterxml\jackson\core\jackson-core\2.9.6\jackson-core-2.9.6.jar;C:\Users\ustjavafsdb403\.m2\repository\com\fasterxml\jackson\core\jackson-databind\2.9.6\jackson-databind-2.9.6.jar;C:\Users\ustjavafsdb403\.m2\repository\com\fasterxml\jackson\datatype\jackson-datatype-jdk8\2.9.6\jackson-datatype-jdk8-2.9.6.jar;C:\Users\ustjavafsdb403\.m2\repository\com\fasterxml\jackson\datatype\jackson-datatype-jsr310\2.9.6\jackson-datatype-jsr310-2.9.6.jar;C:\Users\ustjavafsdb403\.m2\repository\com\fasterxml\jackson\core\jackson-annotations\2.9.0\jackson-annotations-2.9.0.jar;, sun.cpu.endian=little, user.home=C:\Users\ustjavafsdb403, user.language=en, java.specification.vendor=Oracle Corporation, java.version.date=2022-10-18, java.home=C:\Users\ustjavafsdb403\.p2\pool\plugins\org.eclipse.justj.openjdk.hotspot.jre.full.win32.x86_64_17.0.5.v20221102-0933\jre, file.separator=\, style.color=always, basedir=E:\spring-transaction-management-master, java.vm.compressedOopsMode=32-bit, line.separator=
, java.vm.specification.vendor=Oracle Corporation, java.specification.name=Java Platform API Specification, java.awt.headless=true, surefire.real.class.path=C:\Users\USTJAV~1\AppData\Local\Temp\surefire2126999072731693157\surefirebooter11800425145749619277.jar, user.script=, sun.management.compiler=HotSpot 64-Bit Tiered Compilers, java.runtime.version=17.0.5+8, user.name=ustjavafsdb403, path.separator=;, os.version=10.0, java.runtime.name=OpenJDK Runtime Environment, file.encoding=Cp1252, spring.beaninfo.ignore=true, java.vm.name=OpenJDK 64-Bit Server VM, java.vendor.version=Temurin-17.0.5+8, localRepository=C:\Users\ustjavafsdb403\.m2\repository, java.vendor.url.bug=https://github.com/adoptium/adoptium-support/issues, java.io.tmpdir=C:\Users\USTJAV~1\AppData\Local\Temp\, java.version=17.0.5, user.dir=E:\spring-transaction-management-master, os.arch=amd64, java.vm.specification.name=Java Virtual Machine Specification, PID=3888, sun.os.patch.level=, native.encoding=Cp1252, java.library.path=C:\Users\ustjavafsdb403\.p2\pool\plugins\org.eclipse.justj.openjdk.hotspot.jre.full.win32.x86_64_17.0.5.v20221102-0933\jre\bin;C:\Windows\Sun\Java\bin;C:\Windows\system32;C:\Windows;C:/Users/ustjavafsdb403/.p2/pool/plugins/org.eclipse.justj.openjdk.hotspot.jre.full.win32.x86_64_17.0.5.v20221102-0933/jre/bin/server;C:/Users/ustjavafsdb403/.p2/pool/plugins/org.eclipse.justj.openjdk.hotspot.jre.full.win32.x86_64_17.0.5.v20221102-0933/jre/bin;C:\Program Files\Common Files\Oracle\Java\javapath;C:\Windows\system32;C:\Windows;C:\Windows\System32\Wbem;C:\Windows\System32\WindowsPowerShell\v1.0\;C:\Windows\System32\OpenSSH\;C:\Program Files\Java\jdk-11.0.15\bin;C:\Program Files (x86)\Citrix\HDX\bin\;C:\Program Files\Citrix\HDX\bin\;C:\Program Files\Git\cmd;C:\Program Files\Docker\Docker\resources\bin;C:\Program Files\MySQL\MySQL Shell 8.0\bin\;C:\Users\ustjavafsdb403\AppData\Local\Microsoft\WindowsApps;C:\ProgramData\ustjavafsdb403\GitHubDesktop\bin;C:\Windows\system32;;., java.vm.info=mixed mode, java.vendor=Eclipse Adoptium, java.vm.version=17.0.5+8, sun.io.unicode.encoding=UnicodeLittle, java.class.version=61.0}}, SystemEnvironmentPropertySource@1170111701 {name='systemEnvironment', properties={PATH=C:/Users/ustjavafsdb403/.p2/pool/plugins/org.eclipse.justj.openjdk.hotspot.jre.full.win32.x86_64_17.0.5.v20221102-0933/jre/bin/server;C:/Users/ustjavafsdb403/.p2/pool/plugins/org.eclipse.justj.openjdk.hotspot.jre.full.win32.x86_64_17.0.5.v20221102-0933/jre/bin;C:\Program Files\Common Files\Oracle\Java\javapath;C:\Windows\system32;C:\Windows;C:\Windows\System32\Wbem;C:\Windows\System32\WindowsPowerShell\v1.0\;C:\Windows\System32\OpenSSH\;C:\Program Files\Java\jdk-11.0.15\bin;C:\Program Files (x86)\Citrix\HDX\bin\;C:\Program Files\Citrix\HDX\bin\;C:\Program Files\Git\cmd;C:\Program Files\Docker\Docker\resources\bin;C:\Program Files\MySQL\MySQL Shell 8.0\bin\;C:\Users\ustjavafsdb403\AppData\Local\Microsoft\WindowsApps;C:\ProgramData\ustjavafsdb403\GitHubDesktop\bin;C:\Windows\system32;, USERDOMAIN_ROAMINGPROFILE=IIHT, LOCALAPPDATA=C:\Users\ustjavafsdb403\AppData\Local, PROCESSOR_LEVEL=6, SYSTEMDRIVE=C:, COMMONPROGRAMFILES(X86)=C:\Program Files (x86)\Common Files, USERDOMAIN=IIHT, FPS_BROWSER_APP_PROFILE_STRING=Internet Explorer, LOGONSERVER=\\SDC, PROMPT=$P$G, SESSIONNAME=Console, ALLUSERSPROFILE=C:\ProgramData, PROGRAMFILES(X86)=C:\Program Files (x86), PROCESSOR_ARCHITECTURE=AMD64, DRIVERDATA=C:\Windows\System32\Drivers\DriverData, =E:=E:\spring-transaction-management-master, PROGRAMFILES=C:\Program Files, APPDATA=C:\Users\ustjavafsdb403\AppData\Roaming, PSMODULEPATH=C:\Program Files\WindowsPowerShell\Modules;C:\Windows\system32\WindowsPowerShell\v1.0\Modules;C:\Program Files\Citrix\Telemetry Service\, PROGRAMW6432=C:\Program Files, PROGRAMDATA=C:\ProgramData, SYSTEMROOT=C:\Windows, USERNAME=ustjavafsdb403, USERDNSDOMAIN=IIHT.TECH, FPS_BROWSER_USER_PROFILE_STRING=Default, ONEDRIVE=C:\Users\ustjavafsdb403\OneDrive, PATHEXT=.COM;.EXE;.BAT;.CMD;.VBS;.VBE;.JS;.JSE;.WSF;.WSH;.MSC, OS=Windows_NT, COMMONPROGRAMW6432=C:\Program Files\Common Files, COMPUTERNAME=USTFSD08, COMMONPROGRAMFILES=C:\Program Files\Common Files, COMSPEC=C:\Windows\system32\cmd.exe, PROCESSOR_REVISION=4f01, WINDIR=C:\Windows, HOMEPATH=\Users\ustjavafsdb403, TEMP=C:\Users\USTJAV~1\AppData\Local\Temp, HOMEDRIVE=C:, PROCESSOR_IDENTIFIER=Intel64 Family 6 Model 79 Stepping 1, GenuineIntel, USERPROFILE=C:\Users\ustjavafsdb403, TMP=C:\Users\USTJAV~1\AppData\Local\Temp, PUBLIC=C:\Users\Public, NUMBER_OF_PROCESSORS=4, =::=::\}}]
2023-01-04 17:44:46.811 DEBUG 3888 --- [           main] o.s.c.e.PropertySourcesPropertyResolver  : Could not find key 'context.initializer.classes' in any property source
2023-01-04 17:44:46.812 DEBUG 3888 --- [           main] o.s.c.e.PropertySourcesPropertyResolver  : Could not find key 'spring.application.name' in any property source
2023-01-04 17:44:46.969 DEBUG 3888 --- [           main] o.s.core.env.StandardEnvironment         : Adding PropertySource 'Annotations' with highest search precedence
2023-01-04 17:44:47.014 DEBUG 3888 --- [           main] o.s.b.f.s.DefaultListableBeanFactory     : Returning cached instance of singleton bean 'autoConfigurationReport'
2023-01-04 17:44:47.057  INFO 3888 --- [           main] c.a.d.controller.RESTAPIControllerTest   : Starting RESTAPIControllerTest on ustfsd08 with PID 3888 (started by ustjavafsdb403 in E:\spring-transaction-management-master)
2023-01-04 17:44:47.058 DEBUG 3888 --- [           main] c.a.d.controller.RESTAPIControllerTest   : Running with Spring Boot v2.0.4.RELEASE, Spring v5.0.8.RELEASE
2023-01-04 17:44:47.112 DEBUG 3888 --- [           main] o.s.c.e.PropertySourcesPropertyResolver  : Could not find key 'spring.profiles.active' in any property source
2023-01-04 17:44:47.113 DEBUG 3888 --- [           main] o.s.c.e.PropertySourcesPropertyResolver  : Could not find key 'spring.profiles.default' in any property source
2023-01-04 17:44:47.113  INFO 3888 --- [           main] c.a.d.controller.RESTAPIControllerTest   : No active profile set, falling back to default profiles: default
2023-01-04 17:44:47.113 DEBUG 3888 --- [           main] o.s.boot.SpringApplication               : Loading source class com.affani.datatranx.DatatranxApplication
2023-01-04 17:44:47.190 DEBUG 3888 --- [           main] o.s.c.a.ClassPathBeanDefinitionScanner   : JSR-250 'javax.annotation.ManagedBean' found and supported for component scanning
2023-01-04 17:44:47.286 DEBUG 3888 --- [           main] o.s.b.c.c.ConfigFileApplicationListener  : Loaded config file 'file:/E:/spring-transaction-management-master/target/classes/application.properties' (classpath:/application.properties)
2023-01-04 17:44:47.318  INFO 3888 --- [           main] o.s.w.c.s.GenericWebApplicationContext   : Refreshing org.springframework.web.context.support.GenericWebApplicationContext@76f7d241: startup date [Wed Jan 04 17:44:47 GMT+05:30 2023]; root of context hierarchy
2023-01-04 17:44:47.319 DEBUG 3888 --- [           main] o.s.w.c.s.GenericWebApplicationContext   : Bean factory for org.springframework.web.context.support.GenericWebApplicationContext@76f7d241: org.springframework.beans.factory.support.DefaultListableBeanFactory@cdc3aae: defining beans [org.springframework.context.annotation.internalConfigurationAnnotationProcessor,org.springframework.context.annotation.internalAutowiredAnnotationProcessor,org.springframework.context.annotation.internalRequiredAnnotationProcessor,org.springframework.context.annotation.internalCommonAnnotationProcessor,org.springframework.context.annotation.internalPersistenceAnnotationProcessor,org.springframework.context.event.internalEventListenerProcessor,org.springframework.context.event.internalEventListenerFactory,org.springframework.boot.test.context.ImportsContextCustomizer$ImportsCleanupPostProcessor,org.springframework.boot.test.context.ImportsContextCustomizer$ImportsConfiguration,org.springframework.boot.test.mock.mockito.MockitoPostProcessor$SpyPostProcessor,org.springframework.boot.test.mock.mockito.MockitoPostProcessor,datatranxApplication]; root of factory hierarchy
2023-01-04 17:44:47.721 DEBUG 3888 --- [           main] o.s.b.f.s.DefaultListableBeanFactory     : Registering scope 'request' with implementation [org.springframework.web.context.request.RequestScope@44a2b17b]
2023-01-04 17:44:47.722 DEBUG 3888 --- [           main] o.s.b.f.s.DefaultListableBeanFactory     : Registering scope 'session' with implementation [org.springframework.web.context.request.SessionScope@2f4854d6]
2023-01-04 17:44:47.723 DEBUG 3888 --- [           main] o.s.b.f.s.DefaultListableBeanFactory     : Registering scope 'application' with implementation [org.springframework.web.context.support.ServletContextScope@43ed0ff3]
2023-01-04 17:44:47.766 DEBUG 3888 --- [           main] o.s.b.f.s.DefaultListableBeanFactory     : Creating shared instance of singleton bean 'org.springframework.context.annotation.internalConfigurationAnnotationProcessor'
2023-01-04 17:44:47.766 DEBUG 3888 --- [           main] o.s.b.f.s.DefaultListableBeanFactory     : Creating instance of bean 'org.springframework.context.annotation.internalConfigurationAnnotationProcessor'
2023-01-04 17:44:47.775 DEBUG 3888 --- [           main] o.s.b.f.s.DefaultListableBeanFactory     : Eagerly caching bean 'org.springframework.context.annotation.internalConfigurationAnnotationProcessor' to allow for resolving potential circular references
2023-01-04 17:44:47.960 DEBUG 3888 --- [           main] o.s.b.f.s.DefaultListableBeanFactory     : Creating shared instance of singleton bean 'org.springframework.boot.autoconfigure.internalCachingMetadataReaderFactory'
2023-01-04 17:44:47.961 DEBUG 3888 --- [           main] o.s.b.f.s.DefaultListableBeanFactory     : Creating instance of bean 'org.springframework.boot.autoconfigure.internalCachingMetadataReaderFactory'
2023-01-04 17:44:47.961 DEBUG 3888 --- [           main] o.s.b.f.s.DefaultListableBeanFactory     : Eagerly caching bean 'org.springframework.boot.autoconfigure.internalCachingMetadataReaderFactory' to allow for resolving potential circular references
2023-01-04 17:44:47.976 DEBUG 3888 --- [           main] o.s.b.f.s.DefaultListableBeanFactory     : Finished creating instance of bean 'org.springframework.boot.autoconfigure.internalCachingMetadataReaderFactory'
2023-01-04 17:44:48.168 DEBUG 3888 --- [           main] o.s.b.f.s.DefaultListableBeanFactory     : Finished creating instance of bean 'org.springframework.context.annotation.internalConfigurationAnnotationProcessor'
2023-01-04 17:44:48.415 DEBUG 3888 --- [           main] o.s.c.a.ClassPathBeanDefinitionScanner   : JSR-250 'javax.annotation.ManagedBean' found and supported for component scanning
2023-01-04 17:44:48.433 DEBUG 3888 --- [           main] .i.s.PathMatchingResourcePatternResolver : Resolved classpath location [com/affani/datatranx/] to resources [URL [file:/E:/spring-transaction-management-master/target/test-classes/com/affani/datatranx/], URL [file:/E:/spring-transaction-management-master/target/classes/com/affani/datatranx/]]
2023-01-04 17:44:48.434 DEBUG 3888 --- [           main] .i.s.PathMatchingResourcePatternResolver : Looking for matching resources in directory tree [E:\spring-transaction-management-master\target\test-classes\com\affani\datatranx]
2023-01-04 17:44:48.435 DEBUG 3888 --- [           main] .i.s.PathMatchingResourcePatternResolver : Searching directory [E:\spring-transaction-management-master\target\test-classes\com\affani\datatranx] for files matching pattern [E:/spring-transaction-management-master/target/test-classes/com/affani/datatranx/**/*.class]
2023-01-04 17:44:48.436 DEBUG 3888 --- [           main] .i.s.PathMatchingResourcePatternResolver : Searching directory [E:\spring-transaction-management-master\target\test-classes\com\affani\datatranx\controller] for files matching pattern [E:/spring-transaction-management-master/target/test-classes/com/affani/datatranx/**/*.class]
2023-01-04 17:44:48.438 DEBUG 3888 --- [           main] .i.s.PathMatchingResourcePatternResolver : Looking for matching resources in directory tree [E:\spring-transaction-management-master\target\classes\com\affani\datatranx]
2023-01-04 17:44:48.438 DEBUG 3888 --- [           main] .i.s.PathMatchingResourcePatternResolver : Searching directory [E:\spring-transaction-management-master\target\classes\com\affani\datatranx] for files matching pattern [E:/spring-transaction-management-master/target/classes/com/affani/datatranx/**/*.class]
2023-01-04 17:44:48.439 DEBUG 3888 --- [           main] .i.s.PathMatchingResourcePatternResolver : Searching directory [E:\spring-transaction-management-master\target\classes\com\affani\datatranx\config] for files matching pattern [E:/spring-transaction-management-master/target/classes/com/affani/datatranx/**/*.class]
2023-01-04 17:44:48.442 DEBUG 3888 --- [           main] .i.s.PathMatchingResourcePatternResolver : Searching directory [E:\spring-transaction-management-master\target\classes\com\affani\datatranx\controller] for files matching pattern [E:/spring-transaction-management-master/target/classes/com/affani/datatranx/**/*.class]
2023-01-04 17:44:48.443 DEBUG 3888 --- [           main] .i.s.PathMatchingResourcePatternResolver : Searching directory [E:\spring-transaction-management-master\target\classes\com\affani\datatranx\dao] for files matching pattern [E:/spring-transaction-management-master/target/classes/com/affani/datatranx/**/*.class]
2023-01-04 17:44:48.444 DEBUG 3888 --- [           main] .i.s.PathMatchingResourcePatternResolver : Searching directory [E:\spring-transaction-management-master\target\classes\com\affani\datatranx\model] for files matching pattern [E:/spring-transaction-management-master/target/classes/com/affani/datatranx/**/*.class]
2023-01-04 17:44:48.444 DEBUG 3888 --- [           main] .i.s.PathMatchingResourcePatternResolver : Searching directory [E:\spring-transaction-management-master\target\classes\com\affani\datatranx\rest] for files matching pattern [E:/spring-transaction-management-master/target/classes/com/affani/datatranx/**/*.class]
2023-01-04 17:44:48.444 DEBUG 3888 --- [           main] .i.s.PathMatchingResourcePatternResolver : Searching directory [E:\spring-transaction-management-master\target\classes\com\affani\datatranx\rest\model] for files matching pattern [E:/spring-transaction-management-master/target/classes/com/affani/datatranx/**/*.class]
2023-01-04 17:44:48.445 DEBUG 3888 --- [           main] .i.s.PathMatchingResourcePatternResolver : Searching directory [E:\spring-transaction-management-master\target\classes\com\affani\datatranx\service] for files matching pattern [E:/spring-transaction-management-master/target/classes/com/affani/datatranx/**/*.class]
2023-01-04 17:44:48.450 DEBUG 3888 --- [           main] .i.s.PathMatchingResourcePatternResolver : Resolved location pattern [classpath*:com/affani/datatranx/**/*.class] to resources [file [E:\spring-transaction-management-master\target\test-classes\com\affani\datatranx\controller\RESTAPIControllerTest.class], file [E:\spring-transaction-management-master\target\test-classes\com\affani\datatranx\DatatranxApplicationTests.class], file [E:\spring-transaction-management-master\target\classes\com\affani\datatranx\config\WebConfiguration.class], file [E:\spring-transaction-management-master\target\classes\com\affani\datatranx\controller\RESTAPIController.class], file [E:\spring-transaction-management-master\target\classes\com\affani\datatranx\dao\IAccountDAO.class], file [E:\spring-transaction-management-master\target\classes\com\affani\datatranx\DatatranxApplication.class], file [E:\spring-transaction-management-master\target\classes\com\affani\datatranx\model\Account.class], file [E:\spring-transaction-management-master\target\classes\com\affani\datatranx\rest\model\AccountTransferRestModel.class], file [E:\spring-transaction-management-master\target\classes\com\affani\datatranx\service\DeclarativeTrxAccountService.class], file [E:\spring-transaction-management-master\target\classes\com\affani\datatranx\service\IAccountService.class], file [E:\spring-transaction-management-master\target\classes\com\affani\datatranx\service\ProgTrxManagerAccountService.class], file [E:\spring-transaction-management-master\target\classes\com\affani\datatranx\service\ProgTrxTemplateAccountService$1.class], file [E:\spring-transaction-management-master\target\classes\com\affani\datatranx\service\ProgTrxTemplateAccountService.class]]
2023-01-04 17:44:48.452 DEBUG 3888 --- [           main] o.s.b.f.s.DefaultListableBeanFactory     : Returning cached instance of singleton bean 'org.springframework.boot.test.context.filter.TestTypeExcludeFilter'
2023-01-04 17:44:48.464 DEBUG 3888 --- [           main] o.s.b.f.s.DefaultListableBeanFactory     : Returning cached instance of singleton bean 'org.springframework.boot.test.context.filter.TestTypeExcludeFilter'
2023-01-04 17:44:48.486 DEBUG 3888 --- [           main] o.s.b.f.s.DefaultListableBeanFactory     : Returning cached instance of singleton bean 'org.springframework.boot.test.context.filter.TestTypeExcludeFilter'
2023-01-04 17:44:48.487 DEBUG 3888 --- [           main] o.s.c.a.ClassPathBeanDefinitionScanner   : Identified candidate component class: file [E:\spring-transaction-management-master\target\classes\com\affani\datatranx\config\WebConfiguration.class]
2023-01-04 17:44:48.501 DEBUG 3888 --- [           main] o.s.b.f.s.DefaultListableBeanFactory     : Returning cached instance of singleton bean 'org.springframework.boot.test.context.filter.TestTypeExcludeFilter'
2023-01-04 17:44:48.501 DEBUG 3888 --- [           main] o.s.c.a.ClassPathBeanDefinitionScanner   : Identified candidate component class: file [E:\spring-transaction-management-master\target\classes\com\affani\datatranx\controller\RESTAPIController.class]
2023-01-04 17:44:48.513 DEBUG 3888 --- [           main] o.s.b.f.s.DefaultListableBeanFactory     : Returning cached instance of singleton bean 'org.springframework.boot.test.context.filter.TestTypeExcludeFilter'
2023-01-04 17:44:48.568 DEBUG 3888 --- [           main] o.s.b.f.s.DefaultListableBeanFactory     : Returning cached instance of singleton bean 'org.springframework.boot.test.context.filter.TestTypeExcludeFilter'
2023-01-04 17:44:48.660 DEBUG 3888 --- [           main] o.s.b.f.s.DefaultListableBeanFactory     : Returning cached instance of singleton bean 'org.springframework.boot.test.context.filter.TestTypeExcludeFilter'
2023-01-04 17:44:48.667 DEBUG 3888 --- [           main] o.s.b.f.s.DefaultListableBeanFactory     : Returning cached instance of singleton bean 'org.springframework.boot.test.context.filter.TestTypeExcludeFilter'
2023-01-04 17:44:48.667 DEBUG 3888 --- [           main] o.s.c.a.ClassPathBeanDefinitionScanner   : Identified candidate component class: file [E:\spring-transaction-management-master\target\classes\com\affani\datatranx\service\DeclarativeTrxAccountService.class]
2023-01-04 17:44:48.668 DEBUG 3888 --- [           main] o.s.b.f.s.DefaultListableBeanFactory     : Returning cached instance of singleton bean 'org.springframework.boot.test.context.filter.TestTypeExcludeFilter'
2023-01-04 17:44:48.693 DEBUG 3888 --- [           main] o.s.b.f.s.DefaultListableBeanFactory     : Returning cached instance of singleton bean 'org.springframework.boot.test.context.filter.TestTypeExcludeFilter'
2023-01-04 17:44:48.694 DEBUG 3888 --- [           main] o.s.c.a.ClassPathBeanDefinitionScanner   : Identified candidate component class: file [E:\spring-transaction-management-master\target\classes\com\affani\datatranx\service\ProgTrxManagerAccountService.class]
2023-01-04 17:44:48.701 DEBUG 3888 --- [           main] o.s.b.f.s.DefaultListableBeanFactory     : Returning cached instance of singleton bean 'org.springframework.boot.test.context.filter.TestTypeExcludeFilter'
2023-01-04 17:44:48.715 DEBUG 3888 --- [           main] o.s.b.f.s.DefaultListableBeanFactory     : Returning cached instance of singleton bean 'org.springframework.boot.test.context.filter.TestTypeExcludeFilter'
2023-01-04 17:44:48.715 DEBUG 3888 --- [           main] o.s.c.a.ClassPathBeanDefinitionScanner   : Identified candidate component class: file [E:\spring-transaction-management-master\target\classes\com\affani\datatranx\service\ProgTrxTemplateAccountService.class]
2023-01-04 17:44:48.897 DEBUG 3888 --- [           main] o.s.b.f.s.DefaultListableBeanFactory     : Returning cached instance of singleton bean 'autoConfigurationReport'
2023-01-04 17:44:48.950 DEBUG 3888 --- [           main] o.s.b.f.s.DefaultListableBeanFactory     : Returning cached instance of singleton bean 'autoConfigurationReport'
2023-01-04 17:44:48.952 DEBUG 3888 --- [           main] o.s.c.e.PropertySourcesPropertyResolver  : Could not find key 'spring.boot.enableautoconfiguration' in any property source
2023-01-04 17:44:48.969 DEBUG 3888 --- [           main] o.s.b.f.s.DefaultListableBeanFactory     : Returning cached instance of singleton bean 'autoConfigurationReport'
2023-01-04 17:44:49.643 DEBUG 3888 --- [           main] o.s.b.f.s.DefaultListableBeanFactory     : Returning cached instance of singleton bean 'autoConfigurationReport'
2023-01-04 17:44:49.667 DEBUG 3888 --- [           main] o.s.b.f.s.DefaultListableBeanFactory     : Returning cached instance of singleton bean 'org.springframework.boot.autoconfigure.internalCachingMetadataReaderFactory'
2023-01-04 17:44:49.763 DEBUG 3888 --- [           main] o.s.c.e.PropertySourcesPropertyResolver  : Could not find key 'spring.messages.basename' in any property source
2023-01-04 17:44:49.771 DEBUG 3888 --- [           main] .i.s.PathMatchingResourcePatternResolver : Resolved classpath location [messages.properties] to resources []
2023-01-04 17:44:49.771 DEBUG 3888 --- [           main] o.s.b.f.s.DefaultListableBeanFactory     : Returning cached instance of singleton bean 'autoConfigurationReport'
2023-01-04 17:44:49.777 DEBUG 3888 --- [           main] o.s.b.f.s.DefaultListableBeanFactory     : Returning cached instance of singleton bean 'autoConfigurationReport'
2023-01-04 17:44:49.790 DEBUG 3888 --- [           main] o.s.b.f.s.DefaultListableBeanFactory     : Returning cached instance of singleton bean 'autoConfigurationReport'
2023-01-04 17:44:49.812 DEBUG 3888 --- [           main] o.s.b.f.s.DefaultListableBeanFactory     : Returning cached instance of singleton bean 'autoConfigurationReport'
2023-01-04 17:44:49.813 DEBUG 3888 --- [           main] o.s.b.f.s.DefaultListableBeanFactory     : Returning cached instance of singleton bean 'autoConfigurationReport'
2023-01-04 17:44:49.817 DEBUG 3888 --- [           main] o.s.b.f.s.DefaultListableBeanFactory     : Returning cached instance of singleton bean 'autoConfigurationReport'
2023-01-04 17:44:49.818 DEBUG 3888 --- [           main] o.s.b.f.s.DefaultListableBeanFactory     : Returning cached instance of singleton bean 'autoConfigurationReport'
2023-01-04 17:44:49.822 DEBUG 3888 --- [           main] o.s.b.f.s.DefaultListableBeanFactory     : Returning cached instance of singleton bean 'autoConfigurationReport'
2023-01-04 17:44:49.832 DEBUG 3888 --- [           main] o.s.b.f.s.DefaultListableBeanFactory     : Returning cached instance of singleton bean 'autoConfigurationReport'
2023-01-04 17:44:49.882 DEBUG 3888 --- [           main] o.s.b.f.s.DefaultListableBeanFactory     : Returning cached instance of singleton bean 'autoConfigurationReport'
2023-01-04 17:44:49.888 DEBUG 3888 --- [           main] o.s.b.f.s.DefaultListableBeanFactory     : Returning cached instance of singleton bean 'autoConfigurationReport'
2023-01-04 17:44:49.889 DEBUG 3888 --- [           main] o.s.b.f.s.DefaultListableBeanFactory     : Returning cached instance of singleton bean 'autoConfigurationReport'
2023-01-04 17:44:49.944 DEBUG 3888 --- [           main] o.s.b.f.s.DefaultListableBeanFactory     : Returning cached instance of singleton bean 'autoConfigurationReport'
2023-01-04 17:44:49.945 DEBUG 3888 --- [           main] o.s.b.f.s.DefaultListableBeanFactory     : Returning cached instance of singleton bean 'autoConfigurationReport'
2023-01-04 17:44:49.952 DEBUG 3888 --- [           main] o.s.b.f.s.DefaultListableBeanFactory     : Returning cached instance of singleton bean 'autoConfigurationReport'
2023-01-04 17:44:49.953 DEBUG 3888 --- [           main] o.s.b.f.s.DefaultListableBeanFactory     : Returning cached instance of singleton bean 'autoConfigurationReport'
2023-01-04 17:44:49.954 DEBUG 3888 --- [           main] o.s.b.f.s.DefaultListableBeanFactory     : Returning cached instance of singleton bean 'autoConfigurationReport'
2023-01-04 17:44:49.959 DEBUG 3888 --- [           main] o.s.b.f.s.DefaultListableBeanFactory     : Returning cached instance of singleton bean 'autoConfigurationReport'
2023-01-04 17:44:49.967 DEBUG 3888 --- [           main] o.s.b.f.s.DefaultListableBeanFactory     : Returning cached instance of singleton bean 'autoConfigurationReport'
2023-01-04 17:44:49.969 DEBUG 3888 --- [           main] o.s.b.f.s.DefaultListableBeanFactory     : Returning cached instance of singleton bean 'autoConfigurationReport'
2023-01-04 17:44:49.970 DEBUG 3888 --- [           main] o.s.b.f.s.DefaultListableBeanFactory     : Returning cached instance of singleton bean 'autoConfigurationReport'
2023-01-04 17:44:49.973 DEBUG 3888 --- [           main] o.s.b.f.s.DefaultListableBeanFactory     : Returning cached instance of singleton bean 'autoConfigurationReport'
2023-01-04 17:44:49.973 DEBUG 3888 --- [           main] o.s.b.f.s.DefaultListableBeanFactory     : Returning cached instance of singleton bean 'autoConfigurationReport'
2023-01-04 17:44:49.992 DEBUG 3888 --- [           main] o.s.b.f.s.DefaultListableBeanFactory     : Returning cached instance of singleton bean 'autoConfigurationReport'
2023-01-04 17:44:49.993 DEBUG 3888 --- [           main] o.s.b.f.s.DefaultListableBeanFactory     : Returning cached instance of singleton bean 'autoConfigurationReport'
2023-01-04 17:44:50.001 DEBUG 3888 --- [           main] o.s.b.f.s.DefaultListableBeanFactory     : Returning cached instance of singleton bean 'autoConfigurationReport'
2023-01-04 17:44:50.001 DEBUG 3888 --- [           main] o.s.b.f.s.DefaultListableBeanFactory     : Returning cached instance of singleton bean 'autoConfigurationReport'
2023-01-04 17:44:50.012 DEBUG 3888 --- [           main] o.s.b.f.s.DefaultListableBeanFactory     : Returning cached instance of singleton bean 'autoConfigurationReport'
2023-01-04 17:44:50.018 DEBUG 3888 --- [           main] o.s.c.e.PropertySourcesPropertyResolver  : Could not find key 'spring.template.provider.cache' in any property source
2023-01-04 17:44:50.035 DEBUG 3888 --- [           main] o.s.b.f.s.DefaultListableBeanFactory     : Returning cached instance of singleton bean 'autoConfigurationReport'
2023-01-04 17:44:50.038 DEBUG 3888 --- [           main] o.s.b.f.s.DefaultListableBeanFactory     : Returning cached instance of singleton bean 'autoConfigurationReport'
2023-01-04 17:44:50.038 DEBUG 3888 --- [           main] o.s.b.f.s.DefaultListableBeanFactory     : Returning cached instance of singleton bean 'autoConfigurationReport'
2023-01-04 17:44:50.077 DEBUG 3888 --- [           main] o.s.b.f.s.DefaultListableBeanFactory     : Returning cached instance of singleton bean 'autoConfigurationReport'
2023-01-04 17:44:50.121 DEBUG 3888 --- [           main] o.s.c.e.PropertySourcesPropertyResolver  : Could not find key 'spring.resources.chain.strategy.fixed.enabled' in any property source
2023-01-04 17:44:50.122 DEBUG 3888 --- [           main] o.s.c.e.PropertySourcesPropertyResolver  : Could not find key 'spring.resources.chain.strategy.content.enabled' in any property source
2023-01-04 17:44:50.122 DEBUG 3888 --- [           main] o.s.c.e.PropertySourcesPropertyResolver  : Could not find key 'spring.resources.chain.enabled' in any property source
2023-01-04 17:44:50.124 DEBUG 3888 --- [           main] o.s.b.f.s.DefaultListableBeanFactory     : Returning cached instance of singleton bean 'autoConfigurationReport'
2023-01-04 17:44:50.127 DEBUG 3888 --- [           main] o.s.b.f.s.DefaultListableBeanFactory     : Returning cached instance of singleton bean 'autoConfigurationReport'
2023-01-04 17:44:50.128 DEBUG 3888 --- [           main] o.s.c.e.PropertySourcesPropertyResolver  : Found key 'spring.jmx.enabled' in PropertySource 'configurationProperties' with value of type String
2023-01-04 17:44:50.128 DEBUG 3888 --- [           main] o.s.b.f.s.DefaultListableBeanFactory     : Returning cached instance of singleton bean 'autoConfigurationReport'
2023-01-04 17:44:50.131 DEBUG 3888 --- [           main] o.s.b.f.s.DefaultListableBeanFactory     : Returning cached instance of singleton bean 'autoConfigurationReport'
2023-01-04 17:44:50.133 DEBUG 3888 --- [           main] o.s.b.f.s.DefaultListableBeanFactory     : Returning cached instance of singleton bean 'autoConfigurationReport'
2023-01-04 17:44:50.134 DEBUG 3888 --- [           main] o.s.b.f.s.DefaultListableBeanFactory     : Returning cached instance of singleton bean 'autoConfigurationReport'
2023-01-04 17:44:50.136 DEBUG 3888 --- [           main] o.s.b.f.s.DefaultListableBeanFactory     : Returning cached instance of singleton bean 'autoConfigurationReport'
2023-01-04 17:44:50.138 DEBUG 3888 --- [           main] o.s.b.f.s.DefaultListableBeanFactory     : Returning cached instance of singleton bean 'autoConfigurationReport'
2023-01-04 17:44:50.140 DEBUG 3888 --- [           main] o.s.b.f.s.DefaultListableBeanFactory     : Returning cached instance of singleton bean 'autoConfigurationReport'
2023-01-04 17:44:50.142 DEBUG 3888 --- [           main] o.s.b.f.s.DefaultListableBeanFactory     : Returning cached instance of singleton bean 'autoConfigurationReport'
2023-01-04 17:44:50.179 DEBUG 3888 --- [           main] o.s.b.f.s.DefaultListableBeanFactory     : Returning cached instance of singleton bean 'autoConfigurationReport'
2023-01-04 17:44:50.188 DEBUG 3888 --- [           main] o.s.b.f.s.DefaultListableBeanFactory     : Returning cached instance of singleton bean 'autoConfigurationReport'
2023-01-04 17:44:50.190 DEBUG 3888 --- [           main] o.s.b.f.s.DefaultListableBeanFactory     : Returning cached instance of singleton bean 'autoConfigurationReport'
2023-01-04 17:44:50.195 DEBUG 3888 --- [           main] o.s.b.f.s.DefaultListableBeanFactory     : Returning cached instance of singleton bean 'autoConfigurationReport'
2023-01-04 17:44:50.199 DEBUG 3888 --- [           main] o.s.b.f.s.DefaultListableBeanFactory     : Returning cached instance of singleton bean 'autoConfigurationReport'
2023-01-04 17:44:50.206 DEBUG 3888 --- [           main] o.s.b.f.s.DefaultListableBeanFactory     : Returning cached instance of singleton bean 'autoConfigurationReport'
2023-01-04 17:44:50.209 DEBUG 3888 --- [           main] o.s.b.f.s.DefaultListableBeanFactory     : Returning cached instance of singleton bean 'autoConfigurationReport'
2023-01-04 17:44:50.209 DEBUG 3888 --- [           main] o.s.b.f.s.DefaultListableBeanFactory     : Returning cached instance of singleton bean 'autoConfigurationReport'
2023-01-04 17:44:50.210 DEBUG 3888 --- [           main] o.s.b.f.s.DefaultListableBeanFactory     : Returning cached instance of singleton bean 'autoConfigurationReport'
2023-01-04 17:44:50.211 DEBUG 3888 --- [           main] o.s.b.f.s.DefaultListableBeanFactory     : Returning cached instance of singleton bean 'autoConfigurationReport'
2023-01-04 17:44:50.216 DEBUG 3888 --- [           main] o.s.b.f.s.DefaultListableBeanFactory     : Returning cached instance of singleton bean 'autoConfigurationReport'
2023-01-04 17:44:50.246 DEBUG 3888 --- [           main] o.s.b.f.s.DefaultListableBeanFactory     : Returning cached instance of singleton bean 'autoConfigurationReport'
2023-01-04 17:44:50.247 DEBUG 3888 --- [           main] o.s.b.f.s.DefaultListableBeanFactory     : Returning cached instance of singleton bean 'autoConfigurationReport'
2023-01-04 17:44:50.248 DEBUG 3888 --- [           main] o.s.b.f.s.DefaultListableBeanFactory     : Returning cached instance of singleton bean 'autoConfigurationReport'
2023-01-04 17:44:50.249 DEBUG 3888 --- [           main] o.s.b.f.s.DefaultListableBeanFactory     : Returning cached instance of singleton bean 'autoConfigurationReport'
2023-01-04 17:44:50.268 DEBUG 3888 --- [           main] o.s.b.f.s.DefaultListableBeanFactory     : Returning cached instance of singleton bean 'autoConfigurationReport'
2023-01-04 17:44:50.268 DEBUG 3888 --- [           main] o.s.b.f.s.DefaultListableBeanFactory     : Returning cached instance of singleton bean 'autoConfigurationReport'
2023-01-04 17:44:50.270 DEBUG 3888 --- [           main] o.s.b.f.s.DefaultListableBeanFactory     : Returning cached instance of singleton bean 'autoConfigurationReport'
2023-01-04 17:44:50.271 DEBUG 3888 --- [           main] o.s.b.f.s.DefaultListableBeanFactory     : Returning cached instance of singleton bean 'autoConfigurationReport'
2023-01-04 17:44:50.271 DEBUG 3888 --- [           main] o.s.b.f.s.DefaultListableBeanFactory     : Returning cached instance of singleton bean 'autoConfigurationReport'
2023-01-04 17:44:50.272 DEBUG 3888 --- [           main] o.s.b.f.s.DefaultListableBeanFactory     : Returning cached instance of singleton bean 'autoConfigurationReport'
2023-01-04 17:44:50.281 DEBUG 3888 --- [           main] o.s.b.f.s.DefaultListableBeanFactory     : Returning cached instance of singleton bean 'autoConfigurationReport'
2023-01-04 17:44:50.332 DEBUG 3888 --- [           main] o.s.b.f.s.DefaultListableBeanFactory     : Returning cached instance of singleton bean 'autoConfigurationReport'
2023-01-04 17:44:50.353 DEBUG 3888 --- [           main] o.s.b.f.s.DefaultListableBeanFactory     : Returning cached instance of singleton bean 'autoConfigurationReport'
2023-01-04 17:44:50.355 DEBUG 3888 --- [           main] o.s.b.f.s.DefaultListableBeanFactory     : Returning cached instance of singleton bean 'autoConfigurationReport'
2023-01-04 17:44:50.357 DEBUG 3888 --- [           main] o.s.b.f.s.DefaultListableBeanFactory     : Returning cached instance of singleton bean 'autoConfigurationReport'
2023-01-04 17:44:50.358 DEBUG 3888 --- [           main] o.s.b.f.s.DefaultListableBeanFactory     : Returning cached instance of singleton bean 'autoConfigurationReport'
2023-01-04 17:44:50.362 DEBUG 3888 --- [           main] o.s.b.f.s.DefaultListableBeanFactory     : Returning cached instance of singleton bean 'autoConfigurationReport'
2023-01-04 17:44:50.363 DEBUG 3888 --- [           main] o.s.c.e.PropertySourcesPropertyResolver  : Found key 'spring.jmx.enabled' in PropertySource 'configurationProperties' with value of type String
2023-01-04 17:44:50.364 DEBUG 3888 --- [           main] o.s.b.f.s.DefaultListableBeanFactory     : Returning cached instance of singleton bean 'autoConfigurationReport'
2023-01-04 17:44:50.367 DEBUG 3888 --- [           main] o.s.b.f.s.DefaultListableBeanFactory     : Returning cached instance of singleton bean 'autoConfigurationReport'
2023-01-04 17:44:50.434 DEBUG 3888 --- [           main] o.s.b.f.s.DefaultListableBeanFactory     : Returning cached instance of singleton bean 'autoConfigurationReport'
2023-01-04 17:44:50.435 DEBUG 3888 --- [           main] o.s.b.f.s.DefaultListableBeanFactory     : Returning cached instance of singleton bean 'autoConfigurationReport'
2023-01-04 17:44:50.436 DEBUG 3888 --- [           main] o.s.b.f.s.DefaultListableBeanFactory     : Returning cached instance of singleton bean 'autoConfigurationReport'
2023-01-04 17:44:50.441 DEBUG 3888 --- [           main] o.s.b.f.s.DefaultListableBeanFactory     : Returning cached instance of singleton bean 'autoConfigurationReport'
2023-01-04 17:44:50.489 DEBUG 3888 --- [           main] o.s.b.f.s.DefaultListableBeanFactory     : Returning cached instance of singleton bean 'autoConfigurationReport'
2023-01-04 17:44:50.499 DEBUG 3888 --- [           main] o.s.b.f.s.DefaultListableBeanFactory     : Returning cached instance of singleton bean 'autoConfigurationReport'
2023-01-04 17:44:50.501 DEBUG 3888 --- [           main] o.s.b.f.s.DefaultListableBeanFactory     : Returning cached instance of singleton bean 'autoConfigurationReport'
2023-01-04 17:44:50.503 DEBUG 3888 --- [           main] o.s.b.f.s.DefaultListableBeanFactory     : Returning cached instance of singleton bean 'autoConfigurationReport'
2023-01-04 17:44:50.507 DEBUG 3888 --- [           main] o.s.b.f.s.DefaultListableBeanFactory     : Returning cached instance of singleton bean 'autoConfigurationReport'
2023-01-04 17:44:50.508 DEBUG 3888 --- [           main] o.s.b.f.s.DefaultListableBeanFactory     : Returning cached instance of singleton bean 'autoConfigurationReport'
2023-01-04 17:44:50.520 DEBUG 3888 --- [           main] o.s.b.f.s.DefaultListableBeanFactory     : Returning cached instance of singleton bean 'autoConfigurationReport'
2023-01-04 17:44:50.523 DEBUG 3888 --- [           main] o.s.b.f.s.DefaultListableBeanFactory     : Returning cached instance of singleton bean 'autoConfigurationReport'
2023-01-04 17:44:50.524 DEBUG 3888 --- [           main] o.s.b.f.s.DefaultListableBeanFactory     : Returning cached instance of singleton bean 'autoConfigurationReport'
2023-01-04 17:44:50.525 DEBUG 3888 --- [           main] o.s.b.f.s.DefaultListableBeanFactory     : Returning cached instance of singleton bean 'autoConfigurationReport'
2023-01-04 17:44:50.526 DEBUG 3888 --- [           main] o.s.b.f.s.DefaultListableBeanFactory     : Returning cached instance of singleton bean 'autoConfigurationReport'
2023-01-04 17:44:50.526 DEBUG 3888 --- [           main] o.s.b.f.s.DefaultListableBeanFactory     : Returning cached instance of singleton bean 'autoConfigurationReport'
2023-01-04 17:44:50.529 DEBUG 3888 --- [           main] o.s.b.f.s.DefaultListableBeanFactory     : Returning cached instance of singleton bean 'autoConfigurationReport'
2023-01-04 17:44:50.530 DEBUG 3888 --- [           main] o.s.b.f.s.DefaultListableBeanFactory     : Returning cached instance of singleton bean 'autoConfigurationReport'
2023-01-04 17:44:50.573 DEBUG 3888 --- [           main] o.s.b.f.s.DefaultListableBeanFactory     : Returning cached instance of singleton bean 'autoConfigurationReport'
2023-01-04 17:44:50.573 DEBUG 3888 --- [           main] o.s.b.f.s.DefaultListableBeanFactory     : Returning cached instance of singleton bean 'autoConfigurationReport'
2023-01-04 17:44:50.574 DEBUG 3888 --- [           main] o.s.b.f.s.DefaultListableBeanFactory     : Returning cached instance of singleton bean 'autoConfigurationReport'
2023-01-04 17:44:50.575 DEBUG 3888 --- [           main] o.s.b.f.s.DefaultListableBeanFactory     : Returning cached instance of singleton bean 'autoConfigurationReport'
2023-01-04 17:44:50.576 DEBUG 3888 --- [           main] o.s.b.f.s.DefaultListableBeanFactory     : Returning cached instance of singleton bean 'autoConfigurationReport'
2023-01-04 17:44:50.589 DEBUG 3888 --- [           main] o.s.b.f.s.DefaultListableBeanFactory     : Returning cached instance of singleton bean 'autoConfigurationReport'
2023-01-04 17:44:50.590 DEBUG 3888 --- [           main] o.s.b.f.s.DefaultListableBeanFactory     : Returning cached instance of singleton bean 'autoConfigurationReport'
2023-01-04 17:44:50.652 DEBUG 3888 --- [           main] o.s.b.f.s.DefaultListableBeanFactory     : Returning cached instance of singleton bean 'autoConfigurationReport'
2023-01-04 17:44:50.652 DEBUG 3888 --- [           main] o.s.b.f.s.DefaultListableBeanFactory     : Returning cached instance of singleton bean 'autoConfigurationReport'
2023-01-04 17:44:50.653 DEBUG 3888 --- [           main] o.s.b.f.s.DefaultListableBeanFactory     : Returning cached instance of singleton bean 'autoConfigurationReport'
2023-01-04 17:44:50.653 DEBUG 3888 --- [           main] o.s.b.f.s.DefaultListableBeanFactory     : Returning cached instance of singleton bean 'autoConfigurationReport'
2023-01-04 17:44:50.654 DEBUG 3888 --- [           main] o.s.b.f.s.DefaultListableBeanFactory     : Returning cached instance of singleton bean 'autoConfigurationReport'
2023-01-04 17:44:50.656 DEBUG 3888 --- [           main] o.s.b.f.s.DefaultListableBeanFactory     : Returning cached instance of singleton bean 'autoConfigurationReport'
2023-01-04 17:44:50.659 DEBUG 3888 --- [           main] o.s.b.f.s.DefaultListableBeanFactory     : Returning cached instance of singleton bean 'autoConfigurationReport'
2023-01-04 17:44:50.667 DEBUG 3888 --- [           main] o.s.b.f.s.DefaultListableBeanFactory     : Returning cached instance of singleton bean 'autoConfigurationReport'
2023-01-04 17:44:50.668 DEBUG 3888 --- [           main] o.s.b.f.s.DefaultListableBeanFactory     : Returning cached instance of singleton bean 'autoConfigurationReport'
2023-01-04 17:44:50.670 DEBUG 3888 --- [           main] o.s.b.f.s.DefaultListableBeanFactory     : Returning cached instance of singleton bean 'autoConfigurationReport'
2023-01-04 17:44:50.676 DEBUG 3888 --- [           main] o.s.b.f.s.DefaultListableBeanFactory     : Returning cached instance of singleton bean 'autoConfigurationReport'
2023-01-04 17:44:50.683 DEBUG 3888 --- [           main] o.s.b.f.s.DefaultListableBeanFactory     : Returning cached instance of singleton bean 'autoConfigurationReport'
2023-01-04 17:44:50.685 DEBUG 3888 --- [           main] o.s.b.f.s.DefaultListableBeanFactory     : Returning cached instance of singleton bean 'autoConfigurationReport'
2023-01-04 17:44:50.718 DEBUG 3888 --- [           main] o.s.b.f.s.DefaultListableBeanFactory     : Returning cached instance of singleton bean 'autoConfigurationReport'
2023-01-04 17:44:50.721 DEBUG 3888 --- [           main] o.s.b.f.s.DefaultListableBeanFactory     : Returning cached instance of singleton bean 'autoConfigurationReport'
2023-01-04 17:44:50.721 DEBUG 3888 --- [           main] o.s.b.f.s.DefaultListableBeanFactory     : Returning cached instance of singleton bean 'autoConfigurationReport'
2023-01-04 17:44:50.722 DEBUG 3888 --- [           main] o.s.b.f.s.DefaultListableBeanFactory     : Returning cached instance of singleton bean 'autoConfigurationReport'
2023-01-04 17:44:50.723 DEBUG 3888 --- [           main] o.s.b.f.s.DefaultListableBeanFactory     : Returning cached instance of singleton bean 'autoConfigurationReport'
2023-01-04 17:44:50.724 DEBUG 3888 --- [           main] o.s.b.f.s.DefaultListableBeanFactory     : Returning cached instance of singleton bean 'autoConfigurationReport'
2023-01-04 17:44:50.726 DEBUG 3888 --- [           main] o.s.b.f.s.DefaultListableBeanFactory     : Returning cached instance of singleton bean 'autoConfigurationReport'
2023-01-04 17:44:50.726 DEBUG 3888 --- [           main] o.s.b.f.s.DefaultListableBeanFactory     : Returning cached instance of singleton bean 'autoConfigurationReport'
2023-01-04 17:44:50.727 DEBUG 3888 --- [           main] o.s.b.f.s.DefaultListableBeanFactory     : Returning cached instance of singleton bean 'autoConfigurationReport'
2023-01-04 17:44:50.727 DEBUG 3888 --- [           main] o.s.b.f.s.DefaultListableBeanFactory     : Returning cached instance of singleton bean 'autoConfigurationReport'
2023-01-04 17:44:50.728 DEBUG 3888 --- [           main] o.s.c.e.PropertySourcesPropertyResolver  : Found key 'spring.test.mockmvc.secure' in PropertySource 'Annotations' with value of type Boolean
2023-01-04 17:44:50.729 DEBUG 3888 --- [           main] o.s.b.f.s.DefaultListableBeanFactory     : Returning cached instance of singleton bean 'autoConfigurationReport'
2023-01-04 17:44:50.739 DEBUG 3888 --- [           main] o.s.b.f.s.DefaultListableBeanFactory     : Returning cached instance of singleton bean 'autoConfigurationReport'
2023-01-04 17:44:50.740 DEBUG 3888 --- [           main] o.s.b.f.s.DefaultListableBeanFactory     : Returning cached instance of singleton bean 'autoConfigurationReport'
2023-01-04 17:44:50.742 DEBUG 3888 --- [           main] a.ConfigurationClassBeanDefinitionReader : Registered bean definition for imported class 'com.affani.datatranx.controller.RESTAPIControllerTest'
2023-01-04 17:44:50.744 DEBUG 3888 --- [           main] a.ConfigurationClassBeanDefinitionReader : Registering bean definition for @Bean method com.affani.datatranx.config.WebConfiguration.h2servletRegistration()
2023-01-04 17:44:50.746 DEBUG 3888 --- [           main] a.ConfigurationClassBeanDefinitionReader : Registered bean definition for imported class 'org.springframework.boot.autoconfigure.context.PropertyPlaceholderAutoConfiguration'
2023-01-04 17:44:50.752 DEBUG 3888 --- [           main] o.s.b.f.s.DefaultListableBeanFactory     : Creating shared instance of singleton bean 'org.springframework.boot.autoconfigure.condition.BeanTypeRegistry'
2023-01-04 17:44:50.752 DEBUG 3888 --- [           main] o.s.b.f.s.DefaultListableBeanFactory     : Creating instance of bean 'org.springframework.boot.autoconfigure.condition.BeanTypeRegistry'
2023-01-04 17:44:50.793 DEBUG 3888 --- [           main] o.s.b.f.s.DefaultListableBeanFactory     : Eagerly caching bean 'org.springframework.boot.autoconfigure.condition.BeanTypeRegistry' to allow for resolving potential circular references
2023-01-04 17:44:50.794 DEBUG 3888 --- [           main] o.s.b.f.s.DefaultListableBeanFactory     : Finished creating instance of bean 'org.springframework.boot.autoconfigure.condition.BeanTypeRegistry'
2023-01-04 17:44:50.801 DEBUG 3888 --- [           main] o.s.b.f.s.DefaultListableBeanFactory     : Returning cached instance of singleton bean 'autoConfigurationReport'
2023-01-04 17:44:50.801 DEBUG 3888 --- [           main] a.ConfigurationClassBeanDefinitionReader : Registering bean definition for @Bean method org.springframework.boot.autoconfigure.context.PropertyPlaceholderAutoConfiguration.propertySourcesPlaceholderConfigurer()
2023-01-04 17:44:50.802 DEBUG 3888 --- [           main] o.s.b.f.s.DefaultListableBeanFactory     : Returning cached instance of singleton bean 'autoConfigurationReport'
2023-01-04 17:44:50.803 DEBUG 3888 --- [           main] o.s.b.f.s.DefaultListableBeanFactory     : Returning cached instance of singleton bean 'autoConfigurationReport'
2023-01-04 17:44:50.803 DEBUG 3888 --- [           main] o.s.b.f.s.DefaultListableBeanFactory     : Returning cached instance of singleton bean 'autoConfigurationReport'
2023-01-04 17:44:50.804 DEBUG 3888 --- [           main] a.ConfigurationClassBeanDefinitionReader : Registered bean definition for imported class 'org.springframework.boot.autoconfigure.websocket.servlet.WebSocketServletAutoConfiguration$TomcatWebSocketConfiguration'
2023-01-04 17:44:50.805 DEBUG 3888 --- [           main] o.s.b.f.s.DefaultListableBeanFactory     : Returning cached instance of singleton bean 'autoConfigurationReport'
2023-01-04 17:44:50.805 DEBUG 3888 --- [           main] a.ConfigurationClassBeanDefinitionReader : Registering bean definition for @Bean method org.springframework.boot.autoconfigure.websocket.servlet.WebSocketServletAutoConfiguration$TomcatWebSocketConfiguration.websocketContainerCustomizer()
2023-01-04 17:44:50.807 DEBUG 3888 --- [           main] a.ConfigurationClassBeanDefinitionReader : Registered bean definition for imported class 'org.springframework.boot.autoconfigure.websocket.servlet.WebSocketServletAutoConfiguration'
2023-01-04 17:44:50.809 DEBUG 3888 --- [           main] o.s.b.f.s.DefaultListableBeanFactory     : Returning cached instance of singleton bean 'autoConfigurationReport'
2023-01-04 17:44:50.809 DEBUG 3888 --- [           main] o.s.b.f.s.DefaultListableBeanFactory     : Returning cached instance of singleton bean 'autoConfigurationReport'
2023-01-04 17:44:50.810 DEBUG 3888 --- [           main] o.s.b.f.s.DefaultListableBeanFactory     : Returning cached instance of singleton bean 'autoConfigurationReport'
2023-01-04 17:44:50.811 DEBUG 3888 --- [           main] o.s.b.f.s.DefaultListableBeanFactory     : Returning cached instance of singleton bean 'org.springframework.boot.autoconfigure.condition.BeanTypeRegistry'
2023-01-04 17:44:50.815 DEBUG 3888 --- [           main] o.s.b.f.s.DefaultListableBeanFactory     : Returning cached instance of singleton bean 'autoConfigurationReport'
2023-01-04 17:44:50.816 DEBUG 3888 --- [           main] a.ConfigurationClassBeanDefinitionReader : Registered bean definition for imported class 'org.springframework.boot.autoconfigure.web.servlet.ServletWebServerFactoryConfiguration$EmbeddedTomcat'
2023-01-04 17:44:50.816 DEBUG 3888 --- [           main] a.ConfigurationClassBeanDefinitionReader : Registering bean definition for @Bean method org.springframework.boot.autoconfigure.web.servlet.ServletWebServerFactoryConfiguration$EmbeddedTomcat.tomcatServletWebServerFactory()
2023-01-04 17:44:50.820 DEBUG 3888 --- [           main] a.ConfigurationClassBeanDefinitionReader : Registered bean definition for imported class 'org.springframework.boot.autoconfigure.web.servlet.ServletWebServerFactoryAutoConfiguration'
2023-01-04 17:44:50.820 DEBUG 3888 --- [           main] a.ConfigurationClassBeanDefinitionReader : Registering bean definition for @Bean method org.springframework.boot.autoconfigure.web.servlet.ServletWebServerFactoryAutoConfiguration.servletWebServerFactoryCustomizer()
2023-01-04 17:44:50.820 DEBUG 3888 --- [           main] o.s.b.f.s.DefaultListableBeanFactory     : Returning cached instance of singleton bean 'autoConfigurationReport'
2023-01-04 17:44:50.821 DEBUG 3888 --- [           main] a.ConfigurationClassBeanDefinitionReader : Registering bean definition for @Bean method org.springframework.boot.autoconfigure.web.servlet.ServletWebServerFactoryAutoConfiguration.tomcatServletWebServerFactoryCustomizer()
2023-01-04 17:44:50.884 DEBUG 3888 --- [           main] o.s.b.f.s.DefaultListableBeanFactory     : Returning cached instance of singleton bean 'autoConfigurationReport'
2023-01-04 17:44:50.885 DEBUG 3888 --- [           main] o.s.b.f.s.DefaultListableBeanFactory     : Returning cached instance of singleton bean 'autoConfigurationReport'
2023-01-04 17:44:50.885 DEBUG 3888 --- [           main] o.s.b.f.s.DefaultListableBeanFactory     : Returning cached instance of singleton bean 'autoConfigurationReport'
2023-01-04 17:44:50.885 DEBUG 3888 --- [           main] o.s.b.f.s.DefaultListableBeanFactory     : Returning cached instance of singleton bean 'autoConfigurationReport'
2023-01-04 17:44:50.886 DEBUG 3888 --- [           main] o.s.b.f.s.DefaultListableBeanFactory     : Returning cached instance of singleton bean 'autoConfigurationReport'
2023-01-04 17:44:50.886 DEBUG 3888 --- [           main] o.s.b.f.s.DefaultListableBeanFactory     : Returning cached instance of singleton bean 'autoConfigurationReport'
2023-01-04 17:44:50.888 DEBUG 3888 --- [           main] a.ConfigurationClassBeanDefinitionReader : Registered bean definition for imported class 'org.springframework.boot.autoconfigure.web.servlet.DispatcherServletAutoConfiguration$DispatcherServletConfiguration'
2023-01-04 17:44:50.888 DEBUG 3888 --- [           main] a.ConfigurationClassBeanDefinitionReader : Registering bean definition for @Bean method org.springframework.boot.autoconfigure.web.servlet.DispatcherServletAutoConfiguration$DispatcherServletConfiguration.dispatcherServlet()
2023-01-04 17:44:50.889 DEBUG 3888 --- [           main] o.s.b.f.s.DefaultListableBeanFactory     : Returning cached instance of singleton bean 'org.springframework.boot.autoconfigure.condition.BeanTypeRegistry'
2023-01-04 17:44:50.891 DEBUG 3888 --- [           main] o.s.b.f.s.DefaultListableBeanFactory     : Returning cached instance of singleton bean 'autoConfigurationReport'
2023-01-04 17:44:50.897 DEBUG 3888 --- [           main] a.ConfigurationClassBeanDefinitionReader : Registered bean definition for imported class 'org.springframework.boot.autoconfigure.web.servlet.DispatcherServletAutoConfiguration$DispatcherServletRegistrationConfiguration'
2023-01-04 17:44:50.900 DEBUG 3888 --- [           main] o.s.b.f.s.DefaultListableBeanFactory     : Returning cached instance of singleton bean 'org.springframework.boot.autoconfigure.condition.BeanTypeRegistry'
2023-01-04 17:44:50.902 DEBUG 3888 --- [           main] o.s.b.f.s.DefaultListableBeanFactory     : Returning cached instance of singleton bean 'autoConfigurationReport'
2023-01-04 17:44:50.905 DEBUG 3888 --- [           main] a.ConfigurationClassBeanDefinitionReader : Registering bean definition for @Bean method org.springframework.boot.autoconfigure.web.servlet.DispatcherServletAutoConfiguration$DispatcherServletRegistrationConfiguration.dispatcherServletRegistration()
2023-01-04 17:44:50.909 DEBUG 3888 --- [           main] a.ConfigurationClassBeanDefinitionReader : Registered bean definition for imported class 'org.springframework.boot.autoconfigure.web.servlet.DispatcherServletAutoConfiguration'
2023-01-04 17:44:50.914 DEBUG 3888 --- [           main] o.s.b.f.s.DefaultListableBeanFactory     : Returning cached instance of singleton bean 'autoConfigurationReport'
2023-01-04 17:44:50.915 DEBUG 3888 --- [           main] o.s.b.f.s.DefaultListableBeanFactory     : Returning cached instance of singleton bean 'autoConfigurationReport'
2023-01-04 17:44:50.916 DEBUG 3888 --- [           main] a.ConfigurationClassBeanDefinitionReader : Registered bean definition for imported class 'org.springframework.boot.autoconfigure.validation.ValidationAutoConfiguration'
2023-01-04 17:44:50.916 DEBUG 3888 --- [           main] o.s.b.f.s.DefaultListableBeanFactory     : Returning cached instance of singleton bean 'org.springframework.boot.autoconfigure.condition.BeanTypeRegistry'
2023-01-04 17:44:50.921 DEBUG 3888 --- [           main] o.s.b.f.s.DefaultListableBeanFactory     : Returning cached instance of singleton bean 'autoConfigurationReport'
2023-01-04 17:44:50.922 DEBUG 3888 --- [           main] a.ConfigurationClassBeanDefinitionReader : Registering bean definition for @Bean method org.springframework.boot.autoconfigure.validation.ValidationAutoConfiguration.defaultValidator()
2023-01-04 17:44:50.925 DEBUG 3888 --- [           main] o.s.b.f.s.DefaultListableBeanFactory     : Returning cached instance of singleton bean 'org.springframework.boot.autoconfigure.condition.BeanTypeRegistry'
2023-01-04 17:44:50.933 DEBUG 3888 --- [           main] o.s.b.f.s.DefaultListableBeanFactory     : Returning cached instance of singleton bean 'autoConfigurationReport'
2023-01-04 17:44:50.934 DEBUG 3888 --- [           main] a.ConfigurationClassBeanDefinitionReader : Registering bean definition for @Bean method org.springframework.boot.autoconfigure.validation.ValidationAutoConfiguration.methodValidationPostProcessor()
2023-01-04 17:44:50.935 DEBUG 3888 --- [           main] o.s.b.f.s.DefaultListableBeanFactory     : Returning cached instance of singleton bean 'autoConfigurationReport'
2023-01-04 17:44:50.935 DEBUG 3888 --- [           main] o.s.b.f.s.DefaultListableBeanFactory     : Returning cached instance of singleton bean 'autoConfigurationReport'
2023-01-04 17:44:50.936 DEBUG 3888 --- [           main] o.s.b.f.s.DefaultListableBeanFactory     : Returning cached instance of singleton bean 'autoConfigurationReport'
2023-01-04 17:44:50.937 DEBUG 3888 --- [           main] o.s.c.e.PropertySourcesPropertyResolver  : Could not find key 'spring.template.provider.cache' in any property source
2023-01-04 17:44:50.940 DEBUG 3888 --- [           main] o.s.b.f.s.DefaultListableBeanFactory     : Returning cached instance of singleton bean 'autoConfigurationReport'
2023-01-04 17:44:50.941 DEBUG 3888 --- [           main] a.ConfigurationClassBeanDefinitionReader : Registered bean definition for imported class 'org.springframework.boot.autoconfigure.web.servlet.error.ErrorMvcAutoConfiguration$WhitelabelErrorViewConfiguration'
2023-01-04 17:44:50.941 DEBUG 3888 --- [           main] o.s.b.f.s.DefaultListableBeanFactory     : Returning cached instance of singleton bean 'autoConfigurationReport'
2023-01-04 17:44:50.942 DEBUG 3888 --- [           main] a.ConfigurationClassBeanDefinitionReader : Registering bean definition for @Bean method org.springframework.boot.autoconfigure.web.servlet.error.ErrorMvcAutoConfiguration$WhitelabelErrorViewConfiguration.error()
2023-01-04 17:44:50.977 DEBUG 3888 --- [           main] o.s.b.f.s.DefaultListableBeanFactory     : Returning cached instance of singleton bean 'org.springframework.boot.autoconfigure.condition.BeanTypeRegistry'
2023-01-04 17:44:50.981 DEBUG 3888 --- [           main] o.s.b.f.s.DefaultListableBeanFactory     : Returning cached instance of singleton bean 'autoConfigurationReport'
2023-01-04 17:44:50.981 DEBUG 3888 --- [           main] a.ConfigurationClassBeanDefinitionReader : Registering bean definition for @Bean method org.springframework.boot.autoconfigure.web.servlet.error.ErrorMvcAutoConfiguration$WhitelabelErrorViewConfiguration.beanNameViewResolver()
2023-01-04 17:44:50.981 DEBUG 3888 --- [           main] a.ConfigurationClassBeanDefinitionReader : Registered bean definition for imported class 'org.springframework.boot.autoconfigure.web.servlet.error.ErrorMvcAutoConfiguration$DefaultErrorViewResolverConfiguration'
2023-01-04 17:44:50.981 DEBUG 3888 --- [           main] o.s.b.f.s.DefaultListableBeanFactory     : Returning cached instance of singleton bean 'org.springframework.boot.autoconfigure.condition.BeanTypeRegistry'
2023-01-04 17:44:50.986 DEBUG 3888 --- [           main] o.s.b.f.s.DefaultListableBeanFactory     : Returning cached instance of singleton bean 'org.springframework.boot.autoconfigure.condition.BeanTypeRegistry'
2023-01-04 17:44:50.987 DEBUG 3888 --- [           main] o.s.b.f.s.DefaultListableBeanFactory     : Returning cached instance of singleton bean 'autoConfigurationReport'
2023-01-04 17:44:50.988 DEBUG 3888 --- [           main] o.s.b.f.s.DefaultListableBeanFactory     : Returning cached instance of singleton bean 'org.springframework.boot.autoconfigure.condition.BeanTypeRegistry'
2023-01-04 17:44:50.988 DEBUG 3888 --- [           main] o.s.b.f.s.DefaultListableBeanFactory     : Returning cached instance of singleton bean 'org.springframework.boot.autoconfigure.condition.BeanTypeRegistry'
2023-01-04 17:44:50.989 DEBUG 3888 --- [           main] o.s.b.f.s.DefaultListableBeanFactory     : Returning cached instance of singleton bean 'autoConfigurationReport'
2023-01-04 17:44:50.989 DEBUG 3888 --- [           main] a.ConfigurationClassBeanDefinitionReader : Registering bean definition for @Bean method org.springframework.boot.autoconfigure.web.servlet.error.ErrorMvcAutoConfiguration$DefaultErrorViewResolverConfiguration.conventionErrorViewResolver()
2023-01-04 17:44:50.991 DEBUG 3888 --- [           main] a.ConfigurationClassBeanDefinitionReader : Registered bean definition for imported class 'org.springframework.boot.autoconfigure.web.servlet.error.ErrorMvcAutoConfiguration'
2023-01-04 17:44:50.993 DEBUG 3888 --- [           main] o.s.b.f.s.DefaultListableBeanFactory     : Returning cached instance of singleton bean 'org.springframework.boot.autoconfigure.condition.BeanTypeRegistry'
2023-01-04 17:44:50.997 DEBUG 3888 --- [           main] o.s.b.f.s.DefaultListableBeanFactory     : Returning cached instance of singleton bean 'autoConfigurationReport'
2023-01-04 17:44:50.998 DEBUG 3888 --- [           main] a.ConfigurationClassBeanDefinitionReader : Registering bean definition for @Bean method org.springframework.boot.autoconfigure.web.servlet.error.ErrorMvcAutoConfiguration.errorAttributes()
2023-01-04 17:44:50.999 DEBUG 3888 --- [           main] o.s.b.f.s.DefaultListableBeanFactory     : Returning cached instance of singleton bean 'org.springframework.boot.autoconfigure.condition.BeanTypeRegistry'
2023-01-04 17:44:51.002 DEBUG 3888 --- [           main] o.s.b.f.s.DefaultListableBeanFactory     : Returning cached instance of singleton bean 'autoConfigurationReport'
2023-01-04 17:44:51.002 DEBUG 3888 --- [           main] a.ConfigurationClassBeanDefinitionReader : Registering bean definition for @Bean method org.springframework.boot.autoconfigure.web.servlet.error.ErrorMvcAutoConfiguration.basicErrorController()
2023-01-04 17:44:51.002 DEBUG 3888 --- [           main] a.ConfigurationClassBeanDefinitionReader : Registering bean definition for @Bean method org.springframework.boot.autoconfigure.web.servlet.error.ErrorMvcAutoConfiguration.errorPageCustomizer()
2023-01-04 17:44:51.002 DEBUG 3888 --- [           main] a.ConfigurationClassBeanDefinitionReader : Registering bean definition for @Bean method org.springframework.boot.autoconfigure.web.servlet.error.ErrorMvcAutoConfiguration.preserveErrorControllerTargetClassPostProcessor()
2023-01-04 17:44:51.003 DEBUG 3888 --- [           main] o.s.b.f.s.DefaultListableBeanFactory     : Returning cached instance of singleton bean 'autoConfigurationReport'
2023-01-04 17:44:51.003 DEBUG 3888 --- [           main] o.s.b.f.s.DefaultListableBeanFactory     : Returning cached instance of singleton bean 'autoConfigurationReport'
2023-01-04 17:44:51.004 DEBUG 3888 --- [           main] o.s.b.f.s.DefaultListableBeanFactory     : Returning cached instance of singleton bean 'org.springframework.boot.autoconfigure.condition.BeanTypeRegistry'
2023-01-04 17:44:51.006 DEBUG 3888 --- [           main] o.s.b.f.s.DefaultListableBeanFactory     : Returning cached instance of singleton bean 'autoConfigurationReport'
2023-01-04 17:44:51.006 DEBUG 3888 --- [           main] o.s.b.f.s.DefaultListableBeanFactory     : Returning cached instance of singleton bean 'autoConfigurationReport'
2023-01-04 17:44:51.006 DEBUG 3888 --- [           main] a.ConfigurationClassBeanDefinitionReader : Registered bean definition for imported class 'org.springframework.boot.autoconfigure.web.servlet.WebMvcAutoConfiguration$WebMvcAutoConfigurationAdapter$FaviconConfiguration'
2023-01-04 17:44:51.007 DEBUG 3888 --- [           main] a.ConfigurationClassBeanDefinitionReader : Registering bean definition for @Bean method org.springframework.boot.autoconfigure.web.servlet.WebMvcAutoConfiguration$WebMvcAutoConfigurationAdapter$FaviconConfiguration.faviconHandlerMapping()
2023-01-04 17:44:51.007 DEBUG 3888 --- [           main] a.ConfigurationClassBeanDefinitionReader : Registering bean definition for @Bean method org.springframework.boot.autoconfigure.web.servlet.WebMvcAutoConfiguration$WebMvcAutoConfigurationAdapter$FaviconConfiguration.faviconRequestHandler()
2023-01-04 17:44:51.007 DEBUG 3888 --- [           main] a.ConfigurationClassBeanDefinitionReader : Registered bean definition for imported class 'org.springframework.boot.autoconfigure.web.servlet.WebMvcAutoConfiguration$EnableWebMvcConfiguration'
2023-01-04 17:44:51.007 DEBUG 3888 --- [           main] a.ConfigurationClassBeanDefinitionReader : Registering bean definition for @Bean method org.springframework.boot.autoconfigure.web.servlet.WebMvcAutoConfiguration$EnableWebMvcConfiguration.requestMappingHandlerAdapter()
2023-01-04 17:44:51.007 DEBUG 3888 --- [           main] a.ConfigurationClassBeanDefinitionReader : Registering bean definition for @Bean method org.springframework.boot.autoconfigure.web.servlet.WebMvcAutoConfiguration$EnableWebMvcConfiguration.requestMappingHandlerMapping()
2023-01-04 17:44:51.007 DEBUG 3888 --- [           main] a.ConfigurationClassBeanDefinitionReader : Registering bean definition for @Bean method org.springframework.boot.autoconfigure.web.servlet.WebMvcAutoConfiguration$EnableWebMvcConfiguration.mvcConversionService()
2023-01-04 17:44:51.008 DEBUG 3888 --- [           main] a.ConfigurationClassBeanDefinitionReader : Registering bean definition for @Bean method org.springframework.boot.autoconfigure.web.servlet.WebMvcAutoConfiguration$EnableWebMvcConfiguration.mvcValidator()
2023-01-04 17:44:51.008 DEBUG 3888 --- [           main] a.ConfigurationClassBeanDefinitionReader : Registering bean definition for @Bean method org.springframework.boot.autoconfigure.web.servlet.WebMvcAutoConfiguration$EnableWebMvcConfiguration.mvcContentNegotiationManager()
2023-01-04 17:44:51.008 DEBUG 3888 --- [           main] a.ConfigurationClassBeanDefinitionReader : Registering bean definition for @Bean method org.springframework.boot.autoconfigure.web.servlet.WebMvcAutoConfiguration$EnableWebMvcConfiguration.mvcPathMatcher()
2023-01-04 17:44:51.008 DEBUG 3888 --- [           main] a.ConfigurationClassBeanDefinitionReader : Registering bean definition for @Bean method org.springframework.boot.autoconfigure.web.servlet.WebMvcAutoConfiguration$EnableWebMvcConfiguration.mvcUrlPathHelper()
2023-01-04 17:44:51.008 DEBUG 3888 --- [           main] a.ConfigurationClassBeanDefinitionReader : Registering bean definition for @Bean method org.springframework.boot.autoconfigure.web.servlet.WebMvcAutoConfiguration$EnableWebMvcConfiguration.viewControllerHandlerMapping()
2023-01-04 17:44:51.009 DEBUG 3888 --- [           main] a.ConfigurationClassBeanDefinitionReader : Registering bean definition for @Bean method org.springframework.boot.autoconfigure.web.servlet.WebMvcAutoConfiguration$EnableWebMvcConfiguration.beanNameHandlerMapping()
2023-01-04 17:44:51.009 DEBUG 3888 --- [           main] a.ConfigurationClassBeanDefinitionReader : Registering bean definition for @Bean method org.springframework.boot.autoconfigure.web.servlet.WebMvcAutoConfiguration$EnableWebMvcConfiguration.resourceHandlerMapping()
2023-01-04 17:44:51.009 DEBUG 3888 --- [           main] a.ConfigurationClassBeanDefinitionReader : Registering bean definition for @Bean method org.springframework.boot.autoconfigure.web.servlet.WebMvcAutoConfiguration$EnableWebMvcConfiguration.mvcResourceUrlProvider()
2023-01-04 17:44:51.009 DEBUG 3888 --- [           main] a.ConfigurationClassBeanDefinitionReader : Registering bean definition for @Bean method org.springframework.boot.autoconfigure.web.servlet.WebMvcAutoConfiguration$EnableWebMvcConfiguration.defaultServletHandlerMapping()
2023-01-04 17:44:51.010 DEBUG 3888 --- [           main] a.ConfigurationClassBeanDefinitionReader : Registering bean definition for @Bean method org.springframework.boot.autoconfigure.web.servlet.WebMvcAutoConfiguration$EnableWebMvcConfiguration.mvcUriComponentsContributor()
2023-01-04 17:44:51.011 DEBUG 3888 --- [           main] a.ConfigurationClassBeanDefinitionReader : Registering bean definition for @Bean method org.springframework.boot.autoconfigure.web.servlet.WebMvcAutoConfiguration$EnableWebMvcConfiguration.httpRequestHandlerAdapter()
2023-01-04 17:44:51.011 DEBUG 3888 --- [           main] a.ConfigurationClassBeanDefinitionReader : Registering bean definition for @Bean method org.springframework.boot.autoconfigure.web.servlet.WebMvcAutoConfiguration$EnableWebMvcConfiguration.simpleControllerHandlerAdapter()
2023-01-04 17:44:51.012 DEBUG 3888 --- [           main] a.ConfigurationClassBeanDefinitionReader : Registering bean definition for @Bean method org.springframework.boot.autoconfigure.web.servlet.WebMvcAutoConfiguration$EnableWebMvcConfiguration.handlerExceptionResolver()
2023-01-04 17:44:51.012 DEBUG 3888 --- [           main] a.ConfigurationClassBeanDefinitionReader : Registering bean definition for @Bean method org.springframework.boot.autoconfigure.web.servlet.WebMvcAutoConfiguration$EnableWebMvcConfiguration.mvcViewResolver()
2023-01-04 17:44:51.013 DEBUG 3888 --- [           main] a.ConfigurationClassBeanDefinitionReader : Registering bean definition for @Bean method org.springframework.boot.autoconfigure.web.servlet.WebMvcAutoConfiguration$EnableWebMvcConfiguration.mvcHandlerMappingIntrospector()
2023-01-04 17:44:51.015 DEBUG 3888 --- [           main] a.ConfigurationClassBeanDefinitionReader : Registered bean definition for imported class 'org.springframework.boot.autoconfigure.web.servlet.WebMvcAutoConfiguration$WebMvcAutoConfigurationAdapter'
2023-01-04 17:44:51.075 DEBUG 3888 --- [           main] o.s.b.f.s.DefaultListableBeanFactory     : Returning cached instance of singleton bean 'org.springframework.boot.autoconfigure.condition.BeanTypeRegistry'
2023-01-04 17:44:51.459 DEBUG 3888 --- [           main] o.s.b.f.s.DefaultListableBeanFactory     : Returning cached instance of singleton bean 'autoConfigurationReport'
2023-01-04 17:44:51.460 DEBUG 3888 --- [           main] a.ConfigurationClassBeanDefinitionReader : Registering bean definition for @Bean method org.springframework.boot.autoconfigure.web.servlet.WebMvcAutoConfiguration$WebMvcAutoConfigurationAdapter.defaultViewResolver()
2023-01-04 17:44:51.460 DEBUG 3888 --- [           main] o.s.b.f.s.DefaultListableBeanFactory     : Returning cached instance of singleton bean 'org.springframework.boot.autoconfigure.condition.BeanTypeRegistry'
2023-01-04 17:44:51.537 DEBUG 3888 --- [           main] o.s.b.f.s.DefaultListableBeanFactory     : Returning cached instance of singleton bean 'org.springframework.boot.autoconfigure.condition.BeanTypeRegistry'
2023-01-04 17:44:51.538 DEBUG 3888 --- [           main] o.s.b.f.s.DefaultListableBeanFactory     : Returning cached instance of singleton bean 'autoConfigurationReport'
2023-01-04 17:44:51.539 DEBUG 3888 --- [           main] o.s.b.f.s.DefaultListableBeanFactory     : Returning cached instance of singleton bean 'org.springframework.boot.autoconfigure.condition.BeanTypeRegistry'
2023-01-04 17:44:51.539 DEBUG 3888 --- [           main] o.s.b.f.s.DefaultListableBeanFactory     : Returning cached instance of singleton bean 'org.springframework.boot.autoconfigure.condition.BeanTypeRegistry'
2023-01-04 17:44:51.540 DEBUG 3888 --- [           main] o.s.b.f.s.DefaultListableBeanFactory     : Returning cached instance of singleton bean 'autoConfigurationReport'
2023-01-04 17:44:51.540 DEBUG 3888 --- [           main] o.s.b.f.s.DefaultListableBeanFactory     : Returning cached instance of singleton bean 'org.springframework.boot.autoconfigure.condition.BeanTypeRegistry'
2023-01-04 17:44:51.540 DEBUG 3888 --- [           main] o.s.b.f.s.DefaultListableBeanFactory     : Returning cached instance of singleton bean 'org.springframework.boot.autoconfigure.condition.BeanTypeRegistry'
2023-01-04 17:44:51.541 DEBUG 3888 --- [           main] o.s.b.f.s.DefaultListableBeanFactory     : Returning cached instance of singleton bean 'autoConfigurationReport'
2023-01-04 17:44:51.541 DEBUG 3888 --- [           main] a.ConfigurationClassBeanDefinitionReader : Registering bean definition for @Bean method org.springframework.boot.autoconfigure.web.servlet.WebMvcAutoConfiguration$WebMvcAutoConfigurationAdapter.viewResolver()
2023-01-04 17:44:51.542 DEBUG 3888 --- [           main] o.s.b.f.s.DefaultListableBeanFactory     : Returning cached instance of singleton bean 'autoConfigurationReport'
2023-01-04 17:44:51.543 DEBUG 3888 --- [           main] a.ConfigurationClassBeanDefinitionReader : Registering bean definition for @Bean method org.springframework.boot.autoconfigure.web.servlet.WebMvcAutoConfiguration$WebMvcAutoConfigurationAdapter.welcomePageHandlerMapping()
2023-01-04 17:44:51.547 DEBUG 3888 --- [           main] o.s.b.f.s.DefaultListableBeanFactory     : Returning cached instance of singleton bean 'org.springframework.boot.autoconfigure.condition.BeanTypeRegistry'
2023-01-04 17:44:51.548 DEBUG 3888 --- [           main] o.s.b.f.s.DefaultListableBeanFactory     : Returning cached instance of singleton bean 'org.springframework.boot.autoconfigure.condition.BeanTypeRegistry'
2023-01-04 17:44:51.548 DEBUG 3888 --- [           main] o.s.b.f.s.DefaultListableBeanFactory     : Returning cached instance of singleton bean 'autoConfigurationReport'
2023-01-04 17:44:51.548 DEBUG 3888 --- [           main] a.ConfigurationClassBeanDefinitionReader : Registering bean definition for @Bean method org.springframework.boot.autoconfigure.web.servlet.WebMvcAutoConfiguration$WebMvcAutoConfigurationAdapter.requestContextFilter()
2023-01-04 17:44:51.549 DEBUG 3888 --- [           main] a.ConfigurationClassBeanDefinitionReader : Registered bean definition for imported class 'org.springframework.boot.autoconfigure.web.servlet.WebMvcAutoConfiguration'
2023-01-04 17:44:51.607 DEBUG 3888 --- [           main] o.s.b.f.s.DefaultListableBeanFactory     : Returning cached instance of singleton bean 'org.springframework.boot.autoconfigure.condition.BeanTypeRegistry'
2023-01-04 17:44:51.608 DEBUG 3888 --- [           main] o.s.b.f.s.DefaultListableBeanFactory     : Returning cached instance of singleton bean 'autoConfigurationReport'
2023-01-04 17:44:51.608 DEBUG 3888 --- [           main] a.ConfigurationClassBeanDefinitionReader : Registering bean definition for @Bean method org.springframework.boot.autoconfigure.web.servlet.WebMvcAutoConfiguration.hiddenHttpMethodFilter()
2023-01-04 17:44:51.609 DEBUG 3888 --- [           main] o.s.b.f.s.DefaultListableBeanFactory     : Returning cached instance of singleton bean 'autoConfigurationReport'
2023-01-04 17:44:51.622 DEBUG 3888 --- [           main] o.s.b.f.s.DefaultListableBeanFactory     : Returning cached instance of singleton bean 'org.springframework.boot.autoconfigure.condition.BeanTypeRegistry'
2023-01-04 17:44:51.623 DEBUG 3888 --- [           main] o.s.b.f.s.DefaultListableBeanFactory     : Returning cached instance of singleton bean 'autoConfigurationReport'
2023-01-04 17:44:51.623 DEBUG 3888 --- [           main] a.ConfigurationClassBeanDefinitionReader : Registering bean definition for @Bean method org.springframework.boot.autoconfigure.web.servlet.WebMvcAutoConfiguration.httpPutFormContentFilter()
2023-01-04 17:44:51.623 DEBUG 3888 --- [           main] o.s.b.f.s.DefaultListableBeanFactory     : Returning cached instance of singleton bean 'autoConfigurationReport'
2023-01-04 17:44:51.624 DEBUG 3888 --- [           main] o.s.b.f.s.DefaultListableBeanFactory     : Returning cached instance of singleton bean 'autoConfigurationReport'
2023-01-04 17:44:51.628 DEBUG 3888 --- [           main] o.s.b.f.s.DefaultListableBeanFactory     : Returning cached instance of singleton bean 'autoConfigurationReport'
2023-01-04 17:44:51.628 DEBUG 3888 --- [           main] a.ConfigurationClassBeanDefinitionReader : Registered bean definition for imported class 'org.springframework.boot.autoconfigure.aop.AopAutoConfiguration$CglibAutoProxyConfiguration'
2023-01-04 17:44:51.717 DEBUG 3888 --- [           main] a.ConfigurationClassBeanDefinitionReader : Registered bean definition for imported class 'org.springframework.boot.autoconfigure.aop.AopAutoConfiguration'
2023-01-04 17:44:51.717 DEBUG 3888 --- [           main] o.s.b.f.s.DefaultListableBeanFactory     : Returning cached instance of singleton bean 'autoConfigurationReport'
2023-01-04 17:44:51.762 DEBUG 3888 --- [           main] o.s.b.f.s.DefaultListableBeanFactory     : Returning cached instance of singleton bean 'org.springframework.boot.autoconfigure.condition.BeanTypeRegistry'
2023-01-04 17:44:51.765 DEBUG 3888 --- [           main] o.s.b.f.s.DefaultListableBeanFactory     : Returning cached instance of singleton bean 'autoConfigurationReport'
2023-01-04 17:44:51.765 DEBUG 3888 --- [           main] a.ConfigurationClassBeanDefinitionReader : Registered bean definition for imported class 'org.springframework.boot.autoconfigure.context.ConfigurationPropertiesAutoConfiguration'
2023-01-04 17:44:51.766 DEBUG 3888 --- [           main] o.s.b.f.s.DefaultListableBeanFactory     : Returning cached instance of singleton bean 'autoConfigurationReport'
2023-01-04 17:44:51.766 DEBUG 3888 --- [           main] a.ConfigurationClassBeanDefinitionReader : Registered bean definition for imported class 'org.springframework.boot.autoconfigure.dao.PersistenceExceptionTranslationAutoConfiguration'
2023-01-04 17:44:51.767 DEBUG 3888 --- [           main] o.s.b.f.s.DefaultListableBeanFactory     : Returning cached instance of singleton bean 'autoConfigurationReport'
2023-01-04 17:44:51.767 DEBUG 3888 --- [           main] o.s.b.f.s.DefaultListableBeanFactory     : Returning cached instance of singleton bean 'org.springframework.boot.autoconfigure.condition.BeanTypeRegistry'
2023-01-04 17:44:51.768 DEBUG 3888 --- [           main] o.s.b.f.s.DefaultListableBeanFactory     : Returning cached instance of singleton bean 'autoConfigurationReport'
2023-01-04 17:44:51.768 DEBUG 3888 --- [           main] a.ConfigurationClassBeanDefinitionReader : Registering bean definition for @Bean method org.springframework.boot.autoconfigure.dao.PersistenceExceptionTranslationAutoConfiguration.persistenceExceptionTranslationPostProcessor()
2023-01-04 17:44:51.768 DEBUG 3888 --- [           main] o.s.b.f.s.DefaultListableBeanFactory     : Returning cached instance of singleton bean 'autoConfigurationReport'
2023-01-04 17:44:51.769 DEBUG 3888 --- [           main] o.s.b.f.s.DefaultListableBeanFactory     : Returning cached instance of singleton bean 'autoConfigurationReport'
2023-01-04 17:44:51.771 DEBUG 3888 --- [kground-preinit] org.apache.tomcat.util.modeler.Registry  : Found jar:file:/C:/Users/ustjavafsdb403/.m2/repository/org/apache/tomcat/embed/tomcat-embed-core/8.5.32/tomcat-embed-core-8.5.32.jar!/org/apache/catalina/mbeans/mbeans-descriptors.xml
2023-01-04 17:44:51.775 DEBUG 3888 --- [           main] a.ConfigurationClassBeanDefinitionReader : Registered bean definition for imported class 'org.springframework.boot.autoconfigure.transaction.jta.JtaAutoConfiguration'
2023-01-04 17:44:51.779 DEBUG 3888 --- [           main] o.s.b.f.s.DefaultListableBeanFactory     : Returning cached instance of singleton bean 'autoConfigurationReport'
2023-01-04 17:44:51.780 DEBUG 3888 --- [           main] o.s.b.f.s.DefaultListableBeanFactory     : Returning cached instance of singleton bean 'org.springframework.boot.autoconfigure.condition.BeanTypeRegistry'
2023-01-04 17:44:51.781 DEBUG 3888 --- [           main] o.s.b.f.s.DefaultListableBeanFactory     : Returning cached instance of singleton bean 'autoConfigurationReport'
2023-01-04 17:44:51.782 DEBUG 3888 --- [           main] o.s.b.f.s.DefaultListableBeanFactory     : Returning cached instance of singleton bean 'autoConfigurationReport'
2023-01-04 17:44:51.818 DEBUG 3888 --- [           main] o.s.b.f.s.DefaultListableBeanFactory     : Returning cached instance of singleton bean 'org.springframework.boot.autoconfigure.condition.BeanTypeRegistry'
2023-01-04 17:44:51.819 DEBUG 3888 --- [           main] o.s.b.f.s.DefaultListableBeanFactory     : Returning cached instance of singleton bean 'org.springframework.boot.autoconfigure.condition.BeanTypeRegistry'
2023-01-04 17:44:51.819 DEBUG 3888 --- [           main] o.s.b.f.s.DefaultListableBeanFactory     : Returning cached instance of singleton bean 'autoConfigurationReport'
2023-01-04 17:44:51.820 DEBUG 3888 --- [           main] o.s.b.f.s.DefaultListableBeanFactory     : Returning cached instance of singleton bean 'autoConfigurationReport'
2023-01-04 17:44:51.820 DEBUG 3888 --- [           main] o.s.b.f.s.DefaultListableBeanFactory     : Returning cached instance of singleton bean 'autoConfigurationReport'
2023-01-04 17:44:51.820 DEBUG 3888 --- [           main] o.s.b.f.s.DefaultListableBeanFactory     : Returning cached instance of singleton bean 'org.springframework.boot.autoconfigure.condition.BeanTypeRegistry'
2023-01-04 17:44:51.823 DEBUG 3888 --- [           main] o.s.b.f.s.DefaultListableBeanFactory     : Returning cached instance of singleton bean 'autoConfigurationReport'
2023-01-04 17:44:51.823 DEBUG 3888 --- [           main] a.ConfigurationClassBeanDefinitionReader : Registered bean definition for imported class 'org.springframework.boot.autoconfigure.jdbc.DataSourceConfiguration$Hikari'
2023-01-04 17:44:51.824 DEBUG 3888 --- [           main] a.ConfigurationClassBeanDefinitionReader : Registering bean definition for @Bean method org.springframework.boot.autoconfigure.jdbc.DataSourceConfiguration$Hikari.dataSource()
2023-01-04 17:44:51.827 DEBUG 3888 --- [           main] a.ConfigurationClassBeanDefinitionReader : Registered bean definition for imported class 'org.springframework.boot.autoconfigure.jdbc.DataSourceAutoConfiguration$PooledDataSourceConfiguration'
2023-01-04 17:44:51.827 DEBUG 3888 --- [           main] o.s.b.f.s.DefaultListableBeanFactory     : Returning cached instance of singleton bean 'autoConfigurationReport'
2023-01-04 17:44:51.827 DEBUG 3888 --- [           main] a.ConfigurationClassBeanDefinitionReader : Registered bean definition for imported class 'org.springframework.boot.autoconfigure.jdbc.metadata.DataSourcePoolMetadataProvidersConfiguration$HikariPoolDataSourceMetadataProviderConfiguration'
2023-01-04 17:44:51.827 DEBUG 3888 --- [           main] a.ConfigurationClassBeanDefinitionReader : Registering bean definition for @Bean method org.springframework.boot.autoconfigure.jdbc.metadata.DataSourcePoolMetadataProvidersConfiguration$HikariPoolDataSourceMetadataProviderConfiguration.hikariPoolDataSourceMetadataProvider()
2023-01-04 17:44:51.827 DEBUG 3888 --- [           main] a.ConfigurationClassBeanDefinitionReader : Registered bean definition for imported class 'org.springframework.boot.autoconfigure.jdbc.metadata.DataSourcePoolMetadataProvidersConfiguration'
2023-01-04 17:44:51.827 DEBUG 3888 --- [           main] a.ConfigurationClassBeanDefinitionReader : Registered bean definition for imported class 'org.springframework.boot.autoconfigure.jdbc.DataSourceInitializerInvoker'
2023-01-04 17:44:51.827 DEBUG 3888 --- [           main] a.ConfigurationClassBeanDefinitionReader : Registered bean definition for imported class 'org.springframework.boot.autoconfigure.jdbc.DataSourceInitializationConfiguration'
2023-01-04 17:44:51.853 DEBUG 3888 --- [           main] a.ConfigurationClassBeanDefinitionReader : Registered bean definition for imported class 'org.springframework.boot.autoconfigure.jdbc.DataSourceAutoConfiguration'
2023-01-04 17:44:51.854 DEBUG 3888 --- [           main] o.s.b.f.s.DefaultListableBeanFactory     : Returning cached instance of singleton bean 'autoConfigurationReport'
2023-01-04 17:44:51.854 DEBUG 3888 --- [           main] o.s.b.f.s.DefaultListableBeanFactory     : Returning cached instance of singleton bean 'autoConfigurationReport'
2023-01-04 17:44:51.855 DEBUG 3888 --- [           main] o.s.b.f.s.DefaultListableBeanFactory     : Returning cached instance of singleton bean 'org.springframework.boot.autoconfigure.condition.BeanTypeRegistry'
2023-01-04 17:44:51.859 DEBUG 3888 --- [           main] o.s.b.f.s.DefaultListableBeanFactory     : Returning cached instance of singleton bean 'autoConfigurationReport'
2023-01-04 17:44:51.859 DEBUG 3888 --- [           main] o.s.b.f.s.DefaultListableBeanFactory     : Returning cached instance of singleton bean 'autoConfigurationReport'
2023-01-04 17:44:51.859 DEBUG 3888 --- [           main] o.s.b.f.s.DefaultListableBeanFactory     : Returning cached instance of singleton bean 'autoConfigurationReport'
2023-01-04 17:44:51.860 DEBUG 3888 --- [           main] o.s.b.f.s.DefaultListableBeanFactory     : Returning cached instance of singleton bean 'autoConfigurationReport'
2023-01-04 17:44:51.918 DEBUG 3888 --- [           main] o.s.b.f.s.DefaultListableBeanFactory     : Returning cached instance of singleton bean 'org.springframework.boot.autoconfigure.condition.BeanTypeRegistry'
2023-01-04 17:44:51.919 DEBUG 3888 --- [           main] o.s.b.f.s.DefaultListableBeanFactory     : Returning cached instance of singleton bean 'org.springframework.boot.autoconfigure.condition.BeanTypeRegistry'
2023-01-04 17:44:51.919 DEBUG 3888 --- [           main] o.s.b.f.s.DefaultListableBeanFactory     : Returning cached instance of singleton bean 'autoConfigurationReport'
2023-01-04 17:44:51.919 DEBUG 3888 --- [           main] a.ConfigurationClassBeanDefinitionReader : Registered bean definition for imported class 'org.springframework.boot.autoconfigure.orm.jpa.JpaBaseConfiguration$JpaWebConfiguration$JpaWebMvcConfiguration'
2023-01-04 17:44:51.920 DEBUG 3888 --- [           main] a.ConfigurationClassBeanDefinitionReader : Registering bean definition for @Bean method org.springframework.boot.autoconfigure.orm.jpa.JpaBaseConfiguration$JpaWebConfiguration$JpaWebMvcConfiguration.openEntityManagerInViewInterceptor()
2023-01-04 17:44:51.921 DEBUG 3888 --- [           main] a.ConfigurationClassBeanDefinitionReader : Registered bean definition for imported class 'org.springframework.boot.autoconfigure.orm.jpa.JpaBaseConfiguration$JpaWebConfiguration'
2023-01-04 17:44:51.921 DEBUG 3888 --- [           main] a.ConfigurationClassBeanDefinitionReader : Registered bean definition for imported class 'org.springframework.boot.autoconfigure.orm.jpa.HibernateJpaConfiguration'
2023-01-04 17:44:51.922 DEBUG 3888 --- [           main] o.s.b.f.s.DefaultListableBeanFactory     : Returning cached instance of singleton bean 'org.springframework.boot.autoconfigure.condition.BeanTypeRegistry'
2023-01-04 17:44:51.928 DEBUG 3888 --- [           main] o.s.b.f.s.DefaultListableBeanFactory     : Returning cached instance of singleton bean 'autoConfigurationReport'
2023-01-04 17:44:51.929 DEBUG 3888 --- [           main] a.ConfigurationClassBeanDefinitionReader : Registering bean definition for @Bean method org.springframework.boot.autoconfigure.orm.jpa.HibernateJpaConfiguration.transactionManager()
2023-01-04 17:44:51.929 DEBUG 3888 --- [           main] o.s.b.f.s.DefaultListableBeanFactory     : Returning cached instance of singleton bean 'org.springframework.boot.autoconfigure.condition.BeanTypeRegistry'
2023-01-04 17:44:51.958 DEBUG 3888 --- [           main] o.s.b.f.s.DefaultListableBeanFactory     : Returning cached instance of singleton bean 'autoConfigurationReport'
2023-01-04 17:44:51.959 DEBUG 3888 --- [           main] a.ConfigurationClassBeanDefinitionReader : Registering bean definition for @Bean method org.springframework.boot.autoconfigure.orm.jpa.HibernateJpaConfiguration.jpaVendorAdapter()
2023-01-04 17:44:51.959 DEBUG 3888 --- [           main] o.s.b.f.s.DefaultListableBeanFactory     : Returning cached instance of singleton bean 'org.springframework.boot.autoconfigure.condition.BeanTypeRegistry'
2023-01-04 17:44:51.960 DEBUG 3888 --- [           main] o.s.b.f.s.DefaultListableBeanFactory     : Returning cached instance of singleton bean 'autoConfigurationReport'
2023-01-04 17:44:51.960 DEBUG 3888 --- [           main] a.ConfigurationClassBeanDefinitionReader : Registering bean definition for @Bean method org.springframework.boot.autoconfigure.orm.jpa.HibernateJpaConfiguration.entityManagerFactoryBuilder()
2023-01-04 17:44:51.960 DEBUG 3888 --- [           main] o.s.b.f.s.DefaultListableBeanFactory     : Returning cached instance of singleton bean 'org.springframework.boot.autoconfigure.condition.BeanTypeRegistry'
2023-01-04 17:44:51.960 DEBUG 3888 --- [           main] o.s.b.f.s.DefaultListableBeanFactory     : Returning cached instance of singleton bean 'org.springframework.boot.autoconfigure.condition.BeanTypeRegistry'
2023-01-04 17:44:51.961 DEBUG 3888 --- [           main] o.s.b.f.s.DefaultListableBeanFactory     : Returning cached instance of singleton bean 'autoConfigurationReport'
2023-01-04 17:44:51.962 DEBUG 3888 --- [           main] a.ConfigurationClassBeanDefinitionReader : Registering bean definition for @Bean method org.springframework.boot.autoconfigure.orm.jpa.HibernateJpaConfiguration.entityManagerFactory()
2023-01-04 17:44:51.964 DEBUG 3888 --- [           main] a.ConfigurationClassBeanDefinitionReader : Registered bean definition for imported class 'org.springframework.boot.autoconfigure.orm.jpa.HibernateJpaAutoConfiguration'
2023-01-04 17:44:51.964 DEBUG 3888 --- [           main] o.s.b.f.s.DefaultListableBeanFactory     : Returning cached instance of singleton bean 'autoConfigurationReport'
2023-01-04 17:44:51.965 DEBUG 3888 --- [           main] o.s.b.f.s.DefaultListableBeanFactory     : Returning cached instance of singleton bean 'autoConfigurationReport'
2023-01-04 17:44:51.965 DEBUG 3888 --- [           main] o.s.b.f.s.DefaultListableBeanFactory     : Returning cached instance of singleton bean 'org.springframework.boot.autoconfigure.condition.BeanTypeRegistry'
2023-01-04 17:44:51.966 DEBUG 3888 --- [kground-preinit] o.apache.tomcat.util.digester.Digester   : register('-//Apache Software Foundation//DTD Model MBeans Configuration File', 'jar:file:/C:/Users/ustjavafsdb403/.m2/repository/org/apache/tomcat/embed/tomcat-embed-core/8.5.32/tomcat-embed-core-8.5.32.jar!/org/apache/tomcat/util/modeler/mbeans-descriptors.dtd'
2023-01-04 17:44:52.039 DEBUG 3888 --- [           main] o.s.b.f.s.DefaultListableBeanFactory     : Returning cached instance of singleton bean 'org.springframework.boot.autoconfigure.condition.BeanTypeRegistry'
2023-01-04 17:44:52.039 DEBUG 3888 --- [           main] o.s.b.f.s.DefaultListableBeanFactory     : Returning cached instance of singleton bean 'org.springframework.boot.autoconfigure.condition.BeanTypeRegistry'
2023-01-04 17:44:52.040 DEBUG 3888 --- [           main] o.s.b.f.s.DefaultListableBeanFactory     : Returning cached instance of singleton bean 'autoConfigurationReport'
2023-01-04 17:44:52.040 DEBUG 3888 --- [           main] o.s.b.f.s.DefaultListableBeanFactory     : Returning cached instance of singleton bean 'org.springframework.boot.autoconfigure.condition.BeanTypeRegistry'
2023-01-04 17:44:52.041 DEBUG 3888 --- [           main] o.s.b.f.s.DefaultListableBeanFactory     : Returning cached instance of singleton bean 'org.springframework.boot.autoconfigure.condition.BeanTypeRegistry'
2023-01-04 17:44:52.041 DEBUG 3888 --- [           main] o.s.b.f.s.DefaultListableBeanFactory     : Returning cached instance of singleton bean 'org.springframework.boot.autoconfigure.condition.BeanTypeRegistry'
2023-01-04 17:44:52.042 DEBUG 3888 --- [           main] o.s.b.f.s.DefaultListableBeanFactory     : Returning cached instance of singleton bean 'autoConfigurationReport'
2023-01-04 17:44:52.042 DEBUG 3888 --- [           main] a.ConfigurationClassBeanDefinitionReader : Registered bean definition for imported class 'org.springframework.boot.autoconfigure.data.jpa.JpaRepositoriesAutoConfiguration'
2023-01-04 17:44:52.125 DEBUG 3888 --- [           main] o.s.core.env.StandardEnvironment         : Adding PropertySource 'systemProperties' with lowest search precedence
2023-01-04 17:44:52.125 DEBUG 3888 --- [           main] o.s.core.env.StandardEnvironment         : Adding PropertySource 'systemEnvironment' with lowest search precedence
2023-01-04 17:44:52.125 DEBUG 3888 --- [           main] o.s.core.env.StandardEnvironment         : Initialized StandardEnvironment with PropertySources [MapPropertySource@1248334686 {name='systemProperties', properties={java.specification.version=17, sun.cpu.isalist=amd64, sun.jnu.encoding=Cp1252, java.class.path=E:\spring-transaction-management-master\target\test-classes;E:\spring-transaction-management-master\target\classes;C:\Users\ustjavafsdb403\.m2\repository\org\springframework\boot\spring-boot-starter-data-jpa\2.0.4.RELEASE\spring-boot-starter-data-jpa-2.0.4.RELEASE.jar;C:\Users\ustjavafsdb403\.m2\repository\org\springframework\boot\spring-boot-starter\2.0.4.RELEASE\spring-boot-starter-2.0.4.RELEASE.jar;C:\Users\ustjavafsdb403\.m2\repository\org\springframework\boot\spring-boot\2.0.4.RELEASE\spring-boot-2.0.4.RELEASE.jar;C:\Users\ustjavafsdb403\.m2\repository\org\springframework\boot\spring-boot-autoconfigure\2.0.4.RELEASE\spring-boot-autoconfigure-2.0.4.RELEASE.jar;C:\Users\ustjavafsdb403\.m2\repository\org\springframework\boot\spring-boot-starter-logging\2.0.4.RELEASE\spring-boot-starter-logging-2.0.4.RELEASE.jar;C:\Users\ustjavafsdb403\.m2\repository\ch\qos\logback\logback-classic\1.2.3\logback-classic-1.2.3.jar;C:\Users\ustjavafsdb403\.m2\repository\ch\qos\logback\logback-core\1.2.3\logback-core-1.2.3.jar;C:\Users\ustjavafsdb403\.m2\repository\org\apache\logging\log4j\log4j-to-slf4j\2.10.0\log4j-to-slf4j-2.10.0.jar;C:\Users\ustjavafsdb403\.m2\repository\org\apache\logging\log4j\log4j-api\2.10.0\log4j-api-2.10.0.jar;C:\Users\ustjavafsdb403\.m2\repository\org\slf4j\jul-to-slf4j\1.7.25\jul-to-slf4j-1.7.25.jar;C:\Users\ustjavafsdb403\.m2\repository\javax\annotation\javax.annotation-api\1.3.2\javax.annotation-api-1.3.2.jar;C:\Users\ustjavafsdb403\.m2\repository\org\yaml\snakeyaml\1.19\snakeyaml-1.19.jar;C:\Users\ustjavafsdb403\.m2\repository\org\springframework\boot\spring-boot-starter-aop\2.0.4.RELEASE\spring-boot-starter-aop-2.0.4.RELEASE.jar;C:\Users\ustjavafsdb403\.m2\repository\org\springframework\spring-aop\5.0.8.RELEASE\spring-aop-5.0.8.RELEASE.jar;C:\Users\ustjavafsdb403\.m2\repository\org\aspectj\aspectjweaver\1.8.13\aspectjweaver-1.8.13.jar;C:\Users\ustjavafsdb403\.m2\repository\org\springframework\boot\spring-boot-starter-jdbc\2.0.4.RELEASE\spring-boot-starter-jdbc-2.0.4.RELEASE.jar;C:\Users\ustjavafsdb403\.m2\repository\com\zaxxer\HikariCP\2.7.9\HikariCP-2.7.9.jar;C:\Users\ustjavafsdb403\.m2\repository\org\springframework\spring-jdbc\5.0.8.RELEASE\spring-jdbc-5.0.8.RELEASE.jar;C:\Users\ustjavafsdb403\.m2\repository\org\hibernate\hibernate-core\5.2.17.Final\hibernate-core-5.2.17.Final.jar;C:\Users\ustjavafsdb403\.m2\repository\org\jboss\logging\jboss-logging\3.3.2.Final\jboss-logging-3.3.2.Final.jar;C:\Users\ustjavafsdb403\.m2\repository\org\hibernate\javax\persistence\hibernate-jpa-2.1-api\1.0.2.Final\hibernate-jpa-2.1-api-1.0.2.Final.jar;C:\Users\ustjavafsdb403\.m2\repository\org\javassist\javassist\3.22.0-GA\javassist-3.22.0-GA.jar;C:\Users\ustjavafsdb403\.m2\repository\antlr\antlr\2.7.7\antlr-2.7.7.jar;C:\Users\ustjavafsdb403\.m2\repository\org\jboss\jandex\2.0.3.Final\jandex-2.0.3.Final.jar;C:\Users\ustjavafsdb403\.m2\repository\com\fasterxml\classmate\1.3.4\classmate-1.3.4.jar;C:\Users\ustjavafsdb403\.m2\repository\dom4j\dom4j\1.6.1\dom4j-1.6.1.jar;C:\Users\ustjavafsdb403\.m2\repository\org\hibernate\common\hibernate-commons-annotations\5.0.1.Final\hibernate-commons-annotations-5.0.1.Final.jar;C:\Users\ustjavafsdb403\.m2\repository\javax\transaction\javax.transaction-api\1.2\javax.transaction-api-1.2.jar;C:\Users\ustjavafsdb403\.m2\repository\org\springframework\data\spring-data-jpa\2.0.9.RELEASE\spring-data-jpa-2.0.9.RELEASE.jar;C:\Users\ustjavafsdb403\.m2\repository\org\springframework\data\spring-data-commons\2.0.9.RELEASE\spring-data-commons-2.0.9.RELEASE.jar;C:\Users\ustjavafsdb403\.m2\repository\org\springframework\spring-orm\5.0.8.RELEASE\spring-orm-5.0.8.RELEASE.jar;C:\Users\ustjavafsdb403\.m2\repository\org\springframework\spring-context\5.0.8.RELEASE\spring-context-5.0.8.RELEASE.jar;C:\Users\ustjavafsdb403\.m2\repository\org\springframework\spring-tx\5.0.8.RELEASE\spring-tx-5.0.8.RELEASE.jar;C:\Users\ustjavafsdb403\.m2\repository\org\springframework\spring-beans\5.0.8.RELEASE\spring-beans-5.0.8.RELEASE.jar;C:\Users\ustjavafsdb403\.m2\repository\org\slf4j\slf4j-api\1.7.25\slf4j-api-1.7.25.jar;C:\Users\ustjavafsdb403\.m2\repository\org\springframework\spring-aspects\5.0.8.RELEASE\spring-aspects-5.0.8.RELEASE.jar;C:\Users\ustjavafsdb403\.m2\repository\org\springframework\boot\spring-boot-starter-web\2.0.4.RELEASE\spring-boot-starter-web-2.0.4.RELEASE.jar;C:\Users\ustjavafsdb403\.m2\repository\org\springframework\boot\spring-boot-starter-json\2.0.4.RELEASE\spring-boot-starter-json-2.0.4.RELEASE.jar;C:\Users\ustjavafsdb403\.m2\repository\org\springframework\boot\spring-boot-starter-tomcat\2.0.4.RELEASE\spring-boot-starter-tomcat-2.0.4.RELEASE.jar;C:\Users\ustjavafsdb403\.m2\repository\org\apache\tomcat\embed\tomcat-embed-core\8.5.32\tomcat-embed-core-8.5.32.jar;C:\Users\ustjavafsdb403\.m2\repository\org\apache\tomcat\embed\tomcat-embed-el\8.5.32\tomcat-embed-el-8.5.32.jar;C:\Users\ustjavafsdb403\.m2\repository\org\apache\tomcat\embed\tomcat-embed-websocket\8.5.32\tomcat-embed-websocket-8.5.32.jar;C:\Users\ustjavafsdb403\.m2\repository\org\hibernate\validator\hibernate-validator\6.0.11.Final\hibernate-validator-6.0.11.Final.jar;C:\Users\ustjavafsdb403\.m2\repository\javax\validation\validation-api\2.0.1.Final\validation-api-2.0.1.Final.jar;C:\Users\ustjavafsdb403\.m2\repository\org\openjfx\javafx.base\11.0.0-SNAPSHOT\javafx.base-11.0.0-SNAPSHOT.jar;C:\Users\ustjavafsdb403\.m2\repository\org\openjfx\javafx.base\11.0.0-SNAPSHOT\javafx.base-11.0.0-SNAPSHOT-linux.jar;C:\Users\ustjavafsdb403\.m2\repository\org\openjfx\javafx.base\11.0.0-SNAPSHOT\javafx.base-11.0.0-SNAPSHOT-mac.jar;C:\Users\ustjavafsdb403\.m2\repository\org\openjfx\javafx.base\11.0.0-SNAPSHOT\javafx.base-11.0.0-SNAPSHOT-win.jar;C:\Users\ustjavafsdb403\.m2\repository\org\springframework\spring-web\5.0.8.RELEASE\spring-web-5.0.8.RELEASE.jar;C:\Users\ustjavafsdb403\.m2\repository\org\springframework\spring-webmvc\5.0.8.RELEASE\spring-webmvc-5.0.8.RELEASE.jar;C:\Users\ustjavafsdb403\.m2\repository\org\springframework\spring-expression\5.0.8.RELEASE\spring-expression-5.0.8.RELEASE.jar;C:\Users\ustjavafsdb403\.m2\repository\com\h2database\h2\1.4.197\h2-1.4.197.jar;C:\Users\ustjavafsdb403\.m2\repository\javax\xml\bind\jaxb-api\2.3.0\jaxb-api-2.3.0.jar;C:\Users\ustjavafsdb403\.m2\repository\org\springframework\boot\spring-boot-starter-test\2.0.4.RELEASE\spring-boot-starter-test-2.0.4.RELEASE.jar;C:\Users\ustjavafsdb403\.m2\repository\org\springframework\boot\spring-boot-test\2.0.4.RELEASE\spring-boot-test-2.0.4.RELEASE.jar;C:\Users\ustjavafsdb403\.m2\repository\org\springframework\boot\spring-boot-test-autoconfigure\2.0.4.RELEASE\spring-boot-test-autoconfigure-2.0.4.RELEASE.jar;C:\Users\ustjavafsdb403\.m2\repository\com\jayway\jsonpath\json-path\2.4.0\json-path-2.4.0.jar;C:\Users\ustjavafsdb403\.m2\repository\net\minidev\json-smart\2.3\json-smart-2.3.jar;C:\Users\ustjavafsdb403\.m2\repository\net\minidev\accessors-smart\1.2\accessors-smart-1.2.jar;C:\Users\ustjavafsdb403\.m2\repository\org\ow2\asm\asm\5.0.4\asm-5.0.4.jar;C:\Users\ustjavafsdb403\.m2\repository\junit\junit\4.12\junit-4.12.jar;C:\Users\ustjavafsdb403\.m2\repository\org\assertj\assertj-core\3.9.1\assertj-core-3.9.1.jar;C:\Users\ustjavafsdb403\.m2\repository\org\mockito\mockito-core\2.15.0\mockito-core-2.15.0.jar;C:\Users\ustjavafsdb403\.m2\repository\net\bytebuddy\byte-buddy\1.7.11\byte-buddy-1.7.11.jar;C:\Users\ustjavafsdb403\.m2\repository\net\bytebuddy\byte-buddy-agent\1.7.11\byte-buddy-agent-1.7.11.jar;C:\Users\ustjavafsdb403\.m2\repository\org\objenesis\objenesis\2.6\objenesis-2.6.jar;C:\Users\ustjavafsdb403\.m2\repository\org\hamcrest\hamcrest-core\1.3\hamcrest-core-1.3.jar;C:\Users\ustjavafsdb403\.m2\repository\org\hamcrest\hamcrest-library\1.3\hamcrest-library-1.3.jar;C:\Users\ustjavafsdb403\.m2\repository\org\skyscreamer\jsonassert\1.5.0\jsonassert-1.5.0.jar;C:\Users\ustjavafsdb403\.m2\repository\com\vaadin\external\google\android-json\0.0.20131108.vaadin1\android-json-0.0.20131108.vaadin1.jar;C:\Users\ustjavafsdb403\.m2\repository\org\springframework\spring-core\5.0.8.RELEASE\spring-core-5.0.8.RELEASE.jar;C:\Users\ustjavafsdb403\.m2\repository\org\springframework\spring-jcl\5.0.8.RELEASE\spring-jcl-5.0.8.RELEASE.jar;C:\Users\ustjavafsdb403\.m2\repository\org\springframework\spring-test\5.0.8.RELEASE\spring-test-5.0.8.RELEASE.jar;C:\Users\ustjavafsdb403\.m2\repository\org\xmlunit\xmlunit-core\2.5.1\xmlunit-core-2.5.1.jar;C:\Users\ustjavafsdb403\.m2\repository\com\fasterxml\jackson\module\jackson-module-parameter-names\2.9.6\jackson-module-parameter-names-2.9.6.jar;C:\Users\ustjavafsdb403\.m2\repository\com\fasterxml\jackson\core\jackson-core\2.9.6\jackson-core-2.9.6.jar;C:\Users\ustjavafsdb403\.m2\repository\com\fasterxml\jackson\core\jackson-databind\2.9.6\jackson-databind-2.9.6.jar;C:\Users\ustjavafsdb403\.m2\repository\com\fasterxml\jackson\datatype\jackson-datatype-jdk8\2.9.6\jackson-datatype-jdk8-2.9.6.jar;C:\Users\ustjavafsdb403\.m2\repository\com\fasterxml\jackson\datatype\jackson-datatype-jsr310\2.9.6\jackson-datatype-jsr310-2.9.6.jar;C:\Users\ustjavafsdb403\.m2\repository\com\fasterxml\jackson\core\jackson-annotations\2.9.0\jackson-annotations-2.9.0.jar;, java.vm.vendor=Eclipse Adoptium, sun.arch.data.model=64, user.variant=, java.vendor.url=https://adoptium.net/, user.timezone=GMT+05:30, java.vm.specification.version=17, os.name=Windows 10, sun.java.launcher=SUN_STANDARD, user.country=IN, sun.boot.library.path=C:\Users\ustjavafsdb403\.p2\pool\plugins\org.eclipse.justj.openjdk.hotspot.jre.full.win32.x86_64_17.0.5.v20221102-0933\jre\bin, sun.java.command=C:\Users\USTJAV~1\AppData\Local\Temp\surefire2126999072731693157\surefirebooter11800425145749619277.jar C:\Users\ustjavafsdb403\AppData\Local\Temp\surefire2126999072731693157 2023-01-04T17-44-36_170-jvmRun1 surefire11905101423022534022tmp surefire_07651124966663579816tmp, jdk.debug=release, surefire.test.class.path=E:\spring-transaction-management-master\target\test-classes;E:\spring-transaction-management-master\target\classes;C:\Users\ustjavafsdb403\.m2\repository\org\springframework\boot\spring-boot-starter-data-jpa\2.0.4.RELEASE\spring-boot-starter-data-jpa-2.0.4.RELEASE.jar;C:\Users\ustjavafsdb403\.m2\repository\org\springframework\boot\spring-boot-starter\2.0.4.RELEASE\spring-boot-starter-2.0.4.RELEASE.jar;C:\Users\ustjavafsdb403\.m2\repository\org\springframework\boot\spring-boot\2.0.4.RELEASE\spring-boot-2.0.4.RELEASE.jar;C:\Users\ustjavafsdb403\.m2\repository\org\springframework\boot\spring-boot-autoconfigure\2.0.4.RELEASE\spring-boot-autoconfigure-2.0.4.RELEASE.jar;C:\Users\ustjavafsdb403\.m2\repository\org\springframework\boot\spring-boot-starter-logging\2.0.4.RELEASE\spring-boot-starter-logging-2.0.4.RELEASE.jar;C:\Users\ustjavafsdb403\.m2\repository\ch\qos\logback\logback-classic\1.2.3\logback-classic-1.2.3.jar;C:\Users\ustjavafsdb403\.m2\repository\ch\qos\logback\logback-core\1.2.3\logback-core-1.2.3.jar;C:\Users\ustjavafsdb403\.m2\repository\org\apache\logging\log4j\log4j-to-slf4j\2.10.0\log4j-to-slf4j-2.10.0.jar;C:\Users\ustjavafsdb403\.m2\repository\org\apache\logging\log4j\log4j-api\2.10.0\log4j-api-2.10.0.jar;C:\Users\ustjavafsdb403\.m2\repository\org\slf4j\jul-to-slf4j\1.7.25\jul-to-slf4j-1.7.25.jar;C:\Users\ustjavafsdb403\.m2\repository\javax\annotation\javax.annotation-api\1.3.2\javax.annotation-api-1.3.2.jar;C:\Users\ustjavafsdb403\.m2\repository\org\yaml\snakeyaml\1.19\snakeyaml-1.19.jar;C:\Users\ustjavafsdb403\.m2\repository\org\springframework\boot\spring-boot-starter-aop\2.0.4.RELEASE\spring-boot-starter-aop-2.0.4.RELEASE.jar;C:\Users\ustjavafsdb403\.m2\repository\org\springframework\spring-aop\5.0.8.RELEASE\spring-aop-5.0.8.RELEASE.jar;C:\Users\ustjavafsdb403\.m2\repository\org\aspectj\aspectjweaver\1.8.13\aspectjweaver-1.8.13.jar;C:\Users\ustjavafsdb403\.m2\repository\org\springframework\boot\spring-boot-starter-jdbc\2.0.4.RELEASE\spring-boot-starter-jdbc-2.0.4.RELEASE.jar;C:\Users\ustjavafsdb403\.m2\repository\com\zaxxer\HikariCP\2.7.9\HikariCP-2.7.9.jar;C:\Users\ustjavafsdb403\.m2\repository\org\springframework\spring-jdbc\5.0.8.RELEASE\spring-jdbc-5.0.8.RELEASE.jar;C:\Users\ustjavafsdb403\.m2\repository\org\hibernate\hibernate-core\5.2.17.Final\hibernate-core-5.2.17.Final.jar;C:\Users\ustjavafsdb403\.m2\repository\org\jboss\logging\jboss-logging\3.3.2.Final\jboss-logging-3.3.2.Final.jar;C:\Users\ustjavafsdb403\.m2\repository\org\hibernate\javax\persistence\hibernate-jpa-2.1-api\1.0.2.Final\hibernate-jpa-2.1-api-1.0.2.Final.jar;C:\Users\ustjavafsdb403\.m2\repository\org\javassist\javassist\3.22.0-GA\javassist-3.22.0-GA.jar;C:\Users\ustjavafsdb403\.m2\repository\antlr\antlr\2.7.7\antlr-2.7.7.jar;C:\Users\ustjavafsdb403\.m2\repository\org\jboss\jandex\2.0.3.Final\jandex-2.0.3.Final.jar;C:\Users\ustjavafsdb403\.m2\repository\com\fasterxml\classmate\1.3.4\classmate-1.3.4.jar;C:\Users\ustjavafsdb403\.m2\repository\dom4j\dom4j\1.6.1\dom4j-1.6.1.jar;C:\Users\ustjavafsdb403\.m2\repository\org\hibernate\common\hibernate-commons-annotations\5.0.1.Final\hibernate-commons-annotations-5.0.1.Final.jar;C:\Users\ustjavafsdb403\.m2\repository\javax\transaction\javax.transaction-api\1.2\javax.transaction-api-1.2.jar;C:\Users\ustjavafsdb403\.m2\repository\org\springframework\data\spring-data-jpa\2.0.9.RELEASE\spring-data-jpa-2.0.9.RELEASE.jar;C:\Users\ustjavafsdb403\.m2\repository\org\springframework\data\spring-data-commons\2.0.9.RELEASE\spring-data-commons-2.0.9.RELEASE.jar;C:\Users\ustjavafsdb403\.m2\repository\org\springframework\spring-orm\5.0.8.RELEASE\spring-orm-5.0.8.RELEASE.jar;C:\Users\ustjavafsdb403\.m2\repository\org\springframework\spring-context\5.0.8.RELEASE\spring-context-5.0.8.RELEASE.jar;C:\Users\ustjavafsdb403\.m2\repository\org\springframework\spring-tx\5.0.8.RELEASE\spring-tx-5.0.8.RELEASE.jar;C:\Users\ustjavafsdb403\.m2\repository\org\springframework\spring-beans\5.0.8.RELEASE\spring-beans-5.0.8.RELEASE.jar;C:\Users\ustjavafsdb403\.m2\repository\org\slf4j\slf4j-api\1.7.25\slf4j-api-1.7.25.jar;C:\Users\ustjavafsdb403\.m2\repository\org\springframework\spring-aspects\5.0.8.RELEASE\spring-aspects-5.0.8.RELEASE.jar;C:\Users\ustjavafsdb403\.m2\repository\org\springframework\boot\spring-boot-starter-web\2.0.4.RELEASE\spring-boot-starter-web-2.0.4.RELEASE.jar;C:\Users\ustjavafsdb403\.m2\repository\org\springframework\boot\spring-boot-starter-json\2.0.4.RELEASE\spring-boot-starter-json-2.0.4.RELEASE.jar;C:\Users\ustjavafsdb403\.m2\repository\org\springframework\boot\spring-boot-starter-tomcat\2.0.4.RELEASE\spring-boot-starter-tomcat-2.0.4.RELEASE.jar;C:\Users\ustjavafsdb403\.m2\repository\org\apache\tomcat\embed\tomcat-embed-core\8.5.32\tomcat-embed-core-8.5.32.jar;C:\Users\ustjavafsdb403\.m2\repository\org\apache\tomcat\embed\tomcat-embed-el\8.5.32\tomcat-embed-el-8.5.32.jar;C:\Users\ustjavafsdb403\.m2\repository\org\apache\tomcat\embed\tomcat-embed-websocket\8.5.32\tomcat-embed-websocket-8.5.32.jar;C:\Users\ustjavafsdb403\.m2\repository\org\hibernate\validator\hibernate-validator\6.0.11.Final\hibernate-validator-6.0.11.Final.jar;C:\Users\ustjavafsdb403\.m2\repository\javax\validation\validation-api\2.0.1.Final\validation-api-2.0.1.Final.jar;C:\Users\ustjavafsdb403\.m2\repository\org\openjfx\javafx.base\11.0.0-SNAPSHOT\javafx.base-11.0.0-SNAPSHOT.jar;C:\Users\ustjavafsdb403\.m2\repository\org\openjfx\javafx.base\11.0.0-SNAPSHOT\javafx.base-11.0.0-SNAPSHOT-linux.jar;C:\Users\ustjavafsdb403\.m2\repository\org\openjfx\javafx.base\11.0.0-SNAPSHOT\javafx.base-11.0.0-SNAPSHOT-mac.jar;C:\Users\ustjavafsdb403\.m2\repository\org\openjfx\javafx.base\11.0.0-SNAPSHOT\javafx.base-11.0.0-SNAPSHOT-win.jar;C:\Users\ustjavafsdb403\.m2\repository\org\springframework\spring-web\5.0.8.RELEASE\spring-web-5.0.8.RELEASE.jar;C:\Users\ustjavafsdb403\.m2\repository\org\springframework\spring-webmvc\5.0.8.RELEASE\spring-webmvc-5.0.8.RELEASE.jar;C:\Users\ustjavafsdb403\.m2\repository\org\springframework\spring-expression\5.0.8.RELEASE\spring-expression-5.0.8.RELEASE.jar;C:\Users\ustjavafsdb403\.m2\repository\com\h2database\h2\1.4.197\h2-1.4.197.jar;C:\Users\ustjavafsdb403\.m2\repository\javax\xml\bind\jaxb-api\2.3.0\jaxb-api-2.3.0.jar;C:\Users\ustjavafsdb403\.m2\repository\org\springframework\boot\spring-boot-starter-test\2.0.4.RELEASE\spring-boot-starter-test-2.0.4.RELEASE.jar;C:\Users\ustjavafsdb403\.m2\repository\org\springframework\boot\spring-boot-test\2.0.4.RELEASE\spring-boot-test-2.0.4.RELEASE.jar;C:\Users\ustjavafsdb403\.m2\repository\org\springframework\boot\spring-boot-test-autoconfigure\2.0.4.RELEASE\spring-boot-test-autoconfigure-2.0.4.RELEASE.jar;C:\Users\ustjavafsdb403\.m2\repository\com\jayway\jsonpath\json-path\2.4.0\json-path-2.4.0.jar;C:\Users\ustjavafsdb403\.m2\repository\net\minidev\json-smart\2.3\json-smart-2.3.jar;C:\Users\ustjavafsdb403\.m2\repository\net\minidev\accessors-smart\1.2\accessors-smart-1.2.jar;C:\Users\ustjavafsdb403\.m2\repository\org\ow2\asm\asm\5.0.4\asm-5.0.4.jar;C:\Users\ustjavafsdb403\.m2\repository\junit\junit\4.12\junit-4.12.jar;C:\Users\ustjavafsdb403\.m2\repository\org\assertj\assertj-core\3.9.1\assertj-core-3.9.1.jar;C:\Users\ustjavafsdb403\.m2\repository\org\mockito\mockito-core\2.15.0\mockito-core-2.15.0.jar;C:\Users\ustjavafsdb403\.m2\repository\net\bytebuddy\byte-buddy\1.7.11\byte-buddy-1.7.11.jar;C:\Users\ustjavafsdb403\.m2\repository\net\bytebuddy\byte-buddy-agent\1.7.11\byte-buddy-agent-1.7.11.jar;C:\Users\ustjavafsdb403\.m2\repository\org\objenesis\objenesis\2.6\objenesis-2.6.jar;C:\Users\ustjavafsdb403\.m2\repository\org\hamcrest\hamcrest-core\1.3\hamcrest-core-1.3.jar;C:\Users\ustjavafsdb403\.m2\repository\org\hamcrest\hamcrest-library\1.3\hamcrest-library-1.3.jar;C:\Users\ustjavafsdb403\.m2\repository\org\skyscreamer\jsonassert\1.5.0\jsonassert-1.5.0.jar;C:\Users\ustjavafsdb403\.m2\repository\com\vaadin\external\google\android-json\0.0.20131108.vaadin1\android-json-0.0.20131108.vaadin1.jar;C:\Users\ustjavafsdb403\.m2\repository\org\springframework\spring-core\5.0.8.RELEASE\spring-core-5.0.8.RELEASE.jar;C:\Users\ustjavafsdb403\.m2\repository\org\springframework\spring-jcl\5.0.8.RELEASE\spring-jcl-5.0.8.RELEASE.jar;C:\Users\ustjavafsdb403\.m2\repository\org\springframework\spring-test\5.0.8.RELEASE\spring-test-5.0.8.RELEASE.jar;C:\Users\ustjavafsdb403\.m2\repository\org\xmlunit\xmlunit-core\2.5.1\xmlunit-core-2.5.1.jar;C:\Users\ustjavafsdb403\.m2\repository\com\fasterxml\jackson\module\jackson-module-parameter-names\2.9.6\jackson-module-parameter-names-2.9.6.jar;C:\Users\ustjavafsdb403\.m2\repository\com\fasterxml\jackson\core\jackson-core\2.9.6\jackson-core-2.9.6.jar;C:\Users\ustjavafsdb403\.m2\repository\com\fasterxml\jackson\core\jackson-databind\2.9.6\jackson-databind-2.9.6.jar;C:\Users\ustjavafsdb403\.m2\repository\com\fasterxml\jackson\datatype\jackson-datatype-jdk8\2.9.6\jackson-datatype-jdk8-2.9.6.jar;C:\Users\ustjavafsdb403\.m2\repository\com\fasterxml\jackson\datatype\jackson-datatype-jsr310\2.9.6\jackson-datatype-jsr310-2.9.6.jar;C:\Users\ustjavafsdb403\.m2\repository\com\fasterxml\jackson\core\jackson-annotations\2.9.0\jackson-annotations-2.9.0.jar;, sun.cpu.endian=little, user.home=C:\Users\ustjavafsdb403, user.language=en, java.specification.vendor=Oracle Corporation, java.version.date=2022-10-18, java.home=C:\Users\ustjavafsdb403\.p2\pool\plugins\org.eclipse.justj.openjdk.hotspot.jre.full.win32.x86_64_17.0.5.v20221102-0933\jre, file.separator=\, style.color=always, basedir=E:\spring-transaction-management-master, java.vm.compressedOopsMode=32-bit, line.separator=
, java.vm.specification.vendor=Oracle Corporation, java.specification.name=Java Platform API Specification, java.awt.headless=true, surefire.real.class.path=C:\Users\USTJAV~1\AppData\Local\Temp\surefire2126999072731693157\surefirebooter11800425145749619277.jar, user.script=, sun.management.compiler=HotSpot 64-Bit Tiered Compilers, java.runtime.version=17.0.5+8, user.name=ustjavafsdb403, path.separator=;, os.version=10.0, java.runtime.name=OpenJDK Runtime Environment, file.encoding=Cp1252, spring.beaninfo.ignore=true, java.vm.name=OpenJDK 64-Bit Server VM, java.vendor.version=Temurin-17.0.5+8, localRepository=C:\Users\ustjavafsdb403\.m2\repository, java.vendor.url.bug=https://github.com/adoptium/adoptium-support/issues, java.io.tmpdir=C:\Users\USTJAV~1\AppData\Local\Temp\, java.version=17.0.5, user.dir=E:\spring-transaction-management-master, os.arch=amd64, java.vm.specification.name=Java Virtual Machine Specification, PID=3888, sun.os.patch.level=, native.encoding=Cp1252, java.library.path=C:\Users\ustjavafsdb403\.p2\pool\plugins\org.eclipse.justj.openjdk.hotspot.jre.full.win32.x86_64_17.0.5.v20221102-0933\jre\bin;C:\Windows\Sun\Java\bin;C:\Windows\system32;C:\Windows;C:/Users/ustjavafsdb403/.p2/pool/plugins/org.eclipse.justj.openjdk.hotspot.jre.full.win32.x86_64_17.0.5.v20221102-0933/jre/bin/server;C:/Users/ustjavafsdb403/.p2/pool/plugins/org.eclipse.justj.openjdk.hotspot.jre.full.win32.x86_64_17.0.5.v20221102-0933/jre/bin;C:\Program Files\Common Files\Oracle\Java\javapath;C:\Windows\system32;C:\Windows;C:\Windows\System32\Wbem;C:\Windows\System32\WindowsPowerShell\v1.0\;C:\Windows\System32\OpenSSH\;C:\Program Files\Java\jdk-11.0.15\bin;C:\Program Files (x86)\Citrix\HDX\bin\;C:\Program Files\Citrix\HDX\bin\;C:\Program Files\Git\cmd;C:\Program Files\Docker\Docker\resources\bin;C:\Program Files\MySQL\MySQL Shell 8.0\bin\;C:\Users\ustjavafsdb403\AppData\Local\Microsoft\WindowsApps;C:\ProgramData\ustjavafsdb403\GitHubDesktop\bin;C:\Windows\system32;;., java.vm.info=mixed mode, java.vendor=Eclipse Adoptium, java.vm.version=17.0.5+8, sun.io.unicode.encoding=UnicodeLittle, java.class.version=61.0}}, SystemEnvironmentPropertySource@1181191753 {name='systemEnvironment', properties={PATH=C:/Users/ustjavafsdb403/.p2/pool/plugins/org.eclipse.justj.openjdk.hotspot.jre.full.win32.x86_64_17.0.5.v20221102-0933/jre/bin/server;C:/Users/ustjavafsdb403/.p2/pool/plugins/org.eclipse.justj.openjdk.hotspot.jre.full.win32.x86_64_17.0.5.v20221102-0933/jre/bin;C:\Program Files\Common Files\Oracle\Java\javapath;C:\Windows\system32;C:\Windows;C:\Windows\System32\Wbem;C:\Windows\System32\WindowsPowerShell\v1.0\;C:\Windows\System32\OpenSSH\;C:\Program Files\Java\jdk-11.0.15\bin;C:\Program Files (x86)\Citrix\HDX\bin\;C:\Program Files\Citrix\HDX\bin\;C:\Program Files\Git\cmd;C:\Program Files\Docker\Docker\resources\bin;C:\Program Files\MySQL\MySQL Shell 8.0\bin\;C:\Users\ustjavafsdb403\AppData\Local\Microsoft\WindowsApps;C:\ProgramData\ustjavafsdb403\GitHubDesktop\bin;C:\Windows\system32;, USERDOMAIN_ROAMINGPROFILE=IIHT, LOCALAPPDATA=C:\Users\ustjavafsdb403\AppData\Local, PROCESSOR_LEVEL=6, SYSTEMDRIVE=C:, COMMONPROGRAMFILES(X86)=C:\Program Files (x86)\Common Files, USERDOMAIN=IIHT, FPS_BROWSER_APP_PROFILE_STRING=Internet Explorer, LOGONSERVER=\\SDC, PROMPT=$P$G, SESSIONNAME=Console, ALLUSERSPROFILE=C:\ProgramData, PROGRAMFILES(X86)=C:\Program Files (x86), PROCESSOR_ARCHITECTURE=AMD64, DRIVERDATA=C:\Windows\System32\Drivers\DriverData, =E:=E:\spring-transaction-management-master, PROGRAMFILES=C:\Program Files, APPDATA=C:\Users\ustjavafsdb403\AppData\Roaming, PSMODULEPATH=C:\Program Files\WindowsPowerShell\Modules;C:\Windows\system32\WindowsPowerShell\v1.0\Modules;C:\Program Files\Citrix\Telemetry Service\, PROGRAMW6432=C:\Program Files, PROGRAMDATA=C:\ProgramData, SYSTEMROOT=C:\Windows, USERNAME=ustjavafsdb403, USERDNSDOMAIN=IIHT.TECH, FPS_BROWSER_USER_PROFILE_STRING=Default, ONEDRIVE=C:\Users\ustjavafsdb403\OneDrive, PATHEXT=.COM;.EXE;.BAT;.CMD;.VBS;.VBE;.JS;.JSE;.WSF;.WSH;.MSC, OS=Windows_NT, COMMONPROGRAMW6432=C:\Program Files\Common Files, COMPUTERNAME=USTFSD08, COMMONPROGRAMFILES=C:\Program Files\Common Files, COMSPEC=C:\Windows\system32\cmd.exe, PROCESSOR_REVISION=4f01, WINDIR=C:\Windows, HOMEPATH=\Users\ustjavafsdb403, TEMP=C:\Users\USTJAV~1\AppData\Local\Temp, HOMEDRIVE=C:, PROCESSOR_IDENTIFIER=Intel64 Family 6 Model 79 Stepping 1, GenuineIntel, USERPROFILE=C:\Users\ustjavafsdb403, TMP=C:\Users\USTJAV~1\AppData\Local\Temp, PUBLIC=C:\Users\Public, NUMBER_OF_PROCESSORS=4, =::=::\}}]
2023-01-04 17:44:52.138 DEBUG 3888 --- [           main] o.s.b.f.s.DefaultListableBeanFactory     : Creating shared instance of singleton bean 'org.springframework.boot.autoconfigure.AutoConfigurationPackages'
2023-01-04 17:44:52.139 DEBUG 3888 --- [           main] o.s.b.f.s.DefaultListableBeanFactory     : Creating instance of bean 'org.springframework.boot.autoconfigure.AutoConfigurationPackages'
2023-01-04 17:44:52.139 DEBUG 3888 --- [           main] o.s.b.f.s.DefaultListableBeanFactory     : Eagerly caching bean 'org.springframework.boot.autoconfigure.AutoConfigurationPackages' to allow for resolving potential circular references
2023-01-04 17:44:52.139 DEBUG 3888 --- [           main] o.s.b.f.s.DefaultListableBeanFactory     : Finished creating instance of bean 'org.springframework.boot.autoconfigure.AutoConfigurationPackages'
2023-01-04 17:44:52.139 DEBUG 3888 --- [           main] o.s.b.a.AutoConfigurationPackages        : @EnableAutoConfiguration was declared on a class in the package 'com.affani.datatranx'. Automatic @Repository and @Entity scanning is enabled.
2023-01-04 17:44:52.141 DEBUG 3888 --- [           main] .i.s.PathMatchingResourcePatternResolver : Resolved classpath location [com/affani/datatranx/] to resources [URL [file:/E:/spring-transaction-management-master/target/test-classes/com/affani/datatranx/], URL [file:/E:/spring-transaction-management-master/target/classes/com/affani/datatranx/]]
2023-01-04 17:44:52.141 DEBUG 3888 --- [           main] .i.s.PathMatchingResourcePatternResolver : Looking for matching resources in directory tree [E:\spring-transaction-management-master\target\test-classes\com\affani\datatranx]
2023-01-04 17:44:52.141 DEBUG 3888 --- [           main] .i.s.PathMatchingResourcePatternResolver : Searching directory [E:\spring-transaction-management-master\target\test-classes\com\affani\datatranx] for files matching pattern [E:/spring-transaction-management-master/target/test-classes/com/affani/datatranx/**/*.class]
2023-01-04 17:44:52.142 DEBUG 3888 --- [           main] .i.s.PathMatchingResourcePatternResolver : Searching directory [E:\spring-transaction-management-master\target\test-classes\com\affani\datatranx\controller] for files matching pattern [E:/spring-transaction-management-master/target/test-classes/com/affani/datatranx/**/*.class]
2023-01-04 17:44:52.142 DEBUG 3888 --- [           main] .i.s.PathMatchingResourcePatternResolver : Looking for matching resources in directory tree [E:\spring-transaction-management-master\target\classes\com\affani\datatranx]
2023-01-04 17:44:52.142 DEBUG 3888 --- [           main] .i.s.PathMatchingResourcePatternResolver : Searching directory [E:\spring-transaction-management-master\target\classes\com\affani\datatranx] for files matching pattern [E:/spring-transaction-management-master/target/classes/com/affani/datatranx/**/*.class]
2023-01-04 17:44:52.143 DEBUG 3888 --- [           main] .i.s.PathMatchingResourcePatternResolver : Searching directory [E:\spring-transaction-management-master\target\classes\com\affani\datatranx\config] for files matching pattern [E:/spring-transaction-management-master/target/classes/com/affani/datatranx/**/*.class]
2023-01-04 17:44:52.143 DEBUG 3888 --- [           main] .i.s.PathMatchingResourcePatternResolver : Searching directory [E:\spring-transaction-management-master\target\classes\com\affani\datatranx\controller] for files matching pattern [E:/spring-transaction-management-master/target/classes/com/affani/datatranx/**/*.class]
2023-01-04 17:44:52.144 DEBUG 3888 --- [           main] .i.s.PathMatchingResourcePatternResolver : Searching directory [E:\spring-transaction-management-master\target\classes\com\affani\datatranx\dao] for files matching pattern [E:/spring-transaction-management-master/target/classes/com/affani/datatranx/**/*.class]
2023-01-04 17:44:52.145 DEBUG 3888 --- [           main] .i.s.PathMatchingResourcePatternResolver : Searching directory [E:\spring-transaction-management-master\target\classes\com\affani\datatranx\model] for files matching pattern [E:/spring-transaction-management-master/target/classes/com/affani/datatranx/**/*.class]
2023-01-04 17:44:52.145 DEBUG 3888 --- [           main] .i.s.PathMatchingResourcePatternResolver : Searching directory [E:\spring-transaction-management-master\target\classes\com\affani\datatranx\rest] for files matching pattern [E:/spring-transaction-management-master/target/classes/com/affani/datatranx/**/*.class]
2023-01-04 17:44:52.146 DEBUG 3888 --- [           main] .i.s.PathMatchingResourcePatternResolver : Searching directory [E:\spring-transaction-management-master\target\classes\com\affani\datatranx\rest\model] for files matching pattern [E:/spring-transaction-management-master/target/classes/com/affani/datatranx/**/*.class]
2023-01-04 17:44:52.146 DEBUG 3888 --- [           main] .i.s.PathMatchingResourcePatternResolver : Searching directory [E:\spring-transaction-management-master\target\classes\com\affani\datatranx\service] for files matching pattern [E:/spring-transaction-management-master/target/classes/com/affani/datatranx/**/*.class]
2023-01-04 17:44:52.147 DEBUG 3888 --- [           main] .i.s.PathMatchingResourcePatternResolver : Resolved location pattern [classpath*:com/affani/datatranx/**/*.class] to resources [file [E:\spring-transaction-management-master\target\test-classes\com\affani\datatranx\controller\RESTAPIControllerTest.class], file [E:\spring-transaction-management-master\target\test-classes\com\affani\datatranx\DatatranxApplicationTests.class], file [E:\spring-transaction-management-master\target\classes\com\affani\datatranx\config\WebConfiguration.class], file [E:\spring-transaction-management-master\target\classes\com\affani\datatranx\controller\RESTAPIController.class], file [E:\spring-transaction-management-master\target\classes\com\affani\datatranx\dao\IAccountDAO.class], file [E:\spring-transaction-management-master\target\classes\com\affani\datatranx\DatatranxApplication.class], file [E:\spring-transaction-management-master\target\classes\com\affani\datatranx\model\Account.class], file [E:\spring-transaction-management-master\target\classes\com\affani\datatranx\rest\model\AccountTransferRestModel.class], file [E:\spring-transaction-management-master\target\classes\com\affani\datatranx\service\DeclarativeTrxAccountService.class], file [E:\spring-transaction-management-master\target\classes\com\affani\datatranx\service\IAccountService.class], file [E:\spring-transaction-management-master\target\classes\com\affani\datatranx\service\ProgTrxManagerAccountService.class], file [E:\spring-transaction-management-master\target\classes\com\affani\datatranx\service\ProgTrxTemplateAccountService$1.class], file [E:\spring-transaction-management-master\target\classes\com\affani\datatranx\service\ProgTrxTemplateAccountService.class]]
2023-01-04 17:44:52.151 DEBUG 3888 --- [           main] o.s.d.r.c.RepositoryComponentProvider    : Identified candidate component class: file [E:\spring-transaction-management-master\target\classes\com\affani\datatranx\dao\IAccountDAO.class]
2023-01-04 17:44:52.233 DEBUG 3888 --- [kground-preinit] o.a.tomcat.util.digester.Digester.sax    : setDocumentLocator(com.sun.org.apache.xerces.internal.parsers.AbstractSAXParser$LocatorProxy@435bafa4)
2023-01-04 17:44:52.233 DEBUG 3888 --- [kground-preinit] o.a.tomcat.util.digester.Digester.sax    : startDocument()
2023-01-04 17:44:52.244 DEBUG 3888 --- [kground-preinit] o.a.tomcat.util.digester.Digester.sax    : startElement(,,mbeans-descriptors)
2023-01-04 17:44:52.244 DEBUG 3888 --- [kground-preinit] o.apache.tomcat.util.digester.Digester   :   New match='mbeans-descriptors'
2023-01-04 17:44:52.245 DEBUG 3888 --- [kground-preinit] o.apache.tomcat.util.digester.Digester   :   No rules found matching 'mbeans-descriptors'.
2023-01-04 17:44:52.245 DEBUG 3888 --- [kground-preinit] o.a.tomcat.util.digester.Digester.sax    : characters(

  )
2023-01-04 17:44:52.245 DEBUG 3888 --- [kground-preinit] o.a.tomcat.util.digester.Digester.sax    : startElement(,,mbean)
2023-01-04 17:44:52.250 DEBUG 3888 --- [kground-preinit] o.apache.tomcat.util.digester.Digester   :   New match='mbeans-descriptors/mbean'
2023-01-04 17:44:52.251 DEBUG 3888 --- [kground-preinit] o.apache.tomcat.util.digester.Digester   :   Fire begin() for ObjectCreateRule[className=org.apache.tomcat.util.modeler.ManagedBean, attributeName=null]
2023-01-04 17:44:52.252 DEBUG 3888 --- [kground-preinit] o.apache.tomcat.util.digester.Digester   : [ObjectCreateRule]{mbeans-descriptors/mbean}New org.apache.tomcat.util.modeler.ManagedBean
2023-01-04 17:44:52.256 DEBUG 3888 --- [           main] .i.s.PathMatchingResourcePatternResolver : Resolved classpath location [com/affani/datatranx/dao/] to resources [URL [file:/E:/spring-transaction-management-master/target/classes/com/affani/datatranx/dao/]]
2023-01-04 17:44:52.257 DEBUG 3888 --- [           main] .i.s.PathMatchingResourcePatternResolver : Looking for matching resources in directory tree [E:\spring-transaction-management-master\target\classes\com\affani\datatranx\dao]
2023-01-04 17:44:52.257 DEBUG 3888 --- [           main] .i.s.PathMatchingResourcePatternResolver : Searching directory [E:\spring-transaction-management-master\target\classes\com\affani\datatranx\dao] for files matching pattern [E:/spring-transaction-management-master/target/classes/com/affani/datatranx/dao/**/*IAccountDAOImpl.class]
2023-01-04 17:44:52.258 DEBUG 3888 --- [           main] .i.s.PathMatchingResourcePatternResolver : Resolved location pattern [classpath*:com/affani/datatranx/dao/**/*IAccountDAOImpl.class] to resources []
2023-01-04 17:44:52.271 DEBUG 3888 --- [kground-preinit] o.apache.tomcat.util.digester.Digester   :   Fire begin() for SetPropertiesRule[]
2023-01-04 17:44:52.271 DEBUG 3888 --- [kground-preinit] o.apache.tomcat.util.digester.Digester   : [SetPropertiesRule]{mbeans-descriptors/mbean} Set org.apache.tomcat.util.modeler.ManagedBean properties
2023-01-04 17:44:52.272 DEBUG 3888 --- [kground-preinit] o.apache.tomcat.util.digester.Digester   : [SetPropertiesRule]{mbeans-descriptors/mbean} Setting property 'name' to 'MBeanFactory'
2023-01-04 17:44:52.272 DEBUG 3888 --- [kground-preinit] o.apache.tomcat.util.IntrospectionUtils  : IntrospectionUtils: setProperty(class org.apache.tomcat.util.modeler.ManagedBean name=MBeanFactory)
2023-01-04 17:44:52.293 DEBUG 3888 --- [           main] .s.d.r.c.RepositoryConfigurationDelegate : Spring Data JPA - Registering repository: IAccountDAO - Interface: com.affani.datatranx.dao.IAccountDAO - Factory: org.springframework.data.jpa.repository.support.JpaRepositoryFactoryBean
2023-01-04 17:44:52.295 DEBUG 3888 --- [kground-preinit] o.apache.tomcat.util.digester.Digester   : [SetPropertiesRule]{mbeans-descriptors/mbean} Setting property 'type' to 'org.apache.catalina.mbeans.MBeanFactory'
2023-01-04 17:44:52.295 DEBUG 3888 --- [kground-preinit] o.apache.tomcat.util.IntrospectionUtils  : IntrospectionUtils: setProperty(class org.apache.tomcat.util.modeler.ManagedBean type=org.apache.catalina.mbeans.MBeanFactory)
2023-01-04 17:44:52.295 DEBUG 3888 --- [kground-preinit] o.apache.tomcat.util.digester.Digester   : [SetPropertiesRule]{mbeans-descriptors/mbean} Setting property 'description' to 'Factory for MBeans and corresponding components'
2023-01-04 17:44:52.296 DEBUG 3888 --- [kground-preinit] o.apache.tomcat.util.IntrospectionUtils  : IntrospectionUtils: setProperty(class org.apache.tomcat.util.modeler.ManagedBean description=Factory for MBeans and corresponding components)
2023-01-04 17:44:52.297 DEBUG 3888 --- [kground-preinit] o.apache.tomcat.util.digester.Digester   : [SetPropertiesRule]{mbeans-descriptors/mbean} Setting property 'domain' to 'Catalina'
2023-01-04 17:44:52.297 DEBUG 3888 --- [kground-preinit] o.apache.tomcat.util.IntrospectionUtils  : IntrospectionUtils: setProperty(class org.apache.tomcat.util.modeler.ManagedBean domain=Catalina)
2023-01-04 17:44:52.297 DEBUG 3888 --- [kground-preinit] o.apache.tomcat.util.digester.Digester   :   Fire begin() for SetNextRule[methodName=add, paramType=java.lang.Object]
2023-01-04 17:44:52.297 DEBUG 3888 --- [kground-preinit] o.a.tomcat.util.digester.Digester.sax    : characters(

    )
2023-01-04 17:44:52.297 DEBUG 3888 --- [kground-preinit] o.a.tomcat.util.digester.Digester.sax    : characters(
    )
2023-01-04 17:44:52.298 DEBUG 3888 --- [kground-preinit] o.a.tomcat.util.digester.Digester.sax    : characters(
    )
2023-01-04 17:44:52.298 DEBUG 3888 --- [kground-preinit] o.a.tomcat.util.digester.Digester.sax    : characters(
    )
2023-01-04 17:44:52.298 DEBUG 3888 --- [kground-preinit] o.a.tomcat.util.digester.Digester.sax    : characters(

    )
2023-01-04 17:44:52.298 DEBUG 3888 --- [kground-preinit] o.a.tomcat.util.digester.Digester.sax    : startElement(,,operation)
2023-01-04 17:44:52.298 DEBUG 3888 --- [kground-preinit] o.apache.tomcat.util.digester.Digester   :   New match='mbeans-descriptors/mbean/operation'
2023-01-04 17:44:52.299 DEBUG 3888 --- [kground-preinit] o.apache.tomcat.util.digester.Digester   :   Fire begin() for ObjectCreateRule[className=org.apache.tomcat.util.modeler.OperationInfo, attributeName=null]
2023-01-04 17:44:52.299 DEBUG 3888 --- [kground-preinit] o.apache.tomcat.util.digester.Digester   : [ObjectCreateRule]{mbeans-descriptors/mbean/operation}New org.apache.tomcat.util.modeler.OperationInfo
2023-01-04 17:44:52.303 DEBUG 3888 --- [kground-preinit] o.apache.tomcat.util.digester.Digester   :   Fire begin() for SetPropertiesRule[]
2023-01-04 17:44:52.304 DEBUG 3888 --- [kground-preinit] o.apache.tomcat.util.digester.Digester   : [SetPropertiesRule]{mbeans-descriptors/mbean/operation} Set org.apache.tomcat.util.modeler.OperationInfo properties
2023-01-04 17:44:52.304 DEBUG 3888 --- [kground-preinit] o.apache.tomcat.util.digester.Digester   : [SetPropertiesRule]{mbeans-descriptors/mbean/operation} Setting property 'name' to 'createAjpConnector'
2023-01-04 17:44:52.304 DEBUG 3888 --- [kground-preinit] o.apache.tomcat.util.IntrospectionUtils  : IntrospectionUtils: setProperty(class org.apache.tomcat.util.modeler.OperationInfo name=createAjpConnector)
2023-01-04 17:44:52.303 DEBUG 3888 --- [           main] o.s.b.f.s.DefaultListableBeanFactory     : Returning cached instance of singleton bean 'autoConfigurationReport'
2023-01-04 17:44:52.305 DEBUG 3888 --- [           main] o.s.b.f.s.DefaultListableBeanFactory     : Returning cached instance of singleton bean 'autoConfigurationReport'
2023-01-04 17:44:52.306 DEBUG 3888 --- [           main] a.ConfigurationClassBeanDefinitionReader : Registered bean definition for imported class 'org.springframework.boot.autoconfigure.jackson.JacksonAutoConfiguration$Jackson2ObjectMapperBuilderCustomizerConfiguration'
2023-01-04 17:44:52.307 DEBUG 3888 --- [           main] a.ConfigurationClassBeanDefinitionReader : Registering bean definition for @Bean method org.springframework.boot.autoconfigure.jackson.JacksonAutoConfiguration$Jackson2ObjectMapperBuilderCustomizerConfiguration.standardJacksonObjectMapperBuilderCustomizer()
2023-01-04 17:44:52.305 DEBUG 3888 --- [kground-preinit] o.apache.tomcat.util.digester.Digester   : [SetPropertiesRule]{mbeans-descriptors/mbean/operation} Setting property 'description' to 'Create a new AjpConnector'
2023-01-04 17:44:52.308 DEBUG 3888 --- [kground-preinit] o.apache.tomcat.util.IntrospectionUtils  : IntrospectionUtils: setProperty(class org.apache.tomcat.util.modeler.OperationInfo description=Create a new AjpConnector)
2023-01-04 17:44:52.308 DEBUG 3888 --- [kground-preinit] o.apache.tomcat.util.digester.Digester   : [SetPropertiesRule]{mbeans-descriptors/mbean/operation} Setting property 'impact' to 'ACTION'
2023-01-04 17:44:52.307 DEBUG 3888 --- [           main] o.s.b.f.s.DefaultListableBeanFactory     : Returning cached instance of singleton bean 'autoConfigurationReport'
2023-01-04 17:44:52.308 DEBUG 3888 --- [           main] a.ConfigurationClassBeanDefinitionReader : Registered bean definition for imported class 'org.springframework.boot.autoconfigure.jackson.JacksonAutoConfiguration$JacksonObjectMapperBuilderConfiguration'
2023-01-04 17:44:52.308 DEBUG 3888 --- [kground-preinit] o.apache.tomcat.util.IntrospectionUtils  : IntrospectionUtils: setProperty(class org.apache.tomcat.util.modeler.OperationInfo impact=ACTION)
2023-01-04 17:44:52.308 DEBUG 3888 --- [           main] o.s.b.f.s.DefaultListableBeanFactory     : Returning cached instance of singleton bean 'org.springframework.boot.autoconfigure.condition.BeanTypeRegistry'
2023-01-04 17:44:52.311 DEBUG 3888 --- [kground-preinit] o.apache.tomcat.util.digester.Digester   : [SetPropertiesRule]{mbeans-descriptors/mbean/operation} Setting property 'returnType' to 'java.lang.String'
2023-01-04 17:44:52.311 DEBUG 3888 --- [kground-preinit] o.apache.tomcat.util.IntrospectionUtils  : IntrospectionUtils: setProperty(class org.apache.tomcat.util.modeler.OperationInfo returnType=java.lang.String)
2023-01-04 17:44:52.311 DEBUG 3888 --- [kground-preinit] o.apache.tomcat.util.digester.Digester   :   Fire begin() for SetNextRule[methodName=addOperation, paramType=org.apache.tomcat.util.modeler.OperationInfo]
2023-01-04 17:44:52.311 DEBUG 3888 --- [kground-preinit] o.a.tomcat.util.digester.Digester.sax    : characters(
      )
2023-01-04 17:44:52.312 DEBUG 3888 --- [kground-preinit] o.a.tomcat.util.digester.Digester.sax    : startElement(,,parameter)
2023-01-04 17:44:52.312 DEBUG 3888 --- [kground-preinit] o.apache.tomcat.util.digester.Digester   :   New match='mbeans-descriptors/mbean/operation/parameter'
2023-01-04 17:44:52.312 DEBUG 3888 --- [kground-preinit] o.apache.tomcat.util.digester.Digester   :   Fire begin() for ObjectCreateRule[className=org.apache.tomcat.util.modeler.ParameterInfo, attributeName=null]
2023-01-04 17:44:52.313 DEBUG 3888 --- [kground-preinit] o.apache.tomcat.util.digester.Digester   : [ObjectCreateRule]{mbeans-descriptors/mbean/operation/parameter}New org.apache.tomcat.util.modeler.ParameterInfo
2023-01-04 17:44:52.314 DEBUG 3888 --- [kground-preinit] o.apache.tomcat.util.digester.Digester   :   Fire begin() for SetPropertiesRule[]
2023-01-04 17:44:52.314 DEBUG 3888 --- [kground-preinit] o.apache.tomcat.util.digester.Digester   : [SetPropertiesRule]{mbeans-descriptors/mbean/operation/parameter} Set org.apache.tomcat.util.modeler.ParameterInfo properties
2023-01-04 17:44:52.314 DEBUG 3888 --- [kground-preinit] o.apache.tomcat.util.digester.Digester   : [SetPropertiesRule]{mbeans-descriptors/mbean/operation/parameter} Setting property 'name' to 'parent'
2023-01-04 17:44:52.315 DEBUG 3888 --- [kground-preinit] o.apache.tomcat.util.IntrospectionUtils  : IntrospectionUtils: setProperty(class org.apache.tomcat.util.modeler.ParameterInfo name=parent)
2023-01-04 17:44:52.315 DEBUG 3888 --- [kground-preinit] o.apache.tomcat.util.digester.Digester   : [SetPropertiesRule]{mbeans-descriptors/mbean/operation/parameter} Setting property 'description' to 'MBean Name of the associated parent component'
2023-01-04 17:44:52.315 DEBUG 3888 --- [kground-preinit] o.apache.tomcat.util.IntrospectionUtils  : IntrospectionUtils: setProperty(class org.apache.tomcat.util.modeler.ParameterInfo description=MBean Name of the associated parent component)
2023-01-04 17:44:52.315 DEBUG 3888 --- [kground-preinit] o.apache.tomcat.util.digester.Digester   : [SetPropertiesRule]{mbeans-descriptors/mbean/operation/parameter} Setting property 'type' to 'java.lang.String'
2023-01-04 17:44:52.315 DEBUG 3888 --- [kground-preinit] o.apache.tomcat.util.IntrospectionUtils  : IntrospectionUtils: setProperty(class org.apache.tomcat.util.modeler.ParameterInfo type=java.lang.String)
2023-01-04 17:44:52.315 DEBUG 3888 --- [kground-preinit] o.apache.tomcat.util.digester.Digester   :   Fire begin() for SetNextRule[methodName=addParameter, paramType=org.apache.tomcat.util.modeler.ParameterInfo]
2023-01-04 17:44:52.315 DEBUG 3888 --- [kground-preinit] o.a.tomcat.util.digester.Digester.sax    : endElement(,,parameter)
2023-01-04 17:44:52.316 DEBUG 3888 --- [kground-preinit] o.apache.tomcat.util.digester.Digester   :   match='mbeans-descriptors/mbean/operation/parameter'
2023-01-04 17:44:52.317 DEBUG 3888 --- [kground-preinit] o.apache.tomcat.util.digester.Digester   :   bodyText=''
2023-01-04 17:44:52.317 DEBUG 3888 --- [kground-preinit] o.apache.tomcat.util.digester.Digester   :   Fire body() for ObjectCreateRule[className=org.apache.tomcat.util.modeler.ParameterInfo, attributeName=null]
2023-01-04 17:44:52.317 DEBUG 3888 --- [kground-preinit] o.apache.tomcat.util.digester.Digester   :   Fire body() for SetPropertiesRule[]
2023-01-04 17:44:52.317 DEBUG 3888 --- [kground-preinit] o.apache.tomcat.util.digester.Digester   :   Fire body() for SetNextRule[methodName=addParameter, paramType=org.apache.tomcat.util.modeler.ParameterInfo]
2023-01-04 17:44:52.317 DEBUG 3888 --- [kground-preinit] o.apache.tomcat.util.digester.Digester   :   Fire end() for SetNextRule[methodName=addParameter, paramType=org.apache.tomcat.util.modeler.ParameterInfo]
2023-01-04 17:44:52.317 DEBUG 3888 --- [kground-preinit] o.apache.tomcat.util.digester.Digester   : [SetNextRule]{mbeans-descriptors/mbean/operation/parameter} Call org.apache.tomcat.util.modeler.OperationInfo.addParameter(org.apache.tomcat.util.modeler.ParameterInfo@3989083a)
2023-01-04 17:44:52.318 DEBUG 3888 --- [kground-preinit] o.apache.tomcat.util.IntrospectionUtils  : IntrospectionUtils: callMethod1 org.apache.tomcat.util.modeler.OperationInfo org.apache.tomcat.util.modeler.ParameterInfo org.apache.tomcat.util.modeler.ParameterInfo
2023-01-04 17:44:52.319 DEBUG 3888 --- [kground-preinit] o.apache.tomcat.util.digester.Digester   :   Fire end() for SetPropertiesRule[]
2023-01-04 17:44:52.319 DEBUG 3888 --- [kground-preinit] o.apache.tomcat.util.digester.Digester   :   Fire end() for ObjectCreateRule[className=org.apache.tomcat.util.modeler.ParameterInfo, attributeName=null]
2023-01-04 17:44:52.319 DEBUG 3888 --- [kground-preinit] o.apache.tomcat.util.digester.Digester   : [ObjectCreateRule]{mbeans-descriptors/mbean/operation/parameter} Pop org.apache.tomcat.util.modeler.ParameterInfo
2023-01-04 17:44:52.319 DEBUG 3888 --- [kground-preinit] o.a.tomcat.util.digester.Digester.sax    : characters(
      )
2023-01-04 17:44:52.320 DEBUG 3888 --- [kground-preinit] o.a.tomcat.util.digester.Digester.sax    : startElement(,,parameter)
2023-01-04 17:44:52.320 DEBUG 3888 --- [kground-preinit] o.apache.tomcat.util.digester.Digester   :   New match='mbeans-descriptors/mbean/operation/parameter'
2023-01-04 17:44:52.320 DEBUG 3888 --- [kground-preinit] o.apache.tomcat.util.digester.Digester   :   Fire begin() for ObjectCreateRule[className=org.apache.tomcat.util.modeler.ParameterInfo, attributeName=null]
2023-01-04 17:44:52.320 DEBUG 3888 --- [kground-preinit] o.apache.tomcat.util.digester.Digester   : [ObjectCreateRule]{mbeans-descriptors/mbean/operation/parameter}New org.apache.tomcat.util.modeler.ParameterInfo
2023-01-04 17:44:52.320 DEBUG 3888 --- [kground-preinit] o.apache.tomcat.util.digester.Digester   :   Fire begin() for SetPropertiesRule[]
2023-01-04 17:44:52.322 DEBUG 3888 --- [kground-preinit] o.apache.tomcat.util.digester.Digester   : [SetPropertiesRule]{mbeans-descriptors/mbean/operation/parameter} Set org.apache.tomcat.util.modeler.ParameterInfo properties
2023-01-04 17:44:52.322 DEBUG 3888 --- [kground-preinit] o.apache.tomcat.util.digester.Digester   : [SetPropertiesRule]{mbeans-descriptors/mbean/operation/parameter} Setting property 'name' to 'address'
2023-01-04 17:44:52.322 DEBUG 3888 --- [kground-preinit] o.apache.tomcat.util.IntrospectionUtils  : IntrospectionUtils: setProperty(class org.apache.tomcat.util.modeler.ParameterInfo name=address)
2023-01-04 17:44:52.323 DEBUG 3888 --- [kground-preinit] o.apache.tomcat.util.digester.Digester   : [SetPropertiesRule]{mbeans-descriptors/mbean/operation/parameter} Setting property 'description' to 'The IP address on which to bind'
2023-01-04 17:44:52.323 DEBUG 3888 --- [kground-preinit] o.apache.tomcat.util.IntrospectionUtils  : IntrospectionUtils: setProperty(class org.apache.tomcat.util.modeler.ParameterInfo description=The IP address on which to bind)
2023-01-04 17:44:52.323 DEBUG 3888 --- [kground-preinit] o.apache.tomcat.util.digester.Digester   : [SetPropertiesRule]{mbeans-descriptors/mbean/operation/parameter} Setting property 'type' to 'java.lang.String'
2023-01-04 17:44:52.324 DEBUG 3888 --- [kground-preinit] o.apache.tomcat.util.IntrospectionUtils  : IntrospectionUtils: setProperty(class org.apache.tomcat.util.modeler.ParameterInfo type=java.lang.String)
2023-01-04 17:44:52.324 DEBUG 3888 --- [kground-preinit] o.apache.tomcat.util.digester.Digester   :   Fire begin() for SetNextRule[methodName=addParameter, paramType=org.apache.tomcat.util.modeler.ParameterInfo]
2023-01-04 17:44:52.324 DEBUG 3888 --- [kground-preinit] o.a.tomcat.util.digester.Digester.sax    : endElement(,,parameter)
2023-01-04 17:44:52.324 DEBUG 3888 --- [kground-preinit] o.apache.tomcat.util.digester.Digester   :   match='mbeans-descriptors/mbean/operation/parameter'
2023-01-04 17:44:52.324 DEBUG 3888 --- [kground-preinit] o.apache.tomcat.util.digester.Digester   :   bodyText=''
2023-01-04 17:44:52.325 DEBUG 3888 --- [kground-preinit] o.apache.tomcat.util.digester.Digester   :   Fire body() for ObjectCreateRule[className=org.apache.tomcat.util.modeler.ParameterInfo, attributeName=null]
2023-01-04 17:44:52.327 DEBUG 3888 --- [kground-preinit] o.apache.tomcat.util.digester.Digester   :   Fire body() for SetPropertiesRule[]
2023-01-04 17:44:52.327 DEBUG 3888 --- [kground-preinit] o.apache.tomcat.util.digester.Digester   :   Fire body() for SetNextRule[methodName=addParameter, paramType=org.apache.tomcat.util.modeler.ParameterInfo]
2023-01-04 17:44:52.328 DEBUG 3888 --- [kground-preinit] o.apache.tomcat.util.digester.Digester   :   Fire end() for SetNextRule[methodName=addParameter, paramType=org.apache.tomcat.util.modeler.ParameterInfo]
2023-01-04 17:44:52.328 DEBUG 3888 --- [kground-preinit] o.apache.tomcat.util.digester.Digester   : [SetNextRule]{mbeans-descriptors/mbean/operation/parameter} Call org.apache.tomcat.util.modeler.OperationInfo.addParameter(org.apache.tomcat.util.modeler.ParameterInfo@1a1a0e4c)
2023-01-04 17:44:52.329 DEBUG 3888 --- [kground-preinit] o.apache.tomcat.util.IntrospectionUtils  : IntrospectionUtils: callMethod1 org.apache.tomcat.util.modeler.OperationInfo org.apache.tomcat.util.modeler.ParameterInfo org.apache.tomcat.util.modeler.ParameterInfo
2023-01-04 17:44:52.329 DEBUG 3888 --- [kground-preinit] o.apache.tomcat.util.digester.Digester   :   Fire end() for SetPropertiesRule[]
2023-01-04 17:44:52.330 DEBUG 3888 --- [           main] o.s.b.f.s.DefaultListableBeanFactory     : Returning cached instance of singleton bean 'autoConfigurationReport'
2023-01-04 17:44:52.330 DEBUG 3888 --- [kground-preinit] o.apache.tomcat.util.digester.Digester   :   Fire end() for ObjectCreateRule[className=org.apache.tomcat.util.modeler.ParameterInfo, attributeName=null]
2023-01-04 17:44:52.331 DEBUG 3888 --- [kground-preinit] o.apache.tomcat.util.digester.Digester   : [ObjectCreateRule]{mbeans-descriptors/mbean/operation/parameter} Pop org.apache.tomcat.util.modeler.ParameterInfo
2023-01-04 17:44:52.331 DEBUG 3888 --- [kground-preinit] o.a.tomcat.util.digester.Digester.sax    : characters(
      )
2023-01-04 17:44:52.331 DEBUG 3888 --- [kground-preinit] o.a.tomcat.util.digester.Digester.sax    : startElement(,,parameter)
2023-01-04 17:44:52.332 DEBUG 3888 --- [kground-preinit] o.apache.tomcat.util.digester.Digester   :   New match='mbeans-descriptors/mbean/operation/parameter'
2023-01-04 17:44:52.332 DEBUG 3888 --- [kground-preinit] o.apache.tomcat.util.digester.Digester   :   Fire begin() for ObjectCreateRule[className=org.apache.tomcat.util.modeler.ParameterInfo, attributeName=null]
2023-01-04 17:44:52.332 DEBUG 3888 --- [kground-preinit] o.apache.tomcat.util.digester.Digester   : [ObjectCreateRule]{mbeans-descriptors/mbean/operation/parameter}New org.apache.tomcat.util.modeler.ParameterInfo
2023-01-04 17:44:52.332 DEBUG 3888 --- [kground-preinit] o.apache.tomcat.util.digester.Digester   :   Fire begin() for SetPropertiesRule[]
2023-01-04 17:44:52.331 DEBUG 3888 --- [           main] a.ConfigurationClassBeanDefinitionReader : Registering bean definition for @Bean method org.springframework.boot.autoconfigure.jackson.JacksonAutoConfiguration$JacksonObjectMapperBuilderConfiguration.jacksonObjectMapperBuilder()
2023-01-04 17:44:52.333 DEBUG 3888 --- [           main] o.s.b.f.s.DefaultListableBeanFactory     : Returning cached instance of singleton bean 'autoConfigurationReport'
2023-01-04 17:44:52.333 DEBUG 3888 --- [           main] a.ConfigurationClassBeanDefinitionReader : Registered bean definition for imported class 'org.springframework.boot.autoconfigure.jackson.JacksonAutoConfiguration$ParameterNamesModuleConfiguration'
2023-01-04 17:44:52.333 DEBUG 3888 --- [kground-preinit] o.apache.tomcat.util.digester.Digester   : [SetPropertiesRule]{mbeans-descriptors/mbean/operation/parameter} Set org.apache.tomcat.util.modeler.ParameterInfo properties
2023-01-04 17:44:52.334 DEBUG 3888 --- [           main] o.s.b.f.s.DefaultListableBeanFactory     : Returning cached instance of singleton bean 'org.springframework.boot.autoconfigure.condition.BeanTypeRegistry'
2023-01-04 17:44:52.334 DEBUG 3888 --- [kground-preinit] o.apache.tomcat.util.digester.Digester   : [SetPropertiesRule]{mbeans-descriptors/mbean/operation/parameter} Setting property 'name' to 'port'
2023-01-04 17:44:52.335 DEBUG 3888 --- [kground-preinit] o.apache.tomcat.util.IntrospectionUtils  : IntrospectionUtils: setProperty(class org.apache.tomcat.util.modeler.ParameterInfo name=port)
2023-01-04 17:44:52.335 DEBUG 3888 --- [           main] o.s.b.f.s.DefaultListableBeanFactory     : Returning cached instance of singleton bean 'autoConfigurationReport'
2023-01-04 17:44:52.335 DEBUG 3888 --- [kground-preinit] o.apache.tomcat.util.digester.Digester   : [SetPropertiesRule]{mbeans-descriptors/mbean/operation/parameter} Setting property 'description' to 'TCP port number to listen on'
2023-01-04 17:44:52.335 DEBUG 3888 --- [           main] a.ConfigurationClassBeanDefinitionReader : Registering bean definition for @Bean method org.springframework.boot.autoconfigure.jackson.JacksonAutoConfiguration$ParameterNamesModuleConfiguration.parameterNamesModule()
2023-01-04 17:44:52.336 DEBUG 3888 --- [kground-preinit] o.apache.tomcat.util.IntrospectionUtils  : IntrospectionUtils: setProperty(class org.apache.tomcat.util.modeler.ParameterInfo description=TCP port number to listen on)
2023-01-04 17:44:52.336 DEBUG 3888 --- [kground-preinit] o.apache.tomcat.util.digester.Digester   : [SetPropertiesRule]{mbeans-descriptors/mbean/operation/parameter} Setting property 'type' to 'int'
2023-01-04 17:44:52.336 DEBUG 3888 --- [           main] o.s.b.f.s.DefaultListableBeanFactory     : Returning cached instance of singleton bean 'autoConfigurationReport'
2023-01-04 17:44:52.336 DEBUG 3888 --- [           main] a.ConfigurationClassBeanDefinitionReader : Registered bean definition for imported class 'org.springframework.boot.autoconfigure.jackson.JacksonAutoConfiguration$JacksonObjectMapperConfiguration'
2023-01-04 17:44:52.337 DEBUG 3888 --- [           main] o.s.b.f.s.DefaultListableBeanFactory     : Returning cached instance of singleton bean 'org.springframework.boot.autoconfigure.condition.BeanTypeRegistry'
2023-01-04 17:44:52.337 DEBUG 3888 --- [kground-preinit] o.apache.tomcat.util.IntrospectionUtils  : IntrospectionUtils: setProperty(class org.apache.tomcat.util.modeler.ParameterInfo type=int)
2023-01-04 17:44:52.337 DEBUG 3888 --- [kground-preinit] o.apache.tomcat.util.digester.Digester   :   Fire begin() for SetNextRule[methodName=addParameter, paramType=org.apache.tomcat.util.modeler.ParameterInfo]
2023-01-04 17:44:52.338 DEBUG 3888 --- [kground-preinit] o.a.tomcat.util.digester.Digester.sax    : endElement(,,parameter)
2023-01-04 17:44:52.338 DEBUG 3888 --- [kground-preinit] o.apache.tomcat.util.digester.Digester   :   match='mbeans-descriptors/mbean/operation/parameter'
2023-01-04 17:44:52.338 DEBUG 3888 --- [kground-preinit] o.apache.tomcat.util.digester.Digester   :   bodyText=''
2023-01-04 17:44:52.338 DEBUG 3888 --- [kground-preinit] o.apache.tomcat.util.digester.Digester   :   Fire body() for ObjectCreateRule[className=org.apache.tomcat.util.modeler.ParameterInfo, attributeName=null]
2023-01-04 17:44:52.338 DEBUG 3888 --- [kground-preinit] o.apache.tomcat.util.digester.Digester   :   Fire body() for SetPropertiesRule[]
2023-01-04 17:44:52.338 DEBUG 3888 --- [kground-preinit] o.apache.tomcat.util.digester.Digester   :   Fire body() for SetNextRule[methodName=addParameter, paramType=org.apache.tomcat.util.modeler.ParameterInfo]
2023-01-04 17:44:52.338 DEBUG 3888 --- [kground-preinit] o.apache.tomcat.util.digester.Digester   :   Fire end() for SetNextRule[methodName=addParameter, paramType=org.apache.tomcat.util.modeler.ParameterInfo]
2023-01-04 17:44:52.338 DEBUG 3888 --- [kground-preinit] o.apache.tomcat.util.digester.Digester   : [SetNextRule]{mbeans-descriptors/mbean/operation/parameter} Call org.apache.tomcat.util.modeler.OperationInfo.addParameter(org.apache.tomcat.util.modeler.ParameterInfo@2e3e66b1)
2023-01-04 17:44:52.339 DEBUG 3888 --- [kground-preinit] o.apache.tomcat.util.IntrospectionUtils  : IntrospectionUtils: callMethod1 org.apache.tomcat.util.modeler.OperationInfo org.apache.tomcat.util.modeler.ParameterInfo org.apache.tomcat.util.modeler.ParameterInfo
2023-01-04 17:44:52.339 DEBUG 3888 --- [kground-preinit] o.apache.tomcat.util.digester.Digester   :   Fire end() for SetPropertiesRule[]
2023-01-04 17:44:52.339 DEBUG 3888 --- [kground-preinit] o.apache.tomcat.util.digester.Digester   :   Fire end() for ObjectCreateRule[className=org.apache.tomcat.util.modeler.ParameterInfo, attributeName=null]
2023-01-04 17:44:52.340 DEBUG 3888 --- [kground-preinit] o.apache.tomcat.util.digester.Digester   : [ObjectCreateRule]{mbeans-descriptors/mbean/operation/parameter} Pop org.apache.tomcat.util.modeler.ParameterInfo
2023-01-04 17:44:52.340 DEBUG 3888 --- [kground-preinit] o.a.tomcat.util.digester.Digester.sax    : characters(
    )
2023-01-04 17:44:52.340 DEBUG 3888 --- [kground-preinit] o.a.tomcat.util.digester.Digester.sax    : endElement(,,operation)
2023-01-04 17:44:52.340 DEBUG 3888 --- [           main] o.s.b.f.s.DefaultListableBeanFactory     : Returning cached instance of singleton bean 'autoConfigurationReport'
2023-01-04 17:44:52.341 DEBUG 3888 --- [           main] a.ConfigurationClassBeanDefinitionReader : Registering bean definition for @Bean method org.springframework.boot.autoconfigure.jackson.JacksonAutoConfiguration$JacksonObjectMapperConfiguration.jacksonObjectMapper()
2023-01-04 17:44:52.342 DEBUG 3888 --- [           main] a.ConfigurationClassBeanDefinitionReader : Registered bean definition for imported class 'org.springframework.boot.autoconfigure.jackson.JacksonAutoConfiguration'
2023-01-04 17:44:52.342 DEBUG 3888 --- [           main] a.ConfigurationClassBeanDefinitionReader : Registering bean definition for @Bean method org.springframework.boot.autoconfigure.jackson.JacksonAutoConfiguration.jsonComponentModule()
2023-01-04 17:44:52.342 DEBUG 3888 --- [kground-preinit] o.apache.tomcat.util.digester.Digester   :   match='mbeans-descriptors/mbean/operation'
2023-01-04 17:44:52.342 DEBUG 3888 --- [           main] o.s.b.f.s.DefaultListableBeanFactory     : Returning cached instance of singleton bean 'autoConfigurationReport'
2023-01-04 17:44:52.343 DEBUG 3888 --- [           main] o.s.b.f.s.DefaultListableBeanFactory     : Returning cached instance of singleton bean 'autoConfigurationReport'
2023-01-04 17:44:52.343 DEBUG 3888 --- [kground-preinit] o.apache.tomcat.util.digester.Digester   :   bodyText='
      
      
      
    '
2023-01-04 17:44:52.343 DEBUG 3888 --- [kground-preinit] o.apache.tomcat.util.digester.Digester   :   Fire body() for ObjectCreateRule[className=org.apache.tomcat.util.modeler.OperationInfo, attributeName=null]
2023-01-04 17:44:52.343 DEBUG 3888 --- [kground-preinit] o.apache.tomcat.util.digester.Digester   :   Fire body() for SetPropertiesRule[]
2023-01-04 17:44:52.343 DEBUG 3888 --- [kground-preinit] o.apache.tomcat.util.digester.Digester   :   Fire body() for SetNextRule[methodName=addOperation, paramType=org.apache.tomcat.util.modeler.OperationInfo]
2023-01-04 17:44:52.343 DEBUG 3888 --- [kground-preinit] o.apache.tomcat.util.digester.Digester   :   Fire end() for SetNextRule[methodName=addOperation, paramType=org.apache.tomcat.util.modeler.OperationInfo]
2023-01-04 17:44:52.343 DEBUG 3888 --- [kground-preinit] o.apache.tomcat.util.digester.Digester   : [SetNextRule]{mbeans-descriptors/mbean/operation} Call org.apache.tomcat.util.modeler.ManagedBean.addOperation(org.apache.tomcat.util.modeler.OperationInfo@2ed585ee)
2023-01-04 17:44:52.344 DEBUG 3888 --- [kground-preinit] o.apache.tomcat.util.IntrospectionUtils  : IntrospectionUtils: callMethod1 org.apache.tomcat.util.modeler.ManagedBean org.apache.tomcat.util.modeler.OperationInfo org.apache.tomcat.util.modeler.OperationInfo
2023-01-04 17:44:52.345 DEBUG 3888 --- [           main] a.ConfigurationClassBeanDefinitionReader : Registered bean definition for imported class 'org.springframework.boot.autoconfigure.http.HttpMessageConvertersAutoConfiguration$StringHttpMessageConverterConfiguration'
2023-01-04 17:44:52.346 DEBUG 3888 --- [           main] o.s.b.f.s.DefaultListableBeanFactory     : Returning cached instance of singleton bean 'org.springframework.boot.autoconfigure.condition.BeanTypeRegistry'
2023-01-04 17:44:52.356 DEBUG 3888 --- [           main] o.s.b.f.s.DefaultListableBeanFactory     : Returning cached instance of singleton bean 'autoConfigurationReport'
2023-01-04 17:44:52.361 DEBUG 3888 --- [           main] a.ConfigurationClassBeanDefinitionReader : Registering bean definition for @Bean method org.springframework.boot.autoconfigure.http.HttpMessageConvertersAutoConfiguration$StringHttpMessageConverterConfiguration.stringHttpMessageConverter()
2023-01-04 17:44:52.362 DEBUG 3888 --- [kground-preinit] o.apache.tomcat.util.digester.Digester   :   Fire end() for SetPropertiesRule[]
2023-01-04 17:44:52.362 DEBUG 3888 --- [kground-preinit] o.apache.tomcat.util.digester.Digester   :   Fire end() for ObjectCreateRule[className=org.apache.tomcat.util.modeler.OperationInfo, attributeName=null]
2023-01-04 17:44:52.362 DEBUG 3888 --- [kground-preinit] o.apache.tomcat.util.digester.Digester   : [ObjectCreateRule]{mbeans-descriptors/mbean/operation} Pop org.apache.tomcat.util.modeler.OperationInfo
2023-01-04 17:44:52.362 DEBUG 3888 --- [kground-preinit] o.a.tomcat.util.digester.Digester.sax    : characters(

    )
2023-01-04 17:44:52.363 DEBUG 3888 --- [kground-preinit] o.a.tomcat.util.digester.Digester.sax    : startElement(,,operation)
2023-01-04 17:44:52.363 DEBUG 3888 --- [kground-preinit] o.apache.tomcat.util.digester.Digester   :   New match='mbeans-descriptors/mbean/operation'
2023-01-04 17:44:52.364 DEBUG 3888 --- [kground-preinit] o.apache.tomcat.util.digester.Digester   :   Fire begin() for ObjectCreateRule[className=org.apache.tomcat.util.modeler.OperationInfo, attributeName=null]
2023-01-04 17:44:52.364 DEBUG 3888 --- [kground-preinit] o.apache.tomcat.util.digester.Digester   : [ObjectCreateRule]{mbeans-descriptors/mbean/operation}New org.apache.tomcat.util.modeler.OperationInfo
2023-01-04 17:44:52.364 DEBUG 3888 --- [kground-preinit] o.apache.tomcat.util.digester.Digester   :   Fire begin() for SetPropertiesRule[]
2023-01-04 17:44:52.365 DEBUG 3888 --- [kground-preinit] o.apache.tomcat.util.digester.Digester   : [SetPropertiesRule]{mbeans-descriptors/mbean/operation} Set org.apache.tomcat.util.modeler.OperationInfo properties
2023-01-04 17:44:52.365 DEBUG 3888 --- [kground-preinit] o.apache.tomcat.util.digester.Digester   : [SetPropertiesRule]{mbeans-descriptors/mbean/operation} Setting property 'name' to 'createDataSourceRealm'
2023-01-04 17:44:52.365 DEBUG 3888 --- [kground-preinit] o.apache.tomcat.util.IntrospectionUtils  : IntrospectionUtils: setProperty(class org.apache.tomcat.util.modeler.OperationInfo name=createDataSourceRealm)
2023-01-04 17:44:52.365 DEBUG 3888 --- [kground-preinit] o.apache.tomcat.util.digester.Digester   : [SetPropertiesRule]{mbeans-descriptors/mbean/operation} Setting property 'description' to 'Create a new DataSource Realm'
2023-01-04 17:44:52.366 DEBUG 3888 --- [kground-preinit] o.apache.tomcat.util.IntrospectionUtils  : IntrospectionUtils: setProperty(class org.apache.tomcat.util.modeler.OperationInfo description=Create a new DataSource Realm)
2023-01-04 17:44:52.366 DEBUG 3888 --- [kground-preinit] o.apache.tomcat.util.digester.Digester   : [SetPropertiesRule]{mbeans-descriptors/mbean/operation} Setting property 'impact' to 'ACTION'
2023-01-04 17:44:52.366 DEBUG 3888 --- [kground-preinit] o.apache.tomcat.util.IntrospectionUtils  : IntrospectionUtils: setProperty(class org.apache.tomcat.util.modeler.OperationInfo impact=ACTION)
2023-01-04 17:44:52.366 DEBUG 3888 --- [kground-preinit] o.apache.tomcat.util.digester.Digester   : [SetPropertiesRule]{mbeans-descriptors/mbean/operation} Setting property 'returnType' to 'java.lang.String'
2023-01-04 17:44:52.367 DEBUG 3888 --- [kground-preinit] o.apache.tomcat.util.IntrospectionUtils  : IntrospectionUtils: setProperty(class org.apache.tomcat.util.modeler.OperationInfo returnType=java.lang.String)
2023-01-04 17:44:52.369 DEBUG 3888 --- [kground-preinit] o.apache.tomcat.util.digester.Digester   :   Fire begin() for SetNextRule[methodName=addOperation, paramType=org.apache.tomcat.util.modeler.OperationInfo]
2023-01-04 17:44:52.369 DEBUG 3888 --- [kground-preinit] o.a.tomcat.util.digester.Digester.sax    : characters(
      )
2023-01-04 17:44:52.369 DEBUG 3888 --- [kground-preinit] o.a.tomcat.util.digester.Digester.sax    : startElement(,,parameter)
2023-01-04 17:44:52.367 DEBUG 3888 --- [           main] o.s.b.f.s.DefaultListableBeanFactory     : Returning cached instance of singleton bean 'autoConfigurationReport'
2023-01-04 17:44:52.369 DEBUG 3888 --- [kground-preinit] o.apache.tomcat.util.digester.Digester   :   New match='mbeans-descriptors/mbean/operation/parameter'
2023-01-04 17:44:52.372 DEBUG 3888 --- [kground-preinit] o.apache.tomcat.util.digester.Digester   :   Fire begin() for ObjectCreateRule[className=org.apache.tomcat.util.modeler.ParameterInfo, attributeName=null]
2023-01-04 17:44:52.372 DEBUG 3888 --- [kground-preinit] o.apache.tomcat.util.digester.Digester   : [ObjectCreateRule]{mbeans-descriptors/mbean/operation/parameter}New org.apache.tomcat.util.modeler.ParameterInfo
2023-01-04 17:44:52.374 DEBUG 3888 --- [kground-preinit] o.apache.tomcat.util.digester.Digester   :   Fire begin() for SetPropertiesRule[]
2023-01-04 17:44:52.375 DEBUG 3888 --- [kground-preinit] o.apache.tomcat.util.digester.Digester   : [SetPropertiesRule]{mbeans-descriptors/mbean/operation/parameter} Set org.apache.tomcat.util.modeler.ParameterInfo properties
2023-01-04 17:44:52.375 DEBUG 3888 --- [kground-preinit] o.apache.tomcat.util.digester.Digester   : [SetPropertiesRule]{mbeans-descriptors/mbean/operation/parameter} Setting property 'name' to 'parent'
2023-01-04 17:44:52.376 DEBUG 3888 --- [           main] o.s.b.f.s.DefaultListableBeanFactory     : Returning cached instance of singleton bean 'autoConfigurationReport'
2023-01-04 17:44:52.376 DEBUG 3888 --- [kground-preinit] o.apache.tomcat.util.IntrospectionUtils  : IntrospectionUtils: setProperty(class org.apache.tomcat.util.modeler.ParameterInfo name=parent)
2023-01-04 17:44:52.377 DEBUG 3888 --- [kground-preinit] o.apache.tomcat.util.digester.Digester   : [SetPropertiesRule]{mbeans-descriptors/mbean/operation/parameter} Setting property 'description' to 'MBean Name of the associated parent component'
2023-01-04 17:44:52.378 DEBUG 3888 --- [kground-preinit] o.apache.tomcat.util.IntrospectionUtils  : IntrospectionUtils: setProperty(class org.apache.tomcat.util.modeler.ParameterInfo description=MBean Name of the associated parent component)
2023-01-04 17:44:52.379 DEBUG 3888 --- [kground-preinit] o.apache.tomcat.util.digester.Digester   : [SetPropertiesRule]{mbeans-descriptors/mbean/operation/parameter} Setting property 'type' to 'java.lang.String'
2023-01-04 17:44:52.379 DEBUG 3888 --- [kground-preinit] o.apache.tomcat.util.IntrospectionUtils  : IntrospectionUtils: setProperty(class org.apache.tomcat.util.modeler.ParameterInfo type=java.lang.String)
2023-01-04 17:44:52.379 DEBUG 3888 --- [kground-preinit] o.apache.tomcat.util.digester.Digester   :   Fire begin() for SetNextRule[methodName=addParameter, paramType=org.apache.tomcat.util.modeler.ParameterInfo]
2023-01-04 17:44:52.379 DEBUG 3888 --- [kground-preinit] o.a.tomcat.util.digester.Digester.sax    : endElement(,,parameter)
2023-01-04 17:44:52.380 DEBUG 3888 --- [kground-preinit] o.apache.tomcat.util.digester.Digester   :   match='mbeans-descriptors/mbean/operation/parameter'
2023-01-04 17:44:52.380 DEBUG 3888 --- [kground-preinit] o.apache.tomcat.util.digester.Digester   :   bodyText=''
2023-01-04 17:44:52.380 DEBUG 3888 --- [kground-preinit] o.apache.tomcat.util.digester.Digester   :   Fire body() for ObjectCreateRule[className=org.apache.tomcat.util.modeler.ParameterInfo, attributeName=null]
2023-01-04 17:44:52.380 DEBUG 3888 --- [kground-preinit] o.apache.tomcat.util.digester.Digester   :   Fire body() for SetPropertiesRule[]
2023-01-04 17:44:52.380 DEBUG 3888 --- [kground-preinit] o.apache.tomcat.util.digester.Digester   :   Fire body() for SetNextRule[methodName=addParameter, paramType=org.apache.tomcat.util.modeler.ParameterInfo]
2023-01-04 17:44:52.380 DEBUG 3888 --- [kground-preinit] o.apache.tomcat.util.digester.Digester   :   Fire end() for SetNextRule[methodName=addParameter, paramType=org.apache.tomcat.util.modeler.ParameterInfo]
2023-01-04 17:44:52.378 DEBUG 3888 --- [           main] o.s.b.f.s.DefaultListableBeanFactory     : Returning cached instance of singleton bean 'org.springframework.boot.autoconfigure.condition.BeanTypeRegistry'
2023-01-04 17:44:52.381 DEBUG 3888 --- [kground-preinit] o.apache.tomcat.util.digester.Digester   : [SetNextRule]{mbeans-descriptors/mbean/operation/parameter} Call org.apache.tomcat.util.modeler.OperationInfo.addParameter(org.apache.tomcat.util.modeler.ParameterInfo@52fc4d11)
2023-01-04 17:44:52.381 DEBUG 3888 --- [kground-preinit] o.apache.tomcat.util.IntrospectionUtils  : IntrospectionUtils: callMethod1 org.apache.tomcat.util.modeler.OperationInfo org.apache.tomcat.util.modeler.ParameterInfo org.apache.tomcat.util.modeler.ParameterInfo
2023-01-04 17:44:52.381 DEBUG 3888 --- [kground-preinit] o.apache.tomcat.util.digester.Digester   :   Fire end() for SetPropertiesRule[]
2023-01-04 17:44:52.381 DEBUG 3888 --- [kground-preinit] o.apache.tomcat.util.digester.Digester   :   Fire end() for ObjectCreateRule[className=org.apache.tomcat.util.modeler.ParameterInfo, attributeName=null]
2023-01-04 17:44:52.381 DEBUG 3888 --- [kground-preinit] o.apache.tomcat.util.digester.Digester   : [ObjectCreateRule]{mbeans-descriptors/mbean/operation/parameter} Pop org.apache.tomcat.util.modeler.ParameterInfo
2023-01-04 17:44:52.381 DEBUG 3888 --- [kground-preinit] o.a.tomcat.util.digester.Digester.sax    : characters(
      )
2023-01-04 17:44:52.381 DEBUG 3888 --- [kground-preinit] o.a.tomcat.util.digester.Digester.sax    : startElement(,,parameter)
2023-01-04 17:44:52.382 DEBUG 3888 --- [kground-preinit] o.apache.tomcat.util.digester.Digester   :   New match='mbeans-descriptors/mbean/operation/parameter'
2023-01-04 17:44:52.382 DEBUG 3888 --- [kground-preinit] o.apache.tomcat.util.digester.Digester   :   Fire begin() for ObjectCreateRule[className=org.apache.tomcat.util.modeler.ParameterInfo, attributeName=null]
2023-01-04 17:44:52.382 DEBUG 3888 --- [kground-preinit] o.apache.tomcat.util.digester.Digester   : [ObjectCreateRule]{mbeans-descriptors/mbean/operation/parameter}New org.apache.tomcat.util.modeler.ParameterInfo
2023-01-04 17:44:52.382 DEBUG 3888 --- [kground-preinit] o.apache.tomcat.util.digester.Digester   :   Fire begin() for SetPropertiesRule[]
2023-01-04 17:44:52.383 DEBUG 3888 --- [kground-preinit] o.apache.tomcat.util.digester.Digester   : [SetPropertiesRule]{mbeans-descriptors/mbean/operation/parameter} Set org.apache.tomcat.util.modeler.ParameterInfo properties
2023-01-04 17:44:52.383 DEBUG 3888 --- [kground-preinit] o.apache.tomcat.util.digester.Digester   : [SetPropertiesRule]{mbeans-descriptors/mbean/operation/parameter} Setting property 'name' to 'dataSourceName'
2023-01-04 17:44:52.383 DEBUG 3888 --- [kground-preinit] o.apache.tomcat.util.IntrospectionUtils  : IntrospectionUtils: setProperty(class org.apache.tomcat.util.modeler.ParameterInfo name=dataSourceName)
2023-01-04 17:44:52.383 DEBUG 3888 --- [kground-preinit] o.apache.tomcat.util.digester.Digester   : [SetPropertiesRule]{mbeans-descriptors/mbean/operation/parameter} Setting property 'description' to 'The JNDI named JDBC DataSource'
2023-01-04 17:44:52.384 DEBUG 3888 --- [kground-preinit] o.apache.tomcat.util.IntrospectionUtils  : IntrospectionUtils: setProperty(class org.apache.tomcat.util.modeler.ParameterInfo description=The JNDI named JDBC DataSource)
2023-01-04 17:44:52.385 DEBUG 3888 --- [kground-preinit] o.apache.tomcat.util.digester.Digester   : [SetPropertiesRule]{mbeans-descriptors/mbean/operation/parameter} Setting property 'type' to 'java.lang.String'
2023-01-04 17:44:52.386 DEBUG 3888 --- [kground-preinit] o.apache.tomcat.util.IntrospectionUtils  : IntrospectionUtils: setProperty(class org.apache.tomcat.util.modeler.ParameterInfo type=java.lang.String)
2023-01-04 17:44:52.386 DEBUG 3888 --- [kground-preinit] o.apache.tomcat.util.digester.Digester   :   Fire begin() for SetNextRule[methodName=addParameter, paramType=org.apache.tomcat.util.modeler.ParameterInfo]
2023-01-04 17:44:52.386 DEBUG 3888 --- [kground-preinit] o.a.tomcat.util.digester.Digester.sax    : endElement(,,parameter)
2023-01-04 17:44:52.387 DEBUG 3888 --- [kground-preinit] o.apache.tomcat.util.digester.Digester   :   match='mbeans-descriptors/mbean/operation/parameter'
2023-01-04 17:44:52.387 DEBUG 3888 --- [kground-preinit] o.apache.tomcat.util.digester.Digester   :   bodyText=''
2023-01-04 17:44:52.387 DEBUG 3888 --- [kground-preinit] o.apache.tomcat.util.digester.Digester   :   Fire body() for ObjectCreateRule[className=org.apache.tomcat.util.modeler.ParameterInfo, attributeName=null]
2023-01-04 17:44:52.388 DEBUG 3888 --- [kground-preinit] o.apache.tomcat.util.digester.Digester   :   Fire body() for SetPropertiesRule[]
2023-01-04 17:44:52.388 DEBUG 3888 --- [kground-preinit] o.apache.tomcat.util.digester.Digester   :   Fire body() for SetNextRule[methodName=addParameter, paramType=org.apache.tomcat.util.modeler.ParameterInfo]
2023-01-04 17:44:52.388 DEBUG 3888 --- [kground-preinit] o.apache.tomcat.util.digester.Digester   :   Fire end() for SetNextRule[methodName=addParameter, paramType=org.apache.tomcat.util.modeler.ParameterInfo]
2023-01-04 17:44:52.388 DEBUG 3888 --- [kground-preinit] o.apache.tomcat.util.digester.Digester   : [SetNextRule]{mbeans-descriptors/mbean/operation/parameter} Call org.apache.tomcat.util.modeler.OperationInfo.addParameter(org.apache.tomcat.util.modeler.ParameterInfo@2acf4b54)
2023-01-04 17:44:52.388 DEBUG 3888 --- [kground-preinit] o.apache.tomcat.util.IntrospectionUtils  : IntrospectionUtils: callMethod1 org.apache.tomcat.util.modeler.OperationInfo org.apache.tomcat.util.modeler.ParameterInfo org.apache.tomcat.util.modeler.ParameterInfo
2023-01-04 17:44:52.388 DEBUG 3888 --- [kground-preinit] o.apache.tomcat.util.digester.Digester   :   Fire end() for SetPropertiesRule[]
2023-01-04 17:44:52.388 DEBUG 3888 --- [kground-preinit] o.apache.tomcat.util.digester.Digester   :   Fire end() for ObjectCreateRule[className=org.apache.tomcat.util.modeler.ParameterInfo, attributeName=null]
2023-01-04 17:44:52.388 DEBUG 3888 --- [kground-preinit] o.apache.tomcat.util.digester.Digester   : [ObjectCreateRule]{mbeans-descriptors/mbean/operation/parameter} Pop org.apache.tomcat.util.modeler.ParameterInfo
2023-01-04 17:44:52.388 DEBUG 3888 --- [kground-preinit] o.a.tomcat.util.digester.Digester.sax    : characters(
      )
2023-01-04 17:44:52.388 DEBUG 3888 --- [kground-preinit] o.a.tomcat.util.digester.Digester.sax    : startElement(,,parameter)
2023-01-04 17:44:52.391 DEBUG 3888 --- [kground-preinit] o.apache.tomcat.util.digester.Digester   :   New match='mbeans-descriptors/mbean/operation/parameter'
2023-01-04 17:44:52.391 DEBUG 3888 --- [kground-preinit] o.apache.tomcat.util.digester.Digester   :   Fire begin() for ObjectCreateRule[className=org.apache.tomcat.util.modeler.ParameterInfo, attributeName=null]
2023-01-04 17:44:52.392 DEBUG 3888 --- [kground-preinit] o.apache.tomcat.util.digester.Digester   : [ObjectCreateRule]{mbeans-descriptors/mbean/operation/parameter}New org.apache.tomcat.util.modeler.ParameterInfo
2023-01-04 17:44:52.393 DEBUG 3888 --- [           main] o.s.b.f.s.DefaultListableBeanFactory     : Returning cached instance of singleton bean 'autoConfigurationReport'
2023-01-04 17:44:52.393 DEBUG 3888 --- [kground-preinit] o.apache.tomcat.util.digester.Digester   :   Fire begin() for SetPropertiesRule[]
2023-01-04 17:44:52.393 DEBUG 3888 --- [           main] a.ConfigurationClassBeanDefinitionReader : Registered bean definition for imported class 'org.springframework.boot.autoconfigure.http.JacksonHttpMessageConvertersConfiguration$MappingJackson2HttpMessageConverterConfiguration'
2023-01-04 17:44:52.393 DEBUG 3888 --- [kground-preinit] o.apache.tomcat.util.digester.Digester   : [SetPropertiesRule]{mbeans-descriptors/mbean/operation/parameter} Set org.apache.tomcat.util.modeler.ParameterInfo properties
2023-01-04 17:44:52.393 DEBUG 3888 --- [kground-preinit] o.apache.tomcat.util.digester.Digester   : [SetPropertiesRule]{mbeans-descriptors/mbean/operation/parameter} Setting property 'name' to 'roleNameCol'
2023-01-04 17:44:52.394 DEBUG 3888 --- [kground-preinit] o.apache.tomcat.util.IntrospectionUtils  : IntrospectionUtils: setProperty(class org.apache.tomcat.util.modeler.ParameterInfo name=roleNameCol)
2023-01-04 17:44:52.394 DEBUG 3888 --- [kground-preinit] o.apache.tomcat.util.digester.Digester   : [SetPropertiesRule]{mbeans-descriptors/mbean/operation/parameter} Setting property 'description' to 'The column in the user role table that names a role'
2023-01-04 17:44:52.394 DEBUG 3888 --- [kground-preinit] o.apache.tomcat.util.IntrospectionUtils  : IntrospectionUtils: setProperty(class org.apache.tomcat.util.modeler.ParameterInfo description=The column in the user role table that names a role)
2023-01-04 17:44:52.394 DEBUG 3888 --- [kground-preinit] o.apache.tomcat.util.digester.Digester   : [SetPropertiesRule]{mbeans-descriptors/mbean/operation/parameter} Setting property 'type' to 'java.lang.String'
2023-01-04 17:44:52.394 DEBUG 3888 --- [kground-preinit] o.apache.tomcat.util.IntrospectionUtils  : IntrospectionUtils: setProperty(class org.apache.tomcat.util.modeler.ParameterInfo type=java.lang.String)
2023-01-04 17:44:52.394 DEBUG 3888 --- [kground-preinit] o.apache.tomcat.util.digester.Digester   :   Fire begin() for SetNextRule[methodName=addParameter, paramType=org.apache.tomcat.util.modeler.ParameterInfo]
2023-01-04 17:44:52.395 DEBUG 3888 --- [kground-preinit] o.a.tomcat.util.digester.Digester.sax    : endElement(,,parameter)
2023-01-04 17:44:52.395 DEBUG 3888 --- [kground-preinit] o.apache.tomcat.util.digester.Digester   :   match='mbeans-descriptors/mbean/operation/parameter'
2023-01-04 17:44:52.395 DEBUG 3888 --- [kground-preinit] o.apache.tomcat.util.digester.Digester   :   bodyText=''
2023-01-04 17:44:52.395 DEBUG 3888 --- [kground-preinit] o.apache.tomcat.util.digester.Digester   :   Fire body() for ObjectCreateRule[className=org.apache.tomcat.util.modeler.ParameterInfo, attributeName=null]
2023-01-04 17:44:52.395 DEBUG 3888 --- [kground-preinit] o.apache.tomcat.util.digester.Digester   :   Fire body() for SetPropertiesRule[]
2023-01-04 17:44:52.395 DEBUG 3888 --- [kground-preinit] o.apache.tomcat.util.digester.Digester   :   Fire body() for SetNextRule[methodName=addParameter, paramType=org.apache.tomcat.util.modeler.ParameterInfo]
2023-01-04 17:44:52.396 DEBUG 3888 --- [kground-preinit] o.apache.tomcat.util.digester.Digester   :   Fire end() for SetNextRule[methodName=addParameter, paramType=org.apache.tomcat.util.modeler.ParameterInfo]
2023-01-04 17:44:52.396 DEBUG 3888 --- [kground-preinit] o.apache.tomcat.util.digester.Digester   : [SetNextRule]{mbeans-descriptors/mbean/operation/parameter} Call org.apache.tomcat.util.modeler.OperationInfo.addParameter(org.apache.tomcat.util.modeler.ParameterInfo@c0e5350)
2023-01-04 17:44:52.396 DEBUG 3888 --- [kground-preinit] o.apache.tomcat.util.IntrospectionUtils  : IntrospectionUtils: callMethod1 org.apache.tomcat.util.modeler.OperationInfo org.apache.tomcat.util.modeler.ParameterInfo org.apache.tomcat.util.modeler.ParameterInfo
2023-01-04 17:44:52.396 DEBUG 3888 --- [kground-preinit] o.apache.tomcat.util.digester.Digester   :   Fire end() for SetPropertiesRule[]
2023-01-04 17:44:52.396 DEBUG 3888 --- [kground-preinit] o.apache.tomcat.util.digester.Digester   :   Fire end() for ObjectCreateRule[className=org.apache.tomcat.util.modeler.ParameterInfo, attributeName=null]
2023-01-04 17:44:52.396 DEBUG 3888 --- [kground-preinit] o.apache.tomcat.util.digester.Digester   : [ObjectCreateRule]{mbeans-descriptors/mbean/operation/parameter} Pop org.apache.tomcat.util.modeler.ParameterInfo
2023-01-04 17:44:52.397 DEBUG 3888 --- [kground-preinit] o.a.tomcat.util.digester.Digester.sax    : characters(
      )
2023-01-04 17:44:52.397 DEBUG 3888 --- [kground-preinit] o.a.tomcat.util.digester.Digester.sax    : startElement(,,parameter)
2023-01-04 17:44:52.397 DEBUG 3888 --- [kground-preinit] o.apache.tomcat.util.digester.Digester   :   New match='mbeans-descriptors/mbean/operation/parameter'
2023-01-04 17:44:52.397 DEBUG 3888 --- [kground-preinit] o.apache.tomcat.util.digester.Digester   :   Fire begin() for ObjectCreateRule[className=org.apache.tomcat.util.modeler.ParameterInfo, attributeName=null]
2023-01-04 17:44:52.397 DEBUG 3888 --- [kground-preinit] o.apache.tomcat.util.digester.Digester   : [ObjectCreateRule]{mbeans-descriptors/mbean/operation/parameter}New org.apache.tomcat.util.modeler.ParameterInfo
2023-01-04 17:44:52.398 DEBUG 3888 --- [kground-preinit] o.apache.tomcat.util.digester.Digester   :   Fire begin() for SetPropertiesRule[]
2023-01-04 17:44:52.398 DEBUG 3888 --- [kground-preinit] o.apache.tomcat.util.digester.Digester   : [SetPropertiesRule]{mbeans-descriptors/mbean/operation/parameter} Set org.apache.tomcat.util.modeler.ParameterInfo properties
2023-01-04 17:44:52.398 DEBUG 3888 --- [kground-preinit] o.apache.tomcat.util.digester.Digester   : [SetPropertiesRule]{mbeans-descriptors/mbean/operation/parameter} Setting property 'name' to 'userCredCol'
2023-01-04 17:44:52.398 DEBUG 3888 --- [kground-preinit] o.apache.tomcat.util.IntrospectionUtils  : IntrospectionUtils: setProperty(class org.apache.tomcat.util.modeler.ParameterInfo name=userCredCol)
2023-01-04 17:44:52.398 DEBUG 3888 --- [kground-preinit] o.apache.tomcat.util.digester.Digester   : [SetPropertiesRule]{mbeans-descriptors/mbean/operation/parameter} Setting property 'description' to 'The column in the user table that holds the user's                         credentials'
2023-01-04 17:44:52.398 DEBUG 3888 --- [kground-preinit] o.apache.tomcat.util.IntrospectionUtils  : IntrospectionUtils: setProperty(class org.apache.tomcat.util.modeler.ParameterInfo description=The column in the user table that holds the user's                         credentials)
2023-01-04 17:44:52.398 DEBUG 3888 --- [kground-preinit] o.apache.tomcat.util.digester.Digester   : [SetPropertiesRule]{mbeans-descriptors/mbean/operation/parameter} Setting property 'type' to 'java.lang.String'
2023-01-04 17:44:52.399 DEBUG 3888 --- [kground-preinit] o.apache.tomcat.util.IntrospectionUtils  : IntrospectionUtils: setProperty(class org.apache.tomcat.util.modeler.ParameterInfo type=java.lang.String)
2023-01-04 17:44:52.399 DEBUG 3888 --- [kground-preinit] o.apache.tomcat.util.digester.Digester   :   Fire begin() for SetNextRule[methodName=addParameter, paramType=org.apache.tomcat.util.modeler.ParameterInfo]
2023-01-04 17:44:52.399 DEBUG 3888 --- [kground-preinit] o.a.tomcat.util.digester.Digester.sax    : endElement(,,parameter)
2023-01-04 17:44:52.399 DEBUG 3888 --- [kground-preinit] o.apache.tomcat.util.digester.Digester   :   match='mbeans-descriptors/mbean/operation/parameter'
2023-01-04 17:44:52.400 DEBUG 3888 --- [kground-preinit] o.apache.tomcat.util.digester.Digester   :   bodyText=''
2023-01-04 17:44:52.400 DEBUG 3888 --- [kground-preinit] o.apache.tomcat.util.digester.Digester   :   Fire body() for ObjectCreateRule[className=org.apache.tomcat.util.modeler.ParameterInfo, attributeName=null]
2023-01-04 17:44:52.400 DEBUG 3888 --- [kground-preinit] o.apache.tomcat.util.digester.Digester   :   Fire body() for SetPropertiesRule[]
2023-01-04 17:44:52.400 DEBUG 3888 --- [kground-preinit] o.apache.tomcat.util.digester.Digester   :   Fire body() for SetNextRule[methodName=addParameter, paramType=org.apache.tomcat.util.modeler.ParameterInfo]
2023-01-04 17:44:52.401 DEBUG 3888 --- [kground-preinit] o.apache.tomcat.util.digester.Digester   :   Fire end() for SetNextRule[methodName=addParameter, paramType=org.apache.tomcat.util.modeler.ParameterInfo]
2023-01-04 17:44:52.401 DEBUG 3888 --- [kground-preinit] o.apache.tomcat.util.digester.Digester   : [SetNextRule]{mbeans-descriptors/mbean/operation/parameter} Call org.apache.tomcat.util.modeler.OperationInfo.addParameter(org.apache.tomcat.util.modeler.ParameterInfo@7d923a8)
2023-01-04 17:44:52.401 DEBUG 3888 --- [kground-preinit] o.apache.tomcat.util.IntrospectionUtils  : IntrospectionUtils: callMethod1 org.apache.tomcat.util.modeler.OperationInfo org.apache.tomcat.util.modeler.ParameterInfo org.apache.tomcat.util.modeler.ParameterInfo
2023-01-04 17:44:52.402 DEBUG 3888 --- [kground-preinit] o.apache.tomcat.util.digester.Digester   :   Fire end() for SetPropertiesRule[]
2023-01-04 17:44:52.402 DEBUG 3888 --- [kground-preinit] o.apache.tomcat.util.digester.Digester   :   Fire end() for ObjectCreateRule[className=org.apache.tomcat.util.modeler.ParameterInfo, attributeName=null]
2023-01-04 17:44:52.402 DEBUG 3888 --- [kground-preinit] o.apache.tomcat.util.digester.Digester   : [ObjectCreateRule]{mbeans-descriptors/mbean/operation/parameter} Pop org.apache.tomcat.util.modeler.ParameterInfo
2023-01-04 17:44:52.404 DEBUG 3888 --- [kground-preinit] o.a.tomcat.util.digester.Digester.sax    : characters(
      )
2023-01-04 17:44:52.407 DEBUG 3888 --- [kground-preinit] o.a.tomcat.util.digester.Digester.sax    : startElement(,,parameter)
2023-01-04 17:44:52.408 DEBUG 3888 --- [kground-preinit] o.apache.tomcat.util.digester.Digester   :   New match='mbeans-descriptors/mbean/operation/parameter'
2023-01-04 17:44:52.408 DEBUG 3888 --- [kground-preinit] o.apache.tomcat.util.digester.Digester   :   Fire begin() for ObjectCreateRule[className=org.apache.tomcat.util.modeler.ParameterInfo, attributeName=null]
2023-01-04 17:44:52.408 DEBUG 3888 --- [kground-preinit] o.apache.tomcat.util.digester.Digester   : [ObjectCreateRule]{mbeans-descriptors/mbean/operation/parameter}New org.apache.tomcat.util.modeler.ParameterInfo
2023-01-04 17:44:52.408 DEBUG 3888 --- [kground-preinit] o.apache.tomcat.util.digester.Digester   :   Fire begin() for SetPropertiesRule[]
2023-01-04 17:44:52.408 DEBUG 3888 --- [kground-preinit] o.apache.tomcat.util.digester.Digester   : [SetPropertiesRule]{mbeans-descriptors/mbean/operation/parameter} Set org.apache.tomcat.util.modeler.ParameterInfo properties
2023-01-04 17:44:52.409 DEBUG 3888 --- [kground-preinit] o.apache.tomcat.util.digester.Digester   : [SetPropertiesRule]{mbeans-descriptors/mbean/operation/parameter} Setting property 'name' to 'userNameCol'
2023-01-04 17:44:52.409 DEBUG 3888 --- [           main] o.s.b.f.s.DefaultListableBeanFactory     : Returning cached instance of singleton bean 'org.springframework.boot.autoconfigure.condition.BeanTypeRegistry'
2023-01-04 17:44:52.410 DEBUG 3888 --- [           main] o.s.b.f.s.DefaultListableBeanFactory     : Returning cached instance of singleton bean 'autoConfigurationReport'
2023-01-04 17:44:52.411 DEBUG 3888 --- [           main] a.ConfigurationClassBeanDefinitionReader : Registering bean definition for @Bean method org.springframework.boot.autoconfigure.http.JacksonHttpMessageConvertersConfiguration$MappingJackson2HttpMessageConverterConfiguration.mappingJackson2HttpMessageConverter()
2023-01-04 17:44:52.411 DEBUG 3888 --- [           main] a.ConfigurationClassBeanDefinitionReader : Registered bean definition for imported class 'org.springframework.boot.autoconfigure.http.JacksonHttpMessageConvertersConfiguration'
2023-01-04 17:44:52.413 DEBUG 3888 --- [           main] a.ConfigurationClassBeanDefinitionReader : Registered bean definition for imported class 'org.springframework.boot.autoconfigure.http.HttpMessageConvertersAutoConfiguration'
2023-01-04 17:44:52.413 DEBUG 3888 --- [           main] o.s.b.f.s.DefaultListableBeanFactory     : Returning cached instance of singleton bean 'org.springframework.boot.autoconfigure.condition.BeanTypeRegistry'
2023-01-04 17:44:52.414 DEBUG 3888 --- [kground-preinit] o.apache.tomcat.util.IntrospectionUtils  : IntrospectionUtils: setProperty(class org.apache.tomcat.util.modeler.ParameterInfo name=userNameCol)
2023-01-04 17:44:52.415 DEBUG 3888 --- [kground-preinit] o.apache.tomcat.util.digester.Digester   : [SetPropertiesRule]{mbeans-descriptors/mbean/operation/parameter} Setting property 'description' to 'The column in the user table that holds the user's                         username'
2023-01-04 17:44:52.415 DEBUG 3888 --- [kground-preinit] o.apache.tomcat.util.IntrospectionUtils  : IntrospectionUtils: setProperty(class org.apache.tomcat.util.modeler.ParameterInfo description=The column in the user table that holds the user's                         username)
2023-01-04 17:44:52.416 DEBUG 3888 --- [           main] o.s.b.f.s.DefaultListableBeanFactory     : Returning cached instance of singleton bean 'autoConfigurationReport'
2023-01-04 17:44:52.416 DEBUG 3888 --- [           main] a.ConfigurationClassBeanDefinitionReader : Registering bean definition for @Bean method org.springframework.boot.autoconfigure.http.HttpMessageConvertersAutoConfiguration.messageConverters()
2023-01-04 17:44:52.416 DEBUG 3888 --- [           main] o.s.b.f.s.DefaultListableBeanFactory     : Returning cached instance of singleton bean 'autoConfigurationReport'
2023-01-04 17:44:52.416 DEBUG 3888 --- [kground-preinit] o.apache.tomcat.util.digester.Digester   : [SetPropertiesRule]{mbeans-descriptors/mbean/operation/parameter} Setting property 'type' to 'java.lang.String'
2023-01-04 17:44:52.418 DEBUG 3888 --- [           main] o.s.b.f.s.DefaultListableBeanFactory     : Returning cached instance of singleton bean 'autoConfigurationReport'
2023-01-04 17:44:52.418 DEBUG 3888 --- [           main] o.s.b.f.s.DefaultListableBeanFactory     : Returning cached instance of singleton bean 'org.springframework.boot.autoconfigure.condition.BeanTypeRegistry'
2023-01-04 17:44:52.422 DEBUG 3888 --- [           main] o.s.b.f.s.DefaultListableBeanFactory     : Returning cached instance of singleton bean 'autoConfigurationReport'
2023-01-04 17:44:52.422 DEBUG 3888 --- [           main] a.ConfigurationClassBeanDefinitionReader : Registered bean definition for imported class 'org.springframework.data.web.config.ProjectingArgumentResolverRegistrar'
2023-01-04 17:44:52.422 DEBUG 3888 --- [           main] a.ConfigurationClassBeanDefinitionReader : Registering bean definition for @Bean method org.springframework.data.web.config.ProjectingArgumentResolverRegistrar.projectingArgumentResolverBeanPostProcessor()
2023-01-04 17:44:52.422 DEBUG 3888 --- [           main] a.ConfigurationClassBeanDefinitionReader : Registered bean definition for imported class 'org.springframework.data.web.config.SpringDataWebConfiguration'
2023-01-04 17:44:52.422 DEBUG 3888 --- [           main] a.ConfigurationClassBeanDefinitionReader : Registering bean definition for @Bean method org.springframework.data.web.config.SpringDataWebConfiguration.pageableResolver()
2023-01-04 17:44:52.422 DEBUG 3888 --- [           main] a.ConfigurationClassBeanDefinitionReader : Registering bean definition for @Bean method org.springframework.data.web.config.SpringDataWebConfiguration.sortResolver()
2023-01-04 17:44:52.422 DEBUG 3888 --- [           main] a.ConfigurationClassBeanDefinitionReader : Registered bean definition for imported class 'org.springframework.data.web.config.SpringDataJacksonConfiguration'
2023-01-04 17:44:52.422 DEBUG 3888 --- [           main] a.ConfigurationClassBeanDefinitionReader : Registering bean definition for @Bean method org.springframework.data.web.config.SpringDataJacksonConfiguration.jacksonGeoModule()
2023-01-04 17:44:52.422 DEBUG 3888 --- [           main] a.ConfigurationClassBeanDefinitionReader : Registered bean definition for imported class 'org.springframework.boot.autoconfigure.data.web.SpringDataWebAutoConfiguration'
2023-01-04 17:44:52.439 DEBUG 3888 --- [kground-preinit] o.apache.tomcat.util.IntrospectionUtils  : IntrospectionUtils: setProperty(class org.apache.tomcat.util.modeler.ParameterInfo type=java.lang.String)
2023-01-04 17:44:52.440 DEBUG 3888 --- [kground-preinit] o.apache.tomcat.util.digester.Digester   :   Fire begin() for SetNextRule[methodName=addParameter, paramType=org.apache.tomcat.util.modeler.ParameterInfo]
2023-01-04 17:44:52.440 DEBUG 3888 --- [kground-preinit] o.a.tomcat.util.digester.Digester.sax    : endElement(,,parameter)
2023-01-04 17:44:52.440 DEBUG 3888 --- [kground-preinit] o.apache.tomcat.util.digester.Digester   :   match='mbeans-descriptors/mbean/operation/parameter'
2023-01-04 17:44:52.441 DEBUG 3888 --- [kground-preinit] o.apache.tomcat.util.digester.Digester   :   bodyText=''
2023-01-04 17:44:52.441 DEBUG 3888 --- [kground-preinit] o.apache.tomcat.util.digester.Digester   :   Fire body() for ObjectCreateRule[className=org.apache.tomcat.util.modeler.ParameterInfo, attributeName=null]
2023-01-04 17:44:52.455 DEBUG 3888 --- [kground-preinit] o.apache.tomcat.util.digester.Digester   :   Fire body() for SetPropertiesRule[]
2023-01-04 17:44:52.456 DEBUG 3888 --- [kground-preinit] o.apache.tomcat.util.digester.Digester   :   Fire body() for SetNextRule[methodName=addParameter, paramType=org.apache.tomcat.util.modeler.ParameterInfo]
2023-01-04 17:44:52.456 DEBUG 3888 --- [kground-preinit] o.apache.tomcat.util.digester.Digester   :   Fire end() for SetNextRule[methodName=addParameter, paramType=org.apache.tomcat.util.modeler.ParameterInfo]
2023-01-04 17:44:52.457 DEBUG 3888 --- [kground-preinit] o.apache.tomcat.util.digester.Digester   : [SetNextRule]{mbeans-descriptors/mbean/operation/parameter} Call org.apache.tomcat.util.modeler.OperationInfo.addParameter(org.apache.tomcat.util.modeler.ParameterInfo@377d7287)
2023-01-04 17:44:52.456 DEBUG 3888 --- [           main] o.s.b.f.s.DefaultListableBeanFactory     : Returning cached instance of singleton bean 'org.springframework.boot.autoconfigure.condition.BeanTypeRegistry'
2023-01-04 17:44:52.457 DEBUG 3888 --- [kground-preinit] o.apache.tomcat.util.IntrospectionUtils  : IntrospectionUtils: callMethod1 org.apache.tomcat.util.modeler.OperationInfo org.apache.tomcat.util.modeler.ParameterInfo org.apache.tomcat.util.modeler.ParameterInfo
2023-01-04 17:44:52.457 DEBUG 3888 --- [kground-preinit] o.apache.tomcat.util.digester.Digester   :   Fire end() for SetPropertiesRule[]
2023-01-04 17:44:52.457 DEBUG 3888 --- [kground-preinit] o.apache.tomcat.util.digester.Digester   :   Fire end() for ObjectCreateRule[className=org.apache.tomcat.util.modeler.ParameterInfo, attributeName=null]
2023-01-04 17:44:52.457 DEBUG 3888 --- [kground-preinit] o.apache.tomcat.util.digester.Digester   : [ObjectCreateRule]{mbeans-descriptors/mbean/operation/parameter} Pop org.apache.tomcat.util.modeler.ParameterInfo
2023-01-04 17:44:52.458 DEBUG 3888 --- [kground-preinit] o.a.tomcat.util.digester.Digester.sax    : characters(
      )
2023-01-04 17:44:52.458 DEBUG 3888 --- [kground-preinit] o.a.tomcat.util.digester.Digester.sax    : startElement(,,parameter)
2023-01-04 17:44:52.458 DEBUG 3888 --- [kground-preinit] o.apache.tomcat.util.digester.Digester   :   New match='mbeans-descriptors/mbean/operation/parameter'
2023-01-04 17:44:52.458 DEBUG 3888 --- [kground-preinit] o.apache.tomcat.util.digester.Digester   :   Fire begin() for ObjectCreateRule[className=org.apache.tomcat.util.modeler.ParameterInfo, attributeName=null]
2023-01-04 17:44:52.459 DEBUG 3888 --- [kground-preinit] o.apache.tomcat.util.digester.Digester   : [ObjectCreateRule]{mbeans-descriptors/mbean/operation/parameter}New org.apache.tomcat.util.modeler.ParameterInfo
2023-01-04 17:44:52.460 DEBUG 3888 --- [kground-preinit] o.apache.tomcat.util.digester.Digester   :   Fire begin() for SetPropertiesRule[]
2023-01-04 17:44:52.460 DEBUG 3888 --- [kground-preinit] o.apache.tomcat.util.digester.Digester   : [SetPropertiesRule]{mbeans-descriptors/mbean/operation/parameter} Set org.apache.tomcat.util.modeler.ParameterInfo properties
2023-01-04 17:44:52.460 DEBUG 3888 --- [kground-preinit] o.apache.tomcat.util.digester.Digester   : [SetPropertiesRule]{mbeans-descriptors/mbean/operation/parameter} Setting property 'name' to 'userRoleTable'
2023-01-04 17:44:52.460 DEBUG 3888 --- [kground-preinit] o.apache.tomcat.util.IntrospectionUtils  : IntrospectionUtils: setProperty(class org.apache.tomcat.util.modeler.ParameterInfo name=userRoleTable)
2023-01-04 17:44:52.460 DEBUG 3888 --- [kground-preinit] o.apache.tomcat.util.digester.Digester   : [SetPropertiesRule]{mbeans-descriptors/mbean/operation/parameter} Setting property 'description' to 'The table that holds the relation between user's and                         roles'
2023-01-04 17:44:52.461 DEBUG 3888 --- [kground-preinit] o.apache.tomcat.util.IntrospectionUtils  : IntrospectionUtils: setProperty(class org.apache.tomcat.util.modeler.ParameterInfo description=The table that holds the relation between user's and                         roles)
2023-01-04 17:44:52.461 DEBUG 3888 --- [kground-preinit] o.apache.tomcat.util.digester.Digester   : [SetPropertiesRule]{mbeans-descriptors/mbean/operation/parameter} Setting property 'type' to 'java.lang.String'
2023-01-04 17:44:52.462 DEBUG 3888 --- [kground-preinit] o.apache.tomcat.util.IntrospectionUtils  : IntrospectionUtils: setProperty(class org.apache.tomcat.util.modeler.ParameterInfo type=java.lang.String)
2023-01-04 17:44:52.463 DEBUG 3888 --- [kground-preinit] o.apache.tomcat.util.digester.Digester   :   Fire begin() for SetNextRule[methodName=addParameter, paramType=org.apache.tomcat.util.modeler.ParameterInfo]
2023-01-04 17:44:52.463 DEBUG 3888 --- [kground-preinit] o.a.tomcat.util.digester.Digester.sax    : endElement(,,parameter)
2023-01-04 17:44:52.463 DEBUG 3888 --- [kground-preinit] o.apache.tomcat.util.digester.Digester   :   match='mbeans-descriptors/mbean/operation/parameter'
2023-01-04 17:44:52.463 DEBUG 3888 --- [kground-preinit] o.apache.tomcat.util.digester.Digester   :   bodyText=''
2023-01-04 17:44:52.464 DEBUG 3888 --- [kground-preinit] o.apache.tomcat.util.digester.Digester   :   Fire body() for ObjectCreateRule[className=org.apache.tomcat.util.modeler.ParameterInfo, attributeName=null]
2023-01-04 17:44:52.467 DEBUG 3888 --- [kground-preinit] o.apache.tomcat.util.digester.Digester   :   Fire body() for SetPropertiesRule[]
2023-01-04 17:44:52.468 DEBUG 3888 --- [kground-preinit] o.apache.tomcat.util.digester.Digester   :   Fire body() for SetNextRule[methodName=addParameter, paramType=org.apache.tomcat.util.modeler.ParameterInfo]
2023-01-04 17:44:52.468 DEBUG 3888 --- [kground-preinit] o.apache.tomcat.util.digester.Digester   :   Fire end() for SetNextRule[methodName=addParameter, paramType=org.apache.tomcat.util.modeler.ParameterInfo]
2023-01-04 17:44:52.468 DEBUG 3888 --- [kground-preinit] o.apache.tomcat.util.digester.Digester   : [SetNextRule]{mbeans-descriptors/mbean/operation/parameter} Call org.apache.tomcat.util.modeler.OperationInfo.addParameter(org.apache.tomcat.util.modeler.ParameterInfo@67380ad7)
2023-01-04 17:44:52.468 DEBUG 3888 --- [kground-preinit] o.apache.tomcat.util.IntrospectionUtils  : IntrospectionUtils: callMethod1 org.apache.tomcat.util.modeler.OperationInfo org.apache.tomcat.util.modeler.ParameterInfo org.apache.tomcat.util.modeler.ParameterInfo
2023-01-04 17:44:52.468 DEBUG 3888 --- [kground-preinit] o.apache.tomcat.util.digester.Digester   :   Fire end() for SetPropertiesRule[]
2023-01-04 17:44:52.468 DEBUG 3888 --- [kground-preinit] o.apache.tomcat.util.digester.Digester   :   Fire end() for ObjectCreateRule[className=org.apache.tomcat.util.modeler.ParameterInfo, attributeName=null]
2023-01-04 17:44:52.468 DEBUG 3888 --- [kground-preinit] o.apache.tomcat.util.digester.Digester   : [ObjectCreateRule]{mbeans-descriptors/mbean/operation/parameter} Pop org.apache.tomcat.util.modeler.ParameterInfo
2023-01-04 17:44:52.469 DEBUG 3888 --- [kground-preinit] o.a.tomcat.util.digester.Digester.sax    : characters(
      )
2023-01-04 17:44:52.469 DEBUG 3888 --- [kground-preinit] o.a.tomcat.util.digester.Digester.sax    : startElement(,,parameter)
2023-01-04 17:44:52.469 DEBUG 3888 --- [kground-preinit] o.apache.tomcat.util.digester.Digester   :   New match='mbeans-descriptors/mbean/operation/parameter'
2023-01-04 17:44:52.469 DEBUG 3888 --- [kground-preinit] o.apache.tomcat.util.digester.Digester   :   Fire begin() for ObjectCreateRule[className=org.apache.tomcat.util.modeler.ParameterInfo, attributeName=null]
2023-01-04 17:44:52.469 DEBUG 3888 --- [kground-preinit] o.apache.tomcat.util.digester.Digester   : [ObjectCreateRule]{mbeans-descriptors/mbean/operation/parameter}New org.apache.tomcat.util.modeler.ParameterInfo
2023-01-04 17:44:52.470 DEBUG 3888 --- [kground-preinit] o.apache.tomcat.util.digester.Digester   :   Fire begin() for SetPropertiesRule[]
2023-01-04 17:44:52.470 DEBUG 3888 --- [kground-preinit] o.apache.tomcat.util.digester.Digester   : [SetPropertiesRule]{mbeans-descriptors/mbean/operation/parameter} Set org.apache.tomcat.util.modeler.ParameterInfo properties
2023-01-04 17:44:52.470 DEBUG 3888 --- [kground-preinit] o.apache.tomcat.util.digester.Digester   : [SetPropertiesRule]{mbeans-descriptors/mbean/operation/parameter} Setting property 'name' to 'userTable'
2023-01-04 17:44:52.471 DEBUG 3888 --- [kground-preinit] o.apache.tomcat.util.IntrospectionUtils  : IntrospectionUtils: setProperty(class org.apache.tomcat.util.modeler.ParameterInfo name=userTable)
2023-01-04 17:44:52.471 DEBUG 3888 --- [kground-preinit] o.apache.tomcat.util.digester.Digester   : [SetPropertiesRule]{mbeans-descriptors/mbean/operation/parameter} Setting property 'description' to 'The table that holds user data'
2023-01-04 17:44:52.471 DEBUG 3888 --- [kground-preinit] o.apache.tomcat.util.IntrospectionUtils  : IntrospectionUtils: setProperty(class org.apache.tomcat.util.modeler.ParameterInfo description=The table that holds user data)
2023-01-04 17:44:52.472 DEBUG 3888 --- [kground-preinit] o.apache.tomcat.util.digester.Digester   : [SetPropertiesRule]{mbeans-descriptors/mbean/operation/parameter} Setting property 'type' to 'java.lang.String'
2023-01-04 17:44:52.472 DEBUG 3888 --- [kground-preinit] o.apache.tomcat.util.IntrospectionUtils  : IntrospectionUtils: setProperty(class org.apache.tomcat.util.modeler.ParameterInfo type=java.lang.String)
2023-01-04 17:44:52.475 DEBUG 3888 --- [kground-preinit] o.apache.tomcat.util.digester.Digester   :   Fire begin() for SetNextRule[methodName=addParameter, paramType=org.apache.tomcat.util.modeler.ParameterInfo]
2023-01-04 17:44:52.475 DEBUG 3888 --- [kground-preinit] o.a.tomcat.util.digester.Digester.sax    : endElement(,,parameter)
2023-01-04 17:44:52.475 DEBUG 3888 --- [kground-preinit] o.apache.tomcat.util.digester.Digester   :   match='mbeans-descriptors/mbean/operation/parameter'
2023-01-04 17:44:52.476 DEBUG 3888 --- [kground-preinit] o.apache.tomcat.util.digester.Digester   :   bodyText=''
2023-01-04 17:44:52.476 DEBUG 3888 --- [kground-preinit] o.apache.tomcat.util.digester.Digester   :   Fire body() for ObjectCreateRule[className=org.apache.tomcat.util.modeler.ParameterInfo, attributeName=null]
2023-01-04 17:44:52.476 DEBUG 3888 --- [kground-preinit] o.apache.tomcat.util.digester.Digester   :   Fire body() for SetPropertiesRule[]
2023-01-04 17:44:52.477 DEBUG 3888 --- [kground-preinit] o.apache.tomcat.util.digester.Digester   :   Fire body() for SetNextRule[methodName=addParameter, paramType=org.apache.tomcat.util.modeler.ParameterInfo]
2023-01-04 17:44:52.477 DEBUG 3888 --- [kground-preinit] o.apache.tomcat.util.digester.Digester   :   Fire end() for SetNextRule[methodName=addParameter, paramType=org.apache.tomcat.util.modeler.ParameterInfo]
2023-01-04 17:44:52.477 DEBUG 3888 --- [kground-preinit] o.apache.tomcat.util.digester.Digester   : [SetNextRule]{mbeans-descriptors/mbean/operation/parameter} Call org.apache.tomcat.util.modeler.OperationInfo.addParameter(org.apache.tomcat.util.modeler.ParameterInfo@19d251b3)
2023-01-04 17:44:52.478 DEBUG 3888 --- [kground-preinit] o.apache.tomcat.util.IntrospectionUtils  : IntrospectionUtils: callMethod1 org.apache.tomcat.util.modeler.OperationInfo org.apache.tomcat.util.modeler.ParameterInfo org.apache.tomcat.util.modeler.ParameterInfo
2023-01-04 17:44:52.478 DEBUG 3888 --- [kground-preinit] o.apache.tomcat.util.digester.Digester   :   Fire end() for SetPropertiesRule[]
2023-01-04 17:44:52.478 DEBUG 3888 --- [kground-preinit] o.apache.tomcat.util.digester.Digester   :   Fire end() for ObjectCreateRule[className=org.apache.tomcat.util.modeler.ParameterInfo, attributeName=null]
2023-01-04 17:44:52.478 DEBUG 3888 --- [kground-preinit] o.apache.tomcat.util.digester.Digester   : [ObjectCreateRule]{mbeans-descriptors/mbean/operation/parameter} Pop org.apache.tomcat.util.modeler.ParameterInfo
2023-01-04 17:44:52.480 DEBUG 3888 --- [kground-preinit] o.a.tomcat.util.digester.Digester.sax    : characters(
    )
2023-01-04 17:44:52.480 DEBUG 3888 --- [kground-preinit] o.a.tomcat.util.digester.Digester.sax    : endElement(,,operation)
2023-01-04 17:44:52.480 DEBUG 3888 --- [kground-preinit] o.apache.tomcat.util.digester.Digester   :   match='mbeans-descriptors/mbean/operation'
2023-01-04 17:44:52.480 DEBUG 3888 --- [kground-preinit] o.apache.tomcat.util.digester.Digester   :   bodyText='
      
      
      
      
      
      
      
    '
2023-01-04 17:44:52.480 DEBUG 3888 --- [           main] o.s.b.f.s.DefaultListableBeanFactory     : Returning cached instance of singleton bean 'autoConfigurationReport'
2023-01-04 17:44:52.481 DEBUG 3888 --- [kground-preinit] o.apache.tomcat.util.digester.Digester   :   Fire body() for ObjectCreateRule[className=org.apache.tomcat.util.modeler.OperationInfo, attributeName=null]
2023-01-04 17:44:52.481 DEBUG 3888 --- [           main] a.ConfigurationClassBeanDefinitionReader : Registering bean definition for @Bean method org.springframework.boot.autoconfigure.data.web.SpringDataWebAutoConfiguration.pageableCustomizer()
2023-01-04 17:44:52.481 DEBUG 3888 --- [kground-preinit] o.apache.tomcat.util.digester.Digester   :   Fire body() for SetPropertiesRule[]
2023-01-04 17:44:52.481 DEBUG 3888 --- [kground-preinit] o.apache.tomcat.util.digester.Digester   :   Fire body() for SetNextRule[methodName=addOperation, paramType=org.apache.tomcat.util.modeler.OperationInfo]
2023-01-04 17:44:52.481 DEBUG 3888 --- [kground-preinit] o.apache.tomcat.util.digester.Digester   :   Fire end() for SetNextRule[methodName=addOperation, paramType=org.apache.tomcat.util.modeler.OperationInfo]
2023-01-04 17:44:52.481 DEBUG 3888 --- [kground-preinit] o.apache.tomcat.util.digester.Digester   : [SetNextRule]{mbeans-descriptors/mbean/operation} Call org.apache.tomcat.util.modeler.ManagedBean.addOperation(org.apache.tomcat.util.modeler.OperationInfo@57d8e542)
2023-01-04 17:44:52.481 DEBUG 3888 --- [kground-preinit] o.apache.tomcat.util.IntrospectionUtils  : IntrospectionUtils: callMethod1 org.apache.tomcat.util.modeler.ManagedBean org.apache.tomcat.util.modeler.OperationInfo org.apache.tomcat.util.modeler.OperationInfo
2023-01-04 17:44:52.481 DEBUG 3888 --- [           main] o.s.b.f.s.DefaultListableBeanFactory     : Returning cached instance of singleton bean 'org.springframework.boot.autoconfigure.condition.BeanTypeRegistry'
2023-01-04 17:44:52.481 DEBUG 3888 --- [kground-preinit] o.apache.tomcat.util.digester.Digester   :   Fire end() for SetPropertiesRule[]
2023-01-04 17:44:52.482 DEBUG 3888 --- [kground-preinit] o.apache.tomcat.util.digester.Digester   :   Fire end() for ObjectCreateRule[className=org.apache.tomcat.util.modeler.OperationInfo, attributeName=null]
2023-01-04 17:44:52.482 DEBUG 3888 --- [kground-preinit] o.apache.tomcat.util.digester.Digester   : [ObjectCreateRule]{mbeans-descriptors/mbean/operation} Pop org.apache.tomcat.util.modeler.OperationInfo
2023-01-04 17:44:52.482 DEBUG 3888 --- [kground-preinit] o.a.tomcat.util.digester.Digester.sax    : characters(

    )
2023-01-04 17:44:52.482 DEBUG 3888 --- [kground-preinit] o.a.tomcat.util.digester.Digester.sax    : startElement(,,operation)
2023-01-04 17:44:52.482 DEBUG 3888 --- [kground-preinit] o.apache.tomcat.util.digester.Digester   :   New match='mbeans-descriptors/mbean/operation'
2023-01-04 17:44:52.482 DEBUG 3888 --- [kground-preinit] o.apache.tomcat.util.digester.Digester   :   Fire begin() for ObjectCreateRule[className=org.apache.tomcat.util.modeler.OperationInfo, attributeName=null]
2023-01-04 17:44:52.483 DEBUG 3888 --- [kground-preinit] o.apache.tomcat.util.digester.Digester   : [ObjectCreateRule]{mbeans-descriptors/mbean/operation}New org.apache.tomcat.util.modeler.OperationInfo
2023-01-04 17:44:52.483 DEBUG 3888 --- [           main] o.s.b.f.s.DefaultListableBeanFactory     : Returning cached instance of singleton bean 'autoConfigurationReport'
2023-01-04 17:44:52.483 DEBUG 3888 --- [kground-preinit] o.apache.tomcat.util.digester.Digester   :   Fire begin() for SetPropertiesRule[]
2023-01-04 17:44:52.483 DEBUG 3888 --- [           main] a.ConfigurationClassBeanDefinitionReader : Registering bean definition for @Bean method org.springframework.boot.autoconfigure.data.web.SpringDataWebAutoConfiguration.sortCustomizer()
2023-01-04 17:44:52.483 DEBUG 3888 --- [kground-preinit] o.apache.tomcat.util.digester.Digester   : [SetPropertiesRule]{mbeans-descriptors/mbean/operation} Set org.apache.tomcat.util.modeler.OperationInfo properties
2023-01-04 17:44:52.483 DEBUG 3888 --- [kground-preinit] o.apache.tomcat.util.digester.Digester   : [SetPropertiesRule]{mbeans-descriptors/mbean/operation} Setting property 'name' to 'createHttpConnector'
2023-01-04 17:44:52.483 DEBUG 3888 --- [           main] o.s.b.f.s.DefaultListableBeanFactory     : Returning cached instance of singleton bean 'autoConfigurationReport'
2023-01-04 17:44:52.484 DEBUG 3888 --- [           main] o.s.b.f.s.DefaultListableBeanFactory     : Returning cached instance of singleton bean 'autoConfigurationReport'
2023-01-04 17:44:52.484 DEBUG 3888 --- [kground-preinit] o.apache.tomcat.util.IntrospectionUtils  : IntrospectionUtils: setProperty(class org.apache.tomcat.util.modeler.OperationInfo name=createHttpConnector)
2023-01-04 17:44:52.484 DEBUG 3888 --- [           main] a.ConfigurationClassBeanDefinitionReader : Registered bean definition for imported class 'org.springframework.boot.autoconfigure.http.codec.CodecsAutoConfiguration$JacksonCodecConfiguration'
2023-01-04 17:44:52.484 DEBUG 3888 --- [kground-preinit] o.apache.tomcat.util.digester.Digester   : [SetPropertiesRule]{mbeans-descriptors/mbean/operation} Setting property 'description' to 'Create a new HttpConnector'
2023-01-04 17:44:52.484 DEBUG 3888 --- [kground-preinit] o.apache.tomcat.util.IntrospectionUtils  : IntrospectionUtils: setProperty(class org.apache.tomcat.util.modeler.OperationInfo description=Create a new HttpConnector)
2023-01-04 17:44:52.484 DEBUG 3888 --- [kground-preinit] o.apache.tomcat.util.digester.Digester   : [SetPropertiesRule]{mbeans-descriptors/mbean/operation} Setting property 'impact' to 'ACTION'
2023-01-04 17:44:52.484 DEBUG 3888 --- [           main] o.s.b.f.s.DefaultListableBeanFactory     : Returning cached instance of singleton bean 'org.springframework.boot.autoconfigure.condition.BeanTypeRegistry'
2023-01-04 17:44:52.484 DEBUG 3888 --- [kground-preinit] o.apache.tomcat.util.IntrospectionUtils  : IntrospectionUtils: setProperty(class org.apache.tomcat.util.modeler.OperationInfo impact=ACTION)
2023-01-04 17:44:52.484 DEBUG 3888 --- [kground-preinit] o.apache.tomcat.util.digester.Digester   : [SetPropertiesRule]{mbeans-descriptors/mbean/operation} Setting property 'returnType' to 'java.lang.String'
2023-01-04 17:44:52.484 DEBUG 3888 --- [kground-preinit] o.apache.tomcat.util.IntrospectionUtils  : IntrospectionUtils: setProperty(class org.apache.tomcat.util.modeler.OperationInfo returnType=java.lang.String)
2023-01-04 17:44:52.485 DEBUG 3888 --- [kground-preinit] o.apache.tomcat.util.digester.Digester   :   Fire begin() for SetNextRule[methodName=addOperation, paramType=org.apache.tomcat.util.modeler.OperationInfo]
2023-01-04 17:44:52.485 DEBUG 3888 --- [kground-preinit] o.a.tomcat.util.digester.Digester.sax    : characters(
      )
2023-01-04 17:44:52.485 DEBUG 3888 --- [kground-preinit] o.a.tomcat.util.digester.Digester.sax    : startElement(,,parameter)
2023-01-04 17:44:52.487 DEBUG 3888 --- [kground-preinit] o.apache.tomcat.util.digester.Digester   :   New match='mbeans-descriptors/mbean/operation/parameter'
2023-01-04 17:44:52.487 DEBUG 3888 --- [kground-preinit] o.apache.tomcat.util.digester.Digester   :   Fire begin() for ObjectCreateRule[className=org.apache.tomcat.util.modeler.ParameterInfo, attributeName=null]
2023-01-04 17:44:52.488 DEBUG 3888 --- [kground-preinit] o.apache.tomcat.util.digester.Digester   : [ObjectCreateRule]{mbeans-descriptors/mbean/operation/parameter}New org.apache.tomcat.util.modeler.ParameterInfo
2023-01-04 17:44:52.488 DEBUG 3888 --- [kground-preinit] o.apache.tomcat.util.digester.Digester   :   Fire begin() for SetPropertiesRule[]
2023-01-04 17:44:52.488 DEBUG 3888 --- [kground-preinit] o.apache.tomcat.util.digester.Digester   : [SetPropertiesRule]{mbeans-descriptors/mbean/operation/parameter} Set org.apache.tomcat.util.modeler.ParameterInfo properties
2023-01-04 17:44:52.488 DEBUG 3888 --- [kground-preinit] o.apache.tomcat.util.digester.Digester   : [SetPropertiesRule]{mbeans-descriptors/mbean/operation/parameter} Setting property 'name' to 'parent'
2023-01-04 17:44:52.489 DEBUG 3888 --- [kground-preinit] o.apache.tomcat.util.IntrospectionUtils  : IntrospectionUtils: setProperty(class org.apache.tomcat.util.modeler.ParameterInfo name=parent)
2023-01-04 17:44:52.489 DEBUG 3888 --- [kground-preinit] o.apache.tomcat.util.digester.Digester   : [SetPropertiesRule]{mbeans-descriptors/mbean/operation/parameter} Setting property 'description' to 'MBean Name of the associated parent component'
2023-01-04 17:44:52.489 DEBUG 3888 --- [kground-preinit] o.apache.tomcat.util.IntrospectionUtils  : IntrospectionUtils: setProperty(class org.apache.tomcat.util.modeler.ParameterInfo description=MBean Name of the associated parent component)
2023-01-04 17:44:52.489 DEBUG 3888 --- [kground-preinit] o.apache.tomcat.util.digester.Digester   : [SetPropertiesRule]{mbeans-descriptors/mbean/operation/parameter} Setting property 'type' to 'java.lang.String'
2023-01-04 17:44:52.490 DEBUG 3888 --- [kground-preinit] o.apache.tomcat.util.IntrospectionUtils  : IntrospectionUtils: setProperty(class org.apache.tomcat.util.modeler.ParameterInfo type=java.lang.String)
2023-01-04 17:44:52.490 DEBUG 3888 --- [kground-preinit] o.apache.tomcat.util.digester.Digester   :   Fire begin() for SetNextRule[methodName=addParameter, paramType=org.apache.tomcat.util.modeler.ParameterInfo]
2023-01-04 17:44:52.490 DEBUG 3888 --- [           main] o.s.b.f.s.DefaultListableBeanFactory     : Returning cached instance of singleton bean 'autoConfigurationReport'
2023-01-04 17:44:52.490 DEBUG 3888 --- [kground-preinit] o.a.tomcat.util.digester.Digester.sax    : endElement(,,parameter)
2023-01-04 17:44:52.490 DEBUG 3888 --- [           main] a.ConfigurationClassBeanDefinitionReader : Registering bean definition for @Bean method org.springframework.boot.autoconfigure.http.codec.CodecsAutoConfiguration$JacksonCodecConfiguration.jacksonCodecCustomizer()
2023-01-04 17:44:52.490 DEBUG 3888 --- [kground-preinit] o.apache.tomcat.util.digester.Digester   :   match='mbeans-descriptors/mbean/operation/parameter'
2023-01-04 17:44:52.491 DEBUG 3888 --- [           main] a.ConfigurationClassBeanDefinitionReader : Registered bean definition for imported class 'org.springframework.boot.autoconfigure.http.codec.CodecsAutoConfiguration'
2023-01-04 17:44:52.491 DEBUG 3888 --- [kground-preinit] o.apache.tomcat.util.digester.Digester   :   bodyText=''
2023-01-04 17:44:52.491 DEBUG 3888 --- [kground-preinit] o.apache.tomcat.util.digester.Digester   :   Fire body() for ObjectCreateRule[className=org.apache.tomcat.util.modeler.ParameterInfo, attributeName=null]
2023-01-04 17:44:52.492 DEBUG 3888 --- [kground-preinit] o.apache.tomcat.util.digester.Digester   :   Fire body() for SetPropertiesRule[]
2023-01-04 17:44:52.492 DEBUG 3888 --- [           main] a.ConfigurationClassBeanDefinitionReader : Registered bean definition for imported class 'org.springframework.boot.autoconfigure.info.ProjectInfoAutoConfiguration'
2023-01-04 17:44:52.492 DEBUG 3888 --- [kground-preinit] o.apache.tomcat.util.digester.Digester   :   Fire body() for SetNextRule[methodName=addParameter, paramType=org.apache.tomcat.util.modeler.ParameterInfo]
2023-01-04 17:44:52.492 DEBUG 3888 --- [kground-preinit] o.apache.tomcat.util.digester.Digester   :   Fire end() for SetNextRule[methodName=addParameter, paramType=org.apache.tomcat.util.modeler.ParameterInfo]
2023-01-04 17:44:52.494 DEBUG 3888 --- [           main] o.s.c.e.PropertySourcesPropertyResolver  : Could not find key 'spring.info.git.location' in any property source
2023-01-04 17:44:52.495 DEBUG 3888 --- [           main] o.s.b.f.s.DefaultListableBeanFactory     : Returning cached instance of singleton bean 'autoConfigurationReport'
2023-01-04 17:44:52.495 DEBUG 3888 --- [           main] o.s.c.e.PropertySourcesPropertyResolver  : Could not find key 'spring.info.build.location:classpath:META-INF/build-info.properties' in any property source
2023-01-04 17:44:52.496 DEBUG 3888 --- [           main] o.s.c.e.PropertySourcesPropertyResolver  : Could not find key 'spring.info.build.location' in any property source
2023-01-04 17:44:52.497 DEBUG 3888 --- [           main] o.s.b.f.s.DefaultListableBeanFactory     : Returning cached instance of singleton bean 'autoConfigurationReport'
2023-01-04 17:44:52.497 DEBUG 3888 --- [           main] o.s.b.f.s.DefaultListableBeanFactory     : Returning cached instance of singleton bean 'autoConfigurationReport'
2023-01-04 17:44:52.497 DEBUG 3888 --- [kground-preinit] o.apache.tomcat.util.digester.Digester   : [SetNextRule]{mbeans-descriptors/mbean/operation/parameter} Call org.apache.tomcat.util.modeler.OperationInfo.addParameter(org.apache.tomcat.util.modeler.ParameterInfo@bed4c74)
2023-01-04 17:44:52.498 DEBUG 3888 --- [           main] o.s.b.f.s.DefaultListableBeanFactory     : Returning cached instance of singleton bean 'org.springframework.boot.autoconfigure.condition.BeanTypeRegistry'
2023-01-04 17:44:52.498 DEBUG 3888 --- [kground-preinit] o.apache.tomcat.util.IntrospectionUtils  : IntrospectionUtils: callMethod1 org.apache.tomcat.util.modeler.OperationInfo org.apache.tomcat.util.modeler.ParameterInfo org.apache.tomcat.util.modeler.ParameterInfo
2023-01-04 17:44:52.498 DEBUG 3888 --- [kground-preinit] o.apache.tomcat.util.digester.Digester   :   Fire end() for SetPropertiesRule[]
2023-01-04 17:44:52.499 DEBUG 3888 --- [kground-preinit] o.apache.tomcat.util.digester.Digester   :   Fire end() for ObjectCreateRule[className=org.apache.tomcat.util.modeler.ParameterInfo, attributeName=null]
2023-01-04 17:44:52.499 DEBUG 3888 --- [kground-preinit] o.apache.tomcat.util.digester.Digester   : [ObjectCreateRule]{mbeans-descriptors/mbean/operation/parameter} Pop org.apache.tomcat.util.modeler.ParameterInfo
2023-01-04 17:44:52.500 DEBUG 3888 --- [kground-preinit] o.a.tomcat.util.digester.Digester.sax    : characters(
     )
2023-01-04 17:44:52.500 DEBUG 3888 --- [kground-preinit] o.a.tomcat.util.digester.Digester.sax    : startElement(,,parameter)
2023-01-04 17:44:52.500 DEBUG 3888 --- [kground-preinit] o.apache.tomcat.util.digester.Digester   :   New match='mbeans-descriptors/mbean/operation/parameter'
2023-01-04 17:44:52.500 DEBUG 3888 --- [kground-preinit] o.apache.tomcat.util.digester.Digester   :   Fire begin() for ObjectCreateRule[className=org.apache.tomcat.util.modeler.ParameterInfo, attributeName=null]
2023-01-04 17:44:52.501 DEBUG 3888 --- [kground-preinit] o.apache.tomcat.util.digester.Digester   : [ObjectCreateRule]{mbeans-descriptors/mbean/operation/parameter}New org.apache.tomcat.util.modeler.ParameterInfo
2023-01-04 17:44:52.501 DEBUG 3888 --- [kground-preinit] o.apache.tomcat.util.digester.Digester   :   Fire begin() for SetPropertiesRule[]
2023-01-04 17:44:52.501 DEBUG 3888 --- [kground-preinit] o.apache.tomcat.util.digester.Digester   : [SetPropertiesRule]{mbeans-descriptors/mbean/operation/parameter} Set org.apache.tomcat.util.modeler.ParameterInfo properties
2023-01-04 17:44:52.501 DEBUG 3888 --- [kground-preinit] o.apache.tomcat.util.digester.Digester   : [SetPropertiesRule]{mbeans-descriptors/mbean/operation/parameter} Setting property 'name' to 'address'
2023-01-04 17:44:52.501 DEBUG 3888 --- [kground-preinit] o.apache.tomcat.util.IntrospectionUtils  : IntrospectionUtils: setProperty(class org.apache.tomcat.util.modeler.ParameterInfo name=address)
2023-01-04 17:44:52.502 DEBUG 3888 --- [kground-preinit] o.apache.tomcat.util.digester.Digester   : [SetPropertiesRule]{mbeans-descriptors/mbean/operation/parameter} Setting property 'description' to 'The IP address on which to bind'
2023-01-04 17:44:52.503 DEBUG 3888 --- [kground-preinit] o.apache.tomcat.util.IntrospectionUtils  : IntrospectionUtils: setProperty(class org.apache.tomcat.util.modeler.ParameterInfo description=The IP address on which to bind)
2023-01-04 17:44:52.503 DEBUG 3888 --- [kground-preinit] o.apache.tomcat.util.digester.Digester   : [SetPropertiesRule]{mbeans-descriptors/mbean/operation/parameter} Setting property 'type' to 'java.lang.String'
2023-01-04 17:44:52.504 DEBUG 3888 --- [kground-preinit] o.apache.tomcat.util.IntrospectionUtils  : IntrospectionUtils: setProperty(class org.apache.tomcat.util.modeler.ParameterInfo type=java.lang.String)
2023-01-04 17:44:52.504 DEBUG 3888 --- [kground-preinit] o.apache.tomcat.util.digester.Digester   :   Fire begin() for SetNextRule[methodName=addParameter, paramType=org.apache.tomcat.util.modeler.ParameterInfo]
2023-01-04 17:44:52.504 DEBUG 3888 --- [kground-preinit] o.a.tomcat.util.digester.Digester.sax    : endElement(,,parameter)
2023-01-04 17:44:52.504 DEBUG 3888 --- [kground-preinit] o.apache.tomcat.util.digester.Digester   :   match='mbeans-descriptors/mbean/operation/parameter'
2023-01-04 17:44:52.504 DEBUG 3888 --- [kground-preinit] o.apache.tomcat.util.digester.Digester   :   bodyText=''
2023-01-04 17:44:52.504 DEBUG 3888 --- [kground-preinit] o.apache.tomcat.util.digester.Digester   :   Fire body() for ObjectCreateRule[className=org.apache.tomcat.util.modeler.ParameterInfo, attributeName=null]
2023-01-04 17:44:52.504 DEBUG 3888 --- [kground-preinit] o.apache.tomcat.util.digester.Digester   :   Fire body() for SetPropertiesRule[]
2023-01-04 17:44:52.504 DEBUG 3888 --- [kground-preinit] o.apache.tomcat.util.digester.Digester   :   Fire body() for SetNextRule[methodName=addParameter, paramType=org.apache.tomcat.util.modeler.ParameterInfo]
2023-01-04 17:44:52.504 DEBUG 3888 --- [kground-preinit] o.apache.tomcat.util.digester.Digester   :   Fire end() for SetNextRule[methodName=addParameter, paramType=org.apache.tomcat.util.modeler.ParameterInfo]
2023-01-04 17:44:52.505 DEBUG 3888 --- [kground-preinit] o.apache.tomcat.util.digester.Digester   : [SetNextRule]{mbeans-descriptors/mbean/operation/parameter} Call org.apache.tomcat.util.modeler.OperationInfo.addParameter(org.apache.tomcat.util.modeler.ParameterInfo@2ca4816c)
2023-01-04 17:44:52.505 DEBUG 3888 --- [kground-preinit] o.apache.tomcat.util.IntrospectionUtils  : IntrospectionUtils: callMethod1 org.apache.tomcat.util.modeler.OperationInfo org.apache.tomcat.util.modeler.ParameterInfo org.apache.tomcat.util.modeler.ParameterInfo
2023-01-04 17:44:52.505 DEBUG 3888 --- [kground-preinit] o.apache.tomcat.util.digester.Digester   :   Fire end() for SetPropertiesRule[]
2023-01-04 17:44:52.505 DEBUG 3888 --- [kground-preinit] o.apache.tomcat.util.digester.Digester   :   Fire end() for ObjectCreateRule[className=org.apache.tomcat.util.modeler.ParameterInfo, attributeName=null]
2023-01-04 17:44:52.505 DEBUG 3888 --- [kground-preinit] o.apache.tomcat.util.digester.Digester   : [ObjectCreateRule]{mbeans-descriptors/mbean/operation/parameter} Pop org.apache.tomcat.util.modeler.ParameterInfo
2023-01-04 17:44:52.506 DEBUG 3888 --- [kground-preinit] o.a.tomcat.util.digester.Digester.sax    : characters(
      )
2023-01-04 17:44:52.506 DEBUG 3888 --- [kground-preinit] o.a.tomcat.util.digester.Digester.sax    : startElement(,,parameter)
2023-01-04 17:44:52.506 DEBUG 3888 --- [kground-preinit] o.apache.tomcat.util.digester.Digester   :   New match='mbeans-descriptors/mbean/operation/parameter'
2023-01-04 17:44:52.507 DEBUG 3888 --- [kground-preinit] o.apache.tomcat.util.digester.Digester   :   Fire begin() for ObjectCreateRule[className=org.apache.tomcat.util.modeler.ParameterInfo, attributeName=null]
2023-01-04 17:44:52.507 DEBUG 3888 --- [kground-preinit] o.apache.tomcat.util.digester.Digester   : [ObjectCreateRule]{mbeans-descriptors/mbean/operation/parameter}New org.apache.tomcat.util.modeler.ParameterInfo
2023-01-04 17:44:52.507 DEBUG 3888 --- [kground-preinit] o.apache.tomcat.util.digester.Digester   :   Fire begin() for SetPropertiesRule[]
2023-01-04 17:44:52.508 DEBUG 3888 --- [kground-preinit] o.apache.tomcat.util.digester.Digester   : [SetPropertiesRule]{mbeans-descriptors/mbean/operation/parameter} Set org.apache.tomcat.util.modeler.ParameterInfo properties
2023-01-04 17:44:52.508 DEBUG 3888 --- [kground-preinit] o.apache.tomcat.util.digester.Digester   : [SetPropertiesRule]{mbeans-descriptors/mbean/operation/parameter} Setting property 'name' to 'port'
2023-01-04 17:44:52.508 DEBUG 3888 --- [kground-preinit] o.apache.tomcat.util.IntrospectionUtils  : IntrospectionUtils: setProperty(class org.apache.tomcat.util.modeler.ParameterInfo name=port)
2023-01-04 17:44:52.509 DEBUG 3888 --- [kground-preinit] o.apache.tomcat.util.digester.Digester   : [SetPropertiesRule]{mbeans-descriptors/mbean/operation/parameter} Setting property 'description' to 'TCP port number to listen on'
2023-01-04 17:44:52.510 DEBUG 3888 --- [kground-preinit] o.apache.tomcat.util.IntrospectionUtils  : IntrospectionUtils: setProperty(class org.apache.tomcat.util.modeler.ParameterInfo description=TCP port number to listen on)
2023-01-04 17:44:52.513 DEBUG 3888 --- [kground-preinit] o.apache.tomcat.util.digester.Digester   : [SetPropertiesRule]{mbeans-descriptors/mbean/operation/parameter} Setting property 'type' to 'int'
2023-01-04 17:44:52.519 DEBUG 3888 --- [kground-preinit] o.apache.tomcat.util.IntrospectionUtils  : IntrospectionUtils: setProperty(class org.apache.tomcat.util.modeler.ParameterInfo type=int)
2023-01-04 17:44:52.520 DEBUG 3888 --- [kground-preinit] o.apache.tomcat.util.digester.Digester   :   Fire begin() for SetNextRule[methodName=addParameter, paramType=org.apache.tomcat.util.modeler.ParameterInfo]
2023-01-04 17:44:52.520 DEBUG 3888 --- [kground-preinit] o.a.tomcat.util.digester.Digester.sax    : endElement(,,parameter)
2023-01-04 17:44:52.520 DEBUG 3888 --- [kground-preinit] o.apache.tomcat.util.digester.Digester   :   match='mbeans-descriptors/mbean/operation/parameter'
2023-01-04 17:44:52.521 DEBUG 3888 --- [kground-preinit] o.apache.tomcat.util.digester.Digester   :   bodyText=''
2023-01-04 17:44:52.521 DEBUG 3888 --- [kground-preinit] o.apache.tomcat.util.digester.Digester   :   Fire body() for ObjectCreateRule[className=org.apache.tomcat.util.modeler.ParameterInfo, attributeName=null]
2023-01-04 17:44:52.521 DEBUG 3888 --- [kground-preinit] o.apache.tomcat.util.digester.Digester   :   Fire body() for SetPropertiesRule[]
2023-01-04 17:44:52.522 DEBUG 3888 --- [kground-preinit] o.apache.tomcat.util.digester.Digester   :   Fire body() for SetNextRule[methodName=addParameter, paramType=org.apache.tomcat.util.modeler.ParameterInfo]
2023-01-04 17:44:52.523 DEBUG 3888 --- [kground-preinit] o.apache.tomcat.util.digester.Digester   :   Fire end() for SetNextRule[methodName=addParameter, paramType=org.apache.tomcat.util.modeler.ParameterInfo]
2023-01-04 17:44:52.523 DEBUG 3888 --- [kground-preinit] o.apache.tomcat.util.digester.Digester   : [SetNextRule]{mbeans-descriptors/mbean/operation/parameter} Call org.apache.tomcat.util.modeler.OperationInfo.addParameter(org.apache.tomcat.util.modeler.ParameterInfo@7919dcb8)
2023-01-04 17:44:52.524 DEBUG 3888 --- [kground-preinit] o.apache.tomcat.util.IntrospectionUtils  : IntrospectionUtils: callMethod1 org.apache.tomcat.util.modeler.OperationInfo org.apache.tomcat.util.modeler.ParameterInfo org.apache.tomcat.util.modeler.ParameterInfo
2023-01-04 17:44:52.525 DEBUG 3888 --- [kground-preinit] o.apache.tomcat.util.digester.Digester   :   Fire end() for SetPropertiesRule[]
2023-01-04 17:44:52.526 DEBUG 3888 --- [kground-preinit] o.apache.tomcat.util.digester.Digester   :   Fire end() for ObjectCreateRule[className=org.apache.tomcat.util.modeler.ParameterInfo, attributeName=null]
2023-01-04 17:44:52.527 DEBUG 3888 --- [kground-preinit] o.apache.tomcat.util.digester.Digester   : [ObjectCreateRule]{mbeans-descriptors/mbean/operation/parameter} Pop org.apache.tomcat.util.modeler.ParameterInfo
2023-01-04 17:44:52.528 DEBUG 3888 --- [kground-preinit] o.a.tomcat.util.digester.Digester.sax    : characters(
    )
2023-01-04 17:44:52.530 DEBUG 3888 --- [kground-preinit] o.a.tomcat.util.digester.Digester.sax    : endElement(,,operation)
2023-01-04 17:44:52.530 DEBUG 3888 --- [kground-preinit] o.apache.tomcat.util.digester.Digester   :   match='mbeans-descriptors/mbean/operation'
2023-01-04 17:44:52.531 DEBUG 3888 --- [kground-preinit] o.apache.tomcat.util.digester.Digester   :   bodyText='
      
     
      
    '
2023-01-04 17:44:52.531 DEBUG 3888 --- [kground-preinit] o.apache.tomcat.util.digester.Digester   :   Fire body() for ObjectCreateRule[className=org.apache.tomcat.util.modeler.OperationInfo, attributeName=null]
2023-01-04 17:44:52.531 DEBUG 3888 --- [kground-preinit] o.apache.tomcat.util.digester.Digester   :   Fire body() for SetPropertiesRule[]
2023-01-04 17:44:52.532 DEBUG 3888 --- [kground-preinit] o.apache.tomcat.util.digester.Digester   :   Fire body() for SetNextRule[methodName=addOperation, paramType=org.apache.tomcat.util.modeler.OperationInfo]
2023-01-04 17:44:52.532 DEBUG 3888 --- [kground-preinit] o.apache.tomcat.util.digester.Digester   :   Fire end() for SetNextRule[methodName=addOperation, paramType=org.apache.tomcat.util.modeler.OperationInfo]
2023-01-04 17:44:52.533 DEBUG 3888 --- [kground-preinit] o.apache.tomcat.util.digester.Digester   : [SetNextRule]{mbeans-descriptors/mbean/operation} Call org.apache.tomcat.util.modeler.ManagedBean.addOperation(org.apache.tomcat.util.modeler.OperationInfo@5ea28619)
2023-01-04 17:44:52.538 DEBUG 3888 --- [           main] o.s.b.f.s.DefaultListableBeanFactory     : Returning cached instance of singleton bean 'autoConfigurationReport'
2023-01-04 17:44:52.538 DEBUG 3888 --- [kground-preinit] o.apache.tomcat.util.IntrospectionUtils  : IntrospectionUtils: callMethod1 org.apache.tomcat.util.modeler.ManagedBean org.apache.tomcat.util.modeler.OperationInfo org.apache.tomcat.util.modeler.OperationInfo
2023-01-04 17:44:52.538 DEBUG 3888 --- [           main] a.ConfigurationClassBeanDefinitionReader : Registered bean definition for imported class 'org.springframework.boot.autoconfigure.jdbc.JdbcTemplateAutoConfiguration$JdbcTemplateConfiguration'
2023-01-04 17:44:52.538 DEBUG 3888 --- [kground-preinit] o.apache.tomcat.util.digester.Digester   :   Fire end() for SetPropertiesRule[]
2023-01-04 17:44:52.538 DEBUG 3888 --- [kground-preinit] o.apache.tomcat.util.digester.Digester   :   Fire end() for ObjectCreateRule[className=org.apache.tomcat.util.modeler.OperationInfo, attributeName=null]
2023-01-04 17:44:52.539 DEBUG 3888 --- [kground-preinit] o.apache.tomcat.util.digester.Digester   : [ObjectCreateRule]{mbeans-descriptors/mbean/operation} Pop org.apache.tomcat.util.modeler.OperationInfo
2023-01-04 17:44:52.539 DEBUG 3888 --- [kground-preinit] o.a.tomcat.util.digester.Digester.sax    : characters(

    )
2023-01-04 17:44:52.539 DEBUG 3888 --- [           main] o.s.b.f.s.DefaultListableBeanFactory     : Returning cached instance of singleton bean 'org.springframework.boot.autoconfigure.condition.BeanTypeRegistry'
2023-01-04 17:44:52.539 DEBUG 3888 --- [kground-preinit] o.a.tomcat.util.digester.Digester.sax    : startElement(,,operation)
2023-01-04 17:44:52.539 DEBUG 3888 --- [kground-preinit] o.apache.tomcat.util.digester.Digester   :   New match='mbeans-descriptors/mbean/operation'
2023-01-04 17:44:52.540 DEBUG 3888 --- [kground-preinit] o.apache.tomcat.util.digester.Digester   :   Fire begin() for ObjectCreateRule[className=org.apache.tomcat.util.modeler.OperationInfo, attributeName=null]
2023-01-04 17:44:52.540 DEBUG 3888 --- [kground-preinit] o.apache.tomcat.util.digester.Digester   : [ObjectCreateRule]{mbeans-descriptors/mbean/operation}New org.apache.tomcat.util.modeler.OperationInfo
2023-01-04 17:44:52.540 DEBUG 3888 --- [kground-preinit] o.apache.tomcat.util.digester.Digester   :   Fire begin() for SetPropertiesRule[]
2023-01-04 17:44:52.540 DEBUG 3888 --- [kground-preinit] o.apache.tomcat.util.digester.Digester   : [SetPropertiesRule]{mbeans-descriptors/mbean/operation} Set org.apache.tomcat.util.modeler.OperationInfo properties
2023-01-04 17:44:52.540 DEBUG 3888 --- [           main] o.s.b.f.s.DefaultListableBeanFactory     : Returning cached instance of singleton bean 'autoConfigurationReport'
2023-01-04 17:44:52.541 DEBUG 3888 --- [           main] a.ConfigurationClassBeanDefinitionReader : Registering bean definition for @Bean method org.springframework.boot.autoconfigure.jdbc.JdbcTemplateAutoConfiguration$JdbcTemplateConfiguration.jdbcTemplate()
2023-01-04 17:44:52.541 DEBUG 3888 --- [           main] a.ConfigurationClassBeanDefinitionReader : Registered bean definition for imported class 'org.springframework.boot.autoconfigure.jdbc.JdbcTemplateAutoConfiguration$NamedParameterJdbcTemplateConfiguration'
2023-01-04 17:44:52.541 DEBUG 3888 --- [kground-preinit] o.apache.tomcat.util.digester.Digester   : [SetPropertiesRule]{mbeans-descriptors/mbean/operation} Setting property 'name' to 'createHttpsConnector'
2023-01-04 17:44:52.541 DEBUG 3888 --- [           main] o.s.b.f.s.DefaultListableBeanFactory     : Returning cached instance of singleton bean 'org.springframework.boot.autoconfigure.condition.BeanTypeRegistry'
2023-01-04 17:44:52.541 DEBUG 3888 --- [kground-preinit] o.apache.tomcat.util.IntrospectionUtils  : IntrospectionUtils: setProperty(class org.apache.tomcat.util.modeler.OperationInfo name=createHttpsConnector)
2023-01-04 17:44:52.542 DEBUG 3888 --- [kground-preinit] o.apache.tomcat.util.digester.Digester   : [SetPropertiesRule]{mbeans-descriptors/mbean/operation} Setting property 'description' to 'Create a new HttpsConnector'
2023-01-04 17:44:52.542 DEBUG 3888 --- [kground-preinit] o.apache.tomcat.util.IntrospectionUtils  : IntrospectionUtils: setProperty(class org.apache.tomcat.util.modeler.OperationInfo description=Create a new HttpsConnector)
2023-01-04 17:44:52.544 DEBUG 3888 --- [kground-preinit] o.apache.tomcat.util.digester.Digester   : [SetPropertiesRule]{mbeans-descriptors/mbean/operation} Setting property 'impact' to 'ACTION'
2023-01-04 17:44:52.544 DEBUG 3888 --- [kground-preinit] o.apache.tomcat.util.IntrospectionUtils  : IntrospectionUtils: setProperty(class org.apache.tomcat.util.modeler.OperationInfo impact=ACTION)
2023-01-04 17:44:52.544 DEBUG 3888 --- [kground-preinit] o.apache.tomcat.util.digester.Digester   : [SetPropertiesRule]{mbeans-descriptors/mbean/operation} Setting property 'returnType' to 'java.lang.String'
2023-01-04 17:44:52.545 DEBUG 3888 --- [           main] o.s.b.f.s.DefaultListableBeanFactory     : Returning cached instance of singleton bean 'org.springframework.boot.autoconfigure.condition.BeanTypeRegistry'
2023-01-04 17:44:52.547 DEBUG 3888 --- [           main] o.s.b.f.s.DefaultListableBeanFactory     : Returning cached instance of singleton bean 'autoConfigurationReport'
2023-01-04 17:44:52.548 DEBUG 3888 --- [           main] o.s.b.f.s.DefaultListableBeanFactory     : Returning cached instance of singleton bean 'org.springframework.boot.autoconfigure.condition.BeanTypeRegistry'
2023-01-04 17:44:52.549 DEBUG 3888 --- [           main] o.s.b.f.s.DefaultListableBeanFactory     : Returning cached instance of singleton bean 'org.springframework.boot.autoconfigure.condition.BeanTypeRegistry'
2023-01-04 17:44:52.549 DEBUG 3888 --- [           main] o.s.b.f.s.DefaultListableBeanFactory     : Returning cached instance of singleton bean 'autoConfigurationReport'
2023-01-04 17:44:52.549 DEBUG 3888 --- [           main] a.ConfigurationClassBeanDefinitionReader : Registering bean definition for @Bean method org.springframework.boot.autoconfigure.jdbc.JdbcTemplateAutoConfiguration$NamedParameterJdbcTemplateConfiguration.namedParameterJdbcTemplate()
2023-01-04 17:44:52.552 DEBUG 3888 --- [kground-preinit] o.apache.tomcat.util.IntrospectionUtils  : IntrospectionUtils: setProperty(class org.apache.tomcat.util.modeler.OperationInfo returnType=java.lang.String)
2023-01-04 17:44:52.553 DEBUG 3888 --- [           main] a.ConfigurationClassBeanDefinitionReader : Registered bean definition for imported class 'org.springframework.boot.autoconfigure.jdbc.JdbcTemplateAutoConfiguration'
2023-01-04 17:44:52.554 DEBUG 3888 --- [           main] a.ConfigurationClassBeanDefinitionReader : Registered bean definition for imported class 'org.springframework.boot.autoconfigure.security.reactive.ReactiveSecurityAutoConfiguration'
2023-01-04 17:44:52.555 DEBUG 3888 --- [           main] o.s.b.f.s.DefaultListableBeanFactory     : Returning cached instance of singleton bean 'autoConfigurationReport'
2023-01-04 17:44:52.555 DEBUG 3888 --- [           main] o.s.b.f.s.DefaultListableBeanFactory     : Returning cached instance of singleton bean 'org.springframework.boot.autoconfigure.condition.BeanTypeRegistry'
2023-01-04 17:44:52.553 DEBUG 3888 --- [kground-preinit] o.apache.tomcat.util.digester.Digester   :   Fire begin() for SetNextRule[methodName=addOperation, paramType=org.apache.tomcat.util.modeler.OperationInfo]
2023-01-04 17:44:52.556 DEBUG 3888 --- [kground-preinit] o.a.tomcat.util.digester.Digester.sax    : characters(
      )
2023-01-04 17:44:52.557 DEBUG 3888 --- [kground-preinit] o.a.tomcat.util.digester.Digester.sax    : startElement(,,parameter)
2023-01-04 17:44:52.557 DEBUG 3888 --- [kground-preinit] o.apache.tomcat.util.digester.Digester   :   New match='mbeans-descriptors/mbean/operation/parameter'
2023-01-04 17:44:52.557 DEBUG 3888 --- [kground-preinit] o.apache.tomcat.util.digester.Digester   :   Fire begin() for ObjectCreateRule[className=org.apache.tomcat.util.modeler.ParameterInfo, attributeName=null]
2023-01-04 17:44:52.557 DEBUG 3888 --- [kground-preinit] o.apache.tomcat.util.digester.Digester   : [ObjectCreateRule]{mbeans-descriptors/mbean/operation/parameter}New org.apache.tomcat.util.modeler.ParameterInfo
2023-01-04 17:44:52.558 DEBUG 3888 --- [kground-preinit] o.apache.tomcat.util.digester.Digester   :   Fire begin() for SetPropertiesRule[]
2023-01-04 17:44:52.558 DEBUG 3888 --- [kground-preinit] o.apache.tomcat.util.digester.Digester   : [SetPropertiesRule]{mbeans-descriptors/mbean/operation/parameter} Set org.apache.tomcat.util.modeler.ParameterInfo properties
2023-01-04 17:44:52.558 DEBUG 3888 --- [kground-preinit] o.apache.tomcat.util.digester.Digester   : [SetPropertiesRule]{mbeans-descriptors/mbean/operation/parameter} Setting property 'name' to 'parent'
2023-01-04 17:44:52.559 DEBUG 3888 --- [kground-preinit] o.apache.tomcat.util.IntrospectionUtils  : IntrospectionUtils: setProperty(class org.apache.tomcat.util.modeler.ParameterInfo name=parent)
2023-01-04 17:44:52.559 DEBUG 3888 --- [kground-preinit] o.apache.tomcat.util.digester.Digester   : [SetPropertiesRule]{mbeans-descriptors/mbean/operation/parameter} Setting property 'description' to 'MBean Name of the associated parent component'
2023-01-04 17:44:52.560 DEBUG 3888 --- [kground-preinit] o.apache.tomcat.util.IntrospectionUtils  : IntrospectionUtils: setProperty(class org.apache.tomcat.util.modeler.ParameterInfo description=MBean Name of the associated parent component)
2023-01-04 17:44:52.560 DEBUG 3888 --- [kground-preinit] o.apache.tomcat.util.digester.Digester   : [SetPropertiesRule]{mbeans-descriptors/mbean/operation/parameter} Setting property 'type' to 'java.lang.String'
2023-01-04 17:44:52.560 DEBUG 3888 --- [kground-preinit] o.apache.tomcat.util.IntrospectionUtils  : IntrospectionUtils: setProperty(class org.apache.tomcat.util.modeler.ParameterInfo type=java.lang.String)
2023-01-04 17:44:52.561 DEBUG 3888 --- [kground-preinit] o.apache.tomcat.util.digester.Digester   :   Fire begin() for SetNextRule[methodName=addParameter, paramType=org.apache.tomcat.util.modeler.ParameterInfo]
2023-01-04 17:44:52.561 DEBUG 3888 --- [kground-preinit] o.a.tomcat.util.digester.Digester.sax    : endElement(,,parameter)
2023-01-04 17:44:52.561 DEBUG 3888 --- [kground-preinit] o.apache.tomcat.util.digester.Digester   :   match='mbeans-descriptors/mbean/operation/parameter'
2023-01-04 17:44:52.562 DEBUG 3888 --- [kground-preinit] o.apache.tomcat.util.digester.Digester   :   bodyText=''
2023-01-04 17:44:52.562 DEBUG 3888 --- [kground-preinit] o.apache.tomcat.util.digester.Digester   :   Fire body() for ObjectCreateRule[className=org.apache.tomcat.util.modeler.ParameterInfo, attributeName=null]
2023-01-04 17:44:52.562 DEBUG 3888 --- [kground-preinit] o.apache.tomcat.util.digester.Digester   :   Fire body() for SetPropertiesRule[]
2023-01-04 17:44:52.563 DEBUG 3888 --- [kground-preinit] o.apache.tomcat.util.digester.Digester   :   Fire body() for SetNextRule[methodName=addParameter, paramType=org.apache.tomcat.util.modeler.ParameterInfo]
2023-01-04 17:44:52.563 DEBUG 3888 --- [kground-preinit] o.apache.tomcat.util.digester.Digester   :   Fire end() for SetNextRule[methodName=addParameter, paramType=org.apache.tomcat.util.modeler.ParameterInfo]
2023-01-04 17:44:52.563 DEBUG 3888 --- [kground-preinit] o.apache.tomcat.util.digester.Digester   : [SetNextRule]{mbeans-descriptors/mbean/operation/parameter} Call org.apache.tomcat.util.modeler.OperationInfo.addParameter(org.apache.tomcat.util.modeler.ParameterInfo@63cfb011)
2023-01-04 17:44:52.563 DEBUG 3888 --- [kground-preinit] o.apache.tomcat.util.IntrospectionUtils  : IntrospectionUtils: callMethod1 org.apache.tomcat.util.modeler.OperationInfo org.apache.tomcat.util.modeler.ParameterInfo org.apache.tomcat.util.modeler.ParameterInfo
2023-01-04 17:44:52.563 DEBUG 3888 --- [kground-preinit] o.apache.tomcat.util.digester.Digester   :   Fire end() for SetPropertiesRule[]
2023-01-04 17:44:52.564 DEBUG 3888 --- [kground-preinit] o.apache.tomcat.util.digester.Digester   :   Fire end() for ObjectCreateRule[className=org.apache.tomcat.util.modeler.ParameterInfo, attributeName=null]
2023-01-04 17:44:52.564 DEBUG 3888 --- [kground-preinit] o.apache.tomcat.util.digester.Digester   : [ObjectCreateRule]{mbeans-descriptors/mbean/operation/parameter} Pop org.apache.tomcat.util.modeler.ParameterInfo
2023-01-04 17:44:52.564 DEBUG 3888 --- [kground-preinit] o.a.tomcat.util.digester.Digester.sax    : characters(
      )
2023-01-04 17:44:52.564 DEBUG 3888 --- [kground-preinit] o.a.tomcat.util.digester.Digester.sax    : startElement(,,parameter)
2023-01-04 17:44:52.565 DEBUG 3888 --- [kground-preinit] o.apache.tomcat.util.digester.Digester   :   New match='mbeans-descriptors/mbean/operation/parameter'
2023-01-04 17:44:52.565 DEBUG 3888 --- [kground-preinit] o.apache.tomcat.util.digester.Digester   :   Fire begin() for ObjectCreateRule[className=org.apache.tomcat.util.modeler.ParameterInfo, attributeName=null]
2023-01-04 17:44:52.565 DEBUG 3888 --- [kground-preinit] o.apache.tomcat.util.digester.Digester   : [ObjectCreateRule]{mbeans-descriptors/mbean/operation/parameter}New org.apache.tomcat.util.modeler.ParameterInfo
2023-01-04 17:44:52.565 DEBUG 3888 --- [kground-preinit] o.apache.tomcat.util.digester.Digester   :   Fire begin() for SetPropertiesRule[]
2023-01-04 17:44:52.568 DEBUG 3888 --- [kground-preinit] o.apache.tomcat.util.digester.Digester   : [SetPropertiesRule]{mbeans-descriptors/mbean/operation/parameter} Set org.apache.tomcat.util.modeler.ParameterInfo properties
2023-01-04 17:44:52.569 DEBUG 3888 --- [kground-preinit] o.apache.tomcat.util.digester.Digester   : [SetPropertiesRule]{mbeans-descriptors/mbean/operation/parameter} Setting property 'name' to 'address'
2023-01-04 17:44:52.569 DEBUG 3888 --- [kground-preinit] o.apache.tomcat.util.IntrospectionUtils  : IntrospectionUtils: setProperty(class org.apache.tomcat.util.modeler.ParameterInfo name=address)
2023-01-04 17:44:52.569 DEBUG 3888 --- [kground-preinit] o.apache.tomcat.util.digester.Digester   : [SetPropertiesRule]{mbeans-descriptors/mbean/operation/parameter} Setting property 'description' to 'The IP address on which to bind'
2023-01-04 17:44:52.570 DEBUG 3888 --- [kground-preinit] o.apache.tomcat.util.IntrospectionUtils  : IntrospectionUtils: setProperty(class org.apache.tomcat.util.modeler.ParameterInfo description=The IP address on which to bind)
2023-01-04 17:44:52.571 DEBUG 3888 --- [kground-preinit] o.apache.tomcat.util.digester.Digester   : [SetPropertiesRule]{mbeans-descriptors/mbean/operation/parameter} Setting property 'type' to 'java.lang.String'
2023-01-04 17:44:52.572 DEBUG 3888 --- [kground-preinit] o.apache.tomcat.util.IntrospectionUtils  : IntrospectionUtils: setProperty(class org.apache.tomcat.util.modeler.ParameterInfo type=java.lang.String)
2023-01-04 17:44:52.573 DEBUG 3888 --- [kground-preinit] o.apache.tomcat.util.digester.Digester   :   Fire begin() for SetNextRule[methodName=addParameter, paramType=org.apache.tomcat.util.modeler.ParameterInfo]
2023-01-04 17:44:52.573 DEBUG 3888 --- [kground-preinit] o.a.tomcat.util.digester.Digester.sax    : endElement(,,parameter)
2023-01-04 17:44:52.574 DEBUG 3888 --- [kground-preinit] o.apache.tomcat.util.digester.Digester   :   match='mbeans-descriptors/mbean/operation/parameter'
2023-01-04 17:44:52.575 DEBUG 3888 --- [kground-preinit] o.apache.tomcat.util.digester.Digester   :   bodyText=''
2023-01-04 17:44:52.576 DEBUG 3888 --- [           main] o.s.b.f.s.DefaultListableBeanFactory     : Returning cached instance of singleton bean 'autoConfigurationReport'
2023-01-04 17:44:52.576 DEBUG 3888 --- [           main] a.ConfigurationClassBeanDefinitionReader : Registered bean definition for imported class 'org.springframework.boot.autoconfigure.jdbc.DataSourceTransactionManagerAutoConfiguration$DataSourceTransactionManagerConfiguration'
2023-01-04 17:44:52.576 DEBUG 3888 --- [           main] o.s.b.f.s.DefaultListableBeanFactory     : Returning cached instance of singleton bean 'org.springframework.boot.autoconfigure.condition.BeanTypeRegistry'
2023-01-04 17:44:52.578 DEBUG 3888 --- [           main] o.s.b.f.s.DefaultListableBeanFactory     : Returning cached instance of singleton bean 'autoConfigurationReport'
2023-01-04 17:44:52.579 DEBUG 3888 --- [           main] a.ConfigurationClassBeanDefinitionReader : Registered bean definition for imported class 'org.springframework.boot.autoconfigure.jdbc.DataSourceTransactionManagerAutoConfiguration'
2023-01-04 17:44:52.578 DEBUG 3888 --- [kground-preinit] o.apache.tomcat.util.digester.Digester   :   Fire body() for ObjectCreateRule[className=org.apache.tomcat.util.modeler.ParameterInfo, attributeName=null]
2023-01-04 17:44:52.580 DEBUG 3888 --- [kground-preinit] o.apache.tomcat.util.digester.Digester   :   Fire body() for SetPropertiesRule[]
2023-01-04 17:44:52.580 DEBUG 3888 --- [kground-preinit] o.apache.tomcat.util.digester.Digester   :   Fire body() for SetNextRule[methodName=addParameter, paramType=org.apache.tomcat.util.modeler.ParameterInfo]
2023-01-04 17:44:52.580 DEBUG 3888 --- [           main] o.s.b.f.s.DefaultListableBeanFactory     : Returning cached instance of singleton bean 'autoConfigurationReport'
2023-01-04 17:44:52.581 DEBUG 3888 --- [           main] o.s.b.f.s.DefaultListableBeanFactory     : Returning cached instance of singleton bean 'org.springframework.boot.autoconfigure.condition.BeanTypeRegistry'
2023-01-04 17:44:52.584 DEBUG 3888 --- [           main] o.s.b.f.s.DefaultListableBeanFactory     : Returning cached instance of singleton bean 'org.springframework.boot.autoconfigure.condition.BeanTypeRegistry'
2023-01-04 17:44:52.585 DEBUG 3888 --- [kground-preinit] o.apache.tomcat.util.digester.Digester   :   Fire end() for SetNextRule[methodName=addParameter, paramType=org.apache.tomcat.util.modeler.ParameterInfo]
2023-01-04 17:44:52.585 DEBUG 3888 --- [kground-preinit] o.apache.tomcat.util.digester.Digester   : [SetNextRule]{mbeans-descriptors/mbean/operation/parameter} Call org.apache.tomcat.util.modeler.OperationInfo.addParameter(org.apache.tomcat.util.modeler.ParameterInfo@6c95c022)
2023-01-04 17:44:52.586 DEBUG 3888 --- [kground-preinit] o.apache.tomcat.util.IntrospectionUtils  : IntrospectionUtils: callMethod1 org.apache.tomcat.util.modeler.OperationInfo org.apache.tomcat.util.modeler.ParameterInfo org.apache.tomcat.util.modeler.ParameterInfo
2023-01-04 17:44:52.586 DEBUG 3888 --- [kground-preinit] o.apache.tomcat.util.digester.Digester   :   Fire end() for SetPropertiesRule[]
2023-01-04 17:44:52.586 DEBUG 3888 --- [kground-preinit] o.apache.tomcat.util.digester.Digester   :   Fire end() for ObjectCreateRule[className=org.apache.tomcat.util.modeler.ParameterInfo, attributeName=null]
2023-01-04 17:44:52.588 DEBUG 3888 --- [kground-preinit] o.apache.tomcat.util.digester.Digester   : [ObjectCreateRule]{mbeans-descriptors/mbean/operation/parameter} Pop org.apache.tomcat.util.modeler.ParameterInfo
2023-01-04 17:44:52.588 DEBUG 3888 --- [kground-preinit] o.a.tomcat.util.digester.Digester.sax    : characters(
      )
2023-01-04 17:44:52.589 DEBUG 3888 --- [kground-preinit] o.a.tomcat.util.digester.Digester.sax    : startElement(,,parameter)
2023-01-04 17:44:52.589 DEBUG 3888 --- [           main] o.s.b.f.s.DefaultListableBeanFactory     : Returning cached instance of singleton bean 'autoConfigurationReport'
2023-01-04 17:44:52.590 DEBUG 3888 --- [           main] o.s.b.f.s.DefaultListableBeanFactory     : Returning cached instance of singleton bean 'org.springframework.boot.autoconfigure.condition.BeanTypeRegistry'
2023-01-04 17:44:52.591 DEBUG 3888 --- [           main] o.s.b.f.s.DefaultListableBeanFactory     : Returning cached instance of singleton bean 'org.springframework.boot.autoconfigure.condition.BeanTypeRegistry'
2023-01-04 17:44:52.591 DEBUG 3888 --- [           main] o.s.b.f.s.DefaultListableBeanFactory     : Returning cached instance of singleton bean 'autoConfigurationReport'
2023-01-04 17:44:52.592 DEBUG 3888 --- [           main] o.s.b.f.s.DefaultListableBeanFactory     : Returning cached instance of singleton bean 'autoConfigurationReport'
2023-01-04 17:44:52.593 DEBUG 3888 --- [           main] a.ConfigurationClassBeanDefinitionReader : Registered bean definition for imported class 'org.springframework.transaction.annotation.ProxyTransactionManagementConfiguration'
2023-01-04 17:44:52.593 DEBUG 3888 --- [           main] a.ConfigurationClassBeanDefinitionReader : Registering bean definition for @Bean method org.springframework.transaction.annotation.ProxyTransactionManagementConfiguration.org.springframework.transaction.config.internalTransactionAdvisor()
2023-01-04 17:44:52.593 DEBUG 3888 --- [           main] a.ConfigurationClassBeanDefinitionReader : Registering bean definition for @Bean method org.springframework.transaction.annotation.ProxyTransactionManagementConfiguration.transactionAttributeSource()
2023-01-04 17:44:52.594 DEBUG 3888 --- [           main] a.ConfigurationClassBeanDefinitionReader : Registering bean definition for @Bean method org.springframework.transaction.annotation.ProxyTransactionManagementConfiguration.transactionInterceptor()
2023-01-04 17:44:52.594 DEBUG 3888 --- [           main] a.ConfigurationClassBeanDefinitionReader : Registering bean definition for @Bean method org.springframework.transaction.annotation.ProxyTransactionManagementConfiguration.org.springframework.transaction.config.internalTransactionalEventListenerFactory()
2023-01-04 17:44:52.595 DEBUG 3888 --- [           main] a.ConfigurationClassBeanDefinitionReader : Registered bean definition for imported class 'org.springframework.boot.autoconfigure.transaction.TransactionAutoConfiguration$EnableTransactionManagementConfiguration$CglibAutoProxyConfiguration'
2023-01-04 17:44:52.595 DEBUG 3888 --- [           main] a.ConfigurationClassBeanDefinitionReader : Registered bean definition for imported class 'org.springframework.boot.autoconfigure.transaction.TransactionAutoConfiguration$EnableTransactionManagementConfiguration'
2023-01-04 17:44:52.595 DEBUG 3888 --- [           main] o.s.b.f.s.DefaultListableBeanFactory     : Returning cached instance of singleton bean 'org.springframework.boot.autoconfigure.condition.BeanTypeRegistry'
2023-01-04 17:44:52.597 DEBUG 3888 --- [kground-preinit] o.apache.tomcat.util.digester.Digester   :   New match='mbeans-descriptors/mbean/operation/parameter'
2023-01-04 17:44:52.597 DEBUG 3888 --- [kground-preinit] o.apache.tomcat.util.digester.Digester   :   Fire begin() for ObjectCreateRule[className=org.apache.tomcat.util.modeler.ParameterInfo, attributeName=null]
2023-01-04 17:44:52.597 DEBUG 3888 --- [kground-preinit] o.apache.tomcat.util.digester.Digester   : [ObjectCreateRule]{mbeans-descriptors/mbean/operation/parameter}New org.apache.tomcat.util.modeler.ParameterInfo
2023-01-04 17:44:52.597 DEBUG 3888 --- [kground-preinit] o.apache.tomcat.util.digester.Digester   :   Fire begin() for SetPropertiesRule[]
2023-01-04 17:44:52.603 DEBUG 3888 --- [kground-preinit] o.apache.tomcat.util.digester.Digester   : [SetPropertiesRule]{mbeans-descriptors/mbean/operation/parameter} Set org.apache.tomcat.util.modeler.ParameterInfo properties
2023-01-04 17:44:52.604 DEBUG 3888 --- [kground-preinit] o.apache.tomcat.util.digester.Digester   : [SetPropertiesRule]{mbeans-descriptors/mbean/operation/parameter} Setting property 'name' to 'port'
2023-01-04 17:44:52.607 DEBUG 3888 --- [kground-preinit] o.apache.tomcat.util.IntrospectionUtils  : IntrospectionUtils: setProperty(class org.apache.tomcat.util.modeler.ParameterInfo name=port)
2023-01-04 17:44:52.607 DEBUG 3888 --- [kground-preinit] o.apache.tomcat.util.digester.Digester   : [SetPropertiesRule]{mbeans-descriptors/mbean/operation/parameter} Setting property 'description' to 'TCP port number to listen on'
2023-01-04 17:44:52.607 DEBUG 3888 --- [kground-preinit] o.apache.tomcat.util.IntrospectionUtils  : IntrospectionUtils: setProperty(class org.apache.tomcat.util.modeler.ParameterInfo description=TCP port number to listen on)
2023-01-04 17:44:52.608 DEBUG 3888 --- [kground-preinit] o.apache.tomcat.util.digester.Digester   : [SetPropertiesRule]{mbeans-descriptors/mbean/operation/parameter} Setting property 'type' to 'int'
2023-01-04 17:44:52.608 DEBUG 3888 --- [kground-preinit] o.apache.tomcat.util.IntrospectionUtils  : IntrospectionUtils: setProperty(class org.apache.tomcat.util.modeler.ParameterInfo type=int)
2023-01-04 17:44:52.608 DEBUG 3888 --- [kground-preinit] o.apache.tomcat.util.digester.Digester   :   Fire begin() for SetNextRule[methodName=addParameter, paramType=org.apache.tomcat.util.modeler.ParameterInfo]
2023-01-04 17:44:52.608 DEBUG 3888 --- [kground-preinit] o.a.tomcat.util.digester.Digester.sax    : endElement(,,parameter)
2023-01-04 17:44:52.609 DEBUG 3888 --- [kground-preinit] o.apache.tomcat.util.digester.Digester   :   match='mbeans-descriptors/mbean/operation/parameter'
2023-01-04 17:44:52.609 DEBUG 3888 --- [kground-preinit] o.apache.tomcat.util.digester.Digester   :   bodyText=''
2023-01-04 17:44:52.609 DEBUG 3888 --- [kground-preinit] o.apache.tomcat.util.digester.Digester   :   Fire body() for ObjectCreateRule[className=org.apache.tomcat.util.modeler.ParameterInfo, attributeName=null]
2023-01-04 17:44:52.609 DEBUG 3888 --- [kground-preinit] o.apache.tomcat.util.digester.Digester   :   Fire body() for SetPropertiesRule[]
2023-01-04 17:44:52.610 DEBUG 3888 --- [kground-preinit] o.apache.tomcat.util.digester.Digester   :   Fire body() for SetNextRule[methodName=addParameter, paramType=org.apache.tomcat.util.modeler.ParameterInfo]
2023-01-04 17:44:52.610 DEBUG 3888 --- [kground-preinit] o.apache.tomcat.util.digester.Digester   :   Fire end() for SetNextRule[methodName=addParameter, paramType=org.apache.tomcat.util.modeler.ParameterInfo]
2023-01-04 17:44:52.610 DEBUG 3888 --- [kground-preinit] o.apache.tomcat.util.digester.Digester   : [SetNextRule]{mbeans-descriptors/mbean/operation/parameter} Call org.apache.tomcat.util.modeler.OperationInfo.addParameter(org.apache.tomcat.util.modeler.ParameterInfo@679df800)
2023-01-04 17:44:52.611 DEBUG 3888 --- [kground-preinit] o.apache.tomcat.util.IntrospectionUtils  : IntrospectionUtils: callMethod1 org.apache.tomcat.util.modeler.OperationInfo org.apache.tomcat.util.modeler.ParameterInfo org.apache.tomcat.util.modeler.ParameterInfo
2023-01-04 17:44:52.611 DEBUG 3888 --- [kground-preinit] o.apache.tomcat.util.digester.Digester   :   Fire end() for SetPropertiesRule[]
2023-01-04 17:44:52.612 DEBUG 3888 --- [kground-preinit] o.apache.tomcat.util.digester.Digester   :   Fire end() for ObjectCreateRule[className=org.apache.tomcat.util.modeler.ParameterInfo, attributeName=null]
2023-01-04 17:44:52.612 DEBUG 3888 --- [kground-preinit] o.apache.tomcat.util.digester.Digester   : [ObjectCreateRule]{mbeans-descriptors/mbean/operation/parameter} Pop org.apache.tomcat.util.modeler.ParameterInfo
2023-01-04 17:44:52.613 DEBUG 3888 --- [kground-preinit] o.a.tomcat.util.digester.Digester.sax    : characters(
    )
2023-01-04 17:44:52.613 DEBUG 3888 --- [kground-preinit] o.a.tomcat.util.digester.Digester.sax    : endElement(,,operation)
2023-01-04 17:44:52.613 DEBUG 3888 --- [kground-preinit] o.apache.tomcat.util.digester.Digester   :   match='mbeans-descriptors/mbean/operation'
2023-01-04 17:44:52.613 DEBUG 3888 --- [kground-preinit] o.apache.tomcat.util.digester.Digester   :   bodyText='
      
      
      
    '
2023-01-04 17:44:52.614 DEBUG 3888 --- [kground-preinit] o.apache.tomcat.util.digester.Digester   :   Fire body() for ObjectCreateRule[className=org.apache.tomcat.util.modeler.OperationInfo, attributeName=null]
2023-01-04 17:44:52.614 DEBUG 3888 --- [kground-preinit] o.apache.tomcat.util.digester.Digester   :   Fire body() for SetPropertiesRule[]
2023-01-04 17:44:52.614 DEBUG 3888 --- [kground-preinit] o.apache.tomcat.util.digester.Digester   :   Fire body() for SetNextRule[methodName=addOperation, paramType=org.apache.tomcat.util.modeler.OperationInfo]
2023-01-04 17:44:52.615 DEBUG 3888 --- [kground-preinit] o.apache.tomcat.util.digester.Digester   :   Fire end() for SetNextRule[methodName=addOperation, paramType=org.apache.tomcat.util.modeler.OperationInfo]
2023-01-04 17:44:52.615 DEBUG 3888 --- [kground-preinit] o.apache.tomcat.util.digester.Digester   : [SetNextRule]{mbeans-descriptors/mbean/operation} Call org.apache.tomcat.util.modeler.ManagedBean.addOperation(org.apache.tomcat.util.modeler.OperationInfo@31e2641f)
2023-01-04 17:44:52.615 DEBUG 3888 --- [kground-preinit] o.apache.tomcat.util.IntrospectionUtils  : IntrospectionUtils: callMethod1 org.apache.tomcat.util.modeler.ManagedBean org.apache.tomcat.util.modeler.OperationInfo org.apache.tomcat.util.modeler.OperationInfo
2023-01-04 17:44:52.616 DEBUG 3888 --- [kground-preinit] o.apache.tomcat.util.digester.Digester   :   Fire end() for SetPropertiesRule[]
2023-01-04 17:44:52.617 DEBUG 3888 --- [kground-preinit] o.apache.tomcat.util.digester.Digester   :   Fire end() for ObjectCreateRule[className=org.apache.tomcat.util.modeler.OperationInfo, attributeName=null]
2023-01-04 17:44:52.617 DEBUG 3888 --- [kground-preinit] o.apache.tomcat.util.digester.Digester   : [ObjectCreateRule]{mbeans-descriptors/mbean/operation} Pop org.apache.tomcat.util.modeler.OperationInfo
2023-01-04 17:44:52.618 DEBUG 3888 --- [kground-preinit] o.a.tomcat.util.digester.Digester.sax    : characters(

    )
2023-01-04 17:44:52.618 DEBUG 3888 --- [kground-preinit] o.a.tomcat.util.digester.Digester.sax    : startElement(,,operation)
2023-01-04 17:44:52.618 DEBUG 3888 --- [kground-preinit] o.apache.tomcat.util.digester.Digester   :   New match='mbeans-descriptors/mbean/operation'
2023-01-04 17:44:52.619 DEBUG 3888 --- [kground-preinit] o.apache.tomcat.util.digester.Digester   :   Fire begin() for ObjectCreateRule[className=org.apache.tomcat.util.modeler.OperationInfo, attributeName=null]
2023-01-04 17:44:52.619 DEBUG 3888 --- [kground-preinit] o.apache.tomcat.util.digester.Digester   : [ObjectCreateRule]{mbeans-descriptors/mbean/operation}New org.apache.tomcat.util.modeler.OperationInfo
2023-01-04 17:44:52.619 DEBUG 3888 --- [kground-preinit] o.apache.tomcat.util.digester.Digester   :   Fire begin() for SetPropertiesRule[]
2023-01-04 17:44:52.619 DEBUG 3888 --- [kground-preinit] o.apache.tomcat.util.digester.Digester   : [SetPropertiesRule]{mbeans-descriptors/mbean/operation} Set org.apache.tomcat.util.modeler.OperationInfo properties
2023-01-04 17:44:52.620 DEBUG 3888 --- [kground-preinit] o.apache.tomcat.util.digester.Digester   : [SetPropertiesRule]{mbeans-descriptors/mbean/operation} Setting property 'name' to 'createJDBCRealm'
2023-01-04 17:44:52.620 DEBUG 3888 --- [kground-preinit] o.apache.tomcat.util.IntrospectionUtils  : IntrospectionUtils: setProperty(class org.apache.tomcat.util.modeler.OperationInfo name=createJDBCRealm)
2023-01-04 17:44:52.621 DEBUG 3888 --- [kground-preinit] o.apache.tomcat.util.digester.Digester   : [SetPropertiesRule]{mbeans-descriptors/mbean/operation} Setting property 'description' to 'Create a new JDBC Realm'
2023-01-04 17:44:52.621 DEBUG 3888 --- [kground-preinit] o.apache.tomcat.util.IntrospectionUtils  : IntrospectionUtils: setProperty(class org.apache.tomcat.util.modeler.OperationInfo description=Create a new JDBC Realm)
2023-01-04 17:44:52.622 DEBUG 3888 --- [kground-preinit] o.apache.tomcat.util.digester.Digester   : [SetPropertiesRule]{mbeans-descriptors/mbean/operation} Setting property 'impact' to 'ACTION'
2023-01-04 17:44:52.622 DEBUG 3888 --- [kground-preinit] o.apache.tomcat.util.IntrospectionUtils  : IntrospectionUtils: setProperty(class org.apache.tomcat.util.modeler.OperationInfo impact=ACTION)
2023-01-04 17:44:52.622 DEBUG 3888 --- [kground-preinit] o.apache.tomcat.util.digester.Digester   : [SetPropertiesRule]{mbeans-descriptors/mbean/operation} Setting property 'returnType' to 'java.lang.String'
2023-01-04 17:44:52.623 DEBUG 3888 --- [kground-preinit] o.apache.tomcat.util.IntrospectionUtils  : IntrospectionUtils: setProperty(class org.apache.tomcat.util.modeler.OperationInfo returnType=java.lang.String)
2023-01-04 17:44:52.624 DEBUG 3888 --- [kground-preinit] o.apache.tomcat.util.digester.Digester   :   Fire begin() for SetNextRule[methodName=addOperation, paramType=org.apache.tomcat.util.modeler.OperationInfo]
2023-01-04 17:44:52.624 DEBUG 3888 --- [kground-preinit] o.a.tomcat.util.digester.Digester.sax    : characters(
      )
2023-01-04 17:44:52.624 DEBUG 3888 --- [kground-preinit] o.a.tomcat.util.digester.Digester.sax    : startElement(,,parameter)
2023-01-04 17:44:52.625 DEBUG 3888 --- [kground-preinit] o.apache.tomcat.util.digester.Digester   :   New match='mbeans-descriptors/mbean/operation/parameter'
2023-01-04 17:44:52.625 DEBUG 3888 --- [kground-preinit] o.apache.tomcat.util.digester.Digester   :   Fire begin() for ObjectCreateRule[className=org.apache.tomcat.util.modeler.ParameterInfo, attributeName=null]
2023-01-04 17:44:52.625 DEBUG 3888 --- [kground-preinit] o.apache.tomcat.util.digester.Digester   : [ObjectCreateRule]{mbeans-descriptors/mbean/operation/parameter}New org.apache.tomcat.util.modeler.ParameterInfo
2023-01-04 17:44:52.626 DEBUG 3888 --- [kground-preinit] o.apache.tomcat.util.digester.Digester   :   Fire begin() for SetPropertiesRule[]
2023-01-04 17:44:52.626 DEBUG 3888 --- [kground-preinit] o.apache.tomcat.util.digester.Digester   : [SetPropertiesRule]{mbeans-descriptors/mbean/operation/parameter} Set org.apache.tomcat.util.modeler.ParameterInfo properties
2023-01-04 17:44:52.626 DEBUG 3888 --- [kground-preinit] o.apache.tomcat.util.digester.Digester   : [SetPropertiesRule]{mbeans-descriptors/mbean/operation/parameter} Setting property 'name' to 'parent'
2023-01-04 17:44:52.626 DEBUG 3888 --- [kground-preinit] o.apache.tomcat.util.IntrospectionUtils  : IntrospectionUtils: setProperty(class org.apache.tomcat.util.modeler.ParameterInfo name=parent)
2023-01-04 17:44:52.626 DEBUG 3888 --- [kground-preinit] o.apache.tomcat.util.digester.Digester   : [SetPropertiesRule]{mbeans-descriptors/mbean/operation/parameter} Setting property 'description' to 'MBean Name of the associated parent component'
2023-01-04 17:44:52.627 DEBUG 3888 --- [kground-preinit] o.apache.tomcat.util.IntrospectionUtils  : IntrospectionUtils: setProperty(class org.apache.tomcat.util.modeler.ParameterInfo description=MBean Name of the associated parent component)
2023-01-04 17:44:52.627 DEBUG 3888 --- [kground-preinit] o.apache.tomcat.util.digester.Digester   : [SetPropertiesRule]{mbeans-descriptors/mbean/operation/parameter} Setting property 'type' to 'java.lang.String'
2023-01-04 17:44:52.627 DEBUG 3888 --- [kground-preinit] o.apache.tomcat.util.IntrospectionUtils  : IntrospectionUtils: setProperty(class org.apache.tomcat.util.modeler.ParameterInfo type=java.lang.String)
2023-01-04 17:44:52.628 DEBUG 3888 --- [kground-preinit] o.apache.tomcat.util.digester.Digester   :   Fire begin() for SetNextRule[methodName=addParameter, paramType=org.apache.tomcat.util.modeler.ParameterInfo]
2023-01-04 17:44:52.628 DEBUG 3888 --- [kground-preinit] o.a.tomcat.util.digester.Digester.sax    : endElement(,,parameter)
2023-01-04 17:44:52.628 DEBUG 3888 --- [kground-preinit] o.apache.tomcat.util.digester.Digester   :   match='mbeans-descriptors/mbean/operation/parameter'
2023-01-04 17:44:52.629 DEBUG 3888 --- [kground-preinit] o.apache.tomcat.util.digester.Digester   :   bodyText=''
2023-01-04 17:44:52.630 DEBUG 3888 --- [kground-preinit] o.apache.tomcat.util.digester.Digester   :   Fire body() for ObjectCreateRule[className=org.apache.tomcat.util.modeler.ParameterInfo, attributeName=null]
2023-01-04 17:44:52.630 DEBUG 3888 --- [kground-preinit] o.apache.tomcat.util.digester.Digester   :   Fire body() for SetPropertiesRule[]
2023-01-04 17:44:52.630 DEBUG 3888 --- [kground-preinit] o.apache.tomcat.util.digester.Digester   :   Fire body() for SetNextRule[methodName=addParameter, paramType=org.apache.tomcat.util.modeler.ParameterInfo]
2023-01-04 17:44:52.630 DEBUG 3888 --- [kground-preinit] o.apache.tomcat.util.digester.Digester   :   Fire end() for SetNextRule[methodName=addParameter, paramType=org.apache.tomcat.util.modeler.ParameterInfo]
2023-01-04 17:44:52.631 DEBUG 3888 --- [kground-preinit] o.apache.tomcat.util.digester.Digester   : [SetNextRule]{mbeans-descriptors/mbean/operation/parameter} Call org.apache.tomcat.util.modeler.OperationInfo.addParameter(org.apache.tomcat.util.modeler.ParameterInfo@3937c7db)
2023-01-04 17:44:52.631 DEBUG 3888 --- [kground-preinit] o.apache.tomcat.util.IntrospectionUtils  : IntrospectionUtils: callMethod1 org.apache.tomcat.util.modeler.OperationInfo org.apache.tomcat.util.modeler.ParameterInfo org.apache.tomcat.util.modeler.ParameterInfo
2023-01-04 17:44:52.631 DEBUG 3888 --- [kground-preinit] o.apache.tomcat.util.digester.Digester   :   Fire end() for SetPropertiesRule[]
2023-01-04 17:44:52.631 DEBUG 3888 --- [kground-preinit] o.apache.tomcat.util.digester.Digester   :   Fire end() for ObjectCreateRule[className=org.apache.tomcat.util.modeler.ParameterInfo, attributeName=null]
2023-01-04 17:44:52.631 DEBUG 3888 --- [kground-preinit] o.apache.tomcat.util.digester.Digester   : [ObjectCreateRule]{mbeans-descriptors/mbean/operation/parameter} Pop org.apache.tomcat.util.modeler.ParameterInfo
2023-01-04 17:44:52.632 DEBUG 3888 --- [kground-preinit] o.a.tomcat.util.digester.Digester.sax    : characters(
    )
2023-01-04 17:44:52.632 DEBUG 3888 --- [kground-preinit] o.a.tomcat.util.digester.Digester.sax    : endElement(,,operation)
2023-01-04 17:44:52.632 DEBUG 3888 --- [kground-preinit] o.apache.tomcat.util.digester.Digester   :   match='mbeans-descriptors/mbean/operation'
2023-01-04 17:44:52.632 DEBUG 3888 --- [kground-preinit] o.apache.tomcat.util.digester.Digester   :   bodyText='
      
    '
2023-01-04 17:44:52.632 DEBUG 3888 --- [kground-preinit] o.apache.tomcat.util.digester.Digester   :   Fire body() for ObjectCreateRule[className=org.apache.tomcat.util.modeler.OperationInfo, attributeName=null]
2023-01-04 17:44:52.633 DEBUG 3888 --- [kground-preinit] o.apache.tomcat.util.digester.Digester   :   Fire body() for SetPropertiesRule[]
2023-01-04 17:44:52.634 DEBUG 3888 --- [kground-preinit] o.apache.tomcat.util.digester.Digester   :   Fire body() for SetNextRule[methodName=addOperation, paramType=org.apache.tomcat.util.modeler.OperationInfo]
2023-01-04 17:44:52.634 DEBUG 3888 --- [kground-preinit] o.apache.tomcat.util.digester.Digester   :   Fire end() for SetNextRule[methodName=addOperation, paramType=org.apache.tomcat.util.modeler.OperationInfo]
2023-01-04 17:44:52.634 DEBUG 3888 --- [kground-preinit] o.apache.tomcat.util.digester.Digester   : [SetNextRule]{mbeans-descriptors/mbean/operation} Call org.apache.tomcat.util.modeler.ManagedBean.addOperation(org.apache.tomcat.util.modeler.OperationInfo@1835f21d)
2023-01-04 17:44:52.635 DEBUG 3888 --- [kground-preinit] o.apache.tomcat.util.IntrospectionUtils  : IntrospectionUtils: callMethod1 org.apache.tomcat.util.modeler.ManagedBean org.apache.tomcat.util.modeler.OperationInfo org.apache.tomcat.util.modeler.OperationInfo
2023-01-04 17:44:52.635 DEBUG 3888 --- [kground-preinit] o.apache.tomcat.util.digester.Digester   :   Fire end() for SetPropertiesRule[]
2023-01-04 17:44:52.635 DEBUG 3888 --- [kground-preinit] o.apache.tomcat.util.digester.Digester   :   Fire end() for ObjectCreateRule[className=org.apache.tomcat.util.modeler.OperationInfo, attributeName=null]
2023-01-04 17:44:52.636 DEBUG 3888 --- [kground-preinit] o.apache.tomcat.util.digester.Digester   : [ObjectCreateRule]{mbeans-descriptors/mbean/operation} Pop org.apache.tomcat.util.modeler.OperationInfo
2023-01-04 17:44:52.636 DEBUG 3888 --- [kground-preinit] o.a.tomcat.util.digester.Digester.sax    : characters(

    )
2023-01-04 17:44:52.637 DEBUG 3888 --- [kground-preinit] o.a.tomcat.util.digester.Digester.sax    : startElement(,,operation)
2023-01-04 17:44:52.638 DEBUG 3888 --- [kground-preinit] o.apache.tomcat.util.digester.Digester   :   New match='mbeans-descriptors/mbean/operation'
2023-01-04 17:44:52.638 DEBUG 3888 --- [kground-preinit] o.apache.tomcat.util.digester.Digester   :   Fire begin() for ObjectCreateRule[className=org.apache.tomcat.util.modeler.OperationInfo, attributeName=null]
2023-01-04 17:44:52.638 DEBUG 3888 --- [kground-preinit] o.apache.tomcat.util.digester.Digester   : [ObjectCreateRule]{mbeans-descriptors/mbean/operation}New org.apache.tomcat.util.modeler.OperationInfo
2023-01-04 17:44:52.638 DEBUG 3888 --- [kground-preinit] o.apache.tomcat.util.digester.Digester   :   Fire begin() for SetPropertiesRule[]
2023-01-04 17:44:52.639 DEBUG 3888 --- [kground-preinit] o.apache.tomcat.util.digester.Digester   : [SetPropertiesRule]{mbeans-descriptors/mbean/operation} Set org.apache.tomcat.util.modeler.OperationInfo properties
2023-01-04 17:44:52.639 DEBUG 3888 --- [kground-preinit] o.apache.tomcat.util.digester.Digester   : [SetPropertiesRule]{mbeans-descriptors/mbean/operation} Setting property 'name' to 'createJNDIRealm'
2023-01-04 17:44:52.639 DEBUG 3888 --- [kground-preinit] o.apache.tomcat.util.IntrospectionUtils  : IntrospectionUtils: setProperty(class org.apache.tomcat.util.modeler.OperationInfo name=createJNDIRealm)
2023-01-04 17:44:52.639 DEBUG 3888 --- [kground-preinit] o.apache.tomcat.util.digester.Digester   : [SetPropertiesRule]{mbeans-descriptors/mbean/operation} Setting property 'description' to 'Create a new JNDI Realm'
2023-01-04 17:44:52.639 DEBUG 3888 --- [kground-preinit] o.apache.tomcat.util.IntrospectionUtils  : IntrospectionUtils: setProperty(class org.apache.tomcat.util.modeler.OperationInfo description=Create a new JNDI Realm)
2023-01-04 17:44:52.639 DEBUG 3888 --- [kground-preinit] o.apache.tomcat.util.digester.Digester   : [SetPropertiesRule]{mbeans-descriptors/mbean/operation} Setting property 'impact' to 'ACTION'
2023-01-04 17:44:52.640 DEBUG 3888 --- [kground-preinit] o.apache.tomcat.util.IntrospectionUtils  : IntrospectionUtils: setProperty(class org.apache.tomcat.util.modeler.OperationInfo impact=ACTION)
2023-01-04 17:44:52.640 DEBUG 3888 --- [kground-preinit] o.apache.tomcat.util.digester.Digester   : [SetPropertiesRule]{mbeans-descriptors/mbean/operation} Setting property 'returnType' to 'java.lang.String'
2023-01-04 17:44:52.640 DEBUG 3888 --- [kground-preinit] o.apache.tomcat.util.IntrospectionUtils  : IntrospectionUtils: setProperty(class org.apache.tomcat.util.modeler.OperationInfo returnType=java.lang.String)
2023-01-04 17:44:52.640 DEBUG 3888 --- [kground-preinit] o.apache.tomcat.util.digester.Digester   :   Fire begin() for SetNextRule[methodName=addOperation, paramType=org.apache.tomcat.util.modeler.OperationInfo]
2023-01-04 17:44:52.640 DEBUG 3888 --- [kground-preinit] o.a.tomcat.util.digester.Digester.sax    : characters(
      )
2023-01-04 17:44:52.640 DEBUG 3888 --- [kground-preinit] o.a.tomcat.util.digester.Digester.sax    : startElement(,,parameter)
2023-01-04 17:44:52.640 DEBUG 3888 --- [kground-preinit] o.apache.tomcat.util.digester.Digester   :   New match='mbeans-descriptors/mbean/operation/parameter'
2023-01-04 17:44:52.641 DEBUG 3888 --- [kground-preinit] o.apache.tomcat.util.digester.Digester   :   Fire begin() for ObjectCreateRule[className=org.apache.tomcat.util.modeler.ParameterInfo, attributeName=null]
2023-01-04 17:44:52.641 DEBUG 3888 --- [kground-preinit] o.apache.tomcat.util.digester.Digester   : [ObjectCreateRule]{mbeans-descriptors/mbean/operation/parameter}New org.apache.tomcat.util.modeler.ParameterInfo
2023-01-04 17:44:52.641 DEBUG 3888 --- [kground-preinit] o.apache.tomcat.util.digester.Digester   :   Fire begin() for SetPropertiesRule[]
2023-01-04 17:44:52.641 DEBUG 3888 --- [kground-preinit] o.apache.tomcat.util.digester.Digester   : [SetPropertiesRule]{mbeans-descriptors/mbean/operation/parameter} Set org.apache.tomcat.util.modeler.ParameterInfo properties
2023-01-04 17:44:52.641 DEBUG 3888 --- [kground-preinit] o.apache.tomcat.util.digester.Digester   : [SetPropertiesRule]{mbeans-descriptors/mbean/operation/parameter} Setting property 'name' to 'parent'
2023-01-04 17:44:52.641 DEBUG 3888 --- [kground-preinit] o.apache.tomcat.util.IntrospectionUtils  : IntrospectionUtils: setProperty(class org.apache.tomcat.util.modeler.ParameterInfo name=parent)
2023-01-04 17:44:52.641 DEBUG 3888 --- [kground-preinit] o.apache.tomcat.util.digester.Digester   : [SetPropertiesRule]{mbeans-descriptors/mbean/operation/parameter} Setting property 'description' to 'MBean Name of the associated parent component'
2023-01-04 17:44:52.641 DEBUG 3888 --- [kground-preinit] o.apache.tomcat.util.IntrospectionUtils  : IntrospectionUtils: setProperty(class org.apache.tomcat.util.modeler.ParameterInfo description=MBean Name of the associated parent component)
2023-01-04 17:44:52.641 DEBUG 3888 --- [kground-preinit] o.apache.tomcat.util.digester.Digester   : [SetPropertiesRule]{mbeans-descriptors/mbean/operation/parameter} Setting property 'type' to 'java.lang.String'
2023-01-04 17:44:52.641 DEBUG 3888 --- [kground-preinit] o.apache.tomcat.util.IntrospectionUtils  : IntrospectionUtils: setProperty(class org.apache.tomcat.util.modeler.ParameterInfo type=java.lang.String)
2023-01-04 17:44:52.642 DEBUG 3888 --- [kground-preinit] o.apache.tomcat.util.digester.Digester   :   Fire begin() for SetNextRule[methodName=addParameter, paramType=org.apache.tomcat.util.modeler.ParameterInfo]
2023-01-04 17:44:52.642 DEBUG 3888 --- [kground-preinit] o.a.tomcat.util.digester.Digester.sax    : endElement(,,parameter)
2023-01-04 17:44:52.642 DEBUG 3888 --- [kground-preinit] o.apache.tomcat.util.digester.Digester   :   match='mbeans-descriptors/mbean/operation/parameter'
2023-01-04 17:44:52.642 DEBUG 3888 --- [kground-preinit] o.apache.tomcat.util.digester.Digester   :   bodyText=''
2023-01-04 17:44:52.642 DEBUG 3888 --- [kground-preinit] o.apache.tomcat.util.digester.Digester   :   Fire body() for ObjectCreateRule[className=org.apache.tomcat.util.modeler.ParameterInfo, attributeName=null]
2023-01-04 17:44:52.642 DEBUG 3888 --- [kground-preinit] o.apache.tomcat.util.digester.Digester   :   Fire body() for SetPropertiesRule[]
2023-01-04 17:44:52.642 DEBUG 3888 --- [kground-preinit] o.apache.tomcat.util.digester.Digester   :   Fire body() for SetNextRule[methodName=addParameter, paramType=org.apache.tomcat.util.modeler.ParameterInfo]
2023-01-04 17:44:52.642 DEBUG 3888 --- [kground-preinit] o.apache.tomcat.util.digester.Digester   :   Fire end() for SetNextRule[methodName=addParameter, paramType=org.apache.tomcat.util.modeler.ParameterInfo]
2023-01-04 17:44:52.642 DEBUG 3888 --- [kground-preinit] o.apache.tomcat.util.digester.Digester   : [SetNextRule]{mbeans-descriptors/mbean/operation/parameter} Call org.apache.tomcat.util.modeler.OperationInfo.addParameter(org.apache.tomcat.util.modeler.ParameterInfo@63fc3b89)
2023-01-04 17:44:52.642 DEBUG 3888 --- [kground-preinit] o.apache.tomcat.util.IntrospectionUtils  : IntrospectionUtils: callMethod1 org.apache.tomcat.util.modeler.OperationInfo org.apache.tomcat.util.modeler.ParameterInfo org.apache.tomcat.util.modeler.ParameterInfo
2023-01-04 17:44:52.642 DEBUG 3888 --- [kground-preinit] o.apache.tomcat.util.digester.Digester   :   Fire end() for SetPropertiesRule[]
2023-01-04 17:44:52.643 DEBUG 3888 --- [kground-preinit] o.apache.tomcat.util.digester.Digester   :   Fire end() for ObjectCreateRule[className=org.apache.tomcat.util.modeler.ParameterInfo, attributeName=null]
2023-01-04 17:44:52.643 DEBUG 3888 --- [kground-preinit] o.apache.tomcat.util.digester.Digester   : [ObjectCreateRule]{mbeans-descriptors/mbean/operation/parameter} Pop org.apache.tomcat.util.modeler.ParameterInfo
2023-01-04 17:44:52.643 DEBUG 3888 --- [kground-preinit] o.a.tomcat.util.digester.Digester.sax    : characters(
    )
2023-01-04 17:44:52.643 DEBUG 3888 --- [kground-preinit] o.a.tomcat.util.digester.Digester.sax    : endElement(,,operation)
2023-01-04 17:44:52.643 DEBUG 3888 --- [kground-preinit] o.apache.tomcat.util.digester.Digester   :   match='mbeans-descriptors/mbean/operation'
2023-01-04 17:44:52.643 DEBUG 3888 --- [kground-preinit] o.apache.tomcat.util.digester.Digester   :   bodyText='
      
    '
2023-01-04 17:44:52.643 DEBUG 3888 --- [kground-preinit] o.apache.tomcat.util.digester.Digester   :   Fire body() for ObjectCreateRule[className=org.apache.tomcat.util.modeler.OperationInfo, attributeName=null]
2023-01-04 17:44:52.643 DEBUG 3888 --- [kground-preinit] o.apache.tomcat.util.digester.Digester   :   Fire body() for SetPropertiesRule[]
2023-01-04 17:44:52.643 DEBUG 3888 --- [kground-preinit] o.apache.tomcat.util.digester.Digester   :   Fire body() for SetNextRule[methodName=addOperation, paramType=org.apache.tomcat.util.modeler.OperationInfo]
2023-01-04 17:44:52.643 DEBUG 3888 --- [kground-preinit] o.apache.tomcat.util.digester.Digester   :   Fire end() for SetNextRule[methodName=addOperation, paramType=org.apache.tomcat.util.modeler.OperationInfo]
2023-01-04 17:44:52.643 DEBUG 3888 --- [kground-preinit] o.apache.tomcat.util.digester.Digester   : [SetNextRule]{mbeans-descriptors/mbean/operation} Call org.apache.tomcat.util.modeler.ManagedBean.addOperation(org.apache.tomcat.util.modeler.OperationInfo@411c6975)
2023-01-04 17:44:52.644 DEBUG 3888 --- [kground-preinit] o.apache.tomcat.util.IntrospectionUtils  : IntrospectionUtils: callMethod1 org.apache.tomcat.util.modeler.ManagedBean org.apache.tomcat.util.modeler.OperationInfo org.apache.tomcat.util.modeler.OperationInfo
2023-01-04 17:44:52.644 DEBUG 3888 --- [kground-preinit] o.apache.tomcat.util.digester.Digester   :   Fire end() for SetPropertiesRule[]
2023-01-04 17:44:52.644 DEBUG 3888 --- [kground-preinit] o.apache.tomcat.util.digester.Digester   :   Fire end() for ObjectCreateRule[className=org.apache.tomcat.util.modeler.OperationInfo, attributeName=null]
2023-01-04 17:44:52.644 DEBUG 3888 --- [kground-preinit] o.apache.tomcat.util.digester.Digester   : [ObjectCreateRule]{mbeans-descriptors/mbean/operation} Pop org.apache.tomcat.util.modeler.OperationInfo
2023-01-04 17:44:52.644 DEBUG 3888 --- [kground-preinit] o.a.tomcat.util.digester.Digester.sax    : characters(

    )
2023-01-04 17:44:52.644 DEBUG 3888 --- [kground-preinit] o.a.tomcat.util.digester.Digester.sax    : startElement(,,operation)
2023-01-04 17:44:52.644 DEBUG 3888 --- [kground-preinit] o.apache.tomcat.util.digester.Digester   :   New match='mbeans-descriptors/mbean/operation'
2023-01-04 17:44:52.644 DEBUG 3888 --- [kground-preinit] o.apache.tomcat.util.digester.Digester   :   Fire begin() for ObjectCreateRule[className=org.apache.tomcat.util.modeler.OperationInfo, attributeName=null]
2023-01-04 17:44:52.645 DEBUG 3888 --- [kground-preinit] o.apache.tomcat.util.digester.Digester   : [ObjectCreateRule]{mbeans-descriptors/mbean/operation}New org.apache.tomcat.util.modeler.OperationInfo
2023-01-04 17:44:52.645 DEBUG 3888 --- [kground-preinit] o.apache.tomcat.util.digester.Digester   :   Fire begin() for SetPropertiesRule[]
2023-01-04 17:44:52.645 DEBUG 3888 --- [kground-preinit] o.apache.tomcat.util.digester.Digester   : [SetPropertiesRule]{mbeans-descriptors/mbean/operation} Set org.apache.tomcat.util.modeler.OperationInfo properties
2023-01-04 17:44:52.645 DEBUG 3888 --- [           main] o.s.b.f.s.DefaultListableBeanFactory     : Returning cached instance of singleton bean 'autoConfigurationReport'
2023-01-04 17:44:52.645 DEBUG 3888 --- [kground-preinit] o.apache.tomcat.util.digester.Digester   : [SetPropertiesRule]{mbeans-descriptors/mbean/operation} Setting property 'name' to 'createMemoryRealm'
2023-01-04 17:44:52.645 DEBUG 3888 --- [           main] a.ConfigurationClassBeanDefinitionReader : Registered bean definition for imported class 'org.springframework.boot.autoconfigure.transaction.TransactionAutoConfiguration$TransactionTemplateConfiguration'
2023-01-04 17:44:52.645 DEBUG 3888 --- [kground-preinit] o.apache.tomcat.util.IntrospectionUtils  : IntrospectionUtils: setProperty(class org.apache.tomcat.util.modeler.OperationInfo name=createMemoryRealm)
2023-01-04 17:44:52.645 DEBUG 3888 --- [kground-preinit] o.apache.tomcat.util.digester.Digester   : [SetPropertiesRule]{mbeans-descriptors/mbean/operation} Setting property 'description' to 'Create a new Memory Realm'
2023-01-04 17:44:52.645 DEBUG 3888 --- [kground-preinit] o.apache.tomcat.util.IntrospectionUtils  : IntrospectionUtils: setProperty(class org.apache.tomcat.util.modeler.OperationInfo description=Create a new Memory Realm)
2023-01-04 17:44:52.646 DEBUG 3888 --- [kground-preinit] o.apache.tomcat.util.digester.Digester   : [SetPropertiesRule]{mbeans-descriptors/mbean/operation} Setting property 'impact' to 'ACTION'
2023-01-04 17:44:52.646 DEBUG 3888 --- [kground-preinit] o.apache.tomcat.util.IntrospectionUtils  : IntrospectionUtils: setProperty(class org.apache.tomcat.util.modeler.OperationInfo impact=ACTION)
2023-01-04 17:44:52.646 DEBUG 3888 --- [           main] o.s.b.f.s.DefaultListableBeanFactory     : Returning cached instance of singleton bean 'org.springframework.boot.autoconfigure.condition.BeanTypeRegistry'
2023-01-04 17:44:52.646 DEBUG 3888 --- [kground-preinit] o.apache.tomcat.util.digester.Digester   : [SetPropertiesRule]{mbeans-descriptors/mbean/operation} Setting property 'returnType' to 'java.lang.String'
2023-01-04 17:44:52.646 DEBUG 3888 --- [kground-preinit] o.apache.tomcat.util.IntrospectionUtils  : IntrospectionUtils: setProperty(class org.apache.tomcat.util.modeler.OperationInfo returnType=java.lang.String)
2023-01-04 17:44:52.646 DEBUG 3888 --- [kground-preinit] o.apache.tomcat.util.digester.Digester   :   Fire begin() for SetNextRule[methodName=addOperation, paramType=org.apache.tomcat.util.modeler.OperationInfo]
2023-01-04 17:44:52.646 DEBUG 3888 --- [kground-preinit] o.a.tomcat.util.digester.Digester.sax    : characters(
      )
2023-01-04 17:44:52.646 DEBUG 3888 --- [kground-preinit] o.a.tomcat.util.digester.Digester.sax    : startElement(,,parameter)
2023-01-04 17:44:52.647 DEBUG 3888 --- [kground-preinit] o.apache.tomcat.util.digester.Digester   :   New match='mbeans-descriptors/mbean/operation/parameter'
2023-01-04 17:44:52.647 DEBUG 3888 --- [kground-preinit] o.apache.tomcat.util.digester.Digester   :   Fire begin() for ObjectCreateRule[className=org.apache.tomcat.util.modeler.ParameterInfo, attributeName=null]
2023-01-04 17:44:52.647 DEBUG 3888 --- [kground-preinit] o.apache.tomcat.util.digester.Digester   : [ObjectCreateRule]{mbeans-descriptors/mbean/operation/parameter}New org.apache.tomcat.util.modeler.ParameterInfo
2023-01-04 17:44:52.647 DEBUG 3888 --- [kground-preinit] o.apache.tomcat.util.digester.Digester   :   Fire begin() for SetPropertiesRule[]
2023-01-04 17:44:52.647 DEBUG 3888 --- [kground-preinit] o.apache.tomcat.util.digester.Digester   : [SetPropertiesRule]{mbeans-descriptors/mbean/operation/parameter} Set org.apache.tomcat.util.modeler.ParameterInfo properties
2023-01-04 17:44:52.647 DEBUG 3888 --- [kground-preinit] o.apache.tomcat.util.digester.Digester   : [SetPropertiesRule]{mbeans-descriptors/mbean/operation/parameter} Setting property 'name' to 'parent'
2023-01-04 17:44:52.647 DEBUG 3888 --- [           main] o.s.b.f.s.DefaultListableBeanFactory     : Returning cached instance of singleton bean 'autoConfigurationReport'
2023-01-04 17:44:52.647 DEBUG 3888 --- [kground-preinit] o.apache.tomcat.util.IntrospectionUtils  : IntrospectionUtils: setProperty(class org.apache.tomcat.util.modeler.ParameterInfo name=parent)
2023-01-04 17:44:52.648 DEBUG 3888 --- [           main] a.ConfigurationClassBeanDefinitionReader : Registering bean definition for @Bean method org.springframework.boot.autoconfigure.transaction.TransactionAutoConfiguration$TransactionTemplateConfiguration.transactionTemplate()
2023-01-04 17:44:52.648 DEBUG 3888 --- [kground-preinit] o.apache.tomcat.util.digester.Digester   : [SetPropertiesRule]{mbeans-descriptors/mbean/operation/parameter} Setting property 'description' to 'MBean Name of the associated parent component'
2023-01-04 17:44:52.648 DEBUG 3888 --- [kground-preinit] o.apache.tomcat.util.IntrospectionUtils  : IntrospectionUtils: setProperty(class org.apache.tomcat.util.modeler.ParameterInfo description=MBean Name of the associated parent component)
2023-01-04 17:44:52.648 DEBUG 3888 --- [kground-preinit] o.apache.tomcat.util.digester.Digester   : [SetPropertiesRule]{mbeans-descriptors/mbean/operation/parameter} Setting property 'type' to 'java.lang.String'
2023-01-04 17:44:52.648 DEBUG 3888 --- [kground-preinit] o.apache.tomcat.util.IntrospectionUtils  : IntrospectionUtils: setProperty(class org.apache.tomcat.util.modeler.ParameterInfo type=java.lang.String)
2023-01-04 17:44:52.649 DEBUG 3888 --- [kground-preinit] o.apache.tomcat.util.digester.Digester   :   Fire begin() for SetNextRule[methodName=addParameter, paramType=org.apache.tomcat.util.modeler.ParameterInfo]
2023-01-04 17:44:52.650 DEBUG 3888 --- [kground-preinit] o.a.tomcat.util.digester.Digester.sax    : endElement(,,parameter)
2023-01-04 17:44:52.650 DEBUG 3888 --- [kground-preinit] o.apache.tomcat.util.digester.Digester   :   match='mbeans-descriptors/mbean/operation/parameter'
2023-01-04 17:44:52.650 DEBUG 3888 --- [           main] a.ConfigurationClassBeanDefinitionReader : Registered bean definition for imported class 'org.springframework.boot.autoconfigure.transaction.TransactionAutoConfiguration'
2023-01-04 17:44:52.651 DEBUG 3888 --- [kground-preinit] o.apache.tomcat.util.digester.Digester   :   bodyText=''
2023-01-04 17:44:52.651 DEBUG 3888 --- [           main] o.s.b.f.s.DefaultListableBeanFactory     : Returning cached instance of singleton bean 'org.springframework.boot.autoconfigure.condition.BeanTypeRegistry'
2023-01-04 17:44:52.652 DEBUG 3888 --- [kground-preinit] o.apache.tomcat.util.digester.Digester   :   Fire body() for ObjectCreateRule[className=org.apache.tomcat.util.modeler.ParameterInfo, attributeName=null]
2023-01-04 17:44:52.652 DEBUG 3888 --- [kground-preinit] o.apache.tomcat.util.digester.Digester   :   Fire body() for SetPropertiesRule[]
2023-01-04 17:44:52.653 DEBUG 3888 --- [kground-preinit] o.apache.tomcat.util.digester.Digester   :   Fire body() for SetNextRule[methodName=addParameter, paramType=org.apache.tomcat.util.modeler.ParameterInfo]
2023-01-04 17:44:52.654 DEBUG 3888 --- [kground-preinit] o.apache.tomcat.util.digester.Digester   :   Fire end() for SetNextRule[methodName=addParameter, paramType=org.apache.tomcat.util.modeler.ParameterInfo]
2023-01-04 17:44:52.655 DEBUG 3888 --- [           main] o.s.b.f.s.DefaultListableBeanFactory     : Returning cached instance of singleton bean 'autoConfigurationReport'
2023-01-04 17:44:52.655 DEBUG 3888 --- [           main] a.ConfigurationClassBeanDefinitionReader : Registering bean definition for @Bean method org.springframework.boot.autoconfigure.transaction.TransactionAutoConfiguration.platformTransactionManagerCustomizers()
2023-01-04 17:44:52.655 DEBUG 3888 --- [kground-preinit] o.apache.tomcat.util.digester.Digester   : [SetNextRule]{mbeans-descriptors/mbean/operation/parameter} Call org.apache.tomcat.util.modeler.OperationInfo.addParameter(org.apache.tomcat.util.modeler.ParameterInfo@46127792)
2023-01-04 17:44:52.656 DEBUG 3888 --- [kground-preinit] o.apache.tomcat.util.IntrospectionUtils  : IntrospectionUtils: callMethod1 org.apache.tomcat.util.modeler.OperationInfo org.apache.tomcat.util.modeler.ParameterInfo org.apache.tomcat.util.modeler.ParameterInfo
2023-01-04 17:44:52.656 DEBUG 3888 --- [           main] o.s.b.f.s.DefaultListableBeanFactory     : Returning cached instance of singleton bean 'autoConfigurationReport'
2023-01-04 17:44:52.656 DEBUG 3888 --- [kground-preinit] o.apache.tomcat.util.digester.Digester   :   Fire end() for SetPropertiesRule[]
2023-01-04 17:44:52.656 DEBUG 3888 --- [kground-preinit] o.apache.tomcat.util.digester.Digester   :   Fire end() for ObjectCreateRule[className=org.apache.tomcat.util.modeler.ParameterInfo, attributeName=null]
2023-01-04 17:44:52.656 DEBUG 3888 --- [           main] a.ConfigurationClassBeanDefinitionReader : Registered bean definition for imported class 'org.springframework.boot.autoconfigure.web.client.RestTemplateAutoConfiguration'
2023-01-04 17:44:52.656 DEBUG 3888 --- [kground-preinit] o.apache.tomcat.util.digester.Digester   : [ObjectCreateRule]{mbeans-descriptors/mbean/operation/parameter} Pop org.apache.tomcat.util.modeler.ParameterInfo
2023-01-04 17:44:52.656 DEBUG 3888 --- [kground-preinit] o.a.tomcat.util.digester.Digester.sax    : characters(
    )
2023-01-04 17:44:52.656 DEBUG 3888 --- [kground-preinit] o.a.tomcat.util.digester.Digester.sax    : endElement(,,operation)
2023-01-04 17:44:52.656 DEBUG 3888 --- [kground-preinit] o.apache.tomcat.util.digester.Digester   :   match='mbeans-descriptors/mbean/operation'
2023-01-04 17:44:52.656 DEBUG 3888 --- [kground-preinit] o.apache.tomcat.util.digester.Digester   :   bodyText='
      
    '
2023-01-04 17:44:52.656 DEBUG 3888 --- [kground-preinit] o.apache.tomcat.util.digester.Digester   :   Fire body() for ObjectCreateRule[className=org.apache.tomcat.util.modeler.OperationInfo, attributeName=null]
2023-01-04 17:44:52.657 DEBUG 3888 --- [kground-preinit] o.apache.tomcat.util.digester.Digester   :   Fire body() for SetPropertiesRule[]
2023-01-04 17:44:52.657 DEBUG 3888 --- [kground-preinit] o.apache.tomcat.util.digester.Digester   :   Fire body() for SetNextRule[methodName=addOperation, paramType=org.apache.tomcat.util.modeler.OperationInfo]
2023-01-04 17:44:52.657 DEBUG 3888 --- [kground-preinit] o.apache.tomcat.util.digester.Digester   :   Fire end() for SetNextRule[methodName=addOperation, paramType=org.apache.tomcat.util.modeler.OperationInfo]
2023-01-04 17:44:52.657 DEBUG 3888 --- [kground-preinit] o.apache.tomcat.util.digester.Digester   : [SetNextRule]{mbeans-descriptors/mbean/operation} Call org.apache.tomcat.util.modeler.ManagedBean.addOperation(org.apache.tomcat.util.modeler.OperationInfo@7180c057)
2023-01-04 17:44:52.657 DEBUG 3888 --- [kground-preinit] o.apache.tomcat.util.IntrospectionUtils  : IntrospectionUtils: callMethod1 org.apache.tomcat.util.modeler.ManagedBean org.apache.tomcat.util.modeler.OperationInfo org.apache.tomcat.util.modeler.OperationInfo
2023-01-04 17:44:52.657 DEBUG 3888 --- [kground-preinit] o.apache.tomcat.util.digester.Digester   :   Fire end() for SetPropertiesRule[]
2023-01-04 17:44:52.657 DEBUG 3888 --- [kground-preinit] o.apache.tomcat.util.digester.Digester   :   Fire end() for ObjectCreateRule[className=org.apache.tomcat.util.modeler.OperationInfo, attributeName=null]
2023-01-04 17:44:52.657 DEBUG 3888 --- [kground-preinit] o.apache.tomcat.util.digester.Digester   : [ObjectCreateRule]{mbeans-descriptors/mbean/operation} Pop org.apache.tomcat.util.modeler.OperationInfo
2023-01-04 17:44:52.658 DEBUG 3888 --- [kground-preinit] o.a.tomcat.util.digester.Digester.sax    : characters(

    )
2023-01-04 17:44:52.658 DEBUG 3888 --- [kground-preinit] o.a.tomcat.util.digester.Digester.sax    : startElement(,,operation)
2023-01-04 17:44:52.658 DEBUG 3888 --- [kground-preinit] o.apache.tomcat.util.digester.Digester   :   New match='mbeans-descriptors/mbean/operation'
2023-01-04 17:44:52.658 DEBUG 3888 --- [kground-preinit] o.apache.tomcat.util.digester.Digester   :   Fire begin() for ObjectCreateRule[className=org.apache.tomcat.util.modeler.OperationInfo, attributeName=null]
2023-01-04 17:44:52.659 DEBUG 3888 --- [kground-preinit] o.apache.tomcat.util.digester.Digester   : [ObjectCreateRule]{mbeans-descriptors/mbean/operation}New org.apache.tomcat.util.modeler.OperationInfo
2023-01-04 17:44:52.659 DEBUG 3888 --- [kground-preinit] o.apache.tomcat.util.digester.Digester   :   Fire begin() for SetPropertiesRule[]
2023-01-04 17:44:52.659 DEBUG 3888 --- [           main] o.s.b.f.s.DefaultListableBeanFactory     : Returning cached instance of singleton bean 'org.springframework.boot.autoconfigure.condition.BeanTypeRegistry'
2023-01-04 17:44:52.659 DEBUG 3888 --- [kground-preinit] o.apache.tomcat.util.digester.Digester   : [SetPropertiesRule]{mbeans-descriptors/mbean/operation} Set org.apache.tomcat.util.modeler.OperationInfo properties
2023-01-04 17:44:52.659 DEBUG 3888 --- [kground-preinit] o.apache.tomcat.util.digester.Digester   : [SetPropertiesRule]{mbeans-descriptors/mbean/operation} Setting property 'name' to 'createUserDatabaseRealm'
2023-01-04 17:44:52.659 DEBUG 3888 --- [kground-preinit] o.apache.tomcat.util.IntrospectionUtils  : IntrospectionUtils: setProperty(class org.apache.tomcat.util.modeler.OperationInfo name=createUserDatabaseRealm)
2023-01-04 17:44:52.660 DEBUG 3888 --- [kground-preinit] o.apache.tomcat.util.digester.Digester   : [SetPropertiesRule]{mbeans-descriptors/mbean/operation} Setting property 'description' to 'Create a new  UserDatabaseRealm'
2023-01-04 17:44:52.660 DEBUG 3888 --- [kground-preinit] o.apache.tomcat.util.IntrospectionUtils  : IntrospectionUtils: setProperty(class org.apache.tomcat.util.modeler.OperationInfo description=Create a new  UserDatabaseRealm)
2023-01-04 17:44:52.660 DEBUG 3888 --- [kground-preinit] o.apache.tomcat.util.digester.Digester   : [SetPropertiesRule]{mbeans-descriptors/mbean/operation} Setting property 'impact' to 'ACTION'
2023-01-04 17:44:52.660 DEBUG 3888 --- [kground-preinit] o.apache.tomcat.util.IntrospectionUtils  : IntrospectionUtils: setProperty(class org.apache.tomcat.util.modeler.OperationInfo impact=ACTION)
2023-01-04 17:44:52.660 DEBUG 3888 --- [kground-preinit] o.apache.tomcat.util.digester.Digester   : [SetPropertiesRule]{mbeans-descriptors/mbean/operation} Setting property 'returnType' to 'java.lang.String'
2023-01-04 17:44:52.660 DEBUG 3888 --- [kground-preinit] o.apache.tomcat.util.IntrospectionUtils  : IntrospectionUtils: setProperty(class org.apache.tomcat.util.modeler.OperationInfo returnType=java.lang.String)
2023-01-04 17:44:52.660 DEBUG 3888 --- [kground-preinit] o.apache.tomcat.util.digester.Digester   :   Fire begin() for SetNextRule[methodName=addOperation, paramType=org.apache.tomcat.util.modeler.OperationInfo]
2023-01-04 17:44:52.661 DEBUG 3888 --- [kground-preinit] o.a.tomcat.util.digester.Digester.sax    : characters(
      )
2023-01-04 17:44:52.661 DEBUG 3888 --- [kground-preinit] o.a.tomcat.util.digester.Digester.sax    : startElement(,,parameter)
2023-01-04 17:44:52.661 DEBUG 3888 --- [kground-preinit] o.apache.tomcat.util.digester.Digester   :   New match='mbeans-descriptors/mbean/operation/parameter'
2023-01-04 17:44:52.661 DEBUG 3888 --- [           main] o.s.b.f.s.DefaultListableBeanFactory     : Returning cached instance of singleton bean 'autoConfigurationReport'
2023-01-04 17:44:52.661 DEBUG 3888 --- [kground-preinit] o.apache.tomcat.util.digester.Digester   :   Fire begin() for ObjectCreateRule[className=org.apache.tomcat.util.modeler.ParameterInfo, attributeName=null]
2023-01-04 17:44:52.662 DEBUG 3888 --- [           main] a.ConfigurationClassBeanDefinitionReader : Registering bean definition for @Bean method org.springframework.boot.autoconfigure.web.client.RestTemplateAutoConfiguration.restTemplateBuilder()
2023-01-04 17:44:52.662 DEBUG 3888 --- [kground-preinit] o.apache.tomcat.util.digester.Digester   : [ObjectCreateRule]{mbeans-descriptors/mbean/operation/parameter}New org.apache.tomcat.util.modeler.ParameterInfo
2023-01-04 17:44:52.662 DEBUG 3888 --- [kground-preinit] o.apache.tomcat.util.digester.Digester   :   Fire begin() for SetPropertiesRule[]
2023-01-04 17:44:52.662 DEBUG 3888 --- [           main] o.s.b.f.s.DefaultListableBeanFactory     : Returning cached instance of singleton bean 'autoConfigurationReport'
2023-01-04 17:44:52.662 DEBUG 3888 --- [kground-preinit] o.apache.tomcat.util.digester.Digester   : [SetPropertiesRule]{mbeans-descriptors/mbean/operation/parameter} Set org.apache.tomcat.util.modeler.ParameterInfo properties
2023-01-04 17:44:52.662 DEBUG 3888 --- [kground-preinit] o.apache.tomcat.util.digester.Digester   : [SetPropertiesRule]{mbeans-descriptors/mbean/operation/parameter} Setting property 'name' to 'parent'
2023-01-04 17:44:52.662 DEBUG 3888 --- [kground-preinit] o.apache.tomcat.util.IntrospectionUtils  : IntrospectionUtils: setProperty(class org.apache.tomcat.util.modeler.ParameterInfo name=parent)
2023-01-04 17:44:52.662 DEBUG 3888 --- [kground-preinit] o.apache.tomcat.util.digester.Digester   : [SetPropertiesRule]{mbeans-descriptors/mbean/operation/parameter} Setting property 'description' to 'MBean Name of the associated parent component'
2023-01-04 17:44:52.663 DEBUG 3888 --- [kground-preinit] o.apache.tomcat.util.IntrospectionUtils  : IntrospectionUtils: setProperty(class org.apache.tomcat.util.modeler.ParameterInfo description=MBean Name of the associated parent component)
2023-01-04 17:44:52.663 DEBUG 3888 --- [kground-preinit] o.apache.tomcat.util.digester.Digester   : [SetPropertiesRule]{mbeans-descriptors/mbean/operation/parameter} Setting property 'type' to 'java.lang.String'
2023-01-04 17:44:52.663 DEBUG 3888 --- [kground-preinit] o.apache.tomcat.util.IntrospectionUtils  : IntrospectionUtils: setProperty(class org.apache.tomcat.util.modeler.ParameterInfo type=java.lang.String)
2023-01-04 17:44:52.663 DEBUG 3888 --- [kground-preinit] o.apache.tomcat.util.digester.Digester   :   Fire begin() for SetNextRule[methodName=addParameter, paramType=org.apache.tomcat.util.modeler.ParameterInfo]
2023-01-04 17:44:52.663 DEBUG 3888 --- [kground-preinit] o.a.tomcat.util.digester.Digester.sax    : endElement(,,parameter)
2023-01-04 17:44:52.662 DEBUG 3888 --- [           main] a.ConfigurationClassBeanDefinitionReader : Registered bean definition for imported class 'org.springframework.boot.autoconfigure.web.embedded.EmbeddedWebServerFactoryCustomizerAutoConfiguration$TomcatWebServerFactoryCustomizerConfiguration'
2023-01-04 17:44:52.663 DEBUG 3888 --- [           main] a.ConfigurationClassBeanDefinitionReader : Registering bean definition for @Bean method org.springframework.boot.autoconfigure.web.embedded.EmbeddedWebServerFactoryCustomizerAutoConfiguration$TomcatWebServerFactoryCustomizerConfiguration.tomcatWebServerFactoryCustomizer()
2023-01-04 17:44:52.664 DEBUG 3888 --- [kground-preinit] o.apache.tomcat.util.digester.Digester   :   match='mbeans-descriptors/mbean/operation/parameter'
2023-01-04 17:44:52.664 DEBUG 3888 --- [           main] a.ConfigurationClassBeanDefinitionReader : Registered bean definition for imported class 'org.springframework.boot.autoconfigure.web.embedded.EmbeddedWebServerFactoryCustomizerAutoConfiguration'
2023-01-04 17:44:52.664 DEBUG 3888 --- [kground-preinit] o.apache.tomcat.util.digester.Digester   :   bodyText=''
2023-01-04 17:44:52.664 DEBUG 3888 --- [           main] o.s.b.f.s.DefaultListableBeanFactory     : Returning cached instance of singleton bean 'autoConfigurationReport'
2023-01-04 17:44:52.664 DEBUG 3888 --- [kground-preinit] o.apache.tomcat.util.digester.Digester   :   Fire body() for ObjectCreateRule[className=org.apache.tomcat.util.modeler.ParameterInfo, attributeName=null]
2023-01-04 17:44:52.664 DEBUG 3888 --- [           main] o.s.b.f.s.DefaultListableBeanFactory     : Returning cached instance of singleton bean 'autoConfigurationReport'
2023-01-04 17:44:52.664 DEBUG 3888 --- [kground-preinit] o.apache.tomcat.util.digester.Digester   :   Fire body() for SetPropertiesRule[]
2023-01-04 17:44:52.664 DEBUG 3888 --- [kground-preinit] o.apache.tomcat.util.digester.Digester   :   Fire body() for SetNextRule[methodName=addParameter, paramType=org.apache.tomcat.util.modeler.ParameterInfo]
2023-01-04 17:44:52.667 DEBUG 3888 --- [kground-preinit] o.apache.tomcat.util.digester.Digester   :   Fire end() for SetNextRule[methodName=addParameter, paramType=org.apache.tomcat.util.modeler.ParameterInfo]
2023-01-04 17:44:52.667 DEBUG 3888 --- [kground-preinit] o.apache.tomcat.util.digester.Digester   : [SetNextRule]{mbeans-descriptors/mbean/operation/parameter} Call org.apache.tomcat.util.modeler.OperationInfo.addParameter(org.apache.tomcat.util.modeler.ParameterInfo@73229d9d)
2023-01-04 17:44:52.667 DEBUG 3888 --- [kground-preinit] o.apache.tomcat.util.IntrospectionUtils  : IntrospectionUtils: callMethod1 org.apache.tomcat.util.modeler.OperationInfo org.apache.tomcat.util.modeler.ParameterInfo org.apache.tomcat.util.modeler.ParameterInfo
2023-01-04 17:44:52.667 DEBUG 3888 --- [kground-preinit] o.apache.tomcat.util.digester.Digester   :   Fire end() for SetPropertiesRule[]
2023-01-04 17:44:52.667 DEBUG 3888 --- [           main] o.s.b.f.s.DefaultListableBeanFactory     : Returning cached instance of singleton bean 'autoConfigurationReport'
2023-01-04 17:44:52.667 DEBUG 3888 --- [kground-preinit] o.apache.tomcat.util.digester.Digester   :   Fire end() for ObjectCreateRule[className=org.apache.tomcat.util.modeler.ParameterInfo, attributeName=null]
2023-01-04 17:44:52.667 DEBUG 3888 --- [           main] a.ConfigurationClassBeanDefinitionReader : Registered bean definition for imported class 'org.springframework.boot.autoconfigure.web.servlet.HttpEncodingAutoConfiguration'
2023-01-04 17:44:52.668 DEBUG 3888 --- [kground-preinit] o.apache.tomcat.util.digester.Digester   : [ObjectCreateRule]{mbeans-descriptors/mbean/operation/parameter} Pop org.apache.tomcat.util.modeler.ParameterInfo
2023-01-04 17:44:52.668 DEBUG 3888 --- [kground-preinit] o.a.tomcat.util.digester.Digester.sax    : characters(
      )
2023-01-04 17:44:52.668 DEBUG 3888 --- [kground-preinit] o.a.tomcat.util.digester.Digester.sax    : startElement(,,parameter)
2023-01-04 17:44:52.668 DEBUG 3888 --- [kground-preinit] o.apache.tomcat.util.digester.Digester   :   New match='mbeans-descriptors/mbean/operation/parameter'
2023-01-04 17:44:52.668 DEBUG 3888 --- [           main] o.s.b.f.s.DefaultListableBeanFactory     : Returning cached instance of singleton bean 'org.springframework.boot.autoconfigure.condition.BeanTypeRegistry'
2023-01-04 17:44:52.669 DEBUG 3888 --- [kground-preinit] o.apache.tomcat.util.digester.Digester   :   Fire begin() for ObjectCreateRule[className=org.apache.tomcat.util.modeler.ParameterInfo, attributeName=null]
2023-01-04 17:44:52.669 DEBUG 3888 --- [kground-preinit] o.apache.tomcat.util.digester.Digester   : [ObjectCreateRule]{mbeans-descriptors/mbean/operation/parameter}New org.apache.tomcat.util.modeler.ParameterInfo
2023-01-04 17:44:52.669 DEBUG 3888 --- [kground-preinit] o.apache.tomcat.util.digester.Digester   :   Fire begin() for SetPropertiesRule[]
2023-01-04 17:44:52.670 DEBUG 3888 --- [kground-preinit] o.apache.tomcat.util.digester.Digester   : [SetPropertiesRule]{mbeans-descriptors/mbean/operation/parameter} Set org.apache.tomcat.util.modeler.ParameterInfo properties
2023-01-04 17:44:52.670 DEBUG 3888 --- [kground-preinit] o.apache.tomcat.util.digester.Digester   : [SetPropertiesRule]{mbeans-descriptors/mbean/operation/parameter} Setting property 'name' to 'resourceName'
2023-01-04 17:44:52.670 DEBUG 3888 --- [kground-preinit] o.apache.tomcat.util.IntrospectionUtils  : IntrospectionUtils: setProperty(class org.apache.tomcat.util.modeler.ParameterInfo name=resourceName)
2023-01-04 17:44:52.670 DEBUG 3888 --- [kground-preinit] o.apache.tomcat.util.digester.Digester   : [SetPropertiesRule]{mbeans-descriptors/mbean/operation/parameter} Setting property 'description' to 'Global JNDI resource name of the associated'
2023-01-04 17:44:52.670 DEBUG 3888 --- [kground-preinit] o.apache.tomcat.util.IntrospectionUtils  : IntrospectionUtils: setProperty(class org.apache.tomcat.util.modeler.ParameterInfo description=Global JNDI resource name of the associated)
2023-01-04 17:44:52.670 DEBUG 3888 --- [kground-preinit] o.apache.tomcat.util.digester.Digester   : [SetPropertiesRule]{mbeans-descriptors/mbean/operation/parameter} Setting property 'type' to 'java.lang.String'
2023-01-04 17:44:52.670 DEBUG 3888 --- [kground-preinit] o.apache.tomcat.util.IntrospectionUtils  : IntrospectionUtils: setProperty(class org.apache.tomcat.util.modeler.ParameterInfo type=java.lang.String)
2023-01-04 17:44:52.671 DEBUG 3888 --- [kground-preinit] o.apache.tomcat.util.digester.Digester   :   Fire begin() for SetNextRule[methodName=addParameter, paramType=org.apache.tomcat.util.modeler.ParameterInfo]
2023-01-04 17:44:52.671 DEBUG 3888 --- [kground-preinit] o.a.tomcat.util.digester.Digester.sax    : endElement(,,parameter)
2023-01-04 17:44:52.671 DEBUG 3888 --- [kground-preinit] o.apache.tomcat.util.digester.Digester   :   match='mbeans-descriptors/mbean/operation/parameter'
2023-01-04 17:44:52.672 DEBUG 3888 --- [kground-preinit] o.apache.tomcat.util.digester.Digester   :   bodyText=''
2023-01-04 17:44:52.672 DEBUG 3888 --- [kground-preinit] o.apache.tomcat.util.digester.Digester   :   Fire body() for ObjectCreateRule[className=org.apache.tomcat.util.modeler.ParameterInfo, attributeName=null]
2023-01-04 17:44:52.672 DEBUG 3888 --- [kground-preinit] o.apache.tomcat.util.digester.Digester   :   Fire body() for SetPropertiesRule[]
2023-01-04 17:44:52.672 DEBUG 3888 --- [kground-preinit] o.apache.tomcat.util.digester.Digester   :   Fire body() for SetNextRule[methodName=addParameter, paramType=org.apache.tomcat.util.modeler.ParameterInfo]
2023-01-04 17:44:52.672 DEBUG 3888 --- [kground-preinit] o.apache.tomcat.util.digester.Digester   :   Fire end() for SetNextRule[methodName=addParameter, paramType=org.apache.tomcat.util.modeler.ParameterInfo]
2023-01-04 17:44:52.672 DEBUG 3888 --- [kground-preinit] o.apache.tomcat.util.digester.Digester   : [SetNextRule]{mbeans-descriptors/mbean/operation/parameter} Call org.apache.tomcat.util.modeler.OperationInfo.addParameter(org.apache.tomcat.util.modeler.ParameterInfo@51d7154d)
2023-01-04 17:44:52.672 DEBUG 3888 --- [kground-preinit] o.apache.tomcat.util.IntrospectionUtils  : IntrospectionUtils: callMethod1 org.apache.tomcat.util.modeler.OperationInfo org.apache.tomcat.util.modeler.ParameterInfo org.apache.tomcat.util.modeler.ParameterInfo
2023-01-04 17:44:52.672 DEBUG 3888 --- [kground-preinit] o.apache.tomcat.util.digester.Digester   :   Fire end() for SetPropertiesRule[]
2023-01-04 17:44:52.672 DEBUG 3888 --- [kground-preinit] o.apache.tomcat.util.digester.Digester   :   Fire end() for ObjectCreateRule[className=org.apache.tomcat.util.modeler.ParameterInfo, attributeName=null]
2023-01-04 17:44:52.672 DEBUG 3888 --- [kground-preinit] o.apache.tomcat.util.digester.Digester   : [ObjectCreateRule]{mbeans-descriptors/mbean/operation/parameter} Pop org.apache.tomcat.util.modeler.ParameterInfo
2023-01-04 17:44:52.672 DEBUG 3888 --- [kground-preinit] o.a.tomcat.util.digester.Digester.sax    : characters(
    )
2023-01-04 17:44:52.673 DEBUG 3888 --- [kground-preinit] o.a.tomcat.util.digester.Digester.sax    : endElement(,,operation)
2023-01-04 17:44:52.673 DEBUG 3888 --- [kground-preinit] o.apache.tomcat.util.digester.Digester   :   match='mbeans-descriptors/mbean/operation'
2023-01-04 17:44:52.673 DEBUG 3888 --- [kground-preinit] o.apache.tomcat.util.digester.Digester   :   bodyText='
      
      
    '
2023-01-04 17:44:52.673 DEBUG 3888 --- [kground-preinit] o.apache.tomcat.util.digester.Digester   :   Fire body() for ObjectCreateRule[className=org.apache.tomcat.util.modeler.OperationInfo, attributeName=null]
2023-01-04 17:44:52.673 DEBUG 3888 --- [kground-preinit] o.apache.tomcat.util.digester.Digester   :   Fire body() for SetPropertiesRule[]
2023-01-04 17:44:52.673 DEBUG 3888 --- [kground-preinit] o.apache.tomcat.util.digester.Digester   :   Fire body() for SetNextRule[methodName=addOperation, paramType=org.apache.tomcat.util.modeler.OperationInfo]
2023-01-04 17:44:52.673 DEBUG 3888 --- [kground-preinit] o.apache.tomcat.util.digester.Digester   :   Fire end() for SetNextRule[methodName=addOperation, paramType=org.apache.tomcat.util.modeler.OperationInfo]
2023-01-04 17:44:52.673 DEBUG 3888 --- [kground-preinit] o.apache.tomcat.util.digester.Digester   : [SetNextRule]{mbeans-descriptors/mbean/operation} Call org.apache.tomcat.util.modeler.ManagedBean.addOperation(org.apache.tomcat.util.modeler.OperationInfo@4ac5602)
2023-01-04 17:44:52.673 DEBUG 3888 --- [kground-preinit] o.apache.tomcat.util.IntrospectionUtils  : IntrospectionUtils: callMethod1 org.apache.tomcat.util.modeler.ManagedBean org.apache.tomcat.util.modeler.OperationInfo org.apache.tomcat.util.modeler.OperationInfo
2023-01-04 17:44:52.673 DEBUG 3888 --- [kground-preinit] o.apache.tomcat.util.digester.Digester   :   Fire end() for SetPropertiesRule[]
2023-01-04 17:44:52.674 DEBUG 3888 --- [kground-preinit] o.apache.tomcat.util.digester.Digester   :   Fire end() for ObjectCreateRule[className=org.apache.tomcat.util.modeler.OperationInfo, attributeName=null]
2023-01-04 17:44:52.674 DEBUG 3888 --- [kground-preinit] o.apache.tomcat.util.digester.Digester   : [ObjectCreateRule]{mbeans-descriptors/mbean/operation} Pop org.apache.tomcat.util.modeler.OperationInfo
2023-01-04 17:44:52.674 DEBUG 3888 --- [kground-preinit] o.a.tomcat.util.digester.Digester.sax    : characters(

    )
2023-01-04 17:44:52.674 DEBUG 3888 --- [kground-preinit] o.a.tomcat.util.digester.Digester.sax    : startElement(,,operation)
2023-01-04 17:44:52.674 DEBUG 3888 --- [kground-preinit] o.apache.tomcat.util.digester.Digester   :   New match='mbeans-descriptors/mbean/operation'
2023-01-04 17:44:52.674 DEBUG 3888 --- [kground-preinit] o.apache.tomcat.util.digester.Digester   :   Fire begin() for ObjectCreateRule[className=org.apache.tomcat.util.modeler.OperationInfo, attributeName=null]
2023-01-04 17:44:52.675 DEBUG 3888 --- [kground-preinit] o.apache.tomcat.util.digester.Digester   : [ObjectCreateRule]{mbeans-descriptors/mbean/operation}New org.apache.tomcat.util.modeler.OperationInfo
2023-01-04 17:44:52.673 DEBUG 3888 --- [           main] o.s.b.f.s.DefaultListableBeanFactory     : Returning cached instance of singleton bean 'autoConfigurationReport'
2023-01-04 17:44:52.675 DEBUG 3888 --- [           main] a.ConfigurationClassBeanDefinitionReader : Registering bean definition for @Bean method org.springframework.boot.autoconfigure.web.servlet.HttpEncodingAutoConfiguration.characterEncodingFilter()
2023-01-04 17:44:52.675 DEBUG 3888 --- [           main] a.ConfigurationClassBeanDefinitionReader : Registering bean definition for @Bean method org.springframework.boot.autoconfigure.web.servlet.HttpEncodingAutoConfiguration.localeCharsetMappingsCustomizer()
2023-01-04 17:44:52.675 DEBUG 3888 --- [kground-preinit] o.apache.tomcat.util.digester.Digester   :   Fire begin() for SetPropertiesRule[]
2023-01-04 17:44:52.675 DEBUG 3888 --- [kground-preinit] o.apache.tomcat.util.digester.Digester   : [SetPropertiesRule]{mbeans-descriptors/mbean/operation} Set org.apache.tomcat.util.modeler.OperationInfo properties
2023-01-04 17:44:52.676 DEBUG 3888 --- [           main] o.s.b.f.s.DefaultListableBeanFactory     : Returning cached instance of singleton bean 'autoConfigurationReport'
2023-01-04 17:44:52.676 DEBUG 3888 --- [           main] o.s.b.f.s.DefaultListableBeanFactory     : Returning cached instance of singleton bean 'autoConfigurationReport'
2023-01-04 17:44:52.676 DEBUG 3888 --- [kground-preinit] o.apache.tomcat.util.digester.Digester   : [SetPropertiesRule]{mbeans-descriptors/mbean/operation} Setting property 'name' to 'createStandardContext'
2023-01-04 17:44:52.676 DEBUG 3888 --- [kground-preinit] o.apache.tomcat.util.IntrospectionUtils  : IntrospectionUtils: setProperty(class org.apache.tomcat.util.modeler.OperationInfo name=createStandardContext)
2023-01-04 17:44:52.677 DEBUG 3888 --- [kground-preinit] o.apache.tomcat.util.digester.Digester   : [SetPropertiesRule]{mbeans-descriptors/mbean/operation} Setting property 'description' to 'Create a new StandardContext'
2023-01-04 17:44:52.677 DEBUG 3888 --- [           main] o.s.b.f.s.DefaultListableBeanFactory     : Returning cached instance of singleton bean 'autoConfigurationReport'
2023-01-04 17:44:52.677 DEBUG 3888 --- [kground-preinit] o.apache.tomcat.util.IntrospectionUtils  : IntrospectionUtils: setProperty(class org.apache.tomcat.util.modeler.OperationInfo description=Create a new StandardContext)
2023-01-04 17:44:52.678 DEBUG 3888 --- [kground-preinit] o.apache.tomcat.util.digester.Digester   : [SetPropertiesRule]{mbeans-descriptors/mbean/operation} Setting property 'impact' to 'ACTION'
2023-01-04 17:44:52.678 DEBUG 3888 --- [kground-preinit] o.apache.tomcat.util.IntrospectionUtils  : IntrospectionUtils: setProperty(class org.apache.tomcat.util.modeler.OperationInfo impact=ACTION)
2023-01-04 17:44:52.678 DEBUG 3888 --- [           main] a.ConfigurationClassBeanDefinitionReader : Registered bean definition for imported class 'org.springframework.boot.autoconfigure.web.servlet.MultipartAutoConfiguration'
2023-01-04 17:44:52.678 DEBUG 3888 --- [kground-preinit] o.apache.tomcat.util.digester.Digester   : [SetPropertiesRule]{mbeans-descriptors/mbean/operation} Setting property 'returnType' to 'java.lang.String'
2023-01-04 17:44:52.678 DEBUG 3888 --- [kground-preinit] o.apache.tomcat.util.IntrospectionUtils  : IntrospectionUtils: setProperty(class org.apache.tomcat.util.modeler.OperationInfo returnType=java.lang.String)
2023-01-04 17:44:52.678 DEBUG 3888 --- [kground-preinit] o.apache.tomcat.util.digester.Digester   :   Fire begin() for SetNextRule[methodName=addOperation, paramType=org.apache.tomcat.util.modeler.OperationInfo]
2023-01-04 17:44:52.678 DEBUG 3888 --- [kground-preinit] o.a.tomcat.util.digester.Digester.sax    : characters(
      )
2023-01-04 17:44:52.679 DEBUG 3888 --- [kground-preinit] o.a.tomcat.util.digester.Digester.sax    : startElement(,,parameter)
2023-01-04 17:44:52.679 DEBUG 3888 --- [kground-preinit] o.apache.tomcat.util.digester.Digester   :   New match='mbeans-descriptors/mbean/operation/parameter'
2023-01-04 17:44:52.679 DEBUG 3888 --- [kground-preinit] o.apache.tomcat.util.digester.Digester   :   Fire begin() for ObjectCreateRule[className=org.apache.tomcat.util.modeler.ParameterInfo, attributeName=null]
2023-01-04 17:44:52.679 DEBUG 3888 --- [kground-preinit] o.apache.tomcat.util.digester.Digester   : [ObjectCreateRule]{mbeans-descriptors/mbean/operation/parameter}New org.apache.tomcat.util.modeler.ParameterInfo
2023-01-04 17:44:52.679 DEBUG 3888 --- [kground-preinit] o.apache.tomcat.util.digester.Digester   :   Fire begin() for SetPropertiesRule[]
2023-01-04 17:44:52.679 DEBUG 3888 --- [kground-preinit] o.apache.tomcat.util.digester.Digester   : [SetPropertiesRule]{mbeans-descriptors/mbean/operation/parameter} Set org.apache.tomcat.util.modeler.ParameterInfo properties
2023-01-04 17:44:52.679 DEBUG 3888 --- [kground-preinit] o.apache.tomcat.util.digester.Digester   : [SetPropertiesRule]{mbeans-descriptors/mbean/operation/parameter} Setting property 'name' to 'parent'
2023-01-04 17:44:52.679 DEBUG 3888 --- [kground-preinit] o.apache.tomcat.util.IntrospectionUtils  : IntrospectionUtils: setProperty(class org.apache.tomcat.util.modeler.ParameterInfo name=parent)
2023-01-04 17:44:52.680 DEBUG 3888 --- [kground-preinit] o.apache.tomcat.util.digester.Digester   : [SetPropertiesRule]{mbeans-descriptors/mbean/operation/parameter} Setting property 'description' to 'MBean Name of the associated parent component'
2023-01-04 17:44:52.680 DEBUG 3888 --- [kground-preinit] o.apache.tomcat.util.IntrospectionUtils  : IntrospectionUtils: setProperty(class org.apache.tomcat.util.modeler.ParameterInfo description=MBean Name of the associated parent component)
2023-01-04 17:44:52.680 DEBUG 3888 --- [kground-preinit] o.apache.tomcat.util.digester.Digester   : [SetPropertiesRule]{mbeans-descriptors/mbean/operation/parameter} Setting property 'type' to 'java.lang.String'
2023-01-04 17:44:52.680 DEBUG 3888 --- [kground-preinit] o.apache.tomcat.util.IntrospectionUtils  : IntrospectionUtils: setProperty(class org.apache.tomcat.util.modeler.ParameterInfo type=java.lang.String)
2023-01-04 17:44:52.680 DEBUG 3888 --- [kground-preinit] o.apache.tomcat.util.digester.Digester   :   Fire begin() for SetNextRule[methodName=addParameter, paramType=org.apache.tomcat.util.modeler.ParameterInfo]
2023-01-04 17:44:52.680 DEBUG 3888 --- [kground-preinit] o.a.tomcat.util.digester.Digester.sax    : endElement(,,parameter)
2023-01-04 17:44:52.680 DEBUG 3888 --- [kground-preinit] o.apache.tomcat.util.digester.Digester   :   match='mbeans-descriptors/mbean/operation/parameter'
2023-01-04 17:44:52.680 DEBUG 3888 --- [kground-preinit] o.apache.tomcat.util.digester.Digester   :   bodyText=''
2023-01-04 17:44:52.680 DEBUG 3888 --- [kground-preinit] o.apache.tomcat.util.digester.Digester   :   Fire body() for ObjectCreateRule[className=org.apache.tomcat.util.modeler.ParameterInfo, attributeName=null]
2023-01-04 17:44:52.680 DEBUG 3888 --- [kground-preinit] o.apache.tomcat.util.digester.Digester   :   Fire body() for SetPropertiesRule[]
2023-01-04 17:44:52.681 DEBUG 3888 --- [kground-preinit] o.apache.tomcat.util.digester.Digester   :   Fire body() for SetNextRule[methodName=addParameter, paramType=org.apache.tomcat.util.modeler.ParameterInfo]
2023-01-04 17:44:52.681 DEBUG 3888 --- [kground-preinit] o.apache.tomcat.util.digester.Digester   :   Fire end() for SetNextRule[methodName=addParameter, paramType=org.apache.tomcat.util.modeler.ParameterInfo]
2023-01-04 17:44:52.681 DEBUG 3888 --- [kground-preinit] o.apache.tomcat.util.digester.Digester   : [SetNextRule]{mbeans-descriptors/mbean/operation/parameter} Call org.apache.tomcat.util.modeler.OperationInfo.addParameter(org.apache.tomcat.util.modeler.ParameterInfo@7359bcb8)
2023-01-04 17:44:52.681 DEBUG 3888 --- [kground-preinit] o.apache.tomcat.util.IntrospectionUtils  : IntrospectionUtils: callMethod1 org.apache.tomcat.util.modeler.OperationInfo org.apache.tomcat.util.modeler.ParameterInfo org.apache.tomcat.util.modeler.ParameterInfo
2023-01-04 17:44:52.681 DEBUG 3888 --- [kground-preinit] o.apache.tomcat.util.digester.Digester   :   Fire end() for SetPropertiesRule[]
2023-01-04 17:44:52.681 DEBUG 3888 --- [kground-preinit] o.apache.tomcat.util.digester.Digester   :   Fire end() for ObjectCreateRule[className=org.apache.tomcat.util.modeler.ParameterInfo, attributeName=null]
2023-01-04 17:44:52.681 DEBUG 3888 --- [kground-preinit] o.apache.tomcat.util.digester.Digester   : [ObjectCreateRule]{mbeans-descriptors/mbean/operation/parameter} Pop org.apache.tomcat.util.modeler.ParameterInfo
2023-01-04 17:44:52.681 DEBUG 3888 --- [kground-preinit] o.a.tomcat.util.digester.Digester.sax    : characters(
      )
2023-01-04 17:44:52.682 DEBUG 3888 --- [kground-preinit] o.a.tomcat.util.digester.Digester.sax    : startElement(,,parameter)
2023-01-04 17:44:52.682 DEBUG 3888 --- [kground-preinit] o.apache.tomcat.util.digester.Digester   :   New match='mbeans-descriptors/mbean/operation/parameter'
2023-01-04 17:44:52.682 DEBUG 3888 --- [kground-preinit] o.apache.tomcat.util.digester.Digester   :   Fire begin() for ObjectCreateRule[className=org.apache.tomcat.util.modeler.ParameterInfo, attributeName=null]
2023-01-04 17:44:52.682 DEBUG 3888 --- [kground-preinit] o.apache.tomcat.util.digester.Digester   : [ObjectCreateRule]{mbeans-descriptors/mbean/operation/parameter}New org.apache.tomcat.util.modeler.ParameterInfo
2023-01-04 17:44:52.682 DEBUG 3888 --- [kground-preinit] o.apache.tomcat.util.digester.Digester   :   Fire begin() for SetPropertiesRule[]
2023-01-04 17:44:52.682 DEBUG 3888 --- [kground-preinit] o.apache.tomcat.util.digester.Digester   : [SetPropertiesRule]{mbeans-descriptors/mbean/operation/parameter} Set org.apache.tomcat.util.modeler.ParameterInfo properties
2023-01-04 17:44:52.682 DEBUG 3888 --- [kground-preinit] o.apache.tomcat.util.digester.Digester   : [SetPropertiesRule]{mbeans-descriptors/mbean/operation/parameter} Setting property 'name' to 'path'
2023-01-04 17:44:52.683 DEBUG 3888 --- [kground-preinit] o.apache.tomcat.util.IntrospectionUtils  : IntrospectionUtils: setProperty(class org.apache.tomcat.util.modeler.ParameterInfo name=path)
2023-01-04 17:44:52.683 DEBUG 3888 --- [kground-preinit] o.apache.tomcat.util.digester.Digester   : [SetPropertiesRule]{mbeans-descriptors/mbean/operation/parameter} Setting property 'description' to 'The context path for this Context'
2023-01-04 17:44:52.683 DEBUG 3888 --- [kground-preinit] o.apache.tomcat.util.IntrospectionUtils  : IntrospectionUtils: setProperty(class org.apache.tomcat.util.modeler.ParameterInfo description=The context path for this Context)
2023-01-04 17:44:52.683 DEBUG 3888 --- [kground-preinit] o.apache.tomcat.util.digester.Digester   : [SetPropertiesRule]{mbeans-descriptors/mbean/operation/parameter} Setting property 'type' to 'java.lang.String'
2023-01-04 17:44:52.683 DEBUG 3888 --- [kground-preinit] o.apache.tomcat.util.IntrospectionUtils  : IntrospectionUtils: setProperty(class org.apache.tomcat.util.modeler.ParameterInfo type=java.lang.String)
2023-01-04 17:44:52.683 DEBUG 3888 --- [kground-preinit] o.apache.tomcat.util.digester.Digester   :   Fire begin() for SetNextRule[methodName=addParameter, paramType=org.apache.tomcat.util.modeler.ParameterInfo]
2023-01-04 17:44:52.683 DEBUG 3888 --- [kground-preinit] o.a.tomcat.util.digester.Digester.sax    : endElement(,,parameter)
2023-01-04 17:44:52.683 DEBUG 3888 --- [kground-preinit] o.apache.tomcat.util.digester.Digester   :   match='mbeans-descriptors/mbean/operation/parameter'
2023-01-04 17:44:52.683 DEBUG 3888 --- [kground-preinit] o.apache.tomcat.util.digester.Digester   :   bodyText=''
2023-01-04 17:44:52.683 DEBUG 3888 --- [kground-preinit] o.apache.tomcat.util.digester.Digester   :   Fire body() for ObjectCreateRule[className=org.apache.tomcat.util.modeler.ParameterInfo, attributeName=null]
2023-01-04 17:44:52.683 DEBUG 3888 --- [kground-preinit] o.apache.tomcat.util.digester.Digester   :   Fire body() for SetPropertiesRule[]
2023-01-04 17:44:52.683 DEBUG 3888 --- [kground-preinit] o.apache.tomcat.util.digester.Digester   :   Fire body() for SetNextRule[methodName=addParameter, paramType=org.apache.tomcat.util.modeler.ParameterInfo]
2023-01-04 17:44:52.683 DEBUG 3888 --- [kground-preinit] o.apache.tomcat.util.digester.Digester   :   Fire end() for SetNextRule[methodName=addParameter, paramType=org.apache.tomcat.util.modeler.ParameterInfo]
2023-01-04 17:44:52.684 DEBUG 3888 --- [kground-preinit] o.apache.tomcat.util.digester.Digester   : [SetNextRule]{mbeans-descriptors/mbean/operation/parameter} Call org.apache.tomcat.util.modeler.OperationInfo.addParameter(org.apache.tomcat.util.modeler.ParameterInfo@1470193b)
2023-01-04 17:44:52.684 DEBUG 3888 --- [kground-preinit] o.apache.tomcat.util.IntrospectionUtils  : IntrospectionUtils: callMethod1 org.apache.tomcat.util.modeler.OperationInfo org.apache.tomcat.util.modeler.ParameterInfo org.apache.tomcat.util.modeler.ParameterInfo
2023-01-04 17:44:52.684 DEBUG 3888 --- [kground-preinit] o.apache.tomcat.util.digester.Digester   :   Fire end() for SetPropertiesRule[]
2023-01-04 17:44:52.684 DEBUG 3888 --- [kground-preinit] o.apache.tomcat.util.digester.Digester   :   Fire end() for ObjectCreateRule[className=org.apache.tomcat.util.modeler.ParameterInfo, attributeName=null]
2023-01-04 17:44:52.684 DEBUG 3888 --- [kground-preinit] o.apache.tomcat.util.digester.Digester   : [ObjectCreateRule]{mbeans-descriptors/mbean/operation/parameter} Pop org.apache.tomcat.util.modeler.ParameterInfo
2023-01-04 17:44:52.684 DEBUG 3888 --- [kground-preinit] o.a.tomcat.util.digester.Digester.sax    : characters(
      )
2023-01-04 17:44:52.684 DEBUG 3888 --- [kground-preinit] o.a.tomcat.util.digester.Digester.sax    : startElement(,,parameter)
2023-01-04 17:44:52.684 DEBUG 3888 --- [kground-preinit] o.apache.tomcat.util.digester.Digester   :   New match='mbeans-descriptors/mbean/operation/parameter'
2023-01-04 17:44:52.685 DEBUG 3888 --- [kground-preinit] o.apache.tomcat.util.digester.Digester   :   Fire begin() for ObjectCreateRule[className=org.apache.tomcat.util.modeler.ParameterInfo, attributeName=null]
2023-01-04 17:44:52.685 DEBUG 3888 --- [kground-preinit] o.apache.tomcat.util.digester.Digester   : [ObjectCreateRule]{mbeans-descriptors/mbean/operation/parameter}New org.apache.tomcat.util.modeler.ParameterInfo
2023-01-04 17:44:52.685 DEBUG 3888 --- [kground-preinit] o.apache.tomcat.util.digester.Digester   :   Fire begin() for SetPropertiesRule[]
2023-01-04 17:44:52.685 DEBUG 3888 --- [kground-preinit] o.apache.tomcat.util.digester.Digester   : [SetPropertiesRule]{mbeans-descriptors/mbean/operation/parameter} Set org.apache.tomcat.util.modeler.ParameterInfo properties
2023-01-04 17:44:52.685 DEBUG 3888 --- [kground-preinit] o.apache.tomcat.util.digester.Digester   : [SetPropertiesRule]{mbeans-descriptors/mbean/operation/parameter} Setting property 'name' to 'docBase'
2023-01-04 17:44:52.685 DEBUG 3888 --- [kground-preinit] o.apache.tomcat.util.IntrospectionUtils  : IntrospectionUtils: setProperty(class org.apache.tomcat.util.modeler.ParameterInfo name=docBase)
2023-01-04 17:44:52.685 DEBUG 3888 --- [kground-preinit] o.apache.tomcat.util.digester.Digester   : [SetPropertiesRule]{mbeans-descriptors/mbean/operation/parameter} Setting property 'description' to 'Document base directory (or WAR) for this Context'
2023-01-04 17:44:52.685 DEBUG 3888 --- [kground-preinit] o.apache.tomcat.util.IntrospectionUtils  : IntrospectionUtils: setProperty(class org.apache.tomcat.util.modeler.ParameterInfo description=Document base directory (or WAR) for this Context)
2023-01-04 17:44:52.685 DEBUG 3888 --- [kground-preinit] o.apache.tomcat.util.digester.Digester   : [SetPropertiesRule]{mbeans-descriptors/mbean/operation/parameter} Setting property 'type' to 'java.lang.String'
2023-01-04 17:44:52.685 DEBUG 3888 --- [kground-preinit] o.apache.tomcat.util.IntrospectionUtils  : IntrospectionUtils: setProperty(class org.apache.tomcat.util.modeler.ParameterInfo type=java.lang.String)
2023-01-04 17:44:52.685 DEBUG 3888 --- [kground-preinit] o.apache.tomcat.util.digester.Digester   :   Fire begin() for SetNextRule[methodName=addParameter, paramType=org.apache.tomcat.util.modeler.ParameterInfo]
2023-01-04 17:44:52.685 DEBUG 3888 --- [kground-preinit] o.a.tomcat.util.digester.Digester.sax    : endElement(,,parameter)
2023-01-04 17:44:52.685 DEBUG 3888 --- [kground-preinit] o.apache.tomcat.util.digester.Digester   :   match='mbeans-descriptors/mbean/operation/parameter'
2023-01-04 17:44:52.685 DEBUG 3888 --- [kground-preinit] o.apache.tomcat.util.digester.Digester   :   bodyText=''
2023-01-04 17:44:52.686 DEBUG 3888 --- [kground-preinit] o.apache.tomcat.util.digester.Digester   :   Fire body() for ObjectCreateRule[className=org.apache.tomcat.util.modeler.ParameterInfo, attributeName=null]
2023-01-04 17:44:52.686 DEBUG 3888 --- [kground-preinit] o.apache.tomcat.util.digester.Digester   :   Fire body() for SetPropertiesRule[]
2023-01-04 17:44:52.686 DEBUG 3888 --- [kground-preinit] o.apache.tomcat.util.digester.Digester   :   Fire body() for SetNextRule[methodName=addParameter, paramType=org.apache.tomcat.util.modeler.ParameterInfo]
2023-01-04 17:44:52.686 DEBUG 3888 --- [kground-preinit] o.apache.tomcat.util.digester.Digester   :   Fire end() for SetNextRule[methodName=addParameter, paramType=org.apache.tomcat.util.modeler.ParameterInfo]
2023-01-04 17:44:52.686 DEBUG 3888 --- [kground-preinit] o.apache.tomcat.util.digester.Digester   : [SetNextRule]{mbeans-descriptors/mbean/operation/parameter} Call org.apache.tomcat.util.modeler.OperationInfo.addParameter(org.apache.tomcat.util.modeler.ParameterInfo@7de41b85)
2023-01-04 17:44:52.686 DEBUG 3888 --- [kground-preinit] o.apache.tomcat.util.IntrospectionUtils  : IntrospectionUtils: callMethod1 org.apache.tomcat.util.modeler.OperationInfo org.apache.tomcat.util.modeler.ParameterInfo org.apache.tomcat.util.modeler.ParameterInfo
2023-01-04 17:44:52.686 DEBUG 3888 --- [kground-preinit] o.apache.tomcat.util.digester.Digester   :   Fire end() for SetPropertiesRule[]
2023-01-04 17:44:52.686 DEBUG 3888 --- [kground-preinit] o.apache.tomcat.util.digester.Digester   :   Fire end() for ObjectCreateRule[className=org.apache.tomcat.util.modeler.ParameterInfo, attributeName=null]
2023-01-04 17:44:52.686 DEBUG 3888 --- [kground-preinit] o.apache.tomcat.util.digester.Digester   : [ObjectCreateRule]{mbeans-descriptors/mbean/operation/parameter} Pop org.apache.tomcat.util.modeler.ParameterInfo
2023-01-04 17:44:52.686 DEBUG 3888 --- [kground-preinit] o.a.tomcat.util.digester.Digester.sax    : characters(
    )
2023-01-04 17:44:52.686 DEBUG 3888 --- [kground-preinit] o.a.tomcat.util.digester.Digester.sax    : endElement(,,operation)
2023-01-04 17:44:52.686 DEBUG 3888 --- [kground-preinit] o.apache.tomcat.util.digester.Digester   :   match='mbeans-descriptors/mbean/operation'
2023-01-04 17:44:52.686 DEBUG 3888 --- [kground-preinit] o.apache.tomcat.util.digester.Digester   :   bodyText='
      
      
      
    '
2023-01-04 17:44:52.686 DEBUG 3888 --- [kground-preinit] o.apache.tomcat.util.digester.Digester   :   Fire body() for ObjectCreateRule[className=org.apache.tomcat.util.modeler.OperationInfo, attributeName=null]
2023-01-04 17:44:52.687 DEBUG 3888 --- [kground-preinit] o.apache.tomcat.util.digester.Digester   :   Fire body() for SetPropertiesRule[]
2023-01-04 17:44:52.687 DEBUG 3888 --- [kground-preinit] o.apache.tomcat.util.digester.Digester   :   Fire body() for SetNextRule[methodName=addOperation, paramType=org.apache.tomcat.util.modeler.OperationInfo]
2023-01-04 17:44:52.687 DEBUG 3888 --- [kground-preinit] o.apache.tomcat.util.digester.Digester   :   Fire end() for SetNextRule[methodName=addOperation, paramType=org.apache.tomcat.util.modeler.OperationInfo]
2023-01-04 17:44:52.687 DEBUG 3888 --- [kground-preinit] o.apache.tomcat.util.digester.Digester   : [SetNextRule]{mbeans-descriptors/mbean/operation} Call org.apache.tomcat.util.modeler.ManagedBean.addOperation(org.apache.tomcat.util.modeler.OperationInfo@1b1e5e7d)
2023-01-04 17:44:52.687 DEBUG 3888 --- [kground-preinit] o.apache.tomcat.util.IntrospectionUtils  : IntrospectionUtils: callMethod1 org.apache.tomcat.util.modeler.ManagedBean org.apache.tomcat.util.modeler.OperationInfo org.apache.tomcat.util.modeler.OperationInfo
2023-01-04 17:44:52.687 DEBUG 3888 --- [kground-preinit] o.apache.tomcat.util.digester.Digester   :   Fire end() for SetPropertiesRule[]
2023-01-04 17:44:52.687 DEBUG 3888 --- [kground-preinit] o.apache.tomcat.util.digester.Digester   :   Fire end() for ObjectCreateRule[className=org.apache.tomcat.util.modeler.OperationInfo, attributeName=null]
2023-01-04 17:44:52.687 DEBUG 3888 --- [kground-preinit] o.apache.tomcat.util.digester.Digester   : [ObjectCreateRule]{mbeans-descriptors/mbean/operation} Pop org.apache.tomcat.util.modeler.OperationInfo
2023-01-04 17:44:52.687 DEBUG 3888 --- [kground-preinit] o.a.tomcat.util.digester.Digester.sax    : characters(

    )
2023-01-04 17:44:52.687 DEBUG 3888 --- [kground-preinit] o.a.tomcat.util.digester.Digester.sax    : startElement(,,operation)
2023-01-04 17:44:52.688 DEBUG 3888 --- [kground-preinit] o.apache.tomcat.util.digester.Digester   :   New match='mbeans-descriptors/mbean/operation'
2023-01-04 17:44:52.688 DEBUG 3888 --- [kground-preinit] o.apache.tomcat.util.digester.Digester   :   Fire begin() for ObjectCreateRule[className=org.apache.tomcat.util.modeler.OperationInfo, attributeName=null]
2023-01-04 17:44:52.688 DEBUG 3888 --- [kground-preinit] o.apache.tomcat.util.digester.Digester   : [ObjectCreateRule]{mbeans-descriptors/mbean/operation}New org.apache.tomcat.util.modeler.OperationInfo
2023-01-04 17:44:52.688 DEBUG 3888 --- [kground-preinit] o.apache.tomcat.util.digester.Digester   :   Fire begin() for SetPropertiesRule[]
2023-01-04 17:44:52.688 DEBUG 3888 --- [kground-preinit] o.apache.tomcat.util.digester.Digester   : [SetPropertiesRule]{mbeans-descriptors/mbean/operation} Set org.apache.tomcat.util.modeler.OperationInfo properties
2023-01-04 17:44:52.688 DEBUG 3888 --- [kground-preinit] o.apache.tomcat.util.digester.Digester   : [SetPropertiesRule]{mbeans-descriptors/mbean/operation} Setting property 'name' to 'createStandardServiceEngine'
2023-01-04 17:44:52.689 DEBUG 3888 --- [kground-preinit] o.apache.tomcat.util.IntrospectionUtils  : IntrospectionUtils: setProperty(class org.apache.tomcat.util.modeler.OperationInfo name=createStandardServiceEngine)
2023-01-04 17:44:52.689 DEBUG 3888 --- [kground-preinit] o.apache.tomcat.util.digester.Digester   : [SetPropertiesRule]{mbeans-descriptors/mbean/operation} Setting property 'description' to 'Create a new StandardService and StandardEngine'
2023-01-04 17:44:52.689 DEBUG 3888 --- [kground-preinit] o.apache.tomcat.util.IntrospectionUtils  : IntrospectionUtils: setProperty(class org.apache.tomcat.util.modeler.OperationInfo description=Create a new StandardService and StandardEngine)
2023-01-04 17:44:52.689 DEBUG 3888 --- [kground-preinit] o.apache.tomcat.util.digester.Digester   : [SetPropertiesRule]{mbeans-descriptors/mbean/operation} Setting property 'impact' to 'ACTION'
2023-01-04 17:44:52.689 DEBUG 3888 --- [kground-preinit] o.apache.tomcat.util.IntrospectionUtils  : IntrospectionUtils: setProperty(class org.apache.tomcat.util.modeler.OperationInfo impact=ACTION)
2023-01-04 17:44:52.689 DEBUG 3888 --- [kground-preinit] o.apache.tomcat.util.digester.Digester   : [SetPropertiesRule]{mbeans-descriptors/mbean/operation} Setting property 'returnType' to 'java.lang.String'
2023-01-04 17:44:52.689 DEBUG 3888 --- [kground-preinit] o.apache.tomcat.util.IntrospectionUtils  : IntrospectionUtils: setProperty(class org.apache.tomcat.util.modeler.OperationInfo returnType=java.lang.String)
2023-01-04 17:44:52.689 DEBUG 3888 --- [kground-preinit] o.apache.tomcat.util.digester.Digester   :   Fire begin() for SetNextRule[methodName=addOperation, paramType=org.apache.tomcat.util.modeler.OperationInfo]
2023-01-04 17:44:52.689 DEBUG 3888 --- [kground-preinit] o.a.tomcat.util.digester.Digester.sax    : characters(
      )
2023-01-04 17:44:52.690 DEBUG 3888 --- [kground-preinit] o.a.tomcat.util.digester.Digester.sax    : startElement(,,parameter)
2023-01-04 17:44:52.690 DEBUG 3888 --- [kground-preinit] o.apache.tomcat.util.digester.Digester   :   New match='mbeans-descriptors/mbean/operation/parameter'
2023-01-04 17:44:52.690 DEBUG 3888 --- [kground-preinit] o.apache.tomcat.util.digester.Digester   :   Fire begin() for ObjectCreateRule[className=org.apache.tomcat.util.modeler.ParameterInfo, attributeName=null]
2023-01-04 17:44:52.690 DEBUG 3888 --- [kground-preinit] o.apache.tomcat.util.digester.Digester   : [ObjectCreateRule]{mbeans-descriptors/mbean/operation/parameter}New org.apache.tomcat.util.modeler.ParameterInfo
2023-01-04 17:44:52.690 DEBUG 3888 --- [kground-preinit] o.apache.tomcat.util.digester.Digester   :   Fire begin() for SetPropertiesRule[]
2023-01-04 17:44:52.690 DEBUG 3888 --- [kground-preinit] o.apache.tomcat.util.digester.Digester   : [SetPropertiesRule]{mbeans-descriptors/mbean/operation/parameter} Set org.apache.tomcat.util.modeler.ParameterInfo properties
2023-01-04 17:44:52.690 DEBUG 3888 --- [kground-preinit] o.apache.tomcat.util.digester.Digester   : [SetPropertiesRule]{mbeans-descriptors/mbean/operation/parameter} Setting property 'name' to 'domain'
2023-01-04 17:44:52.691 DEBUG 3888 --- [kground-preinit] o.apache.tomcat.util.IntrospectionUtils  : IntrospectionUtils: setProperty(class org.apache.tomcat.util.modeler.ParameterInfo name=domain)
2023-01-04 17:44:52.691 DEBUG 3888 --- [kground-preinit] o.apache.tomcat.util.digester.Digester   : [SetPropertiesRule]{mbeans-descriptors/mbean/operation/parameter} Setting property 'description' to 'Domain used for MBeans associated with the new Service'
2023-01-04 17:44:52.691 DEBUG 3888 --- [kground-preinit] o.apache.tomcat.util.IntrospectionUtils  : IntrospectionUtils: setProperty(class org.apache.tomcat.util.modeler.ParameterInfo description=Domain used for MBeans associated with the new Service)
2023-01-04 17:44:52.691 DEBUG 3888 --- [kground-preinit] o.apache.tomcat.util.digester.Digester   : [SetPropertiesRule]{mbeans-descriptors/mbean/operation/parameter} Setting property 'type' to 'java.lang.String'
2023-01-04 17:44:52.692 DEBUG 3888 --- [kground-preinit] o.apache.tomcat.util.IntrospectionUtils  : IntrospectionUtils: setProperty(class org.apache.tomcat.util.modeler.ParameterInfo type=java.lang.String)
2023-01-04 17:44:52.692 DEBUG 3888 --- [kground-preinit] o.apache.tomcat.util.digester.Digester   :   Fire begin() for SetNextRule[methodName=addParameter, paramType=org.apache.tomcat.util.modeler.ParameterInfo]
2023-01-04 17:44:52.693 DEBUG 3888 --- [kground-preinit] o.a.tomcat.util.digester.Digester.sax    : endElement(,,parameter)
2023-01-04 17:44:52.693 DEBUG 3888 --- [kground-preinit] o.apache.tomcat.util.digester.Digester   :   match='mbeans-descriptors/mbean/operation/parameter'
2023-01-04 17:44:52.694 DEBUG 3888 --- [kground-preinit] o.apache.tomcat.util.digester.Digester   :   bodyText=''
2023-01-04 17:44:52.694 DEBUG 3888 --- [kground-preinit] o.apache.tomcat.util.digester.Digester   :   Fire body() for ObjectCreateRule[className=org.apache.tomcat.util.modeler.ParameterInfo, attributeName=null]
2023-01-04 17:44:52.694 DEBUG 3888 --- [kground-preinit] o.apache.tomcat.util.digester.Digester   :   Fire body() for SetPropertiesRule[]
2023-01-04 17:44:52.694 DEBUG 3888 --- [kground-preinit] o.apache.tomcat.util.digester.Digester   :   Fire body() for SetNextRule[methodName=addParameter, paramType=org.apache.tomcat.util.modeler.ParameterInfo]
2023-01-04 17:44:52.694 DEBUG 3888 --- [kground-preinit] o.apache.tomcat.util.digester.Digester   :   Fire end() for SetNextRule[methodName=addParameter, paramType=org.apache.tomcat.util.modeler.ParameterInfo]
2023-01-04 17:44:52.694 DEBUG 3888 --- [kground-preinit] o.apache.tomcat.util.digester.Digester   : [SetNextRule]{mbeans-descriptors/mbean/operation/parameter} Call org.apache.tomcat.util.modeler.OperationInfo.addParameter(org.apache.tomcat.util.modeler.ParameterInfo@259c9dda)
2023-01-04 17:44:52.694 DEBUG 3888 --- [kground-preinit] o.apache.tomcat.util.IntrospectionUtils  : IntrospectionUtils: callMethod1 org.apache.tomcat.util.modeler.OperationInfo org.apache.tomcat.util.modeler.ParameterInfo org.apache.tomcat.util.modeler.ParameterInfo
2023-01-04 17:44:52.694 DEBUG 3888 --- [kground-preinit] o.apache.tomcat.util.digester.Digester   :   Fire end() for SetPropertiesRule[]
2023-01-04 17:44:52.694 DEBUG 3888 --- [kground-preinit] o.apache.tomcat.util.digester.Digester   :   Fire end() for ObjectCreateRule[className=org.apache.tomcat.util.modeler.ParameterInfo, attributeName=null]
2023-01-04 17:44:52.695 DEBUG 3888 --- [kground-preinit] o.apache.tomcat.util.digester.Digester   : [ObjectCreateRule]{mbeans-descriptors/mbean/operation/parameter} Pop org.apache.tomcat.util.modeler.ParameterInfo
2023-01-04 17:44:52.695 DEBUG 3888 --- [kground-preinit] o.a.tomcat.util.digester.Digester.sax    : characters(
      )
2023-01-04 17:44:52.694 DEBUG 3888 --- [           main] o.s.b.f.s.DefaultListableBeanFactory     : Returning cached instance of singleton bean 'org.springframework.boot.autoconfigure.condition.BeanTypeRegistry'
2023-01-04 17:44:52.695 DEBUG 3888 --- [kground-preinit] o.a.tomcat.util.digester.Digester.sax    : startElement(,,parameter)
2023-01-04 17:44:52.695 DEBUG 3888 --- [kground-preinit] o.apache.tomcat.util.digester.Digester   :   New match='mbeans-descriptors/mbean/operation/parameter'
2023-01-04 17:44:52.695 DEBUG 3888 --- [kground-preinit] o.apache.tomcat.util.digester.Digester   :   Fire begin() for ObjectCreateRule[className=org.apache.tomcat.util.modeler.ParameterInfo, attributeName=null]
2023-01-04 17:44:52.695 DEBUG 3888 --- [kground-preinit] o.apache.tomcat.util.digester.Digester   : [ObjectCreateRule]{mbeans-descriptors/mbean/operation/parameter}New org.apache.tomcat.util.modeler.ParameterInfo
2023-01-04 17:44:52.695 DEBUG 3888 --- [kground-preinit] o.apache.tomcat.util.digester.Digester   :   Fire begin() for SetPropertiesRule[]
2023-01-04 17:44:52.696 DEBUG 3888 --- [kground-preinit] o.apache.tomcat.util.digester.Digester   : [SetPropertiesRule]{mbeans-descriptors/mbean/operation/parameter} Set org.apache.tomcat.util.modeler.ParameterInfo properties
2023-01-04 17:44:52.696 DEBUG 3888 --- [kground-preinit] o.apache.tomcat.util.digester.Digester   : [SetPropertiesRule]{mbeans-descriptors/mbean/operation/parameter} Setting property 'name' to 'defaultHost'
2023-01-04 17:44:52.696 DEBUG 3888 --- [kground-preinit] o.apache.tomcat.util.IntrospectionUtils  : IntrospectionUtils: setProperty(class org.apache.tomcat.util.modeler.ParameterInfo name=defaultHost)
2023-01-04 17:44:52.696 DEBUG 3888 --- [kground-preinit] o.apache.tomcat.util.digester.Digester   : [SetPropertiesRule]{mbeans-descriptors/mbean/operation/parameter} Setting property 'description' to 'Default host name for the new Engine'
2023-01-04 17:44:52.697 DEBUG 3888 --- [kground-preinit] o.apache.tomcat.util.IntrospectionUtils  : IntrospectionUtils: setProperty(class org.apache.tomcat.util.modeler.ParameterInfo description=Default host name for the new Engine)
2023-01-04 17:44:52.697 DEBUG 3888 --- [kground-preinit] o.apache.tomcat.util.digester.Digester   : [SetPropertiesRule]{mbeans-descriptors/mbean/operation/parameter} Setting property 'type' to 'java.lang.String'
2023-01-04 17:44:52.698 DEBUG 3888 --- [kground-preinit] o.apache.tomcat.util.IntrospectionUtils  : IntrospectionUtils: setProperty(class org.apache.tomcat.util.modeler.ParameterInfo type=java.lang.String)
2023-01-04 17:44:52.698 DEBUG 3888 --- [kground-preinit] o.apache.tomcat.util.digester.Digester   :   Fire begin() for SetNextRule[methodName=addParameter, paramType=org.apache.tomcat.util.modeler.ParameterInfo]
2023-01-04 17:44:52.698 DEBUG 3888 --- [kground-preinit] o.a.tomcat.util.digester.Digester.sax    : endElement(,,parameter)
2023-01-04 17:44:52.698 DEBUG 3888 --- [           main] o.s.b.f.s.DefaultListableBeanFactory     : Returning cached instance of singleton bean 'org.springframework.boot.autoconfigure.condition.BeanTypeRegistry'
2023-01-04 17:44:52.698 DEBUG 3888 --- [kground-preinit] o.apache.tomcat.util.digester.Digester   :   match='mbeans-descriptors/mbean/operation/parameter'
2023-01-04 17:44:52.698 DEBUG 3888 --- [kground-preinit] o.apache.tomcat.util.digester.Digester   :   bodyText=''
2023-01-04 17:44:52.698 DEBUG 3888 --- [kground-preinit] o.apache.tomcat.util.digester.Digester   :   Fire body() for ObjectCreateRule[className=org.apache.tomcat.util.modeler.ParameterInfo, attributeName=null]
2023-01-04 17:44:52.698 DEBUG 3888 --- [           main] o.s.b.f.s.DefaultListableBeanFactory     : Returning cached instance of singleton bean 'autoConfigurationReport'
2023-01-04 17:44:52.698 DEBUG 3888 --- [kground-preinit] o.apache.tomcat.util.digester.Digester   :   Fire body() for SetPropertiesRule[]
2023-01-04 17:44:52.698 DEBUG 3888 --- [           main] a.ConfigurationClassBeanDefinitionReader : Registering bean definition for @Bean method org.springframework.boot.autoconfigure.web.servlet.MultipartAutoConfiguration.multipartConfigElement()
2023-01-04 17:44:52.698 DEBUG 3888 --- [kground-preinit] o.apache.tomcat.util.digester.Digester   :   Fire body() for SetNextRule[methodName=addParameter, paramType=org.apache.tomcat.util.modeler.ParameterInfo]
2023-01-04 17:44:52.698 DEBUG 3888 --- [           main] o.s.b.f.s.DefaultListableBeanFactory     : Returning cached instance of singleton bean 'org.springframework.boot.autoconfigure.condition.BeanTypeRegistry'
2023-01-04 17:44:52.699 DEBUG 3888 --- [kground-preinit] o.apache.tomcat.util.digester.Digester   :   Fire end() for SetNextRule[methodName=addParameter, paramType=org.apache.tomcat.util.modeler.ParameterInfo]
2023-01-04 17:44:52.699 DEBUG 3888 --- [kground-preinit] o.apache.tomcat.util.digester.Digester   : [SetNextRule]{mbeans-descriptors/mbean/operation/parameter} Call org.apache.tomcat.util.modeler.OperationInfo.addParameter(org.apache.tomcat.util.modeler.ParameterInfo@31b1e193)
2023-01-04 17:44:52.699 DEBUG 3888 --- [kground-preinit] o.apache.tomcat.util.IntrospectionUtils  : IntrospectionUtils: callMethod1 org.apache.tomcat.util.modeler.OperationInfo org.apache.tomcat.util.modeler.ParameterInfo org.apache.tomcat.util.modeler.ParameterInfo
2023-01-04 17:44:52.699 DEBUG 3888 --- [kground-preinit] o.apache.tomcat.util.digester.Digester   :   Fire end() for SetPropertiesRule[]
2023-01-04 17:44:52.699 DEBUG 3888 --- [kground-preinit] o.apache.tomcat.util.digester.Digester   :   Fire end() for ObjectCreateRule[className=org.apache.tomcat.util.modeler.ParameterInfo, attributeName=null]
2023-01-04 17:44:52.699 DEBUG 3888 --- [kground-preinit] o.apache.tomcat.util.digester.Digester   : [ObjectCreateRule]{mbeans-descriptors/mbean/operation/parameter} Pop org.apache.tomcat.util.modeler.ParameterInfo
2023-01-04 17:44:52.699 DEBUG 3888 --- [kground-preinit] o.a.tomcat.util.digester.Digester.sax    : characters(
      )
2023-01-04 17:44:52.699 DEBUG 3888 --- [kground-preinit] o.a.tomcat.util.digester.Digester.sax    : startElement(,,parameter)
2023-01-04 17:44:52.699 DEBUG 3888 --- [kground-preinit] o.apache.tomcat.util.digester.Digester   :   New match='mbeans-descriptors/mbean/operation/parameter'
2023-01-04 17:44:52.700 DEBUG 3888 --- [kground-preinit] o.apache.tomcat.util.digester.Digester   :   Fire begin() for ObjectCreateRule[className=org.apache.tomcat.util.modeler.ParameterInfo, attributeName=null]
2023-01-04 17:44:52.700 DEBUG 3888 --- [kground-preinit] o.apache.tomcat.util.digester.Digester   : [ObjectCreateRule]{mbeans-descriptors/mbean/operation/parameter}New org.apache.tomcat.util.modeler.ParameterInfo
2023-01-04 17:44:52.700 DEBUG 3888 --- [kground-preinit] o.apache.tomcat.util.digester.Digester   :   Fire begin() for SetPropertiesRule[]
2023-01-04 17:44:52.700 DEBUG 3888 --- [kground-preinit] o.apache.tomcat.util.digester.Digester   : [SetPropertiesRule]{mbeans-descriptors/mbean/operation/parameter} Set org.apache.tomcat.util.modeler.ParameterInfo properties
2023-01-04 17:44:52.700 DEBUG 3888 --- [kground-preinit] o.apache.tomcat.util.digester.Digester   : [SetPropertiesRule]{mbeans-descriptors/mbean/operation/parameter} Setting property 'name' to 'baseDir'
2023-01-04 17:44:52.700 DEBUG 3888 --- [kground-preinit] o.apache.tomcat.util.IntrospectionUtils  : IntrospectionUtils: setProperty(class org.apache.tomcat.util.modeler.ParameterInfo name=baseDir)
2023-01-04 17:44:52.700 DEBUG 3888 --- [kground-preinit] o.apache.tomcat.util.digester.Digester   : [SetPropertiesRule]{mbeans-descriptors/mbean/operation/parameter} Setting property 'description' to 'Base directory value for the new Engine'
2023-01-04 17:44:52.700 DEBUG 3888 --- [kground-preinit] o.apache.tomcat.util.IntrospectionUtils  : IntrospectionUtils: setProperty(class org.apache.tomcat.util.modeler.ParameterInfo description=Base directory value for the new Engine)
2023-01-04 17:44:52.700 DEBUG 3888 --- [           main] o.s.b.f.s.DefaultListableBeanFactory     : Returning cached instance of singleton bean 'autoConfigurationReport'
2023-01-04 17:44:52.701 DEBUG 3888 --- [kground-preinit] o.apache.tomcat.util.digester.Digester   : [SetPropertiesRule]{mbeans-descriptors/mbean/operation/parameter} Setting property 'type' to 'java.lang.String'
2023-01-04 17:44:52.701 DEBUG 3888 --- [kground-preinit] o.apache.tomcat.util.IntrospectionUtils  : IntrospectionUtils: setProperty(class org.apache.tomcat.util.modeler.ParameterInfo type=java.lang.String)
2023-01-04 17:44:52.701 DEBUG 3888 --- [kground-preinit] o.apache.tomcat.util.digester.Digester   :   Fire begin() for SetNextRule[methodName=addParameter, paramType=org.apache.tomcat.util.modeler.ParameterInfo]
2023-01-04 17:44:52.701 DEBUG 3888 --- [kground-preinit] o.a.tomcat.util.digester.Digester.sax    : endElement(,,parameter)
2023-01-04 17:44:52.701 DEBUG 3888 --- [           main] a.ConfigurationClassBeanDefinitionReader : Registering bean definition for @Bean method org.springframework.boot.autoconfigure.web.servlet.MultipartAutoConfiguration.multipartResolver()
2023-01-04 17:44:52.701 DEBUG 3888 --- [kground-preinit] o.apache.tomcat.util.digester.Digester   :   match='mbeans-descriptors/mbean/operation/parameter'
2023-01-04 17:44:52.701 DEBUG 3888 --- [kground-preinit] o.apache.tomcat.util.digester.Digester   :   bodyText=''
2023-01-04 17:44:52.702 DEBUG 3888 --- [           main] o.s.b.f.s.DefaultListableBeanFactory     : Returning cached instance of singleton bean 'autoConfigurationReport'
2023-01-04 17:44:52.702 DEBUG 3888 --- [kground-preinit] o.apache.tomcat.util.digester.Digester   :   Fire body() for ObjectCreateRule[className=org.apache.tomcat.util.modeler.ParameterInfo, attributeName=null]
2023-01-04 17:44:52.702 DEBUG 3888 --- [           main] a.ConfigurationClassBeanDefinitionReader : Registered bean definition for imported class 'org.springframework.boot.test.autoconfigure.web.servlet.MockMvcAutoConfiguration'
2023-01-04 17:44:52.702 DEBUG 3888 --- [           main] o.s.b.f.s.DefaultListableBeanFactory     : Returning cached instance of singleton bean 'org.springframework.boot.autoconfigure.condition.BeanTypeRegistry'
2023-01-04 17:44:52.702 DEBUG 3888 --- [kground-preinit] o.apache.tomcat.util.digester.Digester   :   Fire body() for SetPropertiesRule[]
2023-01-04 17:44:52.704 DEBUG 3888 --- [kground-preinit] o.apache.tomcat.util.digester.Digester   :   Fire body() for SetNextRule[methodName=addParameter, paramType=org.apache.tomcat.util.modeler.ParameterInfo]
2023-01-04 17:44:52.704 DEBUG 3888 --- [kground-preinit] o.apache.tomcat.util.digester.Digester   :   Fire end() for SetNextRule[methodName=addParameter, paramType=org.apache.tomcat.util.modeler.ParameterInfo]
2023-01-04 17:44:52.704 DEBUG 3888 --- [           main] o.s.b.f.s.DefaultListableBeanFactory     : Returning cached instance of singleton bean 'autoConfigurationReport'
2023-01-04 17:44:52.705 DEBUG 3888 --- [kground-preinit] o.apache.tomcat.util.digester.Digester   : [SetNextRule]{mbeans-descriptors/mbean/operation/parameter} Call org.apache.tomcat.util.modeler.OperationInfo.addParameter(org.apache.tomcat.util.modeler.ParameterInfo@6c54fc13)
2023-01-04 17:44:52.705 DEBUG 3888 --- [kground-preinit] o.apache.tomcat.util.IntrospectionUtils  : IntrospectionUtils: callMethod1 org.apache.tomcat.util.modeler.OperationInfo org.apache.tomcat.util.modeler.ParameterInfo org.apache.tomcat.util.modeler.ParameterInfo
2023-01-04 17:44:52.705 DEBUG 3888 --- [kground-preinit] o.apache.tomcat.util.digester.Digester   :   Fire end() for SetPropertiesRule[]
2023-01-04 17:44:52.705 DEBUG 3888 --- [kground-preinit] o.apache.tomcat.util.digester.Digester   :   Fire end() for ObjectCreateRule[className=org.apache.tomcat.util.modeler.ParameterInfo, attributeName=null]
2023-01-04 17:44:52.705 DEBUG 3888 --- [kground-preinit] o.apache.tomcat.util.digester.Digester   : [ObjectCreateRule]{mbeans-descriptors/mbean/operation/parameter} Pop org.apache.tomcat.util.modeler.ParameterInfo
2023-01-04 17:44:52.705 DEBUG 3888 --- [kground-preinit] o.a.tomcat.util.digester.Digester.sax    : characters(
    )
2023-01-04 17:44:52.705 DEBUG 3888 --- [           main] o.s.b.f.s.DefaultListableBeanFactory     : Returning cached instance of singleton bean 'org.springframework.boot.autoconfigure.condition.BeanTypeRegistry'
2023-01-04 17:44:52.705 DEBUG 3888 --- [kground-preinit] o.a.tomcat.util.digester.Digester.sax    : endElement(,,operation)
2023-01-04 17:44:52.705 DEBUG 3888 --- [kground-preinit] o.apache.tomcat.util.digester.Digester   :   match='mbeans-descriptors/mbean/operation'
2023-01-04 17:44:52.705 DEBUG 3888 --- [kground-preinit] o.apache.tomcat.util.digester.Digester   :   bodyText='
      
      
      
    '
2023-01-04 17:44:52.705 DEBUG 3888 --- [kground-preinit] o.apache.tomcat.util.digester.Digester   :   Fire body() for ObjectCreateRule[className=org.apache.tomcat.util.modeler.OperationInfo, attributeName=null]
2023-01-04 17:44:52.705 DEBUG 3888 --- [kground-preinit] o.apache.tomcat.util.digester.Digester   :   Fire body() for SetPropertiesRule[]
2023-01-04 17:44:52.705 DEBUG 3888 --- [kground-preinit] o.apache.tomcat.util.digester.Digester   :   Fire body() for SetNextRule[methodName=addOperation, paramType=org.apache.tomcat.util.modeler.OperationInfo]
2023-01-04 17:44:52.705 DEBUG 3888 --- [kground-preinit] o.apache.tomcat.util.digester.Digester   :   Fire end() for SetNextRule[methodName=addOperation, paramType=org.apache.tomcat.util.modeler.OperationInfo]
2023-01-04 17:44:52.706 DEBUG 3888 --- [kground-preinit] o.apache.tomcat.util.digester.Digester   : [SetNextRule]{mbeans-descriptors/mbean/operation} Call org.apache.tomcat.util.modeler.ManagedBean.addOperation(org.apache.tomcat.util.modeler.OperationInfo@550aa52)
2023-01-04 17:44:52.706 DEBUG 3888 --- [kground-preinit] o.apache.tomcat.util.IntrospectionUtils  : IntrospectionUtils: callMethod1 org.apache.tomcat.util.modeler.ManagedBean org.apache.tomcat.util.modeler.OperationInfo org.apache.tomcat.util.modeler.OperationInfo
2023-01-04 17:44:52.706 DEBUG 3888 --- [           main] o.s.b.f.s.DefaultListableBeanFactory     : Returning cached instance of singleton bean 'autoConfigurationReport'
2023-01-04 17:44:52.706 DEBUG 3888 --- [kground-preinit] o.apache.tomcat.util.digester.Digester   :   Fire end() for SetPropertiesRule[]
2023-01-04 17:44:52.706 DEBUG 3888 --- [kground-preinit] o.apache.tomcat.util.digester.Digester   :   Fire end() for ObjectCreateRule[className=org.apache.tomcat.util.modeler.OperationInfo, attributeName=null]
2023-01-04 17:44:52.706 DEBUG 3888 --- [kground-preinit] o.apache.tomcat.util.digester.Digester   : [ObjectCreateRule]{mbeans-descriptors/mbean/operation} Pop org.apache.tomcat.util.modeler.OperationInfo
2023-01-04 17:44:52.706 DEBUG 3888 --- [kground-preinit] o.a.tomcat.util.digester.Digester.sax    : characters(

    )
2023-01-04 17:44:52.706 DEBUG 3888 --- [           main] a.ConfigurationClassBeanDefinitionReader : Registering bean definition for @Bean method org.springframework.boot.test.autoconfigure.web.servlet.MockMvcAutoConfiguration.mockMvcBuilder()
2023-01-04 17:44:52.706 DEBUG 3888 --- [kground-preinit] o.a.tomcat.util.digester.Digester.sax    : startElement(,,operation)
2023-01-04 17:44:52.706 DEBUG 3888 --- [kground-preinit] o.apache.tomcat.util.digester.Digester   :   New match='mbeans-descriptors/mbean/operation'
2023-01-04 17:44:52.707 DEBUG 3888 --- [           main] a.ConfigurationClassBeanDefinitionReader : Registering bean definition for @Bean method org.springframework.boot.test.autoconfigure.web.servlet.MockMvcAutoConfiguration.springBootMockMvcBuilderCustomizer()
2023-01-04 17:44:52.707 DEBUG 3888 --- [kground-preinit] o.apache.tomcat.util.digester.Digester   :   Fire begin() for ObjectCreateRule[className=org.apache.tomcat.util.modeler.OperationInfo, attributeName=null]
2023-01-04 17:44:52.707 DEBUG 3888 --- [kground-preinit] o.apache.tomcat.util.digester.Digester   : [ObjectCreateRule]{mbeans-descriptors/mbean/operation}New org.apache.tomcat.util.modeler.OperationInfo
2023-01-04 17:44:52.707 DEBUG 3888 --- [           main] o.s.b.f.s.DefaultListableBeanFactory     : Returning cached instance of singleton bean 'org.springframework.boot.autoconfigure.condition.BeanTypeRegistry'
2023-01-04 17:44:52.707 DEBUG 3888 --- [kground-preinit] o.apache.tomcat.util.digester.Digester   :   Fire begin() for SetPropertiesRule[]
2023-01-04 17:44:52.707 DEBUG 3888 --- [kground-preinit] o.apache.tomcat.util.digester.Digester   : [SetPropertiesRule]{mbeans-descriptors/mbean/operation} Set org.apache.tomcat.util.modeler.OperationInfo properties
2023-01-04 17:44:52.707 DEBUG 3888 --- [kground-preinit] o.apache.tomcat.util.digester.Digester   : [SetPropertiesRule]{mbeans-descriptors/mbean/operation} Setting property 'name' to 'createStandardHost'
2023-01-04 17:44:52.707 DEBUG 3888 --- [kground-preinit] o.apache.tomcat.util.IntrospectionUtils  : IntrospectionUtils: setProperty(class org.apache.tomcat.util.modeler.OperationInfo name=createStandardHost)
2023-01-04 17:44:52.708 DEBUG 3888 --- [kground-preinit] o.apache.tomcat.util.digester.Digester   : [SetPropertiesRule]{mbeans-descriptors/mbean/operation} Setting property 'description' to 'Create a new StandardHost'
2023-01-04 17:44:52.708 DEBUG 3888 --- [kground-preinit] o.apache.tomcat.util.IntrospectionUtils  : IntrospectionUtils: setProperty(class org.apache.tomcat.util.modeler.OperationInfo description=Create a new StandardHost)
2023-01-04 17:44:52.708 DEBUG 3888 --- [kground-preinit] o.apache.tomcat.util.digester.Digester   : [SetPropertiesRule]{mbeans-descriptors/mbean/operation} Setting property 'impact' to 'ACTION'
2023-01-04 17:44:52.708 DEBUG 3888 --- [kground-preinit] o.apache.tomcat.util.IntrospectionUtils  : IntrospectionUtils: setProperty(class org.apache.tomcat.util.modeler.OperationInfo impact=ACTION)
2023-01-04 17:44:52.708 DEBUG 3888 --- [kground-preinit] o.apache.tomcat.util.digester.Digester   : [SetPropertiesRule]{mbeans-descriptors/mbean/operation} Setting property 'returnType' to 'java.lang.String'
2023-01-04 17:44:52.708 DEBUG 3888 --- [kground-preinit] o.apache.tomcat.util.IntrospectionUtils  : IntrospectionUtils: setProperty(class org.apache.tomcat.util.modeler.OperationInfo returnType=java.lang.String)
2023-01-04 17:44:52.708 DEBUG 3888 --- [kground-preinit] o.apache.tomcat.util.digester.Digester   :   Fire begin() for SetNextRule[methodName=addOperation, paramType=org.apache.tomcat.util.modeler.OperationInfo]
2023-01-04 17:44:52.709 DEBUG 3888 --- [kground-preinit] o.a.tomcat.util.digester.Digester.sax    : characters(
      )
2023-01-04 17:44:52.709 DEBUG 3888 --- [kground-preinit] o.a.tomcat.util.digester.Digester.sax    : startElement(,,parameter)
2023-01-04 17:44:52.709 DEBUG 3888 --- [kground-preinit] o.apache.tomcat.util.digester.Digester   :   New match='mbeans-descriptors/mbean/operation/parameter'
2023-01-04 17:44:52.709 DEBUG 3888 --- [kground-preinit] o.apache.tomcat.util.digester.Digester   :   Fire begin() for ObjectCreateRule[className=org.apache.tomcat.util.modeler.ParameterInfo, attributeName=null]
2023-01-04 17:44:52.709 DEBUG 3888 --- [kground-preinit] o.apache.tomcat.util.digester.Digester   : [ObjectCreateRule]{mbeans-descriptors/mbean/operation/parameter}New org.apache.tomcat.util.modeler.ParameterInfo
2023-01-04 17:44:52.709 DEBUG 3888 --- [kground-preinit] o.apache.tomcat.util.digester.Digester   :   Fire begin() for SetPropertiesRule[]
2023-01-04 17:44:52.709 DEBUG 3888 --- [kground-preinit] o.apache.tomcat.util.digester.Digester   : [SetPropertiesRule]{mbeans-descriptors/mbean/operation/parameter} Set org.apache.tomcat.util.modeler.ParameterInfo properties
2023-01-04 17:44:52.709 DEBUG 3888 --- [kground-preinit] o.apache.tomcat.util.digester.Digester   : [SetPropertiesRule]{mbeans-descriptors/mbean/operation/parameter} Setting property 'name' to 'parent'
2023-01-04 17:44:52.710 DEBUG 3888 --- [kground-preinit] o.apache.tomcat.util.IntrospectionUtils  : IntrospectionUtils: setProperty(class org.apache.tomcat.util.modeler.ParameterInfo name=parent)
2023-01-04 17:44:52.710 DEBUG 3888 --- [kground-preinit] o.apache.tomcat.util.digester.Digester   : [SetPropertiesRule]{mbeans-descriptors/mbean/operation/parameter} Setting property 'description' to 'MBean Name of the associated parent component'
2023-01-04 17:44:52.710 DEBUG 3888 --- [kground-preinit] o.apache.tomcat.util.IntrospectionUtils  : IntrospectionUtils: setProperty(class org.apache.tomcat.util.modeler.ParameterInfo description=MBean Name of the associated parent component)
2023-01-04 17:44:52.710 DEBUG 3888 --- [kground-preinit] o.apache.tomcat.util.digester.Digester   : [SetPropertiesRule]{mbeans-descriptors/mbean/operation/parameter} Setting property 'type' to 'java.lang.String'
2023-01-04 17:44:52.710 DEBUG 3888 --- [kground-preinit] o.apache.tomcat.util.IntrospectionUtils  : IntrospectionUtils: setProperty(class org.apache.tomcat.util.modeler.ParameterInfo type=java.lang.String)
2023-01-04 17:44:52.710 DEBUG 3888 --- [kground-preinit] o.apache.tomcat.util.digester.Digester   :   Fire begin() for SetNextRule[methodName=addParameter, paramType=org.apache.tomcat.util.modeler.ParameterInfo]
2023-01-04 17:44:52.710 DEBUG 3888 --- [kground-preinit] o.a.tomcat.util.digester.Digester.sax    : endElement(,,parameter)
2023-01-04 17:44:52.711 DEBUG 3888 --- [kground-preinit] o.apache.tomcat.util.digester.Digester   :   match='mbeans-descriptors/mbean/operation/parameter'
2023-01-04 17:44:52.711 DEBUG 3888 --- [kground-preinit] o.apache.tomcat.util.digester.Digester   :   bodyText=''
2023-01-04 17:44:52.711 DEBUG 3888 --- [kground-preinit] o.apache.tomcat.util.digester.Digester   :   Fire body() for ObjectCreateRule[className=org.apache.tomcat.util.modeler.ParameterInfo, attributeName=null]
2023-01-04 17:44:52.711 DEBUG 3888 --- [kground-preinit] o.apache.tomcat.util.digester.Digester   :   Fire body() for SetPropertiesRule[]
2023-01-04 17:44:52.711 DEBUG 3888 --- [kground-preinit] o.apache.tomcat.util.digester.Digester   :   Fire body() for SetNextRule[methodName=addParameter, paramType=org.apache.tomcat.util.modeler.ParameterInfo]
2023-01-04 17:44:52.711 DEBUG 3888 --- [kground-preinit] o.apache.tomcat.util.digester.Digester   :   Fire end() for SetNextRule[methodName=addParameter, paramType=org.apache.tomcat.util.modeler.ParameterInfo]
2023-01-04 17:44:52.711 DEBUG 3888 --- [kground-preinit] o.apache.tomcat.util.digester.Digester   : [SetNextRule]{mbeans-descriptors/mbean/operation/parameter} Call org.apache.tomcat.util.modeler.OperationInfo.addParameter(org.apache.tomcat.util.modeler.ParameterInfo@44e3856f)
2023-01-04 17:44:52.711 DEBUG 3888 --- [kground-preinit] o.apache.tomcat.util.IntrospectionUtils  : IntrospectionUtils: callMethod1 org.apache.tomcat.util.modeler.OperationInfo org.apache.tomcat.util.modeler.ParameterInfo org.apache.tomcat.util.modeler.ParameterInfo
2023-01-04 17:44:52.713 DEBUG 3888 --- [kground-preinit] o.apache.tomcat.util.digester.Digester   :   Fire end() for SetPropertiesRule[]
2023-01-04 17:44:52.713 DEBUG 3888 --- [kground-preinit] o.apache.tomcat.util.digester.Digester   :   Fire end() for ObjectCreateRule[className=org.apache.tomcat.util.modeler.ParameterInfo, attributeName=null]
2023-01-04 17:44:52.714 DEBUG 3888 --- [kground-preinit] o.apache.tomcat.util.digester.Digester   : [ObjectCreateRule]{mbeans-descriptors/mbean/operation/parameter} Pop org.apache.tomcat.util.modeler.ParameterInfo
2023-01-04 17:44:52.715 DEBUG 3888 --- [kground-preinit] o.a.tomcat.util.digester.Digester.sax    : characters(
      )
2023-01-04 17:44:52.716 DEBUG 3888 --- [kground-preinit] o.a.tomcat.util.digester.Digester.sax    : startElement(,,parameter)
2023-01-04 17:44:52.716 DEBUG 3888 --- [kground-preinit] o.apache.tomcat.util.digester.Digester   :   New match='mbeans-descriptors/mbean/operation/parameter'
2023-01-04 17:44:52.717 DEBUG 3888 --- [kground-preinit] o.apache.tomcat.util.digester.Digester   :   Fire begin() for ObjectCreateRule[className=org.apache.tomcat.util.modeler.ParameterInfo, attributeName=null]
2023-01-04 17:44:52.717 DEBUG 3888 --- [kground-preinit] o.apache.tomcat.util.digester.Digester   : [ObjectCreateRule]{mbeans-descriptors/mbean/operation/parameter}New org.apache.tomcat.util.modeler.ParameterInfo
2023-01-04 17:44:52.718 DEBUG 3888 --- [kground-preinit] o.apache.tomcat.util.digester.Digester   :   Fire begin() for SetPropertiesRule[]
2023-01-04 17:44:52.718 DEBUG 3888 --- [kground-preinit] o.apache.tomcat.util.digester.Digester   : [SetPropertiesRule]{mbeans-descriptors/mbean/operation/parameter} Set org.apache.tomcat.util.modeler.ParameterInfo properties
2023-01-04 17:44:52.718 DEBUG 3888 --- [kground-preinit] o.apache.tomcat.util.digester.Digester   : [SetPropertiesRule]{mbeans-descriptors/mbean/operation/parameter} Setting property 'name' to 'name'
2023-01-04 17:44:52.718 DEBUG 3888 --- [kground-preinit] o.apache.tomcat.util.IntrospectionUtils  : IntrospectionUtils: setProperty(class org.apache.tomcat.util.modeler.ParameterInfo name=name)
2023-01-04 17:44:52.718 DEBUG 3888 --- [kground-preinit] o.apache.tomcat.util.digester.Digester   : [SetPropertiesRule]{mbeans-descriptors/mbean/operation/parameter} Setting property 'description' to 'Unique name of this Host'
2023-01-04 17:44:52.719 DEBUG 3888 --- [kground-preinit] o.apache.tomcat.util.IntrospectionUtils  : IntrospectionUtils: setProperty(class org.apache.tomcat.util.modeler.ParameterInfo description=Unique name of this Host)
2023-01-04 17:44:52.719 DEBUG 3888 --- [kground-preinit] o.apache.tomcat.util.digester.Digester   : [SetPropertiesRule]{mbeans-descriptors/mbean/operation/parameter} Setting property 'type' to 'java.lang.String'
2023-01-04 17:44:52.720 DEBUG 3888 --- [kground-preinit] o.apache.tomcat.util.IntrospectionUtils  : IntrospectionUtils: setProperty(class org.apache.tomcat.util.modeler.ParameterInfo type=java.lang.String)
2023-01-04 17:44:52.720 DEBUG 3888 --- [kground-preinit] o.apache.tomcat.util.digester.Digester   :   Fire begin() for SetNextRule[methodName=addParameter, paramType=org.apache.tomcat.util.modeler.ParameterInfo]
2023-01-04 17:44:52.720 DEBUG 3888 --- [kground-preinit] o.a.tomcat.util.digester.Digester.sax    : endElement(,,parameter)
2023-01-04 17:44:52.720 DEBUG 3888 --- [kground-preinit] o.apache.tomcat.util.digester.Digester   :   match='mbeans-descriptors/mbean/operation/parameter'
2023-01-04 17:44:52.723 DEBUG 3888 --- [kground-preinit] o.apache.tomcat.util.digester.Digester   :   bodyText=''
2023-01-04 17:44:52.723 DEBUG 3888 --- [kground-preinit] o.apache.tomcat.util.digester.Digester   :   Fire body() for ObjectCreateRule[className=org.apache.tomcat.util.modeler.ParameterInfo, attributeName=null]
2023-01-04 17:44:52.724 DEBUG 3888 --- [kground-preinit] o.apache.tomcat.util.digester.Digester   :   Fire body() for SetPropertiesRule[]
2023-01-04 17:44:52.724 DEBUG 3888 --- [kground-preinit] o.apache.tomcat.util.digester.Digester   :   Fire body() for SetNextRule[methodName=addParameter, paramType=org.apache.tomcat.util.modeler.ParameterInfo]
2023-01-04 17:44:52.724 DEBUG 3888 --- [kground-preinit] o.apache.tomcat.util.digester.Digester   :   Fire end() for SetNextRule[methodName=addParameter, paramType=org.apache.tomcat.util.modeler.ParameterInfo]
2023-01-04 17:44:52.724 DEBUG 3888 --- [kground-preinit] o.apache.tomcat.util.digester.Digester   : [SetNextRule]{mbeans-descriptors/mbean/operation/parameter} Call org.apache.tomcat.util.modeler.OperationInfo.addParameter(org.apache.tomcat.util.modeler.ParameterInfo@7a604919)
2023-01-04 17:44:52.724 DEBUG 3888 --- [kground-preinit] o.apache.tomcat.util.IntrospectionUtils  : IntrospectionUtils: callMethod1 org.apache.tomcat.util.modeler.OperationInfo org.apache.tomcat.util.modeler.ParameterInfo org.apache.tomcat.util.modeler.ParameterInfo
2023-01-04 17:44:52.724 DEBUG 3888 --- [kground-preinit] o.apache.tomcat.util.digester.Digester   :   Fire end() for SetPropertiesRule[]
2023-01-04 17:44:52.724 DEBUG 3888 --- [kground-preinit] o.apache.tomcat.util.digester.Digester   :   Fire end() for ObjectCreateRule[className=org.apache.tomcat.util.modeler.ParameterInfo, attributeName=null]
2023-01-04 17:44:52.725 DEBUG 3888 --- [kground-preinit] o.apache.tomcat.util.digester.Digester   : [ObjectCreateRule]{mbeans-descriptors/mbean/operation/parameter} Pop org.apache.tomcat.util.modeler.ParameterInfo
2023-01-04 17:44:52.725 DEBUG 3888 --- [kground-preinit] o.a.tomcat.util.digester.Digester.sax    : characters(
      )
2023-01-04 17:44:52.725 DEBUG 3888 --- [kground-preinit] o.a.tomcat.util.digester.Digester.sax    : startElement(,,parameter)
2023-01-04 17:44:52.726 DEBUG 3888 --- [kground-preinit] o.apache.tomcat.util.digester.Digester   :   New match='mbeans-descriptors/mbean/operation/parameter'
2023-01-04 17:44:52.726 DEBUG 3888 --- [kground-preinit] o.apache.tomcat.util.digester.Digester   :   Fire begin() for ObjectCreateRule[className=org.apache.tomcat.util.modeler.ParameterInfo, attributeName=null]
2023-01-04 17:44:52.726 DEBUG 3888 --- [kground-preinit] o.apache.tomcat.util.digester.Digester   : [ObjectCreateRule]{mbeans-descriptors/mbean/operation/parameter}New org.apache.tomcat.util.modeler.ParameterInfo
2023-01-04 17:44:52.727 DEBUG 3888 --- [kground-preinit] o.apache.tomcat.util.digester.Digester   :   Fire begin() for SetPropertiesRule[]
2023-01-04 17:44:52.727 DEBUG 3888 --- [kground-preinit] o.apache.tomcat.util.digester.Digester   : [SetPropertiesRule]{mbeans-descriptors/mbean/operation/parameter} Set org.apache.tomcat.util.modeler.ParameterInfo properties
2023-01-04 17:44:52.727 DEBUG 3888 --- [           main] o.s.b.f.s.DefaultListableBeanFactory     : Returning cached instance of singleton bean 'autoConfigurationReport'
2023-01-04 17:44:52.727 DEBUG 3888 --- [           main] a.ConfigurationClassBeanDefinitionReader : Registering bean definition for @Bean method org.springframework.boot.test.autoconfigure.web.servlet.MockMvcAutoConfiguration.mockMvc()
2023-01-04 17:44:52.727 DEBUG 3888 --- [kground-preinit] o.apache.tomcat.util.digester.Digester   : [SetPropertiesRule]{mbeans-descriptors/mbean/operation/parameter} Setting property 'name' to 'appBase'
2023-01-04 17:44:52.727 DEBUG 3888 --- [kground-preinit] o.apache.tomcat.util.IntrospectionUtils  : IntrospectionUtils: setProperty(class org.apache.tomcat.util.modeler.ParameterInfo name=appBase)
2023-01-04 17:44:52.727 DEBUG 3888 --- [kground-preinit] o.apache.tomcat.util.digester.Digester   : [SetPropertiesRule]{mbeans-descriptors/mbean/operation/parameter} Setting property 'description' to 'set host deployment directory'
2023-01-04 17:44:52.727 DEBUG 3888 --- [kground-preinit] o.apache.tomcat.util.IntrospectionUtils  : IntrospectionUtils: setProperty(class org.apache.tomcat.util.modeler.ParameterInfo description=set host deployment directory)
2023-01-04 17:44:52.728 DEBUG 3888 --- [kground-preinit] o.apache.tomcat.util.digester.Digester   : [SetPropertiesRule]{mbeans-descriptors/mbean/operation/parameter} Setting property 'type' to 'java.lang.String'
2023-01-04 17:44:52.728 DEBUG 3888 --- [kground-preinit] o.apache.tomcat.util.IntrospectionUtils  : IntrospectionUtils: setProperty(class org.apache.tomcat.util.modeler.ParameterInfo type=java.lang.String)
2023-01-04 17:44:52.728 DEBUG 3888 --- [kground-preinit] o.apache.tomcat.util.digester.Digester   :   Fire begin() for SetNextRule[methodName=addParameter, paramType=org.apache.tomcat.util.modeler.ParameterInfo]
2023-01-04 17:44:52.728 DEBUG 3888 --- [kground-preinit] o.a.tomcat.util.digester.Digester.sax    : endElement(,,parameter)
2023-01-04 17:44:52.728 DEBUG 3888 --- [kground-preinit] o.apache.tomcat.util.digester.Digester   :   match='mbeans-descriptors/mbean/operation/parameter'
2023-01-04 17:44:52.729 DEBUG 3888 --- [kground-preinit] o.apache.tomcat.util.digester.Digester   :   bodyText=''
2023-01-04 17:44:52.729 DEBUG 3888 --- [kground-preinit] o.apache.tomcat.util.digester.Digester   :   Fire body() for ObjectCreateRule[className=org.apache.tomcat.util.modeler.ParameterInfo, attributeName=null]
2023-01-04 17:44:52.729 DEBUG 3888 --- [kground-preinit] o.apache.tomcat.util.digester.Digester   :   Fire body() for SetPropertiesRule[]
2023-01-04 17:44:52.729 DEBUG 3888 --- [kground-preinit] o.apache.tomcat.util.digester.Digester   :   Fire body() for SetNextRule[methodName=addParameter, paramType=org.apache.tomcat.util.modeler.ParameterInfo]
2023-01-04 17:44:52.730 DEBUG 3888 --- [kground-preinit] o.apache.tomcat.util.digester.Digester   :   Fire end() for SetNextRule[methodName=addParameter, paramType=org.apache.tomcat.util.modeler.ParameterInfo]
2023-01-04 17:44:52.730 DEBUG 3888 --- [kground-preinit] o.apache.tomcat.util.digester.Digester   : [SetNextRule]{mbeans-descriptors/mbean/operation/parameter} Call org.apache.tomcat.util.modeler.OperationInfo.addParameter(org.apache.tomcat.util.modeler.ParameterInfo@311f9622)
2023-01-04 17:44:52.730 DEBUG 3888 --- [kground-preinit] o.apache.tomcat.util.IntrospectionUtils  : IntrospectionUtils: callMethod1 org.apache.tomcat.util.modeler.OperationInfo org.apache.tomcat.util.modeler.ParameterInfo org.apache.tomcat.util.modeler.ParameterInfo
2023-01-04 17:44:52.730 DEBUG 3888 --- [kground-preinit] o.apache.tomcat.util.digester.Digester   :   Fire end() for SetPropertiesRule[]
2023-01-04 17:44:52.730 DEBUG 3888 --- [kground-preinit] o.apache.tomcat.util.digester.Digester   :   Fire end() for ObjectCreateRule[className=org.apache.tomcat.util.modeler.ParameterInfo, attributeName=null]
2023-01-04 17:44:52.730 DEBUG 3888 --- [kground-preinit] o.apache.tomcat.util.digester.Digester   : [ObjectCreateRule]{mbeans-descriptors/mbean/operation/parameter} Pop org.apache.tomcat.util.modeler.ParameterInfo
2023-01-04 17:44:52.730 DEBUG 3888 --- [kground-preinit] o.a.tomcat.util.digester.Digester.sax    : characters(
      )
2023-01-04 17:44:52.730 DEBUG 3888 --- [kground-preinit] o.a.tomcat.util.digester.Digester.sax    : startElement(,,parameter)
2023-01-04 17:44:52.730 DEBUG 3888 --- [kground-preinit] o.apache.tomcat.util.digester.Digester   :   New match='mbeans-descriptors/mbean/operation/parameter'
2023-01-04 17:44:52.731 DEBUG 3888 --- [kground-preinit] o.apache.tomcat.util.digester.Digester   :   Fire begin() for ObjectCreateRule[className=org.apache.tomcat.util.modeler.ParameterInfo, attributeName=null]
2023-01-04 17:44:52.731 DEBUG 3888 --- [kground-preinit] o.apache.tomcat.util.digester.Digester   : [ObjectCreateRule]{mbeans-descriptors/mbean/operation/parameter}New org.apache.tomcat.util.modeler.ParameterInfo
2023-01-04 17:44:52.731 DEBUG 3888 --- [kground-preinit] o.apache.tomcat.util.digester.Digester   :   Fire begin() for SetPropertiesRule[]
2023-01-04 17:44:52.731 DEBUG 3888 --- [kground-preinit] o.apache.tomcat.util.digester.Digester   : [SetPropertiesRule]{mbeans-descriptors/mbean/operation/parameter} Set org.apache.tomcat.util.modeler.ParameterInfo properties
2023-01-04 17:44:52.731 DEBUG 3888 --- [kground-preinit] o.apache.tomcat.util.digester.Digester   : [SetPropertiesRule]{mbeans-descriptors/mbean/operation/parameter} Setting property 'name' to 'autoDeploy'
2023-01-04 17:44:52.731 DEBUG 3888 --- [kground-preinit] o.apache.tomcat.util.IntrospectionUtils  : IntrospectionUtils: setProperty(class org.apache.tomcat.util.modeler.ParameterInfo name=autoDeploy)
2023-01-04 17:44:52.731 DEBUG 3888 --- [kground-preinit] o.apache.tomcat.util.digester.Digester   : [SetPropertiesRule]{mbeans-descriptors/mbean/operation/parameter} Setting property 'description' to 'The auto deploy flag for this Host'
2023-01-04 17:44:52.731 DEBUG 3888 --- [kground-preinit] o.apache.tomcat.util.IntrospectionUtils  : IntrospectionUtils: setProperty(class org.apache.tomcat.util.modeler.ParameterInfo description=The auto deploy flag for this Host)
2023-01-04 17:44:52.732 DEBUG 3888 --- [kground-preinit] o.apache.tomcat.util.digester.Digester   : [SetPropertiesRule]{mbeans-descriptors/mbean/operation/parameter} Setting property 'type' to 'boolean'
2023-01-04 17:44:52.732 DEBUG 3888 --- [kground-preinit] o.apache.tomcat.util.IntrospectionUtils  : IntrospectionUtils: setProperty(class org.apache.tomcat.util.modeler.ParameterInfo type=boolean)
2023-01-04 17:44:52.732 DEBUG 3888 --- [kground-preinit] o.apache.tomcat.util.digester.Digester   :   Fire begin() for SetNextRule[methodName=addParameter, paramType=org.apache.tomcat.util.modeler.ParameterInfo]
2023-01-04 17:44:52.732 DEBUG 3888 --- [kground-preinit] o.a.tomcat.util.digester.Digester.sax    : endElement(,,parameter)
2023-01-04 17:44:52.732 DEBUG 3888 --- [kground-preinit] o.apache.tomcat.util.digester.Digester   :   match='mbeans-descriptors/mbean/operation/parameter'
2023-01-04 17:44:52.732 DEBUG 3888 --- [kground-preinit] o.apache.tomcat.util.digester.Digester   :   bodyText=''
2023-01-04 17:44:52.732 DEBUG 3888 --- [kground-preinit] o.apache.tomcat.util.digester.Digester   :   Fire body() for ObjectCreateRule[className=org.apache.tomcat.util.modeler.ParameterInfo, attributeName=null]
2023-01-04 17:44:52.732 DEBUG 3888 --- [kground-preinit] o.apache.tomcat.util.digester.Digester   :   Fire body() for SetPropertiesRule[]
2023-01-04 17:44:52.732 DEBUG 3888 --- [kground-preinit] o.apache.tomcat.util.digester.Digester   :   Fire body() for SetNextRule[methodName=addParameter, paramType=org.apache.tomcat.util.modeler.ParameterInfo]
2023-01-04 17:44:52.732 DEBUG 3888 --- [kground-preinit] o.apache.tomcat.util.digester.Digester   :   Fire end() for SetNextRule[methodName=addParameter, paramType=org.apache.tomcat.util.modeler.ParameterInfo]
2023-01-04 17:44:52.733 DEBUG 3888 --- [kground-preinit] o.apache.tomcat.util.digester.Digester   : [SetNextRule]{mbeans-descriptors/mbean/operation/parameter} Call org.apache.tomcat.util.modeler.OperationInfo.addParameter(org.apache.tomcat.util.modeler.ParameterInfo@311db869)
2023-01-04 17:44:52.733 DEBUG 3888 --- [kground-preinit] o.apache.tomcat.util.IntrospectionUtils  : IntrospectionUtils: callMethod1 org.apache.tomcat.util.modeler.OperationInfo org.apache.tomcat.util.modeler.ParameterInfo org.apache.tomcat.util.modeler.ParameterInfo
2023-01-04 17:44:52.733 DEBUG 3888 --- [kground-preinit] o.apache.tomcat.util.digester.Digester   :   Fire end() for SetPropertiesRule[]
2023-01-04 17:44:52.733 DEBUG 3888 --- [kground-preinit] o.apache.tomcat.util.digester.Digester   :   Fire end() for ObjectCreateRule[className=org.apache.tomcat.util.modeler.ParameterInfo, attributeName=null]
2023-01-04 17:44:52.733 DEBUG 3888 --- [kground-preinit] o.apache.tomcat.util.digester.Digester   : [ObjectCreateRule]{mbeans-descriptors/mbean/operation/parameter} Pop org.apache.tomcat.util.modeler.ParameterInfo
2023-01-04 17:44:52.733 DEBUG 3888 --- [kground-preinit] o.a.tomcat.util.digester.Digester.sax    : characters(
      )
2023-01-04 17:44:52.733 DEBUG 3888 --- [kground-preinit] o.a.tomcat.util.digester.Digester.sax    : startElement(,,parameter)
2023-01-04 17:44:52.734 DEBUG 3888 --- [kground-preinit] o.apache.tomcat.util.digester.Digester   :   New match='mbeans-descriptors/mbean/operation/parameter'
2023-01-04 17:44:52.734 DEBUG 3888 --- [kground-preinit] o.apache.tomcat.util.digester.Digester   :   Fire begin() for ObjectCreateRule[className=org.apache.tomcat.util.modeler.ParameterInfo, attributeName=null]
2023-01-04 17:44:52.734 DEBUG 3888 --- [kground-preinit] o.apache.tomcat.util.digester.Digester   : [ObjectCreateRule]{mbeans-descriptors/mbean/operation/parameter}New org.apache.tomcat.util.modeler.ParameterInfo
2023-01-04 17:44:52.734 DEBUG 3888 --- [kground-preinit] o.apache.tomcat.util.digester.Digester   :   Fire begin() for SetPropertiesRule[]
2023-01-04 17:44:52.734 DEBUG 3888 --- [kground-preinit] o.apache.tomcat.util.digester.Digester   : [SetPropertiesRule]{mbeans-descriptors/mbean/operation/parameter} Set org.apache.tomcat.util.modeler.ParameterInfo properties
2023-01-04 17:44:52.735 DEBUG 3888 --- [kground-preinit] o.apache.tomcat.util.digester.Digester   : [SetPropertiesRule]{mbeans-descriptors/mbean/operation/parameter} Setting property 'name' to 'deployOnStartup'
2023-01-04 17:44:52.735 DEBUG 3888 --- [kground-preinit] o.apache.tomcat.util.IntrospectionUtils  : IntrospectionUtils: setProperty(class org.apache.tomcat.util.modeler.ParameterInfo name=deployOnStartup)
2023-01-04 17:44:52.735 DEBUG 3888 --- [kground-preinit] o.apache.tomcat.util.digester.Digester   : [SetPropertiesRule]{mbeans-descriptors/mbean/operation/parameter} Setting property 'description' to 'The deploy on startup flag for this Host'
2023-01-04 17:44:52.735 DEBUG 3888 --- [kground-preinit] o.apache.tomcat.util.IntrospectionUtils  : IntrospectionUtils: setProperty(class org.apache.tomcat.util.modeler.ParameterInfo description=The deploy on startup flag for this Host)
2023-01-04 17:44:52.735 DEBUG 3888 --- [kground-preinit] o.apache.tomcat.util.digester.Digester   : [SetPropertiesRule]{mbeans-descriptors/mbean/operation/parameter} Setting property 'type' to 'boolean'
2023-01-04 17:44:52.735 DEBUG 3888 --- [kground-preinit] o.apache.tomcat.util.IntrospectionUtils  : IntrospectionUtils: setProperty(class org.apache.tomcat.util.modeler.ParameterInfo type=boolean)
2023-01-04 17:44:52.735 DEBUG 3888 --- [kground-preinit] o.apache.tomcat.util.digester.Digester   :   Fire begin() for SetNextRule[methodName=addParameter, paramType=org.apache.tomcat.util.modeler.ParameterInfo]
2023-01-04 17:44:52.735 DEBUG 3888 --- [kground-preinit] o.a.tomcat.util.digester.Digester.sax    : endElement(,,parameter)
2023-01-04 17:44:52.736 DEBUG 3888 --- [kground-preinit] o.apache.tomcat.util.digester.Digester   :   match='mbeans-descriptors/mbean/operation/parameter'
2023-01-04 17:44:52.736 DEBUG 3888 --- [kground-preinit] o.apache.tomcat.util.digester.Digester   :   bodyText=''
2023-01-04 17:44:52.736 DEBUG 3888 --- [kground-preinit] o.apache.tomcat.util.digester.Digester   :   Fire body() for ObjectCreateRule[className=org.apache.tomcat.util.modeler.ParameterInfo, attributeName=null]
2023-01-04 17:44:52.736 DEBUG 3888 --- [kground-preinit] o.apache.tomcat.util.digester.Digester   :   Fire body() for SetPropertiesRule[]
2023-01-04 17:44:52.736 DEBUG 3888 --- [kground-preinit] o.apache.tomcat.util.digester.Digester   :   Fire body() for SetNextRule[methodName=addParameter, paramType=org.apache.tomcat.util.modeler.ParameterInfo]
2023-01-04 17:44:52.736 DEBUG 3888 --- [kground-preinit] o.apache.tomcat.util.digester.Digester   :   Fire end() for SetNextRule[methodName=addParameter, paramType=org.apache.tomcat.util.modeler.ParameterInfo]
2023-01-04 17:44:52.736 DEBUG 3888 --- [kground-preinit] o.apache.tomcat.util.digester.Digester   : [SetNextRule]{mbeans-descriptors/mbean/operation/parameter} Call org.apache.tomcat.util.modeler.OperationInfo.addParameter(org.apache.tomcat.util.modeler.ParameterInfo@698d9bd8)
2023-01-04 17:44:52.736 DEBUG 3888 --- [kground-preinit] o.apache.tomcat.util.IntrospectionUtils  : IntrospectionUtils: callMethod1 org.apache.tomcat.util.modeler.OperationInfo org.apache.tomcat.util.modeler.ParameterInfo org.apache.tomcat.util.modeler.ParameterInfo
2023-01-04 17:44:52.736 DEBUG 3888 --- [kground-preinit] o.apache.tomcat.util.digester.Digester   :   Fire end() for SetPropertiesRule[]
2023-01-04 17:44:52.736 DEBUG 3888 --- [kground-preinit] o.apache.tomcat.util.digester.Digester   :   Fire end() for ObjectCreateRule[className=org.apache.tomcat.util.modeler.ParameterInfo, attributeName=null]
2023-01-04 17:44:52.737 DEBUG 3888 --- [kground-preinit] o.apache.tomcat.util.digester.Digester   : [ObjectCreateRule]{mbeans-descriptors/mbean/operation/parameter} Pop org.apache.tomcat.util.modeler.ParameterInfo
2023-01-04 17:44:52.737 DEBUG 3888 --- [kground-preinit] o.a.tomcat.util.digester.Digester.sax    : characters(
      )
2023-01-04 17:44:52.737 DEBUG 3888 --- [kground-preinit] o.a.tomcat.util.digester.Digester.sax    : startElement(,,parameter)
2023-01-04 17:44:52.737 DEBUG 3888 --- [kground-preinit] o.apache.tomcat.util.digester.Digester   :   New match='mbeans-descriptors/mbean/operation/parameter'
2023-01-04 17:44:52.737 DEBUG 3888 --- [kground-preinit] o.apache.tomcat.util.digester.Digester   :   Fire begin() for ObjectCreateRule[className=org.apache.tomcat.util.modeler.ParameterInfo, attributeName=null]
2023-01-04 17:44:52.737 DEBUG 3888 --- [kground-preinit] o.apache.tomcat.util.digester.Digester   : [ObjectCreateRule]{mbeans-descriptors/mbean/operation/parameter}New org.apache.tomcat.util.modeler.ParameterInfo
2023-01-04 17:44:52.738 DEBUG 3888 --- [kground-preinit] o.apache.tomcat.util.digester.Digester   :   Fire begin() for SetPropertiesRule[]
2023-01-04 17:44:52.738 DEBUG 3888 --- [kground-preinit] o.apache.tomcat.util.digester.Digester   : [SetPropertiesRule]{mbeans-descriptors/mbean/operation/parameter} Set org.apache.tomcat.util.modeler.ParameterInfo properties
2023-01-04 17:44:52.738 DEBUG 3888 --- [kground-preinit] o.apache.tomcat.util.digester.Digester   : [SetPropertiesRule]{mbeans-descriptors/mbean/operation/parameter} Setting property 'name' to 'deployXML'
2023-01-04 17:44:52.738 DEBUG 3888 --- [kground-preinit] o.apache.tomcat.util.IntrospectionUtils  : IntrospectionUtils: setProperty(class org.apache.tomcat.util.modeler.ParameterInfo name=deployXML)
2023-01-04 17:44:52.738 DEBUG 3888 --- [kground-preinit] o.apache.tomcat.util.digester.Digester   : [SetPropertiesRule]{mbeans-descriptors/mbean/operation/parameter} Setting property 'description' to 'deploy Context XML config files property'
2023-01-04 17:44:52.738 DEBUG 3888 --- [kground-preinit] o.apache.tomcat.util.IntrospectionUtils  : IntrospectionUtils: setProperty(class org.apache.tomcat.util.modeler.ParameterInfo description=deploy Context XML config files property)
2023-01-04 17:44:52.738 DEBUG 3888 --- [kground-preinit] o.apache.tomcat.util.digester.Digester   : [SetPropertiesRule]{mbeans-descriptors/mbean/operation/parameter} Setting property 'type' to 'boolean'
2023-01-04 17:44:52.738 DEBUG 3888 --- [kground-preinit] o.apache.tomcat.util.IntrospectionUtils  : IntrospectionUtils: setProperty(class org.apache.tomcat.util.modeler.ParameterInfo type=boolean)
2023-01-04 17:44:52.739 DEBUG 3888 --- [kground-preinit] o.apache.tomcat.util.digester.Digester   :   Fire begin() for SetNextRule[methodName=addParameter, paramType=org.apache.tomcat.util.modeler.ParameterInfo]
2023-01-04 17:44:52.739 DEBUG 3888 --- [kground-preinit] o.a.tomcat.util.digester.Digester.sax    : endElement(,,parameter)
2023-01-04 17:44:52.739 DEBUG 3888 --- [kground-preinit] o.apache.tomcat.util.digester.Digester   :   match='mbeans-descriptors/mbean/operation/parameter'
2023-01-04 17:44:52.739 DEBUG 3888 --- [kground-preinit] o.apache.tomcat.util.digester.Digester   :   bodyText=''
2023-01-04 17:44:52.739 DEBUG 3888 --- [kground-preinit] o.apache.tomcat.util.digester.Digester   :   Fire body() for ObjectCreateRule[className=org.apache.tomcat.util.modeler.ParameterInfo, attributeName=null]
2023-01-04 17:44:52.739 DEBUG 3888 --- [kground-preinit] o.apache.tomcat.util.digester.Digester   :   Fire body() for SetPropertiesRule[]
2023-01-04 17:44:52.739 DEBUG 3888 --- [kground-preinit] o.apache.tomcat.util.digester.Digester   :   Fire body() for SetNextRule[methodName=addParameter, paramType=org.apache.tomcat.util.modeler.ParameterInfo]
2023-01-04 17:44:52.739 DEBUG 3888 --- [kground-preinit] o.apache.tomcat.util.digester.Digester   :   Fire end() for SetNextRule[methodName=addParameter, paramType=org.apache.tomcat.util.modeler.ParameterInfo]
2023-01-04 17:44:52.740 DEBUG 3888 --- [kground-preinit] o.apache.tomcat.util.digester.Digester   : [SetNextRule]{mbeans-descriptors/mbean/operation/parameter} Call org.apache.tomcat.util.modeler.OperationInfo.addParameter(org.apache.tomcat.util.modeler.ParameterInfo@11dd2f71)
2023-01-04 17:44:52.740 DEBUG 3888 --- [kground-preinit] o.apache.tomcat.util.IntrospectionUtils  : IntrospectionUtils: callMethod1 org.apache.tomcat.util.modeler.OperationInfo org.apache.tomcat.util.modeler.ParameterInfo org.apache.tomcat.util.modeler.ParameterInfo
2023-01-04 17:44:52.740 DEBUG 3888 --- [kground-preinit] o.apache.tomcat.util.digester.Digester   :   Fire end() for SetPropertiesRule[]
2023-01-04 17:44:52.740 DEBUG 3888 --- [kground-preinit] o.apache.tomcat.util.digester.Digester   :   Fire end() for ObjectCreateRule[className=org.apache.tomcat.util.modeler.ParameterInfo, attributeName=null]
2023-01-04 17:44:52.740 DEBUG 3888 --- [kground-preinit] o.apache.tomcat.util.digester.Digester   : [ObjectCreateRule]{mbeans-descriptors/mbean/operation/parameter} Pop org.apache.tomcat.util.modeler.ParameterInfo
2023-01-04 17:44:52.740 DEBUG 3888 --- [kground-preinit] o.a.tomcat.util.digester.Digester.sax    : characters(
      )
2023-01-04 17:44:52.740 DEBUG 3888 --- [kground-preinit] o.a.tomcat.util.digester.Digester.sax    : startElement(,,parameter)
2023-01-04 17:44:52.740 DEBUG 3888 --- [kground-preinit] o.apache.tomcat.util.digester.Digester   :   New match='mbeans-descriptors/mbean/operation/parameter'
2023-01-04 17:44:52.740 DEBUG 3888 --- [kground-preinit] o.apache.tomcat.util.digester.Digester   :   Fire begin() for ObjectCreateRule[className=org.apache.tomcat.util.modeler.ParameterInfo, attributeName=null]
2023-01-04 17:44:52.740 DEBUG 3888 --- [kground-preinit] o.apache.tomcat.util.digester.Digester   : [ObjectCreateRule]{mbeans-descriptors/mbean/operation/parameter}New org.apache.tomcat.util.modeler.ParameterInfo
2023-01-04 17:44:52.740 DEBUG 3888 --- [kground-preinit] o.apache.tomcat.util.digester.Digester   :   Fire begin() for SetPropertiesRule[]
2023-01-04 17:44:52.740 DEBUG 3888 --- [kground-preinit] o.apache.tomcat.util.digester.Digester   : [SetPropertiesRule]{mbeans-descriptors/mbean/operation/parameter} Set org.apache.tomcat.util.modeler.ParameterInfo properties
2023-01-04 17:44:52.741 DEBUG 3888 --- [kground-preinit] o.apache.tomcat.util.digester.Digester   : [SetPropertiesRule]{mbeans-descriptors/mbean/operation/parameter} Setting property 'name' to 'unpackWARs'
2023-01-04 17:44:52.741 DEBUG 3888 --- [kground-preinit] o.apache.tomcat.util.IntrospectionUtils  : IntrospectionUtils: setProperty(class org.apache.tomcat.util.modeler.ParameterInfo name=unpackWARs)
2023-01-04 17:44:52.741 DEBUG 3888 --- [kground-preinit] o.apache.tomcat.util.digester.Digester   : [SetPropertiesRule]{mbeans-descriptors/mbean/operation/parameter} Setting property 'description' to 'Unpack WARs property'
2023-01-04 17:44:52.741 DEBUG 3888 --- [kground-preinit] o.apache.tomcat.util.IntrospectionUtils  : IntrospectionUtils: setProperty(class org.apache.tomcat.util.modeler.ParameterInfo description=Unpack WARs property)
2023-01-04 17:44:52.741 DEBUG 3888 --- [kground-preinit] o.apache.tomcat.util.digester.Digester   : [SetPropertiesRule]{mbeans-descriptors/mbean/operation/parameter} Setting property 'type' to 'boolean'
2023-01-04 17:44:52.741 DEBUG 3888 --- [kground-preinit] o.apache.tomcat.util.IntrospectionUtils  : IntrospectionUtils: setProperty(class org.apache.tomcat.util.modeler.ParameterInfo type=boolean)
2023-01-04 17:44:52.741 DEBUG 3888 --- [kground-preinit] o.apache.tomcat.util.digester.Digester   :   Fire begin() for SetNextRule[methodName=addParameter, paramType=org.apache.tomcat.util.modeler.ParameterInfo]
2023-01-04 17:44:52.741 DEBUG 3888 --- [kground-preinit] o.a.tomcat.util.digester.Digester.sax    : endElement(,,parameter)
2023-01-04 17:44:52.741 DEBUG 3888 --- [kground-preinit] o.apache.tomcat.util.digester.Digester   :   match='mbeans-descriptors/mbean/operation/parameter'
2023-01-04 17:44:52.741 DEBUG 3888 --- [kground-preinit] o.apache.tomcat.util.digester.Digester   :   bodyText=''
2023-01-04 17:44:52.742 DEBUG 3888 --- [kground-preinit] o.apache.tomcat.util.digester.Digester   :   Fire body() for ObjectCreateRule[className=org.apache.tomcat.util.modeler.ParameterInfo, attributeName=null]
2023-01-04 17:44:52.742 DEBUG 3888 --- [kground-preinit] o.apache.tomcat.util.digester.Digester   :   Fire body() for SetPropertiesRule[]
2023-01-04 17:44:52.742 DEBUG 3888 --- [kground-preinit] o.apache.tomcat.util.digester.Digester   :   Fire body() for SetNextRule[methodName=addParameter, paramType=org.apache.tomcat.util.modeler.ParameterInfo]
2023-01-04 17:44:52.742 DEBUG 3888 --- [kground-preinit] o.apache.tomcat.util.digester.Digester   :   Fire end() for SetNextRule[methodName=addParameter, paramType=org.apache.tomcat.util.modeler.ParameterInfo]
2023-01-04 17:44:52.742 DEBUG 3888 --- [kground-preinit] o.apache.tomcat.util.digester.Digester   : [SetNextRule]{mbeans-descriptors/mbean/operation/parameter} Call org.apache.tomcat.util.modeler.OperationInfo.addParameter(org.apache.tomcat.util.modeler.ParameterInfo@5c3e15ee)
2023-01-04 17:44:52.742 DEBUG 3888 --- [kground-preinit] o.apache.tomcat.util.IntrospectionUtils  : IntrospectionUtils: callMethod1 org.apache.tomcat.util.modeler.OperationInfo org.apache.tomcat.util.modeler.ParameterInfo org.apache.tomcat.util.modeler.ParameterInfo
2023-01-04 17:44:52.742 DEBUG 3888 --- [kground-preinit] o.apache.tomcat.util.digester.Digester   :   Fire end() for SetPropertiesRule[]
2023-01-04 17:44:52.743 DEBUG 3888 --- [kground-preinit] o.apache.tomcat.util.digester.Digester   :   Fire end() for ObjectCreateRule[className=org.apache.tomcat.util.modeler.ParameterInfo, attributeName=null]
2023-01-04 17:44:52.743 DEBUG 3888 --- [kground-preinit] o.apache.tomcat.util.digester.Digester   : [ObjectCreateRule]{mbeans-descriptors/mbean/operation/parameter} Pop org.apache.tomcat.util.modeler.ParameterInfo
2023-01-04 17:44:52.743 DEBUG 3888 --- [kground-preinit] o.a.tomcat.util.digester.Digester.sax    : characters(
    )
2023-01-04 17:44:52.743 DEBUG 3888 --- [kground-preinit] o.a.tomcat.util.digester.Digester.sax    : endElement(,,operation)
2023-01-04 17:44:52.744 DEBUG 3888 --- [kground-preinit] o.apache.tomcat.util.digester.Digester   :   match='mbeans-descriptors/mbean/operation'
2023-01-04 17:44:52.744 DEBUG 3888 --- [kground-preinit] o.apache.tomcat.util.digester.Digester   :   bodyText='
      
      
      
      
      
      
      
    '
2023-01-04 17:44:52.744 DEBUG 3888 --- [kground-preinit] o.apache.tomcat.util.digester.Digester   :   Fire body() for ObjectCreateRule[className=org.apache.tomcat.util.modeler.OperationInfo, attributeName=null]
2023-01-04 17:44:52.744 DEBUG 3888 --- [kground-preinit] o.apache.tomcat.util.digester.Digester   :   Fire body() for SetPropertiesRule[]
2023-01-04 17:44:52.744 DEBUG 3888 --- [kground-preinit] o.apache.tomcat.util.digester.Digester   :   Fire body() for SetNextRule[methodName=addOperation, paramType=org.apache.tomcat.util.modeler.OperationInfo]
2023-01-04 17:44:52.744 DEBUG 3888 --- [kground-preinit] o.apache.tomcat.util.digester.Digester   :   Fire end() for SetNextRule[methodName=addOperation, paramType=org.apache.tomcat.util.modeler.OperationInfo]
2023-01-04 17:44:52.744 DEBUG 3888 --- [kground-preinit] o.apache.tomcat.util.digester.Digester   : [SetNextRule]{mbeans-descriptors/mbean/operation} Call org.apache.tomcat.util.modeler.ManagedBean.addOperation(org.apache.tomcat.util.modeler.OperationInfo@bc20f0)
2023-01-04 17:44:52.744 DEBUG 3888 --- [kground-preinit] o.apache.tomcat.util.IntrospectionUtils  : IntrospectionUtils: callMethod1 org.apache.tomcat.util.modeler.ManagedBean org.apache.tomcat.util.modeler.OperationInfo org.apache.tomcat.util.modeler.OperationInfo
2023-01-04 17:44:52.744 DEBUG 3888 --- [kground-preinit] o.apache.tomcat.util.digester.Digester   :   Fire end() for SetPropertiesRule[]
2023-01-04 17:44:52.744 DEBUG 3888 --- [kground-preinit] o.apache.tomcat.util.digester.Digester   :   Fire end() for ObjectCreateRule[className=org.apache.tomcat.util.modeler.OperationInfo, attributeName=null]
2023-01-04 17:44:52.744 DEBUG 3888 --- [kground-preinit] o.apache.tomcat.util.digester.Digester   : [ObjectCreateRule]{mbeans-descriptors/mbean/operation} Pop org.apache.tomcat.util.modeler.OperationInfo
2023-01-04 17:44:52.744 DEBUG 3888 --- [kground-preinit] o.a.tomcat.util.digester.Digester.sax    : characters(


    )
2023-01-04 17:44:52.745 DEBUG 3888 --- [kground-preinit] o.a.tomcat.util.digester.Digester.sax    : startElement(,,operation)
2023-01-04 17:44:52.745 DEBUG 3888 --- [kground-preinit] o.apache.tomcat.util.digester.Digester   :   New match='mbeans-descriptors/mbean/operation'
2023-01-04 17:44:52.745 DEBUG 3888 --- [kground-preinit] o.apache.tomcat.util.digester.Digester   :   Fire begin() for ObjectCreateRule[className=org.apache.tomcat.util.modeler.OperationInfo, attributeName=null]
2023-01-04 17:44:52.745 DEBUG 3888 --- [kground-preinit] o.apache.tomcat.util.digester.Digester   : [ObjectCreateRule]{mbeans-descriptors/mbean/operation}New org.apache.tomcat.util.modeler.OperationInfo
2023-01-04 17:44:52.745 DEBUG 3888 --- [kground-preinit] o.apache.tomcat.util.digester.Digester   :   Fire begin() for SetPropertiesRule[]
2023-01-04 17:44:52.745 DEBUG 3888 --- [kground-preinit] o.apache.tomcat.util.digester.Digester   : [SetPropertiesRule]{mbeans-descriptors/mbean/operation} Set org.apache.tomcat.util.modeler.OperationInfo properties
2023-01-04 17:44:52.745 DEBUG 3888 --- [kground-preinit] o.apache.tomcat.util.digester.Digester   : [SetPropertiesRule]{mbeans-descriptors/mbean/operation} Setting property 'name' to 'createStandardManager'
2023-01-04 17:44:52.745 DEBUG 3888 --- [kground-preinit] o.apache.tomcat.util.IntrospectionUtils  : IntrospectionUtils: setProperty(class org.apache.tomcat.util.modeler.OperationInfo name=createStandardManager)
2023-01-04 17:44:52.745 DEBUG 3888 --- [kground-preinit] o.apache.tomcat.util.digester.Digester   : [SetPropertiesRule]{mbeans-descriptors/mbean/operation} Setting property 'description' to 'Create a new StandardManager'
2023-01-04 17:44:52.745 DEBUG 3888 --- [kground-preinit] o.apache.tomcat.util.IntrospectionUtils  : IntrospectionUtils: setProperty(class org.apache.tomcat.util.modeler.OperationInfo description=Create a new StandardManager)
2023-01-04 17:44:52.745 DEBUG 3888 --- [kground-preinit] o.apache.tomcat.util.digester.Digester   : [SetPropertiesRule]{mbeans-descriptors/mbean/operation} Setting property 'impact' to 'ACTION'
2023-01-04 17:44:52.746 DEBUG 3888 --- [kground-preinit] o.apache.tomcat.util.IntrospectionUtils  : IntrospectionUtils: setProperty(class org.apache.tomcat.util.modeler.OperationInfo impact=ACTION)
2023-01-04 17:44:52.746 DEBUG 3888 --- [kground-preinit] o.apache.tomcat.util.digester.Digester   : [SetPropertiesRule]{mbeans-descriptors/mbean/operation} Setting property 'returnType' to 'java.lang.String'
2023-01-04 17:44:52.746 DEBUG 3888 --- [kground-preinit] o.apache.tomcat.util.IntrospectionUtils  : IntrospectionUtils: setProperty(class org.apache.tomcat.util.modeler.OperationInfo returnType=java.lang.String)
2023-01-04 17:44:52.746 DEBUG 3888 --- [kground-preinit] o.apache.tomcat.util.digester.Digester   :   Fire begin() for SetNextRule[methodName=addOperation, paramType=org.apache.tomcat.util.modeler.OperationInfo]
2023-01-04 17:44:52.746 DEBUG 3888 --- [kground-preinit] o.a.tomcat.util.digester.Digester.sax    : characters(
      )
2023-01-04 17:44:52.746 DEBUG 3888 --- [kground-preinit] o.a.tomcat.util.digester.Digester.sax    : startElement(,,parameter)
2023-01-04 17:44:52.746 DEBUG 3888 --- [kground-preinit] o.apache.tomcat.util.digester.Digester   :   New match='mbeans-descriptors/mbean/operation/parameter'
2023-01-04 17:44:52.746 DEBUG 3888 --- [kground-preinit] o.apache.tomcat.util.digester.Digester   :   Fire begin() for ObjectCreateRule[className=org.apache.tomcat.util.modeler.ParameterInfo, attributeName=null]
2023-01-04 17:44:52.746 DEBUG 3888 --- [kground-preinit] o.apache.tomcat.util.digester.Digester   : [ObjectCreateRule]{mbeans-descriptors/mbean/operation/parameter}New org.apache.tomcat.util.modeler.ParameterInfo
2023-01-04 17:44:52.746 DEBUG 3888 --- [kground-preinit] o.apache.tomcat.util.digester.Digester   :   Fire begin() for SetPropertiesRule[]
2023-01-04 17:44:52.747 DEBUG 3888 --- [kground-preinit] o.apache.tomcat.util.digester.Digester   : [SetPropertiesRule]{mbeans-descriptors/mbean/operation/parameter} Set org.apache.tomcat.util.modeler.ParameterInfo properties
2023-01-04 17:44:52.747 DEBUG 3888 --- [kground-preinit] o.apache.tomcat.util.digester.Digester   : [SetPropertiesRule]{mbeans-descriptors/mbean/operation/parameter} Setting property 'name' to 'parent'
2023-01-04 17:44:52.747 DEBUG 3888 --- [kground-preinit] o.apache.tomcat.util.IntrospectionUtils  : IntrospectionUtils: setProperty(class org.apache.tomcat.util.modeler.ParameterInfo name=parent)
2023-01-04 17:44:52.747 DEBUG 3888 --- [kground-preinit] o.apache.tomcat.util.digester.Digester   : [SetPropertiesRule]{mbeans-descriptors/mbean/operation/parameter} Setting property 'description' to 'MBean Name of the associated parent component'
2023-01-04 17:44:52.747 DEBUG 3888 --- [kground-preinit] o.apache.tomcat.util.IntrospectionUtils  : IntrospectionUtils: setProperty(class org.apache.tomcat.util.modeler.ParameterInfo description=MBean Name of the associated parent component)
2023-01-04 17:44:52.747 DEBUG 3888 --- [kground-preinit] o.apache.tomcat.util.digester.Digester   : [SetPropertiesRule]{mbeans-descriptors/mbean/operation/parameter} Setting property 'type' to 'java.lang.String'
2023-01-04 17:44:52.747 DEBUG 3888 --- [kground-preinit] o.apache.tomcat.util.IntrospectionUtils  : IntrospectionUtils: setProperty(class org.apache.tomcat.util.modeler.ParameterInfo type=java.lang.String)
2023-01-04 17:44:52.747 DEBUG 3888 --- [kground-preinit] o.apache.tomcat.util.digester.Digester   :   Fire begin() for SetNextRule[methodName=addParameter, paramType=org.apache.tomcat.util.modeler.ParameterInfo]
2023-01-04 17:44:52.747 DEBUG 3888 --- [kground-preinit] o.a.tomcat.util.digester.Digester.sax    : endElement(,,parameter)
2023-01-04 17:44:52.747 DEBUG 3888 --- [kground-preinit] o.apache.tomcat.util.digester.Digester   :   match='mbeans-descriptors/mbean/operation/parameter'
2023-01-04 17:44:52.747 DEBUG 3888 --- [kground-preinit] o.apache.tomcat.util.digester.Digester   :   bodyText=''
2023-01-04 17:44:52.747 DEBUG 3888 --- [kground-preinit] o.apache.tomcat.util.digester.Digester   :   Fire body() for ObjectCreateRule[className=org.apache.tomcat.util.modeler.ParameterInfo, attributeName=null]
2023-01-04 17:44:52.747 DEBUG 3888 --- [kground-preinit] o.apache.tomcat.util.digester.Digester   :   Fire body() for SetPropertiesRule[]
2023-01-04 17:44:52.747 DEBUG 3888 --- [kground-preinit] o.apache.tomcat.util.digester.Digester   :   Fire body() for SetNextRule[methodName=addParameter, paramType=org.apache.tomcat.util.modeler.ParameterInfo]
2023-01-04 17:44:52.748 DEBUG 3888 --- [kground-preinit] o.apache.tomcat.util.digester.Digester   :   Fire end() for SetNextRule[methodName=addParameter, paramType=org.apache.tomcat.util.modeler.ParameterInfo]
2023-01-04 17:44:52.748 DEBUG 3888 --- [kground-preinit] o.apache.tomcat.util.digester.Digester   : [SetNextRule]{mbeans-descriptors/mbean/operation/parameter} Call org.apache.tomcat.util.modeler.OperationInfo.addParameter(org.apache.tomcat.util.modeler.ParameterInfo@56a3864)
2023-01-04 17:44:52.748 DEBUG 3888 --- [kground-preinit] o.apache.tomcat.util.IntrospectionUtils  : IntrospectionUtils: callMethod1 org.apache.tomcat.util.modeler.OperationInfo org.apache.tomcat.util.modeler.ParameterInfo org.apache.tomcat.util.modeler.ParameterInfo
2023-01-04 17:44:52.748 DEBUG 3888 --- [kground-preinit] o.apache.tomcat.util.digester.Digester   :   Fire end() for SetPropertiesRule[]
2023-01-04 17:44:52.748 DEBUG 3888 --- [kground-preinit] o.apache.tomcat.util.digester.Digester   :   Fire end() for ObjectCreateRule[className=org.apache.tomcat.util.modeler.ParameterInfo, attributeName=null]
2023-01-04 17:44:52.748 DEBUG 3888 --- [kground-preinit] o.apache.tomcat.util.digester.Digester   : [ObjectCreateRule]{mbeans-descriptors/mbean/operation/parameter} Pop org.apache.tomcat.util.modeler.ParameterInfo
2023-01-04 17:44:52.748 DEBUG 3888 --- [kground-preinit] o.a.tomcat.util.digester.Digester.sax    : characters(
    )
2023-01-04 17:44:52.748 DEBUG 3888 --- [kground-preinit] o.a.tomcat.util.digester.Digester.sax    : endElement(,,operation)
2023-01-04 17:44:52.748 DEBUG 3888 --- [kground-preinit] o.apache.tomcat.util.digester.Digester   :   match='mbeans-descriptors/mbean/operation'
2023-01-04 17:44:52.749 DEBUG 3888 --- [kground-preinit] o.apache.tomcat.util.digester.Digester   :   bodyText='
      
    '
2023-01-04 17:44:52.749 DEBUG 3888 --- [kground-preinit] o.apache.tomcat.util.digester.Digester   :   Fire body() for ObjectCreateRule[className=org.apache.tomcat.util.modeler.OperationInfo, attributeName=null]
2023-01-04 17:44:52.749 DEBUG 3888 --- [kground-preinit] o.apache.tomcat.util.digester.Digester   :   Fire body() for SetPropertiesRule[]
2023-01-04 17:44:52.749 DEBUG 3888 --- [kground-preinit] o.apache.tomcat.util.digester.Digester   :   Fire body() for SetNextRule[methodName=addOperation, paramType=org.apache.tomcat.util.modeler.OperationInfo]
2023-01-04 17:44:52.749 DEBUG 3888 --- [kground-preinit] o.apache.tomcat.util.digester.Digester   :   Fire end() for SetNextRule[methodName=addOperation, paramType=org.apache.tomcat.util.modeler.OperationInfo]
2023-01-04 17:44:52.749 DEBUG 3888 --- [kground-preinit] o.apache.tomcat.util.digester.Digester   : [SetNextRule]{mbeans-descriptors/mbean/operation} Call org.apache.tomcat.util.modeler.ManagedBean.addOperation(org.apache.tomcat.util.modeler.OperationInfo@7db4391f)
2023-01-04 17:44:52.749 DEBUG 3888 --- [kground-preinit] o.apache.tomcat.util.IntrospectionUtils  : IntrospectionUtils: callMethod1 org.apache.tomcat.util.modeler.ManagedBean org.apache.tomcat.util.modeler.OperationInfo org.apache.tomcat.util.modeler.OperationInfo
2023-01-04 17:44:52.749 DEBUG 3888 --- [kground-preinit] o.apache.tomcat.util.digester.Digester   :   Fire end() for SetPropertiesRule[]
2023-01-04 17:44:52.749 DEBUG 3888 --- [kground-preinit] o.apache.tomcat.util.digester.Digester   :   Fire end() for ObjectCreateRule[className=org.apache.tomcat.util.modeler.OperationInfo, attributeName=null]
2023-01-04 17:44:52.749 DEBUG 3888 --- [kground-preinit] o.apache.tomcat.util.digester.Digester   : [ObjectCreateRule]{mbeans-descriptors/mbean/operation} Pop org.apache.tomcat.util.modeler.OperationInfo
2023-01-04 17:44:52.749 DEBUG 3888 --- [kground-preinit] o.a.tomcat.util.digester.Digester.sax    : characters(

    )
2023-01-04 17:44:52.750 DEBUG 3888 --- [kground-preinit] o.a.tomcat.util.digester.Digester.sax    : startElement(,,operation)
2023-01-04 17:44:52.750 DEBUG 3888 --- [kground-preinit] o.apache.tomcat.util.digester.Digester   :   New match='mbeans-descriptors/mbean/operation'
2023-01-04 17:44:52.750 DEBUG 3888 --- [kground-preinit] o.apache.tomcat.util.digester.Digester   :   Fire begin() for ObjectCreateRule[className=org.apache.tomcat.util.modeler.OperationInfo, attributeName=null]
2023-01-04 17:44:52.750 DEBUG 3888 --- [kground-preinit] o.apache.tomcat.util.digester.Digester   : [ObjectCreateRule]{mbeans-descriptors/mbean/operation}New org.apache.tomcat.util.modeler.OperationInfo
2023-01-04 17:44:52.750 DEBUG 3888 --- [kground-preinit] o.apache.tomcat.util.digester.Digester   :   Fire begin() for SetPropertiesRule[]
2023-01-04 17:44:52.751 DEBUG 3888 --- [kground-preinit] o.apache.tomcat.util.digester.Digester   : [SetPropertiesRule]{mbeans-descriptors/mbean/operation} Set org.apache.tomcat.util.modeler.OperationInfo properties
2023-01-04 17:44:52.751 DEBUG 3888 --- [kground-preinit] o.apache.tomcat.util.digester.Digester   : [SetPropertiesRule]{mbeans-descriptors/mbean/operation} Setting property 'name' to 'createUserDatabaseRealm'
2023-01-04 17:44:52.751 DEBUG 3888 --- [kground-preinit] o.apache.tomcat.util.IntrospectionUtils  : IntrospectionUtils: setProperty(class org.apache.tomcat.util.modeler.OperationInfo name=createUserDatabaseRealm)
2023-01-04 17:44:52.751 DEBUG 3888 --- [kground-preinit] o.apache.tomcat.util.digester.Digester   : [SetPropertiesRule]{mbeans-descriptors/mbean/operation} Setting property 'description' to 'Create a new UserDatabase Realm'
2023-01-04 17:44:52.751 DEBUG 3888 --- [kground-preinit] o.apache.tomcat.util.IntrospectionUtils  : IntrospectionUtils: setProperty(class org.apache.tomcat.util.modeler.OperationInfo description=Create a new UserDatabase Realm)
2023-01-04 17:44:52.751 DEBUG 3888 --- [kground-preinit] o.apache.tomcat.util.digester.Digester   : [SetPropertiesRule]{mbeans-descriptors/mbean/operation} Setting property 'impact' to 'ACTION'
2023-01-04 17:44:52.751 DEBUG 3888 --- [kground-preinit] o.apache.tomcat.util.IntrospectionUtils  : IntrospectionUtils: setProperty(class org.apache.tomcat.util.modeler.OperationInfo impact=ACTION)
2023-01-04 17:44:52.751 DEBUG 3888 --- [kground-preinit] o.apache.tomcat.util.digester.Digester   : [SetPropertiesRule]{mbeans-descriptors/mbean/operation} Setting property 'returnType' to 'java.lang.String'
2023-01-04 17:44:52.751 DEBUG 3888 --- [kground-preinit] o.apache.tomcat.util.IntrospectionUtils  : IntrospectionUtils: setProperty(class org.apache.tomcat.util.modeler.OperationInfo returnType=java.lang.String)
2023-01-04 17:44:52.752 DEBUG 3888 --- [kground-preinit] o.apache.tomcat.util.digester.Digester   :   Fire begin() for SetNextRule[methodName=addOperation, paramType=org.apache.tomcat.util.modeler.OperationInfo]
2023-01-04 17:44:52.752 DEBUG 3888 --- [kground-preinit] o.a.tomcat.util.digester.Digester.sax    : characters(
      )
2023-01-04 17:44:52.752 DEBUG 3888 --- [kground-preinit] o.a.tomcat.util.digester.Digester.sax    : startElement(,,parameter)
2023-01-04 17:44:52.752 DEBUG 3888 --- [kground-preinit] o.apache.tomcat.util.digester.Digester   :   New match='mbeans-descriptors/mbean/operation/parameter'
2023-01-04 17:44:52.752 DEBUG 3888 --- [kground-preinit] o.apache.tomcat.util.digester.Digester   :   Fire begin() for ObjectCreateRule[className=org.apache.tomcat.util.modeler.ParameterInfo, attributeName=null]
2023-01-04 17:44:52.752 DEBUG 3888 --- [kground-preinit] o.apache.tomcat.util.digester.Digester   : [ObjectCreateRule]{mbeans-descriptors/mbean/operation/parameter}New org.apache.tomcat.util.modeler.ParameterInfo
2023-01-04 17:44:52.752 DEBUG 3888 --- [kground-preinit] o.apache.tomcat.util.digester.Digester   :   Fire begin() for SetPropertiesRule[]
2023-01-04 17:44:52.752 DEBUG 3888 --- [kground-preinit] o.apache.tomcat.util.digester.Digester   : [SetPropertiesRule]{mbeans-descriptors/mbean/operation/parameter} Set org.apache.tomcat.util.modeler.ParameterInfo properties
2023-01-04 17:44:52.752 DEBUG 3888 --- [kground-preinit] o.apache.tomcat.util.digester.Digester   : [SetPropertiesRule]{mbeans-descriptors/mbean/operation/parameter} Setting property 'name' to 'parent'
2023-01-04 17:44:52.752 DEBUG 3888 --- [kground-preinit] o.apache.tomcat.util.IntrospectionUtils  : IntrospectionUtils: setProperty(class org.apache.tomcat.util.modeler.ParameterInfo name=parent)
2023-01-04 17:44:52.752 DEBUG 3888 --- [kground-preinit] o.apache.tomcat.util.digester.Digester   : [SetPropertiesRule]{mbeans-descriptors/mbean/operation/parameter} Setting property 'description' to 'MBean Name of the associated parent component'
2023-01-04 17:44:52.752 DEBUG 3888 --- [kground-preinit] o.apache.tomcat.util.IntrospectionUtils  : IntrospectionUtils: setProperty(class org.apache.tomcat.util.modeler.ParameterInfo description=MBean Name of the associated parent component)
2023-01-04 17:44:52.752 DEBUG 3888 --- [kground-preinit] o.apache.tomcat.util.digester.Digester   : [SetPropertiesRule]{mbeans-descriptors/mbean/operation/parameter} Setting property 'type' to 'java.lang.String'
2023-01-04 17:44:52.753 DEBUG 3888 --- [kground-preinit] o.apache.tomcat.util.IntrospectionUtils  : IntrospectionUtils: setProperty(class org.apache.tomcat.util.modeler.ParameterInfo type=java.lang.String)
2023-01-04 17:44:52.753 DEBUG 3888 --- [kground-preinit] o.apache.tomcat.util.digester.Digester   :   Fire begin() for SetNextRule[methodName=addParameter, paramType=org.apache.tomcat.util.modeler.ParameterInfo]
2023-01-04 17:44:52.753 DEBUG 3888 --- [kground-preinit] o.a.tomcat.util.digester.Digester.sax    : endElement(,,parameter)
2023-01-04 17:44:52.753 DEBUG 3888 --- [kground-preinit] o.apache.tomcat.util.digester.Digester   :   match='mbeans-descriptors/mbean/operation/parameter'
2023-01-04 17:44:52.753 DEBUG 3888 --- [kground-preinit] o.apache.tomcat.util.digester.Digester   :   bodyText=''
2023-01-04 17:44:52.753 DEBUG 3888 --- [kground-preinit] o.apache.tomcat.util.digester.Digester   :   Fire body() for ObjectCreateRule[className=org.apache.tomcat.util.modeler.ParameterInfo, attributeName=null]
2023-01-04 17:44:52.753 DEBUG 3888 --- [kground-preinit] o.apache.tomcat.util.digester.Digester   :   Fire body() for SetPropertiesRule[]
2023-01-04 17:44:52.753 DEBUG 3888 --- [kground-preinit] o.apache.tomcat.util.digester.Digester   :   Fire body() for SetNextRule[methodName=addParameter, paramType=org.apache.tomcat.util.modeler.ParameterInfo]
2023-01-04 17:44:52.753 DEBUG 3888 --- [kground-preinit] o.apache.tomcat.util.digester.Digester   :   Fire end() for SetNextRule[methodName=addParameter, paramType=org.apache.tomcat.util.modeler.ParameterInfo]
2023-01-04 17:44:52.753 DEBUG 3888 --- [kground-preinit] o.apache.tomcat.util.digester.Digester   : [SetNextRule]{mbeans-descriptors/mbean/operation/parameter} Call org.apache.tomcat.util.modeler.OperationInfo.addParameter(org.apache.tomcat.util.modeler.ParameterInfo@5109c222)
2023-01-04 17:44:52.753 DEBUG 3888 --- [kground-preinit] o.apache.tomcat.util.IntrospectionUtils  : IntrospectionUtils: callMethod1 org.apache.tomcat.util.modeler.OperationInfo org.apache.tomcat.util.modeler.ParameterInfo org.apache.tomcat.util.modeler.ParameterInfo
2023-01-04 17:44:52.753 DEBUG 3888 --- [kground-preinit] o.apache.tomcat.util.digester.Digester   :   Fire end() for SetPropertiesRule[]
2023-01-04 17:44:52.753 DEBUG 3888 --- [kground-preinit] o.apache.tomcat.util.digester.Digester   :   Fire end() for ObjectCreateRule[className=org.apache.tomcat.util.modeler.ParameterInfo, attributeName=null]
2023-01-04 17:44:52.753 DEBUG 3888 --- [kground-preinit] o.apache.tomcat.util.digester.Digester   : [ObjectCreateRule]{mbeans-descriptors/mbean/operation/parameter} Pop org.apache.tomcat.util.modeler.ParameterInfo
2023-01-04 17:44:52.753 DEBUG 3888 --- [kground-preinit] o.a.tomcat.util.digester.Digester.sax    : characters(
      )
2023-01-04 17:44:52.753 DEBUG 3888 --- [kground-preinit] o.a.tomcat.util.digester.Digester.sax    : startElement(,,parameter)
2023-01-04 17:44:52.753 DEBUG 3888 --- [kground-preinit] o.apache.tomcat.util.digester.Digester   :   New match='mbeans-descriptors/mbean/operation/parameter'
2023-01-04 17:44:52.753 DEBUG 3888 --- [kground-preinit] o.apache.tomcat.util.digester.Digester   :   Fire begin() for ObjectCreateRule[className=org.apache.tomcat.util.modeler.ParameterInfo, attributeName=null]
2023-01-04 17:44:52.753 DEBUG 3888 --- [kground-preinit] o.apache.tomcat.util.digester.Digester   : [ObjectCreateRule]{mbeans-descriptors/mbean/operation/parameter}New org.apache.tomcat.util.modeler.ParameterInfo
2023-01-04 17:44:52.753 DEBUG 3888 --- [kground-preinit] o.apache.tomcat.util.digester.Digester   :   Fire begin() for SetPropertiesRule[]
2023-01-04 17:44:52.753 DEBUG 3888 --- [kground-preinit] o.apache.tomcat.util.digester.Digester   : [SetPropertiesRule]{mbeans-descriptors/mbean/operation/parameter} Set org.apache.tomcat.util.modeler.ParameterInfo properties
2023-01-04 17:44:52.753 DEBUG 3888 --- [kground-preinit] o.apache.tomcat.util.digester.Digester   : [SetPropertiesRule]{mbeans-descriptors/mbean/operation/parameter} Setting property 'name' to 'resourceName'
2023-01-04 17:44:52.753 DEBUG 3888 --- [kground-preinit] o.apache.tomcat.util.IntrospectionUtils  : IntrospectionUtils: setProperty(class org.apache.tomcat.util.modeler.ParameterInfo name=resourceName)
2023-01-04 17:44:52.753 DEBUG 3888 --- [kground-preinit] o.apache.tomcat.util.digester.Digester   : [SetPropertiesRule]{mbeans-descriptors/mbean/operation/parameter} Setting property 'description' to 'Global JNDI resource name of our UserDatabase instance'
2023-01-04 17:44:52.753 DEBUG 3888 --- [kground-preinit] o.apache.tomcat.util.IntrospectionUtils  : IntrospectionUtils: setProperty(class org.apache.tomcat.util.modeler.ParameterInfo description=Global JNDI resource name of our UserDatabase instance)
2023-01-04 17:44:52.753 DEBUG 3888 --- [kground-preinit] o.apache.tomcat.util.digester.Digester   : [SetPropertiesRule]{mbeans-descriptors/mbean/operation/parameter} Setting property 'type' to 'java.lang.String'
2023-01-04 17:44:52.753 DEBUG 3888 --- [kground-preinit] o.apache.tomcat.util.IntrospectionUtils  : IntrospectionUtils: setProperty(class org.apache.tomcat.util.modeler.ParameterInfo type=java.lang.String)
2023-01-04 17:44:52.753 DEBUG 3888 --- [kground-preinit] o.apache.tomcat.util.digester.Digester   :   Fire begin() for SetNextRule[methodName=addParameter, paramType=org.apache.tomcat.util.modeler.ParameterInfo]
2023-01-04 17:44:52.753 DEBUG 3888 --- [kground-preinit] o.a.tomcat.util.digester.Digester.sax    : endElement(,,parameter)
2023-01-04 17:44:52.753 DEBUG 3888 --- [kground-preinit] o.apache.tomcat.util.digester.Digester   :   match='mbeans-descriptors/mbean/operation/parameter'
2023-01-04 17:44:52.753 DEBUG 3888 --- [kground-preinit] o.apache.tomcat.util.digester.Digester   :   bodyText=''
2023-01-04 17:44:52.753 DEBUG 3888 --- [kground-preinit] o.apache.tomcat.util.digester.Digester   :   Fire body() for ObjectCreateRule[className=org.apache.tomcat.util.modeler.ParameterInfo, attributeName=null]
2023-01-04 17:44:52.753 DEBUG 3888 --- [kground-preinit] o.apache.tomcat.util.digester.Digester   :   Fire body() for SetPropertiesRule[]
2023-01-04 17:44:52.753 DEBUG 3888 --- [kground-preinit] o.apache.tomcat.util.digester.Digester   :   Fire body() for SetNextRule[methodName=addParameter, paramType=org.apache.tomcat.util.modeler.ParameterInfo]
2023-01-04 17:44:52.753 DEBUG 3888 --- [kground-preinit] o.apache.tomcat.util.digester.Digester   :   Fire end() for SetNextRule[methodName=addParameter, paramType=org.apache.tomcat.util.modeler.ParameterInfo]
2023-01-04 17:44:52.753 DEBUG 3888 --- [kground-preinit] o.apache.tomcat.util.digester.Digester   : [SetNextRule]{mbeans-descriptors/mbean/operation/parameter} Call org.apache.tomcat.util.modeler.OperationInfo.addParameter(org.apache.tomcat.util.modeler.ParameterInfo@30d3d353)
2023-01-04 17:44:52.753 DEBUG 3888 --- [kground-preinit] o.apache.tomcat.util.IntrospectionUtils  : IntrospectionUtils: callMethod1 org.apache.tomcat.util.modeler.OperationInfo org.apache.tomcat.util.modeler.ParameterInfo org.apache.tomcat.util.modeler.ParameterInfo
2023-01-04 17:44:52.756 DEBUG 3888 --- [kground-preinit] o.apache.tomcat.util.digester.Digester   :   Fire end() for SetPropertiesRule[]
2023-01-04 17:44:52.756 DEBUG 3888 --- [kground-preinit] o.apache.tomcat.util.digester.Digester   :   Fire end() for ObjectCreateRule[className=org.apache.tomcat.util.modeler.ParameterInfo, attributeName=null]
2023-01-04 17:44:52.756 DEBUG 3888 --- [kground-preinit] o.apache.tomcat.util.digester.Digester   : [ObjectCreateRule]{mbeans-descriptors/mbean/operation/parameter} Pop org.apache.tomcat.util.modeler.ParameterInfo
2023-01-04 17:44:52.756 DEBUG 3888 --- [kground-preinit] o.a.tomcat.util.digester.Digester.sax    : characters(
    )
2023-01-04 17:44:52.756 DEBUG 3888 --- [kground-preinit] o.a.tomcat.util.digester.Digester.sax    : endElement(,,operation)
2023-01-04 17:44:52.756 DEBUG 3888 --- [kground-preinit] o.apache.tomcat.util.digester.Digester   :   match='mbeans-descriptors/mbean/operation'
2023-01-04 17:44:52.756 DEBUG 3888 --- [kground-preinit] o.apache.tomcat.util.digester.Digester   :   bodyText='
      
      
    '
2023-01-04 17:44:52.756 DEBUG 3888 --- [kground-preinit] o.apache.tomcat.util.digester.Digester   :   Fire body() for ObjectCreateRule[className=org.apache.tomcat.util.modeler.OperationInfo, attributeName=null]
2023-01-04 17:44:52.756 DEBUG 3888 --- [kground-preinit] o.apache.tomcat.util.digester.Digester   :   Fire body() for SetPropertiesRule[]
2023-01-04 17:44:52.756 DEBUG 3888 --- [kground-preinit] o.apache.tomcat.util.digester.Digester   :   Fire body() for SetNextRule[methodName=addOperation, paramType=org.apache.tomcat.util.modeler.OperationInfo]
2023-01-04 17:44:52.756 DEBUG 3888 --- [kground-preinit] o.apache.tomcat.util.digester.Digester   :   Fire end() for SetNextRule[methodName=addOperation, paramType=org.apache.tomcat.util.modeler.OperationInfo]
2023-01-04 17:44:52.756 DEBUG 3888 --- [kground-preinit] o.apache.tomcat.util.digester.Digester   : [SetNextRule]{mbeans-descriptors/mbean/operation} Call org.apache.tomcat.util.modeler.ManagedBean.addOperation(org.apache.tomcat.util.modeler.OperationInfo@642e6435)
2023-01-04 17:44:52.757 DEBUG 3888 --- [kground-preinit] o.apache.tomcat.util.IntrospectionUtils  : IntrospectionUtils: callMethod1 org.apache.tomcat.util.modeler.ManagedBean org.apache.tomcat.util.modeler.OperationInfo org.apache.tomcat.util.modeler.OperationInfo
2023-01-04 17:44:52.757 DEBUG 3888 --- [kground-preinit] o.apache.tomcat.util.digester.Digester   :   Fire end() for SetPropertiesRule[]
2023-01-04 17:44:52.757 DEBUG 3888 --- [kground-preinit] o.apache.tomcat.util.digester.Digester   :   Fire end() for ObjectCreateRule[className=org.apache.tomcat.util.modeler.OperationInfo, attributeName=null]
2023-01-04 17:44:52.757 DEBUG 3888 --- [kground-preinit] o.apache.tomcat.util.digester.Digester   : [ObjectCreateRule]{mbeans-descriptors/mbean/operation} Pop org.apache.tomcat.util.modeler.OperationInfo
2023-01-04 17:44:52.757 DEBUG 3888 --- [kground-preinit] o.a.tomcat.util.digester.Digester.sax    : characters(

    )
2023-01-04 17:44:52.757 DEBUG 3888 --- [kground-preinit] o.a.tomcat.util.digester.Digester.sax    : startElement(,,operation)
2023-01-04 17:44:52.757 DEBUG 3888 --- [kground-preinit] o.apache.tomcat.util.digester.Digester   :   New match='mbeans-descriptors/mbean/operation'
2023-01-04 17:44:52.758 DEBUG 3888 --- [kground-preinit] o.apache.tomcat.util.digester.Digester   :   Fire begin() for ObjectCreateRule[className=org.apache.tomcat.util.modeler.OperationInfo, attributeName=null]
2023-01-04 17:44:52.758 DEBUG 3888 --- [kground-preinit] o.apache.tomcat.util.digester.Digester   : [ObjectCreateRule]{mbeans-descriptors/mbean/operation}New org.apache.tomcat.util.modeler.OperationInfo
2023-01-04 17:44:52.758 DEBUG 3888 --- [kground-preinit] o.apache.tomcat.util.digester.Digester   :   Fire begin() for SetPropertiesRule[]
2023-01-04 17:44:52.758 DEBUG 3888 --- [kground-preinit] o.apache.tomcat.util.digester.Digester   : [SetPropertiesRule]{mbeans-descriptors/mbean/operation} Set org.apache.tomcat.util.modeler.OperationInfo properties
2023-01-04 17:44:52.758 DEBUG 3888 --- [kground-preinit] o.apache.tomcat.util.digester.Digester   : [SetPropertiesRule]{mbeans-descriptors/mbean/operation} Setting property 'name' to 'createValve'
2023-01-04 17:44:52.758 DEBUG 3888 --- [kground-preinit] o.apache.tomcat.util.IntrospectionUtils  : IntrospectionUtils: setProperty(class org.apache.tomcat.util.modeler.OperationInfo name=createValve)
2023-01-04 17:44:52.758 DEBUG 3888 --- [kground-preinit] o.apache.tomcat.util.digester.Digester   : [SetPropertiesRule]{mbeans-descriptors/mbean/operation} Setting property 'description' to 'Create a new Valve for the given Container'
2023-01-04 17:44:52.761 DEBUG 3888 --- [kground-preinit] o.apache.tomcat.util.IntrospectionUtils  : IntrospectionUtils: setProperty(class org.apache.tomcat.util.modeler.OperationInfo description=Create a new Valve for the given Container)
2023-01-04 17:44:52.761 DEBUG 3888 --- [kground-preinit] o.apache.tomcat.util.digester.Digester   : [SetPropertiesRule]{mbeans-descriptors/mbean/operation} Setting property 'impact' to 'ACTION'
2023-01-04 17:44:52.762 DEBUG 3888 --- [kground-preinit] o.apache.tomcat.util.IntrospectionUtils  : IntrospectionUtils: setProperty(class org.apache.tomcat.util.modeler.OperationInfo impact=ACTION)
2023-01-04 17:44:52.762 DEBUG 3888 --- [kground-preinit] o.apache.tomcat.util.digester.Digester   : [SetPropertiesRule]{mbeans-descriptors/mbean/operation} Setting property 'returnType' to 'java.lang.String'
2023-01-04 17:44:52.762 DEBUG 3888 --- [kground-preinit] o.apache.tomcat.util.IntrospectionUtils  : IntrospectionUtils: setProperty(class org.apache.tomcat.util.modeler.OperationInfo returnType=java.lang.String)
2023-01-04 17:44:52.762 DEBUG 3888 --- [kground-preinit] o.apache.tomcat.util.digester.Digester   :   Fire begin() for SetNextRule[methodName=addOperation, paramType=org.apache.tomcat.util.modeler.OperationInfo]
2023-01-04 17:44:52.762 DEBUG 3888 --- [kground-preinit] o.a.tomcat.util.digester.Digester.sax    : characters(
      )
2023-01-04 17:44:52.762 DEBUG 3888 --- [kground-preinit] o.a.tomcat.util.digester.Digester.sax    : startElement(,,parameter)
2023-01-04 17:44:52.762 DEBUG 3888 --- [kground-preinit] o.apache.tomcat.util.digester.Digester   :   New match='mbeans-descriptors/mbean/operation/parameter'
2023-01-04 17:44:52.762 DEBUG 3888 --- [kground-preinit] o.apache.tomcat.util.digester.Digester   :   Fire begin() for ObjectCreateRule[className=org.apache.tomcat.util.modeler.ParameterInfo, attributeName=null]
2023-01-04 17:44:52.763 DEBUG 3888 --- [kground-preinit] o.apache.tomcat.util.digester.Digester   : [ObjectCreateRule]{mbeans-descriptors/mbean/operation/parameter}New org.apache.tomcat.util.modeler.ParameterInfo
2023-01-04 17:44:52.764 DEBUG 3888 --- [kground-preinit] o.apache.tomcat.util.digester.Digester   :   Fire begin() for SetPropertiesRule[]
2023-01-04 17:44:52.764 DEBUG 3888 --- [kground-preinit] o.apache.tomcat.util.digester.Digester   : [SetPropertiesRule]{mbeans-descriptors/mbean/operation/parameter} Set org.apache.tomcat.util.modeler.ParameterInfo properties
2023-01-04 17:44:52.764 DEBUG 3888 --- [kground-preinit] o.apache.tomcat.util.digester.Digester   : [SetPropertiesRule]{mbeans-descriptors/mbean/operation/parameter} Setting property 'name' to 'className'
2023-01-04 17:44:52.764 DEBUG 3888 --- [kground-preinit] o.apache.tomcat.util.IntrospectionUtils  : IntrospectionUtils: setProperty(class org.apache.tomcat.util.modeler.ParameterInfo name=className)
2023-01-04 17:44:52.764 DEBUG 3888 --- [kground-preinit] o.apache.tomcat.util.digester.Digester   : [SetPropertiesRule]{mbeans-descriptors/mbean/operation/parameter} Setting property 'description' to 'Fully qualified class name of the Valve to create'
2023-01-04 17:44:52.764 DEBUG 3888 --- [kground-preinit] o.apache.tomcat.util.IntrospectionUtils  : IntrospectionUtils: setProperty(class org.apache.tomcat.util.modeler.ParameterInfo description=Fully qualified class name of the Valve to create)
2023-01-04 17:44:52.764 DEBUG 3888 --- [kground-preinit] o.apache.tomcat.util.digester.Digester   : [SetPropertiesRule]{mbeans-descriptors/mbean/operation/parameter} Setting property 'type' to 'java.lang.String'
2023-01-04 17:44:52.764 DEBUG 3888 --- [kground-preinit] o.apache.tomcat.util.IntrospectionUtils  : IntrospectionUtils: setProperty(class org.apache.tomcat.util.modeler.ParameterInfo type=java.lang.String)
2023-01-04 17:44:52.765 DEBUG 3888 --- [kground-preinit] o.apache.tomcat.util.digester.Digester   :   Fire begin() for SetNextRule[methodName=addParameter, paramType=org.apache.tomcat.util.modeler.ParameterInfo]
2023-01-04 17:44:52.765 DEBUG 3888 --- [kground-preinit] o.a.tomcat.util.digester.Digester.sax    : endElement(,,parameter)
2023-01-04 17:44:52.765 DEBUG 3888 --- [kground-preinit] o.apache.tomcat.util.digester.Digester   :   match='mbeans-descriptors/mbean/operation/parameter'
2023-01-04 17:44:52.765 DEBUG 3888 --- [kground-preinit] o.apache.tomcat.util.digester.Digester   :   bodyText=''
2023-01-04 17:44:52.765 DEBUG 3888 --- [kground-preinit] o.apache.tomcat.util.digester.Digester   :   Fire body() for ObjectCreateRule[className=org.apache.tomcat.util.modeler.ParameterInfo, attributeName=null]
2023-01-04 17:44:52.765 DEBUG 3888 --- [kground-preinit] o.apache.tomcat.util.digester.Digester   :   Fire body() for SetPropertiesRule[]
2023-01-04 17:44:52.765 DEBUG 3888 --- [kground-preinit] o.apache.tomcat.util.digester.Digester   :   Fire body() for SetNextRule[methodName=addParameter, paramType=org.apache.tomcat.util.modeler.ParameterInfo]
2023-01-04 17:44:52.765 DEBUG 3888 --- [kground-preinit] o.apache.tomcat.util.digester.Digester   :   Fire end() for SetNextRule[methodName=addParameter, paramType=org.apache.tomcat.util.modeler.ParameterInfo]
2023-01-04 17:44:52.765 DEBUG 3888 --- [kground-preinit] o.apache.tomcat.util.digester.Digester   : [SetNextRule]{mbeans-descriptors/mbean/operation/parameter} Call org.apache.tomcat.util.modeler.OperationInfo.addParameter(org.apache.tomcat.util.modeler.ParameterInfo@388ed56e)
2023-01-04 17:44:52.765 DEBUG 3888 --- [kground-preinit] o.apache.tomcat.util.IntrospectionUtils  : IntrospectionUtils: callMethod1 org.apache.tomcat.util.modeler.OperationInfo org.apache.tomcat.util.modeler.ParameterInfo org.apache.tomcat.util.modeler.ParameterInfo
2023-01-04 17:44:52.768 DEBUG 3888 --- [kground-preinit] o.apache.tomcat.util.digester.Digester   :   Fire end() for SetPropertiesRule[]
2023-01-04 17:44:52.768 DEBUG 3888 --- [kground-preinit] o.apache.tomcat.util.digester.Digester   :   Fire end() for ObjectCreateRule[className=org.apache.tomcat.util.modeler.ParameterInfo, attributeName=null]
2023-01-04 17:44:52.768 DEBUG 3888 --- [kground-preinit] o.apache.tomcat.util.digester.Digester   : [ObjectCreateRule]{mbeans-descriptors/mbean/operation/parameter} Pop org.apache.tomcat.util.modeler.ParameterInfo
2023-01-04 17:44:52.768 DEBUG 3888 --- [kground-preinit] o.a.tomcat.util.digester.Digester.sax    : characters(
      )
2023-01-04 17:44:52.769 DEBUG 3888 --- [kground-preinit] o.a.tomcat.util.digester.Digester.sax    : startElement(,,parameter)
2023-01-04 17:44:52.769 DEBUG 3888 --- [kground-preinit] o.apache.tomcat.util.digester.Digester   :   New match='mbeans-descriptors/mbean/operation/parameter'
2023-01-04 17:44:52.769 DEBUG 3888 --- [kground-preinit] o.apache.tomcat.util.digester.Digester   :   Fire begin() for ObjectCreateRule[className=org.apache.tomcat.util.modeler.ParameterInfo, attributeName=null]
2023-01-04 17:44:52.769 DEBUG 3888 --- [kground-preinit] o.apache.tomcat.util.digester.Digester   : [ObjectCreateRule]{mbeans-descriptors/mbean/operation/parameter}New org.apache.tomcat.util.modeler.ParameterInfo
2023-01-04 17:44:52.769 DEBUG 3888 --- [kground-preinit] o.apache.tomcat.util.digester.Digester   :   Fire begin() for SetPropertiesRule[]
2023-01-04 17:44:52.769 DEBUG 3888 --- [kground-preinit] o.apache.tomcat.util.digester.Digester   : [SetPropertiesRule]{mbeans-descriptors/mbean/operation/parameter} Set org.apache.tomcat.util.modeler.ParameterInfo properties
2023-01-04 17:44:52.769 DEBUG 3888 --- [kground-preinit] o.apache.tomcat.util.digester.Digester   : [SetPropertiesRule]{mbeans-descriptors/mbean/operation/parameter} Setting property 'name' to 'parent'
2023-01-04 17:44:52.769 DEBUG 3888 --- [kground-preinit] o.apache.tomcat.util.IntrospectionUtils  : IntrospectionUtils: setProperty(class org.apache.tomcat.util.modeler.ParameterInfo name=parent)
2023-01-04 17:44:52.770 DEBUG 3888 --- [kground-preinit] o.apache.tomcat.util.digester.Digester   : [SetPropertiesRule]{mbeans-descriptors/mbean/operation/parameter} Setting property 'description' to 'MBean Name of the associated parent component'
2023-01-04 17:44:52.770 DEBUG 3888 --- [kground-preinit] o.apache.tomcat.util.IntrospectionUtils  : IntrospectionUtils: setProperty(class org.apache.tomcat.util.modeler.ParameterInfo description=MBean Name of the associated parent component)
2023-01-04 17:44:52.770 DEBUG 3888 --- [kground-preinit] o.apache.tomcat.util.digester.Digester   : [SetPropertiesRule]{mbeans-descriptors/mbean/operation/parameter} Setting property 'type' to 'java.lang.String'
2023-01-04 17:44:52.770 DEBUG 3888 --- [kground-preinit] o.apache.tomcat.util.IntrospectionUtils  : IntrospectionUtils: setProperty(class org.apache.tomcat.util.modeler.ParameterInfo type=java.lang.String)
2023-01-04 17:44:52.770 DEBUG 3888 --- [kground-preinit] o.apache.tomcat.util.digester.Digester   :   Fire begin() for SetNextRule[methodName=addParameter, paramType=org.apache.tomcat.util.modeler.ParameterInfo]
2023-01-04 17:44:52.770 DEBUG 3888 --- [kground-preinit] o.a.tomcat.util.digester.Digester.sax    : endElement(,,parameter)
2023-01-04 17:44:52.770 DEBUG 3888 --- [kground-preinit] o.apache.tomcat.util.digester.Digester   :   match='mbeans-descriptors/mbean/operation/parameter'
2023-01-04 17:44:52.770 DEBUG 3888 --- [kground-preinit] o.apache.tomcat.util.digester.Digester   :   bodyText=''
2023-01-04 17:44:52.770 DEBUG 3888 --- [kground-preinit] o.apache.tomcat.util.digester.Digester   :   Fire body() for ObjectCreateRule[className=org.apache.tomcat.util.modeler.ParameterInfo, attributeName=null]
2023-01-04 17:44:52.770 DEBUG 3888 --- [kground-preinit] o.apache.tomcat.util.digester.Digester   :   Fire body() for SetPropertiesRule[]
2023-01-04 17:44:52.771 DEBUG 3888 --- [kground-preinit] o.apache.tomcat.util.digester.Digester   :   Fire body() for SetNextRule[methodName=addParameter, paramType=org.apache.tomcat.util.modeler.ParameterInfo]
2023-01-04 17:44:52.771 DEBUG 3888 --- [kground-preinit] o.apache.tomcat.util.digester.Digester   :   Fire end() for SetNextRule[methodName=addParameter, paramType=org.apache.tomcat.util.modeler.ParameterInfo]
2023-01-04 17:44:52.771 DEBUG 3888 --- [kground-preinit] o.apache.tomcat.util.digester.Digester   : [SetNextRule]{mbeans-descriptors/mbean/operation/parameter} Call org.apache.tomcat.util.modeler.OperationInfo.addParameter(org.apache.tomcat.util.modeler.ParameterInfo@2789088f)
2023-01-04 17:44:52.771 DEBUG 3888 --- [kground-preinit] o.apache.tomcat.util.IntrospectionUtils  : IntrospectionUtils: callMethod1 org.apache.tomcat.util.modeler.OperationInfo org.apache.tomcat.util.modeler.ParameterInfo org.apache.tomcat.util.modeler.ParameterInfo
2023-01-04 17:44:52.771 DEBUG 3888 --- [kground-preinit] o.apache.tomcat.util.digester.Digester   :   Fire end() for SetPropertiesRule[]
2023-01-04 17:44:52.771 DEBUG 3888 --- [kground-preinit] o.apache.tomcat.util.digester.Digester   :   Fire end() for ObjectCreateRule[className=org.apache.tomcat.util.modeler.ParameterInfo, attributeName=null]
2023-01-04 17:44:52.771 DEBUG 3888 --- [kground-preinit] o.apache.tomcat.util.digester.Digester   : [ObjectCreateRule]{mbeans-descriptors/mbean/operation/parameter} Pop org.apache.tomcat.util.modeler.ParameterInfo
2023-01-04 17:44:52.771 DEBUG 3888 --- [kground-preinit] o.a.tomcat.util.digester.Digester.sax    : characters(
    )
2023-01-04 17:44:52.771 DEBUG 3888 --- [kground-preinit] o.a.tomcat.util.digester.Digester.sax    : endElement(,,operation)
2023-01-04 17:44:52.771 DEBUG 3888 --- [kground-preinit] o.apache.tomcat.util.digester.Digester   :   match='mbeans-descriptors/mbean/operation'
2023-01-04 17:44:52.771 DEBUG 3888 --- [kground-preinit] o.apache.tomcat.util.digester.Digester   :   bodyText='
      
      
    '
2023-01-04 17:44:52.771 DEBUG 3888 --- [kground-preinit] o.apache.tomcat.util.digester.Digester   :   Fire body() for ObjectCreateRule[className=org.apache.tomcat.util.modeler.OperationInfo, attributeName=null]
2023-01-04 17:44:52.771 DEBUG 3888 --- [kground-preinit] o.apache.tomcat.util.digester.Digester   :   Fire body() for SetPropertiesRule[]
2023-01-04 17:44:52.772 DEBUG 3888 --- [kground-preinit] o.apache.tomcat.util.digester.Digester   :   Fire body() for SetNextRule[methodName=addOperation, paramType=org.apache.tomcat.util.modeler.OperationInfo]
2023-01-04 17:44:52.772 DEBUG 3888 --- [kground-preinit] o.apache.tomcat.util.digester.Digester   :   Fire end() for SetNextRule[methodName=addOperation, paramType=org.apache.tomcat.util.modeler.OperationInfo]
2023-01-04 17:44:52.772 DEBUG 3888 --- [kground-preinit] o.apache.tomcat.util.digester.Digester   : [SetNextRule]{mbeans-descriptors/mbean/operation} Call org.apache.tomcat.util.modeler.ManagedBean.addOperation(org.apache.tomcat.util.modeler.OperationInfo@96e1e66)
2023-01-04 17:44:52.772 DEBUG 3888 --- [kground-preinit] o.apache.tomcat.util.IntrospectionUtils  : IntrospectionUtils: callMethod1 org.apache.tomcat.util.modeler.ManagedBean org.apache.tomcat.util.modeler.OperationInfo org.apache.tomcat.util.modeler.OperationInfo
2023-01-04 17:44:52.772 DEBUG 3888 --- [kground-preinit] o.apache.tomcat.util.digester.Digester   :   Fire end() for SetPropertiesRule[]
2023-01-04 17:44:52.772 DEBUG 3888 --- [kground-preinit] o.apache.tomcat.util.digester.Digester   :   Fire end() for ObjectCreateRule[className=org.apache.tomcat.util.modeler.OperationInfo, attributeName=null]
2023-01-04 17:44:52.772 DEBUG 3888 --- [kground-preinit] o.apache.tomcat.util.digester.Digester   : [ObjectCreateRule]{mbeans-descriptors/mbean/operation} Pop org.apache.tomcat.util.modeler.OperationInfo
2023-01-04 17:44:52.772 DEBUG 3888 --- [kground-preinit] o.a.tomcat.util.digester.Digester.sax    : characters(

    )
2023-01-04 17:44:52.772 DEBUG 3888 --- [kground-preinit] o.a.tomcat.util.digester.Digester.sax    : startElement(,,operation)
2023-01-04 17:44:52.772 DEBUG 3888 --- [kground-preinit] o.apache.tomcat.util.digester.Digester   :   New match='mbeans-descriptors/mbean/operation'
2023-01-04 17:44:52.772 DEBUG 3888 --- [kground-preinit] o.apache.tomcat.util.digester.Digester   :   Fire begin() for ObjectCreateRule[className=org.apache.tomcat.util.modeler.OperationInfo, attributeName=null]
2023-01-04 17:44:52.772 DEBUG 3888 --- [kground-preinit] o.apache.tomcat.util.digester.Digester   : [ObjectCreateRule]{mbeans-descriptors/mbean/operation}New org.apache.tomcat.util.modeler.OperationInfo
2023-01-04 17:44:52.773 DEBUG 3888 --- [kground-preinit] o.apache.tomcat.util.digester.Digester   :   Fire begin() for SetPropertiesRule[]
2023-01-04 17:44:52.773 DEBUG 3888 --- [kground-preinit] o.apache.tomcat.util.digester.Digester   : [SetPropertiesRule]{mbeans-descriptors/mbean/operation} Set org.apache.tomcat.util.modeler.OperationInfo properties
2023-01-04 17:44:52.773 DEBUG 3888 --- [kground-preinit] o.apache.tomcat.util.digester.Digester   : [SetPropertiesRule]{mbeans-descriptors/mbean/operation} Setting property 'name' to 'createWebappLoader'
2023-01-04 17:44:52.773 DEBUG 3888 --- [kground-preinit] o.apache.tomcat.util.IntrospectionUtils  : IntrospectionUtils: setProperty(class org.apache.tomcat.util.modeler.OperationInfo name=createWebappLoader)
2023-01-04 17:44:52.773 DEBUG 3888 --- [kground-preinit] o.apache.tomcat.util.digester.Digester   : [SetPropertiesRule]{mbeans-descriptors/mbean/operation} Setting property 'description' to 'Create a new Web Application Loader'
2023-01-04 17:44:52.773 DEBUG 3888 --- [kground-preinit] o.apache.tomcat.util.IntrospectionUtils  : IntrospectionUtils: setProperty(class org.apache.tomcat.util.modeler.OperationInfo description=Create a new Web Application Loader)
2023-01-04 17:44:52.773 DEBUG 3888 --- [kground-preinit] o.apache.tomcat.util.digester.Digester   : [SetPropertiesRule]{mbeans-descriptors/mbean/operation} Setting property 'impact' to 'ACTION'
2023-01-04 17:44:52.773 DEBUG 3888 --- [kground-preinit] o.apache.tomcat.util.IntrospectionUtils  : IntrospectionUtils: setProperty(class org.apache.tomcat.util.modeler.OperationInfo impact=ACTION)
2023-01-04 17:44:52.773 DEBUG 3888 --- [kground-preinit] o.apache.tomcat.util.digester.Digester   : [SetPropertiesRule]{mbeans-descriptors/mbean/operation} Setting property 'returnType' to 'java.lang.String'
2023-01-04 17:44:52.773 DEBUG 3888 --- [kground-preinit] o.apache.tomcat.util.IntrospectionUtils  : IntrospectionUtils: setProperty(class org.apache.tomcat.util.modeler.OperationInfo returnType=java.lang.String)
2023-01-04 17:44:52.773 DEBUG 3888 --- [kground-preinit] o.apache.tomcat.util.digester.Digester   :   Fire begin() for SetNextRule[methodName=addOperation, paramType=org.apache.tomcat.util.modeler.OperationInfo]
2023-01-04 17:44:52.773 DEBUG 3888 --- [kground-preinit] o.a.tomcat.util.digester.Digester.sax    : characters(
      )
2023-01-04 17:44:52.773 DEBUG 3888 --- [kground-preinit] o.a.tomcat.util.digester.Digester.sax    : startElement(,,parameter)
2023-01-04 17:44:52.774 DEBUG 3888 --- [kground-preinit] o.apache.tomcat.util.digester.Digester   :   New match='mbeans-descriptors/mbean/operation/parameter'
2023-01-04 17:44:52.774 DEBUG 3888 --- [kground-preinit] o.apache.tomcat.util.digester.Digester   :   Fire begin() for ObjectCreateRule[className=org.apache.tomcat.util.modeler.ParameterInfo, attributeName=null]
2023-01-04 17:44:52.774 DEBUG 3888 --- [kground-preinit] o.apache.tomcat.util.digester.Digester   : [ObjectCreateRule]{mbeans-descriptors/mbean/operation/parameter}New org.apache.tomcat.util.modeler.ParameterInfo
2023-01-04 17:44:52.774 DEBUG 3888 --- [kground-preinit] o.apache.tomcat.util.digester.Digester   :   Fire begin() for SetPropertiesRule[]
2023-01-04 17:44:52.774 DEBUG 3888 --- [kground-preinit] o.apache.tomcat.util.digester.Digester   : [SetPropertiesRule]{mbeans-descriptors/mbean/operation/parameter} Set org.apache.tomcat.util.modeler.ParameterInfo properties
2023-01-04 17:44:52.774 DEBUG 3888 --- [kground-preinit] o.apache.tomcat.util.digester.Digester   : [SetPropertiesRule]{mbeans-descriptors/mbean/operation/parameter} Setting property 'name' to 'parent'
2023-01-04 17:44:52.774 DEBUG 3888 --- [kground-preinit] o.apache.tomcat.util.IntrospectionUtils  : IntrospectionUtils: setProperty(class org.apache.tomcat.util.modeler.ParameterInfo name=parent)
2023-01-04 17:44:52.774 DEBUG 3888 --- [kground-preinit] o.apache.tomcat.util.digester.Digester   : [SetPropertiesRule]{mbeans-descriptors/mbean/operation/parameter} Setting property 'description' to 'MBean Name of the associated parent component'
2023-01-04 17:44:52.774 DEBUG 3888 --- [kground-preinit] o.apache.tomcat.util.IntrospectionUtils  : IntrospectionUtils: setProperty(class org.apache.tomcat.util.modeler.ParameterInfo description=MBean Name of the associated parent component)
2023-01-04 17:44:52.774 DEBUG 3888 --- [kground-preinit] o.apache.tomcat.util.digester.Digester   : [SetPropertiesRule]{mbeans-descriptors/mbean/operation/parameter} Setting property 'type' to 'java.lang.String'
2023-01-04 17:44:52.774 DEBUG 3888 --- [kground-preinit] o.apache.tomcat.util.IntrospectionUtils  : IntrospectionUtils: setProperty(class org.apache.tomcat.util.modeler.ParameterInfo type=java.lang.String)
2023-01-04 17:44:52.775 DEBUG 3888 --- [kground-preinit] o.apache.tomcat.util.digester.Digester   :   Fire begin() for SetNextRule[methodName=addParameter, paramType=org.apache.tomcat.util.modeler.ParameterInfo]
2023-01-04 17:44:52.775 DEBUG 3888 --- [kground-preinit] o.a.tomcat.util.digester.Digester.sax    : endElement(,,parameter)
2023-01-04 17:44:52.775 DEBUG 3888 --- [kground-preinit] o.apache.tomcat.util.digester.Digester   :   match='mbeans-descriptors/mbean/operation/parameter'
2023-01-04 17:44:52.775 DEBUG 3888 --- [kground-preinit] o.apache.tomcat.util.digester.Digester   :   bodyText=''
2023-01-04 17:44:52.775 DEBUG 3888 --- [kground-preinit] o.apache.tomcat.util.digester.Digester   :   Fire body() for ObjectCreateRule[className=org.apache.tomcat.util.modeler.ParameterInfo, attributeName=null]
2023-01-04 17:44:52.776 DEBUG 3888 --- [kground-preinit] o.apache.tomcat.util.digester.Digester   :   Fire body() for SetPropertiesRule[]
2023-01-04 17:44:52.776 DEBUG 3888 --- [kground-preinit] o.apache.tomcat.util.digester.Digester   :   Fire body() for SetNextRule[methodName=addParameter, paramType=org.apache.tomcat.util.modeler.ParameterInfo]
2023-01-04 17:44:52.776 DEBUG 3888 --- [kground-preinit] o.apache.tomcat.util.digester.Digester   :   Fire end() for SetNextRule[methodName=addParameter, paramType=org.apache.tomcat.util.modeler.ParameterInfo]
2023-01-04 17:44:52.776 DEBUG 3888 --- [kground-preinit] o.apache.tomcat.util.digester.Digester   : [SetNextRule]{mbeans-descriptors/mbean/operation/parameter} Call org.apache.tomcat.util.modeler.OperationInfo.addParameter(org.apache.tomcat.util.modeler.ParameterInfo@1e76dcb2)
2023-01-04 17:44:52.776 DEBUG 3888 --- [kground-preinit] o.apache.tomcat.util.IntrospectionUtils  : IntrospectionUtils: callMethod1 org.apache.tomcat.util.modeler.OperationInfo org.apache.tomcat.util.modeler.ParameterInfo org.apache.tomcat.util.modeler.ParameterInfo
2023-01-04 17:44:52.776 DEBUG 3888 --- [kground-preinit] o.apache.tomcat.util.digester.Digester   :   Fire end() for SetPropertiesRule[]
2023-01-04 17:44:52.776 DEBUG 3888 --- [kground-preinit] o.apache.tomcat.util.digester.Digester   :   Fire end() for ObjectCreateRule[className=org.apache.tomcat.util.modeler.ParameterInfo, attributeName=null]
2023-01-04 17:44:52.776 DEBUG 3888 --- [kground-preinit] o.apache.tomcat.util.digester.Digester   : [ObjectCreateRule]{mbeans-descriptors/mbean/operation/parameter} Pop org.apache.tomcat.util.modeler.ParameterInfo
2023-01-04 17:44:52.776 DEBUG 3888 --- [kground-preinit] o.a.tomcat.util.digester.Digester.sax    : characters(
    )
2023-01-04 17:44:52.776 DEBUG 3888 --- [kground-preinit] o.a.tomcat.util.digester.Digester.sax    : endElement(,,operation)
2023-01-04 17:44:52.776 DEBUG 3888 --- [kground-preinit] o.apache.tomcat.util.digester.Digester   :   match='mbeans-descriptors/mbean/operation'
2023-01-04 17:44:52.776 DEBUG 3888 --- [kground-preinit] o.apache.tomcat.util.digester.Digester   :   bodyText='
      
    '
2023-01-04 17:44:52.776 DEBUG 3888 --- [kground-preinit] o.apache.tomcat.util.digester.Digester   :   Fire body() for ObjectCreateRule[className=org.apache.tomcat.util.modeler.OperationInfo, attributeName=null]
2023-01-04 17:44:52.776 DEBUG 3888 --- [kground-preinit] o.apache.tomcat.util.digester.Digester   :   Fire body() for SetPropertiesRule[]
2023-01-04 17:44:52.776 DEBUG 3888 --- [kground-preinit] o.apache.tomcat.util.digester.Digester   :   Fire body() for SetNextRule[methodName=addOperation, paramType=org.apache.tomcat.util.modeler.OperationInfo]
2023-01-04 17:44:52.777 DEBUG 3888 --- [kground-preinit] o.apache.tomcat.util.digester.Digester   :   Fire end() for SetNextRule[methodName=addOperation, paramType=org.apache.tomcat.util.modeler.OperationInfo]
2023-01-04 17:44:52.777 DEBUG 3888 --- [kground-preinit] o.apache.tomcat.util.digester.Digester   : [SetNextRule]{mbeans-descriptors/mbean/operation} Call org.apache.tomcat.util.modeler.ManagedBean.addOperation(org.apache.tomcat.util.modeler.OperationInfo@509d5fb7)
2023-01-04 17:44:52.777 DEBUG 3888 --- [kground-preinit] o.apache.tomcat.util.IntrospectionUtils  : IntrospectionUtils: callMethod1 org.apache.tomcat.util.modeler.ManagedBean org.apache.tomcat.util.modeler.OperationInfo org.apache.tomcat.util.modeler.OperationInfo
2023-01-04 17:44:52.777 DEBUG 3888 --- [kground-preinit] o.apache.tomcat.util.digester.Digester   :   Fire end() for SetPropertiesRule[]
2023-01-04 17:44:52.777 DEBUG 3888 --- [kground-preinit] o.apache.tomcat.util.digester.Digester   :   Fire end() for ObjectCreateRule[className=org.apache.tomcat.util.modeler.OperationInfo, attributeName=null]
2023-01-04 17:44:52.777 DEBUG 3888 --- [kground-preinit] o.apache.tomcat.util.digester.Digester   : [ObjectCreateRule]{mbeans-descriptors/mbean/operation} Pop org.apache.tomcat.util.modeler.OperationInfo
2023-01-04 17:44:52.777 DEBUG 3888 --- [kground-preinit] o.a.tomcat.util.digester.Digester.sax    : characters(

    )
2023-01-04 17:44:52.777 DEBUG 3888 --- [kground-preinit] o.a.tomcat.util.digester.Digester.sax    : characters(
    )
2023-01-04 17:44:52.777 DEBUG 3888 --- [kground-preinit] o.a.tomcat.util.digester.Digester.sax    : characters(
    )
2023-01-04 17:44:52.778 DEBUG 3888 --- [kground-preinit] o.a.tomcat.util.digester.Digester.sax    : characters(
    )
2023-01-04 17:44:52.778 DEBUG 3888 --- [kground-preinit] o.a.tomcat.util.digester.Digester.sax    : characters(

    )
2023-01-04 17:44:52.778 DEBUG 3888 --- [kground-preinit] o.a.tomcat.util.digester.Digester.sax    : startElement(,,operation)
2023-01-04 17:44:52.778 DEBUG 3888 --- [kground-preinit] o.apache.tomcat.util.digester.Digester   :   New match='mbeans-descriptors/mbean/operation'
2023-01-04 17:44:52.778 DEBUG 3888 --- [kground-preinit] o.apache.tomcat.util.digester.Digester   :   Fire begin() for ObjectCreateRule[className=org.apache.tomcat.util.modeler.OperationInfo, attributeName=null]
2023-01-04 17:44:52.778 DEBUG 3888 --- [kground-preinit] o.apache.tomcat.util.digester.Digester   : [ObjectCreateRule]{mbeans-descriptors/mbean/operation}New org.apache.tomcat.util.modeler.OperationInfo
2023-01-04 17:44:52.779 DEBUG 3888 --- [kground-preinit] o.apache.tomcat.util.digester.Digester   :   Fire begin() for SetPropertiesRule[]
2023-01-04 17:44:52.780 DEBUG 3888 --- [kground-preinit] o.apache.tomcat.util.digester.Digester   : [SetPropertiesRule]{mbeans-descriptors/mbean/operation} Set org.apache.tomcat.util.modeler.OperationInfo properties
2023-01-04 17:44:52.780 DEBUG 3888 --- [kground-preinit] o.apache.tomcat.util.digester.Digester   : [SetPropertiesRule]{mbeans-descriptors/mbean/operation} Setting property 'name' to 'removeConnector'
2023-01-04 17:44:52.780 DEBUG 3888 --- [kground-preinit] o.apache.tomcat.util.IntrospectionUtils  : IntrospectionUtils: setProperty(class org.apache.tomcat.util.modeler.OperationInfo name=removeConnector)
2023-01-04 17:44:52.780 DEBUG 3888 --- [kground-preinit] o.apache.tomcat.util.digester.Digester   : [SetPropertiesRule]{mbeans-descriptors/mbean/operation} Setting property 'description' to 'Remove an existing Connector'
2023-01-04 17:44:52.780 DEBUG 3888 --- [kground-preinit] o.apache.tomcat.util.IntrospectionUtils  : IntrospectionUtils: setProperty(class org.apache.tomcat.util.modeler.OperationInfo description=Remove an existing Connector)
2023-01-04 17:44:52.780 DEBUG 3888 --- [kground-preinit] o.apache.tomcat.util.digester.Digester   : [SetPropertiesRule]{mbeans-descriptors/mbean/operation} Setting property 'impact' to 'ACTION'
2023-01-04 17:44:52.780 DEBUG 3888 --- [kground-preinit] o.apache.tomcat.util.IntrospectionUtils  : IntrospectionUtils: setProperty(class org.apache.tomcat.util.modeler.OperationInfo impact=ACTION)
2023-01-04 17:44:52.782 DEBUG 3888 --- [           main] o.s.b.f.s.DefaultListableBeanFactory     : Creating shared instance of singleton bean 'org.springframework.boot.test.context.ImportsContextCustomizer$ImportsCleanupPostProcessor'
2023-01-04 17:44:52.782 DEBUG 3888 --- [           main] o.s.b.f.s.DefaultListableBeanFactory     : Creating instance of bean 'org.springframework.boot.test.context.ImportsContextCustomizer$ImportsCleanupPostProcessor'
2023-01-04 17:44:52.783 DEBUG 3888 --- [kground-preinit] o.apache.tomcat.util.digester.Digester   : [SetPropertiesRule]{mbeans-descriptors/mbean/operation} Setting property 'returnType' to 'void'
2023-01-04 17:44:52.784 DEBUG 3888 --- [kground-preinit] o.apache.tomcat.util.IntrospectionUtils  : IntrospectionUtils: setProperty(class org.apache.tomcat.util.modeler.OperationInfo returnType=void)
2023-01-04 17:44:52.784 DEBUG 3888 --- [           main] o.s.b.f.s.DefaultListableBeanFactory     : Eagerly caching bean 'org.springframework.boot.test.context.ImportsContextCustomizer$ImportsCleanupPostProcessor' to allow for resolving potential circular references
2023-01-04 17:44:52.784 DEBUG 3888 --- [           main] o.s.b.f.s.DefaultListableBeanFactory     : Finished creating instance of bean 'org.springframework.boot.test.context.ImportsContextCustomizer$ImportsCleanupPostProcessor'
2023-01-04 17:44:52.784 DEBUG 3888 --- [kground-preinit] o.apache.tomcat.util.digester.Digester   :   Fire begin() for SetNextRule[methodName=addOperation, paramType=org.apache.tomcat.util.modeler.OperationInfo]
2023-01-04 17:44:52.784 DEBUG 3888 --- [kground-preinit] o.a.tomcat.util.digester.Digester.sax    : characters(
      )
2023-01-04 17:44:52.785 DEBUG 3888 --- [kground-preinit] o.a.tomcat.util.digester.Digester.sax    : startElement(,,parameter)
2023-01-04 17:44:52.785 DEBUG 3888 --- [kground-preinit] o.apache.tomcat.util.digester.Digester   :   New match='mbeans-descriptors/mbean/operation/parameter'
2023-01-04 17:44:52.785 DEBUG 3888 --- [kground-preinit] o.apache.tomcat.util.digester.Digester   :   Fire begin() for ObjectCreateRule[className=org.apache.tomcat.util.modeler.ParameterInfo, attributeName=null]
2023-01-04 17:44:52.785 DEBUG 3888 --- [kground-preinit] o.apache.tomcat.util.digester.Digester   : [ObjectCreateRule]{mbeans-descriptors/mbean/operation/parameter}New org.apache.tomcat.util.modeler.ParameterInfo
2023-01-04 17:44:52.785 DEBUG 3888 --- [kground-preinit] o.apache.tomcat.util.digester.Digester   :   Fire begin() for SetPropertiesRule[]
2023-01-04 17:44:52.785 DEBUG 3888 --- [kground-preinit] o.apache.tomcat.util.digester.Digester   : [SetPropertiesRule]{mbeans-descriptors/mbean/operation/parameter} Set org.apache.tomcat.util.modeler.ParameterInfo properties
2023-01-04 17:44:52.785 DEBUG 3888 --- [kground-preinit] o.apache.tomcat.util.digester.Digester   : [SetPropertiesRule]{mbeans-descriptors/mbean/operation/parameter} Setting property 'name' to 'name'
2023-01-04 17:44:52.785 DEBUG 3888 --- [kground-preinit] o.apache.tomcat.util.IntrospectionUtils  : IntrospectionUtils: setProperty(class org.apache.tomcat.util.modeler.ParameterInfo name=name)
2023-01-04 17:44:52.785 DEBUG 3888 --- [kground-preinit] o.apache.tomcat.util.digester.Digester   : [SetPropertiesRule]{mbeans-descriptors/mbean/operation/parameter} Setting property 'description' to 'MBean Name of the component to be removed'
2023-01-04 17:44:52.786 DEBUG 3888 --- [kground-preinit] o.apache.tomcat.util.IntrospectionUtils  : IntrospectionUtils: setProperty(class org.apache.tomcat.util.modeler.ParameterInfo description=MBean Name of the component to be removed)
2023-01-04 17:44:52.786 DEBUG 3888 --- [kground-preinit] o.apache.tomcat.util.digester.Digester   : [SetPropertiesRule]{mbeans-descriptors/mbean/operation/parameter} Setting property 'type' to 'java.lang.String'
2023-01-04 17:44:52.786 DEBUG 3888 --- [kground-preinit] o.apache.tomcat.util.IntrospectionUtils  : IntrospectionUtils: setProperty(class org.apache.tomcat.util.modeler.ParameterInfo type=java.lang.String)
2023-01-04 17:44:52.786 DEBUG 3888 --- [kground-preinit] o.apache.tomcat.util.digester.Digester   :   Fire begin() for SetNextRule[methodName=addParameter, paramType=org.apache.tomcat.util.modeler.ParameterInfo]
2023-01-04 17:44:52.786 DEBUG 3888 --- [kground-preinit] o.a.tomcat.util.digester.Digester.sax    : endElement(,,parameter)
2023-01-04 17:44:52.786 DEBUG 3888 --- [kground-preinit] o.apache.tomcat.util.digester.Digester   :   match='mbeans-descriptors/mbean/operation/parameter'
2023-01-04 17:44:52.787 DEBUG 3888 --- [kground-preinit] o.apache.tomcat.util.digester.Digester   :   bodyText=''
2023-01-04 17:44:52.787 DEBUG 3888 --- [kground-preinit] o.apache.tomcat.util.digester.Digester   :   Fire body() for ObjectCreateRule[className=org.apache.tomcat.util.modeler.ParameterInfo, attributeName=null]
2023-01-04 17:44:52.788 DEBUG 3888 --- [kground-preinit] o.apache.tomcat.util.digester.Digester   :   Fire body() for SetPropertiesRule[]
2023-01-04 17:44:52.788 DEBUG 3888 --- [kground-preinit] o.apache.tomcat.util.digester.Digester   :   Fire body() for SetNextRule[methodName=addParameter, paramType=org.apache.tomcat.util.modeler.ParameterInfo]
2023-01-04 17:44:52.788 DEBUG 3888 --- [kground-preinit] o.apache.tomcat.util.digester.Digester   :   Fire end() for SetNextRule[methodName=addParameter, paramType=org.apache.tomcat.util.modeler.ParameterInfo]
2023-01-04 17:44:52.788 DEBUG 3888 --- [kground-preinit] o.apache.tomcat.util.digester.Digester   : [SetNextRule]{mbeans-descriptors/mbean/operation/parameter} Call org.apache.tomcat.util.modeler.OperationInfo.addParameter(org.apache.tomcat.util.modeler.ParameterInfo@6273a86f)
2023-01-04 17:44:52.788 DEBUG 3888 --- [kground-preinit] o.apache.tomcat.util.IntrospectionUtils  : IntrospectionUtils: callMethod1 org.apache.tomcat.util.modeler.OperationInfo org.apache.tomcat.util.modeler.ParameterInfo org.apache.tomcat.util.modeler.ParameterInfo
2023-01-04 17:44:52.788 DEBUG 3888 --- [kground-preinit] o.apache.tomcat.util.digester.Digester   :   Fire end() for SetPropertiesRule[]
2023-01-04 17:44:52.789 DEBUG 3888 --- [kground-preinit] o.apache.tomcat.util.digester.Digester   :   Fire end() for ObjectCreateRule[className=org.apache.tomcat.util.modeler.ParameterInfo, attributeName=null]
2023-01-04 17:44:52.789 DEBUG 3888 --- [kground-preinit] o.apache.tomcat.util.digester.Digester   : [ObjectCreateRule]{mbeans-descriptors/mbean/operation/parameter} Pop org.apache.tomcat.util.modeler.ParameterInfo
2023-01-04 17:44:52.789 DEBUG 3888 --- [kground-preinit] o.a.tomcat.util.digester.Digester.sax    : characters(
    )
2023-01-04 17:44:52.789 DEBUG 3888 --- [kground-preinit] o.a.tomcat.util.digester.Digester.sax    : endElement(,,operation)
2023-01-04 17:44:52.789 DEBUG 3888 --- [kground-preinit] o.apache.tomcat.util.digester.Digester   :   match='mbeans-descriptors/mbean/operation'
2023-01-04 17:44:52.789 DEBUG 3888 --- [kground-preinit] o.apache.tomcat.util.digester.Digester   :   bodyText='
      
    '
2023-01-04 17:44:52.789 DEBUG 3888 --- [kground-preinit] o.apache.tomcat.util.digester.Digester   :   Fire body() for ObjectCreateRule[className=org.apache.tomcat.util.modeler.OperationInfo, attributeName=null]
2023-01-04 17:44:52.789 DEBUG 3888 --- [kground-preinit] o.apache.tomcat.util.digester.Digester   :   Fire body() for SetPropertiesRule[]
2023-01-04 17:44:52.789 DEBUG 3888 --- [kground-preinit] o.apache.tomcat.util.digester.Digester   :   Fire body() for SetNextRule[methodName=addOperation, paramType=org.apache.tomcat.util.modeler.OperationInfo]
2023-01-04 17:44:52.789 DEBUG 3888 --- [kground-preinit] o.apache.tomcat.util.digester.Digester   :   Fire end() for SetNextRule[methodName=addOperation, paramType=org.apache.tomcat.util.modeler.OperationInfo]
2023-01-04 17:44:52.789 DEBUG 3888 --- [kground-preinit] o.apache.tomcat.util.digester.Digester   : [SetNextRule]{mbeans-descriptors/mbean/operation} Call org.apache.tomcat.util.modeler.ManagedBean.addOperation(org.apache.tomcat.util.modeler.OperationInfo@6647fd05)
2023-01-04 17:44:52.789 DEBUG 3888 --- [kground-preinit] o.apache.tomcat.util.IntrospectionUtils  : IntrospectionUtils: callMethod1 org.apache.tomcat.util.modeler.ManagedBean org.apache.tomcat.util.modeler.OperationInfo org.apache.tomcat.util.modeler.OperationInfo
2023-01-04 17:44:52.790 DEBUG 3888 --- [kground-preinit] o.apache.tomcat.util.digester.Digester   :   Fire end() for SetPropertiesRule[]
2023-01-04 17:44:52.790 DEBUG 3888 --- [kground-preinit] o.apache.tomcat.util.digester.Digester   :   Fire end() for ObjectCreateRule[className=org.apache.tomcat.util.modeler.OperationInfo, attributeName=null]
2023-01-04 17:44:52.790 DEBUG 3888 --- [kground-preinit] o.apache.tomcat.util.digester.Digester   : [ObjectCreateRule]{mbeans-descriptors/mbean/operation} Pop org.apache.tomcat.util.modeler.OperationInfo
2023-01-04 17:44:52.791 DEBUG 3888 --- [kground-preinit] o.a.tomcat.util.digester.Digester.sax    : characters(

    )
2023-01-04 17:44:52.791 DEBUG 3888 --- [kground-preinit] o.a.tomcat.util.digester.Digester.sax    : startElement(,,operation)
2023-01-04 17:44:52.791 DEBUG 3888 --- [kground-preinit] o.apache.tomcat.util.digester.Digester   :   New match='mbeans-descriptors/mbean/operation'
2023-01-04 17:44:52.791 DEBUG 3888 --- [kground-preinit] o.apache.tomcat.util.digester.Digester   :   Fire begin() for ObjectCreateRule[className=org.apache.tomcat.util.modeler.OperationInfo, attributeName=null]
2023-01-04 17:44:52.791 DEBUG 3888 --- [kground-preinit] o.apache.tomcat.util.digester.Digester   : [ObjectCreateRule]{mbeans-descriptors/mbean/operation}New org.apache.tomcat.util.modeler.OperationInfo
2023-01-04 17:44:52.791 DEBUG 3888 --- [kground-preinit] o.apache.tomcat.util.digester.Digester   :   Fire begin() for SetPropertiesRule[]
2023-01-04 17:44:52.791 DEBUG 3888 --- [kground-preinit] o.apache.tomcat.util.digester.Digester   : [SetPropertiesRule]{mbeans-descriptors/mbean/operation} Set org.apache.tomcat.util.modeler.OperationInfo properties
2023-01-04 17:44:52.792 DEBUG 3888 --- [kground-preinit] o.apache.tomcat.util.digester.Digester   : [SetPropertiesRule]{mbeans-descriptors/mbean/operation} Setting property 'name' to 'removeContext'
2023-01-04 17:44:52.792 DEBUG 3888 --- [kground-preinit] o.apache.tomcat.util.IntrospectionUtils  : IntrospectionUtils: setProperty(class org.apache.tomcat.util.modeler.OperationInfo name=removeContext)
2023-01-04 17:44:52.792 DEBUG 3888 --- [kground-preinit] o.apache.tomcat.util.digester.Digester   : [SetPropertiesRule]{mbeans-descriptors/mbean/operation} Setting property 'description' to 'Remove an existing Context'
2023-01-04 17:44:52.792 DEBUG 3888 --- [kground-preinit] o.apache.tomcat.util.IntrospectionUtils  : IntrospectionUtils: setProperty(class org.apache.tomcat.util.modeler.OperationInfo description=Remove an existing Context)
2023-01-04 17:44:52.792 DEBUG 3888 --- [kground-preinit] o.apache.tomcat.util.digester.Digester   : [SetPropertiesRule]{mbeans-descriptors/mbean/operation} Setting property 'impact' to 'ACTION'
2023-01-04 17:44:52.792 DEBUG 3888 --- [kground-preinit] o.apache.tomcat.util.IntrospectionUtils  : IntrospectionUtils: setProperty(class org.apache.tomcat.util.modeler.OperationInfo impact=ACTION)
2023-01-04 17:44:52.792 DEBUG 3888 --- [kground-preinit] o.apache.tomcat.util.digester.Digester   : [SetPropertiesRule]{mbeans-descriptors/mbean/operation} Setting property 'returnType' to 'void'
2023-01-04 17:44:52.792 DEBUG 3888 --- [kground-preinit] o.apache.tomcat.util.IntrospectionUtils  : IntrospectionUtils: setProperty(class org.apache.tomcat.util.modeler.OperationInfo returnType=void)
2023-01-04 17:44:52.792 DEBUG 3888 --- [kground-preinit] o.apache.tomcat.util.digester.Digester   :   Fire begin() for SetNextRule[methodName=addOperation, paramType=org.apache.tomcat.util.modeler.OperationInfo]
2023-01-04 17:44:52.792 DEBUG 3888 --- [kground-preinit] o.a.tomcat.util.digester.Digester.sax    : characters(
      )
2023-01-04 17:44:52.793 DEBUG 3888 --- [kground-preinit] o.a.tomcat.util.digester.Digester.sax    : startElement(,,parameter)
2023-01-04 17:44:52.793 DEBUG 3888 --- [kground-preinit] o.apache.tomcat.util.digester.Digester   :   New match='mbeans-descriptors/mbean/operation/parameter'
2023-01-04 17:44:52.793 DEBUG 3888 --- [kground-preinit] o.apache.tomcat.util.digester.Digester   :   Fire begin() for ObjectCreateRule[className=org.apache.tomcat.util.modeler.ParameterInfo, attributeName=null]
2023-01-04 17:44:52.793 DEBUG 3888 --- [kground-preinit] o.apache.tomcat.util.digester.Digester   : [ObjectCreateRule]{mbeans-descriptors/mbean/operation/parameter}New org.apache.tomcat.util.modeler.ParameterInfo
2023-01-04 17:44:52.793 DEBUG 3888 --- [kground-preinit] o.apache.tomcat.util.digester.Digester   :   Fire begin() for SetPropertiesRule[]
2023-01-04 17:44:52.793 DEBUG 3888 --- [kground-preinit] o.apache.tomcat.util.digester.Digester   : [SetPropertiesRule]{mbeans-descriptors/mbean/operation/parameter} Set org.apache.tomcat.util.modeler.ParameterInfo properties
2023-01-04 17:44:52.793 DEBUG 3888 --- [kground-preinit] o.apache.tomcat.util.digester.Digester   : [SetPropertiesRule]{mbeans-descriptors/mbean/operation/parameter} Setting property 'name' to 'name'
2023-01-04 17:44:52.794 DEBUG 3888 --- [kground-preinit] o.apache.tomcat.util.IntrospectionUtils  : IntrospectionUtils: setProperty(class org.apache.tomcat.util.modeler.ParameterInfo name=name)
2023-01-04 17:44:52.794 DEBUG 3888 --- [kground-preinit] o.apache.tomcat.util.digester.Digester   : [SetPropertiesRule]{mbeans-descriptors/mbean/operation/parameter} Setting property 'description' to 'MBean Name of the component to be removed'
2023-01-04 17:44:52.794 DEBUG 3888 --- [kground-preinit] o.apache.tomcat.util.IntrospectionUtils  : IntrospectionUtils: setProperty(class org.apache.tomcat.util.modeler.ParameterInfo description=MBean Name of the component to be removed)
2023-01-04 17:44:52.794 DEBUG 3888 --- [kground-preinit] o.apache.tomcat.util.digester.Digester   : [SetPropertiesRule]{mbeans-descriptors/mbean/operation/parameter} Setting property 'type' to 'java.lang.String'
2023-01-04 17:44:52.794 DEBUG 3888 --- [kground-preinit] o.apache.tomcat.util.IntrospectionUtils  : IntrospectionUtils: setProperty(class org.apache.tomcat.util.modeler.ParameterInfo type=java.lang.String)
2023-01-04 17:44:52.794 DEBUG 3888 --- [kground-preinit] o.apache.tomcat.util.digester.Digester   :   Fire begin() for SetNextRule[methodName=addParameter, paramType=org.apache.tomcat.util.modeler.ParameterInfo]
2023-01-04 17:44:52.794 DEBUG 3888 --- [kground-preinit] o.a.tomcat.util.digester.Digester.sax    : endElement(,,parameter)
2023-01-04 17:44:52.794 DEBUG 3888 --- [kground-preinit] o.apache.tomcat.util.digester.Digester   :   match='mbeans-descriptors/mbean/operation/parameter'
2023-01-04 17:44:52.795 DEBUG 3888 --- [kground-preinit] o.apache.tomcat.util.digester.Digester   :   bodyText=''
2023-01-04 17:44:52.795 DEBUG 3888 --- [kground-preinit] o.apache.tomcat.util.digester.Digester   :   Fire body() for ObjectCreateRule[className=org.apache.tomcat.util.modeler.ParameterInfo, attributeName=null]
2023-01-04 17:44:52.795 DEBUG 3888 --- [kground-preinit] o.apache.tomcat.util.digester.Digester   :   Fire body() for SetPropertiesRule[]
2023-01-04 17:44:52.795 DEBUG 3888 --- [kground-preinit] o.apache.tomcat.util.digester.Digester   :   Fire body() for SetNextRule[methodName=addParameter, paramType=org.apache.tomcat.util.modeler.ParameterInfo]
2023-01-04 17:44:52.795 DEBUG 3888 --- [kground-preinit] o.apache.tomcat.util.digester.Digester   :   Fire end() for SetNextRule[methodName=addParameter, paramType=org.apache.tomcat.util.modeler.ParameterInfo]
2023-01-04 17:44:52.795 DEBUG 3888 --- [kground-preinit] o.apache.tomcat.util.digester.Digester   : [SetNextRule]{mbeans-descriptors/mbean/operation/parameter} Call org.apache.tomcat.util.modeler.OperationInfo.addParameter(org.apache.tomcat.util.modeler.ParameterInfo@726a5fe)
2023-01-04 17:44:52.799 DEBUG 3888 --- [kground-preinit] o.apache.tomcat.util.IntrospectionUtils  : IntrospectionUtils: callMethod1 org.apache.tomcat.util.modeler.OperationInfo org.apache.tomcat.util.modeler.ParameterInfo org.apache.tomcat.util.modeler.ParameterInfo
2023-01-04 17:44:52.800 DEBUG 3888 --- [kground-preinit] o.apache.tomcat.util.digester.Digester   :   Fire end() for SetPropertiesRule[]
2023-01-04 17:44:52.800 DEBUG 3888 --- [kground-preinit] o.apache.tomcat.util.digester.Digester   :   Fire end() for ObjectCreateRule[className=org.apache.tomcat.util.modeler.ParameterInfo, attributeName=null]
2023-01-04 17:44:52.801 DEBUG 3888 --- [kground-preinit] o.apache.tomcat.util.digester.Digester   : [ObjectCreateRule]{mbeans-descriptors/mbean/operation/parameter} Pop org.apache.tomcat.util.modeler.ParameterInfo
2023-01-04 17:44:52.801 DEBUG 3888 --- [kground-preinit] o.a.tomcat.util.digester.Digester.sax    : characters(
    )
2023-01-04 17:44:52.801 DEBUG 3888 --- [kground-preinit] o.a.tomcat.util.digester.Digester.sax    : endElement(,,operation)
2023-01-04 17:44:52.801 DEBUG 3888 --- [kground-preinit] o.apache.tomcat.util.digester.Digester   :   match='mbeans-descriptors/mbean/operation'
2023-01-04 17:44:52.801 DEBUG 3888 --- [kground-preinit] o.apache.tomcat.util.digester.Digester   :   bodyText='
      
    '
2023-01-04 17:44:52.802 DEBUG 3888 --- [kground-preinit] o.apache.tomcat.util.digester.Digester   :   Fire body() for ObjectCreateRule[className=org.apache.tomcat.util.modeler.OperationInfo, attributeName=null]
2023-01-04 17:44:52.802 DEBUG 3888 --- [kground-preinit] o.apache.tomcat.util.digester.Digester   :   Fire body() for SetPropertiesRule[]
2023-01-04 17:44:52.802 DEBUG 3888 --- [kground-preinit] o.apache.tomcat.util.digester.Digester   :   Fire body() for SetNextRule[methodName=addOperation, paramType=org.apache.tomcat.util.modeler.OperationInfo]
2023-01-04 17:44:52.802 DEBUG 3888 --- [kground-preinit] o.apache.tomcat.util.digester.Digester   :   Fire end() for SetNextRule[methodName=addOperation, paramType=org.apache.tomcat.util.modeler.OperationInfo]
2023-01-04 17:44:52.802 DEBUG 3888 --- [kground-preinit] o.apache.tomcat.util.digester.Digester   : [SetNextRule]{mbeans-descriptors/mbean/operation} Call org.apache.tomcat.util.modeler.ManagedBean.addOperation(org.apache.tomcat.util.modeler.OperationInfo@5ed0dfca)
2023-01-04 17:44:52.802 DEBUG 3888 --- [kground-preinit] o.apache.tomcat.util.IntrospectionUtils  : IntrospectionUtils: callMethod1 org.apache.tomcat.util.modeler.ManagedBean org.apache.tomcat.util.modeler.OperationInfo org.apache.tomcat.util.modeler.OperationInfo
2023-01-04 17:44:52.802 DEBUG 3888 --- [kground-preinit] o.apache.tomcat.util.digester.Digester   :   Fire end() for SetPropertiesRule[]
2023-01-04 17:44:52.803 DEBUG 3888 --- [kground-preinit] o.apache.tomcat.util.digester.Digester   :   Fire end() for ObjectCreateRule[className=org.apache.tomcat.util.modeler.OperationInfo, attributeName=null]
2023-01-04 17:44:52.803 DEBUG 3888 --- [kground-preinit] o.apache.tomcat.util.digester.Digester   : [ObjectCreateRule]{mbeans-descriptors/mbean/operation} Pop org.apache.tomcat.util.modeler.OperationInfo
2023-01-04 17:44:52.803 DEBUG 3888 --- [kground-preinit] o.a.tomcat.util.digester.Digester.sax    : characters(

    )
2023-01-04 17:44:52.803 DEBUG 3888 --- [kground-preinit] o.a.tomcat.util.digester.Digester.sax    : startElement(,,operation)
2023-01-04 17:44:52.803 DEBUG 3888 --- [kground-preinit] o.apache.tomcat.util.digester.Digester   :   New match='mbeans-descriptors/mbean/operation'
2023-01-04 17:44:52.803 DEBUG 3888 --- [kground-preinit] o.apache.tomcat.util.digester.Digester   :   Fire begin() for ObjectCreateRule[className=org.apache.tomcat.util.modeler.OperationInfo, attributeName=null]
2023-01-04 17:44:52.803 DEBUG 3888 --- [kground-preinit] o.apache.tomcat.util.digester.Digester   : [ObjectCreateRule]{mbeans-descriptors/mbean/operation}New org.apache.tomcat.util.modeler.OperationInfo
2023-01-04 17:44:52.803 DEBUG 3888 --- [kground-preinit] o.apache.tomcat.util.digester.Digester   :   Fire begin() for SetPropertiesRule[]
2023-01-04 17:44:52.804 DEBUG 3888 --- [kground-preinit] o.apache.tomcat.util.digester.Digester   : [SetPropertiesRule]{mbeans-descriptors/mbean/operation} Set org.apache.tomcat.util.modeler.OperationInfo properties
2023-01-04 17:44:52.804 DEBUG 3888 --- [kground-preinit] o.apache.tomcat.util.digester.Digester   : [SetPropertiesRule]{mbeans-descriptors/mbean/operation} Setting property 'name' to 'removeHost'
2023-01-04 17:44:52.804 DEBUG 3888 --- [kground-preinit] o.apache.tomcat.util.IntrospectionUtils  : IntrospectionUtils: setProperty(class org.apache.tomcat.util.modeler.OperationInfo name=removeHost)
2023-01-04 17:44:52.804 DEBUG 3888 --- [kground-preinit] o.apache.tomcat.util.digester.Digester   : [SetPropertiesRule]{mbeans-descriptors/mbean/operation} Setting property 'description' to 'Remove an existing Host'
2023-01-04 17:44:52.804 DEBUG 3888 --- [kground-preinit] o.apache.tomcat.util.IntrospectionUtils  : IntrospectionUtils: setProperty(class org.apache.tomcat.util.modeler.OperationInfo description=Remove an existing Host)
2023-01-04 17:44:52.804 DEBUG 3888 --- [kground-preinit] o.apache.tomcat.util.digester.Digester   : [SetPropertiesRule]{mbeans-descriptors/mbean/operation} Setting property 'impact' to 'ACTION'
2023-01-04 17:44:52.804 DEBUG 3888 --- [kground-preinit] o.apache.tomcat.util.IntrospectionUtils  : IntrospectionUtils: setProperty(class org.apache.tomcat.util.modeler.OperationInfo impact=ACTION)
2023-01-04 17:44:52.804 DEBUG 3888 --- [kground-preinit] o.apache.tomcat.util.digester.Digester   : [SetPropertiesRule]{mbeans-descriptors/mbean/operation} Setting property 'returnType' to 'void'
2023-01-04 17:44:52.804 DEBUG 3888 --- [kground-preinit] o.apache.tomcat.util.IntrospectionUtils  : IntrospectionUtils: setProperty(class org.apache.tomcat.util.modeler.OperationInfo returnType=void)
2023-01-04 17:44:52.804 DEBUG 3888 --- [kground-preinit] o.apache.tomcat.util.digester.Digester   :   Fire begin() for SetNextRule[methodName=addOperation, paramType=org.apache.tomcat.util.modeler.OperationInfo]
2023-01-04 17:44:52.805 DEBUG 3888 --- [kground-preinit] o.a.tomcat.util.digester.Digester.sax    : characters(
      )
2023-01-04 17:44:52.805 DEBUG 3888 --- [kground-preinit] o.a.tomcat.util.digester.Digester.sax    : startElement(,,parameter)
2023-01-04 17:44:52.805 DEBUG 3888 --- [kground-preinit] o.apache.tomcat.util.digester.Digester   :   New match='mbeans-descriptors/mbean/operation/parameter'
2023-01-04 17:44:52.805 DEBUG 3888 --- [kground-preinit] o.apache.tomcat.util.digester.Digester   :   Fire begin() for ObjectCreateRule[className=org.apache.tomcat.util.modeler.ParameterInfo, attributeName=null]
2023-01-04 17:44:52.805 DEBUG 3888 --- [kground-preinit] o.apache.tomcat.util.digester.Digester   : [ObjectCreateRule]{mbeans-descriptors/mbean/operation/parameter}New org.apache.tomcat.util.modeler.ParameterInfo
2023-01-04 17:44:52.805 DEBUG 3888 --- [kground-preinit] o.apache.tomcat.util.digester.Digester   :   Fire begin() for SetPropertiesRule[]
2023-01-04 17:44:52.805 DEBUG 3888 --- [kground-preinit] o.apache.tomcat.util.digester.Digester   : [SetPropertiesRule]{mbeans-descriptors/mbean/operation/parameter} Set org.apache.tomcat.util.modeler.ParameterInfo properties
2023-01-04 17:44:52.805 DEBUG 3888 --- [kground-preinit] o.apache.tomcat.util.digester.Digester   : [SetPropertiesRule]{mbeans-descriptors/mbean/operation/parameter} Setting property 'name' to 'name'
2023-01-04 17:44:52.806 DEBUG 3888 --- [kground-preinit] o.apache.tomcat.util.IntrospectionUtils  : IntrospectionUtils: setProperty(class org.apache.tomcat.util.modeler.ParameterInfo name=name)
2023-01-04 17:44:52.806 DEBUG 3888 --- [kground-preinit] o.apache.tomcat.util.digester.Digester   : [SetPropertiesRule]{mbeans-descriptors/mbean/operation/parameter} Setting property 'description' to 'MBean Name of the component to be removed'
2023-01-04 17:44:52.806 DEBUG 3888 --- [kground-preinit] o.apache.tomcat.util.IntrospectionUtils  : IntrospectionUtils: setProperty(class org.apache.tomcat.util.modeler.ParameterInfo description=MBean Name of the component to be removed)
2023-01-04 17:44:52.808 DEBUG 3888 --- [kground-preinit] o.apache.tomcat.util.digester.Digester   : [SetPropertiesRule]{mbeans-descriptors/mbean/operation/parameter} Setting property 'type' to 'java.lang.String'
2023-01-04 17:44:52.808 DEBUG 3888 --- [kground-preinit] o.apache.tomcat.util.IntrospectionUtils  : IntrospectionUtils: setProperty(class org.apache.tomcat.util.modeler.ParameterInfo type=java.lang.String)
2023-01-04 17:44:52.808 DEBUG 3888 --- [kground-preinit] o.apache.tomcat.util.digester.Digester   :   Fire begin() for SetNextRule[methodName=addParameter, paramType=org.apache.tomcat.util.modeler.ParameterInfo]
2023-01-04 17:44:52.808 DEBUG 3888 --- [kground-preinit] o.a.tomcat.util.digester.Digester.sax    : endElement(,,parameter)
2023-01-04 17:44:52.808 DEBUG 3888 --- [kground-preinit] o.apache.tomcat.util.digester.Digester   :   match='mbeans-descriptors/mbean/operation/parameter'
2023-01-04 17:44:52.809 DEBUG 3888 --- [kground-preinit] o.apache.tomcat.util.digester.Digester   :   bodyText=''
2023-01-04 17:44:52.809 DEBUG 3888 --- [kground-preinit] o.apache.tomcat.util.digester.Digester   :   Fire body() for ObjectCreateRule[className=org.apache.tomcat.util.modeler.ParameterInfo, attributeName=null]
2023-01-04 17:44:52.809 DEBUG 3888 --- [kground-preinit] o.apache.tomcat.util.digester.Digester   :   Fire body() for SetPropertiesRule[]
2023-01-04 17:44:52.809 DEBUG 3888 --- [kground-preinit] o.apache.tomcat.util.digester.Digester   :   Fire body() for SetNextRule[methodName=addParameter, paramType=org.apache.tomcat.util.modeler.ParameterInfo]
2023-01-04 17:44:52.809 DEBUG 3888 --- [kground-preinit] o.apache.tomcat.util.digester.Digester   :   Fire end() for SetNextRule[methodName=addParameter, paramType=org.apache.tomcat.util.modeler.ParameterInfo]
2023-01-04 17:44:52.809 DEBUG 3888 --- [kground-preinit] o.apache.tomcat.util.digester.Digester   : [SetNextRule]{mbeans-descriptors/mbean/operation/parameter} Call org.apache.tomcat.util.modeler.OperationInfo.addParameter(org.apache.tomcat.util.modeler.ParameterInfo@4af27fbf)
2023-01-04 17:44:52.809 DEBUG 3888 --- [kground-preinit] o.apache.tomcat.util.IntrospectionUtils  : IntrospectionUtils: callMethod1 org.apache.tomcat.util.modeler.OperationInfo org.apache.tomcat.util.modeler.ParameterInfo org.apache.tomcat.util.modeler.ParameterInfo
2023-01-04 17:44:52.809 DEBUG 3888 --- [kground-preinit] o.apache.tomcat.util.digester.Digester   :   Fire end() for SetPropertiesRule[]
2023-01-04 17:44:52.810 DEBUG 3888 --- [kground-preinit] o.apache.tomcat.util.digester.Digester   :   Fire end() for ObjectCreateRule[className=org.apache.tomcat.util.modeler.ParameterInfo, attributeName=null]
2023-01-04 17:44:52.810 DEBUG 3888 --- [kground-preinit] o.apache.tomcat.util.digester.Digester   : [ObjectCreateRule]{mbeans-descriptors/mbean/operation/parameter} Pop org.apache.tomcat.util.modeler.ParameterInfo
2023-01-04 17:44:52.810 DEBUG 3888 --- [kground-preinit] o.a.tomcat.util.digester.Digester.sax    : characters(
    )
2023-01-04 17:44:52.810 DEBUG 3888 --- [kground-preinit] o.a.tomcat.util.digester.Digester.sax    : endElement(,,operation)
2023-01-04 17:44:52.810 DEBUG 3888 --- [kground-preinit] o.apache.tomcat.util.digester.Digester   :   match='mbeans-descriptors/mbean/operation'
2023-01-04 17:44:52.810 DEBUG 3888 --- [kground-preinit] o.apache.tomcat.util.digester.Digester   :   bodyText='
      
    '
2023-01-04 17:44:52.810 DEBUG 3888 --- [kground-preinit] o.apache.tomcat.util.digester.Digester   :   Fire body() for ObjectCreateRule[className=org.apache.tomcat.util.modeler.OperationInfo, attributeName=null]
2023-01-04 17:44:52.810 DEBUG 3888 --- [kground-preinit] o.apache.tomcat.util.digester.Digester   :   Fire body() for SetPropertiesRule[]
2023-01-04 17:44:52.810 DEBUG 3888 --- [kground-preinit] o.apache.tomcat.util.digester.Digester   :   Fire body() for SetNextRule[methodName=addOperation, paramType=org.apache.tomcat.util.modeler.OperationInfo]
2023-01-04 17:44:52.810 DEBUG 3888 --- [kground-preinit] o.apache.tomcat.util.digester.Digester   :   Fire end() for SetNextRule[methodName=addOperation, paramType=org.apache.tomcat.util.modeler.OperationInfo]
2023-01-04 17:44:52.811 DEBUG 3888 --- [kground-preinit] o.apache.tomcat.util.digester.Digester   : [SetNextRule]{mbeans-descriptors/mbean/operation} Call org.apache.tomcat.util.modeler.ManagedBean.addOperation(org.apache.tomcat.util.modeler.OperationInfo@787be707)
2023-01-04 17:44:52.811 DEBUG 3888 --- [kground-preinit] o.apache.tomcat.util.IntrospectionUtils  : IntrospectionUtils: callMethod1 org.apache.tomcat.util.modeler.ManagedBean org.apache.tomcat.util.modeler.OperationInfo org.apache.tomcat.util.modeler.OperationInfo
2023-01-04 17:44:52.811 DEBUG 3888 --- [kground-preinit] o.apache.tomcat.util.digester.Digester   :   Fire end() for SetPropertiesRule[]
2023-01-04 17:44:52.811 DEBUG 3888 --- [kground-preinit] o.apache.tomcat.util.digester.Digester   :   Fire end() for ObjectCreateRule[className=org.apache.tomcat.util.modeler.OperationInfo, attributeName=null]
2023-01-04 17:44:52.814 DEBUG 3888 --- [kground-preinit] o.apache.tomcat.util.digester.Digester   : [ObjectCreateRule]{mbeans-descriptors/mbean/operation} Pop org.apache.tomcat.util.modeler.OperationInfo
2023-01-04 17:44:52.814 DEBUG 3888 --- [kground-preinit] o.a.tomcat.util.digester.Digester.sax    : characters(

    )
2023-01-04 17:44:52.817 DEBUG 3888 --- [kground-preinit] o.a.tomcat.util.digester.Digester.sax    : startElement(,,operation)
2023-01-04 17:44:52.817 DEBUG 3888 --- [kground-preinit] o.apache.tomcat.util.digester.Digester   :   New match='mbeans-descriptors/mbean/operation'
2023-01-04 17:44:52.817 DEBUG 3888 --- [kground-preinit] o.apache.tomcat.util.digester.Digester   :   Fire begin() for ObjectCreateRule[className=org.apache.tomcat.util.modeler.OperationInfo, attributeName=null]
2023-01-04 17:44:52.817 DEBUG 3888 --- [kground-preinit] o.apache.tomcat.util.digester.Digester   : [ObjectCreateRule]{mbeans-descriptors/mbean/operation}New org.apache.tomcat.util.modeler.OperationInfo
2023-01-04 17:44:52.818 DEBUG 3888 --- [kground-preinit] o.apache.tomcat.util.digester.Digester   :   Fire begin() for SetPropertiesRule[]
2023-01-04 17:44:52.818 DEBUG 3888 --- [kground-preinit] o.apache.tomcat.util.digester.Digester   : [SetPropertiesRule]{mbeans-descriptors/mbean/operation} Set org.apache.tomcat.util.modeler.OperationInfo properties
2023-01-04 17:44:52.818 DEBUG 3888 --- [kground-preinit] o.apache.tomcat.util.digester.Digester   : [SetPropertiesRule]{mbeans-descriptors/mbean/operation} Setting property 'name' to 'removeLoader'
2023-01-04 17:44:52.818 DEBUG 3888 --- [kground-preinit] o.apache.tomcat.util.IntrospectionUtils  : IntrospectionUtils: setProperty(class org.apache.tomcat.util.modeler.OperationInfo name=removeLoader)
2023-01-04 17:44:52.818 DEBUG 3888 --- [kground-preinit] o.apache.tomcat.util.digester.Digester   : [SetPropertiesRule]{mbeans-descriptors/mbean/operation} Setting property 'description' to 'Remove an existing Loader'
2023-01-04 17:44:52.818 DEBUG 3888 --- [kground-preinit] o.apache.tomcat.util.IntrospectionUtils  : IntrospectionUtils: setProperty(class org.apache.tomcat.util.modeler.OperationInfo description=Remove an existing Loader)
2023-01-04 17:44:52.822 DEBUG 3888 --- [kground-preinit] o.apache.tomcat.util.digester.Digester   : [SetPropertiesRule]{mbeans-descriptors/mbean/operation} Setting property 'impact' to 'ACTION'
2023-01-04 17:44:52.822 DEBUG 3888 --- [kground-preinit] o.apache.tomcat.util.IntrospectionUtils  : IntrospectionUtils: setProperty(class org.apache.tomcat.util.modeler.OperationInfo impact=ACTION)
2023-01-04 17:44:52.822 DEBUG 3888 --- [kground-preinit] o.apache.tomcat.util.digester.Digester   : [SetPropertiesRule]{mbeans-descriptors/mbean/operation} Setting property 'returnType' to 'void'
2023-01-04 17:44:52.822 DEBUG 3888 --- [kground-preinit] o.apache.tomcat.util.IntrospectionUtils  : IntrospectionUtils: setProperty(class org.apache.tomcat.util.modeler.OperationInfo returnType=void)
2023-01-04 17:44:52.822 DEBUG 3888 --- [kground-preinit] o.apache.tomcat.util.digester.Digester   :   Fire begin() for SetNextRule[methodName=addOperation, paramType=org.apache.tomcat.util.modeler.OperationInfo]
2023-01-04 17:44:52.822 DEBUG 3888 --- [kground-preinit] o.a.tomcat.util.digester.Digester.sax    : characters(
      )
2023-01-04 17:44:52.822 DEBUG 3888 --- [kground-preinit] o.a.tomcat.util.digester.Digester.sax    : startElement(,,parameter)
2023-01-04 17:44:52.825 DEBUG 3888 --- [kground-preinit] o.apache.tomcat.util.digester.Digester   :   New match='mbeans-descriptors/mbean/operation/parameter'
2023-01-04 17:44:52.835 DEBUG 3888 --- [kground-preinit] o.apache.tomcat.util.digester.Digester   :   Fire begin() for ObjectCreateRule[className=org.apache.tomcat.util.modeler.ParameterInfo, attributeName=null]
2023-01-04 17:44:52.835 DEBUG 3888 --- [kground-preinit] o.apache.tomcat.util.digester.Digester   : [ObjectCreateRule]{mbeans-descriptors/mbean/operation/parameter}New org.apache.tomcat.util.modeler.ParameterInfo
2023-01-04 17:44:52.835 DEBUG 3888 --- [kground-preinit] o.apache.tomcat.util.digester.Digester   :   Fire begin() for SetPropertiesRule[]
2023-01-04 17:44:52.835 DEBUG 3888 --- [kground-preinit] o.apache.tomcat.util.digester.Digester   : [SetPropertiesRule]{mbeans-descriptors/mbean/operation/parameter} Set org.apache.tomcat.util.modeler.ParameterInfo properties
2023-01-04 17:44:52.835 DEBUG 3888 --- [kground-preinit] o.apache.tomcat.util.digester.Digester   : [SetPropertiesRule]{mbeans-descriptors/mbean/operation/parameter} Setting property 'name' to 'name'
2023-01-04 17:44:52.836 DEBUG 3888 --- [kground-preinit] o.apache.tomcat.util.IntrospectionUtils  : IntrospectionUtils: setProperty(class org.apache.tomcat.util.modeler.ParameterInfo name=name)
2023-01-04 17:44:52.836 DEBUG 3888 --- [kground-preinit] o.apache.tomcat.util.digester.Digester   : [SetPropertiesRule]{mbeans-descriptors/mbean/operation/parameter} Setting property 'description' to 'MBean Name of the component to be removed'
2023-01-04 17:44:52.836 DEBUG 3888 --- [kground-preinit] o.apache.tomcat.util.IntrospectionUtils  : IntrospectionUtils: setProperty(class org.apache.tomcat.util.modeler.ParameterInfo description=MBean Name of the component to be removed)
2023-01-04 17:44:52.836 DEBUG 3888 --- [kground-preinit] o.apache.tomcat.util.digester.Digester   : [SetPropertiesRule]{mbeans-descriptors/mbean/operation/parameter} Setting property 'type' to 'java.lang.String'
2023-01-04 17:44:52.836 DEBUG 3888 --- [kground-preinit] o.apache.tomcat.util.IntrospectionUtils  : IntrospectionUtils: setProperty(class org.apache.tomcat.util.modeler.ParameterInfo type=java.lang.String)
2023-01-04 17:44:52.836 DEBUG 3888 --- [kground-preinit] o.apache.tomcat.util.digester.Digester   :   Fire begin() for SetNextRule[methodName=addParameter, paramType=org.apache.tomcat.util.modeler.ParameterInfo]
2023-01-04 17:44:52.836 DEBUG 3888 --- [kground-preinit] o.a.tomcat.util.digester.Digester.sax    : endElement(,,parameter)
2023-01-04 17:44:52.836 DEBUG 3888 --- [kground-preinit] o.apache.tomcat.util.digester.Digester   :   match='mbeans-descriptors/mbean/operation/parameter'
2023-01-04 17:44:52.836 DEBUG 3888 --- [kground-preinit] o.apache.tomcat.util.digester.Digester   :   bodyText=''
2023-01-04 17:44:52.836 DEBUG 3888 --- [kground-preinit] o.apache.tomcat.util.digester.Digester   :   Fire body() for ObjectCreateRule[className=org.apache.tomcat.util.modeler.ParameterInfo, attributeName=null]
2023-01-04 17:44:52.836 DEBUG 3888 --- [kground-preinit] o.apache.tomcat.util.digester.Digester   :   Fire body() for SetPropertiesRule[]
2023-01-04 17:44:52.836 DEBUG 3888 --- [kground-preinit] o.apache.tomcat.util.digester.Digester   :   Fire body() for SetNextRule[methodName=addParameter, paramType=org.apache.tomcat.util.modeler.ParameterInfo]
2023-01-04 17:44:52.837 DEBUG 3888 --- [kground-preinit] o.apache.tomcat.util.digester.Digester   :   Fire end() for SetNextRule[methodName=addParameter, paramType=org.apache.tomcat.util.modeler.ParameterInfo]
2023-01-04 17:44:52.837 DEBUG 3888 --- [kground-preinit] o.apache.tomcat.util.digester.Digester   : [SetNextRule]{mbeans-descriptors/mbean/operation/parameter} Call org.apache.tomcat.util.modeler.OperationInfo.addParameter(org.apache.tomcat.util.modeler.ParameterInfo@4a40b4a3)
2023-01-04 17:44:52.837 DEBUG 3888 --- [kground-preinit] o.apache.tomcat.util.IntrospectionUtils  : IntrospectionUtils: callMethod1 org.apache.tomcat.util.modeler.OperationInfo org.apache.tomcat.util.modeler.ParameterInfo org.apache.tomcat.util.modeler.ParameterInfo
2023-01-04 17:44:52.837 DEBUG 3888 --- [kground-preinit] o.apache.tomcat.util.digester.Digester   :   Fire end() for SetPropertiesRule[]
2023-01-04 17:44:52.837 DEBUG 3888 --- [kground-preinit] o.apache.tomcat.util.digester.Digester   :   Fire end() for ObjectCreateRule[className=org.apache.tomcat.util.modeler.ParameterInfo, attributeName=null]
2023-01-04 17:44:52.837 DEBUG 3888 --- [kground-preinit] o.apache.tomcat.util.digester.Digester   : [ObjectCreateRule]{mbeans-descriptors/mbean/operation/parameter} Pop org.apache.tomcat.util.modeler.ParameterInfo
2023-01-04 17:44:52.837 DEBUG 3888 --- [kground-preinit] o.a.tomcat.util.digester.Digester.sax    : characters(
    )
2023-01-04 17:44:52.837 DEBUG 3888 --- [kground-preinit] o.a.tomcat.util.digester.Digester.sax    : endElement(,,operation)
2023-01-04 17:44:52.837 DEBUG 3888 --- [kground-preinit] o.apache.tomcat.util.digester.Digester   :   match='mbeans-descriptors/mbean/operation'
2023-01-04 17:44:52.837 DEBUG 3888 --- [kground-preinit] o.apache.tomcat.util.digester.Digester   :   bodyText='
      
    '
2023-01-04 17:44:52.837 DEBUG 3888 --- [kground-preinit] o.apache.tomcat.util.digester.Digester   :   Fire body() for ObjectCreateRule[className=org.apache.tomcat.util.modeler.OperationInfo, attributeName=null]
2023-01-04 17:44:52.837 DEBUG 3888 --- [kground-preinit] o.apache.tomcat.util.digester.Digester   :   Fire body() for SetPropertiesRule[]
2023-01-04 17:44:52.837 DEBUG 3888 --- [kground-preinit] o.apache.tomcat.util.digester.Digester   :   Fire body() for SetNextRule[methodName=addOperation, paramType=org.apache.tomcat.util.modeler.OperationInfo]
2023-01-04 17:44:52.837 DEBUG 3888 --- [kground-preinit] o.apache.tomcat.util.digester.Digester   :   Fire end() for SetNextRule[methodName=addOperation, paramType=org.apache.tomcat.util.modeler.OperationInfo]
2023-01-04 17:44:52.838 DEBUG 3888 --- [kground-preinit] o.apache.tomcat.util.digester.Digester   : [SetNextRule]{mbeans-descriptors/mbean/operation} Call org.apache.tomcat.util.modeler.ManagedBean.addOperation(org.apache.tomcat.util.modeler.OperationInfo@12b61cae)
2023-01-04 17:44:52.838 DEBUG 3888 --- [kground-preinit] o.apache.tomcat.util.IntrospectionUtils  : IntrospectionUtils: callMethod1 org.apache.tomcat.util.modeler.ManagedBean org.apache.tomcat.util.modeler.OperationInfo org.apache.tomcat.util.modeler.OperationInfo
2023-01-04 17:44:52.838 DEBUG 3888 --- [kground-preinit] o.apache.tomcat.util.digester.Digester   :   Fire end() for SetPropertiesRule[]
2023-01-04 17:44:52.838 DEBUG 3888 --- [kground-preinit] o.apache.tomcat.util.digester.Digester   :   Fire end() for ObjectCreateRule[className=org.apache.tomcat.util.modeler.OperationInfo, attributeName=null]
2023-01-04 17:44:52.838 DEBUG 3888 --- [kground-preinit] o.apache.tomcat.util.digester.Digester   : [ObjectCreateRule]{mbeans-descriptors/mbean/operation} Pop org.apache.tomcat.util.modeler.OperationInfo
2023-01-04 17:44:52.838 DEBUG 3888 --- [kground-preinit] o.a.tomcat.util.digester.Digester.sax    : characters(

    )
2023-01-04 17:44:52.838 DEBUG 3888 --- [kground-preinit] o.a.tomcat.util.digester.Digester.sax    : startElement(,,operation)
2023-01-04 17:44:52.838 DEBUG 3888 --- [kground-preinit] o.apache.tomcat.util.digester.Digester   :   New match='mbeans-descriptors/mbean/operation'
2023-01-04 17:44:52.838 DEBUG 3888 --- [kground-preinit] o.apache.tomcat.util.digester.Digester   :   Fire begin() for ObjectCreateRule[className=org.apache.tomcat.util.modeler.OperationInfo, attributeName=null]
2023-01-04 17:44:52.838 DEBUG 3888 --- [kground-preinit] o.apache.tomcat.util.digester.Digester   : [ObjectCreateRule]{mbeans-descriptors/mbean/operation}New org.apache.tomcat.util.modeler.OperationInfo
2023-01-04 17:44:52.838 DEBUG 3888 --- [kground-preinit] o.apache.tomcat.util.digester.Digester   :   Fire begin() for SetPropertiesRule[]
2023-01-04 17:44:52.838 DEBUG 3888 --- [kground-preinit] o.apache.tomcat.util.digester.Digester   : [SetPropertiesRule]{mbeans-descriptors/mbean/operation} Set org.apache.tomcat.util.modeler.OperationInfo properties
2023-01-04 17:44:52.838 DEBUG 3888 --- [kground-preinit] o.apache.tomcat.util.digester.Digester   : [SetPropertiesRule]{mbeans-descriptors/mbean/operation} Setting property 'name' to 'removeManager'
2023-01-04 17:44:52.838 DEBUG 3888 --- [kground-preinit] o.apache.tomcat.util.IntrospectionUtils  : IntrospectionUtils: setProperty(class org.apache.tomcat.util.modeler.OperationInfo name=removeManager)
2023-01-04 17:44:52.839 DEBUG 3888 --- [kground-preinit] o.apache.tomcat.util.digester.Digester   : [SetPropertiesRule]{mbeans-descriptors/mbean/operation} Setting property 'description' to 'Remove an existing Manager'
2023-01-04 17:44:52.839 DEBUG 3888 --- [kground-preinit] o.apache.tomcat.util.IntrospectionUtils  : IntrospectionUtils: setProperty(class org.apache.tomcat.util.modeler.OperationInfo description=Remove an existing Manager)
2023-01-04 17:44:52.839 DEBUG 3888 --- [kground-preinit] o.apache.tomcat.util.digester.Digester   : [SetPropertiesRule]{mbeans-descriptors/mbean/operation} Setting property 'impact' to 'ACTION'
2023-01-04 17:44:52.839 DEBUG 3888 --- [kground-preinit] o.apache.tomcat.util.IntrospectionUtils  : IntrospectionUtils: setProperty(class org.apache.tomcat.util.modeler.OperationInfo impact=ACTION)
2023-01-04 17:44:52.839 DEBUG 3888 --- [kground-preinit] o.apache.tomcat.util.digester.Digester   : [SetPropertiesRule]{mbeans-descriptors/mbean/operation} Setting property 'returnType' to 'void'
2023-01-04 17:44:52.839 DEBUG 3888 --- [kground-preinit] o.apache.tomcat.util.IntrospectionUtils  : IntrospectionUtils: setProperty(class org.apache.tomcat.util.modeler.OperationInfo returnType=void)
2023-01-04 17:44:52.841 DEBUG 3888 --- [kground-preinit] o.apache.tomcat.util.digester.Digester   :   Fire begin() for SetNextRule[methodName=addOperation, paramType=org.apache.tomcat.util.modeler.OperationInfo]
2023-01-04 17:44:52.841 DEBUG 3888 --- [kground-preinit] o.a.tomcat.util.digester.Digester.sax    : characters(
      )
2023-01-04 17:44:52.841 DEBUG 3888 --- [kground-preinit] o.a.tomcat.util.digester.Digester.sax    : startElement(,,parameter)
2023-01-04 17:44:52.841 DEBUG 3888 --- [kground-preinit] o.apache.tomcat.util.digester.Digester   :   New match='mbeans-descriptors/mbean/operation/parameter'
2023-01-04 17:44:52.841 DEBUG 3888 --- [kground-preinit] o.apache.tomcat.util.digester.Digester   :   Fire begin() for ObjectCreateRule[className=org.apache.tomcat.util.modeler.ParameterInfo, attributeName=null]
2023-01-04 17:44:52.841 DEBUG 3888 --- [kground-preinit] o.apache.tomcat.util.digester.Digester   : [ObjectCreateRule]{mbeans-descriptors/mbean/operation/parameter}New org.apache.tomcat.util.modeler.ParameterInfo
2023-01-04 17:44:52.841 DEBUG 3888 --- [kground-preinit] o.apache.tomcat.util.digester.Digester   :   Fire begin() for SetPropertiesRule[]
2023-01-04 17:44:52.841 DEBUG 3888 --- [kground-preinit] o.apache.tomcat.util.digester.Digester   : [SetPropertiesRule]{mbeans-descriptors/mbean/operation/parameter} Set org.apache.tomcat.util.modeler.ParameterInfo properties
2023-01-04 17:44:52.841 DEBUG 3888 --- [kground-preinit] o.apache.tomcat.util.digester.Digester   : [SetPropertiesRule]{mbeans-descriptors/mbean/operation/parameter} Setting property 'name' to 'name'
2023-01-04 17:44:52.842 DEBUG 3888 --- [kground-preinit] o.apache.tomcat.util.IntrospectionUtils  : IntrospectionUtils: setProperty(class org.apache.tomcat.util.modeler.ParameterInfo name=name)
2023-01-04 17:44:52.842 DEBUG 3888 --- [kground-preinit] o.apache.tomcat.util.digester.Digester   : [SetPropertiesRule]{mbeans-descriptors/mbean/operation/parameter} Setting property 'description' to 'MBean Name of the component to be removed'
2023-01-04 17:44:52.842 DEBUG 3888 --- [kground-preinit] o.apache.tomcat.util.IntrospectionUtils  : IntrospectionUtils: setProperty(class org.apache.tomcat.util.modeler.ParameterInfo description=MBean Name of the component to be removed)
2023-01-04 17:44:52.842 DEBUG 3888 --- [kground-preinit] o.apache.tomcat.util.digester.Digester   : [SetPropertiesRule]{mbeans-descriptors/mbean/operation/parameter} Setting property 'type' to 'java.lang.String'
2023-01-04 17:44:52.842 DEBUG 3888 --- [kground-preinit] o.apache.tomcat.util.IntrospectionUtils  : IntrospectionUtils: setProperty(class org.apache.tomcat.util.modeler.ParameterInfo type=java.lang.String)
2023-01-04 17:44:52.842 DEBUG 3888 --- [kground-preinit] o.apache.tomcat.util.digester.Digester   :   Fire begin() for SetNextRule[methodName=addParameter, paramType=org.apache.tomcat.util.modeler.ParameterInfo]
2023-01-04 17:44:52.842 DEBUG 3888 --- [kground-preinit] o.a.tomcat.util.digester.Digester.sax    : endElement(,,parameter)
2023-01-04 17:44:52.842 DEBUG 3888 --- [kground-preinit] o.apache.tomcat.util.digester.Digester   :   match='mbeans-descriptors/mbean/operation/parameter'
2023-01-04 17:44:52.842 DEBUG 3888 --- [kground-preinit] o.apache.tomcat.util.digester.Digester   :   bodyText=''
2023-01-04 17:44:52.842 DEBUG 3888 --- [kground-preinit] o.apache.tomcat.util.digester.Digester   :   Fire body() for ObjectCreateRule[className=org.apache.tomcat.util.modeler.ParameterInfo, attributeName=null]
2023-01-04 17:44:52.842 DEBUG 3888 --- [kground-preinit] o.apache.tomcat.util.digester.Digester   :   Fire body() for SetPropertiesRule[]
2023-01-04 17:44:52.843 DEBUG 3888 --- [kground-preinit] o.apache.tomcat.util.digester.Digester   :   Fire body() for SetNextRule[methodName=addParameter, paramType=org.apache.tomcat.util.modeler.ParameterInfo]
2023-01-04 17:44:52.843 DEBUG 3888 --- [kground-preinit] o.apache.tomcat.util.digester.Digester   :   Fire end() for SetNextRule[methodName=addParameter, paramType=org.apache.tomcat.util.modeler.ParameterInfo]
2023-01-04 17:44:52.843 DEBUG 3888 --- [kground-preinit] o.apache.tomcat.util.digester.Digester   : [SetNextRule]{mbeans-descriptors/mbean/operation/parameter} Call org.apache.tomcat.util.modeler.OperationInfo.addParameter(org.apache.tomcat.util.modeler.ParameterInfo@4be086c0)
2023-01-04 17:44:52.843 DEBUG 3888 --- [kground-preinit] o.apache.tomcat.util.IntrospectionUtils  : IntrospectionUtils: callMethod1 org.apache.tomcat.util.modeler.OperationInfo org.apache.tomcat.util.modeler.ParameterInfo org.apache.tomcat.util.modeler.ParameterInfo
2023-01-04 17:44:52.843 DEBUG 3888 --- [kground-preinit] o.apache.tomcat.util.digester.Digester   :   Fire end() for SetPropertiesRule[]
2023-01-04 17:44:52.843 DEBUG 3888 --- [kground-preinit] o.apache.tomcat.util.digester.Digester   :   Fire end() for ObjectCreateRule[className=org.apache.tomcat.util.modeler.ParameterInfo, attributeName=null]
2023-01-04 17:44:52.843 DEBUG 3888 --- [kground-preinit] o.apache.tomcat.util.digester.Digester   : [ObjectCreateRule]{mbeans-descriptors/mbean/operation/parameter} Pop org.apache.tomcat.util.modeler.ParameterInfo
2023-01-04 17:44:52.843 DEBUG 3888 --- [kground-preinit] o.a.tomcat.util.digester.Digester.sax    : characters(
    )
2023-01-04 17:44:52.843 DEBUG 3888 --- [kground-preinit] o.a.tomcat.util.digester.Digester.sax    : endElement(,,operation)
2023-01-04 17:44:52.844 DEBUG 3888 --- [kground-preinit] o.apache.tomcat.util.digester.Digester   :   match='mbeans-descriptors/mbean/operation'
2023-01-04 17:44:52.844 DEBUG 3888 --- [kground-preinit] o.apache.tomcat.util.digester.Digester   :   bodyText='
      
    '
2023-01-04 17:44:52.844 DEBUG 3888 --- [kground-preinit] o.apache.tomcat.util.digester.Digester   :   Fire body() for ObjectCreateRule[className=org.apache.tomcat.util.modeler.OperationInfo, attributeName=null]
2023-01-04 17:44:52.844 DEBUG 3888 --- [kground-preinit] o.apache.tomcat.util.digester.Digester   :   Fire body() for SetPropertiesRule[]
2023-01-04 17:44:52.844 DEBUG 3888 --- [kground-preinit] o.apache.tomcat.util.digester.Digester   :   Fire body() for SetNextRule[methodName=addOperation, paramType=org.apache.tomcat.util.modeler.OperationInfo]
2023-01-04 17:44:52.844 DEBUG 3888 --- [kground-preinit] o.apache.tomcat.util.digester.Digester   :   Fire end() for SetNextRule[methodName=addOperation, paramType=org.apache.tomcat.util.modeler.OperationInfo]
2023-01-04 17:44:52.844 DEBUG 3888 --- [kground-preinit] o.apache.tomcat.util.digester.Digester   : [SetNextRule]{mbeans-descriptors/mbean/operation} Call org.apache.tomcat.util.modeler.ManagedBean.addOperation(org.apache.tomcat.util.modeler.OperationInfo@6c040364)
2023-01-04 17:44:52.844 DEBUG 3888 --- [kground-preinit] o.apache.tomcat.util.IntrospectionUtils  : IntrospectionUtils: callMethod1 org.apache.tomcat.util.modeler.ManagedBean org.apache.tomcat.util.modeler.OperationInfo org.apache.tomcat.util.modeler.OperationInfo
2023-01-04 17:44:52.844 DEBUG 3888 --- [kground-preinit] o.apache.tomcat.util.digester.Digester   :   Fire end() for SetPropertiesRule[]
2023-01-04 17:44:52.844 DEBUG 3888 --- [kground-preinit] o.apache.tomcat.util.digester.Digester   :   Fire end() for ObjectCreateRule[className=org.apache.tomcat.util.modeler.OperationInfo, attributeName=null]
2023-01-04 17:44:52.844 DEBUG 3888 --- [kground-preinit] o.apache.tomcat.util.digester.Digester   : [ObjectCreateRule]{mbeans-descriptors/mbean/operation} Pop org.apache.tomcat.util.modeler.OperationInfo
2023-01-04 17:44:52.844 DEBUG 3888 --- [kground-preinit] o.a.tomcat.util.digester.Digester.sax    : characters(

    )
2023-01-04 17:44:52.844 DEBUG 3888 --- [kground-preinit] o.a.tomcat.util.digester.Digester.sax    : startElement(,,operation)
2023-01-04 17:44:52.844 DEBUG 3888 --- [kground-preinit] o.apache.tomcat.util.digester.Digester   :   New match='mbeans-descriptors/mbean/operation'
2023-01-04 17:44:52.845 DEBUG 3888 --- [kground-preinit] o.apache.tomcat.util.digester.Digester   :   Fire begin() for ObjectCreateRule[className=org.apache.tomcat.util.modeler.OperationInfo, attributeName=null]
2023-01-04 17:44:52.845 DEBUG 3888 --- [kground-preinit] o.apache.tomcat.util.digester.Digester   : [ObjectCreateRule]{mbeans-descriptors/mbean/operation}New org.apache.tomcat.util.modeler.OperationInfo
2023-01-04 17:44:52.845 DEBUG 3888 --- [kground-preinit] o.apache.tomcat.util.digester.Digester   :   Fire begin() for SetPropertiesRule[]
2023-01-04 17:44:52.845 DEBUG 3888 --- [kground-preinit] o.apache.tomcat.util.digester.Digester   : [SetPropertiesRule]{mbeans-descriptors/mbean/operation} Set org.apache.tomcat.util.modeler.OperationInfo properties
2023-01-04 17:44:52.845 DEBUG 3888 --- [kground-preinit] o.apache.tomcat.util.digester.Digester   : [SetPropertiesRule]{mbeans-descriptors/mbean/operation} Setting property 'name' to 'removeRealm'
2023-01-04 17:44:52.845 DEBUG 3888 --- [kground-preinit] o.apache.tomcat.util.IntrospectionUtils  : IntrospectionUtils: setProperty(class org.apache.tomcat.util.modeler.OperationInfo name=removeRealm)
2023-01-04 17:44:52.845 DEBUG 3888 --- [kground-preinit] o.apache.tomcat.util.digester.Digester   : [SetPropertiesRule]{mbeans-descriptors/mbean/operation} Setting property 'description' to 'Remove an existing Realm'
2023-01-04 17:44:52.845 DEBUG 3888 --- [kground-preinit] o.apache.tomcat.util.IntrospectionUtils  : IntrospectionUtils: setProperty(class org.apache.tomcat.util.modeler.OperationInfo description=Remove an existing Realm)
2023-01-04 17:44:52.845 DEBUG 3888 --- [kground-preinit] o.apache.tomcat.util.digester.Digester   : [SetPropertiesRule]{mbeans-descriptors/mbean/operation} Setting property 'impact' to 'ACTION'
2023-01-04 17:44:52.845 DEBUG 3888 --- [kground-preinit] o.apache.tomcat.util.IntrospectionUtils  : IntrospectionUtils: setProperty(class org.apache.tomcat.util.modeler.OperationInfo impact=ACTION)
2023-01-04 17:44:52.845 DEBUG 3888 --- [kground-preinit] o.apache.tomcat.util.digester.Digester   : [SetPropertiesRule]{mbeans-descriptors/mbean/operation} Setting property 'returnType' to 'void'
2023-01-04 17:44:52.845 DEBUG 3888 --- [kground-preinit] o.apache.tomcat.util.IntrospectionUtils  : IntrospectionUtils: setProperty(class org.apache.tomcat.util.modeler.OperationInfo returnType=void)
2023-01-04 17:44:52.845 DEBUG 3888 --- [kground-preinit] o.apache.tomcat.util.digester.Digester   :   Fire begin() for SetNextRule[methodName=addOperation, paramType=org.apache.tomcat.util.modeler.OperationInfo]
2023-01-04 17:44:52.845 DEBUG 3888 --- [kground-preinit] o.a.tomcat.util.digester.Digester.sax    : characters(
      )
2023-01-04 17:44:52.846 DEBUG 3888 --- [kground-preinit] o.a.tomcat.util.digester.Digester.sax    : startElement(,,parameter)
2023-01-04 17:44:52.846 DEBUG 3888 --- [kground-preinit] o.apache.tomcat.util.digester.Digester   :   New match='mbeans-descriptors/mbean/operation/parameter'
2023-01-04 17:44:52.846 DEBUG 3888 --- [kground-preinit] o.apache.tomcat.util.digester.Digester   :   Fire begin() for ObjectCreateRule[className=org.apache.tomcat.util.modeler.ParameterInfo, attributeName=null]
2023-01-04 17:44:52.846 DEBUG 3888 --- [kground-preinit] o.apache.tomcat.util.digester.Digester   : [ObjectCreateRule]{mbeans-descriptors/mbean/operation/parameter}New org.apache.tomcat.util.modeler.ParameterInfo
2023-01-04 17:44:52.846 DEBUG 3888 --- [kground-preinit] o.apache.tomcat.util.digester.Digester   :   Fire begin() for SetPropertiesRule[]
2023-01-04 17:44:52.846 DEBUG 3888 --- [kground-preinit] o.apache.tomcat.util.digester.Digester   : [SetPropertiesRule]{mbeans-descriptors/mbean/operation/parameter} Set org.apache.tomcat.util.modeler.ParameterInfo properties
2023-01-04 17:44:52.846 DEBUG 3888 --- [kground-preinit] o.apache.tomcat.util.digester.Digester   : [SetPropertiesRule]{mbeans-descriptors/mbean/operation/parameter} Setting property 'name' to 'name'
2023-01-04 17:44:52.846 DEBUG 3888 --- [kground-preinit] o.apache.tomcat.util.IntrospectionUtils  : IntrospectionUtils: setProperty(class org.apache.tomcat.util.modeler.ParameterInfo name=name)
2023-01-04 17:44:52.847 DEBUG 3888 --- [kground-preinit] o.apache.tomcat.util.digester.Digester   : [SetPropertiesRule]{mbeans-descriptors/mbean/operation/parameter} Setting property 'description' to 'MBean Name of the component to be removed'
2023-01-04 17:44:52.847 DEBUG 3888 --- [kground-preinit] o.apache.tomcat.util.IntrospectionUtils  : IntrospectionUtils: setProperty(class org.apache.tomcat.util.modeler.ParameterInfo description=MBean Name of the component to be removed)
2023-01-04 17:44:52.847 DEBUG 3888 --- [kground-preinit] o.apache.tomcat.util.digester.Digester   : [SetPropertiesRule]{mbeans-descriptors/mbean/operation/parameter} Setting property 'type' to 'java.lang.String'
2023-01-04 17:44:52.847 DEBUG 3888 --- [kground-preinit] o.apache.tomcat.util.IntrospectionUtils  : IntrospectionUtils: setProperty(class org.apache.tomcat.util.modeler.ParameterInfo type=java.lang.String)
2023-01-04 17:44:52.847 DEBUG 3888 --- [kground-preinit] o.apache.tomcat.util.digester.Digester   :   Fire begin() for SetNextRule[methodName=addParameter, paramType=org.apache.tomcat.util.modeler.ParameterInfo]
2023-01-04 17:44:52.847 DEBUG 3888 --- [kground-preinit] o.a.tomcat.util.digester.Digester.sax    : endElement(,,parameter)
2023-01-04 17:44:52.847 DEBUG 3888 --- [kground-preinit] o.apache.tomcat.util.digester.Digester   :   match='mbeans-descriptors/mbean/operation/parameter'
2023-01-04 17:44:52.847 DEBUG 3888 --- [kground-preinit] o.apache.tomcat.util.digester.Digester   :   bodyText=''
2023-01-04 17:44:52.847 DEBUG 3888 --- [kground-preinit] o.apache.tomcat.util.digester.Digester   :   Fire body() for ObjectCreateRule[className=org.apache.tomcat.util.modeler.ParameterInfo, attributeName=null]
2023-01-04 17:44:52.848 DEBUG 3888 --- [kground-preinit] o.apache.tomcat.util.digester.Digester   :   Fire body() for SetPropertiesRule[]
2023-01-04 17:44:52.848 DEBUG 3888 --- [kground-preinit] o.apache.tomcat.util.digester.Digester   :   Fire body() for SetNextRule[methodName=addParameter, paramType=org.apache.tomcat.util.modeler.ParameterInfo]
2023-01-04 17:44:52.848 DEBUG 3888 --- [kground-preinit] o.apache.tomcat.util.digester.Digester   :   Fire end() for SetNextRule[methodName=addParameter, paramType=org.apache.tomcat.util.modeler.ParameterInfo]
2023-01-04 17:44:52.848 DEBUG 3888 --- [kground-preinit] o.apache.tomcat.util.digester.Digester   : [SetNextRule]{mbeans-descriptors/mbean/operation/parameter} Call org.apache.tomcat.util.modeler.OperationInfo.addParameter(org.apache.tomcat.util.modeler.ParameterInfo@23ae47eb)
2023-01-04 17:44:52.848 DEBUG 3888 --- [kground-preinit] o.apache.tomcat.util.IntrospectionUtils  : IntrospectionUtils: callMethod1 org.apache.tomcat.util.modeler.OperationInfo org.apache.tomcat.util.modeler.ParameterInfo org.apache.tomcat.util.modeler.ParameterInfo
2023-01-04 17:44:52.848 DEBUG 3888 --- [kground-preinit] o.apache.tomcat.util.digester.Digester   :   Fire end() for SetPropertiesRule[]
2023-01-04 17:44:52.848 DEBUG 3888 --- [kground-preinit] o.apache.tomcat.util.digester.Digester   :   Fire end() for ObjectCreateRule[className=org.apache.tomcat.util.modeler.ParameterInfo, attributeName=null]
2023-01-04 17:44:52.848 DEBUG 3888 --- [kground-preinit] o.apache.tomcat.util.digester.Digester   : [ObjectCreateRule]{mbeans-descriptors/mbean/operation/parameter} Pop org.apache.tomcat.util.modeler.ParameterInfo
2023-01-04 17:44:52.848 DEBUG 3888 --- [kground-preinit] o.a.tomcat.util.digester.Digester.sax    : characters(
    )
2023-01-04 17:44:52.848 DEBUG 3888 --- [kground-preinit] o.a.tomcat.util.digester.Digester.sax    : endElement(,,operation)
2023-01-04 17:44:52.848 DEBUG 3888 --- [kground-preinit] o.apache.tomcat.util.digester.Digester   :   match='mbeans-descriptors/mbean/operation'
2023-01-04 17:44:52.849 DEBUG 3888 --- [kground-preinit] o.apache.tomcat.util.digester.Digester   :   bodyText='
      
    '
2023-01-04 17:44:52.849 DEBUG 3888 --- [kground-preinit] o.apache.tomcat.util.digester.Digester   :   Fire body() for ObjectCreateRule[className=org.apache.tomcat.util.modeler.OperationInfo, attributeName=null]
2023-01-04 17:44:52.849 DEBUG 3888 --- [kground-preinit] o.apache.tomcat.util.digester.Digester   :   Fire body() for SetPropertiesRule[]
2023-01-04 17:44:52.849 DEBUG 3888 --- [kground-preinit] o.apache.tomcat.util.digester.Digester   :   Fire body() for SetNextRule[methodName=addOperation, paramType=org.apache.tomcat.util.modeler.OperationInfo]
2023-01-04 17:44:52.849 DEBUG 3888 --- [kground-preinit] o.apache.tomcat.util.digester.Digester   :   Fire end() for SetNextRule[methodName=addOperation, paramType=org.apache.tomcat.util.modeler.OperationInfo]
2023-01-04 17:44:52.849 DEBUG 3888 --- [kground-preinit] o.apache.tomcat.util.digester.Digester   : [SetNextRule]{mbeans-descriptors/mbean/operation} Call org.apache.tomcat.util.modeler.ManagedBean.addOperation(org.apache.tomcat.util.modeler.OperationInfo@1df7c5c)
2023-01-04 17:44:52.849 DEBUG 3888 --- [kground-preinit] o.apache.tomcat.util.IntrospectionUtils  : IntrospectionUtils: callMethod1 org.apache.tomcat.util.modeler.ManagedBean org.apache.tomcat.util.modeler.OperationInfo org.apache.tomcat.util.modeler.OperationInfo
2023-01-04 17:44:52.849 DEBUG 3888 --- [kground-preinit] o.apache.tomcat.util.digester.Digester   :   Fire end() for SetPropertiesRule[]
2023-01-04 17:44:52.849 DEBUG 3888 --- [kground-preinit] o.apache.tomcat.util.digester.Digester   :   Fire end() for ObjectCreateRule[className=org.apache.tomcat.util.modeler.OperationInfo, attributeName=null]
2023-01-04 17:44:52.849 DEBUG 3888 --- [kground-preinit] o.apache.tomcat.util.digester.Digester   : [ObjectCreateRule]{mbeans-descriptors/mbean/operation} Pop org.apache.tomcat.util.modeler.OperationInfo
2023-01-04 17:44:52.849 DEBUG 3888 --- [kground-preinit] o.a.tomcat.util.digester.Digester.sax    : characters(

    )
2023-01-04 17:44:52.850 DEBUG 3888 --- [kground-preinit] o.a.tomcat.util.digester.Digester.sax    : startElement(,,operation)
2023-01-04 17:44:52.850 DEBUG 3888 --- [kground-preinit] o.apache.tomcat.util.digester.Digester   :   New match='mbeans-descriptors/mbean/operation'
2023-01-04 17:44:52.850 DEBUG 3888 --- [kground-preinit] o.apache.tomcat.util.digester.Digester   :   Fire begin() for ObjectCreateRule[className=org.apache.tomcat.util.modeler.OperationInfo, attributeName=null]
2023-01-04 17:44:52.850 DEBUG 3888 --- [kground-preinit] o.apache.tomcat.util.digester.Digester   : [ObjectCreateRule]{mbeans-descriptors/mbean/operation}New org.apache.tomcat.util.modeler.OperationInfo
2023-01-04 17:44:52.850 DEBUG 3888 --- [kground-preinit] o.apache.tomcat.util.digester.Digester   :   Fire begin() for SetPropertiesRule[]
2023-01-04 17:44:52.850 DEBUG 3888 --- [kground-preinit] o.apache.tomcat.util.digester.Digester   : [SetPropertiesRule]{mbeans-descriptors/mbean/operation} Set org.apache.tomcat.util.modeler.OperationInfo properties
2023-01-04 17:44:52.850 DEBUG 3888 --- [kground-preinit] o.apache.tomcat.util.digester.Digester   : [SetPropertiesRule]{mbeans-descriptors/mbean/operation} Setting property 'name' to 'removeService'
2023-01-04 17:44:52.850 DEBUG 3888 --- [kground-preinit] o.apache.tomcat.util.IntrospectionUtils  : IntrospectionUtils: setProperty(class org.apache.tomcat.util.modeler.OperationInfo name=removeService)
2023-01-04 17:44:52.850 DEBUG 3888 --- [kground-preinit] o.apache.tomcat.util.digester.Digester   : [SetPropertiesRule]{mbeans-descriptors/mbean/operation} Setting property 'description' to 'Remove an existing Service'
2023-01-04 17:44:52.850 DEBUG 3888 --- [kground-preinit] o.apache.tomcat.util.IntrospectionUtils  : IntrospectionUtils: setProperty(class org.apache.tomcat.util.modeler.OperationInfo description=Remove an existing Service)
2023-01-04 17:44:52.850 DEBUG 3888 --- [kground-preinit] o.apache.tomcat.util.digester.Digester   : [SetPropertiesRule]{mbeans-descriptors/mbean/operation} Setting property 'impact' to 'ACTION'
2023-01-04 17:44:52.850 DEBUG 3888 --- [kground-preinit] o.apache.tomcat.util.IntrospectionUtils  : IntrospectionUtils: setProperty(class org.apache.tomcat.util.modeler.OperationInfo impact=ACTION)
2023-01-04 17:44:52.850 DEBUG 3888 --- [kground-preinit] o.apache.tomcat.util.digester.Digester   : [SetPropertiesRule]{mbeans-descriptors/mbean/operation} Setting property 'returnType' to 'void'
2023-01-04 17:44:52.850 DEBUG 3888 --- [kground-preinit] o.apache.tomcat.util.IntrospectionUtils  : IntrospectionUtils: setProperty(class org.apache.tomcat.util.modeler.OperationInfo returnType=void)
2023-01-04 17:44:52.850 DEBUG 3888 --- [kground-preinit] o.apache.tomcat.util.digester.Digester   :   Fire begin() for SetNextRule[methodName=addOperation, paramType=org.apache.tomcat.util.modeler.OperationInfo]
2023-01-04 17:44:52.851 DEBUG 3888 --- [kground-preinit] o.a.tomcat.util.digester.Digester.sax    : characters(
      )
2023-01-04 17:44:52.851 DEBUG 3888 --- [kground-preinit] o.a.tomcat.util.digester.Digester.sax    : startElement(,,parameter)
2023-01-04 17:44:52.851 DEBUG 3888 --- [kground-preinit] o.apache.tomcat.util.digester.Digester   :   New match='mbeans-descriptors/mbean/operation/parameter'
2023-01-04 17:44:52.852 DEBUG 3888 --- [kground-preinit] o.apache.tomcat.util.digester.Digester   :   Fire begin() for ObjectCreateRule[className=org.apache.tomcat.util.modeler.ParameterInfo, attributeName=null]
2023-01-04 17:44:52.853 DEBUG 3888 --- [kground-preinit] o.apache.tomcat.util.digester.Digester   : [ObjectCreateRule]{mbeans-descriptors/mbean/operation/parameter}New org.apache.tomcat.util.modeler.ParameterInfo
2023-01-04 17:44:52.853 DEBUG 3888 --- [kground-preinit] o.apache.tomcat.util.digester.Digester   :   Fire begin() for SetPropertiesRule[]
2023-01-04 17:44:52.853 DEBUG 3888 --- [kground-preinit] o.apache.tomcat.util.digester.Digester   : [SetPropertiesRule]{mbeans-descriptors/mbean/operation/parameter} Set org.apache.tomcat.util.modeler.ParameterInfo properties
2023-01-04 17:44:52.853 DEBUG 3888 --- [kground-preinit] o.apache.tomcat.util.digester.Digester   : [SetPropertiesRule]{mbeans-descriptors/mbean/operation/parameter} Setting property 'name' to 'name'
2023-01-04 17:44:52.853 DEBUG 3888 --- [kground-preinit] o.apache.tomcat.util.IntrospectionUtils  : IntrospectionUtils: setProperty(class org.apache.tomcat.util.modeler.ParameterInfo name=name)
2023-01-04 17:44:52.853 DEBUG 3888 --- [kground-preinit] o.apache.tomcat.util.digester.Digester   : [SetPropertiesRule]{mbeans-descriptors/mbean/operation/parameter} Setting property 'description' to 'MBean Name of the component to be removed'
2023-01-04 17:44:52.853 DEBUG 3888 --- [kground-preinit] o.apache.tomcat.util.IntrospectionUtils  : IntrospectionUtils: setProperty(class org.apache.tomcat.util.modeler.ParameterInfo description=MBean Name of the component to be removed)
2023-01-04 17:44:52.853 DEBUG 3888 --- [kground-preinit] o.apache.tomcat.util.digester.Digester   : [SetPropertiesRule]{mbeans-descriptors/mbean/operation/parameter} Setting property 'type' to 'java.lang.String'
2023-01-04 17:44:52.854 DEBUG 3888 --- [kground-preinit] o.apache.tomcat.util.IntrospectionUtils  : IntrospectionUtils: setProperty(class org.apache.tomcat.util.modeler.ParameterInfo type=java.lang.String)
2023-01-04 17:44:52.854 DEBUG 3888 --- [kground-preinit] o.apache.tomcat.util.digester.Digester   :   Fire begin() for SetNextRule[methodName=addParameter, paramType=org.apache.tomcat.util.modeler.ParameterInfo]
2023-01-04 17:44:52.854 DEBUG 3888 --- [kground-preinit] o.a.tomcat.util.digester.Digester.sax    : endElement(,,parameter)
2023-01-04 17:44:52.854 DEBUG 3888 --- [kground-preinit] o.apache.tomcat.util.digester.Digester   :   match='mbeans-descriptors/mbean/operation/parameter'
2023-01-04 17:44:52.854 DEBUG 3888 --- [kground-preinit] o.apache.tomcat.util.digester.Digester   :   bodyText=''
2023-01-04 17:44:52.854 DEBUG 3888 --- [kground-preinit] o.apache.tomcat.util.digester.Digester   :   Fire body() for ObjectCreateRule[className=org.apache.tomcat.util.modeler.ParameterInfo, attributeName=null]
2023-01-04 17:44:52.854 DEBUG 3888 --- [kground-preinit] o.apache.tomcat.util.digester.Digester   :   Fire body() for SetPropertiesRule[]
2023-01-04 17:44:52.854 DEBUG 3888 --- [kground-preinit] o.apache.tomcat.util.digester.Digester   :   Fire body() for SetNextRule[methodName=addParameter, paramType=org.apache.tomcat.util.modeler.ParameterInfo]
2023-01-04 17:44:52.854 DEBUG 3888 --- [kground-preinit] o.apache.tomcat.util.digester.Digester   :   Fire end() for SetNextRule[methodName=addParameter, paramType=org.apache.tomcat.util.modeler.ParameterInfo]
2023-01-04 17:44:52.854 DEBUG 3888 --- [kground-preinit] o.apache.tomcat.util.digester.Digester   : [SetNextRule]{mbeans-descriptors/mbean/operation/parameter} Call org.apache.tomcat.util.modeler.OperationInfo.addParameter(org.apache.tomcat.util.modeler.ParameterInfo@4ec62c21)
2023-01-04 17:44:52.855 DEBUG 3888 --- [kground-preinit] o.apache.tomcat.util.IntrospectionUtils  : IntrospectionUtils: callMethod1 org.apache.tomcat.util.modeler.OperationInfo org.apache.tomcat.util.modeler.ParameterInfo org.apache.tomcat.util.modeler.ParameterInfo
2023-01-04 17:44:52.855 DEBUG 3888 --- [kground-preinit] o.apache.tomcat.util.digester.Digester   :   Fire end() for SetPropertiesRule[]
2023-01-04 17:44:52.855 DEBUG 3888 --- [kground-preinit] o.apache.tomcat.util.digester.Digester   :   Fire end() for ObjectCreateRule[className=org.apache.tomcat.util.modeler.ParameterInfo, attributeName=null]
2023-01-04 17:44:52.855 DEBUG 3888 --- [kground-preinit] o.apache.tomcat.util.digester.Digester   : [ObjectCreateRule]{mbeans-descriptors/mbean/operation/parameter} Pop org.apache.tomcat.util.modeler.ParameterInfo
2023-01-04 17:44:52.855 DEBUG 3888 --- [kground-preinit] o.a.tomcat.util.digester.Digester.sax    : characters(
    )
2023-01-04 17:44:52.855 DEBUG 3888 --- [kground-preinit] o.a.tomcat.util.digester.Digester.sax    : endElement(,,operation)
2023-01-04 17:44:52.855 DEBUG 3888 --- [kground-preinit] o.apache.tomcat.util.digester.Digester   :   match='mbeans-descriptors/mbean/operation'
2023-01-04 17:44:52.855 DEBUG 3888 --- [kground-preinit] o.apache.tomcat.util.digester.Digester   :   bodyText='
      
    '
2023-01-04 17:44:52.855 DEBUG 3888 --- [kground-preinit] o.apache.tomcat.util.digester.Digester   :   Fire body() for ObjectCreateRule[className=org.apache.tomcat.util.modeler.OperationInfo, attributeName=null]
2023-01-04 17:44:52.856 DEBUG 3888 --- [kground-preinit] o.apache.tomcat.util.digester.Digester   :   Fire body() for SetPropertiesRule[]
2023-01-04 17:44:52.856 DEBUG 3888 --- [kground-preinit] o.apache.tomcat.util.digester.Digester   :   Fire body() for SetNextRule[methodName=addOperation, paramType=org.apache.tomcat.util.modeler.OperationInfo]
2023-01-04 17:44:52.856 DEBUG 3888 --- [kground-preinit] o.apache.tomcat.util.digester.Digester   :   Fire end() for SetNextRule[methodName=addOperation, paramType=org.apache.tomcat.util.modeler.OperationInfo]
2023-01-04 17:44:52.856 DEBUG 3888 --- [kground-preinit] o.apache.tomcat.util.digester.Digester   : [SetNextRule]{mbeans-descriptors/mbean/operation} Call org.apache.tomcat.util.modeler.ManagedBean.addOperation(org.apache.tomcat.util.modeler.OperationInfo@29509be)
2023-01-04 17:44:52.856 DEBUG 3888 --- [kground-preinit] o.apache.tomcat.util.IntrospectionUtils  : IntrospectionUtils: callMethod1 org.apache.tomcat.util.modeler.ManagedBean org.apache.tomcat.util.modeler.OperationInfo org.apache.tomcat.util.modeler.OperationInfo
2023-01-04 17:44:52.856 DEBUG 3888 --- [kground-preinit] o.apache.tomcat.util.digester.Digester   :   Fire end() for SetPropertiesRule[]
2023-01-04 17:44:52.856 DEBUG 3888 --- [kground-preinit] o.apache.tomcat.util.digester.Digester   :   Fire end() for ObjectCreateRule[className=org.apache.tomcat.util.modeler.OperationInfo, attributeName=null]
2023-01-04 17:44:52.856 DEBUG 3888 --- [kground-preinit] o.apache.tomcat.util.digester.Digester   : [ObjectCreateRule]{mbeans-descriptors/mbean/operation} Pop org.apache.tomcat.util.modeler.OperationInfo
2023-01-04 17:44:52.856 DEBUG 3888 --- [kground-preinit] o.a.tomcat.util.digester.Digester.sax    : characters(

    )
2023-01-04 17:44:52.856 DEBUG 3888 --- [kground-preinit] o.a.tomcat.util.digester.Digester.sax    : startElement(,,operation)
2023-01-04 17:44:52.856 DEBUG 3888 --- [kground-preinit] o.apache.tomcat.util.digester.Digester   :   New match='mbeans-descriptors/mbean/operation'
2023-01-04 17:44:52.857 DEBUG 3888 --- [kground-preinit] o.apache.tomcat.util.digester.Digester   :   Fire begin() for ObjectCreateRule[className=org.apache.tomcat.util.modeler.OperationInfo, attributeName=null]
2023-01-04 17:44:52.857 DEBUG 3888 --- [kground-preinit] o.apache.tomcat.util.digester.Digester   : [ObjectCreateRule]{mbeans-descriptors/mbean/operation}New org.apache.tomcat.util.modeler.OperationInfo
2023-01-04 17:44:52.857 DEBUG 3888 --- [kground-preinit] o.apache.tomcat.util.digester.Digester   :   Fire begin() for SetPropertiesRule[]
2023-01-04 17:44:52.857 DEBUG 3888 --- [kground-preinit] o.apache.tomcat.util.digester.Digester   : [SetPropertiesRule]{mbeans-descriptors/mbean/operation} Set org.apache.tomcat.util.modeler.OperationInfo properties
2023-01-04 17:44:52.857 DEBUG 3888 --- [kground-preinit] o.apache.tomcat.util.digester.Digester   : [SetPropertiesRule]{mbeans-descriptors/mbean/operation} Setting property 'name' to 'removeValve'
2023-01-04 17:44:52.857 DEBUG 3888 --- [kground-preinit] o.apache.tomcat.util.IntrospectionUtils  : IntrospectionUtils: setProperty(class org.apache.tomcat.util.modeler.OperationInfo name=removeValve)
2023-01-04 17:44:52.857 DEBUG 3888 --- [kground-preinit] o.apache.tomcat.util.digester.Digester   : [SetPropertiesRule]{mbeans-descriptors/mbean/operation} Setting property 'description' to 'Remove an existing Valve'
2023-01-04 17:44:52.857 DEBUG 3888 --- [kground-preinit] o.apache.tomcat.util.IntrospectionUtils  : IntrospectionUtils: setProperty(class org.apache.tomcat.util.modeler.OperationInfo description=Remove an existing Valve)
2023-01-04 17:44:52.857 DEBUG 3888 --- [kground-preinit] o.apache.tomcat.util.digester.Digester   : [SetPropertiesRule]{mbeans-descriptors/mbean/operation} Setting property 'impact' to 'ACTION'
2023-01-04 17:44:52.857 DEBUG 3888 --- [kground-preinit] o.apache.tomcat.util.IntrospectionUtils  : IntrospectionUtils: setProperty(class org.apache.tomcat.util.modeler.OperationInfo impact=ACTION)
2023-01-04 17:44:52.857 DEBUG 3888 --- [kground-preinit] o.apache.tomcat.util.digester.Digester   : [SetPropertiesRule]{mbeans-descriptors/mbean/operation} Setting property 'returnType' to 'void'
2023-01-04 17:44:52.857 DEBUG 3888 --- [kground-preinit] o.apache.tomcat.util.IntrospectionUtils  : IntrospectionUtils: setProperty(class org.apache.tomcat.util.modeler.OperationInfo returnType=void)
2023-01-04 17:44:52.857 DEBUG 3888 --- [kground-preinit] o.apache.tomcat.util.digester.Digester   :   Fire begin() for SetNextRule[methodName=addOperation, paramType=org.apache.tomcat.util.modeler.OperationInfo]
2023-01-04 17:44:52.857 DEBUG 3888 --- [kground-preinit] o.a.tomcat.util.digester.Digester.sax    : characters(
      )
2023-01-04 17:44:52.857 DEBUG 3888 --- [kground-preinit] o.a.tomcat.util.digester.Digester.sax    : startElement(,,parameter)
2023-01-04 17:44:52.858 DEBUG 3888 --- [kground-preinit] o.apache.tomcat.util.digester.Digester   :   New match='mbeans-descriptors/mbean/operation/parameter'
2023-01-04 17:44:52.858 DEBUG 3888 --- [kground-preinit] o.apache.tomcat.util.digester.Digester   :   Fire begin() for ObjectCreateRule[className=org.apache.tomcat.util.modeler.ParameterInfo, attributeName=null]
2023-01-04 17:44:52.858 DEBUG 3888 --- [kground-preinit] o.apache.tomcat.util.digester.Digester   : [ObjectCreateRule]{mbeans-descriptors/mbean/operation/parameter}New org.apache.tomcat.util.modeler.ParameterInfo
2023-01-04 17:44:52.858 DEBUG 3888 --- [kground-preinit] o.apache.tomcat.util.digester.Digester   :   Fire begin() for SetPropertiesRule[]
2023-01-04 17:44:52.858 DEBUG 3888 --- [kground-preinit] o.apache.tomcat.util.digester.Digester   : [SetPropertiesRule]{mbeans-descriptors/mbean/operation/parameter} Set org.apache.tomcat.util.modeler.ParameterInfo properties
2023-01-04 17:44:52.858 DEBUG 3888 --- [kground-preinit] o.apache.tomcat.util.digester.Digester   : [SetPropertiesRule]{mbeans-descriptors/mbean/operation/parameter} Setting property 'name' to 'name'
2023-01-04 17:44:52.858 DEBUG 3888 --- [kground-preinit] o.apache.tomcat.util.IntrospectionUtils  : IntrospectionUtils: setProperty(class org.apache.tomcat.util.modeler.ParameterInfo name=name)
2023-01-04 17:44:52.858 DEBUG 3888 --- [kground-preinit] o.apache.tomcat.util.digester.Digester   : [SetPropertiesRule]{mbeans-descriptors/mbean/operation/parameter} Setting property 'description' to 'MBean Name of the component to be removed'
2023-01-04 17:44:52.858 DEBUG 3888 --- [kground-preinit] o.apache.tomcat.util.IntrospectionUtils  : IntrospectionUtils: setProperty(class org.apache.tomcat.util.modeler.ParameterInfo description=MBean Name of the component to be removed)
2023-01-04 17:44:52.858 DEBUG 3888 --- [kground-preinit] o.apache.tomcat.util.digester.Digester   : [SetPropertiesRule]{mbeans-descriptors/mbean/operation/parameter} Setting property 'type' to 'java.lang.String'
2023-01-04 17:44:52.858 DEBUG 3888 --- [kground-preinit] o.apache.tomcat.util.IntrospectionUtils  : IntrospectionUtils: setProperty(class org.apache.tomcat.util.modeler.ParameterInfo type=java.lang.String)
2023-01-04 17:44:52.859 DEBUG 3888 --- [kground-preinit] o.apache.tomcat.util.digester.Digester   :   Fire begin() for SetNextRule[methodName=addParameter, paramType=org.apache.tomcat.util.modeler.ParameterInfo]
2023-01-04 17:44:52.859 DEBUG 3888 --- [kground-preinit] o.a.tomcat.util.digester.Digester.sax    : endElement(,,parameter)
2023-01-04 17:44:52.859 DEBUG 3888 --- [kground-preinit] o.apache.tomcat.util.digester.Digester   :   match='mbeans-descriptors/mbean/operation/parameter'
2023-01-04 17:44:52.859 DEBUG 3888 --- [kground-preinit] o.apache.tomcat.util.digester.Digester   :   bodyText=''
2023-01-04 17:44:52.860 DEBUG 3888 --- [kground-preinit] o.apache.tomcat.util.digester.Digester   :   Fire body() for ObjectCreateRule[className=org.apache.tomcat.util.modeler.ParameterInfo, attributeName=null]
2023-01-04 17:44:52.860 DEBUG 3888 --- [kground-preinit] o.apache.tomcat.util.digester.Digester   :   Fire body() for SetPropertiesRule[]
2023-01-04 17:44:52.860 DEBUG 3888 --- [kground-preinit] o.apache.tomcat.util.digester.Digester   :   Fire body() for SetNextRule[methodName=addParameter, paramType=org.apache.tomcat.util.modeler.ParameterInfo]
2023-01-04 17:44:52.860 DEBUG 3888 --- [kground-preinit] o.apache.tomcat.util.digester.Digester   :   Fire end() for SetNextRule[methodName=addParameter, paramType=org.apache.tomcat.util.modeler.ParameterInfo]
2023-01-04 17:44:52.860 DEBUG 3888 --- [kground-preinit] o.apache.tomcat.util.digester.Digester   : [SetNextRule]{mbeans-descriptors/mbean/operation/parameter} Call org.apache.tomcat.util.modeler.OperationInfo.addParameter(org.apache.tomcat.util.modeler.ParameterInfo@53559718)
2023-01-04 17:44:52.860 DEBUG 3888 --- [kground-preinit] o.apache.tomcat.util.IntrospectionUtils  : IntrospectionUtils: callMethod1 org.apache.tomcat.util.modeler.OperationInfo org.apache.tomcat.util.modeler.ParameterInfo org.apache.tomcat.util.modeler.ParameterInfo
2023-01-04 17:44:52.861 DEBUG 3888 --- [kground-preinit] o.apache.tomcat.util.digester.Digester   :   Fire end() for SetPropertiesRule[]
2023-01-04 17:44:52.861 DEBUG 3888 --- [kground-preinit] o.apache.tomcat.util.digester.Digester   :   Fire end() for ObjectCreateRule[className=org.apache.tomcat.util.modeler.ParameterInfo, attributeName=null]
2023-01-04 17:44:52.861 DEBUG 3888 --- [kground-preinit] o.apache.tomcat.util.digester.Digester   : [ObjectCreateRule]{mbeans-descriptors/mbean/operation/parameter} Pop org.apache.tomcat.util.modeler.ParameterInfo
2023-01-04 17:44:52.861 DEBUG 3888 --- [kground-preinit] o.a.tomcat.util.digester.Digester.sax    : characters(
    )
2023-01-04 17:44:52.861 DEBUG 3888 --- [kground-preinit] o.a.tomcat.util.digester.Digester.sax    : endElement(,,operation)
2023-01-04 17:44:52.861 DEBUG 3888 --- [kground-preinit] o.apache.tomcat.util.digester.Digester   :   match='mbeans-descriptors/mbean/operation'
2023-01-04 17:44:52.861 DEBUG 3888 --- [kground-preinit] o.apache.tomcat.util.digester.Digester   :   bodyText='
      
    '
2023-01-04 17:44:52.861 DEBUG 3888 --- [kground-preinit] o.apache.tomcat.util.digester.Digester   :   Fire body() for ObjectCreateRule[className=org.apache.tomcat.util.modeler.OperationInfo, attributeName=null]
2023-01-04 17:44:52.861 DEBUG 3888 --- [kground-preinit] o.apache.tomcat.util.digester.Digester   :   Fire body() for SetPropertiesRule[]
2023-01-04 17:44:52.861 DEBUG 3888 --- [kground-preinit] o.apache.tomcat.util.digester.Digester   :   Fire body() for SetNextRule[methodName=addOperation, paramType=org.apache.tomcat.util.modeler.OperationInfo]
2023-01-04 17:44:52.861 DEBUG 3888 --- [kground-preinit] o.apache.tomcat.util.digester.Digester   :   Fire end() for SetNextRule[methodName=addOperation, paramType=org.apache.tomcat.util.modeler.OperationInfo]
2023-01-04 17:44:52.862 DEBUG 3888 --- [kground-preinit] o.apache.tomcat.util.digester.Digester   : [SetNextRule]{mbeans-descriptors/mbean/operation} Call org.apache.tomcat.util.modeler.ManagedBean.addOperation(org.apache.tomcat.util.modeler.OperationInfo@29922cb2)
2023-01-04 17:44:52.862 DEBUG 3888 --- [kground-preinit] o.apache.tomcat.util.IntrospectionUtils  : IntrospectionUtils: callMethod1 org.apache.tomcat.util.modeler.ManagedBean org.apache.tomcat.util.modeler.OperationInfo org.apache.tomcat.util.modeler.OperationInfo
2023-01-04 17:44:52.862 DEBUG 3888 --- [kground-preinit] o.apache.tomcat.util.digester.Digester   :   Fire end() for SetPropertiesRule[]
2023-01-04 17:44:52.862 DEBUG 3888 --- [kground-preinit] o.apache.tomcat.util.digester.Digester   :   Fire end() for ObjectCreateRule[className=org.apache.tomcat.util.modeler.OperationInfo, attributeName=null]
2023-01-04 17:44:52.862 DEBUG 3888 --- [kground-preinit] o.apache.tomcat.util.digester.Digester   : [ObjectCreateRule]{mbeans-descriptors/mbean/operation} Pop org.apache.tomcat.util.modeler.OperationInfo
2023-01-04 17:44:52.862 DEBUG 3888 --- [kground-preinit] o.a.tomcat.util.digester.Digester.sax    : characters(

  )
2023-01-04 17:44:52.862 DEBUG 3888 --- [kground-preinit] o.a.tomcat.util.digester.Digester.sax    : endElement(,,mbean)
2023-01-04 17:44:52.862 DEBUG 3888 --- [kground-preinit] o.apache.tomcat.util.digester.Digester   :   match='mbeans-descriptors/mbean'
2023-01-04 17:44:52.863 DEBUG 3888 --- [kground-preinit] o.apache.tomcat.util.digester.Digester   :   bodyText='

    
    
    
    

    

    

    

    

    

    

    

    

    

    

    


    

    

    

    

    
    
    
    

    

    

    

    

    

    

    

    

  '
2023-01-04 17:44:52.863 DEBUG 3888 --- [kground-preinit] o.apache.tomcat.util.digester.Digester   :   Fire body() for ObjectCreateRule[className=org.apache.tomcat.util.modeler.ManagedBean, attributeName=null]
2023-01-04 17:44:52.863 DEBUG 3888 --- [kground-preinit] o.apache.tomcat.util.digester.Digester   :   Fire body() for SetPropertiesRule[]
2023-01-04 17:44:52.863 DEBUG 3888 --- [kground-preinit] o.apache.tomcat.util.digester.Digester   :   Fire body() for SetNextRule[methodName=add, paramType=java.lang.Object]
2023-01-04 17:44:52.864 DEBUG 3888 --- [kground-preinit] o.apache.tomcat.util.digester.Digester   :   Fire end() for SetNextRule[methodName=add, paramType=java.lang.Object]
2023-01-04 17:44:52.864 DEBUG 3888 --- [kground-preinit] o.apache.tomcat.util.digester.Digester   : [SetNextRule]{mbeans-descriptors/mbean} Call java.util.ArrayList.add(ManagedBean[name=MBeanFactory, className=org.apache.tomcat.util.modeler.BaseModelMBean, description=Factory for MBeans and corresponding components, type=org.apache.catalina.mbeans.MBeanFactory])
2023-01-04 17:44:52.865 DEBUG 3888 --- [kground-preinit] o.apache.tomcat.util.IntrospectionUtils  : IntrospectionUtils: callMethod1 java.util.ArrayList org.apache.tomcat.util.modeler.ManagedBean java.lang.Object
2023-01-04 17:44:52.865 DEBUG 3888 --- [kground-preinit] o.apache.tomcat.util.digester.Digester   :   Fire end() for SetPropertiesRule[]
2023-01-04 17:44:52.866 DEBUG 3888 --- [kground-preinit] o.apache.tomcat.util.digester.Digester   :   Fire end() for ObjectCreateRule[className=org.apache.tomcat.util.modeler.ManagedBean, attributeName=null]
2023-01-04 17:44:52.866 DEBUG 3888 --- [kground-preinit] o.apache.tomcat.util.digester.Digester   : [ObjectCreateRule]{mbeans-descriptors/mbean} Pop org.apache.tomcat.util.modeler.ManagedBean
2023-01-04 17:44:52.866 DEBUG 3888 --- [kground-preinit] o.a.tomcat.util.digester.Digester.sax    : characters(

)
2023-01-04 17:44:52.866 DEBUG 3888 --- [kground-preinit] o.a.tomcat.util.digester.Digester.sax    : endElement(,,mbeans-descriptors)
2023-01-04 17:44:52.866 DEBUG 3888 --- [kground-preinit] o.apache.tomcat.util.digester.Digester   :   match='mbeans-descriptors'
2023-01-04 17:44:52.866 DEBUG 3888 --- [kground-preinit] o.apache.tomcat.util.digester.Digester   :   bodyText='

  

'
2023-01-04 17:44:52.867 DEBUG 3888 --- [kground-preinit] o.apache.tomcat.util.digester.Digester   :   No rules found matching 'mbeans-descriptors'.
2023-01-04 17:44:52.882 DEBUG 3888 --- [kground-preinit] o.a.tomcat.util.digester.Digester.sax    : endDocument()
2023-01-04 17:44:52.882 DEBUG 3888 --- [kground-preinit] org.apache.tomcat.util.modeler.Registry  : Found jar:file:/C:/Users/ustjavafsdb403/.m2/repository/org/apache/tomcat/embed/tomcat-embed-core/8.5.32/tomcat-embed-core-8.5.32.jar!/org/apache/catalina/authenticator/mbeans-descriptors.xml
2023-01-04 17:44:52.886 DEBUG 3888 --- [kground-preinit] o.a.tomcat.util.digester.Digester.sax    : setDocumentLocator(com.sun.org.apache.xerces.internal.parsers.AbstractSAXParser$LocatorProxy@421183f0)
2023-01-04 17:44:52.886 DEBUG 3888 --- [kground-preinit] o.a.tomcat.util.digester.Digester.sax    : startDocument()
2023-01-04 17:44:52.887 DEBUG 3888 --- [kground-preinit] o.a.tomcat.util.digester.Digester.sax    : startElement(,,mbeans-descriptors)
2023-01-04 17:44:52.887 DEBUG 3888 --- [kground-preinit] o.apache.tomcat.util.digester.Digester   :   New match='mbeans-descriptors'
2023-01-04 17:44:52.888 DEBUG 3888 --- [kground-preinit] o.apache.tomcat.util.digester.Digester   :   No rules found matching 'mbeans-descriptors'.
2023-01-04 17:44:52.888 DEBUG 3888 --- [kground-preinit] o.a.tomcat.util.digester.Digester.sax    : characters(

  )
2023-01-04 17:44:52.889 DEBUG 3888 --- [kground-preinit] o.a.tomcat.util.digester.Digester.sax    : startElement(,,mbean)
2023-01-04 17:44:52.890 DEBUG 3888 --- [kground-preinit] o.apache.tomcat.util.digester.Digester   :   New match='mbeans-descriptors/mbean'
2023-01-04 17:44:52.891 DEBUG 3888 --- [kground-preinit] o.apache.tomcat.util.digester.Digester   :   Fire begin() for ObjectCreateRule[className=org.apache.tomcat.util.modeler.ManagedBean, attributeName=null]
2023-01-04 17:44:52.891 DEBUG 3888 --- [kground-preinit] o.apache.tomcat.util.digester.Digester   : [ObjectCreateRule]{mbeans-descriptors/mbean}New org.apache.tomcat.util.modeler.ManagedBean
2023-01-04 17:44:52.891 DEBUG 3888 --- [kground-preinit] o.apache.tomcat.util.digester.Digester   :   Fire begin() for SetPropertiesRule[]
2023-01-04 17:44:52.891 DEBUG 3888 --- [kground-preinit] o.apache.tomcat.util.digester.Digester   : [SetPropertiesRule]{mbeans-descriptors/mbean} Set org.apache.tomcat.util.modeler.ManagedBean properties
2023-01-04 17:44:52.891 DEBUG 3888 --- [kground-preinit] o.apache.tomcat.util.digester.Digester   : [SetPropertiesRule]{mbeans-descriptors/mbean} Setting property 'name' to 'BasicAuthenticator'
2023-01-04 17:44:52.892 DEBUG 3888 --- [kground-preinit] o.apache.tomcat.util.IntrospectionUtils  : IntrospectionUtils: setProperty(class org.apache.tomcat.util.modeler.ManagedBean name=BasicAuthenticator)
2023-01-04 17:44:52.892 DEBUG 3888 --- [kground-preinit] o.apache.tomcat.util.digester.Digester   : [SetPropertiesRule]{mbeans-descriptors/mbean} Setting property 'description' to 'An Authenticator and Valve implementation of HTTP BASIC Authentication'
2023-01-04 17:44:52.892 DEBUG 3888 --- [kground-preinit] o.apache.tomcat.util.IntrospectionUtils  : IntrospectionUtils: setProperty(class org.apache.tomcat.util.modeler.ManagedBean description=An Authenticator and Valve implementation of HTTP BASIC Authentication)
2023-01-04 17:44:52.893 DEBUG 3888 --- [kground-preinit] o.apache.tomcat.util.digester.Digester   : [SetPropertiesRule]{mbeans-descriptors/mbean} Setting property 'domain' to 'Catalina'
2023-01-04 17:44:52.893 DEBUG 3888 --- [kground-preinit] o.apache.tomcat.util.IntrospectionUtils  : IntrospectionUtils: setProperty(class org.apache.tomcat.util.modeler.ManagedBean domain=Catalina)
2023-01-04 17:44:52.893 DEBUG 3888 --- [kground-preinit] o.apache.tomcat.util.digester.Digester   : [SetPropertiesRule]{mbeans-descriptors/mbean} Setting property 'group' to 'Valve'
2023-01-04 17:44:52.894 DEBUG 3888 --- [kground-preinit] o.apache.tomcat.util.IntrospectionUtils  : IntrospectionUtils: setProperty(class org.apache.tomcat.util.modeler.ManagedBean group=Valve)
2023-01-04 17:44:52.894 DEBUG 3888 --- [kground-preinit] o.apache.tomcat.util.digester.Digester   : [SetPropertiesRule]{mbeans-descriptors/mbean} Setting property 'type' to 'org.apache.catalina.authenticator.BasicAuthenticator'
2023-01-04 17:44:52.894 DEBUG 3888 --- [kground-preinit] o.apache.tomcat.util.IntrospectionUtils  : IntrospectionUtils: setProperty(class org.apache.tomcat.util.modeler.ManagedBean type=org.apache.catalina.authenticator.BasicAuthenticator)
2023-01-04 17:44:52.894 DEBUG 3888 --- [kground-preinit] o.apache.tomcat.util.digester.Digester   :   Fire begin() for SetNextRule[methodName=add, paramType=java.lang.Object]
2023-01-04 17:44:52.894 DEBUG 3888 --- [kground-preinit] o.a.tomcat.util.digester.Digester.sax    : characters(

    )
2023-01-04 17:44:52.894 DEBUG 3888 --- [kground-preinit] o.a.tomcat.util.digester.Digester.sax    : startElement(,,attribute)
2023-01-04 17:44:52.895 DEBUG 3888 --- [kground-preinit] o.apache.tomcat.util.digester.Digester   :   New match='mbeans-descriptors/mbean/attribute'
2023-01-04 17:44:52.895 DEBUG 3888 --- [kground-preinit] o.apache.tomcat.util.digester.Digester   :   Fire begin() for ObjectCreateRule[className=org.apache.tomcat.util.modeler.AttributeInfo, attributeName=null]
2023-01-04 17:44:52.895 DEBUG 3888 --- [kground-preinit] o.apache.tomcat.util.digester.Digester   : [ObjectCreateRule]{mbeans-descriptors/mbean/attribute}New org.apache.tomcat.util.modeler.AttributeInfo
2023-01-04 17:44:52.895 DEBUG 3888 --- [kground-preinit] o.apache.tomcat.util.digester.Digester   :   Fire begin() for SetPropertiesRule[]
2023-01-04 17:44:52.895 DEBUG 3888 --- [kground-preinit] o.apache.tomcat.util.digester.Digester   : [SetPropertiesRule]{mbeans-descriptors/mbean/attribute} Set org.apache.tomcat.util.modeler.AttributeInfo properties
2023-01-04 17:44:52.895 DEBUG 3888 --- [kground-preinit] o.apache.tomcat.util.digester.Digester   : [SetPropertiesRule]{mbeans-descriptors/mbean/attribute} Setting property 'name' to 'alwaysUseSession'
2023-01-04 17:44:52.895 DEBUG 3888 --- [kground-preinit] o.apache.tomcat.util.IntrospectionUtils  : IntrospectionUtils: setProperty(class org.apache.tomcat.util.modeler.AttributeInfo name=alwaysUseSession)
2023-01-04 17:44:52.895 DEBUG 3888 --- [kground-preinit] o.apache.tomcat.util.digester.Digester   : [SetPropertiesRule]{mbeans-descriptors/mbean/attribute} Setting property 'description' to 'Should a session always be used once a user is authenticated?'
2023-01-04 17:44:52.895 DEBUG 3888 --- [kground-preinit] o.apache.tomcat.util.IntrospectionUtils  : IntrospectionUtils: setProperty(class org.apache.tomcat.util.modeler.AttributeInfo description=Should a session always be used once a user is authenticated?)
2023-01-04 17:44:52.895 DEBUG 3888 --- [kground-preinit] o.apache.tomcat.util.digester.Digester   : [SetPropertiesRule]{mbeans-descriptors/mbean/attribute} Setting property 'type' to 'boolean'
2023-01-04 17:44:52.895 DEBUG 3888 --- [kground-preinit] o.apache.tomcat.util.IntrospectionUtils  : IntrospectionUtils: setProperty(class org.apache.tomcat.util.modeler.AttributeInfo type=boolean)
2023-01-04 17:44:52.896 DEBUG 3888 --- [kground-preinit] o.apache.tomcat.util.digester.Digester   :   Fire begin() for SetNextRule[methodName=addAttribute, paramType=org.apache.tomcat.util.modeler.AttributeInfo]
2023-01-04 17:44:52.896 DEBUG 3888 --- [kground-preinit] o.a.tomcat.util.digester.Digester.sax    : endElement(,,attribute)
2023-01-04 17:44:52.896 DEBUG 3888 --- [kground-preinit] o.apache.tomcat.util.digester.Digester   :   match='mbeans-descriptors/mbean/attribute'
2023-01-04 17:44:52.896 DEBUG 3888 --- [kground-preinit] o.apache.tomcat.util.digester.Digester   :   bodyText=''
2023-01-04 17:44:52.896 DEBUG 3888 --- [kground-preinit] o.apache.tomcat.util.digester.Digester   :   Fire body() for ObjectCreateRule[className=org.apache.tomcat.util.modeler.AttributeInfo, attributeName=null]
2023-01-04 17:44:52.896 DEBUG 3888 --- [kground-preinit] o.apache.tomcat.util.digester.Digester   :   Fire body() for SetPropertiesRule[]
2023-01-04 17:44:52.896 DEBUG 3888 --- [kground-preinit] o.apache.tomcat.util.digester.Digester   :   Fire body() for SetNextRule[methodName=addAttribute, paramType=org.apache.tomcat.util.modeler.AttributeInfo]
2023-01-04 17:44:52.896 DEBUG 3888 --- [kground-preinit] o.apache.tomcat.util.digester.Digester   :   Fire end() for SetNextRule[methodName=addAttribute, paramType=org.apache.tomcat.util.modeler.AttributeInfo]
2023-01-04 17:44:52.897 DEBUG 3888 --- [kground-preinit] o.apache.tomcat.util.digester.Digester   : [SetNextRule]{mbeans-descriptors/mbean/attribute} Call org.apache.tomcat.util.modeler.ManagedBean.addAttribute(org.apache.tomcat.util.modeler.AttributeInfo@47206097)
2023-01-04 17:44:52.897 DEBUG 3888 --- [kground-preinit] o.apache.tomcat.util.IntrospectionUtils  : IntrospectionUtils: callMethod1 org.apache.tomcat.util.modeler.ManagedBean org.apache.tomcat.util.modeler.AttributeInfo org.apache.tomcat.util.modeler.AttributeInfo
2023-01-04 17:44:52.897 DEBUG 3888 --- [kground-preinit] o.apache.tomcat.util.digester.Digester   :   Fire end() for SetPropertiesRule[]
2023-01-04 17:44:52.897 DEBUG 3888 --- [kground-preinit] o.apache.tomcat.util.digester.Digester   :   Fire end() for ObjectCreateRule[className=org.apache.tomcat.util.modeler.AttributeInfo, attributeName=null]
2023-01-04 17:44:52.897 DEBUG 3888 --- [kground-preinit] o.apache.tomcat.util.digester.Digester   : [ObjectCreateRule]{mbeans-descriptors/mbean/attribute} Pop org.apache.tomcat.util.modeler.AttributeInfo
2023-01-04 17:44:52.897 DEBUG 3888 --- [kground-preinit] o.a.tomcat.util.digester.Digester.sax    : characters(

    )
2023-01-04 17:44:52.898 DEBUG 3888 --- [kground-preinit] o.a.tomcat.util.digester.Digester.sax    : startElement(,,attribute)
2023-01-04 17:44:52.898 DEBUG 3888 --- [kground-preinit] o.apache.tomcat.util.digester.Digester   :   New match='mbeans-descriptors/mbean/attribute'
2023-01-04 17:44:52.898 DEBUG 3888 --- [kground-preinit] o.apache.tomcat.util.digester.Digester   :   Fire begin() for ObjectCreateRule[className=org.apache.tomcat.util.modeler.AttributeInfo, attributeName=null]
2023-01-04 17:44:52.898 DEBUG 3888 --- [kground-preinit] o.apache.tomcat.util.digester.Digester   : [ObjectCreateRule]{mbeans-descriptors/mbean/attribute}New org.apache.tomcat.util.modeler.AttributeInfo
2023-01-04 17:44:52.898 DEBUG 3888 --- [kground-preinit] o.apache.tomcat.util.digester.Digester   :   Fire begin() for SetPropertiesRule[]
2023-01-04 17:44:52.899 DEBUG 3888 --- [kground-preinit] o.apache.tomcat.util.digester.Digester   : [SetPropertiesRule]{mbeans-descriptors/mbean/attribute} Set org.apache.tomcat.util.modeler.AttributeInfo properties
2023-01-04 17:44:52.899 DEBUG 3888 --- [kground-preinit] o.apache.tomcat.util.digester.Digester   : [SetPropertiesRule]{mbeans-descriptors/mbean/attribute} Setting property 'name' to 'cache'
2023-01-04 17:44:52.899 DEBUG 3888 --- [kground-preinit] o.apache.tomcat.util.IntrospectionUtils  : IntrospectionUtils: setProperty(class org.apache.tomcat.util.modeler.AttributeInfo name=cache)
2023-01-04 17:44:52.899 DEBUG 3888 --- [kground-preinit] o.apache.tomcat.util.digester.Digester   : [SetPropertiesRule]{mbeans-descriptors/mbean/attribute} Setting property 'description' to 'Should we cache authenticated Principals if the request is part of an HTTP session?'
2023-01-04 17:44:52.899 DEBUG 3888 --- [kground-preinit] o.apache.tomcat.util.IntrospectionUtils  : IntrospectionUtils: setProperty(class org.apache.tomcat.util.modeler.AttributeInfo description=Should we cache authenticated Principals if the request is part of an HTTP session?)
2023-01-04 17:44:52.899 DEBUG 3888 --- [kground-preinit] o.apache.tomcat.util.digester.Digester   : [SetPropertiesRule]{mbeans-descriptors/mbean/attribute} Setting property 'type' to 'boolean'
2023-01-04 17:44:52.899 DEBUG 3888 --- [kground-preinit] o.apache.tomcat.util.IntrospectionUtils  : IntrospectionUtils: setProperty(class org.apache.tomcat.util.modeler.AttributeInfo type=boolean)
2023-01-04 17:44:52.899 DEBUG 3888 --- [kground-preinit] o.apache.tomcat.util.digester.Digester   :   Fire begin() for SetNextRule[methodName=addAttribute, paramType=org.apache.tomcat.util.modeler.AttributeInfo]
2023-01-04 17:44:52.899 DEBUG 3888 --- [kground-preinit] o.a.tomcat.util.digester.Digester.sax    : endElement(,,attribute)
2023-01-04 17:44:52.899 DEBUG 3888 --- [kground-preinit] o.apache.tomcat.util.digester.Digester   :   match='mbeans-descriptors/mbean/attribute'
2023-01-04 17:44:52.900 DEBUG 3888 --- [kground-preinit] o.apache.tomcat.util.digester.Digester   :   bodyText=''
2023-01-04 17:44:52.900 DEBUG 3888 --- [kground-preinit] o.apache.tomcat.util.digester.Digester   :   Fire body() for ObjectCreateRule[className=org.apache.tomcat.util.modeler.AttributeInfo, attributeName=null]
2023-01-04 17:44:52.900 DEBUG 3888 --- [kground-preinit] o.apache.tomcat.util.digester.Digester   :   Fire body() for SetPropertiesRule[]
2023-01-04 17:44:52.900 DEBUG 3888 --- [kground-preinit] o.apache.tomcat.util.digester.Digester   :   Fire body() for SetNextRule[methodName=addAttribute, paramType=org.apache.tomcat.util.modeler.AttributeInfo]
2023-01-04 17:44:52.900 DEBUG 3888 --- [kground-preinit] o.apache.tomcat.util.digester.Digester   :   Fire end() for SetNextRule[methodName=addAttribute, paramType=org.apache.tomcat.util.modeler.AttributeInfo]
2023-01-04 17:44:52.900 DEBUG 3888 --- [kground-preinit] o.apache.tomcat.util.digester.Digester   : [SetNextRule]{mbeans-descriptors/mbean/attribute} Call org.apache.tomcat.util.modeler.ManagedBean.addAttribute(org.apache.tomcat.util.modeler.AttributeInfo@8f16d80)
2023-01-04 17:44:52.900 DEBUG 3888 --- [kground-preinit] o.apache.tomcat.util.IntrospectionUtils  : IntrospectionUtils: callMethod1 org.apache.tomcat.util.modeler.ManagedBean org.apache.tomcat.util.modeler.AttributeInfo org.apache.tomcat.util.modeler.AttributeInfo
2023-01-04 17:44:52.901 DEBUG 3888 --- [kground-preinit] o.apache.tomcat.util.digester.Digester   :   Fire end() for SetPropertiesRule[]
2023-01-04 17:44:52.902 DEBUG 3888 --- [kground-preinit] o.apache.tomcat.util.digester.Digester   :   Fire end() for ObjectCreateRule[className=org.apache.tomcat.util.modeler.AttributeInfo, attributeName=null]
2023-01-04 17:44:52.903 DEBUG 3888 --- [kground-preinit] o.apache.tomcat.util.digester.Digester   : [ObjectCreateRule]{mbeans-descriptors/mbean/attribute} Pop org.apache.tomcat.util.modeler.AttributeInfo
2023-01-04 17:44:52.903 DEBUG 3888 --- [kground-preinit] o.a.tomcat.util.digester.Digester.sax    : characters(

    )
2023-01-04 17:44:52.904 DEBUG 3888 --- [kground-preinit] o.a.tomcat.util.digester.Digester.sax    : startElement(,,attribute)
2023-01-04 17:44:52.905 DEBUG 3888 --- [kground-preinit] o.apache.tomcat.util.digester.Digester   :   New match='mbeans-descriptors/mbean/attribute'
2023-01-04 17:44:52.906 DEBUG 3888 --- [kground-preinit] o.apache.tomcat.util.digester.Digester   :   Fire begin() for ObjectCreateRule[className=org.apache.tomcat.util.modeler.AttributeInfo, attributeName=null]
2023-01-04 17:44:52.906 DEBUG 3888 --- [kground-preinit] o.apache.tomcat.util.digester.Digester   : [ObjectCreateRule]{mbeans-descriptors/mbean/attribute}New org.apache.tomcat.util.modeler.AttributeInfo
2023-01-04 17:44:52.907 DEBUG 3888 --- [kground-preinit] o.apache.tomcat.util.digester.Digester   :   Fire begin() for SetPropertiesRule[]
2023-01-04 17:44:52.907 DEBUG 3888 --- [kground-preinit] o.apache.tomcat.util.digester.Digester   : [SetPropertiesRule]{mbeans-descriptors/mbean/attribute} Set org.apache.tomcat.util.modeler.AttributeInfo properties
2023-01-04 17:44:52.908 DEBUG 3888 --- [kground-preinit] o.apache.tomcat.util.digester.Digester   : [SetPropertiesRule]{mbeans-descriptors/mbean/attribute} Setting property 'name' to 'changeSessionIdOnAuthentication'
2023-01-04 17:44:52.908 DEBUG 3888 --- [kground-preinit] o.apache.tomcat.util.IntrospectionUtils  : IntrospectionUtils: setProperty(class org.apache.tomcat.util.modeler.AttributeInfo name=changeSessionIdOnAuthentication)
2023-01-04 17:44:52.908 DEBUG 3888 --- [kground-preinit] o.apache.tomcat.util.digester.Digester   : [SetPropertiesRule]{mbeans-descriptors/mbean/attribute} Setting property 'description' to 'Controls if the session ID is changed if a session exists at the point where users are authenticated'
2023-01-04 17:44:52.908 DEBUG 3888 --- [kground-preinit] o.apache.tomcat.util.IntrospectionUtils  : IntrospectionUtils: setProperty(class org.apache.tomcat.util.modeler.AttributeInfo description=Controls if the session ID is changed if a session exists at the point where users are authenticated)
2023-01-04 17:44:52.909 DEBUG 3888 --- [kground-preinit] o.apache.tomcat.util.digester.Digester   : [SetPropertiesRule]{mbeans-descriptors/mbean/attribute} Setting property 'type' to 'boolean'
2023-01-04 17:44:52.909 DEBUG 3888 --- [kground-preinit] o.apache.tomcat.util.IntrospectionUtils  : IntrospectionUtils: setProperty(class org.apache.tomcat.util.modeler.AttributeInfo type=boolean)
2023-01-04 17:44:52.910 DEBUG 3888 --- [kground-preinit] o.apache.tomcat.util.digester.Digester   :   Fire begin() for SetNextRule[methodName=addAttribute, paramType=org.apache.tomcat.util.modeler.AttributeInfo]
2023-01-04 17:44:52.910 DEBUG 3888 --- [kground-preinit] o.a.tomcat.util.digester.Digester.sax    : endElement(,,attribute)
2023-01-04 17:44:52.910 DEBUG 3888 --- [kground-preinit] o.apache.tomcat.util.digester.Digester   :   match='mbeans-descriptors/mbean/attribute'
2023-01-04 17:44:52.910 DEBUG 3888 --- [kground-preinit] o.apache.tomcat.util.digester.Digester   :   bodyText=''
2023-01-04 17:44:52.911 DEBUG 3888 --- [kground-preinit] o.apache.tomcat.util.digester.Digester   :   Fire body() for ObjectCreateRule[className=org.apache.tomcat.util.modeler.AttributeInfo, attributeName=null]
2023-01-04 17:44:52.911 DEBUG 3888 --- [kground-preinit] o.apache.tomcat.util.digester.Digester   :   Fire body() for SetPropertiesRule[]
2023-01-04 17:44:52.911 DEBUG 3888 --- [kground-preinit] o.apache.tomcat.util.digester.Digester   :   Fire body() for SetNextRule[methodName=addAttribute, paramType=org.apache.tomcat.util.modeler.AttributeInfo]
2023-01-04 17:44:52.912 DEBUG 3888 --- [kground-preinit] o.apache.tomcat.util.digester.Digester   :   Fire end() for SetNextRule[methodName=addAttribute, paramType=org.apache.tomcat.util.modeler.AttributeInfo]
2023-01-04 17:44:52.912 DEBUG 3888 --- [kground-preinit] o.apache.tomcat.util.digester.Digester   : [SetNextRule]{mbeans-descriptors/mbean/attribute} Call org.apache.tomcat.util.modeler.ManagedBean.addAttribute(org.apache.tomcat.util.modeler.AttributeInfo@4fe2b5c5)
2023-01-04 17:44:52.912 DEBUG 3888 --- [kground-preinit] o.apache.tomcat.util.IntrospectionUtils  : IntrospectionUtils: callMethod1 org.apache.tomcat.util.modeler.ManagedBean org.apache.tomcat.util.modeler.AttributeInfo org.apache.tomcat.util.modeler.AttributeInfo
2023-01-04 17:44:52.913 DEBUG 3888 --- [kground-preinit] o.apache.tomcat.util.digester.Digester   :   Fire end() for SetPropertiesRule[]
2023-01-04 17:44:52.913 DEBUG 3888 --- [kground-preinit] o.apache.tomcat.util.digester.Digester   :   Fire end() for ObjectCreateRule[className=org.apache.tomcat.util.modeler.AttributeInfo, attributeName=null]
2023-01-04 17:44:52.914 DEBUG 3888 --- [kground-preinit] o.apache.tomcat.util.digester.Digester   : [ObjectCreateRule]{mbeans-descriptors/mbean/attribute} Pop org.apache.tomcat.util.modeler.AttributeInfo
2023-01-04 17:44:52.914 DEBUG 3888 --- [kground-preinit] o.a.tomcat.util.digester.Digester.sax    : characters(

    )
2023-01-04 17:44:52.914 DEBUG 3888 --- [kground-preinit] o.a.tomcat.util.digester.Digester.sax    : startElement(,,attribute)
2023-01-04 17:44:52.915 DEBUG 3888 --- [kground-preinit] o.apache.tomcat.util.digester.Digester   :   New match='mbeans-descriptors/mbean/attribute'
2023-01-04 17:44:52.915 DEBUG 3888 --- [kground-preinit] o.apache.tomcat.util.digester.Digester   :   Fire begin() for ObjectCreateRule[className=org.apache.tomcat.util.modeler.AttributeInfo, attributeName=null]
2023-01-04 17:44:52.916 DEBUG 3888 --- [kground-preinit] o.apache.tomcat.util.digester.Digester   : [ObjectCreateRule]{mbeans-descriptors/mbean/attribute}New org.apache.tomcat.util.modeler.AttributeInfo
2023-01-04 17:44:52.917 DEBUG 3888 --- [kground-preinit] o.apache.tomcat.util.digester.Digester   :   Fire begin() for SetPropertiesRule[]
2023-01-04 17:44:52.919 DEBUG 3888 --- [kground-preinit] o.apache.tomcat.util.digester.Digester   : [SetPropertiesRule]{mbeans-descriptors/mbean/attribute} Set org.apache.tomcat.util.modeler.AttributeInfo properties
2023-01-04 17:44:52.919 DEBUG 3888 --- [kground-preinit] o.apache.tomcat.util.digester.Digester   : [SetPropertiesRule]{mbeans-descriptors/mbean/attribute} Setting property 'name' to 'className'
2023-01-04 17:44:52.920 DEBUG 3888 --- [kground-preinit] o.apache.tomcat.util.IntrospectionUtils  : IntrospectionUtils: setProperty(class org.apache.tomcat.util.modeler.AttributeInfo name=className)
2023-01-04 17:44:52.920 DEBUG 3888 --- [kground-preinit] o.apache.tomcat.util.digester.Digester   : [SetPropertiesRule]{mbeans-descriptors/mbean/attribute} Setting property 'description' to 'Fully qualified class name of the managed object'
2023-01-04 17:44:52.921 DEBUG 3888 --- [kground-preinit] o.apache.tomcat.util.IntrospectionUtils  : IntrospectionUtils: setProperty(class org.apache.tomcat.util.modeler.AttributeInfo description=Fully qualified class name of the managed object)
2023-01-04 17:44:52.922 DEBUG 3888 --- [kground-preinit] o.apache.tomcat.util.digester.Digester   : [SetPropertiesRule]{mbeans-descriptors/mbean/attribute} Setting property 'type' to 'java.lang.String'
2023-01-04 17:44:52.922 DEBUG 3888 --- [kground-preinit] o.apache.tomcat.util.IntrospectionUtils  : IntrospectionUtils: setProperty(class org.apache.tomcat.util.modeler.AttributeInfo type=java.lang.String)
2023-01-04 17:44:52.923 DEBUG 3888 --- [kground-preinit] o.apache.tomcat.util.digester.Digester   : [SetPropertiesRule]{mbeans-descriptors/mbean/attribute} Setting property 'writeable' to 'false'
2023-01-04 17:44:52.927 DEBUG 3888 --- [kground-preinit] o.apache.tomcat.util.IntrospectionUtils  : IntrospectionUtils: setProperty(class org.apache.tomcat.util.modeler.AttributeInfo writeable=false)
2023-01-04 17:44:52.927 DEBUG 3888 --- [kground-preinit] o.apache.tomcat.util.digester.Digester   :   Fire begin() for SetNextRule[methodName=addAttribute, paramType=org.apache.tomcat.util.modeler.AttributeInfo]
2023-01-04 17:44:52.928 DEBUG 3888 --- [kground-preinit] o.a.tomcat.util.digester.Digester.sax    : endElement(,,attribute)
2023-01-04 17:44:52.928 DEBUG 3888 --- [kground-preinit] o.apache.tomcat.util.digester.Digester   :   match='mbeans-descriptors/mbean/attribute'
2023-01-04 17:44:52.929 DEBUG 3888 --- [kground-preinit] o.apache.tomcat.util.digester.Digester   :   bodyText=''
2023-01-04 17:44:52.929 DEBUG 3888 --- [kground-preinit] o.apache.tomcat.util.digester.Digester   :   Fire body() for ObjectCreateRule[className=org.apache.tomcat.util.modeler.AttributeInfo, attributeName=null]
2023-01-04 17:44:52.930 DEBUG 3888 --- [kground-preinit] o.apache.tomcat.util.digester.Digester   :   Fire body() for SetPropertiesRule[]
2023-01-04 17:44:52.931 DEBUG 3888 --- [kground-preinit] o.apache.tomcat.util.digester.Digester   :   Fire body() for SetNextRule[methodName=addAttribute, paramType=org.apache.tomcat.util.modeler.AttributeInfo]
2023-01-04 17:44:52.932 DEBUG 3888 --- [kground-preinit] o.apache.tomcat.util.digester.Digester   :   Fire end() for SetNextRule[methodName=addAttribute, paramType=org.apache.tomcat.util.modeler.AttributeInfo]
2023-01-04 17:44:52.935 DEBUG 3888 --- [kground-preinit] o.apache.tomcat.util.digester.Digester   : [SetNextRule]{mbeans-descriptors/mbean/attribute} Call org.apache.tomcat.util.modeler.ManagedBean.addAttribute(org.apache.tomcat.util.modeler.AttributeInfo@340df602)
2023-01-04 17:44:52.935 DEBUG 3888 --- [kground-preinit] o.apache.tomcat.util.IntrospectionUtils  : IntrospectionUtils: callMethod1 org.apache.tomcat.util.modeler.ManagedBean org.apache.tomcat.util.modeler.AttributeInfo org.apache.tomcat.util.modeler.AttributeInfo
2023-01-04 17:44:52.936 DEBUG 3888 --- [kground-preinit] o.apache.tomcat.util.digester.Digester   :   Fire end() for SetPropertiesRule[]
2023-01-04 17:44:52.936 DEBUG 3888 --- [kground-preinit] o.apache.tomcat.util.digester.Digester   :   Fire end() for ObjectCreateRule[className=org.apache.tomcat.util.modeler.AttributeInfo, attributeName=null]
2023-01-04 17:44:52.936 DEBUG 3888 --- [kground-preinit] o.apache.tomcat.util.digester.Digester   : [ObjectCreateRule]{mbeans-descriptors/mbean/attribute} Pop org.apache.tomcat.util.modeler.AttributeInfo
2023-01-04 17:44:52.937 DEBUG 3888 --- [kground-preinit] o.a.tomcat.util.digester.Digester.sax    : characters(

    )
2023-01-04 17:44:52.937 DEBUG 3888 --- [kground-preinit] o.a.tomcat.util.digester.Digester.sax    : startElement(,,attribute)
2023-01-04 17:44:52.937 DEBUG 3888 --- [kground-preinit] o.apache.tomcat.util.digester.Digester   :   New match='mbeans-descriptors/mbean/attribute'
2023-01-04 17:44:52.938 DEBUG 3888 --- [kground-preinit] o.apache.tomcat.util.digester.Digester   :   Fire begin() for ObjectCreateRule[className=org.apache.tomcat.util.modeler.AttributeInfo, attributeName=null]
2023-01-04 17:44:52.938 DEBUG 3888 --- [kground-preinit] o.apache.tomcat.util.digester.Digester   : [ObjectCreateRule]{mbeans-descriptors/mbean/attribute}New org.apache.tomcat.util.modeler.AttributeInfo
2023-01-04 17:44:52.938 DEBUG 3888 --- [kground-preinit] o.apache.tomcat.util.digester.Digester   :   Fire begin() for SetPropertiesRule[]
2023-01-04 17:44:52.939 DEBUG 3888 --- [kground-preinit] o.apache.tomcat.util.digester.Digester   : [SetPropertiesRule]{mbeans-descriptors/mbean/attribute} Set org.apache.tomcat.util.modeler.AttributeInfo properties
2023-01-04 17:44:52.939 DEBUG 3888 --- [kground-preinit] o.apache.tomcat.util.digester.Digester   : [SetPropertiesRule]{mbeans-descriptors/mbean/attribute} Setting property 'name' to 'disableProxyCaching'
2023-01-04 17:44:52.940 DEBUG 3888 --- [kground-preinit] o.apache.tomcat.util.IntrospectionUtils  : IntrospectionUtils: setProperty(class org.apache.tomcat.util.modeler.AttributeInfo name=disableProxyCaching)
2023-01-04 17:44:52.940 DEBUG 3888 --- [kground-preinit] o.apache.tomcat.util.digester.Digester   : [SetPropertiesRule]{mbeans-descriptors/mbean/attribute} Setting property 'description' to 'Controls the caching of pages that are protected by security constraints'
2023-01-04 17:44:52.941 DEBUG 3888 --- [kground-preinit] o.apache.tomcat.util.IntrospectionUtils  : IntrospectionUtils: setProperty(class org.apache.tomcat.util.modeler.AttributeInfo description=Controls the caching of pages that are protected by security constraints)
2023-01-04 17:44:52.941 DEBUG 3888 --- [kground-preinit] o.apache.tomcat.util.digester.Digester   : [SetPropertiesRule]{mbeans-descriptors/mbean/attribute} Setting property 'type' to 'boolean'
2023-01-04 17:44:52.942 DEBUG 3888 --- [kground-preinit] o.apache.tomcat.util.IntrospectionUtils  : IntrospectionUtils: setProperty(class org.apache.tomcat.util.modeler.AttributeInfo type=boolean)
2023-01-04 17:44:52.942 DEBUG 3888 --- [kground-preinit] o.apache.tomcat.util.digester.Digester   :   Fire begin() for SetNextRule[methodName=addAttribute, paramType=org.apache.tomcat.util.modeler.AttributeInfo]
2023-01-04 17:44:52.943 DEBUG 3888 --- [kground-preinit] o.a.tomcat.util.digester.Digester.sax    : endElement(,,attribute)
2023-01-04 17:44:52.943 DEBUG 3888 --- [kground-preinit] o.apache.tomcat.util.digester.Digester   :   match='mbeans-descriptors/mbean/attribute'
2023-01-04 17:44:52.944 DEBUG 3888 --- [kground-preinit] o.apache.tomcat.util.digester.Digester   :   bodyText=''
2023-01-04 17:44:52.944 DEBUG 3888 --- [kground-preinit] o.apache.tomcat.util.digester.Digester   :   Fire body() for ObjectCreateRule[className=org.apache.tomcat.util.modeler.AttributeInfo, attributeName=null]
2023-01-04 17:44:52.945 DEBUG 3888 --- [kground-preinit] o.apache.tomcat.util.digester.Digester   :   Fire body() for SetPropertiesRule[]
2023-01-04 17:44:52.945 DEBUG 3888 --- [kground-preinit] o.apache.tomcat.util.digester.Digester   :   Fire body() for SetNextRule[methodName=addAttribute, paramType=org.apache.tomcat.util.modeler.AttributeInfo]
2023-01-04 17:44:52.946 DEBUG 3888 --- [kground-preinit] o.apache.tomcat.util.digester.Digester   :   Fire end() for SetNextRule[methodName=addAttribute, paramType=org.apache.tomcat.util.modeler.AttributeInfo]
2023-01-04 17:44:52.946 DEBUG 3888 --- [kground-preinit] o.apache.tomcat.util.digester.Digester   : [SetNextRule]{mbeans-descriptors/mbean/attribute} Call org.apache.tomcat.util.modeler.ManagedBean.addAttribute(org.apache.tomcat.util.modeler.AttributeInfo@706d0ccc)
2023-01-04 17:44:52.948 DEBUG 3888 --- [kground-preinit] o.apache.tomcat.util.IntrospectionUtils  : IntrospectionUtils: callMethod1 org.apache.tomcat.util.modeler.ManagedBean org.apache.tomcat.util.modeler.AttributeInfo org.apache.tomcat.util.modeler.AttributeInfo
2023-01-04 17:44:52.948 DEBUG 3888 --- [kground-preinit] o.apache.tomcat.util.digester.Digester   :   Fire end() for SetPropertiesRule[]
2023-01-04 17:44:52.949 DEBUG 3888 --- [kground-preinit] o.apache.tomcat.util.digester.Digester   :   Fire end() for ObjectCreateRule[className=org.apache.tomcat.util.modeler.AttributeInfo, attributeName=null]
2023-01-04 17:44:52.950 DEBUG 3888 --- [kground-preinit] o.apache.tomcat.util.digester.Digester   : [ObjectCreateRule]{mbeans-descriptors/mbean/attribute} Pop org.apache.tomcat.util.modeler.AttributeInfo
2023-01-04 17:44:52.951 DEBUG 3888 --- [kground-preinit] o.a.tomcat.util.digester.Digester.sax    : characters(

    )
2023-01-04 17:44:52.951 DEBUG 3888 --- [kground-preinit] o.a.tomcat.util.digester.Digester.sax    : startElement(,,attribute)
2023-01-04 17:44:52.951 DEBUG 3888 --- [kground-preinit] o.apache.tomcat.util.digester.Digester   :   New match='mbeans-descriptors/mbean/attribute'
2023-01-04 17:44:52.952 DEBUG 3888 --- [kground-preinit] o.apache.tomcat.util.digester.Digester   :   Fire begin() for ObjectCreateRule[className=org.apache.tomcat.util.modeler.AttributeInfo, attributeName=null]
2023-01-04 17:44:52.952 DEBUG 3888 --- [kground-preinit] o.apache.tomcat.util.digester.Digester   : [ObjectCreateRule]{mbeans-descriptors/mbean/attribute}New org.apache.tomcat.util.modeler.AttributeInfo
2023-01-04 17:44:52.953 DEBUG 3888 --- [kground-preinit] o.apache.tomcat.util.digester.Digester   :   Fire begin() for SetPropertiesRule[]
2023-01-04 17:44:52.953 DEBUG 3888 --- [kground-preinit] o.apache.tomcat.util.digester.Digester   : [SetPropertiesRule]{mbeans-descriptors/mbean/attribute} Set org.apache.tomcat.util.modeler.AttributeInfo properties
2023-01-04 17:44:52.954 DEBUG 3888 --- [kground-preinit] o.apache.tomcat.util.digester.Digester   : [SetPropertiesRule]{mbeans-descriptors/mbean/attribute} Setting property 'name' to 'securePagesWithPragma'
2023-01-04 17:44:52.954 DEBUG 3888 --- [kground-preinit] o.apache.tomcat.util.IntrospectionUtils  : IntrospectionUtils: setProperty(class org.apache.tomcat.util.modeler.AttributeInfo name=securePagesWithPragma)
2023-01-04 17:44:52.954 DEBUG 3888 --- [kground-preinit] o.apache.tomcat.util.digester.Digester   : [SetPropertiesRule]{mbeans-descriptors/mbean/attribute} Setting property 'description' to 'Controls the caching of pages that are protected by security constraints'
2023-01-04 17:44:52.955 DEBUG 3888 --- [kground-preinit] o.apache.tomcat.util.IntrospectionUtils  : IntrospectionUtils: setProperty(class org.apache.tomcat.util.modeler.AttributeInfo description=Controls the caching of pages that are protected by security constraints)
2023-01-04 17:44:52.955 DEBUG 3888 --- [kground-preinit] o.apache.tomcat.util.digester.Digester   : [SetPropertiesRule]{mbeans-descriptors/mbean/attribute} Setting property 'type' to 'boolean'
2023-01-04 17:44:52.956 DEBUG 3888 --- [kground-preinit] o.apache.tomcat.util.IntrospectionUtils  : IntrospectionUtils: setProperty(class org.apache.tomcat.util.modeler.AttributeInfo type=boolean)
2023-01-04 17:44:52.956 DEBUG 3888 --- [kground-preinit] o.apache.tomcat.util.digester.Digester   :   Fire begin() for SetNextRule[methodName=addAttribute, paramType=org.apache.tomcat.util.modeler.AttributeInfo]
2023-01-04 17:44:52.957 DEBUG 3888 --- [kground-preinit] o.a.tomcat.util.digester.Digester.sax    : endElement(,,attribute)
2023-01-04 17:44:52.957 DEBUG 3888 --- [kground-preinit] o.apache.tomcat.util.digester.Digester   :   match='mbeans-descriptors/mbean/attribute'
2023-01-04 17:44:52.957 DEBUG 3888 --- [kground-preinit] o.apache.tomcat.util.digester.Digester   :   bodyText=''
2023-01-04 17:44:52.958 DEBUG 3888 --- [kground-preinit] o.apache.tomcat.util.digester.Digester   :   Fire body() for ObjectCreateRule[className=org.apache.tomcat.util.modeler.AttributeInfo, attributeName=null]
2023-01-04 17:44:52.959 DEBUG 3888 --- [kground-preinit] o.apache.tomcat.util.digester.Digester   :   Fire body() for SetPropertiesRule[]
2023-01-04 17:44:52.959 DEBUG 3888 --- [kground-preinit] o.apache.tomcat.util.digester.Digester   :   Fire body() for SetNextRule[methodName=addAttribute, paramType=org.apache.tomcat.util.modeler.AttributeInfo]
2023-01-04 17:44:52.960 DEBUG 3888 --- [kground-preinit] o.apache.tomcat.util.digester.Digester   :   Fire end() for SetNextRule[methodName=addAttribute, paramType=org.apache.tomcat.util.modeler.AttributeInfo]
2023-01-04 17:44:52.960 DEBUG 3888 --- [kground-preinit] o.apache.tomcat.util.digester.Digester   : [SetNextRule]{mbeans-descriptors/mbean/attribute} Call org.apache.tomcat.util.modeler.ManagedBean.addAttribute(org.apache.tomcat.util.modeler.AttributeInfo@7373f22c)
2023-01-04 17:44:52.961 DEBUG 3888 --- [kground-preinit] o.apache.tomcat.util.IntrospectionUtils  : IntrospectionUtils: callMethod1 org.apache.tomcat.util.modeler.ManagedBean org.apache.tomcat.util.modeler.AttributeInfo org.apache.tomcat.util.modeler.AttributeInfo
2023-01-04 17:44:52.962 DEBUG 3888 --- [kground-preinit] o.apache.tomcat.util.digester.Digester   :   Fire end() for SetPropertiesRule[]
2023-01-04 17:44:52.963 DEBUG 3888 --- [kground-preinit] o.apache.tomcat.util.digester.Digester   :   Fire end() for ObjectCreateRule[className=org.apache.tomcat.util.modeler.AttributeInfo, attributeName=null]
2023-01-04 17:44:52.963 DEBUG 3888 --- [kground-preinit] o.apache.tomcat.util.digester.Digester   : [ObjectCreateRule]{mbeans-descriptors/mbean/attribute} Pop org.apache.tomcat.util.modeler.AttributeInfo
2023-01-04 17:44:52.964 DEBUG 3888 --- [kground-preinit] o.a.tomcat.util.digester.Digester.sax    : characters(

    )
2023-01-04 17:44:52.964 DEBUG 3888 --- [kground-preinit] o.a.tomcat.util.digester.Digester.sax    : startElement(,,attribute)
2023-01-04 17:44:52.965 DEBUG 3888 --- [kground-preinit] o.apache.tomcat.util.digester.Digester   :   New match='mbeans-descriptors/mbean/attribute'
2023-01-04 17:44:52.965 DEBUG 3888 --- [kground-preinit] o.apache.tomcat.util.digester.Digester   :   Fire begin() for ObjectCreateRule[className=org.apache.tomcat.util.modeler.AttributeInfo, attributeName=null]
2023-01-04 17:44:52.966 DEBUG 3888 --- [kground-preinit] o.apache.tomcat.util.digester.Digester   : [ObjectCreateRule]{mbeans-descriptors/mbean/attribute}New org.apache.tomcat.util.modeler.AttributeInfo
2023-01-04 17:44:52.967 DEBUG 3888 --- [kground-preinit] o.apache.tomcat.util.digester.Digester   :   Fire begin() for SetPropertiesRule[]
2023-01-04 17:44:52.967 DEBUG 3888 --- [kground-preinit] o.apache.tomcat.util.digester.Digester   : [SetPropertiesRule]{mbeans-descriptors/mbean/attribute} Set org.apache.tomcat.util.modeler.AttributeInfo properties
2023-01-04 17:44:52.968 DEBUG 3888 --- [kground-preinit] o.apache.tomcat.util.digester.Digester   : [SetPropertiesRule]{mbeans-descriptors/mbean/attribute} Setting property 'name' to 'secureRandomAlgorithm'
2023-01-04 17:44:52.968 DEBUG 3888 --- [kground-preinit] o.apache.tomcat.util.IntrospectionUtils  : IntrospectionUtils: setProperty(class org.apache.tomcat.util.modeler.AttributeInfo name=secureRandomAlgorithm)
2023-01-04 17:44:52.969 DEBUG 3888 --- [kground-preinit] o.apache.tomcat.util.digester.Digester   : [SetPropertiesRule]{mbeans-descriptors/mbean/attribute} Setting property 'description' to 'The name of the algorithm to use for SSO session ID generation'
2023-01-04 17:44:52.969 DEBUG 3888 --- [kground-preinit] o.apache.tomcat.util.IntrospectionUtils  : IntrospectionUtils: setProperty(class org.apache.tomcat.util.modeler.AttributeInfo description=The name of the algorithm to use for SSO session ID generation)
2023-01-04 17:44:52.970 DEBUG 3888 --- [kground-preinit] o.apache.tomcat.util.digester.Digester   : [SetPropertiesRule]{mbeans-descriptors/mbean/attribute} Setting property 'type' to 'java.lang.String'
2023-01-04 17:44:52.971 DEBUG 3888 --- [kground-preinit] o.apache.tomcat.util.IntrospectionUtils  : IntrospectionUtils: setProperty(class org.apache.tomcat.util.modeler.AttributeInfo type=java.lang.String)
2023-01-04 17:44:52.972 DEBUG 3888 --- [kground-preinit] o.apache.tomcat.util.digester.Digester   :   Fire begin() for SetNextRule[methodName=addAttribute, paramType=org.apache.tomcat.util.modeler.AttributeInfo]
2023-01-04 17:44:52.973 DEBUG 3888 --- [kground-preinit] o.a.tomcat.util.digester.Digester.sax    : endElement(,,attribute)
2023-01-04 17:44:52.973 DEBUG 3888 --- [kground-preinit] o.apache.tomcat.util.digester.Digester   :   match='mbeans-descriptors/mbean/attribute'
2023-01-04 17:44:52.974 DEBUG 3888 --- [kground-preinit] o.apache.tomcat.util.digester.Digester   :   bodyText=''
2023-01-04 17:44:52.974 DEBUG 3888 --- [kground-preinit] o.apache.tomcat.util.digester.Digester   :   Fire body() for ObjectCreateRule[className=org.apache.tomcat.util.modeler.AttributeInfo, attributeName=null]
2023-01-04 17:44:52.975 DEBUG 3888 --- [kground-preinit] o.apache.tomcat.util.digester.Digester   :   Fire body() for SetPropertiesRule[]
2023-01-04 17:44:52.975 DEBUG 3888 --- [kground-preinit] o.apache.tomcat.util.digester.Digester   :   Fire body() for SetNextRule[methodName=addAttribute, paramType=org.apache.tomcat.util.modeler.AttributeInfo]
2023-01-04 17:44:52.976 DEBUG 3888 --- [kground-preinit] o.apache.tomcat.util.digester.Digester   :   Fire end() for SetNextRule[methodName=addAttribute, paramType=org.apache.tomcat.util.modeler.AttributeInfo]
2023-01-04 17:44:52.976 DEBUG 3888 --- [kground-preinit] o.apache.tomcat.util.digester.Digester   : [SetNextRule]{mbeans-descriptors/mbean/attribute} Call org.apache.tomcat.util.modeler.ManagedBean.addAttribute(org.apache.tomcat.util.modeler.AttributeInfo@29653d1a)
2023-01-04 17:44:52.976 DEBUG 3888 --- [kground-preinit] o.apache.tomcat.util.IntrospectionUtils  : IntrospectionUtils: callMethod1 org.apache.tomcat.util.modeler.ManagedBean org.apache.tomcat.util.modeler.AttributeInfo org.apache.tomcat.util.modeler.AttributeInfo
2023-01-04 17:44:52.977 DEBUG 3888 --- [kground-preinit] o.apache.tomcat.util.digester.Digester   :   Fire end() for SetPropertiesRule[]
2023-01-04 17:44:52.977 DEBUG 3888 --- [kground-preinit] o.apache.tomcat.util.digester.Digester   :   Fire end() for ObjectCreateRule[className=org.apache.tomcat.util.modeler.AttributeInfo, attributeName=null]
2023-01-04 17:44:52.977 DEBUG 3888 --- [kground-preinit] o.apache.tomcat.util.digester.Digester   : [ObjectCreateRule]{mbeans-descriptors/mbean/attribute} Pop org.apache.tomcat.util.modeler.AttributeInfo
2023-01-04 17:44:52.978 DEBUG 3888 --- [kground-preinit] o.a.tomcat.util.digester.Digester.sax    : characters(

    )
2023-01-04 17:44:52.978 DEBUG 3888 --- [kground-preinit] o.a.tomcat.util.digester.Digester.sax    : startElement(,,attribute)
2023-01-04 17:44:52.980 DEBUG 3888 --- [kground-preinit] o.apache.tomcat.util.digester.Digester   :   New match='mbeans-descriptors/mbean/attribute'
2023-01-04 17:44:52.980 DEBUG 3888 --- [kground-preinit] o.apache.tomcat.util.digester.Digester   :   Fire begin() for ObjectCreateRule[className=org.apache.tomcat.util.modeler.AttributeInfo, attributeName=null]
2023-01-04 17:44:52.981 DEBUG 3888 --- [kground-preinit] o.apache.tomcat.util.digester.Digester   : [ObjectCreateRule]{mbeans-descriptors/mbean/attribute}New org.apache.tomcat.util.modeler.AttributeInfo
2023-01-04 17:44:52.982 DEBUG 3888 --- [kground-preinit] o.apache.tomcat.util.digester.Digester   :   Fire begin() for SetPropertiesRule[]
2023-01-04 17:44:52.983 DEBUG 3888 --- [kground-preinit] o.apache.tomcat.util.digester.Digester   : [SetPropertiesRule]{mbeans-descriptors/mbean/attribute} Set org.apache.tomcat.util.modeler.AttributeInfo properties
2023-01-04 17:44:52.984 DEBUG 3888 --- [kground-preinit] o.apache.tomcat.util.digester.Digester   : [SetPropertiesRule]{mbeans-descriptors/mbean/attribute} Setting property 'name' to 'secureRandomClass'
2023-01-04 17:44:52.984 DEBUG 3888 --- [kground-preinit] o.apache.tomcat.util.IntrospectionUtils  : IntrospectionUtils: setProperty(class org.apache.tomcat.util.modeler.AttributeInfo name=secureRandomClass)
2023-01-04 17:44:52.985 DEBUG 3888 --- [kground-preinit] o.apache.tomcat.util.digester.Digester   : [SetPropertiesRule]{mbeans-descriptors/mbean/attribute} Setting property 'description' to 'The name of the class to use for SSO session ID generation'
2023-01-04 17:44:52.985 DEBUG 3888 --- [kground-preinit] o.apache.tomcat.util.IntrospectionUtils  : IntrospectionUtils: setProperty(class org.apache.tomcat.util.modeler.AttributeInfo description=The name of the class to use for SSO session ID generation)
2023-01-04 17:44:52.985 DEBUG 3888 --- [kground-preinit] o.apache.tomcat.util.digester.Digester   : [SetPropertiesRule]{mbeans-descriptors/mbean/attribute} Setting property 'type' to 'java.lang.String'
2023-01-04 17:44:52.986 DEBUG 3888 --- [kground-preinit] o.apache.tomcat.util.IntrospectionUtils  : IntrospectionUtils: setProperty(class org.apache.tomcat.util.modeler.AttributeInfo type=java.lang.String)
2023-01-04 17:44:52.986 DEBUG 3888 --- [kground-preinit] o.apache.tomcat.util.digester.Digester   :   Fire begin() for SetNextRule[methodName=addAttribute, paramType=org.apache.tomcat.util.modeler.AttributeInfo]
2023-01-04 17:44:52.986 DEBUG 3888 --- [kground-preinit] o.a.tomcat.util.digester.Digester.sax    : endElement(,,attribute)
2023-01-04 17:44:52.986 DEBUG 3888 --- [kground-preinit] o.apache.tomcat.util.digester.Digester   :   match='mbeans-descriptors/mbean/attribute'
2023-01-04 17:44:52.987 DEBUG 3888 --- [kground-preinit] o.apache.tomcat.util.digester.Digester   :   bodyText=''
2023-01-04 17:44:52.987 DEBUG 3888 --- [kground-preinit] o.apache.tomcat.util.digester.Digester   :   Fire body() for ObjectCreateRule[className=org.apache.tomcat.util.modeler.AttributeInfo, attributeName=null]
2023-01-04 17:44:52.987 DEBUG 3888 --- [kground-preinit] o.apache.tomcat.util.digester.Digester   :   Fire body() for SetPropertiesRule[]
2023-01-04 17:44:52.987 DEBUG 3888 --- [kground-preinit] o.apache.tomcat.util.digester.Digester   :   Fire body() for SetNextRule[methodName=addAttribute, paramType=org.apache.tomcat.util.modeler.AttributeInfo]
2023-01-04 17:44:52.988 DEBUG 3888 --- [kground-preinit] o.apache.tomcat.util.digester.Digester   :   Fire end() for SetNextRule[methodName=addAttribute, paramType=org.apache.tomcat.util.modeler.AttributeInfo]
2023-01-04 17:44:52.988 DEBUG 3888 --- [kground-preinit] o.apache.tomcat.util.digester.Digester   : [SetNextRule]{mbeans-descriptors/mbean/attribute} Call org.apache.tomcat.util.modeler.ManagedBean.addAttribute(org.apache.tomcat.util.modeler.AttributeInfo@728373d2)
2023-01-04 17:44:52.988 DEBUG 3888 --- [kground-preinit] o.apache.tomcat.util.IntrospectionUtils  : IntrospectionUtils: callMethod1 org.apache.tomcat.util.modeler.ManagedBean org.apache.tomcat.util.modeler.AttributeInfo org.apache.tomcat.util.modeler.AttributeInfo
2023-01-04 17:44:52.988 DEBUG 3888 --- [kground-preinit] o.apache.tomcat.util.digester.Digester   :   Fire end() for SetPropertiesRule[]
2023-01-04 17:44:52.989 DEBUG 3888 --- [kground-preinit] o.apache.tomcat.util.digester.Digester   :   Fire end() for ObjectCreateRule[className=org.apache.tomcat.util.modeler.AttributeInfo, attributeName=null]
2023-01-04 17:44:52.989 DEBUG 3888 --- [kground-preinit] o.apache.tomcat.util.digester.Digester   : [ObjectCreateRule]{mbeans-descriptors/mbean/attribute} Pop org.apache.tomcat.util.modeler.AttributeInfo
2023-01-04 17:44:52.989 DEBUG 3888 --- [kground-preinit] o.a.tomcat.util.digester.Digester.sax    : characters(

    )
2023-01-04 17:44:52.989 DEBUG 3888 --- [kground-preinit] o.a.tomcat.util.digester.Digester.sax    : startElement(,,attribute)
2023-01-04 17:44:52.989 DEBUG 3888 --- [kground-preinit] o.apache.tomcat.util.digester.Digester   :   New match='mbeans-descriptors/mbean/attribute'
2023-01-04 17:44:52.989 DEBUG 3888 --- [kground-preinit] o.apache.tomcat.util.digester.Digester   :   Fire begin() for ObjectCreateRule[className=org.apache.tomcat.util.modeler.AttributeInfo, attributeName=null]
2023-01-04 17:44:52.990 DEBUG 3888 --- [kground-preinit] o.apache.tomcat.util.digester.Digester   : [ObjectCreateRule]{mbeans-descriptors/mbean/attribute}New org.apache.tomcat.util.modeler.AttributeInfo
2023-01-04 17:44:52.990 DEBUG 3888 --- [kground-preinit] o.apache.tomcat.util.digester.Digester   :   Fire begin() for SetPropertiesRule[]
2023-01-04 17:44:52.990 DEBUG 3888 --- [kground-preinit] o.apache.tomcat.util.digester.Digester   : [SetPropertiesRule]{mbeans-descriptors/mbean/attribute} Set org.apache.tomcat.util.modeler.AttributeInfo properties
2023-01-04 17:44:52.990 DEBUG 3888 --- [kground-preinit] o.apache.tomcat.util.digester.Digester   : [SetPropertiesRule]{mbeans-descriptors/mbean/attribute} Setting property 'name' to 'secureRandomProvider'
2023-01-04 17:44:52.990 DEBUG 3888 --- [kground-preinit] o.apache.tomcat.util.IntrospectionUtils  : IntrospectionUtils: setProperty(class org.apache.tomcat.util.modeler.AttributeInfo name=secureRandomProvider)
2023-01-04 17:44:52.990 DEBUG 3888 --- [kground-preinit] o.apache.tomcat.util.digester.Digester   : [SetPropertiesRule]{mbeans-descriptors/mbean/attribute} Setting property 'description' to 'The name of the provider to use for SSO session ID generation'
2023-01-04 17:44:52.991 DEBUG 3888 --- [kground-preinit] o.apache.tomcat.util.IntrospectionUtils  : IntrospectionUtils: setProperty(class org.apache.tomcat.util.modeler.AttributeInfo description=The name of the provider to use for SSO session ID generation)
2023-01-04 17:44:52.991 DEBUG 3888 --- [kground-preinit] o.apache.tomcat.util.digester.Digester   : [SetPropertiesRule]{mbeans-descriptors/mbean/attribute} Setting property 'type' to 'java.lang.String'
2023-01-04 17:44:52.991 DEBUG 3888 --- [kground-preinit] o.apache.tomcat.util.IntrospectionUtils  : IntrospectionUtils: setProperty(class org.apache.tomcat.util.modeler.AttributeInfo type=java.lang.String)
2023-01-04 17:44:52.991 DEBUG 3888 --- [kground-preinit] o.apache.tomcat.util.digester.Digester   :   Fire begin() for SetNextRule[methodName=addAttribute, paramType=org.apache.tomcat.util.modeler.AttributeInfo]
2023-01-04 17:44:52.991 DEBUG 3888 --- [kground-preinit] o.a.tomcat.util.digester.Digester.sax    : endElement(,,attribute)
2023-01-04 17:44:52.991 DEBUG 3888 --- [kground-preinit] o.apache.tomcat.util.digester.Digester   :   match='mbeans-descriptors/mbean/attribute'
2023-01-04 17:44:52.992 DEBUG 3888 --- [kground-preinit] o.apache.tomcat.util.digester.Digester   :   bodyText=''
2023-01-04 17:44:52.992 DEBUG 3888 --- [kground-preinit] o.apache.tomcat.util.digester.Digester   :   Fire body() for ObjectCreateRule[className=org.apache.tomcat.util.modeler.AttributeInfo, attributeName=null]
2023-01-04 17:44:52.992 DEBUG 3888 --- [kground-preinit] o.apache.tomcat.util.digester.Digester   :   Fire body() for SetPropertiesRule[]
2023-01-04 17:44:52.992 DEBUG 3888 --- [kground-preinit] o.apache.tomcat.util.digester.Digester   :   Fire body() for SetNextRule[methodName=addAttribute, paramType=org.apache.tomcat.util.modeler.AttributeInfo]
2023-01-04 17:44:52.992 DEBUG 3888 --- [kground-preinit] o.apache.tomcat.util.digester.Digester   :   Fire end() for SetNextRule[methodName=addAttribute, paramType=org.apache.tomcat.util.modeler.AttributeInfo]
2023-01-04 17:44:52.992 DEBUG 3888 --- [kground-preinit] o.apache.tomcat.util.digester.Digester   : [SetNextRule]{mbeans-descriptors/mbean/attribute} Call org.apache.tomcat.util.modeler.ManagedBean.addAttribute(org.apache.tomcat.util.modeler.AttributeInfo@6a900a22)
2023-01-04 17:44:52.992 DEBUG 3888 --- [kground-preinit] o.apache.tomcat.util.IntrospectionUtils  : IntrospectionUtils: callMethod1 org.apache.tomcat.util.modeler.ManagedBean org.apache.tomcat.util.modeler.AttributeInfo org.apache.tomcat.util.modeler.AttributeInfo
2023-01-04 17:44:52.993 DEBUG 3888 --- [kground-preinit] o.apache.tomcat.util.digester.Digester   :   Fire end() for SetPropertiesRule[]
2023-01-04 17:44:52.993 DEBUG 3888 --- [kground-preinit] o.apache.tomcat.util.digester.Digester   :   Fire end() for ObjectCreateRule[className=org.apache.tomcat.util.modeler.AttributeInfo, attributeName=null]
2023-01-04 17:44:52.993 DEBUG 3888 --- [kground-preinit] o.apache.tomcat.util.digester.Digester   : [ObjectCreateRule]{mbeans-descriptors/mbean/attribute} Pop org.apache.tomcat.util.modeler.AttributeInfo
2023-01-04 17:44:52.993 DEBUG 3888 --- [kground-preinit] o.a.tomcat.util.digester.Digester.sax    : characters(

    )
2023-01-04 17:44:52.993 DEBUG 3888 --- [kground-preinit] o.a.tomcat.util.digester.Digester.sax    : startElement(,,attribute)
2023-01-04 17:44:52.993 DEBUG 3888 --- [kground-preinit] o.apache.tomcat.util.digester.Digester   :   New match='mbeans-descriptors/mbean/attribute'
2023-01-04 17:44:52.993 DEBUG 3888 --- [kground-preinit] o.apache.tomcat.util.digester.Digester   :   Fire begin() for ObjectCreateRule[className=org.apache.tomcat.util.modeler.AttributeInfo, attributeName=null]
2023-01-04 17:44:52.993 DEBUG 3888 --- [kground-preinit] o.apache.tomcat.util.digester.Digester   : [ObjectCreateRule]{mbeans-descriptors/mbean/attribute}New org.apache.tomcat.util.modeler.AttributeInfo
2023-01-04 17:44:52.994 DEBUG 3888 --- [kground-preinit] o.apache.tomcat.util.digester.Digester   :   Fire begin() for SetPropertiesRule[]
2023-01-04 17:44:52.994 DEBUG 3888 --- [kground-preinit] o.apache.tomcat.util.digester.Digester   : [SetPropertiesRule]{mbeans-descriptors/mbean/attribute} Set org.apache.tomcat.util.modeler.AttributeInfo properties
2023-01-04 17:44:52.994 DEBUG 3888 --- [kground-preinit] o.apache.tomcat.util.digester.Digester   : [SetPropertiesRule]{mbeans-descriptors/mbean/attribute} Setting property 'name' to 'stateName'
2023-01-04 17:44:52.994 DEBUG 3888 --- [kground-preinit] o.apache.tomcat.util.IntrospectionUtils  : IntrospectionUtils: setProperty(class org.apache.tomcat.util.modeler.AttributeInfo name=stateName)
2023-01-04 17:44:52.995 DEBUG 3888 --- [kground-preinit] o.apache.tomcat.util.digester.Digester   : [SetPropertiesRule]{mbeans-descriptors/mbean/attribute} Setting property 'description' to 'The name of the LifecycleState that this component is currently in'
2023-01-04 17:44:52.995 DEBUG 3888 --- [kground-preinit] o.apache.tomcat.util.IntrospectionUtils  : IntrospectionUtils: setProperty(class org.apache.tomcat.util.modeler.AttributeInfo description=The name of the LifecycleState that this component is currently in)
2023-01-04 17:44:52.995 DEBUG 3888 --- [kground-preinit] o.apache.tomcat.util.digester.Digester   : [SetPropertiesRule]{mbeans-descriptors/mbean/attribute} Setting property 'type' to 'java.lang.String'
2023-01-04 17:44:52.995 DEBUG 3888 --- [kground-preinit] o.apache.tomcat.util.IntrospectionUtils  : IntrospectionUtils: setProperty(class org.apache.tomcat.util.modeler.AttributeInfo type=java.lang.String)
2023-01-04 17:44:52.995 DEBUG 3888 --- [kground-preinit] o.apache.tomcat.util.digester.Digester   : [SetPropertiesRule]{mbeans-descriptors/mbean/attribute} Setting property 'writeable' to 'false'
2023-01-04 17:44:52.995 DEBUG 3888 --- [kground-preinit] o.apache.tomcat.util.IntrospectionUtils  : IntrospectionUtils: setProperty(class org.apache.tomcat.util.modeler.AttributeInfo writeable=false)
2023-01-04 17:44:52.996 DEBUG 3888 --- [kground-preinit] o.apache.tomcat.util.digester.Digester   :   Fire begin() for SetNextRule[methodName=addAttribute, paramType=org.apache.tomcat.util.modeler.AttributeInfo]
2023-01-04 17:44:52.996 DEBUG 3888 --- [kground-preinit] o.a.tomcat.util.digester.Digester.sax    : endElement(,,attribute)
2023-01-04 17:44:52.996 DEBUG 3888 --- [kground-preinit] o.apache.tomcat.util.digester.Digester   :   match='mbeans-descriptors/mbean/attribute'
2023-01-04 17:44:52.998 DEBUG 3888 --- [kground-preinit] o.apache.tomcat.util.digester.Digester   :   bodyText=''
2023-01-04 17:44:52.998 DEBUG 3888 --- [kground-preinit] o.apache.tomcat.util.digester.Digester   :   Fire body() for ObjectCreateRule[className=org.apache.tomcat.util.modeler.AttributeInfo, attributeName=null]
2023-01-04 17:44:52.998 DEBUG 3888 --- [kground-preinit] o.apache.tomcat.util.digester.Digester   :   Fire body() for SetPropertiesRule[]
2023-01-04 17:44:52.999 DEBUG 3888 --- [kground-preinit] o.apache.tomcat.util.digester.Digester   :   Fire body() for SetNextRule[methodName=addAttribute, paramType=org.apache.tomcat.util.modeler.AttributeInfo]
2023-01-04 17:44:52.999 DEBUG 3888 --- [kground-preinit] o.apache.tomcat.util.digester.Digester   :   Fire end() for SetNextRule[methodName=addAttribute, paramType=org.apache.tomcat.util.modeler.AttributeInfo]
2023-01-04 17:44:52.999 DEBUG 3888 --- [kground-preinit] o.apache.tomcat.util.digester.Digester   : [SetNextRule]{mbeans-descriptors/mbean/attribute} Call org.apache.tomcat.util.modeler.ManagedBean.addAttribute(org.apache.tomcat.util.modeler.AttributeInfo@61e67ce)
2023-01-04 17:44:52.999 DEBUG 3888 --- [kground-preinit] o.apache.tomcat.util.IntrospectionUtils  : IntrospectionUtils: callMethod1 org.apache.tomcat.util.modeler.ManagedBean org.apache.tomcat.util.modeler.AttributeInfo org.apache.tomcat.util.modeler.AttributeInfo
2023-01-04 17:44:53.000 DEBUG 3888 --- [kground-preinit] o.apache.tomcat.util.digester.Digester   :   Fire end() for SetPropertiesRule[]
2023-01-04 17:44:53.000 DEBUG 3888 --- [kground-preinit] o.apache.tomcat.util.digester.Digester   :   Fire end() for ObjectCreateRule[className=org.apache.tomcat.util.modeler.AttributeInfo, attributeName=null]
2023-01-04 17:44:53.000 DEBUG 3888 --- [kground-preinit] o.apache.tomcat.util.digester.Digester   : [ObjectCreateRule]{mbeans-descriptors/mbean/attribute} Pop org.apache.tomcat.util.modeler.AttributeInfo
2023-01-04 17:44:53.000 DEBUG 3888 --- [kground-preinit] o.a.tomcat.util.digester.Digester.sax    : characters(
  )
2023-01-04 17:44:53.001 DEBUG 3888 --- [kground-preinit] o.a.tomcat.util.digester.Digester.sax    : endElement(,,mbean)
2023-01-04 17:44:53.001 DEBUG 3888 --- [kground-preinit] o.apache.tomcat.util.digester.Digester   :   match='mbeans-descriptors/mbean'
2023-01-04 17:44:53.001 DEBUG 3888 --- [kground-preinit] o.apache.tomcat.util.digester.Digester   :   bodyText='

    

    

    

    

    

    

    

    

    

    
  '
2023-01-04 17:44:53.001 DEBUG 3888 --- [kground-preinit] o.apache.tomcat.util.digester.Digester   :   Fire body() for ObjectCreateRule[className=org.apache.tomcat.util.modeler.ManagedBean, attributeName=null]
2023-01-04 17:44:53.002 DEBUG 3888 --- [kground-preinit] o.apache.tomcat.util.digester.Digester   :   Fire body() for SetPropertiesRule[]
2023-01-04 17:44:53.002 DEBUG 3888 --- [kground-preinit] o.apache.tomcat.util.digester.Digester   :   Fire body() for SetNextRule[methodName=add, paramType=java.lang.Object]
2023-01-04 17:44:53.002 DEBUG 3888 --- [kground-preinit] o.apache.tomcat.util.digester.Digester   :   Fire end() for SetNextRule[methodName=add, paramType=java.lang.Object]
2023-01-04 17:44:53.002 DEBUG 3888 --- [kground-preinit] o.apache.tomcat.util.digester.Digester   : [SetNextRule]{mbeans-descriptors/mbean} Call java.util.ArrayList.add(ManagedBean[name=BasicAuthenticator, className=org.apache.tomcat.util.modeler.BaseModelMBean, description=An Authenticator and Valve implementation of HTTP BASIC Authentication, group=Valve, type=org.apache.catalina.authenticator.BasicAuthenticator])
2023-01-04 17:44:53.003 DEBUG 3888 --- [kground-preinit] o.apache.tomcat.util.IntrospectionUtils  : IntrospectionUtils: callMethod1 java.util.ArrayList org.apache.tomcat.util.modeler.ManagedBean java.lang.Object
2023-01-04 17:44:53.003 DEBUG 3888 --- [kground-preinit] o.apache.tomcat.util.digester.Digester   :   Fire end() for SetPropertiesRule[]
2023-01-04 17:44:53.003 DEBUG 3888 --- [kground-preinit] o.apache.tomcat.util.digester.Digester   :   Fire end() for ObjectCreateRule[className=org.apache.tomcat.util.modeler.ManagedBean, attributeName=null]
2023-01-04 17:44:53.003 DEBUG 3888 --- [kground-preinit] o.apache.tomcat.util.digester.Digester   : [ObjectCreateRule]{mbeans-descriptors/mbean} Pop org.apache.tomcat.util.modeler.ManagedBean
2023-01-04 17:44:53.003 DEBUG 3888 --- [kground-preinit] o.a.tomcat.util.digester.Digester.sax    : characters(


  )
2023-01-04 17:44:53.003 DEBUG 3888 --- [kground-preinit] o.a.tomcat.util.digester.Digester.sax    : startElement(,,mbean)
2023-01-04 17:44:53.004 DEBUG 3888 --- [kground-preinit] o.apache.tomcat.util.digester.Digester   :   New match='mbeans-descriptors/mbean'
2023-01-04 17:44:53.004 DEBUG 3888 --- [kground-preinit] o.apache.tomcat.util.digester.Digester   :   Fire begin() for ObjectCreateRule[className=org.apache.tomcat.util.modeler.ManagedBean, attributeName=null]
2023-01-04 17:44:53.004 DEBUG 3888 --- [kground-preinit] o.apache.tomcat.util.digester.Digester   : [ObjectCreateRule]{mbeans-descriptors/mbean}New org.apache.tomcat.util.modeler.ManagedBean
2023-01-04 17:44:53.005 DEBUG 3888 --- [kground-preinit] o.apache.tomcat.util.digester.Digester   :   Fire begin() for SetPropertiesRule[]
2023-01-04 17:44:53.005 DEBUG 3888 --- [kground-preinit] o.apache.tomcat.util.digester.Digester   : [SetPropertiesRule]{mbeans-descriptors/mbean} Set org.apache.tomcat.util.modeler.ManagedBean properties
2023-01-04 17:44:53.006 DEBUG 3888 --- [kground-preinit] o.apache.tomcat.util.digester.Digester   : [SetPropertiesRule]{mbeans-descriptors/mbean} Setting property 'name' to 'DigestAuthenticator'
2023-01-04 17:44:53.006 DEBUG 3888 --- [kground-preinit] o.apache.tomcat.util.IntrospectionUtils  : IntrospectionUtils: setProperty(class org.apache.tomcat.util.modeler.ManagedBean name=DigestAuthenticator)
2023-01-04 17:44:53.006 DEBUG 3888 --- [kground-preinit] o.apache.tomcat.util.digester.Digester   : [SetPropertiesRule]{mbeans-descriptors/mbean} Setting property 'description' to 'An Authenticator and Valve implementation of HTTP DIGEST Authentication'
2023-01-04 17:44:53.007 DEBUG 3888 --- [kground-preinit] o.apache.tomcat.util.IntrospectionUtils  : IntrospectionUtils: setProperty(class org.apache.tomcat.util.modeler.ManagedBean description=An Authenticator and Valve implementation of HTTP DIGEST Authentication)
2023-01-04 17:44:53.007 DEBUG 3888 --- [kground-preinit] o.apache.tomcat.util.digester.Digester   : [SetPropertiesRule]{mbeans-descriptors/mbean} Setting property 'domain' to 'Catalina'
2023-01-04 17:44:53.008 DEBUG 3888 --- [kground-preinit] o.apache.tomcat.util.IntrospectionUtils  : IntrospectionUtils: setProperty(class org.apache.tomcat.util.modeler.ManagedBean domain=Catalina)
2023-01-04 17:44:53.008 DEBUG 3888 --- [kground-preinit] o.apache.tomcat.util.digester.Digester   : [SetPropertiesRule]{mbeans-descriptors/mbean} Setting property 'group' to 'Valve'
2023-01-04 17:44:53.008 DEBUG 3888 --- [kground-preinit] o.apache.tomcat.util.IntrospectionUtils  : IntrospectionUtils: setProperty(class org.apache.tomcat.util.modeler.ManagedBean group=Valve)
2023-01-04 17:44:53.010 DEBUG 3888 --- [kground-preinit] o.apache.tomcat.util.digester.Digester   : [SetPropertiesRule]{mbeans-descriptors/mbean} Setting property 'type' to 'org.apache.catalina.authenticator.DigestAuthenticator'
2023-01-04 17:44:53.014 DEBUG 3888 --- [kground-preinit] o.apache.tomcat.util.IntrospectionUtils  : IntrospectionUtils: setProperty(class org.apache.tomcat.util.modeler.ManagedBean type=org.apache.catalina.authenticator.DigestAuthenticator)
2023-01-04 17:44:53.015 DEBUG 3888 --- [kground-preinit] o.apache.tomcat.util.digester.Digester   :   Fire begin() for SetNextRule[methodName=add, paramType=java.lang.Object]
2023-01-04 17:44:53.015 DEBUG 3888 --- [kground-preinit] o.a.tomcat.util.digester.Digester.sax    : characters(

    )
2023-01-04 17:44:53.015 DEBUG 3888 --- [kground-preinit] o.a.tomcat.util.digester.Digester.sax    : startElement(,,attribute)
2023-01-04 17:44:53.015 DEBUG 3888 --- [kground-preinit] o.apache.tomcat.util.digester.Digester   :   New match='mbeans-descriptors/mbean/attribute'
2023-01-04 17:44:53.015 DEBUG 3888 --- [kground-preinit] o.apache.tomcat.util.digester.Digester   :   Fire begin() for ObjectCreateRule[className=org.apache.tomcat.util.modeler.AttributeInfo, attributeName=null]
2023-01-04 17:44:53.016 DEBUG 3888 --- [kground-preinit] o.apache.tomcat.util.digester.Digester   : [ObjectCreateRule]{mbeans-descriptors/mbean/attribute}New org.apache.tomcat.util.modeler.AttributeInfo
2023-01-04 17:44:53.017 DEBUG 3888 --- [kground-preinit] o.apache.tomcat.util.digester.Digester   :   Fire begin() for SetPropertiesRule[]
2023-01-04 17:44:53.017 DEBUG 3888 --- [kground-preinit] o.apache.tomcat.util.digester.Digester   : [SetPropertiesRule]{mbeans-descriptors/mbean/attribute} Set org.apache.tomcat.util.modeler.AttributeInfo properties
2023-01-04 17:44:53.018 DEBUG 3888 --- [kground-preinit] o.apache.tomcat.util.digester.Digester   : [SetPropertiesRule]{mbeans-descriptors/mbean/attribute} Setting property 'name' to 'alwaysUseSession'
2023-01-04 17:44:53.018 DEBUG 3888 --- [kground-preinit] o.apache.tomcat.util.IntrospectionUtils  : IntrospectionUtils: setProperty(class org.apache.tomcat.util.modeler.AttributeInfo name=alwaysUseSession)
2023-01-04 17:44:53.018 DEBUG 3888 --- [kground-preinit] o.apache.tomcat.util.digester.Digester   : [SetPropertiesRule]{mbeans-descriptors/mbean/attribute} Setting property 'description' to 'Should a session always be used once a user is authenticated?'
2023-01-04 17:44:53.018 DEBUG 3888 --- [kground-preinit] o.apache.tomcat.util.IntrospectionUtils  : IntrospectionUtils: setProperty(class org.apache.tomcat.util.modeler.AttributeInfo description=Should a session always be used once a user is authenticated?)
2023-01-04 17:44:53.018 DEBUG 3888 --- [kground-preinit] o.apache.tomcat.util.digester.Digester   : [SetPropertiesRule]{mbeans-descriptors/mbean/attribute} Setting property 'type' to 'boolean'
2023-01-04 17:44:53.018 DEBUG 3888 --- [kground-preinit] o.apache.tomcat.util.IntrospectionUtils  : IntrospectionUtils: setProperty(class org.apache.tomcat.util.modeler.AttributeInfo type=boolean)
2023-01-04 17:44:53.018 DEBUG 3888 --- [kground-preinit] o.apache.tomcat.util.digester.Digester   :   Fire begin() for SetNextRule[methodName=addAttribute, paramType=org.apache.tomcat.util.modeler.AttributeInfo]
2023-01-04 17:44:53.018 DEBUG 3888 --- [kground-preinit] o.a.tomcat.util.digester.Digester.sax    : endElement(,,attribute)
2023-01-04 17:44:53.018 DEBUG 3888 --- [kground-preinit] o.apache.tomcat.util.digester.Digester   :   match='mbeans-descriptors/mbean/attribute'
2023-01-04 17:44:53.018 DEBUG 3888 --- [kground-preinit] o.apache.tomcat.util.digester.Digester   :   bodyText=''
2023-01-04 17:44:53.019 DEBUG 3888 --- [kground-preinit] o.apache.tomcat.util.digester.Digester   :   Fire body() for ObjectCreateRule[className=org.apache.tomcat.util.modeler.AttributeInfo, attributeName=null]
2023-01-04 17:44:53.019 DEBUG 3888 --- [kground-preinit] o.apache.tomcat.util.digester.Digester   :   Fire body() for SetPropertiesRule[]
2023-01-04 17:44:53.019 DEBUG 3888 --- [kground-preinit] o.apache.tomcat.util.digester.Digester   :   Fire body() for SetNextRule[methodName=addAttribute, paramType=org.apache.tomcat.util.modeler.AttributeInfo]
2023-01-04 17:44:53.019 DEBUG 3888 --- [kground-preinit] o.apache.tomcat.util.digester.Digester   :   Fire end() for SetNextRule[methodName=addAttribute, paramType=org.apache.tomcat.util.modeler.AttributeInfo]
2023-01-04 17:44:53.019 DEBUG 3888 --- [kground-preinit] o.apache.tomcat.util.digester.Digester   : [SetNextRule]{mbeans-descriptors/mbean/attribute} Call org.apache.tomcat.util.modeler.ManagedBean.addAttribute(org.apache.tomcat.util.modeler.AttributeInfo@61317fa)
2023-01-04 17:44:53.019 DEBUG 3888 --- [kground-preinit] o.apache.tomcat.util.IntrospectionUtils  : IntrospectionUtils: callMethod1 org.apache.tomcat.util.modeler.ManagedBean org.apache.tomcat.util.modeler.AttributeInfo org.apache.tomcat.util.modeler.AttributeInfo
2023-01-04 17:44:53.020 DEBUG 3888 --- [kground-preinit] o.apache.tomcat.util.digester.Digester   :   Fire end() for SetPropertiesRule[]
2023-01-04 17:44:53.020 DEBUG 3888 --- [kground-preinit] o.apache.tomcat.util.digester.Digester   :   Fire end() for ObjectCreateRule[className=org.apache.tomcat.util.modeler.AttributeInfo, attributeName=null]
2023-01-04 17:44:53.020 DEBUG 3888 --- [kground-preinit] o.apache.tomcat.util.digester.Digester   : [ObjectCreateRule]{mbeans-descriptors/mbean/attribute} Pop org.apache.tomcat.util.modeler.AttributeInfo
2023-01-04 17:44:53.020 DEBUG 3888 --- [kground-preinit] o.a.tomcat.util.digester.Digester.sax    : characters(

    )
2023-01-04 17:44:53.020 DEBUG 3888 --- [kground-preinit] o.a.tomcat.util.digester.Digester.sax    : startElement(,,attribute)
2023-01-04 17:44:53.020 DEBUG 3888 --- [kground-preinit] o.apache.tomcat.util.digester.Digester   :   New match='mbeans-descriptors/mbean/attribute'
2023-01-04 17:44:53.020 DEBUG 3888 --- [kground-preinit] o.apache.tomcat.util.digester.Digester   :   Fire begin() for ObjectCreateRule[className=org.apache.tomcat.util.modeler.AttributeInfo, attributeName=null]
2023-01-04 17:44:53.020 DEBUG 3888 --- [kground-preinit] o.apache.tomcat.util.digester.Digester   : [ObjectCreateRule]{mbeans-descriptors/mbean/attribute}New org.apache.tomcat.util.modeler.AttributeInfo
2023-01-04 17:44:53.021 DEBUG 3888 --- [kground-preinit] o.apache.tomcat.util.digester.Digester   :   Fire begin() for SetPropertiesRule[]
2023-01-04 17:44:53.021 DEBUG 3888 --- [kground-preinit] o.apache.tomcat.util.digester.Digester   : [SetPropertiesRule]{mbeans-descriptors/mbean/attribute} Set org.apache.tomcat.util.modeler.AttributeInfo properties
2023-01-04 17:44:53.021 DEBUG 3888 --- [kground-preinit] o.apache.tomcat.util.digester.Digester   : [SetPropertiesRule]{mbeans-descriptors/mbean/attribute} Setting property 'name' to 'cache'
2023-01-04 17:44:53.021 DEBUG 3888 --- [kground-preinit] o.apache.tomcat.util.IntrospectionUtils  : IntrospectionUtils: setProperty(class org.apache.tomcat.util.modeler.AttributeInfo name=cache)
2023-01-04 17:44:53.021 DEBUG 3888 --- [kground-preinit] o.apache.tomcat.util.digester.Digester   : [SetPropertiesRule]{mbeans-descriptors/mbean/attribute} Setting property 'description' to 'Should we cache authenticated Principals if the request is part of an HTTP session?'
2023-01-04 17:44:53.021 DEBUG 3888 --- [kground-preinit] o.apache.tomcat.util.IntrospectionUtils  : IntrospectionUtils: setProperty(class org.apache.tomcat.util.modeler.AttributeInfo description=Should we cache authenticated Principals if the request is part of an HTTP session?)
2023-01-04 17:44:53.022 DEBUG 3888 --- [kground-preinit] o.apache.tomcat.util.digester.Digester   : [SetPropertiesRule]{mbeans-descriptors/mbean/attribute} Setting property 'type' to 'boolean'
2023-01-04 17:44:53.022 DEBUG 3888 --- [kground-preinit] o.apache.tomcat.util.IntrospectionUtils  : IntrospectionUtils: setProperty(class org.apache.tomcat.util.modeler.AttributeInfo type=boolean)
2023-01-04 17:44:53.022 DEBUG 3888 --- [kground-preinit] o.apache.tomcat.util.digester.Digester   :   Fire begin() for SetNextRule[methodName=addAttribute, paramType=org.apache.tomcat.util.modeler.AttributeInfo]
2023-01-04 17:44:53.022 DEBUG 3888 --- [kground-preinit] o.a.tomcat.util.digester.Digester.sax    : endElement(,,attribute)
2023-01-04 17:44:53.022 DEBUG 3888 --- [kground-preinit] o.apache.tomcat.util.digester.Digester   :   match='mbeans-descriptors/mbean/attribute'
2023-01-04 17:44:53.022 DEBUG 3888 --- [kground-preinit] o.apache.tomcat.util.digester.Digester   :   bodyText=''
2023-01-04 17:44:53.022 DEBUG 3888 --- [kground-preinit] o.apache.tomcat.util.digester.Digester   :   Fire body() for ObjectCreateRule[className=org.apache.tomcat.util.modeler.AttributeInfo, attributeName=null]
2023-01-04 17:44:53.023 DEBUG 3888 --- [kground-preinit] o.apache.tomcat.util.digester.Digester   :   Fire body() for SetPropertiesRule[]
2023-01-04 17:44:53.023 DEBUG 3888 --- [kground-preinit] o.apache.tomcat.util.digester.Digester   :   Fire body() for SetNextRule[methodName=addAttribute, paramType=org.apache.tomcat.util.modeler.AttributeInfo]
2023-01-04 17:44:53.023 DEBUG 3888 --- [kground-preinit] o.apache.tomcat.util.digester.Digester   :   Fire end() for SetNextRule[methodName=addAttribute, paramType=org.apache.tomcat.util.modeler.AttributeInfo]
2023-01-04 17:44:53.023 DEBUG 3888 --- [kground-preinit] o.apache.tomcat.util.digester.Digester   : [SetNextRule]{mbeans-descriptors/mbean/attribute} Call org.apache.tomcat.util.modeler.ManagedBean.addAttribute(org.apache.tomcat.util.modeler.AttributeInfo@6fe7e909)
2023-01-04 17:44:53.023 DEBUG 3888 --- [kground-preinit] o.apache.tomcat.util.IntrospectionUtils  : IntrospectionUtils: callMethod1 org.apache.tomcat.util.modeler.ManagedBean org.apache.tomcat.util.modeler.AttributeInfo org.apache.tomcat.util.modeler.AttributeInfo
2023-01-04 17:44:53.023 DEBUG 3888 --- [kground-preinit] o.apache.tomcat.util.digester.Digester   :   Fire end() for SetPropertiesRule[]
2023-01-04 17:44:53.024 DEBUG 3888 --- [kground-preinit] o.apache.tomcat.util.digester.Digester   :   Fire end() for ObjectCreateRule[className=org.apache.tomcat.util.modeler.AttributeInfo, attributeName=null]
2023-01-04 17:44:53.025 DEBUG 3888 --- [kground-preinit] o.apache.tomcat.util.digester.Digester   : [ObjectCreateRule]{mbeans-descriptors/mbean/attribute} Pop org.apache.tomcat.util.modeler.AttributeInfo
2023-01-04 17:44:53.027 DEBUG 3888 --- [kground-preinit] o.a.tomcat.util.digester.Digester.sax    : characters(

    )
2023-01-04 17:44:53.027 DEBUG 3888 --- [kground-preinit] o.a.tomcat.util.digester.Digester.sax    : startElement(,,attribute)
2023-01-04 17:44:53.027 DEBUG 3888 --- [kground-preinit] o.apache.tomcat.util.digester.Digester   :   New match='mbeans-descriptors/mbean/attribute'
2023-01-04 17:44:53.027 DEBUG 3888 --- [kground-preinit] o.apache.tomcat.util.digester.Digester   :   Fire begin() for ObjectCreateRule[className=org.apache.tomcat.util.modeler.AttributeInfo, attributeName=null]
2023-01-04 17:44:53.028 DEBUG 3888 --- [kground-preinit] o.apache.tomcat.util.digester.Digester   : [ObjectCreateRule]{mbeans-descriptors/mbean/attribute}New org.apache.tomcat.util.modeler.AttributeInfo
2023-01-04 17:44:53.028 DEBUG 3888 --- [kground-preinit] o.apache.tomcat.util.digester.Digester   :   Fire begin() for SetPropertiesRule[]
2023-01-04 17:44:53.028 DEBUG 3888 --- [kground-preinit] o.apache.tomcat.util.digester.Digester   : [SetPropertiesRule]{mbeans-descriptors/mbean/attribute} Set org.apache.tomcat.util.modeler.AttributeInfo properties
2023-01-04 17:44:53.028 DEBUG 3888 --- [kground-preinit] o.apache.tomcat.util.digester.Digester   : [SetPropertiesRule]{mbeans-descriptors/mbean/attribute} Setting property 'name' to 'changeSessionIdOnAuthentication'
2023-01-04 17:44:53.028 DEBUG 3888 --- [kground-preinit] o.apache.tomcat.util.IntrospectionUtils  : IntrospectionUtils: setProperty(class org.apache.tomcat.util.modeler.AttributeInfo name=changeSessionIdOnAuthentication)
2023-01-04 17:44:53.028 DEBUG 3888 --- [kground-preinit] o.apache.tomcat.util.digester.Digester   : [SetPropertiesRule]{mbeans-descriptors/mbean/attribute} Setting property 'description' to 'Controls if the session ID is changed if a session exists at the point where users are authenticated'
2023-01-04 17:44:53.028 DEBUG 3888 --- [kground-preinit] o.apache.tomcat.util.IntrospectionUtils  : IntrospectionUtils: setProperty(class org.apache.tomcat.util.modeler.AttributeInfo description=Controls if the session ID is changed if a session exists at the point where users are authenticated)
2023-01-04 17:44:53.028 DEBUG 3888 --- [kground-preinit] o.apache.tomcat.util.digester.Digester   : [SetPropertiesRule]{mbeans-descriptors/mbean/attribute} Setting property 'type' to 'boolean'
2023-01-04 17:44:53.029 DEBUG 3888 --- [kground-preinit] o.apache.tomcat.util.IntrospectionUtils  : IntrospectionUtils: setProperty(class org.apache.tomcat.util.modeler.AttributeInfo type=boolean)
2023-01-04 17:44:53.029 DEBUG 3888 --- [kground-preinit] o.apache.tomcat.util.digester.Digester   :   Fire begin() for SetNextRule[methodName=addAttribute, paramType=org.apache.tomcat.util.modeler.AttributeInfo]
2023-01-04 17:44:53.029 DEBUG 3888 --- [kground-preinit] o.a.tomcat.util.digester.Digester.sax    : endElement(,,attribute)
2023-01-04 17:44:53.029 DEBUG 3888 --- [kground-preinit] o.apache.tomcat.util.digester.Digester   :   match='mbeans-descriptors/mbean/attribute'
2023-01-04 17:44:53.029 DEBUG 3888 --- [kground-preinit] o.apache.tomcat.util.digester.Digester   :   bodyText=''
2023-01-04 17:44:53.029 DEBUG 3888 --- [kground-preinit] o.apache.tomcat.util.digester.Digester   :   Fire body() for ObjectCreateRule[className=org.apache.tomcat.util.modeler.AttributeInfo, attributeName=null]
2023-01-04 17:44:53.029 DEBUG 3888 --- [kground-preinit] o.apache.tomcat.util.digester.Digester   :   Fire body() for SetPropertiesRule[]
2023-01-04 17:44:53.029 DEBUG 3888 --- [kground-preinit] o.apache.tomcat.util.digester.Digester   :   Fire body() for SetNextRule[methodName=addAttribute, paramType=org.apache.tomcat.util.modeler.AttributeInfo]
2023-01-04 17:44:53.030 DEBUG 3888 --- [kground-preinit] o.apache.tomcat.util.digester.Digester   :   Fire end() for SetNextRule[methodName=addAttribute, paramType=org.apache.tomcat.util.modeler.AttributeInfo]
2023-01-04 17:44:53.030 DEBUG 3888 --- [kground-preinit] o.apache.tomcat.util.digester.Digester   : [SetNextRule]{mbeans-descriptors/mbean/attribute} Call org.apache.tomcat.util.modeler.ManagedBean.addAttribute(org.apache.tomcat.util.modeler.AttributeInfo@54c2fcd)
2023-01-04 17:44:53.030 DEBUG 3888 --- [kground-preinit] o.apache.tomcat.util.IntrospectionUtils  : IntrospectionUtils: callMethod1 org.apache.tomcat.util.modeler.ManagedBean org.apache.tomcat.util.modeler.AttributeInfo org.apache.tomcat.util.modeler.AttributeInfo
2023-01-04 17:44:53.030 DEBUG 3888 --- [kground-preinit] o.apache.tomcat.util.digester.Digester   :   Fire end() for SetPropertiesRule[]
2023-01-04 17:44:53.030 DEBUG 3888 --- [kground-preinit] o.apache.tomcat.util.digester.Digester   :   Fire end() for ObjectCreateRule[className=org.apache.tomcat.util.modeler.AttributeInfo, attributeName=null]
2023-01-04 17:44:53.030 DEBUG 3888 --- [kground-preinit] o.apache.tomcat.util.digester.Digester   : [ObjectCreateRule]{mbeans-descriptors/mbean/attribute} Pop org.apache.tomcat.util.modeler.AttributeInfo
2023-01-04 17:44:53.030 DEBUG 3888 --- [kground-preinit] o.a.tomcat.util.digester.Digester.sax    : characters(

    )
2023-01-04 17:44:53.031 DEBUG 3888 --- [kground-preinit] o.a.tomcat.util.digester.Digester.sax    : startElement(,,attribute)
2023-01-04 17:44:53.031 DEBUG 3888 --- [kground-preinit] o.apache.tomcat.util.digester.Digester   :   New match='mbeans-descriptors/mbean/attribute'
2023-01-04 17:44:53.031 DEBUG 3888 --- [kground-preinit] o.apache.tomcat.util.digester.Digester   :   Fire begin() for ObjectCreateRule[className=org.apache.tomcat.util.modeler.AttributeInfo, attributeName=null]
2023-01-04 17:44:53.031 DEBUG 3888 --- [kground-preinit] o.apache.tomcat.util.digester.Digester   : [ObjectCreateRule]{mbeans-descriptors/mbean/attribute}New org.apache.tomcat.util.modeler.AttributeInfo
2023-01-04 17:44:53.031 DEBUG 3888 --- [kground-preinit] o.apache.tomcat.util.digester.Digester   :   Fire begin() for SetPropertiesRule[]
2023-01-04 17:44:53.036 DEBUG 3888 --- [kground-preinit] o.apache.tomcat.util.digester.Digester   : [SetPropertiesRule]{mbeans-descriptors/mbean/attribute} Set org.apache.tomcat.util.modeler.AttributeInfo properties
2023-01-04 17:44:53.037 DEBUG 3888 --- [kground-preinit] o.apache.tomcat.util.digester.Digester   : [SetPropertiesRule]{mbeans-descriptors/mbean/attribute} Setting property 'name' to 'className'
2023-01-04 17:44:53.037 DEBUG 3888 --- [kground-preinit] o.apache.tomcat.util.IntrospectionUtils  : IntrospectionUtils: setProperty(class org.apache.tomcat.util.modeler.AttributeInfo name=className)
2023-01-04 17:44:53.037 DEBUG 3888 --- [kground-preinit] o.apache.tomcat.util.digester.Digester   : [SetPropertiesRule]{mbeans-descriptors/mbean/attribute} Setting property 'description' to 'Fully qualified class name of the managed object'
2023-01-04 17:44:53.037 DEBUG 3888 --- [kground-preinit] o.apache.tomcat.util.IntrospectionUtils  : IntrospectionUtils: setProperty(class org.apache.tomcat.util.modeler.AttributeInfo description=Fully qualified class name of the managed object)
2023-01-04 17:44:53.038 DEBUG 3888 --- [kground-preinit] o.apache.tomcat.util.digester.Digester   : [SetPropertiesRule]{mbeans-descriptors/mbean/attribute} Setting property 'type' to 'java.lang.String'
2023-01-04 17:44:53.038 DEBUG 3888 --- [kground-preinit] o.apache.tomcat.util.IntrospectionUtils  : IntrospectionUtils: setProperty(class org.apache.tomcat.util.modeler.AttributeInfo type=java.lang.String)
2023-01-04 17:44:53.038 DEBUG 3888 --- [kground-preinit] o.apache.tomcat.util.digester.Digester   : [SetPropertiesRule]{mbeans-descriptors/mbean/attribute} Setting property 'writeable' to 'false'
2023-01-04 17:44:53.038 DEBUG 3888 --- [kground-preinit] o.apache.tomcat.util.IntrospectionUtils  : IntrospectionUtils: setProperty(class org.apache.tomcat.util.modeler.AttributeInfo writeable=false)
2023-01-04 17:44:53.039 DEBUG 3888 --- [kground-preinit] o.apache.tomcat.util.digester.Digester   :   Fire begin() for SetNextRule[methodName=addAttribute, paramType=org.apache.tomcat.util.modeler.AttributeInfo]
2023-01-04 17:44:53.039 DEBUG 3888 --- [kground-preinit] o.a.tomcat.util.digester.Digester.sax    : endElement(,,attribute)
2023-01-04 17:44:53.039 DEBUG 3888 --- [kground-preinit] o.apache.tomcat.util.digester.Digester   :   match='mbeans-descriptors/mbean/attribute'
2023-01-04 17:44:53.039 DEBUG 3888 --- [kground-preinit] o.apache.tomcat.util.digester.Digester   :   bodyText=''
2023-01-04 17:44:53.039 DEBUG 3888 --- [kground-preinit] o.apache.tomcat.util.digester.Digester   :   Fire body() for ObjectCreateRule[className=org.apache.tomcat.util.modeler.AttributeInfo, attributeName=null]
2023-01-04 17:44:53.040 DEBUG 3888 --- [kground-preinit] o.apache.tomcat.util.digester.Digester   :   Fire body() for SetPropertiesRule[]
2023-01-04 17:44:53.040 DEBUG 3888 --- [kground-preinit] o.apache.tomcat.util.digester.Digester   :   Fire body() for SetNextRule[methodName=addAttribute, paramType=org.apache.tomcat.util.modeler.AttributeInfo]
2023-01-04 17:44:53.040 DEBUG 3888 --- [kground-preinit] o.apache.tomcat.util.digester.Digester   :   Fire end() for SetNextRule[methodName=addAttribute, paramType=org.apache.tomcat.util.modeler.AttributeInfo]
2023-01-04 17:44:53.040 DEBUG 3888 --- [kground-preinit] o.apache.tomcat.util.digester.Digester   : [SetNextRule]{mbeans-descriptors/mbean/attribute} Call org.apache.tomcat.util.modeler.ManagedBean.addAttribute(org.apache.tomcat.util.modeler.AttributeInfo@701908bd)
2023-01-04 17:44:53.041 DEBUG 3888 --- [kground-preinit] o.apache.tomcat.util.IntrospectionUtils  : IntrospectionUtils: callMethod1 org.apache.tomcat.util.modeler.ManagedBean org.apache.tomcat.util.modeler.AttributeInfo org.apache.tomcat.util.modeler.AttributeInfo
2023-01-04 17:44:53.041 DEBUG 3888 --- [kground-preinit] o.apache.tomcat.util.digester.Digester   :   Fire end() for SetPropertiesRule[]
2023-01-04 17:44:53.041 DEBUG 3888 --- [kground-preinit] o.apache.tomcat.util.digester.Digester   :   Fire end() for ObjectCreateRule[className=org.apache.tomcat.util.modeler.AttributeInfo, attributeName=null]
2023-01-04 17:44:53.041 DEBUG 3888 --- [kground-preinit] o.apache.tomcat.util.digester.Digester   : [ObjectCreateRule]{mbeans-descriptors/mbean/attribute} Pop org.apache.tomcat.util.modeler.AttributeInfo
2023-01-04 17:44:53.041 DEBUG 3888 --- [kground-preinit] o.a.tomcat.util.digester.Digester.sax    : characters(

    )
2023-01-04 17:44:53.042 DEBUG 3888 --- [kground-preinit] o.a.tomcat.util.digester.Digester.sax    : startElement(,,attribute)
2023-01-04 17:44:53.042 DEBUG 3888 --- [kground-preinit] o.apache.tomcat.util.digester.Digester   :   New match='mbeans-descriptors/mbean/attribute'
2023-01-04 17:44:53.044 DEBUG 3888 --- [kground-preinit] o.apache.tomcat.util.digester.Digester   :   Fire begin() for ObjectCreateRule[className=org.apache.tomcat.util.modeler.AttributeInfo, attributeName=null]
2023-01-04 17:44:53.045 DEBUG 3888 --- [kground-preinit] o.apache.tomcat.util.digester.Digester   : [ObjectCreateRule]{mbeans-descriptors/mbean/attribute}New org.apache.tomcat.util.modeler.AttributeInfo
2023-01-04 17:44:53.045 DEBUG 3888 --- [kground-preinit] o.apache.tomcat.util.digester.Digester   :   Fire begin() for SetPropertiesRule[]
2023-01-04 17:44:53.045 DEBUG 3888 --- [kground-preinit] o.apache.tomcat.util.digester.Digester   : [SetPropertiesRule]{mbeans-descriptors/mbean/attribute} Set org.apache.tomcat.util.modeler.AttributeInfo properties
2023-01-04 17:44:53.045 DEBUG 3888 --- [kground-preinit] o.apache.tomcat.util.digester.Digester   : [SetPropertiesRule]{mbeans-descriptors/mbean/attribute} Setting property 'name' to 'cnonceCacheSize'
2023-01-04 17:44:53.046 DEBUG 3888 --- [kground-preinit] o.apache.tomcat.util.IntrospectionUtils  : IntrospectionUtils: setProperty(class org.apache.tomcat.util.modeler.AttributeInfo name=cnonceCacheSize)
2023-01-04 17:44:53.046 DEBUG 3888 --- [kground-preinit] o.apache.tomcat.util.digester.Digester   : [SetPropertiesRule]{mbeans-descriptors/mbean/attribute} Setting property 'description' to 'The size of the cnonce cache used to prevent replay attacks'
2023-01-04 17:44:53.046 DEBUG 3888 --- [kground-preinit] o.apache.tomcat.util.IntrospectionUtils  : IntrospectionUtils: setProperty(class org.apache.tomcat.util.modeler.AttributeInfo description=The size of the cnonce cache used to prevent replay attacks)
2023-01-04 17:44:53.046 DEBUG 3888 --- [kground-preinit] o.apache.tomcat.util.digester.Digester   : [SetPropertiesRule]{mbeans-descriptors/mbean/attribute} Setting property 'type' to 'int'
2023-01-04 17:44:53.046 DEBUG 3888 --- [kground-preinit] o.apache.tomcat.util.IntrospectionUtils  : IntrospectionUtils: setProperty(class org.apache.tomcat.util.modeler.AttributeInfo type=int)
2023-01-04 17:44:53.046 DEBUG 3888 --- [kground-preinit] o.apache.tomcat.util.digester.Digester   :   Fire begin() for SetNextRule[methodName=addAttribute, paramType=org.apache.tomcat.util.modeler.AttributeInfo]
2023-01-04 17:44:53.046 DEBUG 3888 --- [kground-preinit] o.a.tomcat.util.digester.Digester.sax    : endElement(,,attribute)
2023-01-04 17:44:53.046 DEBUG 3888 --- [kground-preinit] o.apache.tomcat.util.digester.Digester   :   match='mbeans-descriptors/mbean/attribute'
2023-01-04 17:44:53.046 DEBUG 3888 --- [kground-preinit] o.apache.tomcat.util.digester.Digester   :   bodyText=''
2023-01-04 17:44:53.046 DEBUG 3888 --- [kground-preinit] o.apache.tomcat.util.digester.Digester   :   Fire body() for ObjectCreateRule[className=org.apache.tomcat.util.modeler.AttributeInfo, attributeName=null]
2023-01-04 17:44:53.046 DEBUG 3888 --- [kground-preinit] o.apache.tomcat.util.digester.Digester   :   Fire body() for SetPropertiesRule[]
2023-01-04 17:44:53.061 DEBUG 3888 --- [kground-preinit] o.apache.tomcat.util.digester.Digester   :   Fire body() for SetNextRule[methodName=addAttribute, paramType=org.apache.tomcat.util.modeler.AttributeInfo]
2023-01-04 17:44:53.062 DEBUG 3888 --- [kground-preinit] o.apache.tomcat.util.digester.Digester   :   Fire end() for SetNextRule[methodName=addAttribute, paramType=org.apache.tomcat.util.modeler.AttributeInfo]
2023-01-04 17:44:53.063 DEBUG 3888 --- [kground-preinit] o.apache.tomcat.util.digester.Digester   : [SetNextRule]{mbeans-descriptors/mbean/attribute} Call org.apache.tomcat.util.modeler.ManagedBean.addAttribute(org.apache.tomcat.util.modeler.AttributeInfo@6e2b7d83)
2023-01-04 17:44:53.063 DEBUG 3888 --- [kground-preinit] o.apache.tomcat.util.IntrospectionUtils  : IntrospectionUtils: callMethod1 org.apache.tomcat.util.modeler.ManagedBean org.apache.tomcat.util.modeler.AttributeInfo org.apache.tomcat.util.modeler.AttributeInfo
2023-01-04 17:44:53.065 DEBUG 3888 --- [kground-preinit] o.apache.tomcat.util.digester.Digester   :   Fire end() for SetPropertiesRule[]
2023-01-04 17:44:53.065 DEBUG 3888 --- [kground-preinit] o.apache.tomcat.util.digester.Digester   :   Fire end() for ObjectCreateRule[className=org.apache.tomcat.util.modeler.AttributeInfo, attributeName=null]
2023-01-04 17:44:53.065 DEBUG 3888 --- [kground-preinit] o.apache.tomcat.util.digester.Digester   : [ObjectCreateRule]{mbeans-descriptors/mbean/attribute} Pop org.apache.tomcat.util.modeler.AttributeInfo
2023-01-04 17:44:53.065 DEBUG 3888 --- [kground-preinit] o.a.tomcat.util.digester.Digester.sax    : characters(

    )
2023-01-04 17:44:53.066 DEBUG 3888 --- [kground-preinit] o.a.tomcat.util.digester.Digester.sax    : startElement(,,attribute)
2023-01-04 17:44:53.068 DEBUG 3888 --- [kground-preinit] o.apache.tomcat.util.digester.Digester   :   New match='mbeans-descriptors/mbean/attribute'
2023-01-04 17:44:53.068 DEBUG 3888 --- [kground-preinit] o.apache.tomcat.util.digester.Digester   :   Fire begin() for ObjectCreateRule[className=org.apache.tomcat.util.modeler.AttributeInfo, attributeName=null]
2023-01-04 17:44:53.068 DEBUG 3888 --- [kground-preinit] o.apache.tomcat.util.digester.Digester   : [ObjectCreateRule]{mbeans-descriptors/mbean/attribute}New org.apache.tomcat.util.modeler.AttributeInfo
2023-01-04 17:44:53.069 DEBUG 3888 --- [kground-preinit] o.apache.tomcat.util.digester.Digester   :   Fire begin() for SetPropertiesRule[]
2023-01-04 17:44:53.070 DEBUG 3888 --- [kground-preinit] o.apache.tomcat.util.digester.Digester   : [SetPropertiesRule]{mbeans-descriptors/mbean/attribute} Set org.apache.tomcat.util.modeler.AttributeInfo properties
2023-01-04 17:44:53.070 DEBUG 3888 --- [kground-preinit] o.apache.tomcat.util.digester.Digester   : [SetPropertiesRule]{mbeans-descriptors/mbean/attribute} Setting property 'name' to 'disableProxyCaching'
2023-01-04 17:44:53.070 DEBUG 3888 --- [kground-preinit] o.apache.tomcat.util.IntrospectionUtils  : IntrospectionUtils: setProperty(class org.apache.tomcat.util.modeler.AttributeInfo name=disableProxyCaching)
2023-01-04 17:44:53.071 DEBUG 3888 --- [kground-preinit] o.apache.tomcat.util.digester.Digester   : [SetPropertiesRule]{mbeans-descriptors/mbean/attribute} Setting property 'description' to 'Controls the caching of pages that are protected by security constraints'
2023-01-04 17:44:53.071 DEBUG 3888 --- [kground-preinit] o.apache.tomcat.util.IntrospectionUtils  : IntrospectionUtils: setProperty(class org.apache.tomcat.util.modeler.AttributeInfo description=Controls the caching of pages that are protected by security constraints)
2023-01-04 17:44:53.071 DEBUG 3888 --- [kground-preinit] o.apache.tomcat.util.digester.Digester   : [SetPropertiesRule]{mbeans-descriptors/mbean/attribute} Setting property 'type' to 'boolean'
2023-01-04 17:44:53.071 DEBUG 3888 --- [kground-preinit] o.apache.tomcat.util.IntrospectionUtils  : IntrospectionUtils: setProperty(class org.apache.tomcat.util.modeler.AttributeInfo type=boolean)
2023-01-04 17:44:53.071 DEBUG 3888 --- [kground-preinit] o.apache.tomcat.util.digester.Digester   :   Fire begin() for SetNextRule[methodName=addAttribute, paramType=org.apache.tomcat.util.modeler.AttributeInfo]
2023-01-04 17:44:53.071 DEBUG 3888 --- [kground-preinit] o.a.tomcat.util.digester.Digester.sax    : endElement(,,attribute)
2023-01-04 17:44:53.072 DEBUG 3888 --- [kground-preinit] o.apache.tomcat.util.digester.Digester   :   match='mbeans-descriptors/mbean/attribute'
2023-01-04 17:44:53.072 DEBUG 3888 --- [kground-preinit] o.apache.tomcat.util.digester.Digester   :   bodyText=''
2023-01-04 17:44:53.072 DEBUG 3888 --- [kground-preinit] o.apache.tomcat.util.digester.Digester   :   Fire body() for ObjectCreateRule[className=org.apache.tomcat.util.modeler.AttributeInfo, attributeName=null]
2023-01-04 17:44:53.072 DEBUG 3888 --- [kground-preinit] o.apache.tomcat.util.digester.Digester   :   Fire body() for SetPropertiesRule[]
2023-01-04 17:44:53.072 DEBUG 3888 --- [kground-preinit] o.apache.tomcat.util.digester.Digester   :   Fire body() for SetNextRule[methodName=addAttribute, paramType=org.apache.tomcat.util.modeler.AttributeInfo]
2023-01-04 17:44:53.072 DEBUG 3888 --- [kground-preinit] o.apache.tomcat.util.digester.Digester   :   Fire end() for SetNextRule[methodName=addAttribute, paramType=org.apache.tomcat.util.modeler.AttributeInfo]
2023-01-04 17:44:53.072 DEBUG 3888 --- [kground-preinit] o.apache.tomcat.util.digester.Digester   : [SetNextRule]{mbeans-descriptors/mbean/attribute} Call org.apache.tomcat.util.modeler.ManagedBean.addAttribute(org.apache.tomcat.util.modeler.AttributeInfo@62e6aba3)
2023-01-04 17:44:53.072 DEBUG 3888 --- [kground-preinit] o.apache.tomcat.util.IntrospectionUtils  : IntrospectionUtils: callMethod1 org.apache.tomcat.util.modeler.ManagedBean org.apache.tomcat.util.modeler.AttributeInfo org.apache.tomcat.util.modeler.AttributeInfo
2023-01-04 17:44:53.073 DEBUG 3888 --- [kground-preinit] o.apache.tomcat.util.digester.Digester   :   Fire end() for SetPropertiesRule[]
2023-01-04 17:44:53.073 DEBUG 3888 --- [kground-preinit] o.apache.tomcat.util.digester.Digester   :   Fire end() for ObjectCreateRule[className=org.apache.tomcat.util.modeler.AttributeInfo, attributeName=null]
2023-01-04 17:44:53.073 DEBUG 3888 --- [kground-preinit] o.apache.tomcat.util.digester.Digester   : [ObjectCreateRule]{mbeans-descriptors/mbean/attribute} Pop org.apache.tomcat.util.modeler.AttributeInfo
2023-01-04 17:44:53.073 DEBUG 3888 --- [kground-preinit] o.a.tomcat.util.digester.Digester.sax    : characters(

    )
2023-01-04 17:44:53.074 DEBUG 3888 --- [kground-preinit] o.a.tomcat.util.digester.Digester.sax    : startElement(,,attribute)
2023-01-04 17:44:53.074 DEBUG 3888 --- [kground-preinit] o.apache.tomcat.util.digester.Digester   :   New match='mbeans-descriptors/mbean/attribute'
2023-01-04 17:44:53.074 DEBUG 3888 --- [kground-preinit] o.apache.tomcat.util.digester.Digester   :   Fire begin() for ObjectCreateRule[className=org.apache.tomcat.util.modeler.AttributeInfo, attributeName=null]
2023-01-04 17:44:53.074 DEBUG 3888 --- [kground-preinit] o.apache.tomcat.util.digester.Digester   : [ObjectCreateRule]{mbeans-descriptors/mbean/attribute}New org.apache.tomcat.util.modeler.AttributeInfo
2023-01-04 17:44:53.074 DEBUG 3888 --- [kground-preinit] o.apache.tomcat.util.digester.Digester   :   Fire begin() for SetPropertiesRule[]
2023-01-04 17:44:53.074 DEBUG 3888 --- [kground-preinit] o.apache.tomcat.util.digester.Digester   : [SetPropertiesRule]{mbeans-descriptors/mbean/attribute} Set org.apache.tomcat.util.modeler.AttributeInfo properties
2023-01-04 17:44:53.075 DEBUG 3888 --- [kground-preinit] o.apache.tomcat.util.digester.Digester   : [SetPropertiesRule]{mbeans-descriptors/mbean/attribute} Setting property 'name' to 'key'
2023-01-04 17:44:53.075 DEBUG 3888 --- [kground-preinit] o.apache.tomcat.util.IntrospectionUtils  : IntrospectionUtils: setProperty(class org.apache.tomcat.util.modeler.AttributeInfo name=key)
2023-01-04 17:44:53.075 DEBUG 3888 --- [kground-preinit] o.apache.tomcat.util.digester.Digester   : [SetPropertiesRule]{mbeans-descriptors/mbean/attribute} Setting property 'description' to 'The secret key used by digest authentication'
2023-01-04 17:44:53.075 DEBUG 3888 --- [kground-preinit] o.apache.tomcat.util.IntrospectionUtils  : IntrospectionUtils: setProperty(class org.apache.tomcat.util.modeler.AttributeInfo description=The secret key used by digest authentication)
2023-01-04 17:44:53.075 DEBUG 3888 --- [kground-preinit] o.apache.tomcat.util.digester.Digester   : [SetPropertiesRule]{mbeans-descriptors/mbean/attribute} Setting property 'type' to 'java.lang.String'
2023-01-04 17:44:53.075 DEBUG 3888 --- [kground-preinit] o.apache.tomcat.util.IntrospectionUtils  : IntrospectionUtils: setProperty(class org.apache.tomcat.util.modeler.AttributeInfo type=java.lang.String)
2023-01-04 17:44:53.075 DEBUG 3888 --- [kground-preinit] o.apache.tomcat.util.digester.Digester   :   Fire begin() for SetNextRule[methodName=addAttribute, paramType=org.apache.tomcat.util.modeler.AttributeInfo]
2023-01-04 17:44:53.075 DEBUG 3888 --- [kground-preinit] o.a.tomcat.util.digester.Digester.sax    : endElement(,,attribute)
2023-01-04 17:44:53.075 DEBUG 3888 --- [kground-preinit] o.apache.tomcat.util.digester.Digester   :   match='mbeans-descriptors/mbean/attribute'
2023-01-04 17:44:53.075 DEBUG 3888 --- [kground-preinit] o.apache.tomcat.util.digester.Digester   :   bodyText=''
2023-01-04 17:44:53.075 DEBUG 3888 --- [kground-preinit] o.apache.tomcat.util.digester.Digester   :   Fire body() for ObjectCreateRule[className=org.apache.tomcat.util.modeler.AttributeInfo, attributeName=null]
2023-01-04 17:44:53.075 DEBUG 3888 --- [kground-preinit] o.apache.tomcat.util.digester.Digester   :   Fire body() for SetPropertiesRule[]
2023-01-04 17:44:53.076 DEBUG 3888 --- [kground-preinit] o.apache.tomcat.util.digester.Digester   :   Fire body() for SetNextRule[methodName=addAttribute, paramType=org.apache.tomcat.util.modeler.AttributeInfo]
2023-01-04 17:44:53.076 DEBUG 3888 --- [kground-preinit] o.apache.tomcat.util.digester.Digester   :   Fire end() for SetNextRule[methodName=addAttribute, paramType=org.apache.tomcat.util.modeler.AttributeInfo]
2023-01-04 17:44:53.076 DEBUG 3888 --- [kground-preinit] o.apache.tomcat.util.digester.Digester   : [SetNextRule]{mbeans-descriptors/mbean/attribute} Call org.apache.tomcat.util.modeler.ManagedBean.addAttribute(org.apache.tomcat.util.modeler.AttributeInfo@87a08c)
2023-01-04 17:44:53.076 DEBUG 3888 --- [kground-preinit] o.apache.tomcat.util.IntrospectionUtils  : IntrospectionUtils: callMethod1 org.apache.tomcat.util.modeler.ManagedBean org.apache.tomcat.util.modeler.AttributeInfo org.apache.tomcat.util.modeler.AttributeInfo
2023-01-04 17:44:53.076 DEBUG 3888 --- [kground-preinit] o.apache.tomcat.util.digester.Digester   :   Fire end() for SetPropertiesRule[]
2023-01-04 17:44:53.076 DEBUG 3888 --- [kground-preinit] o.apache.tomcat.util.digester.Digester   :   Fire end() for ObjectCreateRule[className=org.apache.tomcat.util.modeler.AttributeInfo, attributeName=null]
2023-01-04 17:44:53.076 DEBUG 3888 --- [kground-preinit] o.apache.tomcat.util.digester.Digester   : [ObjectCreateRule]{mbeans-descriptors/mbean/attribute} Pop org.apache.tomcat.util.modeler.AttributeInfo
2023-01-04 17:44:53.076 DEBUG 3888 --- [kground-preinit] o.a.tomcat.util.digester.Digester.sax    : characters(

    )
2023-01-04 17:44:53.076 DEBUG 3888 --- [kground-preinit] o.a.tomcat.util.digester.Digester.sax    : startElement(,,attribute)
2023-01-04 17:44:53.076 DEBUG 3888 --- [kground-preinit] o.apache.tomcat.util.digester.Digester   :   New match='mbeans-descriptors/mbean/attribute'
2023-01-04 17:44:53.076 DEBUG 3888 --- [kground-preinit] o.apache.tomcat.util.digester.Digester   :   Fire begin() for ObjectCreateRule[className=org.apache.tomcat.util.modeler.AttributeInfo, attributeName=null]
2023-01-04 17:44:53.076 DEBUG 3888 --- [kground-preinit] o.apache.tomcat.util.digester.Digester   : [ObjectCreateRule]{mbeans-descriptors/mbean/attribute}New org.apache.tomcat.util.modeler.AttributeInfo
2023-01-04 17:44:53.076 DEBUG 3888 --- [kground-preinit] o.apache.tomcat.util.digester.Digester   :   Fire begin() for SetPropertiesRule[]
2023-01-04 17:44:53.076 DEBUG 3888 --- [kground-preinit] o.apache.tomcat.util.digester.Digester   : [SetPropertiesRule]{mbeans-descriptors/mbean/attribute} Set org.apache.tomcat.util.modeler.AttributeInfo properties
2023-01-04 17:44:53.076 DEBUG 3888 --- [kground-preinit] o.apache.tomcat.util.digester.Digester   : [SetPropertiesRule]{mbeans-descriptors/mbean/attribute} Setting property 'name' to 'nonceValidity'
2023-01-04 17:44:53.076 DEBUG 3888 --- [kground-preinit] o.apache.tomcat.util.IntrospectionUtils  : IntrospectionUtils: setProperty(class org.apache.tomcat.util.modeler.AttributeInfo name=nonceValidity)
2023-01-04 17:44:53.076 DEBUG 3888 --- [kground-preinit] o.apache.tomcat.util.digester.Digester   : [SetPropertiesRule]{mbeans-descriptors/mbean/attribute} Setting property 'description' to 'The time, in milliseconds, for which a server issued nonce will be valid'
2023-01-04 17:44:53.076 DEBUG 3888 --- [kground-preinit] o.apache.tomcat.util.IntrospectionUtils  : IntrospectionUtils: setProperty(class org.apache.tomcat.util.modeler.AttributeInfo description=The time, in milliseconds, for which a server issued nonce will be valid)
2023-01-04 17:44:53.076 DEBUG 3888 --- [kground-preinit] o.apache.tomcat.util.digester.Digester   : [SetPropertiesRule]{mbeans-descriptors/mbean/attribute} Setting property 'type' to 'long'
2023-01-04 17:44:53.076 DEBUG 3888 --- [kground-preinit] o.apache.tomcat.util.IntrospectionUtils  : IntrospectionUtils: setProperty(class org.apache.tomcat.util.modeler.AttributeInfo type=long)
2023-01-04 17:44:53.076 DEBUG 3888 --- [kground-preinit] o.apache.tomcat.util.digester.Digester   :   Fire begin() for SetNextRule[methodName=addAttribute, paramType=org.apache.tomcat.util.modeler.AttributeInfo]
2023-01-04 17:44:53.076 DEBUG 3888 --- [kground-preinit] o.a.tomcat.util.digester.Digester.sax    : endElement(,,attribute)
2023-01-04 17:44:53.076 DEBUG 3888 --- [kground-preinit] o.apache.tomcat.util.digester.Digester   :   match='mbeans-descriptors/mbean/attribute'
2023-01-04 17:44:53.076 DEBUG 3888 --- [kground-preinit] o.apache.tomcat.util.digester.Digester   :   bodyText=''
2023-01-04 17:44:53.076 DEBUG 3888 --- [kground-preinit] o.apache.tomcat.util.digester.Digester   :   Fire body() for ObjectCreateRule[className=org.apache.tomcat.util.modeler.AttributeInfo, attributeName=null]
2023-01-04 17:44:53.076 DEBUG 3888 --- [kground-preinit] o.apache.tomcat.util.digester.Digester   :   Fire body() for SetPropertiesRule[]
2023-01-04 17:44:53.076 DEBUG 3888 --- [kground-preinit] o.apache.tomcat.util.digester.Digester   :   Fire body() for SetNextRule[methodName=addAttribute, paramType=org.apache.tomcat.util.modeler.AttributeInfo]
2023-01-04 17:44:53.076 DEBUG 3888 --- [kground-preinit] o.apache.tomcat.util.digester.Digester   :   Fire end() for SetNextRule[methodName=addAttribute, paramType=org.apache.tomcat.util.modeler.AttributeInfo]
2023-01-04 17:44:53.076 DEBUG 3888 --- [kground-preinit] o.apache.tomcat.util.digester.Digester   : [SetNextRule]{mbeans-descriptors/mbean/attribute} Call org.apache.tomcat.util.modeler.ManagedBean.addAttribute(org.apache.tomcat.util.modeler.AttributeInfo@576ba88c)
2023-01-04 17:44:53.076 DEBUG 3888 --- [kground-preinit] o.apache.tomcat.util.IntrospectionUtils  : IntrospectionUtils: callMethod1 org.apache.tomcat.util.modeler.ManagedBean org.apache.tomcat.util.modeler.AttributeInfo org.apache.tomcat.util.modeler.AttributeInfo
2023-01-04 17:44:53.076 DEBUG 3888 --- [kground-preinit] o.apache.tomcat.util.digester.Digester   :   Fire end() for SetPropertiesRule[]
2023-01-04 17:44:53.076 DEBUG 3888 --- [kground-preinit] o.apache.tomcat.util.digester.Digester   :   Fire end() for ObjectCreateRule[className=org.apache.tomcat.util.modeler.AttributeInfo, attributeName=null]
2023-01-04 17:44:53.076 DEBUG 3888 --- [kground-preinit] o.apache.tomcat.util.digester.Digester   : [ObjectCreateRule]{mbeans-descriptors/mbean/attribute} Pop org.apache.tomcat.util.modeler.AttributeInfo
2023-01-04 17:44:53.076 DEBUG 3888 --- [kground-preinit] o.a.tomcat.util.digester.Digester.sax    : characters(

    )
2023-01-04 17:44:53.076 DEBUG 3888 --- [kground-preinit] o.a.tomcat.util.digester.Digester.sax    : startElement(,,attribute)
2023-01-04 17:44:53.076 DEBUG 3888 --- [kground-preinit] o.apache.tomcat.util.digester.Digester   :   New match='mbeans-descriptors/mbean/attribute'
2023-01-04 17:44:53.076 DEBUG 3888 --- [kground-preinit] o.apache.tomcat.util.digester.Digester   :   Fire begin() for ObjectCreateRule[className=org.apache.tomcat.util.modeler.AttributeInfo, attributeName=null]
2023-01-04 17:44:53.080 DEBUG 3888 --- [kground-preinit] o.apache.tomcat.util.digester.Digester   : [ObjectCreateRule]{mbeans-descriptors/mbean/attribute}New org.apache.tomcat.util.modeler.AttributeInfo
2023-01-04 17:44:53.080 DEBUG 3888 --- [kground-preinit] o.apache.tomcat.util.digester.Digester   :   Fire begin() for SetPropertiesRule[]
2023-01-04 17:44:53.080 DEBUG 3888 --- [kground-preinit] o.apache.tomcat.util.digester.Digester   : [SetPropertiesRule]{mbeans-descriptors/mbean/attribute} Set org.apache.tomcat.util.modeler.AttributeInfo properties
2023-01-04 17:44:53.080 DEBUG 3888 --- [kground-preinit] o.apache.tomcat.util.digester.Digester   : [SetPropertiesRule]{mbeans-descriptors/mbean/attribute} Setting property 'name' to 'opaque'
2023-01-04 17:44:53.080 DEBUG 3888 --- [kground-preinit] o.apache.tomcat.util.IntrospectionUtils  : IntrospectionUtils: setProperty(class org.apache.tomcat.util.modeler.AttributeInfo name=opaque)
2023-01-04 17:44:53.080 DEBUG 3888 --- [kground-preinit] o.apache.tomcat.util.digester.Digester   : [SetPropertiesRule]{mbeans-descriptors/mbean/attribute} Setting property 'description' to 'The opaque server string used by digest authentication'
2023-01-04 17:44:53.080 DEBUG 3888 --- [kground-preinit] o.apache.tomcat.util.IntrospectionUtils  : IntrospectionUtils: setProperty(class org.apache.tomcat.util.modeler.AttributeInfo description=The opaque server string used by digest authentication)
2023-01-04 17:44:53.080 DEBUG 3888 --- [kground-preinit] o.apache.tomcat.util.digester.Digester   : [SetPropertiesRule]{mbeans-descriptors/mbean/attribute} Setting property 'type' to 'java.lang.String'
2023-01-04 17:44:53.080 DEBUG 3888 --- [kground-preinit] o.apache.tomcat.util.IntrospectionUtils  : IntrospectionUtils: setProperty(class org.apache.tomcat.util.modeler.AttributeInfo type=java.lang.String)
2023-01-04 17:44:53.080 DEBUG 3888 --- [kground-preinit] o.apache.tomcat.util.digester.Digester   :   Fire begin() for SetNextRule[methodName=addAttribute, paramType=org.apache.tomcat.util.modeler.AttributeInfo]
2023-01-04 17:44:53.080 DEBUG 3888 --- [kground-preinit] o.a.tomcat.util.digester.Digester.sax    : endElement(,,attribute)
2023-01-04 17:44:53.080 DEBUG 3888 --- [kground-preinit] o.apache.tomcat.util.digester.Digester   :   match='mbeans-descriptors/mbean/attribute'
2023-01-04 17:44:53.080 DEBUG 3888 --- [kground-preinit] o.apache.tomcat.util.digester.Digester   :   bodyText=''
2023-01-04 17:44:53.080 DEBUG 3888 --- [kground-preinit] o.apache.tomcat.util.digester.Digester   :   Fire body() for ObjectCreateRule[className=org.apache.tomcat.util.modeler.AttributeInfo, attributeName=null]
2023-01-04 17:44:53.080 DEBUG 3888 --- [kground-preinit] o.apache.tomcat.util.digester.Digester   :   Fire body() for SetPropertiesRule[]
2023-01-04 17:44:53.080 DEBUG 3888 --- [kground-preinit] o.apache.tomcat.util.digester.Digester   :   Fire body() for SetNextRule[methodName=addAttribute, paramType=org.apache.tomcat.util.modeler.AttributeInfo]
2023-01-04 17:44:53.080 DEBUG 3888 --- [kground-preinit] o.apache.tomcat.util.digester.Digester   :   Fire end() for SetNextRule[methodName=addAttribute, paramType=org.apache.tomcat.util.modeler.AttributeInfo]
2023-01-04 17:44:53.080 DEBUG 3888 --- [kground-preinit] o.apache.tomcat.util.digester.Digester   : [SetNextRule]{mbeans-descriptors/mbean/attribute} Call org.apache.tomcat.util.modeler.ManagedBean.addAttribute(org.apache.tomcat.util.modeler.AttributeInfo@20a053b5)
2023-01-04 17:44:53.080 DEBUG 3888 --- [kground-preinit] o.apache.tomcat.util.IntrospectionUtils  : IntrospectionUtils: callMethod1 org.apache.tomcat.util.modeler.ManagedBean org.apache.tomcat.util.modeler.AttributeInfo org.apache.tomcat.util.modeler.AttributeInfo
2023-01-04 17:44:53.080 DEBUG 3888 --- [kground-preinit] o.apache.tomcat.util.digester.Digester   :   Fire end() for SetPropertiesRule[]
2023-01-04 17:44:53.081 DEBUG 3888 --- [kground-preinit] o.apache.tomcat.util.digester.Digester   :   Fire end() for ObjectCreateRule[className=org.apache.tomcat.util.modeler.AttributeInfo, attributeName=null]
2023-01-04 17:44:53.081 DEBUG 3888 --- [kground-preinit] o.apache.tomcat.util.digester.Digester   : [ObjectCreateRule]{mbeans-descriptors/mbean/attribute} Pop org.apache.tomcat.util.modeler.AttributeInfo
2023-01-04 17:44:53.081 DEBUG 3888 --- [kground-preinit] o.a.tomcat.util.digester.Digester.sax    : characters(

    )
2023-01-04 17:44:53.081 DEBUG 3888 --- [kground-preinit] o.a.tomcat.util.digester.Digester.sax    : startElement(,,attribute)
2023-01-04 17:44:53.082 DEBUG 3888 --- [kground-preinit] o.apache.tomcat.util.digester.Digester   :   New match='mbeans-descriptors/mbean/attribute'
2023-01-04 17:44:53.082 DEBUG 3888 --- [kground-preinit] o.apache.tomcat.util.digester.Digester   :   Fire begin() for ObjectCreateRule[className=org.apache.tomcat.util.modeler.AttributeInfo, attributeName=null]
2023-01-04 17:44:53.082 DEBUG 3888 --- [kground-preinit] o.apache.tomcat.util.digester.Digester   : [ObjectCreateRule]{mbeans-descriptors/mbean/attribute}New org.apache.tomcat.util.modeler.AttributeInfo
2023-01-04 17:44:53.082 DEBUG 3888 --- [kground-preinit] o.apache.tomcat.util.digester.Digester   :   Fire begin() for SetPropertiesRule[]
2023-01-04 17:44:53.083 DEBUG 3888 --- [kground-preinit] o.apache.tomcat.util.digester.Digester   : [SetPropertiesRule]{mbeans-descriptors/mbean/attribute} Set org.apache.tomcat.util.modeler.AttributeInfo properties
2023-01-04 17:44:53.083 DEBUG 3888 --- [kground-preinit] o.apache.tomcat.util.digester.Digester   : [SetPropertiesRule]{mbeans-descriptors/mbean/attribute} Setting property 'name' to 'securePagesWithPragma'
2023-01-04 17:44:53.083 DEBUG 3888 --- [kground-preinit] o.apache.tomcat.util.IntrospectionUtils  : IntrospectionUtils: setProperty(class org.apache.tomcat.util.modeler.AttributeInfo name=securePagesWithPragma)
2023-01-04 17:44:53.083 DEBUG 3888 --- [kground-preinit] o.apache.tomcat.util.digester.Digester   : [SetPropertiesRule]{mbeans-descriptors/mbean/attribute} Setting property 'description' to 'Controls the caching of pages that are protected by security constraints'
2023-01-04 17:44:53.083 DEBUG 3888 --- [kground-preinit] o.apache.tomcat.util.IntrospectionUtils  : IntrospectionUtils: setProperty(class org.apache.tomcat.util.modeler.AttributeInfo description=Controls the caching of pages that are protected by security constraints)
2023-01-04 17:44:53.083 DEBUG 3888 --- [kground-preinit] o.apache.tomcat.util.digester.Digester   : [SetPropertiesRule]{mbeans-descriptors/mbean/attribute} Setting property 'type' to 'boolean'
2023-01-04 17:44:53.083 DEBUG 3888 --- [kground-preinit] o.apache.tomcat.util.IntrospectionUtils  : IntrospectionUtils: setProperty(class org.apache.tomcat.util.modeler.AttributeInfo type=boolean)
2023-01-04 17:44:53.084 DEBUG 3888 --- [kground-preinit] o.apache.tomcat.util.digester.Digester   :   Fire begin() for SetNextRule[methodName=addAttribute, paramType=org.apache.tomcat.util.modeler.AttributeInfo]
2023-01-04 17:44:53.084 DEBUG 3888 --- [kground-preinit] o.a.tomcat.util.digester.Digester.sax    : endElement(,,attribute)
2023-01-04 17:44:53.084 DEBUG 3888 --- [kground-preinit] o.apache.tomcat.util.digester.Digester   :   match='mbeans-descriptors/mbean/attribute'
2023-01-04 17:44:53.084 DEBUG 3888 --- [kground-preinit] o.apache.tomcat.util.digester.Digester   :   bodyText=''
2023-01-04 17:44:53.084 DEBUG 3888 --- [kground-preinit] o.apache.tomcat.util.digester.Digester   :   Fire body() for ObjectCreateRule[className=org.apache.tomcat.util.modeler.AttributeInfo, attributeName=null]
2023-01-04 17:44:53.084 DEBUG 3888 --- [kground-preinit] o.apache.tomcat.util.digester.Digester   :   Fire body() for SetPropertiesRule[]
2023-01-04 17:44:53.084 DEBUG 3888 --- [kground-preinit] o.apache.tomcat.util.digester.Digester   :   Fire body() for SetNextRule[methodName=addAttribute, paramType=org.apache.tomcat.util.modeler.AttributeInfo]
2023-01-04 17:44:53.084 DEBUG 3888 --- [kground-preinit] o.apache.tomcat.util.digester.Digester   :   Fire end() for SetNextRule[methodName=addAttribute, paramType=org.apache.tomcat.util.modeler.AttributeInfo]
2023-01-04 17:44:53.084 DEBUG 3888 --- [kground-preinit] o.apache.tomcat.util.digester.Digester   : [SetNextRule]{mbeans-descriptors/mbean/attribute} Call org.apache.tomcat.util.modeler.ManagedBean.addAttribute(org.apache.tomcat.util.modeler.AttributeInfo@3f0587c0)
2023-01-04 17:44:53.084 DEBUG 3888 --- [kground-preinit] o.apache.tomcat.util.IntrospectionUtils  : IntrospectionUtils: callMethod1 org.apache.tomcat.util.modeler.ManagedBean org.apache.tomcat.util.modeler.AttributeInfo org.apache.tomcat.util.modeler.AttributeInfo
2023-01-04 17:44:53.085 DEBUG 3888 --- [kground-preinit] o.apache.tomcat.util.digester.Digester   :   Fire end() for SetPropertiesRule[]
2023-01-04 17:44:53.085 DEBUG 3888 --- [kground-preinit] o.apache.tomcat.util.digester.Digester   :   Fire end() for ObjectCreateRule[className=org.apache.tomcat.util.modeler.AttributeInfo, attributeName=null]
2023-01-04 17:44:53.085 DEBUG 3888 --- [kground-preinit] o.apache.tomcat.util.digester.Digester   : [ObjectCreateRule]{mbeans-descriptors/mbean/attribute} Pop org.apache.tomcat.util.modeler.AttributeInfo
2023-01-04 17:44:53.087 DEBUG 3888 --- [kground-preinit] o.a.tomcat.util.digester.Digester.sax    : characters(

    )
2023-01-04 17:44:53.088 DEBUG 3888 --- [kground-preinit] o.a.tomcat.util.digester.Digester.sax    : startElement(,,attribute)
2023-01-04 17:44:53.088 DEBUG 3888 --- [kground-preinit] o.apache.tomcat.util.digester.Digester   :   New match='mbeans-descriptors/mbean/attribute'
2023-01-04 17:44:53.088 DEBUG 3888 --- [kground-preinit] o.apache.tomcat.util.digester.Digester   :   Fire begin() for ObjectCreateRule[className=org.apache.tomcat.util.modeler.AttributeInfo, attributeName=null]
2023-01-04 17:44:53.088 DEBUG 3888 --- [kground-preinit] o.apache.tomcat.util.digester.Digester   : [ObjectCreateRule]{mbeans-descriptors/mbean/attribute}New org.apache.tomcat.util.modeler.AttributeInfo
2023-01-04 17:44:53.088 DEBUG 3888 --- [kground-preinit] o.apache.tomcat.util.digester.Digester   :   Fire begin() for SetPropertiesRule[]
2023-01-04 17:44:53.089 DEBUG 3888 --- [kground-preinit] o.apache.tomcat.util.digester.Digester   : [SetPropertiesRule]{mbeans-descriptors/mbean/attribute} Set org.apache.tomcat.util.modeler.AttributeInfo properties
2023-01-04 17:44:53.089 DEBUG 3888 --- [kground-preinit] o.apache.tomcat.util.digester.Digester   : [SetPropertiesRule]{mbeans-descriptors/mbean/attribute} Setting property 'name' to 'secureRandomAlgorithm'
2023-01-04 17:44:53.089 DEBUG 3888 --- [kground-preinit] o.apache.tomcat.util.IntrospectionUtils  : IntrospectionUtils: setProperty(class org.apache.tomcat.util.modeler.AttributeInfo name=secureRandomAlgorithm)
2023-01-04 17:44:53.091 DEBUG 3888 --- [kground-preinit] o.apache.tomcat.util.digester.Digester   : [SetPropertiesRule]{mbeans-descriptors/mbean/attribute} Setting property 'description' to 'The name of the algorithm to use for SSO session ID generation'
2023-01-04 17:44:53.091 DEBUG 3888 --- [kground-preinit] o.apache.tomcat.util.IntrospectionUtils  : IntrospectionUtils: setProperty(class org.apache.tomcat.util.modeler.AttributeInfo description=The name of the algorithm to use for SSO session ID generation)
2023-01-04 17:44:53.091 DEBUG 3888 --- [kground-preinit] o.apache.tomcat.util.digester.Digester   : [SetPropertiesRule]{mbeans-descriptors/mbean/attribute} Setting property 'type' to 'java.lang.String'
2023-01-04 17:44:53.091 DEBUG 3888 --- [kground-preinit] o.apache.tomcat.util.IntrospectionUtils  : IntrospectionUtils: setProperty(class org.apache.tomcat.util.modeler.AttributeInfo type=java.lang.String)
2023-01-04 17:44:53.091 DEBUG 3888 --- [kground-preinit] o.apache.tomcat.util.digester.Digester   :   Fire begin() for SetNextRule[methodName=addAttribute, paramType=org.apache.tomcat.util.modeler.AttributeInfo]
2023-01-04 17:44:53.091 DEBUG 3888 --- [kground-preinit] o.a.tomcat.util.digester.Digester.sax    : endElement(,,attribute)
2023-01-04 17:44:53.092 DEBUG 3888 --- [kground-preinit] o.apache.tomcat.util.digester.Digester   :   match='mbeans-descriptors/mbean/attribute'
2023-01-04 17:44:53.092 DEBUG 3888 --- [kground-preinit] o.apache.tomcat.util.digester.Digester   :   bodyText=''
2023-01-04 17:44:53.092 DEBUG 3888 --- [kground-preinit] o.apache.tomcat.util.digester.Digester   :   Fire body() for ObjectCreateRule[className=org.apache.tomcat.util.modeler.AttributeInfo, attributeName=null]
2023-01-04 17:44:53.092 DEBUG 3888 --- [kground-preinit] o.apache.tomcat.util.digester.Digester   :   Fire body() for SetPropertiesRule[]
2023-01-04 17:44:53.092 DEBUG 3888 --- [kground-preinit] o.apache.tomcat.util.digester.Digester   :   Fire body() for SetNextRule[methodName=addAttribute, paramType=org.apache.tomcat.util.modeler.AttributeInfo]
2023-01-04 17:44:53.093 DEBUG 3888 --- [kground-preinit] o.apache.tomcat.util.digester.Digester   :   Fire end() for SetNextRule[methodName=addAttribute, paramType=org.apache.tomcat.util.modeler.AttributeInfo]
2023-01-04 17:44:53.093 DEBUG 3888 --- [kground-preinit] o.apache.tomcat.util.digester.Digester   : [SetNextRule]{mbeans-descriptors/mbean/attribute} Call org.apache.tomcat.util.modeler.ManagedBean.addAttribute(org.apache.tomcat.util.modeler.AttributeInfo@2bbd36c)
2023-01-04 17:44:53.094 DEBUG 3888 --- [kground-preinit] o.apache.tomcat.util.IntrospectionUtils  : IntrospectionUtils: callMethod1 org.apache.tomcat.util.modeler.ManagedBean org.apache.tomcat.util.modeler.AttributeInfo org.apache.tomcat.util.modeler.AttributeInfo
2023-01-04 17:44:53.095 DEBUG 3888 --- [kground-preinit] o.apache.tomcat.util.digester.Digester   :   Fire end() for SetPropertiesRule[]
2023-01-04 17:44:53.095 DEBUG 3888 --- [kground-preinit] o.apache.tomcat.util.digester.Digester   :   Fire end() for ObjectCreateRule[className=org.apache.tomcat.util.modeler.AttributeInfo, attributeName=null]
2023-01-04 17:44:53.096 DEBUG 3888 --- [kground-preinit] o.apache.tomcat.util.digester.Digester   : [ObjectCreateRule]{mbeans-descriptors/mbean/attribute} Pop org.apache.tomcat.util.modeler.AttributeInfo
2023-01-04 17:44:53.097 DEBUG 3888 --- [kground-preinit] o.a.tomcat.util.digester.Digester.sax    : characters(

    )
2023-01-04 17:44:53.097 DEBUG 3888 --- [kground-preinit] o.a.tomcat.util.digester.Digester.sax    : startElement(,,attribute)
2023-01-04 17:44:53.098 DEBUG 3888 --- [kground-preinit] o.apache.tomcat.util.digester.Digester   :   New match='mbeans-descriptors/mbean/attribute'
2023-01-04 17:44:53.098 DEBUG 3888 --- [kground-preinit] o.apache.tomcat.util.digester.Digester   :   Fire begin() for ObjectCreateRule[className=org.apache.tomcat.util.modeler.AttributeInfo, attributeName=null]
2023-01-04 17:44:53.100 DEBUG 3888 --- [kground-preinit] o.apache.tomcat.util.digester.Digester   : [ObjectCreateRule]{mbeans-descriptors/mbean/attribute}New org.apache.tomcat.util.modeler.AttributeInfo
2023-01-04 17:44:53.101 DEBUG 3888 --- [kground-preinit] o.apache.tomcat.util.digester.Digester   :   Fire begin() for SetPropertiesRule[]
2023-01-04 17:44:53.102 DEBUG 3888 --- [kground-preinit] o.apache.tomcat.util.digester.Digester   : [SetPropertiesRule]{mbeans-descriptors/mbean/attribute} Set org.apache.tomcat.util.modeler.AttributeInfo properties
2023-01-04 17:44:53.103 DEBUG 3888 --- [kground-preinit] o.apache.tomcat.util.digester.Digester   : [SetPropertiesRule]{mbeans-descriptors/mbean/attribute} Setting property 'name' to 'secureRandomClass'
2023-01-04 17:44:53.105 DEBUG 3888 --- [kground-preinit] o.apache.tomcat.util.IntrospectionUtils  : IntrospectionUtils: setProperty(class org.apache.tomcat.util.modeler.AttributeInfo name=secureRandomClass)
2023-01-04 17:44:53.105 DEBUG 3888 --- [kground-preinit] o.apache.tomcat.util.digester.Digester   : [SetPropertiesRule]{mbeans-descriptors/mbean/attribute} Setting property 'description' to 'The name of the class to use for SSO session ID generation'
2023-01-04 17:44:53.105 DEBUG 3888 --- [kground-preinit] o.apache.tomcat.util.IntrospectionUtils  : IntrospectionUtils: setProperty(class org.apache.tomcat.util.modeler.AttributeInfo description=The name of the class to use for SSO session ID generation)
2023-01-04 17:44:53.106 DEBUG 3888 --- [kground-preinit] o.apache.tomcat.util.digester.Digester   : [SetPropertiesRule]{mbeans-descriptors/mbean/attribute} Setting property 'type' to 'java.lang.String'
2023-01-04 17:44:53.106 DEBUG 3888 --- [kground-preinit] o.apache.tomcat.util.IntrospectionUtils  : IntrospectionUtils: setProperty(class org.apache.tomcat.util.modeler.AttributeInfo type=java.lang.String)
2023-01-04 17:44:53.106 DEBUG 3888 --- [kground-preinit] o.apache.tomcat.util.digester.Digester   :   Fire begin() for SetNextRule[methodName=addAttribute, paramType=org.apache.tomcat.util.modeler.AttributeInfo]
2023-01-04 17:44:53.106 DEBUG 3888 --- [kground-preinit] o.a.tomcat.util.digester.Digester.sax    : endElement(,,attribute)
2023-01-04 17:44:53.106 DEBUG 3888 --- [kground-preinit] o.apache.tomcat.util.digester.Digester   :   match='mbeans-descriptors/mbean/attribute'
2023-01-04 17:44:53.107 DEBUG 3888 --- [kground-preinit] o.apache.tomcat.util.digester.Digester   :   bodyText=''
2023-01-04 17:44:53.107 DEBUG 3888 --- [kground-preinit] o.apache.tomcat.util.digester.Digester   :   Fire body() for ObjectCreateRule[className=org.apache.tomcat.util.modeler.AttributeInfo, attributeName=null]
2023-01-04 17:44:53.107 DEBUG 3888 --- [kground-preinit] o.apache.tomcat.util.digester.Digester   :   Fire body() for SetPropertiesRule[]
2023-01-04 17:44:53.107 DEBUG 3888 --- [kground-preinit] o.apache.tomcat.util.digester.Digester   :   Fire body() for SetNextRule[methodName=addAttribute, paramType=org.apache.tomcat.util.modeler.AttributeInfo]
2023-01-04 17:44:53.107 DEBUG 3888 --- [kground-preinit] o.apache.tomcat.util.digester.Digester   :   Fire end() for SetNextRule[methodName=addAttribute, paramType=org.apache.tomcat.util.modeler.AttributeInfo]
2023-01-04 17:44:53.107 DEBUG 3888 --- [kground-preinit] o.apache.tomcat.util.digester.Digester   : [SetNextRule]{mbeans-descriptors/mbean/attribute} Call org.apache.tomcat.util.modeler.ManagedBean.addAttribute(org.apache.tomcat.util.modeler.AttributeInfo@89e247f)
2023-01-04 17:44:53.107 DEBUG 3888 --- [kground-preinit] o.apache.tomcat.util.IntrospectionUtils  : IntrospectionUtils: callMethod1 org.apache.tomcat.util.modeler.ManagedBean org.apache.tomcat.util.modeler.AttributeInfo org.apache.tomcat.util.modeler.AttributeInfo
2023-01-04 17:44:53.109 DEBUG 3888 --- [kground-preinit] o.apache.tomcat.util.digester.Digester   :   Fire end() for SetPropertiesRule[]
2023-01-04 17:44:53.109 DEBUG 3888 --- [kground-preinit] o.apache.tomcat.util.digester.Digester   :   Fire end() for ObjectCreateRule[className=org.apache.tomcat.util.modeler.AttributeInfo, attributeName=null]
2023-01-04 17:44:53.109 DEBUG 3888 --- [kground-preinit] o.apache.tomcat.util.digester.Digester   : [ObjectCreateRule]{mbeans-descriptors/mbean/attribute} Pop org.apache.tomcat.util.modeler.AttributeInfo
2023-01-04 17:44:53.109 DEBUG 3888 --- [kground-preinit] o.a.tomcat.util.digester.Digester.sax    : characters(

    )
2023-01-04 17:44:53.110 DEBUG 3888 --- [kground-preinit] o.a.tomcat.util.digester.Digester.sax    : startElement(,,attribute)
2023-01-04 17:44:53.110 DEBUG 3888 --- [kground-preinit] o.apache.tomcat.util.digester.Digester   :   New match='mbeans-descriptors/mbean/attribute'
2023-01-04 17:44:53.110 DEBUG 3888 --- [kground-preinit] o.apache.tomcat.util.digester.Digester   :   Fire begin() for ObjectCreateRule[className=org.apache.tomcat.util.modeler.AttributeInfo, attributeName=null]
2023-01-04 17:44:53.110 DEBUG 3888 --- [kground-preinit] o.apache.tomcat.util.digester.Digester   : [ObjectCreateRule]{mbeans-descriptors/mbean/attribute}New org.apache.tomcat.util.modeler.AttributeInfo
2023-01-04 17:44:53.110 DEBUG 3888 --- [kground-preinit] o.apache.tomcat.util.digester.Digester   :   Fire begin() for SetPropertiesRule[]
2023-01-04 17:44:53.110 DEBUG 3888 --- [kground-preinit] o.apache.tomcat.util.digester.Digester   : [SetPropertiesRule]{mbeans-descriptors/mbean/attribute} Set org.apache.tomcat.util.modeler.AttributeInfo properties
2023-01-04 17:44:53.110 DEBUG 3888 --- [kground-preinit] o.apache.tomcat.util.digester.Digester   : [SetPropertiesRule]{mbeans-descriptors/mbean/attribute} Setting property 'name' to 'secureRandomProvider'
2023-01-04 17:44:53.112 DEBUG 3888 --- [kground-preinit] o.apache.tomcat.util.IntrospectionUtils  : IntrospectionUtils: setProperty(class org.apache.tomcat.util.modeler.AttributeInfo name=secureRandomProvider)
2023-01-04 17:44:53.112 DEBUG 3888 --- [kground-preinit] o.apache.tomcat.util.digester.Digester   : [SetPropertiesRule]{mbeans-descriptors/mbean/attribute} Setting property 'description' to 'The name of the provider to use for SSO session ID generation'
2023-01-04 17:44:53.112 DEBUG 3888 --- [kground-preinit] o.apache.tomcat.util.IntrospectionUtils  : IntrospectionUtils: setProperty(class org.apache.tomcat.util.modeler.AttributeInfo description=The name of the provider to use for SSO session ID generation)
2023-01-04 17:44:53.112 DEBUG 3888 --- [kground-preinit] o.apache.tomcat.util.digester.Digester   : [SetPropertiesRule]{mbeans-descriptors/mbean/attribute} Setting property 'type' to 'java.lang.String'
2023-01-04 17:44:53.112 DEBUG 3888 --- [kground-preinit] o.apache.tomcat.util.IntrospectionUtils  : IntrospectionUtils: setProperty(class org.apache.tomcat.util.modeler.AttributeInfo type=java.lang.String)
2023-01-04 17:44:53.112 DEBUG 3888 --- [kground-preinit] o.apache.tomcat.util.digester.Digester   :   Fire begin() for SetNextRule[methodName=addAttribute, paramType=org.apache.tomcat.util.modeler.AttributeInfo]
2023-01-04 17:44:53.112 DEBUG 3888 --- [kground-preinit] o.a.tomcat.util.digester.Digester.sax    : endElement(,,attribute)
2023-01-04 17:44:53.112 DEBUG 3888 --- [kground-preinit] o.apache.tomcat.util.digester.Digester   :   match='mbeans-descriptors/mbean/attribute'
2023-01-04 17:44:53.112 DEBUG 3888 --- [kground-preinit] o.apache.tomcat.util.digester.Digester   :   bodyText=''
2023-01-04 17:44:53.112 DEBUG 3888 --- [kground-preinit] o.apache.tomcat.util.digester.Digester   :   Fire body() for ObjectCreateRule[className=org.apache.tomcat.util.modeler.AttributeInfo, attributeName=null]
2023-01-04 17:44:53.113 DEBUG 3888 --- [kground-preinit] o.apache.tomcat.util.digester.Digester   :   Fire body() for SetPropertiesRule[]
2023-01-04 17:44:53.113 DEBUG 3888 --- [kground-preinit] o.apache.tomcat.util.digester.Digester   :   Fire body() for SetNextRule[methodName=addAttribute, paramType=org.apache.tomcat.util.modeler.AttributeInfo]
2023-01-04 17:44:53.113 DEBUG 3888 --- [kground-preinit] o.apache.tomcat.util.digester.Digester   :   Fire end() for SetNextRule[methodName=addAttribute, paramType=org.apache.tomcat.util.modeler.AttributeInfo]
2023-01-04 17:44:53.113 DEBUG 3888 --- [kground-preinit] o.apache.tomcat.util.digester.Digester   : [SetNextRule]{mbeans-descriptors/mbean/attribute} Call org.apache.tomcat.util.modeler.ManagedBean.addAttribute(org.apache.tomcat.util.modeler.AttributeInfo@2a01f322)
2023-01-04 17:44:53.113 DEBUG 3888 --- [kground-preinit] o.apache.tomcat.util.IntrospectionUtils  : IntrospectionUtils: callMethod1 org.apache.tomcat.util.modeler.ManagedBean org.apache.tomcat.util.modeler.AttributeInfo org.apache.tomcat.util.modeler.AttributeInfo
2023-01-04 17:44:53.113 DEBUG 3888 --- [kground-preinit] o.apache.tomcat.util.digester.Digester   :   Fire end() for SetPropertiesRule[]
2023-01-04 17:44:53.113 DEBUG 3888 --- [kground-preinit] o.apache.tomcat.util.digester.Digester   :   Fire end() for ObjectCreateRule[className=org.apache.tomcat.util.modeler.AttributeInfo, attributeName=null]
2023-01-04 17:44:53.113 DEBUG 3888 --- [kground-preinit] o.apache.tomcat.util.digester.Digester   : [ObjectCreateRule]{mbeans-descriptors/mbean/attribute} Pop org.apache.tomcat.util.modeler.AttributeInfo
2023-01-04 17:44:53.113 DEBUG 3888 --- [kground-preinit] o.a.tomcat.util.digester.Digester.sax    : characters(

    )
2023-01-04 17:44:53.113 DEBUG 3888 --- [kground-preinit] o.a.tomcat.util.digester.Digester.sax    : startElement(,,attribute)
2023-01-04 17:44:53.113 DEBUG 3888 --- [kground-preinit] o.apache.tomcat.util.digester.Digester   :   New match='mbeans-descriptors/mbean/attribute'
2023-01-04 17:44:53.114 DEBUG 3888 --- [kground-preinit] o.apache.tomcat.util.digester.Digester   :   Fire begin() for ObjectCreateRule[className=org.apache.tomcat.util.modeler.AttributeInfo, attributeName=null]
2023-01-04 17:44:53.114 DEBUG 3888 --- [kground-preinit] o.apache.tomcat.util.digester.Digester   : [ObjectCreateRule]{mbeans-descriptors/mbean/attribute}New org.apache.tomcat.util.modeler.AttributeInfo
2023-01-04 17:44:53.114 DEBUG 3888 --- [kground-preinit] o.apache.tomcat.util.digester.Digester   :   Fire begin() for SetPropertiesRule[]
2023-01-04 17:44:53.114 DEBUG 3888 --- [kground-preinit] o.apache.tomcat.util.digester.Digester   : [SetPropertiesRule]{mbeans-descriptors/mbean/attribute} Set org.apache.tomcat.util.modeler.AttributeInfo properties
2023-01-04 17:44:53.114 DEBUG 3888 --- [kground-preinit] o.apache.tomcat.util.digester.Digester   : [SetPropertiesRule]{mbeans-descriptors/mbean/attribute} Setting property 'name' to 'stateName'
2023-01-04 17:44:53.114 DEBUG 3888 --- [kground-preinit] o.apache.tomcat.util.IntrospectionUtils  : IntrospectionUtils: setProperty(class org.apache.tomcat.util.modeler.AttributeInfo name=stateName)
2023-01-04 17:44:53.114 DEBUG 3888 --- [kground-preinit] o.apache.tomcat.util.digester.Digester   : [SetPropertiesRule]{mbeans-descriptors/mbean/attribute} Setting property 'description' to 'The name of the LifecycleState that this component is currently in'
2023-01-04 17:44:53.114 DEBUG 3888 --- [kground-preinit] o.apache.tomcat.util.IntrospectionUtils  : IntrospectionUtils: setProperty(class org.apache.tomcat.util.modeler.AttributeInfo description=The name of the LifecycleState that this component is currently in)
2023-01-04 17:44:53.114 DEBUG 3888 --- [kground-preinit] o.apache.tomcat.util.digester.Digester   : [SetPropertiesRule]{mbeans-descriptors/mbean/attribute} Setting property 'type' to 'java.lang.String'
2023-01-04 17:44:53.114 DEBUG 3888 --- [kground-preinit] o.apache.tomcat.util.IntrospectionUtils  : IntrospectionUtils: setProperty(class org.apache.tomcat.util.modeler.AttributeInfo type=java.lang.String)
2023-01-04 17:44:53.114 DEBUG 3888 --- [kground-preinit] o.apache.tomcat.util.digester.Digester   : [SetPropertiesRule]{mbeans-descriptors/mbean/attribute} Setting property 'writeable' to 'false'
2023-01-04 17:44:53.114 DEBUG 3888 --- [kground-preinit] o.apache.tomcat.util.IntrospectionUtils  : IntrospectionUtils: setProperty(class org.apache.tomcat.util.modeler.AttributeInfo writeable=false)
2023-01-04 17:44:53.114 DEBUG 3888 --- [kground-preinit] o.apache.tomcat.util.digester.Digester   :   Fire begin() for SetNextRule[methodName=addAttribute, paramType=org.apache.tomcat.util.modeler.AttributeInfo]
2023-01-04 17:44:53.115 DEBUG 3888 --- [kground-preinit] o.a.tomcat.util.digester.Digester.sax    : endElement(,,attribute)
2023-01-04 17:44:53.115 DEBUG 3888 --- [kground-preinit] o.apache.tomcat.util.digester.Digester   :   match='mbeans-descriptors/mbean/attribute'
2023-01-04 17:44:53.115 DEBUG 3888 --- [kground-preinit] o.apache.tomcat.util.digester.Digester   :   bodyText=''
2023-01-04 17:44:53.115 DEBUG 3888 --- [kground-preinit] o.apache.tomcat.util.digester.Digester   :   Fire body() for ObjectCreateRule[className=org.apache.tomcat.util.modeler.AttributeInfo, attributeName=null]
2023-01-04 17:44:53.115 DEBUG 3888 --- [kground-preinit] o.apache.tomcat.util.digester.Digester   :   Fire body() for SetPropertiesRule[]
2023-01-04 17:44:53.115 DEBUG 3888 --- [kground-preinit] o.apache.tomcat.util.digester.Digester   :   Fire body() for SetNextRule[methodName=addAttribute, paramType=org.apache.tomcat.util.modeler.AttributeInfo]
2023-01-04 17:44:53.115 DEBUG 3888 --- [kground-preinit] o.apache.tomcat.util.digester.Digester   :   Fire end() for SetNextRule[methodName=addAttribute, paramType=org.apache.tomcat.util.modeler.AttributeInfo]
2023-01-04 17:44:53.115 DEBUG 3888 --- [kground-preinit] o.apache.tomcat.util.digester.Digester   : [SetNextRule]{mbeans-descriptors/mbean/attribute} Call org.apache.tomcat.util.modeler.ManagedBean.addAttribute(org.apache.tomcat.util.modeler.AttributeInfo@39a94a25)
2023-01-04 17:44:53.115 DEBUG 3888 --- [kground-preinit] o.apache.tomcat.util.IntrospectionUtils  : IntrospectionUtils: callMethod1 org.apache.tomcat.util.modeler.ManagedBean org.apache.tomcat.util.modeler.AttributeInfo org.apache.tomcat.util.modeler.AttributeInfo
2023-01-04 17:44:53.115 DEBUG 3888 --- [kground-preinit] o.apache.tomcat.util.digester.Digester   :   Fire end() for SetPropertiesRule[]
2023-01-04 17:44:53.115 DEBUG 3888 --- [kground-preinit] o.apache.tomcat.util.digester.Digester   :   Fire end() for ObjectCreateRule[className=org.apache.tomcat.util.modeler.AttributeInfo, attributeName=null]
2023-01-04 17:44:53.115 DEBUG 3888 --- [kground-preinit] o.apache.tomcat.util.digester.Digester   : [ObjectCreateRule]{mbeans-descriptors/mbean/attribute} Pop org.apache.tomcat.util.modeler.AttributeInfo
2023-01-04 17:44:53.115 DEBUG 3888 --- [kground-preinit] o.a.tomcat.util.digester.Digester.sax    : characters(

    )
2023-01-04 17:44:53.115 DEBUG 3888 --- [kground-preinit] o.a.tomcat.util.digester.Digester.sax    : startElement(,,attribute)
2023-01-04 17:44:53.116 DEBUG 3888 --- [kground-preinit] o.apache.tomcat.util.digester.Digester   :   New match='mbeans-descriptors/mbean/attribute'
2023-01-04 17:44:53.116 DEBUG 3888 --- [kground-preinit] o.apache.tomcat.util.digester.Digester   :   Fire begin() for ObjectCreateRule[className=org.apache.tomcat.util.modeler.AttributeInfo, attributeName=null]
2023-01-04 17:44:53.116 DEBUG 3888 --- [kground-preinit] o.apache.tomcat.util.digester.Digester   : [ObjectCreateRule]{mbeans-descriptors/mbean/attribute}New org.apache.tomcat.util.modeler.AttributeInfo
2023-01-04 17:44:53.116 DEBUG 3888 --- [kground-preinit] o.apache.tomcat.util.digester.Digester   :   Fire begin() for SetPropertiesRule[]
2023-01-04 17:44:53.116 DEBUG 3888 --- [kground-preinit] o.apache.tomcat.util.digester.Digester   : [SetPropertiesRule]{mbeans-descriptors/mbean/attribute} Set org.apache.tomcat.util.modeler.AttributeInfo properties
2023-01-04 17:44:53.116 DEBUG 3888 --- [kground-preinit] o.apache.tomcat.util.digester.Digester   : [SetPropertiesRule]{mbeans-descriptors/mbean/attribute} Setting property 'name' to 'validateUri'
2023-01-04 17:44:53.116 DEBUG 3888 --- [kground-preinit] o.apache.tomcat.util.IntrospectionUtils  : IntrospectionUtils: setProperty(class org.apache.tomcat.util.modeler.AttributeInfo name=validateUri)
2023-01-04 17:44:53.116 DEBUG 3888 --- [kground-preinit] o.apache.tomcat.util.digester.Digester   : [SetPropertiesRule]{mbeans-descriptors/mbean/attribute} Setting property 'description' to 'Should the uri be validated as required by RFC2617?'
2023-01-04 17:44:53.116 DEBUG 3888 --- [kground-preinit] o.apache.tomcat.util.IntrospectionUtils  : IntrospectionUtils: setProperty(class org.apache.tomcat.util.modeler.AttributeInfo description=Should the uri be validated as required by RFC2617?)
2023-01-04 17:44:53.116 DEBUG 3888 --- [kground-preinit] o.apache.tomcat.util.digester.Digester   : [SetPropertiesRule]{mbeans-descriptors/mbean/attribute} Setting property 'type' to 'boolean'
2023-01-04 17:44:53.116 DEBUG 3888 --- [kground-preinit] o.apache.tomcat.util.IntrospectionUtils  : IntrospectionUtils: setProperty(class org.apache.tomcat.util.modeler.AttributeInfo type=boolean)
2023-01-04 17:44:53.116 DEBUG 3888 --- [kground-preinit] o.apache.tomcat.util.digester.Digester   :   Fire begin() for SetNextRule[methodName=addAttribute, paramType=org.apache.tomcat.util.modeler.AttributeInfo]
2023-01-04 17:44:53.116 DEBUG 3888 --- [kground-preinit] o.a.tomcat.util.digester.Digester.sax    : endElement(,,attribute)
2023-01-04 17:44:53.117 DEBUG 3888 --- [kground-preinit] o.apache.tomcat.util.digester.Digester   :   match='mbeans-descriptors/mbean/attribute'
2023-01-04 17:44:53.117 DEBUG 3888 --- [kground-preinit] o.apache.tomcat.util.digester.Digester   :   bodyText=''
2023-01-04 17:44:53.117 DEBUG 3888 --- [kground-preinit] o.apache.tomcat.util.digester.Digester   :   Fire body() for ObjectCreateRule[className=org.apache.tomcat.util.modeler.AttributeInfo, attributeName=null]
2023-01-04 17:44:53.117 DEBUG 3888 --- [kground-preinit] o.apache.tomcat.util.digester.Digester   :   Fire body() for SetPropertiesRule[]
2023-01-04 17:44:53.117 DEBUG 3888 --- [kground-preinit] o.apache.tomcat.util.digester.Digester   :   Fire body() for SetNextRule[methodName=addAttribute, paramType=org.apache.tomcat.util.modeler.AttributeInfo]
2023-01-04 17:44:53.117 DEBUG 3888 --- [kground-preinit] o.apache.tomcat.util.digester.Digester   :   Fire end() for SetNextRule[methodName=addAttribute, paramType=org.apache.tomcat.util.modeler.AttributeInfo]
2023-01-04 17:44:53.117 DEBUG 3888 --- [kground-preinit] o.apache.tomcat.util.digester.Digester   : [SetNextRule]{mbeans-descriptors/mbean/attribute} Call org.apache.tomcat.util.modeler.ManagedBean.addAttribute(org.apache.tomcat.util.modeler.AttributeInfo@65d5cecf)
2023-01-04 17:44:53.117 DEBUG 3888 --- [kground-preinit] o.apache.tomcat.util.IntrospectionUtils  : IntrospectionUtils: callMethod1 org.apache.tomcat.util.modeler.ManagedBean org.apache.tomcat.util.modeler.AttributeInfo org.apache.tomcat.util.modeler.AttributeInfo
2023-01-04 17:44:53.117 DEBUG 3888 --- [kground-preinit] o.apache.tomcat.util.digester.Digester   :   Fire end() for SetPropertiesRule[]
2023-01-04 17:44:53.117 DEBUG 3888 --- [kground-preinit] o.apache.tomcat.util.digester.Digester   :   Fire end() for ObjectCreateRule[className=org.apache.tomcat.util.modeler.AttributeInfo, attributeName=null]
2023-01-04 17:44:53.117 DEBUG 3888 --- [kground-preinit] o.apache.tomcat.util.digester.Digester   : [ObjectCreateRule]{mbeans-descriptors/mbean/attribute} Pop org.apache.tomcat.util.modeler.AttributeInfo
2023-01-04 17:44:53.117 DEBUG 3888 --- [kground-preinit] o.a.tomcat.util.digester.Digester.sax    : characters(
  )
2023-01-04 17:44:53.117 DEBUG 3888 --- [kground-preinit] o.a.tomcat.util.digester.Digester.sax    : endElement(,,mbean)
2023-01-04 17:44:53.117 DEBUG 3888 --- [kground-preinit] o.apache.tomcat.util.digester.Digester   :   match='mbeans-descriptors/mbean'
2023-01-04 17:44:53.118 DEBUG 3888 --- [kground-preinit] o.apache.tomcat.util.digester.Digester   :   bodyText='

    

    

    

    

    

    

    

    

    

    

    

    

    

    

    
  '
2023-01-04 17:44:53.118 DEBUG 3888 --- [kground-preinit] o.apache.tomcat.util.digester.Digester   :   Fire body() for ObjectCreateRule[className=org.apache.tomcat.util.modeler.ManagedBean, attributeName=null]
2023-01-04 17:44:53.118 DEBUG 3888 --- [kground-preinit] o.apache.tomcat.util.digester.Digester   :   Fire body() for SetPropertiesRule[]
2023-01-04 17:44:53.118 DEBUG 3888 --- [kground-preinit] o.apache.tomcat.util.digester.Digester   :   Fire body() for SetNextRule[methodName=add, paramType=java.lang.Object]
2023-01-04 17:44:53.118 DEBUG 3888 --- [kground-preinit] o.apache.tomcat.util.digester.Digester   :   Fire end() for SetNextRule[methodName=add, paramType=java.lang.Object]
2023-01-04 17:44:53.118 DEBUG 3888 --- [kground-preinit] o.apache.tomcat.util.digester.Digester   : [SetNextRule]{mbeans-descriptors/mbean} Call java.util.ArrayList.add(ManagedBean[name=DigestAuthenticator, className=org.apache.tomcat.util.modeler.BaseModelMBean, description=An Authenticator and Valve implementation of HTTP DIGEST Authentication, group=Valve, type=org.apache.catalina.authenticator.DigestAuthenticator])
2023-01-04 17:44:53.118 DEBUG 3888 --- [kground-preinit] o.apache.tomcat.util.IntrospectionUtils  : IntrospectionUtils: callMethod1 java.util.ArrayList org.apache.tomcat.util.modeler.ManagedBean java.lang.Object
2023-01-04 17:44:53.118 DEBUG 3888 --- [kground-preinit] o.apache.tomcat.util.digester.Digester   :   Fire end() for SetPropertiesRule[]
2023-01-04 17:44:53.118 DEBUG 3888 --- [kground-preinit] o.apache.tomcat.util.digester.Digester   :   Fire end() for ObjectCreateRule[className=org.apache.tomcat.util.modeler.ManagedBean, attributeName=null]
2023-01-04 17:44:53.118 DEBUG 3888 --- [kground-preinit] o.apache.tomcat.util.digester.Digester   : [ObjectCreateRule]{mbeans-descriptors/mbean} Pop org.apache.tomcat.util.modeler.ManagedBean
2023-01-04 17:44:53.118 DEBUG 3888 --- [kground-preinit] o.a.tomcat.util.digester.Digester.sax    : characters(

  )
2023-01-04 17:44:53.118 DEBUG 3888 --- [kground-preinit] o.a.tomcat.util.digester.Digester.sax    : startElement(,,mbean)
2023-01-04 17:44:53.118 DEBUG 3888 --- [kground-preinit] o.apache.tomcat.util.digester.Digester   :   New match='mbeans-descriptors/mbean'
2023-01-04 17:44:53.119 DEBUG 3888 --- [kground-preinit] o.apache.tomcat.util.digester.Digester   :   Fire begin() for ObjectCreateRule[className=org.apache.tomcat.util.modeler.ManagedBean, attributeName=null]
2023-01-04 17:44:53.119 DEBUG 3888 --- [kground-preinit] o.apache.tomcat.util.digester.Digester   : [ObjectCreateRule]{mbeans-descriptors/mbean}New org.apache.tomcat.util.modeler.ManagedBean
2023-01-04 17:44:53.119 DEBUG 3888 --- [kground-preinit] o.apache.tomcat.util.digester.Digester   :   Fire begin() for SetPropertiesRule[]
2023-01-04 17:44:53.119 DEBUG 3888 --- [kground-preinit] o.apache.tomcat.util.digester.Digester   : [SetPropertiesRule]{mbeans-descriptors/mbean} Set org.apache.tomcat.util.modeler.ManagedBean properties
2023-01-04 17:44:53.119 DEBUG 3888 --- [kground-preinit] o.apache.tomcat.util.digester.Digester   : [SetPropertiesRule]{mbeans-descriptors/mbean} Setting property 'name' to 'FormAuthenticator'
2023-01-04 17:44:53.119 DEBUG 3888 --- [kground-preinit] o.apache.tomcat.util.IntrospectionUtils  : IntrospectionUtils: setProperty(class org.apache.tomcat.util.modeler.ManagedBean name=FormAuthenticator)
2023-01-04 17:44:53.120 DEBUG 3888 --- [kground-preinit] o.apache.tomcat.util.digester.Digester   : [SetPropertiesRule]{mbeans-descriptors/mbean} Setting property 'description' to 'An Authenticator and Valve implementation of FORM BASED Authentication'
2023-01-04 17:44:53.120 DEBUG 3888 --- [kground-preinit] o.apache.tomcat.util.IntrospectionUtils  : IntrospectionUtils: setProperty(class org.apache.tomcat.util.modeler.ManagedBean description=An Authenticator and Valve implementation of FORM BASED Authentication)
2023-01-04 17:44:53.120 DEBUG 3888 --- [kground-preinit] o.apache.tomcat.util.digester.Digester   : [SetPropertiesRule]{mbeans-descriptors/mbean} Setting property 'domain' to 'Catalina'
2023-01-04 17:44:53.120 DEBUG 3888 --- [kground-preinit] o.apache.tomcat.util.IntrospectionUtils  : IntrospectionUtils: setProperty(class org.apache.tomcat.util.modeler.ManagedBean domain=Catalina)
2023-01-04 17:44:53.120 DEBUG 3888 --- [kground-preinit] o.apache.tomcat.util.digester.Digester   : [SetPropertiesRule]{mbeans-descriptors/mbean} Setting property 'group' to 'Valve'
2023-01-04 17:44:53.120 DEBUG 3888 --- [kground-preinit] o.apache.tomcat.util.IntrospectionUtils  : IntrospectionUtils: setProperty(class org.apache.tomcat.util.modeler.ManagedBean group=Valve)
2023-01-04 17:44:53.120 DEBUG 3888 --- [kground-preinit] o.apache.tomcat.util.digester.Digester   : [SetPropertiesRule]{mbeans-descriptors/mbean} Setting property 'type' to 'org.apache.catalina.authenticator.FormAuthenticator'
2023-01-04 17:44:53.120 DEBUG 3888 --- [kground-preinit] o.apache.tomcat.util.IntrospectionUtils  : IntrospectionUtils: setProperty(class org.apache.tomcat.util.modeler.ManagedBean type=org.apache.catalina.authenticator.FormAuthenticator)
2023-01-04 17:44:53.121 DEBUG 3888 --- [kground-preinit] o.apache.tomcat.util.digester.Digester   :   Fire begin() for SetNextRule[methodName=add, paramType=java.lang.Object]
2023-01-04 17:44:53.121 DEBUG 3888 --- [kground-preinit] o.a.tomcat.util.digester.Digester.sax    : characters(

    )
2023-01-04 17:44:53.121 DEBUG 3888 --- [kground-preinit] o.a.tomcat.util.digester.Digester.sax    : startElement(,,attribute)
2023-01-04 17:44:53.121 DEBUG 3888 --- [kground-preinit] o.apache.tomcat.util.digester.Digester   :   New match='mbeans-descriptors/mbean/attribute'
2023-01-04 17:44:53.121 DEBUG 3888 --- [kground-preinit] o.apache.tomcat.util.digester.Digester   :   Fire begin() for ObjectCreateRule[className=org.apache.tomcat.util.modeler.AttributeInfo, attributeName=null]
2023-01-04 17:44:53.121 DEBUG 3888 --- [kground-preinit] o.apache.tomcat.util.digester.Digester   : [ObjectCreateRule]{mbeans-descriptors/mbean/attribute}New org.apache.tomcat.util.modeler.AttributeInfo
2023-01-04 17:44:53.121 DEBUG 3888 --- [kground-preinit] o.apache.tomcat.util.digester.Digester   :   Fire begin() for SetPropertiesRule[]
2023-01-04 17:44:53.122 DEBUG 3888 --- [kground-preinit] o.apache.tomcat.util.digester.Digester   : [SetPropertiesRule]{mbeans-descriptors/mbean/attribute} Set org.apache.tomcat.util.modeler.AttributeInfo properties
2023-01-04 17:44:53.122 DEBUG 3888 --- [kground-preinit] o.apache.tomcat.util.digester.Digester   : [SetPropertiesRule]{mbeans-descriptors/mbean/attribute} Setting property 'name' to 'changeSessionIdOnAuthentication'
2023-01-04 17:44:53.122 DEBUG 3888 --- [kground-preinit] o.apache.tomcat.util.IntrospectionUtils  : IntrospectionUtils: setProperty(class org.apache.tomcat.util.modeler.AttributeInfo name=changeSessionIdOnAuthentication)
2023-01-04 17:44:53.122 DEBUG 3888 --- [kground-preinit] o.apache.tomcat.util.digester.Digester   : [SetPropertiesRule]{mbeans-descriptors/mbean/attribute} Setting property 'description' to 'Controls if the session ID is changed if a session exists at the point where users are authenticated'
2023-01-04 17:44:53.122 DEBUG 3888 --- [kground-preinit] o.apache.tomcat.util.IntrospectionUtils  : IntrospectionUtils: setProperty(class org.apache.tomcat.util.modeler.AttributeInfo description=Controls if the session ID is changed if a session exists at the point where users are authenticated)
2023-01-04 17:44:53.122 DEBUG 3888 --- [kground-preinit] o.apache.tomcat.util.digester.Digester   : [SetPropertiesRule]{mbeans-descriptors/mbean/attribute} Setting property 'type' to 'boolean'
2023-01-04 17:44:53.122 DEBUG 3888 --- [kground-preinit] o.apache.tomcat.util.IntrospectionUtils  : IntrospectionUtils: setProperty(class org.apache.tomcat.util.modeler.AttributeInfo type=boolean)
2023-01-04 17:44:53.122 DEBUG 3888 --- [kground-preinit] o.apache.tomcat.util.digester.Digester   :   Fire begin() for SetNextRule[methodName=addAttribute, paramType=org.apache.tomcat.util.modeler.AttributeInfo]
2023-01-04 17:44:53.122 DEBUG 3888 --- [kground-preinit] o.a.tomcat.util.digester.Digester.sax    : endElement(,,attribute)
2023-01-04 17:44:53.122 DEBUG 3888 --- [kground-preinit] o.apache.tomcat.util.digester.Digester   :   match='mbeans-descriptors/mbean/attribute'
2023-01-04 17:44:53.122 DEBUG 3888 --- [kground-preinit] o.apache.tomcat.util.digester.Digester   :   bodyText=''
2023-01-04 17:44:53.122 DEBUG 3888 --- [kground-preinit] o.apache.tomcat.util.digester.Digester   :   Fire body() for ObjectCreateRule[className=org.apache.tomcat.util.modeler.AttributeInfo, attributeName=null]
2023-01-04 17:44:53.123 DEBUG 3888 --- [kground-preinit] o.apache.tomcat.util.digester.Digester   :   Fire body() for SetPropertiesRule[]
2023-01-04 17:44:53.123 DEBUG 3888 --- [kground-preinit] o.apache.tomcat.util.digester.Digester   :   Fire body() for SetNextRule[methodName=addAttribute, paramType=org.apache.tomcat.util.modeler.AttributeInfo]
2023-01-04 17:44:53.123 DEBUG 3888 --- [kground-preinit] o.apache.tomcat.util.digester.Digester   :   Fire end() for SetNextRule[methodName=addAttribute, paramType=org.apache.tomcat.util.modeler.AttributeInfo]
2023-01-04 17:44:53.123 DEBUG 3888 --- [kground-preinit] o.apache.tomcat.util.digester.Digester   : [SetNextRule]{mbeans-descriptors/mbean/attribute} Call org.apache.tomcat.util.modeler.ManagedBean.addAttribute(org.apache.tomcat.util.modeler.AttributeInfo@1c11b3d6)
2023-01-04 17:44:53.123 DEBUG 3888 --- [kground-preinit] o.apache.tomcat.util.IntrospectionUtils  : IntrospectionUtils: callMethod1 org.apache.tomcat.util.modeler.ManagedBean org.apache.tomcat.util.modeler.AttributeInfo org.apache.tomcat.util.modeler.AttributeInfo
2023-01-04 17:44:53.123 DEBUG 3888 --- [kground-preinit] o.apache.tomcat.util.digester.Digester   :   Fire end() for SetPropertiesRule[]
2023-01-04 17:44:53.123 DEBUG 3888 --- [kground-preinit] o.apache.tomcat.util.digester.Digester   :   Fire end() for ObjectCreateRule[className=org.apache.tomcat.util.modeler.AttributeInfo, attributeName=null]
2023-01-04 17:44:53.123 DEBUG 3888 --- [kground-preinit] o.apache.tomcat.util.digester.Digester   : [ObjectCreateRule]{mbeans-descriptors/mbean/attribute} Pop org.apache.tomcat.util.modeler.AttributeInfo
2023-01-04 17:44:53.123 DEBUG 3888 --- [kground-preinit] o.a.tomcat.util.digester.Digester.sax    : characters(

    )
2023-01-04 17:44:53.123 DEBUG 3888 --- [kground-preinit] o.a.tomcat.util.digester.Digester.sax    : startElement(,,attribute)
2023-01-04 17:44:53.123 DEBUG 3888 --- [kground-preinit] o.apache.tomcat.util.digester.Digester   :   New match='mbeans-descriptors/mbean/attribute'
2023-01-04 17:44:53.123 DEBUG 3888 --- [kground-preinit] o.apache.tomcat.util.digester.Digester   :   Fire begin() for ObjectCreateRule[className=org.apache.tomcat.util.modeler.AttributeInfo, attributeName=null]
2023-01-04 17:44:53.123 DEBUG 3888 --- [kground-preinit] o.apache.tomcat.util.digester.Digester   : [ObjectCreateRule]{mbeans-descriptors/mbean/attribute}New org.apache.tomcat.util.modeler.AttributeInfo
2023-01-04 17:44:53.123 DEBUG 3888 --- [kground-preinit] o.apache.tomcat.util.digester.Digester   :   Fire begin() for SetPropertiesRule[]
2023-01-04 17:44:53.134 DEBUG 3888 --- [kground-preinit] o.apache.tomcat.util.digester.Digester   : [SetPropertiesRule]{mbeans-descriptors/mbean/attribute} Set org.apache.tomcat.util.modeler.AttributeInfo properties
2023-01-04 17:44:53.134 DEBUG 3888 --- [kground-preinit] o.apache.tomcat.util.digester.Digester   : [SetPropertiesRule]{mbeans-descriptors/mbean/attribute} Setting property 'name' to 'characterEncoding'
2023-01-04 17:44:53.135 DEBUG 3888 --- [kground-preinit] o.apache.tomcat.util.IntrospectionUtils  : IntrospectionUtils: setProperty(class org.apache.tomcat.util.modeler.AttributeInfo name=characterEncoding)
2023-01-04 17:44:53.135 DEBUG 3888 --- [kground-preinit] o.apache.tomcat.util.digester.Digester   : [SetPropertiesRule]{mbeans-descriptors/mbean/attribute} Setting property 'description' to 'Character encoding to use to read the username and password parameters from the request'
2023-01-04 17:44:53.136 DEBUG 3888 --- [kground-preinit] o.apache.tomcat.util.IntrospectionUtils  : IntrospectionUtils: setProperty(class org.apache.tomcat.util.modeler.AttributeInfo description=Character encoding to use to read the username and password parameters from the request)
2023-01-04 17:44:53.136 DEBUG 3888 --- [kground-preinit] o.apache.tomcat.util.digester.Digester   : [SetPropertiesRule]{mbeans-descriptors/mbean/attribute} Setting property 'type' to 'java.lang.String'
2023-01-04 17:44:53.136 DEBUG 3888 --- [kground-preinit] o.apache.tomcat.util.IntrospectionUtils  : IntrospectionUtils: setProperty(class org.apache.tomcat.util.modeler.AttributeInfo type=java.lang.String)
2023-01-04 17:44:53.137 DEBUG 3888 --- [kground-preinit] o.apache.tomcat.util.digester.Digester   :   Fire begin() for SetNextRule[methodName=addAttribute, paramType=org.apache.tomcat.util.modeler.AttributeInfo]
2023-01-04 17:44:53.138 DEBUG 3888 --- [kground-preinit] o.a.tomcat.util.digester.Digester.sax    : endElement(,,attribute)
2023-01-04 17:44:53.138 DEBUG 3888 --- [kground-preinit] o.apache.tomcat.util.digester.Digester   :   match='mbeans-descriptors/mbean/attribute'
2023-01-04 17:44:53.139 DEBUG 3888 --- [kground-preinit] o.apache.tomcat.util.digester.Digester   :   bodyText=''
2023-01-04 17:44:53.139 DEBUG 3888 --- [kground-preinit] o.apache.tomcat.util.digester.Digester   :   Fire body() for ObjectCreateRule[className=org.apache.tomcat.util.modeler.AttributeInfo, attributeName=null]
2023-01-04 17:44:53.139 DEBUG 3888 --- [kground-preinit] o.apache.tomcat.util.digester.Digester   :   Fire body() for SetPropertiesRule[]
2023-01-04 17:44:53.139 DEBUG 3888 --- [kground-preinit] o.apache.tomcat.util.digester.Digester   :   Fire body() for SetNextRule[methodName=addAttribute, paramType=org.apache.tomcat.util.modeler.AttributeInfo]
2023-01-04 17:44:53.139 DEBUG 3888 --- [kground-preinit] o.apache.tomcat.util.digester.Digester   :   Fire end() for SetNextRule[methodName=addAttribute, paramType=org.apache.tomcat.util.modeler.AttributeInfo]
2023-01-04 17:44:53.140 DEBUG 3888 --- [kground-preinit] o.apache.tomcat.util.digester.Digester   : [SetNextRule]{mbeans-descriptors/mbean/attribute} Call org.apache.tomcat.util.modeler.ManagedBean.addAttribute(org.apache.tomcat.util.modeler.AttributeInfo@39acdb95)
2023-01-04 17:44:53.140 DEBUG 3888 --- [kground-preinit] o.apache.tomcat.util.IntrospectionUtils  : IntrospectionUtils: callMethod1 org.apache.tomcat.util.modeler.ManagedBean org.apache.tomcat.util.modeler.AttributeInfo org.apache.tomcat.util.modeler.AttributeInfo
2023-01-04 17:44:53.140 DEBUG 3888 --- [kground-preinit] o.apache.tomcat.util.digester.Digester   :   Fire end() for SetPropertiesRule[]
2023-01-04 17:44:53.140 DEBUG 3888 --- [kground-preinit] o.apache.tomcat.util.digester.Digester   :   Fire end() for ObjectCreateRule[className=org.apache.tomcat.util.modeler.AttributeInfo, attributeName=null]
2023-01-04 17:44:53.140 DEBUG 3888 --- [kground-preinit] o.apache.tomcat.util.digester.Digester   : [ObjectCreateRule]{mbeans-descriptors/mbean/attribute} Pop org.apache.tomcat.util.modeler.AttributeInfo
2023-01-04 17:44:53.140 DEBUG 3888 --- [kground-preinit] o.a.tomcat.util.digester.Digester.sax    : characters(

    )
2023-01-04 17:44:53.141 DEBUG 3888 --- [kground-preinit] o.a.tomcat.util.digester.Digester.sax    : startElement(,,attribute)
2023-01-04 17:44:53.141 DEBUG 3888 --- [kground-preinit] o.apache.tomcat.util.digester.Digester   :   New match='mbeans-descriptors/mbean/attribute'
2023-01-04 17:44:53.141 DEBUG 3888 --- [kground-preinit] o.apache.tomcat.util.digester.Digester   :   Fire begin() for ObjectCreateRule[className=org.apache.tomcat.util.modeler.AttributeInfo, attributeName=null]
2023-01-04 17:44:53.141 DEBUG 3888 --- [kground-preinit] o.apache.tomcat.util.digester.Digester   : [ObjectCreateRule]{mbeans-descriptors/mbean/attribute}New org.apache.tomcat.util.modeler.AttributeInfo
2023-01-04 17:44:53.141 DEBUG 3888 --- [kground-preinit] o.apache.tomcat.util.digester.Digester   :   Fire begin() for SetPropertiesRule[]
2023-01-04 17:44:53.143 DEBUG 3888 --- [kground-preinit] o.apache.tomcat.util.digester.Digester   : [SetPropertiesRule]{mbeans-descriptors/mbean/attribute} Set org.apache.tomcat.util.modeler.AttributeInfo properties
2023-01-04 17:44:53.143 DEBUG 3888 --- [kground-preinit] o.apache.tomcat.util.digester.Digester   : [SetPropertiesRule]{mbeans-descriptors/mbean/attribute} Setting property 'name' to 'className'
2023-01-04 17:44:53.143 DEBUG 3888 --- [kground-preinit] o.apache.tomcat.util.IntrospectionUtils  : IntrospectionUtils: setProperty(class org.apache.tomcat.util.modeler.AttributeInfo name=className)
2023-01-04 17:44:53.144 DEBUG 3888 --- [kground-preinit] o.apache.tomcat.util.digester.Digester   : [SetPropertiesRule]{mbeans-descriptors/mbean/attribute} Setting property 'description' to 'Fully qualified class name of the managed object'
2023-01-04 17:44:53.144 DEBUG 3888 --- [kground-preinit] o.apache.tomcat.util.IntrospectionUtils  : IntrospectionUtils: setProperty(class org.apache.tomcat.util.modeler.AttributeInfo description=Fully qualified class name of the managed object)
2023-01-04 17:44:53.145 DEBUG 3888 --- [kground-preinit] o.apache.tomcat.util.digester.Digester   : [SetPropertiesRule]{mbeans-descriptors/mbean/attribute} Setting property 'type' to 'java.lang.String'
2023-01-04 17:44:53.145 DEBUG 3888 --- [kground-preinit] o.apache.tomcat.util.IntrospectionUtils  : IntrospectionUtils: setProperty(class org.apache.tomcat.util.modeler.AttributeInfo type=java.lang.String)
2023-01-04 17:44:53.146 DEBUG 3888 --- [kground-preinit] o.apache.tomcat.util.digester.Digester   : [SetPropertiesRule]{mbeans-descriptors/mbean/attribute} Setting property 'writeable' to 'false'
2023-01-04 17:44:53.147 DEBUG 3888 --- [kground-preinit] o.apache.tomcat.util.IntrospectionUtils  : IntrospectionUtils: setProperty(class org.apache.tomcat.util.modeler.AttributeInfo writeable=false)
2023-01-04 17:44:53.147 DEBUG 3888 --- [kground-preinit] o.apache.tomcat.util.digester.Digester   :   Fire begin() for SetNextRule[methodName=addAttribute, paramType=org.apache.tomcat.util.modeler.AttributeInfo]
2023-01-04 17:44:53.147 DEBUG 3888 --- [kground-preinit] o.a.tomcat.util.digester.Digester.sax    : endElement(,,attribute)
2023-01-04 17:44:53.147 DEBUG 3888 --- [kground-preinit] o.apache.tomcat.util.digester.Digester   :   match='mbeans-descriptors/mbean/attribute'
2023-01-04 17:44:53.147 DEBUG 3888 --- [kground-preinit] o.apache.tomcat.util.digester.Digester   :   bodyText=''
2023-01-04 17:44:53.147 DEBUG 3888 --- [kground-preinit] o.apache.tomcat.util.digester.Digester   :   Fire body() for ObjectCreateRule[className=org.apache.tomcat.util.modeler.AttributeInfo, attributeName=null]
2023-01-04 17:44:53.148 DEBUG 3888 --- [kground-preinit] o.apache.tomcat.util.digester.Digester   :   Fire body() for SetPropertiesRule[]
2023-01-04 17:44:53.148 DEBUG 3888 --- [kground-preinit] o.apache.tomcat.util.digester.Digester   :   Fire body() for SetNextRule[methodName=addAttribute, paramType=org.apache.tomcat.util.modeler.AttributeInfo]
2023-01-04 17:44:53.148 DEBUG 3888 --- [kground-preinit] o.apache.tomcat.util.digester.Digester   :   Fire end() for SetNextRule[methodName=addAttribute, paramType=org.apache.tomcat.util.modeler.AttributeInfo]
2023-01-04 17:44:53.148 DEBUG 3888 --- [kground-preinit] o.apache.tomcat.util.digester.Digester   : [SetNextRule]{mbeans-descriptors/mbean/attribute} Call org.apache.tomcat.util.modeler.ManagedBean.addAttribute(org.apache.tomcat.util.modeler.AttributeInfo@4aa756e7)
2023-01-04 17:44:53.148 DEBUG 3888 --- [kground-preinit] o.apache.tomcat.util.IntrospectionUtils  : IntrospectionUtils: callMethod1 org.apache.tomcat.util.modeler.ManagedBean org.apache.tomcat.util.modeler.AttributeInfo org.apache.tomcat.util.modeler.AttributeInfo
2023-01-04 17:44:53.148 DEBUG 3888 --- [kground-preinit] o.apache.tomcat.util.digester.Digester   :   Fire end() for SetPropertiesRule[]
2023-01-04 17:44:53.149 DEBUG 3888 --- [kground-preinit] o.apache.tomcat.util.digester.Digester   :   Fire end() for ObjectCreateRule[className=org.apache.tomcat.util.modeler.AttributeInfo, attributeName=null]
2023-01-04 17:44:53.149 DEBUG 3888 --- [kground-preinit] o.apache.tomcat.util.digester.Digester   : [ObjectCreateRule]{mbeans-descriptors/mbean/attribute} Pop org.apache.tomcat.util.modeler.AttributeInfo
2023-01-04 17:44:53.149 DEBUG 3888 --- [kground-preinit] o.a.tomcat.util.digester.Digester.sax    : characters(

    )
2023-01-04 17:44:53.149 DEBUG 3888 --- [kground-preinit] o.a.tomcat.util.digester.Digester.sax    : startElement(,,attribute)
2023-01-04 17:44:53.149 DEBUG 3888 --- [kground-preinit] o.apache.tomcat.util.digester.Digester   :   New match='mbeans-descriptors/mbean/attribute'
2023-01-04 17:44:53.149 DEBUG 3888 --- [kground-preinit] o.apache.tomcat.util.digester.Digester   :   Fire begin() for ObjectCreateRule[className=org.apache.tomcat.util.modeler.AttributeInfo, attributeName=null]
2023-01-04 17:44:53.149 DEBUG 3888 --- [kground-preinit] o.apache.tomcat.util.digester.Digester   : [ObjectCreateRule]{mbeans-descriptors/mbean/attribute}New org.apache.tomcat.util.modeler.AttributeInfo
2023-01-04 17:44:53.149 DEBUG 3888 --- [kground-preinit] o.apache.tomcat.util.digester.Digester   :   Fire begin() for SetPropertiesRule[]
2023-01-04 17:44:53.149 DEBUG 3888 --- [kground-preinit] o.apache.tomcat.util.digester.Digester   : [SetPropertiesRule]{mbeans-descriptors/mbean/attribute} Set org.apache.tomcat.util.modeler.AttributeInfo properties
2023-01-04 17:44:53.149 DEBUG 3888 --- [kground-preinit] o.apache.tomcat.util.digester.Digester   : [SetPropertiesRule]{mbeans-descriptors/mbean/attribute} Setting property 'name' to 'disableProxyCaching'
2023-01-04 17:44:53.150 DEBUG 3888 --- [kground-preinit] o.apache.tomcat.util.IntrospectionUtils  : IntrospectionUtils: setProperty(class org.apache.tomcat.util.modeler.AttributeInfo name=disableProxyCaching)
2023-01-04 17:44:53.150 DEBUG 3888 --- [kground-preinit] o.apache.tomcat.util.digester.Digester   : [SetPropertiesRule]{mbeans-descriptors/mbean/attribute} Setting property 'description' to 'Controls the caching of pages that are protected by security constraints'
2023-01-04 17:44:53.150 DEBUG 3888 --- [kground-preinit] o.apache.tomcat.util.IntrospectionUtils  : IntrospectionUtils: setProperty(class org.apache.tomcat.util.modeler.AttributeInfo description=Controls the caching of pages that are protected by security constraints)
2023-01-04 17:44:53.150 DEBUG 3888 --- [kground-preinit] o.apache.tomcat.util.digester.Digester   : [SetPropertiesRule]{mbeans-descriptors/mbean/attribute} Setting property 'type' to 'boolean'
2023-01-04 17:44:53.150 DEBUG 3888 --- [kground-preinit] o.apache.tomcat.util.IntrospectionUtils  : IntrospectionUtils: setProperty(class org.apache.tomcat.util.modeler.AttributeInfo type=boolean)
2023-01-04 17:44:53.150 DEBUG 3888 --- [kground-preinit] o.apache.tomcat.util.digester.Digester   :   Fire begin() for SetNextRule[methodName=addAttribute, paramType=org.apache.tomcat.util.modeler.AttributeInfo]
2023-01-04 17:44:53.151 DEBUG 3888 --- [kground-preinit] o.a.tomcat.util.digester.Digester.sax    : endElement(,,attribute)
2023-01-04 17:44:53.151 DEBUG 3888 --- [kground-preinit] o.apache.tomcat.util.digester.Digester   :   match='mbeans-descriptors/mbean/attribute'
2023-01-04 17:44:53.151 DEBUG 3888 --- [kground-preinit] o.apache.tomcat.util.digester.Digester   :   bodyText=''
2023-01-04 17:44:53.151 DEBUG 3888 --- [kground-preinit] o.apache.tomcat.util.digester.Digester   :   Fire body() for ObjectCreateRule[className=org.apache.tomcat.util.modeler.AttributeInfo, attributeName=null]
2023-01-04 17:44:53.151 DEBUG 3888 --- [kground-preinit] o.apache.tomcat.util.digester.Digester   :   Fire body() for SetPropertiesRule[]
2023-01-04 17:44:53.151 DEBUG 3888 --- [kground-preinit] o.apache.tomcat.util.digester.Digester   :   Fire body() for SetNextRule[methodName=addAttribute, paramType=org.apache.tomcat.util.modeler.AttributeInfo]
2023-01-04 17:44:53.151 DEBUG 3888 --- [kground-preinit] o.apache.tomcat.util.digester.Digester   :   Fire end() for SetNextRule[methodName=addAttribute, paramType=org.apache.tomcat.util.modeler.AttributeInfo]
2023-01-04 17:44:53.151 DEBUG 3888 --- [kground-preinit] o.apache.tomcat.util.digester.Digester   : [SetNextRule]{mbeans-descriptors/mbean/attribute} Call org.apache.tomcat.util.modeler.ManagedBean.addAttribute(org.apache.tomcat.util.modeler.AttributeInfo@14f4aca)
2023-01-04 17:44:53.151 DEBUG 3888 --- [kground-preinit] o.apache.tomcat.util.IntrospectionUtils  : IntrospectionUtils: callMethod1 org.apache.tomcat.util.modeler.ManagedBean org.apache.tomcat.util.modeler.AttributeInfo org.apache.tomcat.util.modeler.AttributeInfo
2023-01-04 17:44:53.151 DEBUG 3888 --- [kground-preinit] o.apache.tomcat.util.digester.Digester   :   Fire end() for SetPropertiesRule[]
2023-01-04 17:44:53.151 DEBUG 3888 --- [kground-preinit] o.apache.tomcat.util.digester.Digester   :   Fire end() for ObjectCreateRule[className=org.apache.tomcat.util.modeler.AttributeInfo, attributeName=null]
2023-01-04 17:44:53.152 DEBUG 3888 --- [kground-preinit] o.apache.tomcat.util.digester.Digester   : [ObjectCreateRule]{mbeans-descriptors/mbean/attribute} Pop org.apache.tomcat.util.modeler.AttributeInfo
2023-01-04 17:44:53.152 DEBUG 3888 --- [kground-preinit] o.a.tomcat.util.digester.Digester.sax    : characters(

    )
2023-01-04 17:44:53.152 DEBUG 3888 --- [kground-preinit] o.a.tomcat.util.digester.Digester.sax    : startElement(,,attribute)
2023-01-04 17:44:53.152 DEBUG 3888 --- [kground-preinit] o.apache.tomcat.util.digester.Digester   :   New match='mbeans-descriptors/mbean/attribute'
2023-01-04 17:44:53.152 DEBUG 3888 --- [kground-preinit] o.apache.tomcat.util.digester.Digester   :   Fire begin() for ObjectCreateRule[className=org.apache.tomcat.util.modeler.AttributeInfo, attributeName=null]
2023-01-04 17:44:53.152 DEBUG 3888 --- [kground-preinit] o.apache.tomcat.util.digester.Digester   : [ObjectCreateRule]{mbeans-descriptors/mbean/attribute}New org.apache.tomcat.util.modeler.AttributeInfo
2023-01-04 17:44:53.153 DEBUG 3888 --- [kground-preinit] o.apache.tomcat.util.digester.Digester   :   Fire begin() for SetPropertiesRule[]
2023-01-04 17:44:53.153 DEBUG 3888 --- [kground-preinit] o.apache.tomcat.util.digester.Digester   : [SetPropertiesRule]{mbeans-descriptors/mbean/attribute} Set org.apache.tomcat.util.modeler.AttributeInfo properties
2023-01-04 17:44:53.153 DEBUG 3888 --- [kground-preinit] o.apache.tomcat.util.digester.Digester   : [SetPropertiesRule]{mbeans-descriptors/mbean/attribute} Setting property 'name' to 'landingPage'
2023-01-04 17:44:53.153 DEBUG 3888 --- [kground-preinit] o.apache.tomcat.util.IntrospectionUtils  : IntrospectionUtils: setProperty(class org.apache.tomcat.util.modeler.AttributeInfo name=landingPage)
2023-01-04 17:44:53.153 DEBUG 3888 --- [kground-preinit] o.apache.tomcat.util.digester.Digester   : [SetPropertiesRule]{mbeans-descriptors/mbean/attribute} Setting property 'description' to 'Controls the behavior of the FORM authentication process if the process is misused, for example by directly requesting the login page or delaying logging in for so long that the session expires'
2023-01-04 17:44:53.154 DEBUG 3888 --- [kground-preinit] o.apache.tomcat.util.IntrospectionUtils  : IntrospectionUtils: setProperty(class org.apache.tomcat.util.modeler.AttributeInfo description=Controls the behavior of the FORM authentication process if the process is misused, for example by directly requesting the login page or delaying logging in for so long that the session expires)
2023-01-04 17:44:53.154 DEBUG 3888 --- [kground-preinit] o.apache.tomcat.util.digester.Digester   : [SetPropertiesRule]{mbeans-descriptors/mbean/attribute} Setting property 'type' to 'java.lang.String'
2023-01-04 17:44:53.154 DEBUG 3888 --- [kground-preinit] o.apache.tomcat.util.IntrospectionUtils  : IntrospectionUtils: setProperty(class org.apache.tomcat.util.modeler.AttributeInfo type=java.lang.String)
2023-01-04 17:44:53.154 DEBUG 3888 --- [kground-preinit] o.apache.tomcat.util.digester.Digester   :   Fire begin() for SetNextRule[methodName=addAttribute, paramType=org.apache.tomcat.util.modeler.AttributeInfo]
2023-01-04 17:44:53.154 DEBUG 3888 --- [kground-preinit] o.a.tomcat.util.digester.Digester.sax    : endElement(,,attribute)
2023-01-04 17:44:53.155 DEBUG 3888 --- [kground-preinit] o.apache.tomcat.util.digester.Digester   :   match='mbeans-descriptors/mbean/attribute'
2023-01-04 17:44:53.155 DEBUG 3888 --- [kground-preinit] o.apache.tomcat.util.digester.Digester   :   bodyText=''
2023-01-04 17:44:53.155 DEBUG 3888 --- [kground-preinit] o.apache.tomcat.util.digester.Digester   :   Fire body() for ObjectCreateRule[className=org.apache.tomcat.util.modeler.AttributeInfo, attributeName=null]
2023-01-04 17:44:53.155 DEBUG 3888 --- [kground-preinit] o.apache.tomcat.util.digester.Digester   :   Fire body() for SetPropertiesRule[]
2023-01-04 17:44:53.155 DEBUG 3888 --- [kground-preinit] o.apache.tomcat.util.digester.Digester   :   Fire body() for SetNextRule[methodName=addAttribute, paramType=org.apache.tomcat.util.modeler.AttributeInfo]
2023-01-04 17:44:53.155 DEBUG 3888 --- [kground-preinit] o.apache.tomcat.util.digester.Digester   :   Fire end() for SetNextRule[methodName=addAttribute, paramType=org.apache.tomcat.util.modeler.AttributeInfo]
2023-01-04 17:44:53.156 DEBUG 3888 --- [kground-preinit] o.apache.tomcat.util.digester.Digester   : [SetNextRule]{mbeans-descriptors/mbean/attribute} Call org.apache.tomcat.util.modeler.ManagedBean.addAttribute(org.apache.tomcat.util.modeler.AttributeInfo@10d1c636)
2023-01-04 17:44:53.156 DEBUG 3888 --- [kground-preinit] o.apache.tomcat.util.IntrospectionUtils  : IntrospectionUtils: callMethod1 org.apache.tomcat.util.modeler.ManagedBean org.apache.tomcat.util.modeler.AttributeInfo org.apache.tomcat.util.modeler.AttributeInfo
2023-01-04 17:44:53.156 DEBUG 3888 --- [kground-preinit] o.apache.tomcat.util.digester.Digester   :   Fire end() for SetPropertiesRule[]
2023-01-04 17:44:53.156 DEBUG 3888 --- [kground-preinit] o.apache.tomcat.util.digester.Digester   :   Fire end() for ObjectCreateRule[className=org.apache.tomcat.util.modeler.AttributeInfo, attributeName=null]
2023-01-04 17:44:53.156 DEBUG 3888 --- [kground-preinit] o.apache.tomcat.util.digester.Digester   : [ObjectCreateRule]{mbeans-descriptors/mbean/attribute} Pop org.apache.tomcat.util.modeler.AttributeInfo
2023-01-04 17:44:53.156 DEBUG 3888 --- [kground-preinit] o.a.tomcat.util.digester.Digester.sax    : characters(

    )
2023-01-04 17:44:53.156 DEBUG 3888 --- [kground-preinit] o.a.tomcat.util.digester.Digester.sax    : startElement(,,attribute)
2023-01-04 17:44:53.156 DEBUG 3888 --- [kground-preinit] o.apache.tomcat.util.digester.Digester   :   New match='mbeans-descriptors/mbean/attribute'
2023-01-04 17:44:53.157 DEBUG 3888 --- [kground-preinit] o.apache.tomcat.util.digester.Digester   :   Fire begin() for ObjectCreateRule[className=org.apache.tomcat.util.modeler.AttributeInfo, attributeName=null]
2023-01-04 17:44:53.157 DEBUG 3888 --- [kground-preinit] o.apache.tomcat.util.digester.Digester   : [ObjectCreateRule]{mbeans-descriptors/mbean/attribute}New org.apache.tomcat.util.modeler.AttributeInfo
2023-01-04 17:44:53.157 DEBUG 3888 --- [kground-preinit] o.apache.tomcat.util.digester.Digester   :   Fire begin() for SetPropertiesRule[]
2023-01-04 17:44:53.157 DEBUG 3888 --- [kground-preinit] o.apache.tomcat.util.digester.Digester   : [SetPropertiesRule]{mbeans-descriptors/mbean/attribute} Set org.apache.tomcat.util.modeler.AttributeInfo properties
2023-01-04 17:44:53.157 DEBUG 3888 --- [kground-preinit] o.apache.tomcat.util.digester.Digester   : [SetPropertiesRule]{mbeans-descriptors/mbean/attribute} Setting property 'name' to 'securePagesWithPragma'
2023-01-04 17:44:53.157 DEBUG 3888 --- [kground-preinit] o.apache.tomcat.util.IntrospectionUtils  : IntrospectionUtils: setProperty(class org.apache.tomcat.util.modeler.AttributeInfo name=securePagesWithPragma)
2023-01-04 17:44:53.157 DEBUG 3888 --- [kground-preinit] o.apache.tomcat.util.digester.Digester   : [SetPropertiesRule]{mbeans-descriptors/mbean/attribute} Setting property 'description' to 'Controls the caching of pages that are protected by security constraints'
2023-01-04 17:44:53.157 ERROR 3888 --- [           main] o.s.boot.SpringApplication               : Application run failed

java.lang.IllegalStateException: Cannot load configuration class: com.affani.datatranx.DatatranxApplication
	at org.springframework.context.annotation.ConfigurationClassPostProcessor.enhanceConfigurationClasses(ConfigurationClassPostProcessor.java:414) ~[spring-context-5.0.8.RELEASE.jar:5.0.8.RELEASE]
	at org.springframework.context.annotation.ConfigurationClassPostProcessor.postProcessBeanFactory(ConfigurationClassPostProcessor.java:254) ~[spring-context-5.0.8.RELEASE.jar:5.0.8.RELEASE]
	at org.springframework.context.support.PostProcessorRegistrationDelegate.invokeBeanFactoryPostProcessors(PostProcessorRegistrationDelegate.java:282) ~[spring-context-5.0.8.RELEASE.jar:5.0.8.RELEASE]
	at org.springframework.context.support.PostProcessorRegistrationDelegate.invokeBeanFactoryPostProcessors(PostProcessorRegistrationDelegate.java:126) ~[spring-context-5.0.8.RELEASE.jar:5.0.8.RELEASE]
	at org.springframework.context.support.AbstractApplicationContext.invokeBeanFactoryPostProcessors(AbstractApplicationContext.java:694) ~[spring-context-5.0.8.RELEASE.jar:5.0.8.RELEASE]
	at org.springframework.context.support.AbstractApplicationContext.refresh(AbstractApplicationContext.java:532) ~[spring-context-5.0.8.RELEASE.jar:5.0.8.RELEASE]
	at org.springframework.boot.SpringApplication.refresh(SpringApplication.java:762) ~[spring-boot-2.0.4.RELEASE.jar:2.0.4.RELEASE]
	at org.springframework.boot.SpringApplication.refreshContext(SpringApplication.java:398) ~[spring-boot-2.0.4.RELEASE.jar:2.0.4.RELEASE]
	at org.springframework.boot.SpringApplication.run(SpringApplication.java:330) ~[spring-boot-2.0.4.RELEASE.jar:2.0.4.RELEASE]
	at org.springframework.boot.test.context.SpringBootContextLoader.loadContext(SpringBootContextLoader.java:139) ~[spring-boot-test-2.0.4.RELEASE.jar:2.0.4.RELEASE]
	at org.springframework.test.context.cache.DefaultCacheAwareContextLoaderDelegate.loadContextInternal(DefaultCacheAwareContextLoaderDelegate.java:99) ~[spring-test-5.0.8.RELEASE.jar:5.0.8.RELEASE]
	at org.springframework.test.context.cache.DefaultCacheAwareContextLoaderDelegate.loadContext(DefaultCacheAwareContextLoaderDelegate.java:117) ~[spring-test-5.0.8.RELEASE.jar:5.0.8.RELEASE]
	at org.springframework.test.context.support.DefaultTestContext.getApplicationContext(DefaultTestContext.java:108) ~[spring-test-5.0.8.RELEASE.jar:5.0.8.RELEASE]
	at org.springframework.test.context.web.ServletTestExecutionListener.setUpRequestContextIfNecessary(ServletTestExecutionListener.java:190) ~[spring-test-5.0.8.RELEASE.jar:5.0.8.RELEASE]
	at org.springframework.test.context.web.ServletTestExecutionListener.prepareTestInstance(ServletTestExecutionListener.java:132) ~[spring-test-5.0.8.RELEASE.jar:5.0.8.RELEASE]
	at org.springframework.test.context.TestContextManager.prepareTestInstance(TestContextManager.java:246) ~[spring-test-5.0.8.RELEASE.jar:5.0.8.RELEASE]
	at org.springframework.test.context.junit4.SpringJUnit4ClassRunner.createTest(SpringJUnit4ClassRunner.java:227) ~[spring-test-5.0.8.RELEASE.jar:5.0.8.RELEASE]
	at org.springframework.test.context.junit4.SpringJUnit4ClassRunner$1.runReflectiveCall(SpringJUnit4ClassRunner.java:289) ~[spring-test-5.0.8.RELEASE.jar:5.0.8.RELEASE]
	at org.junit.internal.runners.model.ReflectiveCallable.run(ReflectiveCallable.java:12) ~[junit-4.12.jar:4.12]
	at org.springframework.test.context.junit4.SpringJUnit4ClassRunner.methodBlock(SpringJUnit4ClassRunner.java:291) ~[spring-test-5.0.8.RELEASE.jar:5.0.8.RELEASE]
	at org.springframework.test.context.junit4.SpringJUnit4ClassRunner.runChild(SpringJUnit4ClassRunner.java:246) ~[spring-test-5.0.8.RELEASE.jar:5.0.8.RELEASE]
	at org.springframework.test.context.junit4.SpringJUnit4ClassRunner.runChild(SpringJUnit4ClassRunner.java:97) ~[spring-test-5.0.8.RELEASE.jar:5.0.8.RELEASE]
	at org.junit.runners.ParentRunner$3.run(ParentRunner.java:290) ~[junit-4.12.jar:4.12]
	at org.junit.runners.ParentRunner$1.schedule(ParentRunner.java:71) ~[junit-4.12.jar:4.12]
	at org.junit.runners.ParentRunner.runChildren(ParentRunner.java:288) ~[junit-4.12.jar:4.12]
	at org.junit.runners.ParentRunner.access$000(ParentRunner.java:58) ~[junit-4.12.jar:4.12]
	at org.junit.runners.ParentRunner$2.evaluate(ParentRunner.java:268) ~[junit-4.12.jar:4.12]
	at org.springframework.test.context.junit4.statements.RunBeforeTestClassCallbacks.evaluate(RunBeforeTestClassCallbacks.java:61) ~[spring-test-5.0.8.RELEASE.jar:5.0.8.RELEASE]
	at org.springframework.test.context.junit4.statements.RunAfterTestClassCallbacks.evaluate(RunAfterTestClassCallbacks.java:70) ~[spring-test-5.0.8.RELEASE.jar:5.0.8.RELEASE]
	at org.junit.runners.ParentRunner.run(ParentRunner.java:363) ~[junit-4.12.jar:4.12]
	at org.springframework.test.context.junit4.SpringJUnit4ClassRunner.run(SpringJUnit4ClassRunner.java:190) ~[spring-test-5.0.8.RELEASE.jar:5.0.8.RELEASE]
	at org.apache.maven.surefire.junit4.JUnit4Provider.execute(JUnit4Provider.java:365) ~[surefire-junit4-2.21.0.jar:2.21.0]
	at org.apache.maven.surefire.junit4.JUnit4Provider.executeWithRerun(JUnit4Provider.java:273) ~[surefire-junit4-2.21.0.jar:2.21.0]
	at org.apache.maven.surefire.junit4.JUnit4Provider.executeTestSet(JUnit4Provider.java:238) ~[surefire-junit4-2.21.0.jar:2.21.0]
	at org.apache.maven.surefire.junit4.JUnit4Provider.invoke(JUnit4Provider.java:159) ~[surefire-junit4-2.21.0.jar:2.21.0]
	at org.apache.maven.surefire.booter.ForkedBooter.invokeProviderInSameClassLoader(ForkedBooter.java:379) ~[surefire-booter-2.21.0.jar:2.21.0]
	at org.apache.maven.surefire.booter.ForkedBooter.runSuitesInProcess(ForkedBooter.java:340) ~[surefire-booter-2.21.0.jar:2.21.0]
	at org.apache.maven.surefire.booter.ForkedBooter.execute(ForkedBooter.java:125) ~[surefire-booter-2.21.0.jar:2.21.0]
	at org.apache.maven.surefire.booter.ForkedBooter.main(ForkedBooter.java:413) ~[surefire-booter-2.21.0.jar:2.21.0]
Caused by: java.lang.ExceptionInInitializerError: null
	at org.springframework.context.annotation.ConfigurationClassEnhancer.newEnhancer(ConfigurationClassEnhancer.java:122) ~[spring-context-5.0.8.RELEASE.jar:5.0.8.RELEASE]
	at org.springframework.context.annotation.ConfigurationClassEnhancer.enhance(ConfigurationClassEnhancer.java:110) ~[spring-context-5.0.8.RELEASE.jar:5.0.8.RELEASE]
	at org.springframework.context.annotation.ConfigurationClassPostProcessor.enhanceConfigurationClasses(ConfigurationClassPostProcessor.java:403) ~[spring-context-5.0.8.RELEASE.jar:5.0.8.RELEASE]
	... 38 common frames omitted
Caused by: org.springframework.cglib.core.CodeGenerationException: java.lang.reflect.InaccessibleObjectException-->Unable to make protected final java.lang.Class java.lang.ClassLoader.defineClass(java.lang.String,byte[],int,int,java.security.ProtectionDomain) throws java.lang.ClassFormatError accessible: module java.base does not "opens java.lang" to unnamed module @1fc2b765
	at org.springframework.cglib.core.ReflectUtils.defineClass(ReflectUtils.java:464) ~[spring-core-5.0.8.RELEASE.jar:5.0.8.RELEASE]
	at org.springframework.cglib.core.AbstractClassGenerator.generate(AbstractClassGenerator.java:336) ~[spring-core-5.0.8.RELEASE.jar:5.0.8.RELEASE]
	at org.springframework.cglib.core.AbstractClassGenerator$ClassLoaderData$3.apply(AbstractClassGenerator.java:93) ~[spring-core-5.0.8.RELEASE.jar:5.0.8.RELEASE]
	at org.springframework.cglib.core.AbstractClassGenerator$ClassLoaderData$3.apply(AbstractClassGenerator.java:91) ~[spring-core-5.0.8.RELEASE.jar:5.0.8.RELEASE]
	at org.springframework.cglib.core.internal.LoadingCache$2.call(LoadingCache.java:54) ~[spring-core-5.0.8.RELEASE.jar:5.0.8.RELEASE]
	at java.base/java.util.concurrent.FutureTask.run(FutureTask.java:264) ~[na:na]
	at org.springframework.cglib.core.internal.LoadingCache.createEntry(LoadingCache.java:61) ~[spring-core-5.0.8.RELEASE.jar:5.0.8.RELEASE]
	at org.springframework.cglib.core.internal.LoadingCache.get(LoadingCache.java:34) ~[spring-core-5.0.8.RELEASE.jar:5.0.8.RELEASE]
	at org.springframework.cglib.core.AbstractClassGenerator$ClassLoaderData.get(AbstractClassGenerator.java:116) ~[spring-core-5.0.8.RELEASE.jar:5.0.8.RELEASE]
	at org.springframework.cglib.core.AbstractClassGenerator.create(AbstractClassGenerator.java:291) ~[spring-core-5.0.8.RELEASE.jar:5.0.8.RELEASE]
	at org.springframework.cglib.core.KeyFactory$Generator.create(KeyFactory.java:221) ~[spring-core-5.0.8.RELEASE.jar:5.0.8.RELEASE]
	at org.springframework.cglib.core.KeyFactory.create(KeyFactory.java:174) ~[spring-core-5.0.8.RELEASE.jar:5.0.8.RELEASE]
	at org.springframework.cglib.core.KeyFactory.create(KeyFactory.java:153) ~[spring-core-5.0.8.RELEASE.jar:5.0.8.RELEASE]
	at org.springframework.cglib.proxy.Enhancer.<clinit>(Enhancer.java:73) ~[spring-core-5.0.8.RELEASE.jar:5.0.8.RELEASE]
	... 41 common frames omitted
Caused by: java.lang.reflect.InaccessibleObjectException: Unable to make protected final java.lang.Class java.lang.ClassLoader.defineClass(java.lang.String,byte[],int,int,java.security.ProtectionDomain) throws java.lang.ClassFormatError accessible: module java.base does not "opens java.lang" to unnamed module @1fc2b765
	at java.base/java.lang.reflect.AccessibleObject.checkCanSetAccessible(AccessibleObject.java:354) ~[na:na]
	at java.base/java.lang.reflect.AccessibleObject.checkCanSetAccessible(AccessibleObject.java:297) ~[na:na]
	at java.base/java.lang.reflect.Method.checkCanSetAccessible(Method.java:199) ~[na:na]
	at java.base/java.lang.reflect.Method.setAccessible(Method.java:193) ~[na:na]
	at org.springframework.cglib.core.ReflectUtils$1.run(ReflectUtils.java:61) ~[spring-core-5.0.8.RELEASE.jar:5.0.8.RELEASE]
	at java.base/java.security.AccessController.doPrivileged(AccessController.java:569) ~[na:na]
	at org.springframework.cglib.core.ReflectUtils.<clinit>(ReflectUtils.java:52) ~[spring-core-5.0.8.RELEASE.jar:5.0.8.RELEASE]
	at org.springframework.cglib.core.KeyFactory$Generator.generateClass(KeyFactory.java:243) ~[spring-core-5.0.8.RELEASE.jar:5.0.8.RELEASE]
	at org.springframework.cglib.core.DefaultGeneratorStrategy.generate(DefaultGeneratorStrategy.java:25) ~[spring-core-5.0.8.RELEASE.jar:5.0.8.RELEASE]
	at org.springframework.cglib.core.AbstractClassGenerator.generate(AbstractClassGenerator.java:329) ~[spring-core-5.0.8.RELEASE.jar:5.0.8.RELEASE]
	... 53 common frames omitted

2023-01-04 17:44:53.158 DEBUG 3888 --- [kground-preinit] o.apache.tomcat.util.IntrospectionUtils  : IntrospectionUtils: setProperty(class org.apache.tomcat.util.modeler.AttributeInfo description=Controls the caching of pages that are protected by security constraints)
2023-01-04 17:44:53.160 DEBUG 3888 --- [kground-preinit] o.apache.tomcat.util.digester.Digester   : [SetPropertiesRule]{mbeans-descriptors/mbean/attribute} Setting property 'type' to 'boolean'
2023-01-04 17:44:53.160 DEBUG 3888 --- [kground-preinit] o.apache.tomcat.util.IntrospectionUtils  : IntrospectionUtils: setProperty(class org.apache.tomcat.util.modeler.AttributeInfo type=boolean)
2023-01-04 17:44:53.161 DEBUG 3888 --- [kground-preinit] o.apache.tomcat.util.digester.Digester   :   Fire begin() for SetNextRule[methodName=addAttribute, paramType=org.apache.tomcat.util.modeler.AttributeInfo]
2023-01-04 17:44:53.161 DEBUG 3888 --- [kground-preinit] o.a.tomcat.util.digester.Digester.sax    : endElement(,,attribute)
2023-01-04 17:44:53.161 DEBUG 3888 --- [kground-preinit] o.apache.tomcat.util.digester.Digester   :   match='mbeans-descriptors/mbean/attribute'
2023-01-04 17:44:53.162 DEBUG 3888 --- [kground-preinit] o.apache.tomcat.util.digester.Digester   :   bodyText=''
2023-01-04 17:44:53.162 DEBUG 3888 --- [kground-preinit] o.apache.tomcat.util.digester.Digester   :   Fire body() for ObjectCreateRule[className=org.apache.tomcat.util.modeler.AttributeInfo, attributeName=null]
2023-01-04 17:44:53.162 DEBUG 3888 --- [kground-preinit] o.apache.tomcat.util.digester.Digester   :   Fire body() for SetPropertiesRule[]
2023-01-04 17:44:53.163 DEBUG 3888 --- [kground-preinit] o.apache.tomcat.util.digester.Digester   :   Fire body() for SetNextRule[methodName=addAttribute, paramType=org.apache.tomcat.util.modeler.AttributeInfo]
2023-01-04 17:44:53.163  INFO 3888 --- [           main] o.s.w.c.s.GenericWebApplicationContext   : Closing org.springframework.web.context.support.GenericWebApplicationContext@76f7d241: startup date [Wed Jan 04 17:44:47 GMT+05:30 2023]; root of context hierarchy
2023-01-04 17:44:53.163 DEBUG 3888 --- [kground-preinit] o.apache.tomcat.util.digester.Digester   :   Fire end() for SetNextRule[methodName=addAttribute, paramType=org.apache.tomcat.util.modeler.AttributeInfo]
2023-01-04 17:44:53.163 DEBUG 3888 --- [kground-preinit] o.apache.tomcat.util.digester.Digester   : [SetNextRule]{mbeans-descriptors/mbean/attribute} Call org.apache.tomcat.util.modeler.ManagedBean.addAttribute(org.apache.tomcat.util.modeler.AttributeInfo@4f7ec7ca)
2023-01-04 17:44:53.164 DEBUG 3888 --- [kground-preinit] o.apache.tomcat.util.IntrospectionUtils  : IntrospectionUtils: callMethod1 org.apache.tomcat.util.modeler.ManagedBean org.apache.tomcat.util.modeler.AttributeInfo org.apache.tomcat.util.modeler.AttributeInfo
2023-01-04 17:44:53.164 DEBUG 3888 --- [kground-preinit] o.apache.tomcat.util.digester.Digester   :   Fire end() for SetPropertiesRule[]
2023-01-04 17:44:53.164 DEBUG 3888 --- [kground-preinit] o.apache.tomcat.util.digester.Digester   :   Fire end() for ObjectCreateRule[className=org.apache.tomcat.util.modeler.AttributeInfo, attributeName=null]
2023-01-04 17:44:53.167 DEBUG 3888 --- [kground-preinit] o.apache.tomcat.util.digester.Digester   : [ObjectCreateRule]{mbeans-descriptors/mbean/attribute} Pop org.apache.tomcat.util.modeler.AttributeInfo
2023-01-04 17:44:53.168 DEBUG 3888 --- [           main] o.s.b.f.s.DefaultListableBeanFactory     : Destroying singletons in org.springframework.beans.factory.support.DefaultListableBeanFactory@cdc3aae: defining beans [org.springframework.context.annotation.internalConfigurationAnnotationProcessor,org.springframework.context.annotation.internalAutowiredAnnotationProcessor,org.springframework.context.annotation.internalRequiredAnnotationProcessor,org.springframework.context.annotation.internalCommonAnnotationProcessor,org.springframework.context.annotation.internalPersistenceAnnotationProcessor,org.springframework.context.event.internalEventListenerProcessor,org.springframework.context.event.internalEventListenerFactory,org.springframework.boot.test.context.ImportsContextCustomizer$ImportsCleanupPostProcessor,org.springframework.boot.test.mock.mockito.MockitoPostProcessor$SpyPostProcessor,org.springframework.boot.test.mock.mockito.MockitoPostProcessor,datatranxApplication,org.springframework.boot.autoconfigure.internalCachingMetadataReaderFactory,webConfiguration,RESTAPIController,declarativeTrxAccountService,progTrxManagerAccountService,progTrxTemplateAccountService,h2servletRegistration,org.springframework.boot.autoconfigure.AutoConfigurationPackages,org.springframework.boot.autoconfigure.context.PropertyPlaceholderAutoConfiguration,org.springframework.boot.autoconfigure.condition.BeanTypeRegistry,propertySourcesPlaceholderConfigurer,org.springframework.boot.autoconfigure.websocket.servlet.WebSocketServletAutoConfiguration$TomcatWebSocketConfiguration,websocketContainerCustomizer,org.springframework.boot.autoconfigure.websocket.servlet.WebSocketServletAutoConfiguration,org.springframework.boot.autoconfigure.web.servlet.ServletWebServerFactoryConfiguration$EmbeddedTomcat,tomcatServletWebServerFactory,org.springframework.boot.autoconfigure.web.servlet.ServletWebServerFactoryAutoConfiguration,servletWebServerFactoryCustomizer,tomcatServletWebServerFactoryCustomizer,server-org.springframework.boot.autoconfigure.web.ServerProperties,org.springframework.boot.context.properties.ConfigurationPropertiesBindingPostProcessor,org.springframework.boot.context.properties.ConfigurationBeanFactoryMetadata,webServerFactoryCustomizerBeanPostProcessor,errorPageRegistrarBeanPostProcessor,org.springframework.boot.autoconfigure.web.servlet.DispatcherServletAutoConfiguration$DispatcherServletConfiguration,dispatcherServlet,spring.mvc-org.springframework.boot.autoconfigure.web.servlet.WebMvcProperties,org.springframework.boot.autoconfigure.web.servlet.DispatcherServletAutoConfiguration$DispatcherServletRegistrationConfiguration,dispatcherServletRegistration,org.springframework.boot.autoconfigure.web.servlet.DispatcherServletAutoConfiguration,org.springframework.boot.autoconfigure.validation.ValidationAutoConfiguration,defaultValidator,methodValidationPostProcessor,org.springframework.boot.autoconfigure.web.servlet.error.ErrorMvcAutoConfiguration$WhitelabelErrorViewConfiguration,error,beanNameViewResolver,org.springframework.boot.autoconfigure.web.servlet.error.ErrorMvcAutoConfiguration$DefaultErrorViewResolverConfiguration,conventionErrorViewResolver,org.springframework.boot.autoconfigure.web.servlet.error.ErrorMvcAutoConfiguration,errorAttributes,basicErrorController,errorPageCustomizer,preserveErrorControllerTargetClassPostProcessor,spring.resources-org.springframework.boot.autoconfigure.web.ResourceProperties,org.springframework.boot.autoconfigure.web.servlet.WebMvcAutoConfiguration$WebMvcAutoConfigurationAdapter$FaviconConfiguration,faviconHandlerMapping,faviconRequestHandler,org.springframework.boot.autoconfigure.web.servlet.WebMvcAutoConfiguration$EnableWebMvcConfiguration,requestMappingHandlerAdapter,requestMappingHandlerMapping,mvcConversionService,mvcValidator,mvcContentNegotiationManager,mvcPathMatcher,mvcUrlPathHelper,viewControllerHandlerMapping,beanNameHandlerMapping,resourceHandlerMapping,mvcResourceUrlProvider,defaultServletHandlerMapping,mvcUriComponentsContributor,httpRequestHandlerAdapter,simpleControllerHandlerAdapter,handlerExceptionResolver,mvcViewResolver,mvcHandlerMappingIntrospector,org.springframework.boot.autoconfigure.web.servlet.WebMvcAutoConfiguration$WebMvcAutoConfigurationAdapter,defaultViewResolver,viewResolver,welcomePageHandlerMapping,requestContextFilter,org.springframework.boot.autoconfigure.web.servlet.WebMvcAutoConfiguration,hiddenHttpMethodFilter,httpPutFormContentFilter,org.springframework.boot.autoconfigure.aop.AopAutoConfiguration$CglibAutoProxyConfiguration,org.springframework.aop.config.internalAutoProxyCreator,org.springframework.boot.autoconfigure.aop.AopAutoConfiguration,org.springframework.boot.autoconfigure.context.ConfigurationPropertiesAutoConfiguration,org.springframework.boot.autoconfigure.dao.PersistenceExceptionTranslationAutoConfiguration,persistenceExceptionTranslationPostProcessor,org.springframework.boot.autoconfigure.transaction.jta.JtaAutoConfiguration,spring.jta-org.springframework.boot.autoconfigure.transaction.jta.JtaProperties,org.springframework.boot.autoconfigure.jdbc.DataSourceConfiguration$Hikari,dataSource,org.springframework.boot.autoconfigure.jdbc.DataSourceAutoConfiguration$PooledDataSourceConfiguration,org.springframework.boot.autoconfigure.jdbc.metadata.DataSourcePoolMetadataProvidersConfiguration$HikariPoolDataSourceMetadataProviderConfiguration,hikariPoolDataSourceMetadataProvider,org.springframework.boot.autoconfigure.jdbc.metadata.DataSourcePoolMetadataProvidersConfiguration,org.springframework.boot.autoconfigure.jdbc.DataSourceInitializerInvoker,org.springframework.boot.autoconfigure.jdbc.DataSourceInitializationConfiguration,dataSourceInitializerPostProcessor,org.springframework.boot.autoconfigure.jdbc.DataSourceAutoConfiguration,spring.datasource-org.springframework.boot.autoconfigure.jdbc.DataSourceProperties,org.springframework.boot.autoconfigure.orm.jpa.JpaBaseConfiguration$JpaWebConfiguration$JpaWebMvcConfiguration,openEntityManagerInViewInterceptor,org.springframework.boot.autoconfigure.orm.jpa.JpaBaseConfiguration$JpaWebConfiguration,org.springframework.boot.autoconfigure.orm.jpa.HibernateJpaConfiguration,transactionManager,jpaVendorAdapter,entityManagerFactoryBuilder,entityManagerFactory,spring.jpa-org.springframework.boot.autoconfigure.orm.jpa.JpaProperties,dataSourceInitializedPublisher,org.springframework.boot.autoconfigure.orm.jpa.HibernateJpaAutoConfiguration,org.springframework.boot.autoconfigure.data.jpa.JpaRepositoriesAutoConfiguration,emBeanDefinitionRegistrarPostProcessor,jpaMappingContext,jpaContext,IAccountDAO,org.springframework.boot.autoconfigure.jackson.JacksonAutoConfiguration$Jackson2ObjectMapperBuilderCustomizerConfiguration,standardJacksonObjectMapperBuilderCustomizer,spring.jackson-org.springframework.boot.autoconfigure.jackson.JacksonProperties,org.springframework.boot.autoconfigure.jackson.JacksonAutoConfiguration$JacksonObjectMapperBuilderConfiguration,jacksonObjectMapperBuilder,org.springframework.boot.autoconfigure.jackson.JacksonAutoConfiguration$ParameterNamesModuleConfiguration,parameterNamesModule,org.springframework.boot.autoconfigure.jackson.JacksonAutoConfiguration$JacksonObjectMapperConfiguration,jacksonObjectMapper,org.springframework.boot.autoconfigure.jackson.JacksonAutoConfiguration,jsonComponentModule,org.springframework.boot.autoconfigure.http.HttpMessageConvertersAutoConfiguration$StringHttpMessageConverterConfiguration,stringHttpMessageConverter,spring.http.encoding-org.springframework.boot.autoconfigure.http.HttpEncodingProperties,org.springframework.boot.autoconfigure.http.JacksonHttpMessageConvertersConfiguration$MappingJackson2HttpMessageConverterConfiguration,mappingJackson2HttpMessageConverter,org.springframework.boot.autoconfigure.http.JacksonHttpMessageConvertersConfiguration,org.springframework.boot.autoconfigure.http.HttpMessageConvertersAutoConfiguration,messageConverters,org.springframework.data.web.config.ProjectingArgumentResolverRegistrar,projectingArgumentResolverBeanPostProcessor,org.springframework.data.web.config.SpringDataWebConfiguration,pageableResolver,sortResolver,org.springframework.data.web.config.SpringDataJacksonConfiguration,jacksonGeoModule,org.springframework.boot.autoconfigure.data.web.SpringDataWebAutoConfiguration,pageableCustomizer,sortCustomizer,spring.data.web-org.springframework.boot.autoconfigure.data.web.SpringDataWebProperties,org.springframework.boot.autoconfigure.http.codec.CodecsAutoConfiguration$JacksonCodecConfiguration,jacksonCodecCustomizer,org.springframework.boot.autoconfigure.http.codec.CodecsAutoConfiguration,org.springframework.boot.autoconfigure.info.ProjectInfoAutoConfiguration,spring.info-org.springframework.boot.autoconfigure.info.ProjectInfoProperties,org.springframework.boot.autoconfigure.jdbc.JdbcTemplateAutoConfiguration$JdbcTemplateConfiguration,jdbcTemplate,org.springframework.boot.autoconfigure.jdbc.JdbcTemplateAutoConfiguration$NamedParameterJdbcTemplateConfiguration,namedParameterJdbcTemplate,org.springframework.boot.autoconfigure.jdbc.JdbcTemplateAutoConfiguration,spring.jdbc-org.springframework.boot.autoconfigure.jdbc.JdbcProperties,org.springframework.boot.autoconfigure.security.reactive.ReactiveSecurityAutoConfiguration,spring.security-org.springframework.boot.autoconfigure.security.SecurityProperties,org.springframework.boot.autoconfigure.jdbc.DataSourceTransactionManagerAutoConfiguration$DataSourceTransactionManagerConfiguration,org.springframework.boot.autoconfigure.jdbc.DataSourceTransactionManagerAutoConfiguration,org.springframework.transaction.annotation.ProxyTransactionManagementConfiguration,org.springframework.transaction.config.internalTransactionAdvisor,transactionAttributeSource,transactionInterceptor,org.springframework.transaction.config.internalTransactionalEventListenerFactory,org.springframework.boot.autoconfigure.transaction.TransactionAutoConfiguration$EnableTransactionManagementConfiguration$CglibAutoProxyConfiguration,org.springframework.boot.autoconfigure.transaction.TransactionAutoConfiguration$EnableTransactionManagementConfiguration,org.springframework.boot.autoconfigure.transaction.TransactionAutoConfiguration$TransactionTemplateConfiguration,transactionTemplate,org.springframework.boot.autoconfigure.transaction.TransactionAutoConfiguration,platformTransactionManagerCustomizers,spring.transaction-org.springframework.boot.autoconfigure.transaction.TransactionProperties,org.springframework.boot.autoconfigure.web.client.RestTemplateAutoConfiguration,restTemplateBuilder,org.springframework.boot.autoconfigure.web.embedded.EmbeddedWebServerFactoryCustomizerAutoConfiguration$TomcatWebServerFactoryCustomizerConfiguration,tomcatWebServerFactoryCustomizer,org.springframework.boot.autoconfigure.web.embedded.EmbeddedWebServerFactoryCustomizerAutoConfiguration,org.springframework.boot.autoconfigure.web.servlet.HttpEncodingAutoConfiguration,characterEncodingFilter,localeCharsetMappingsCustomizer,org.springframework.boot.autoconfigure.web.servlet.MultipartAutoConfiguration,multipartConfigElement,multipartResolver,spring.servlet.multipart-org.springframework.boot.autoconfigure.web.servlet.MultipartProperties,org.springframework.boot.test.autoconfigure.web.servlet.MockMvcAutoConfiguration,mockMvcBuilder,springBootMockMvcBuilderCustomizer,mockMvc]; root of factory hierarchy
2023-01-04 17:44:53.168 DEBUG 3888 --- [kground-preinit] o.a.tomcat.util.digester.Digester.sax    : characters(

    )
2023-01-04 17:44:53.168 DEBUG 3888 --- [           main] o.s.b.f.s.DefaultListableBeanFactory     : Retrieved dependent beans for bean 'org.springframework.boot.autoconfigure.internalCachingMetadataReaderFactory': [org.springframework.context.annotation.internalConfigurationAnnotationProcessor]
2023-01-04 17:44:53.168 DEBUG 3888 --- [kground-preinit] o.a.tomcat.util.digester.Digester.sax    : startElement(,,attribute)
2023-01-04 17:44:53.168 DEBUG 3888 --- [kground-preinit] o.apache.tomcat.util.digester.Digester   :   New match='mbeans-descriptors/mbean/attribute'
2023-01-04 17:44:53.168 DEBUG 3888 --- [kground-preinit] o.apache.tomcat.util.digester.Digester   :   Fire begin() for ObjectCreateRule[className=org.apache.tomcat.util.modeler.AttributeInfo, attributeName=null]
2023-01-04 17:44:53.168 DEBUG 3888 --- [kground-preinit] o.apache.tomcat.util.digester.Digester   : [ObjectCreateRule]{mbeans-descriptors/mbean/attribute}New org.apache.tomcat.util.modeler.AttributeInfo
2023-01-04 17:44:53.168 DEBUG 3888 --- [kground-preinit] o.apache.tomcat.util.digester.Digester   :   Fire begin() for SetPropertiesRule[]
2023-01-04 17:44:53.168 DEBUG 3888 --- [kground-preinit] o.apache.tomcat.util.digester.Digester   : [SetPropertiesRule]{mbeans-descriptors/mbean/attribute} Set org.apache.tomcat.util.modeler.AttributeInfo properties
2023-01-04 17:44:53.168 DEBUG 3888 --- [kground-preinit] o.apache.tomcat.util.digester.Digester   : [SetPropertiesRule]{mbeans-descriptors/mbean/attribute} Setting property 'name' to 'secureRandomAlgorithm'
2023-01-04 17:44:53.169 DEBUG 3888 --- [kground-preinit] o.apache.tomcat.util.IntrospectionUtils  : IntrospectionUtils: setProperty(class org.apache.tomcat.util.modeler.AttributeInfo name=secureRandomAlgorithm)
2023-01-04 17:44:53.169 DEBUG 3888 --- [kground-preinit] o.apache.tomcat.util.digester.Digester   : [SetPropertiesRule]{mbeans-descriptors/mbean/attribute} Setting property 'description' to 'The name of the algorithm to use for SSO session ID generation'
2023-01-04 17:44:53.170 DEBUG 3888 --- [kground-preinit] o.apache.tomcat.util.IntrospectionUtils  : IntrospectionUtils: setProperty(class org.apache.tomcat.util.modeler.AttributeInfo description=The name of the algorithm to use for SSO session ID generation)
2023-01-04 17:44:53.170 DEBUG 3888 --- [kground-preinit] o.apache.tomcat.util.digester.Digester   : [SetPropertiesRule]{mbeans-descriptors/mbean/attribute} Setting property 'type' to 'java.lang.String'
2023-01-04 17:44:53.170 DEBUG 3888 --- [kground-preinit] o.apache.tomcat.util.IntrospectionUtils  : IntrospectionUtils: setProperty(class org.apache.tomcat.util.modeler.AttributeInfo type=java.lang.String)
2023-01-04 17:44:53.172 DEBUG 3888 --- [kground-preinit] o.apache.tomcat.util.digester.Digester   :   Fire begin() for SetNextRule[methodName=addAttribute, paramType=org.apache.tomcat.util.modeler.AttributeInfo]
2023-01-04 17:44:53.172 DEBUG 3888 --- [kground-preinit] o.a.tomcat.util.digester.Digester.sax    : endElement(,,attribute)
2023-01-04 17:44:53.173 DEBUG 3888 --- [kground-preinit] o.apache.tomcat.util.digester.Digester   :   match='mbeans-descriptors/mbean/attribute'
2023-01-04 17:44:53.173 DEBUG 3888 --- [kground-preinit] o.apache.tomcat.util.digester.Digester   :   bodyText=''
2023-01-04 17:44:53.172 ERROR 3888 --- [           main] o.s.test.context.TestContextManager      : Caught exception while allowing TestExecutionListener [org.springframework.test.context.web.ServletTestExecutionListener@673be18f] to prepare test instance [com.affani.datatranx.controller.RESTAPIControllerTest@5fbdc49b]

java.lang.IllegalStateException: Failed to load ApplicationContext
	at org.springframework.test.context.cache.DefaultCacheAwareContextLoaderDelegate.loadContext(DefaultCacheAwareContextLoaderDelegate.java:125) ~[spring-test-5.0.8.RELEASE.jar:5.0.8.RELEASE]
	at org.springframework.test.context.support.DefaultTestContext.getApplicationContext(DefaultTestContext.java:108) ~[spring-test-5.0.8.RELEASE.jar:5.0.8.RELEASE]
	at org.springframework.test.context.web.ServletTestExecutionListener.setUpRequestContextIfNecessary(ServletTestExecutionListener.java:190) ~[spring-test-5.0.8.RELEASE.jar:5.0.8.RELEASE]
	at org.springframework.test.context.web.ServletTestExecutionListener.prepareTestInstance(ServletTestExecutionListener.java:132) ~[spring-test-5.0.8.RELEASE.jar:5.0.8.RELEASE]
	at org.springframework.test.context.TestContextManager.prepareTestInstance(TestContextManager.java:246) ~[spring-test-5.0.8.RELEASE.jar:5.0.8.RELEASE]
	at org.springframework.test.context.junit4.SpringJUnit4ClassRunner.createTest(SpringJUnit4ClassRunner.java:227) ~[spring-test-5.0.8.RELEASE.jar:5.0.8.RELEASE]
	at org.springframework.test.context.junit4.SpringJUnit4ClassRunner$1.runReflectiveCall(SpringJUnit4ClassRunner.java:289) ~[spring-test-5.0.8.RELEASE.jar:5.0.8.RELEASE]
	at org.junit.internal.runners.model.ReflectiveCallable.run(ReflectiveCallable.java:12) ~[junit-4.12.jar:4.12]
	at org.springframework.test.context.junit4.SpringJUnit4ClassRunner.methodBlock(SpringJUnit4ClassRunner.java:291) ~[spring-test-5.0.8.RELEASE.jar:5.0.8.RELEASE]
	at org.springframework.test.context.junit4.SpringJUnit4ClassRunner.runChild(SpringJUnit4ClassRunner.java:246) ~[spring-test-5.0.8.RELEASE.jar:5.0.8.RELEASE]
	at org.springframework.test.context.junit4.SpringJUnit4ClassRunner.runChild(SpringJUnit4ClassRunner.java:97) ~[spring-test-5.0.8.RELEASE.jar:5.0.8.RELEASE]
	at org.junit.runners.ParentRunner$3.run(ParentRunner.java:290) ~[junit-4.12.jar:4.12]
	at org.junit.runners.ParentRunner$1.schedule(ParentRunner.java:71) ~[junit-4.12.jar:4.12]
	at org.junit.runners.ParentRunner.runChildren(ParentRunner.java:288) ~[junit-4.12.jar:4.12]
	at org.junit.runners.ParentRunner.access$000(ParentRunner.java:58) ~[junit-4.12.jar:4.12]
	at org.junit.runners.ParentRunner$2.evaluate(ParentRunner.java:268) ~[junit-4.12.jar:4.12]
	at org.springframework.test.context.junit4.statements.RunBeforeTestClassCallbacks.evaluate(RunBeforeTestClassCallbacks.java:61) ~[spring-test-5.0.8.RELEASE.jar:5.0.8.RELEASE]
	at org.springframework.test.context.junit4.statements.RunAfterTestClassCallbacks.evaluate(RunAfterTestClassCallbacks.java:70) ~[spring-test-5.0.8.RELEASE.jar:5.0.8.RELEASE]
	at org.junit.runners.ParentRunner.run(ParentRunner.java:363) ~[junit-4.12.jar:4.12]
	at org.springframework.test.context.junit4.SpringJUnit4ClassRunner.run(SpringJUnit4ClassRunner.java:190) ~[spring-test-5.0.8.RELEASE.jar:5.0.8.RELEASE]
	at org.apache.maven.surefire.junit4.JUnit4Provider.execute(JUnit4Provider.java:365) ~[surefire-junit4-2.21.0.jar:2.21.0]
	at org.apache.maven.surefire.junit4.JUnit4Provider.executeWithRerun(JUnit4Provider.java:273) ~[surefire-junit4-2.21.0.jar:2.21.0]
	at org.apache.maven.surefire.junit4.JUnit4Provider.executeTestSet(JUnit4Provider.java:238) ~[surefire-junit4-2.21.0.jar:2.21.0]
	at org.apache.maven.surefire.junit4.JUnit4Provider.invoke(JUnit4Provider.java:159) ~[surefire-junit4-2.21.0.jar:2.21.0]
	at org.apache.maven.surefire.booter.ForkedBooter.invokeProviderInSameClassLoader(ForkedBooter.java:379) ~[surefire-booter-2.21.0.jar:2.21.0]
	at org.apache.maven.surefire.booter.ForkedBooter.runSuitesInProcess(ForkedBooter.java:340) ~[surefire-booter-2.21.0.jar:2.21.0]
	at org.apache.maven.surefire.booter.ForkedBooter.execute(ForkedBooter.java:125) ~[surefire-booter-2.21.0.jar:2.21.0]
	at org.apache.maven.surefire.booter.ForkedBooter.main(ForkedBooter.java:413) ~[surefire-booter-2.21.0.jar:2.21.0]
Caused by: java.lang.IllegalStateException: Cannot load configuration class: com.affani.datatranx.DatatranxApplication
	at org.springframework.context.annotation.ConfigurationClassPostProcessor.enhanceConfigurationClasses(ConfigurationClassPostProcessor.java:414) ~[spring-context-5.0.8.RELEASE.jar:5.0.8.RELEASE]
	at org.springframework.context.annotation.ConfigurationClassPostProcessor.postProcessBeanFactory(ConfigurationClassPostProcessor.java:254) ~[spring-context-5.0.8.RELEASE.jar:5.0.8.RELEASE]
	at org.springframework.context.support.PostProcessorRegistrationDelegate.invokeBeanFactoryPostProcessors(PostProcessorRegistrationDelegate.java:282) ~[spring-context-5.0.8.RELEASE.jar:5.0.8.RELEASE]
	at org.springframework.context.support.PostProcessorRegistrationDelegate.invokeBeanFactoryPostProcessors(PostProcessorRegistrationDelegate.java:126) ~[spring-context-5.0.8.RELEASE.jar:5.0.8.RELEASE]
	at org.springframework.context.support.AbstractApplicationContext.invokeBeanFactoryPostProcessors(AbstractApplicationContext.java:694) ~[spring-context-5.0.8.RELEASE.jar:5.0.8.RELEASE]
	at org.springframework.context.support.AbstractApplicationContext.refresh(AbstractApplicationContext.java:532) ~[spring-context-5.0.8.RELEASE.jar:5.0.8.RELEASE]
	at org.springframework.boot.SpringApplication.refresh(SpringApplication.java:762) ~[spring-boot-2.0.4.RELEASE.jar:2.0.4.RELEASE]
	at org.springframework.boot.SpringApplication.refreshContext(SpringApplication.java:398) ~[spring-boot-2.0.4.RELEASE.jar:2.0.4.RELEASE]
	at org.springframework.boot.SpringApplication.run(SpringApplication.java:330) ~[spring-boot-2.0.4.RELEASE.jar:2.0.4.RELEASE]
	at org.springframework.boot.test.context.SpringBootContextLoader.loadContext(SpringBootContextLoader.java:139) ~[spring-boot-test-2.0.4.RELEASE.jar:2.0.4.RELEASE]
	at org.springframework.test.context.cache.DefaultCacheAwareContextLoaderDelegate.loadContextInternal(DefaultCacheAwareContextLoaderDelegate.java:99) ~[spring-test-5.0.8.RELEASE.jar:5.0.8.RELEASE]
	at org.springframework.test.context.cache.DefaultCacheAwareContextLoaderDelegate.loadContext(DefaultCacheAwareContextLoaderDelegate.java:117) ~[spring-test-5.0.8.RELEASE.jar:5.0.8.RELEASE]
	... 27 common frames omitted
Caused by: java.lang.ExceptionInInitializerError: null
	at org.springframework.context.annotation.ConfigurationClassEnhancer.newEnhancer(ConfigurationClassEnhancer.java:122) ~[spring-context-5.0.8.RELEASE.jar:5.0.8.RELEASE]
	at org.springframework.context.annotation.ConfigurationClassEnhancer.enhance(ConfigurationClassEnhancer.java:110) ~[spring-context-5.0.8.RELEASE.jar:5.0.8.RELEASE]
	at org.springframework.context.annotation.ConfigurationClassPostProcessor.enhanceConfigurationClasses(ConfigurationClassPostProcessor.java:403) ~[spring-context-5.0.8.RELEASE.jar:5.0.8.RELEASE]
	... 38 common frames omitted
Caused by: org.springframework.cglib.core.CodeGenerationException: java.lang.reflect.InaccessibleObjectException-->Unable to make protected final java.lang.Class java.lang.ClassLoader.defineClass(java.lang.String,byte[],int,int,java.security.ProtectionDomain) throws java.lang.ClassFormatError accessible: module java.base does not "opens java.lang" to unnamed module @1fc2b765
	at org.springframework.cglib.core.ReflectUtils.defineClass(ReflectUtils.java:464) ~[spring-core-5.0.8.RELEASE.jar:5.0.8.RELEASE]
	at org.springframework.cglib.core.AbstractClassGenerator.generate(AbstractClassGenerator.java:336) ~[spring-core-5.0.8.RELEASE.jar:5.0.8.RELEASE]
	at org.springframework.cglib.core.AbstractClassGenerator$ClassLoaderData$3.apply(AbstractClassGenerator.java:93) ~[spring-core-5.0.8.RELEASE.jar:5.0.8.RELEASE]
	at org.springframework.cglib.core.AbstractClassGenerator$ClassLoaderData$3.apply(AbstractClassGenerator.java:91) ~[spring-core-5.0.8.RELEASE.jar:5.0.8.RELEASE]
	at org.springframework.cglib.core.internal.LoadingCache$2.call(LoadingCache.java:54) ~[spring-core-5.0.8.RELEASE.jar:5.0.8.RELEASE]
	at java.base/java.util.concurrent.FutureTask.run(FutureTask.java:264) ~[na:na]
	at org.springframework.cglib.core.internal.LoadingCache.createEntry(LoadingCache.java:61) ~[spring-core-5.0.8.RELEASE.jar:5.0.8.RELEASE]
	at org.springframework.cglib.core.internal.LoadingCache.get(LoadingCache.java:34) ~[spring-core-5.0.8.RELEASE.jar:5.0.8.RELEASE]
	at org.springframework.cglib.core.AbstractClassGenerator$ClassLoaderData.get(AbstractClassGenerator.java:116) ~[spring-core-5.0.8.RELEASE.jar:5.0.8.RELEASE]
	at org.springframework.cglib.core.AbstractClassGenerator.create(AbstractClassGenerator.java:291) ~[spring-core-5.0.8.RELEASE.jar:5.0.8.RELEASE]
	at org.springframework.cglib.core.KeyFactory$Generator.create(KeyFactory.java:221) ~[spring-core-5.0.8.RELEASE.jar:5.0.8.RELEASE]
	at org.springframework.cglib.core.KeyFactory.create(KeyFactory.java:174) ~[spring-core-5.0.8.RELEASE.jar:5.0.8.RELEASE]
	at org.springframework.cglib.core.KeyFactory.create(KeyFactory.java:153) ~[spring-core-5.0.8.RELEASE.jar:5.0.8.RELEASE]
	at org.springframework.cglib.proxy.Enhancer.<clinit>(Enhancer.java:73) ~[spring-core-5.0.8.RELEASE.jar:5.0.8.RELEASE]
	... 41 common frames omitted
Caused by: java.lang.reflect.InaccessibleObjectException: Unable to make protected final java.lang.Class java.lang.ClassLoader.defineClass(java.lang.String,byte[],int,int,java.security.ProtectionDomain) throws java.lang.ClassFormatError accessible: module java.base does not "opens java.lang" to unnamed module @1fc2b765
	at java.base/java.lang.reflect.AccessibleObject.checkCanSetAccessible(AccessibleObject.java:354) ~[na:na]
	at java.base/java.lang.reflect.AccessibleObject.checkCanSetAccessible(AccessibleObject.java:297) ~[na:na]
	at java.base/java.lang.reflect.Method.checkCanSetAccessible(Method.java:199) ~[na:na]
	at java.base/java.lang.reflect.Method.setAccessible(Method.java:193) ~[na:na]
	at org.springframework.cglib.core.ReflectUtils$1.run(ReflectUtils.java:61) ~[spring-core-5.0.8.RELEASE.jar:5.0.8.RELEASE]
	at java.base/java.security.AccessController.doPrivileged(AccessController.java:569) ~[na:na]
	at org.springframework.cglib.core.ReflectUtils.<clinit>(ReflectUtils.java:52) ~[spring-core-5.0.8.RELEASE.jar:5.0.8.RELEASE]
	at org.springframework.cglib.core.KeyFactory$Generator.generateClass(KeyFactory.java:243) ~[spring-core-5.0.8.RELEASE.jar:5.0.8.RELEASE]
	at org.springframework.cglib.core.DefaultGeneratorStrategy.generate(DefaultGeneratorStrategy.java:25) ~[spring-core-5.0.8.RELEASE.jar:5.0.8.RELEASE]
	at org.springframework.cglib.core.AbstractClassGenerator.generate(AbstractClassGenerator.java:329) ~[spring-core-5.0.8.RELEASE.jar:5.0.8.RELEASE]
	... 53 common frames omitted

2023-01-04 17:44:53.174 DEBUG 3888 --- [kground-preinit] o.apache.tomcat.util.digester.Digester   :   Fire body() for ObjectCreateRule[className=org.apache.tomcat.util.modeler.AttributeInfo, attributeName=null]
2023-01-04 17:44:53.175 DEBUG 3888 --- [kground-preinit] o.apache.tomcat.util.digester.Digester   :   Fire body() for SetPropertiesRule[]
2023-01-04 17:44:53.175 DEBUG 3888 --- [kground-preinit] o.apache.tomcat.util.digester.Digester   :   Fire body() for SetNextRule[methodName=addAttribute, paramType=org.apache.tomcat.util.modeler.AttributeInfo]
2023-01-04 17:44:53.175 DEBUG 3888 --- [kground-preinit] o.apache.tomcat.util.digester.Digester   :   Fire end() for SetNextRule[methodName=addAttribute, paramType=org.apache.tomcat.util.modeler.AttributeInfo]
2023-01-04 17:44:53.176 DEBUG 3888 --- [kground-preinit] o.apache.tomcat.util.digester.Digester   : [SetNextRule]{mbeans-descriptors/mbean/attribute} Call org.apache.tomcat.util.modeler.ManagedBean.addAttribute(org.apache.tomcat.util.modeler.AttributeInfo@3f1ea0ac)
2023-01-04 17:44:53.176 DEBUG 3888 --- [kground-preinit] o.apache.tomcat.util.IntrospectionUtils  : IntrospectionUtils: callMethod1 org.apache.tomcat.util.modeler.ManagedBean org.apache.tomcat.util.modeler.AttributeInfo org.apache.tomcat.util.modeler.AttributeInfo
2023-01-04 17:44:53.176 DEBUG 3888 --- [kground-preinit] o.apache.tomcat.util.digester.Digester   :   Fire end() for SetPropertiesRule[]
2023-01-04 17:44:53.176 DEBUG 3888 --- [kground-preinit] o.apache.tomcat.util.digester.Digester   :   Fire end() for ObjectCreateRule[className=org.apache.tomcat.util.modeler.AttributeInfo, attributeName=null]
2023-01-04 17:44:53.177 DEBUG 3888 --- [kground-preinit] o.apache.tomcat.util.digester.Digester   : [ObjectCreateRule]{mbeans-descriptors/mbean/attribute} Pop org.apache.tomcat.util.modeler.AttributeInfo
2023-01-04 17:44:53.178 DEBUG 3888 --- [kground-preinit] o.a.tomcat.util.digester.Digester.sax    : characters(

    )
2023-01-04 17:44:53.178 DEBUG 3888 --- [kground-preinit] o.a.tomcat.util.digester.Digester.sax    : startElement(,,attribute)
2023-01-04 17:44:53.178 DEBUG 3888 --- [kground-preinit] o.apache.tomcat.util.digester.Digester   :   New match='mbeans-descriptors/mbean/attribute'
2023-01-04 17:44:53.178 DEBUG 3888 --- [kground-preinit] o.apache.tomcat.util.digester.Digester   :   Fire begin() for ObjectCreateRule[className=org.apache.tomcat.util.modeler.AttributeInfo, attributeName=null]
2023-01-04 17:44:53.178 DEBUG 3888 --- [kground-preinit] o.apache.tomcat.util.digester.Digester   : [ObjectCreateRule]{mbeans-descriptors/mbean/attribute}New org.apache.tomcat.util.modeler.AttributeInfo
2023-01-04 17:44:53.178 DEBUG 3888 --- [kground-preinit] o.apache.tomcat.util.digester.Digester   :   Fire begin() for SetPropertiesRule[]
2023-01-04 17:44:53.179 DEBUG 3888 --- [kground-preinit] o.apache.tomcat.util.digester.Digester   : [SetPropertiesRule]{mbeans-descriptors/mbean/attribute} Set org.apache.tomcat.util.modeler.AttributeInfo properties
2023-01-04 17:44:53.179 DEBUG 3888 --- [kground-preinit] o.apache.tomcat.util.digester.Digester   : [SetPropertiesRule]{mbeans-descriptors/mbean/attribute} Setting property 'name' to 'secureRandomClass'
2023-01-04 17:44:53.179 DEBUG 3888 --- [kground-preinit] o.apache.tomcat.util.IntrospectionUtils  : IntrospectionUtils: setProperty(class org.apache.tomcat.util.modeler.AttributeInfo name=secureRandomClass)
2023-01-04 17:44:53.179 DEBUG 3888 --- [kground-preinit] o.apache.tomcat.util.digester.Digester   : [SetPropertiesRule]{mbeans-descriptors/mbean/attribute} Setting property 'description' to 'The name of the class to use for SSO session ID generation'
2023-01-04 17:44:53.179 DEBUG 3888 --- [kground-preinit] o.apache.tomcat.util.IntrospectionUtils  : IntrospectionUtils: setProperty(class org.apache.tomcat.util.modeler.AttributeInfo description=The name of the class to use for SSO session ID generation)
2023-01-04 17:44:53.180 DEBUG 3888 --- [kground-preinit] o.apache.tomcat.util.digester.Digester   : [SetPropertiesRule]{mbeans-descriptors/mbean/attribute} Setting property 'type' to 'java.lang.String'
2023-01-04 17:44:53.180 DEBUG 3888 --- [kground-preinit] o.apache.tomcat.util.IntrospectionUtils  : IntrospectionUtils: setProperty(class org.apache.tomcat.util.modeler.AttributeInfo type=java.lang.String)
2023-01-04 17:44:53.181 DEBUG 3888 --- [kground-preinit] o.apache.tomcat.util.digester.Digester   :   Fire begin() for SetNextRule[methodName=addAttribute, paramType=org.apache.tomcat.util.modeler.AttributeInfo]
2023-01-04 17:44:53.181 DEBUG 3888 --- [kground-preinit] o.a.tomcat.util.digester.Digester.sax    : endElement(,,attribute)
2023-01-04 17:44:53.181 DEBUG 3888 --- [kground-preinit] o.apache.tomcat.util.digester.Digester   :   match='mbeans-descriptors/mbean/attribute'
2023-01-04 17:44:53.182 DEBUG 3888 --- [kground-preinit] o.apache.tomcat.util.digester.Digester   :   bodyText=''
2023-01-04 17:44:53.182 DEBUG 3888 --- [kground-preinit] o.apache.tomcat.util.digester.Digester   :   Fire body() for ObjectCreateRule[className=org.apache.tomcat.util.modeler.AttributeInfo, attributeName=null]
2023-01-04 17:44:53.182 DEBUG 3888 --- [kground-preinit] o.apache.tomcat.util.digester.Digester   :   Fire body() for SetPropertiesRule[]
2023-01-04 17:44:53.182 DEBUG 3888 --- [kground-preinit] o.apache.tomcat.util.digester.Digester   :   Fire body() for SetNextRule[methodName=addAttribute, paramType=org.apache.tomcat.util.modeler.AttributeInfo]
2023-01-04 17:44:53.182 DEBUG 3888 --- [kground-preinit] o.apache.tomcat.util.digester.Digester   :   Fire end() for SetNextRule[methodName=addAttribute, paramType=org.apache.tomcat.util.modeler.AttributeInfo]
2023-01-04 17:44:53.182 DEBUG 3888 --- [kground-preinit] o.apache.tomcat.util.digester.Digester   : [SetNextRule]{mbeans-descriptors/mbean/attribute} Call org.apache.tomcat.util.modeler.ManagedBean.addAttribute(org.apache.tomcat.util.modeler.AttributeInfo@447cb49f)
2023-01-04 17:44:53.182 DEBUG 3888 --- [kground-preinit] o.apache.tomcat.util.IntrospectionUtils  : IntrospectionUtils: callMethod1 org.apache.tomcat.util.modeler.ManagedBean org.apache.tomcat.util.modeler.AttributeInfo org.apache.tomcat.util.modeler.AttributeInfo
2023-01-04 17:44:53.182 DEBUG 3888 --- [kground-preinit] o.apache.tomcat.util.digester.Digester   :   Fire end() for SetPropertiesRule[]
2023-01-04 17:44:53.183 DEBUG 3888 --- [kground-preinit] o.apache.tomcat.util.digester.Digester   :   Fire end() for ObjectCreateRule[className=org.apache.tomcat.util.modeler.AttributeInfo, attributeName=null]
2023-01-04 17:44:53.183 DEBUG 3888 --- [kground-preinit] o.apache.tomcat.util.digester.Digester   : [ObjectCreateRule]{mbeans-descriptors/mbean/attribute} Pop org.apache.tomcat.util.modeler.AttributeInfo
2023-01-04 17:44:53.183 DEBUG 3888 --- [kground-preinit] o.a.tomcat.util.digester.Digester.sax    : characters(

    )
2023-01-04 17:44:53.183 DEBUG 3888 --- [kground-preinit] o.a.tomcat.util.digester.Digester.sax    : startElement(,,attribute)
2023-01-04 17:44:53.183 DEBUG 3888 --- [kground-preinit] o.apache.tomcat.util.digester.Digester   :   New match='mbeans-descriptors/mbean/attribute'
2023-01-04 17:44:53.183 DEBUG 3888 --- [kground-preinit] o.apache.tomcat.util.digester.Digester   :   Fire begin() for ObjectCreateRule[className=org.apache.tomcat.util.modeler.AttributeInfo, attributeName=null]
2023-01-04 17:44:53.184 DEBUG 3888 --- [kground-preinit] o.apache.tomcat.util.digester.Digester   : [ObjectCreateRule]{mbeans-descriptors/mbean/attribute}New org.apache.tomcat.util.modeler.AttributeInfo
2023-01-04 17:44:53.184 DEBUG 3888 --- [kground-preinit] o.apache.tomcat.util.digester.Digester   :   Fire begin() for SetPropertiesRule[]
2023-01-04 17:44:53.184 DEBUG 3888 --- [kground-preinit] o.apache.tomcat.util.digester.Digester   : [SetPropertiesRule]{mbeans-descriptors/mbean/attribute} Set org.apache.tomcat.util.modeler.AttributeInfo properties
2023-01-04 17:44:53.185 DEBUG 3888 --- [kground-preinit] o.apache.tomcat.util.digester.Digester   : [SetPropertiesRule]{mbeans-descriptors/mbean/attribute} Setting property 'name' to 'secureRandomProvider'
2023-01-04 17:44:53.185 DEBUG 3888 --- [kground-preinit] o.apache.tomcat.util.IntrospectionUtils  : IntrospectionUtils: setProperty(class org.apache.tomcat.util.modeler.AttributeInfo name=secureRandomProvider)
2023-01-04 17:44:53.185 DEBUG 3888 --- [kground-preinit] o.apache.tomcat.util.digester.Digester   : [SetPropertiesRule]{mbeans-descriptors/mbean/attribute} Setting property 'description' to 'The name of the provider to use for SSO session ID generation'
2023-01-04 17:44:53.185 DEBUG 3888 --- [kground-preinit] o.apache.tomcat.util.IntrospectionUtils  : IntrospectionUtils: setProperty(class org.apache.tomcat.util.modeler.AttributeInfo description=The name of the provider to use for SSO session ID generation)
2023-01-04 17:44:53.185 DEBUG 3888 --- [kground-preinit] o.apache.tomcat.util.digester.Digester   : [SetPropertiesRule]{mbeans-descriptors/mbean/attribute} Setting property 'type' to 'java.lang.String'
2023-01-04 17:44:53.185 DEBUG 3888 --- [kground-preinit] o.apache.tomcat.util.IntrospectionUtils  : IntrospectionUtils: setProperty(class org.apache.tomcat.util.modeler.AttributeInfo type=java.lang.String)
2023-01-04 17:44:53.185 DEBUG 3888 --- [kground-preinit] o.apache.tomcat.util.digester.Digester   :   Fire begin() for SetNextRule[methodName=addAttribute, paramType=org.apache.tomcat.util.modeler.AttributeInfo]
2023-01-04 17:44:53.185 DEBUG 3888 --- [kground-preinit] o.a.tomcat.util.digester.Digester.sax    : endElement(,,attribute)
2023-01-04 17:44:53.185 DEBUG 3888 --- [kground-preinit] o.apache.tomcat.util.digester.Digester   :   match='mbeans-descriptors/mbean/attribute'
2023-01-04 17:44:53.185 DEBUG 3888 --- [kground-preinit] o.apache.tomcat.util.digester.Digester   :   bodyText=''
2023-01-04 17:44:53.185 DEBUG 3888 --- [kground-preinit] o.apache.tomcat.util.digester.Digester   :   Fire body() for ObjectCreateRule[className=org.apache.tomcat.util.modeler.AttributeInfo, attributeName=null]
2023-01-04 17:44:53.185 DEBUG 3888 --- [kground-preinit] o.apache.tomcat.util.digester.Digester   :   Fire body() for SetPropertiesRule[]
2023-01-04 17:44:53.186 DEBUG 3888 --- [kground-preinit] o.apache.tomcat.util.digester.Digester   :   Fire body() for SetNextRule[methodName=addAttribute, paramType=org.apache.tomcat.util.modeler.AttributeInfo]
2023-01-04 17:44:53.186 DEBUG 3888 --- [kground-preinit] o.apache.tomcat.util.digester.Digester   :   Fire end() for SetNextRule[methodName=addAttribute, paramType=org.apache.tomcat.util.modeler.AttributeInfo]
2023-01-04 17:44:53.186 DEBUG 3888 --- [kground-preinit] o.apache.tomcat.util.digester.Digester   : [SetNextRule]{mbeans-descriptors/mbean/attribute} Call org.apache.tomcat.util.modeler.ManagedBean.addAttribute(org.apache.tomcat.util.modeler.AttributeInfo@5a023a50)
2023-01-04 17:44:53.186 DEBUG 3888 --- [kground-preinit] o.apache.tomcat.util.IntrospectionUtils  : IntrospectionUtils: callMethod1 org.apache.tomcat.util.modeler.ManagedBean org.apache.tomcat.util.modeler.AttributeInfo org.apache.tomcat.util.modeler.AttributeInfo
2023-01-04 17:44:53.186 DEBUG 3888 --- [kground-preinit] o.apache.tomcat.util.digester.Digester   :   Fire end() for SetPropertiesRule[]
2023-01-04 17:44:53.186 DEBUG 3888 --- [kground-preinit] o.apache.tomcat.util.digester.Digester   :   Fire end() for ObjectCreateRule[className=org.apache.tomcat.util.modeler.AttributeInfo, attributeName=null]
2023-01-04 17:44:53.186 DEBUG 3888 --- [kground-preinit] o.apache.tomcat.util.digester.Digester   : [ObjectCreateRule]{mbeans-descriptors/mbean/attribute} Pop org.apache.tomcat.util.modeler.AttributeInfo
2023-01-04 17:44:53.186 DEBUG 3888 --- [kground-preinit] o.a.tomcat.util.digester.Digester.sax    : characters(

    )
2023-01-04 17:44:53.188 DEBUG 3888 --- [kground-preinit] o.a.tomcat.util.digester.Digester.sax    : startElement(,,attribute)
2023-01-04 17:44:53.188 DEBUG 3888 --- [kground-preinit] o.apache.tomcat.util.digester.Digester   :   New match='mbeans-descriptors/mbean/attribute'
]]></system-out>
  </testcase>
</testsuite>